/home/venkat/Unreliable_Synaptic_Transmission/Deepti/DOPcodes/SHD/dataset/shddataset/
The file is present.
tensor([[-0.3736, -0.2455, -0.2761,  ..., -0.2507, -0.0999, -0.2041],
        [-0.6135, -0.0575, -0.3016,  ..., -0.1898, -0.2959,  0.0298],
        [-0.7343, -0.1748, -0.3905,  ..., -0.0220,  0.0534, -0.4840],
        ...,
        [-0.3045, -0.2113, -0.0228,  ..., -0.1193, -0.2526, -0.1382],
        [-0.3156, -0.2966, -0.2647,  ..., -0.4898, -0.2091, -0.0882],
        [-0.3192,  0.1217,  0.0259,  ..., -0.1116, -0.2686, -0.0308]],
       device='cuda:0', requires_grad=True)
tensor([[-1.1935e-01,  2.5824e-01, -7.6443e-01,  ..., -1.9459e-02,
          2.0575e-01, -5.5422e-02],
        [-7.1728e-02,  4.7595e-05, -2.3849e-01,  ..., -5.4433e-02,
          3.4058e-01, -3.6486e-01],
        [-8.6782e-02, -1.3744e-01, -7.9667e-02,  ..., -4.2371e-03,
          4.4955e-01, -6.6662e-01],
        ...,
        [-1.3727e-01, -3.3590e-01,  2.7114e-01,  ..., -8.7053e-02,
         -6.4802e-01, -2.9401e-01],
        [-8.0332e-02, -2.9058e-02, -1.8089e-01,  ..., -8.7856e-03,
         -6.6557e-01,  5.0227e-04],
        [-1.7039e-02, -1.8887e-01, -2.9383e-01,  ..., -4.0446e-02,
         -7.6995e-01, -5.7581e-01]], device='cuda:0', requires_grad=True)
tensor([[-0.4598, -0.3321, -0.5993,  ..., -0.2426, -0.3340, -0.0669],
        [-0.5171, -0.2974, -0.4404,  ..., -0.3059, -0.3842, -0.1044],
        [-0.5260, -0.3956, -0.3425,  ..., -0.1133, -0.4943, -0.4111],
        ...,
        [-0.4188,  0.0022, -0.2674,  ..., -0.0952, -0.2755,  0.0119],
        [-0.2402, -0.5427, -0.2895,  ..., -0.4518, -0.3092, -0.4333],
        [-0.6714, -0.2286, -0.3511,  ..., -0.3248, -0.4162,  0.3887]],
       device='cuda:0', requires_grad=True)
Epoch 1: loss=0.91174
Epoch 2: loss=0.90587
Epoch 3: loss=0.91171
Epoch 4: loss=0.91180
Epoch 5: loss=0.91188
Epoch 6: loss=0.91387
Epoch 7: loss=0.91062
Epoch 8: loss=0.90974
Epoch 9: loss=0.91195
Epoch 10: loss=0.91930
Trained for 10 epochs
Training accuracy: 0.736
Epoch 1: loss=0.91292
Epoch 2: loss=0.91192
Epoch 3: loss=0.92172
Epoch 4: loss=0.92229
Epoch 5: loss=0.92083
Epoch 6: loss=0.91194
Epoch 7: loss=0.90727
Epoch 8: loss=0.92293
Epoch 9: loss=0.93055
Epoch 10: loss=0.91206
Epoch 11: loss=0.90525
Epoch 12: loss=0.92132
Epoch 13: loss=0.91916
Epoch 14: loss=0.92096
Epoch 15: loss=0.92096
Epoch 16: loss=0.91764
Epoch 17: loss=0.90960
Epoch 18: loss=0.91854
Epoch 19: loss=0.91524
Epoch 20: loss=0.91893
Epoch 21: loss=0.91693
Epoch 22: loss=0.92078
Epoch 23: loss=0.91044
Epoch 24: loss=0.91885
Epoch 25: loss=0.91866
Epoch 26: loss=0.91916
Epoch 27: loss=0.91895
Epoch 28: loss=0.92652
Epoch 29: loss=0.91063
Epoch 30: loss=0.91583
Epoch 31: loss=0.91442
Epoch 32: loss=0.90591
Epoch 33: loss=0.91372
Epoch 34: loss=0.91483
Epoch 35: loss=0.91330
Epoch 36: loss=0.91196
Epoch 37: loss=0.91488
Epoch 38: loss=0.91465
Epoch 39: loss=0.90237
Epoch 40: loss=0.91411
Epoch 41: loss=0.91552
Epoch 42: loss=0.90931
Epoch 43: loss=0.91138
Epoch 44: loss=0.90433
Epoch 45: loss=0.90948
Epoch 46: loss=0.91554
Epoch 47: loss=0.91360
Epoch 48: loss=0.90965
Epoch 49: loss=0.90828
Epoch 50: loss=0.91370
Epoch 51: loss=0.91128
Epoch 52: loss=0.90975
Epoch 53: loss=0.91630
Epoch 54: loss=0.92013
Epoch 55: loss=0.91354
Epoch 56: loss=0.91386
Epoch 57: loss=0.91706
Epoch 58: loss=0.91103
Epoch 59: loss=0.91268
Epoch 60: loss=0.91150
Epoch 61: loss=0.91575
Epoch 62: loss=0.91188
Epoch 63: loss=0.90820
Epoch 64: loss=0.91961
Epoch 65: loss=0.91707
Epoch 66: loss=0.90707
Epoch 67: loss=0.92283
Epoch 68: loss=0.91603
Epoch 69: loss=0.91534
Epoch 70: loss=0.91556
Epoch 71: loss=0.91586
Epoch 72: loss=0.91225
Epoch 73: loss=0.91376
Epoch 74: loss=0.90796
Epoch 75: loss=0.90774
Epoch 76: loss=0.90174
Epoch 77: loss=0.91651
Epoch 78: loss=0.90694
Epoch 79: loss=0.90829
Epoch 80: loss=0.91274
Epoch 81: loss=0.91154
Epoch 82: loss=0.90661
Epoch 83: loss=0.92135
Epoch 84: loss=0.91331
Epoch 85: loss=0.91436
Epoch 86: loss=0.90715
Epoch 87: loss=0.90585
Epoch 88: loss=0.91108
Epoch 89: loss=0.91215
Epoch 90: loss=0.90851
Epoch 91: loss=0.90581
Epoch 92: loss=0.90590
Epoch 93: loss=0.91149
Epoch 94: loss=0.89899
Epoch 95: loss=0.90825
Epoch 96: loss=0.91998
Epoch 97: loss=0.91337
Epoch 98: loss=0.90767
Epoch 99: loss=0.90306
Epoch 100: loss=0.91599
Epoch 101: loss=0.91905
Epoch 102: loss=0.91680
Epoch 103: loss=0.90861
Epoch 104: loss=0.90867
Epoch 105: loss=0.90469
Epoch 106: loss=0.90567
Epoch 107: loss=0.90926
Epoch 108: loss=0.90995
Epoch 109: loss=0.90797
Epoch 110: loss=0.92047
Epoch 111: loss=0.91109
Epoch 112: loss=0.91350
Epoch 113: loss=0.91531
Epoch 114: loss=0.91397
Epoch 115: loss=0.91642
Epoch 116: loss=0.91375
Epoch 117: loss=0.91433
Epoch 118: loss=0.91714
Epoch 119: loss=0.90456
Epoch 120: loss=0.91906
Epoch 121: loss=0.91607
Epoch 122: loss=0.90935
Epoch 123: loss=0.90525
Epoch 124: loss=0.91090
Epoch 125: loss=0.90455
Epoch 126: loss=0.91074
Epoch 127: loss=0.90661
Epoch 128: loss=0.90893
Epoch 129: loss=0.91307
Epoch 130: loss=0.91637
Epoch 131: loss=0.91284
Epoch 132: loss=0.91789
Epoch 133: loss=0.91039
Epoch 134: loss=0.91595
Epoch 135: loss=0.91764
Epoch 136: loss=0.91459
Epoch 137: loss=0.91331
Epoch 138: loss=0.91818
Epoch 139: loss=0.91240
Epoch 140: loss=0.90828
Epoch 141: loss=0.90195
Epoch 142: loss=0.91673
Epoch 143: loss=0.91272
Epoch 144: loss=0.91788
Epoch 145: loss=0.90952
Epoch 146: loss=0.91171
Epoch 147: loss=0.91158
Epoch 148: loss=0.90019
Epoch 149: loss=0.91099
Epoch 150: loss=0.90813
Epoch 151: loss=0.90588
Epoch 152: loss=0.91165
Epoch 153: loss=0.91332
Epoch 154: loss=0.90210
Epoch 155: loss=0.90642
Epoch 156: loss=0.90673
Epoch 157: loss=0.90705
Epoch 158: loss=0.90921
Epoch 159: loss=0.90462
Epoch 160: loss=0.90523
Epoch 161: loss=0.91290
Epoch 162: loss=0.90647
Epoch 163: loss=0.91043
Epoch 164: loss=0.90772
Epoch 165: loss=0.90841
Epoch 166: loss=0.90389
Epoch 167: loss=0.90536
Epoch 168: loss=0.90661
Epoch 169: loss=0.90030
Epoch 170: loss=0.89798
Epoch 171: loss=0.90755
Epoch 172: loss=0.90639
Epoch 173: loss=0.89970
Epoch 174: loss=0.90666
Epoch 175: loss=0.89966
Epoch 176: loss=0.89962
Epoch 177: loss=0.90282
Epoch 178: loss=0.90177
Epoch 179: loss=0.89997
Epoch 180: loss=0.89430
Epoch 181: loss=0.90689
Epoch 182: loss=0.89995
Epoch 183: loss=0.90815
Epoch 184: loss=0.89741
Epoch 185: loss=0.90705
Epoch 186: loss=0.89715
Epoch 187: loss=0.90677
Epoch 188: loss=0.90006
Epoch 189: loss=0.91084
Epoch 190: loss=0.90502
Epoch 191: loss=0.90871
Epoch 192: loss=0.90353
Epoch 193: loss=0.90337
Epoch 194: loss=0.90852
Epoch 195: loss=0.90873
Epoch 196: loss=0.90113
Epoch 197: loss=0.90313
Epoch 198: loss=0.90624
Epoch 199: loss=0.90073
Epoch 200: loss=0.90022
Epoch 201: loss=0.91298
Epoch 202: loss=0.90701
Epoch 203: loss=0.90644
Epoch 204: loss=0.90476
Epoch 205: loss=0.91474
Epoch 206: loss=0.91181
Epoch 207: loss=0.90291
Epoch 208: loss=0.89927
Epoch 209: loss=0.89943
Epoch 210: loss=0.90563
Epoch 211: loss=0.89356
Epoch 212: loss=0.89283
Epoch 213: loss=0.90397
Epoch 214: loss=0.90007
Epoch 215: loss=0.90154
Epoch 216: loss=0.89998
Epoch 217: loss=0.90100
Epoch 218: loss=0.90618
Epoch 219: loss=0.90792
Epoch 220: loss=0.90303
Epoch 221: loss=0.91264
Epoch 222: loss=0.90298
Epoch 223: loss=0.89705
Epoch 224: loss=0.90239
Epoch 225: loss=0.90230
Epoch 226: loss=0.91099
Epoch 227: loss=0.90542
Epoch 228: loss=0.90873
Epoch 229: loss=0.90757
Epoch 230: loss=0.90907
Epoch 231: loss=0.90379
Epoch 232: loss=0.91110
Epoch 233: loss=0.90723
Epoch 234: loss=0.91174
Epoch 235: loss=0.91273
Epoch 236: loss=0.91030
Epoch 237: loss=0.90877
Epoch 238: loss=0.89959
Epoch 239: loss=0.90569
Epoch 240: loss=0.90362
Epoch 241: loss=0.90752
Epoch 242: loss=0.90191
Epoch 243: loss=0.90420
Epoch 244: loss=0.90840
Epoch 245: loss=0.90407
Epoch 246: loss=0.90166
Epoch 247: loss=0.90311
Epoch 248: loss=0.90347
Epoch 249: loss=0.90650
Epoch 250: loss=0.90710
Epoch 251: loss=0.90144
Epoch 252: loss=0.90729
Epoch 253: loss=0.90076
Epoch 254: loss=0.89693
Epoch 255: loss=0.89784
Epoch 256: loss=0.89645
Epoch 257: loss=0.90909
Epoch 258: loss=0.89869
Epoch 259: loss=0.90112
Epoch 260: loss=0.90856
Epoch 261: loss=0.89840
Epoch 262: loss=0.89957
Epoch 263: loss=0.90339
Epoch 264: loss=0.89933
Epoch 265: loss=0.90394
Epoch 266: loss=0.89998
Epoch 267: loss=0.90146
Epoch 268: loss=0.89208
Epoch 269: loss=0.90374
Epoch 270: loss=0.90084
Epoch 271: loss=0.89732
Epoch 272: loss=0.90314
Epoch 273: loss=0.89999
Epoch 274: loss=0.89716
Epoch 275: loss=0.90008
Epoch 276: loss=0.89115
Epoch 277: loss=0.89934
Epoch 278: loss=0.89555
Epoch 279: loss=0.90386
Epoch 280: loss=0.90411
Epoch 281: loss=0.89565
Epoch 282: loss=0.90693
Epoch 283: loss=0.91421
Epoch 284: loss=0.90239
Epoch 285: loss=0.90098
Epoch 286: loss=0.90561
Epoch 287: loss=0.89353
Epoch 288: loss=0.89628
Epoch 289: loss=0.89832
Epoch 290: loss=0.90236
Epoch 291: loss=0.90361
Epoch 292: loss=0.90370
Epoch 293: loss=0.90135
Epoch 294: loss=0.91051
Epoch 295: loss=0.89830
Epoch 296: loss=0.89099
Epoch 297: loss=0.89948
Epoch 298: loss=0.89912
Epoch 299: loss=0.89748
Epoch 300: loss=0.89784
Epoch 301: loss=0.89431
Epoch 302: loss=0.89655
Epoch 303: loss=0.89887
Epoch 304: loss=0.89867
Epoch 305: loss=0.89806
Epoch 306: loss=0.90905
Epoch 307: loss=0.90975
Epoch 308: loss=0.89332
Epoch 309: loss=0.90531
Epoch 310: loss=0.89583
Epoch 311: loss=0.89991
Epoch 312: loss=0.89102
Epoch 313: loss=0.89882
Epoch 314: loss=0.90368
Epoch 315: loss=0.89876
Epoch 316: loss=0.90136
Epoch 317: loss=0.89522
Epoch 318: loss=0.89559
Epoch 319: loss=0.90912
Epoch 320: loss=0.89532
Epoch 321: loss=0.89819
Epoch 322: loss=0.90208
Epoch 323: loss=0.89495
Epoch 324: loss=0.89844
Epoch 325: loss=0.89303
Epoch 326: loss=0.89997
Epoch 327: loss=0.90610
Epoch 328: loss=0.90118
Epoch 329: loss=0.90236
Epoch 330: loss=0.89750
Epoch 331: loss=0.90074
Epoch 332: loss=0.89694
Epoch 333: loss=0.89774
Epoch 334: loss=0.90763
Epoch 335: loss=0.90325
Epoch 336: loss=0.90328
Epoch 337: loss=0.89990
Epoch 338: loss=0.89707
Epoch 339: loss=0.89744
Epoch 340: loss=0.89368
Epoch 341: loss=0.90365
Epoch 342: loss=0.90185
Epoch 343: loss=0.90572
Epoch 344: loss=0.89666
Epoch 345: loss=0.90218
Epoch 346: loss=0.89830
Epoch 347: loss=0.89517
Epoch 348: loss=0.89945
Epoch 349: loss=0.90161
Epoch 350: loss=0.89837
Epoch 351: loss=0.89511
Epoch 352: loss=0.91026
Epoch 353: loss=0.89663
Epoch 354: loss=0.90161
Epoch 355: loss=0.89836
Epoch 356: loss=0.90453
Epoch 357: loss=0.89767
Epoch 358: loss=0.89332
Epoch 359: loss=0.89690
Epoch 360: loss=0.89626
Epoch 361: loss=0.89175
Epoch 362: loss=0.89275
Epoch 363: loss=0.89391
Epoch 364: loss=0.89333
Epoch 365: loss=0.89235
Epoch 366: loss=0.89836
Epoch 367: loss=0.89418
Epoch 368: loss=0.90341
Epoch 369: loss=0.89503
Epoch 370: loss=0.90528
Epoch 371: loss=0.90422
Epoch 372: loss=0.89553
Epoch 373: loss=0.89612
Epoch 374: loss=0.89015
Epoch 375: loss=0.89528
Epoch 376: loss=0.89558
Epoch 377: loss=0.89688
Epoch 378: loss=0.89379
Epoch 379: loss=0.89902
Epoch 380: loss=0.89414
Epoch 381: loss=0.89418
Epoch 382: loss=0.88988
Epoch 383: loss=0.89575
Epoch 384: loss=0.89915
Epoch 385: loss=0.90738
Epoch 386: loss=0.89600
Epoch 387: loss=0.90124
Epoch 388: loss=0.90212
Epoch 389: loss=0.89577
Epoch 390: loss=0.88773
Epoch 391: loss=0.90162
Epoch 392: loss=0.89269
Epoch 393: loss=0.89758
Epoch 394: loss=0.88626
Epoch 395: loss=0.88536
Epoch 396: loss=0.89585
Epoch 397: loss=0.90731
Epoch 398: loss=0.89708
Epoch 399: loss=0.89620
Epoch 400: loss=0.89707
Epoch 401: loss=0.89671
Epoch 402: loss=0.88179
Epoch 403: loss=0.89909
Epoch 404: loss=0.88642
Epoch 405: loss=0.89590
Epoch 406: loss=0.88864
Epoch 407: loss=0.88826
Epoch 408: loss=0.89084
Epoch 409: loss=0.88075
Epoch 410: loss=0.89273
Epoch 411: loss=0.89214
Epoch 412: loss=0.89487
Epoch 413: loss=0.89899
Epoch 414: loss=0.89111
Epoch 415: loss=0.89088
Epoch 416: loss=0.89227
Epoch 417: loss=0.89611
Epoch 418: loss=0.88627
Epoch 419: loss=0.89464
Epoch 420: loss=0.88971
Epoch 421: loss=0.89844
Epoch 422: loss=0.90041
Epoch 423: loss=0.89038
Epoch 424: loss=0.88867
Epoch 425: loss=0.89687
Epoch 426: loss=0.90162
Epoch 427: loss=0.89544
Epoch 428: loss=0.89365
Epoch 429: loss=0.88837
Epoch 430: loss=0.89332
Epoch 431: loss=0.88867
Epoch 432: loss=0.89472
Epoch 433: loss=0.88768
Epoch 434: loss=0.89576
Epoch 435: loss=0.89374
Epoch 436: loss=0.88700
Epoch 437: loss=0.89815
Epoch 438: loss=0.89710
Epoch 439: loss=0.89431
Epoch 440: loss=0.89221
Epoch 441: loss=0.89528
Epoch 442: loss=0.89261
Epoch 443: loss=0.89552
Epoch 444: loss=0.88136
Epoch 445: loss=0.88868
Epoch 446: loss=0.88366
Epoch 447: loss=0.88915
Epoch 448: loss=0.89808
Epoch 449: loss=0.89424
Epoch 450: loss=0.88382
Epoch 451: loss=0.88599
Epoch 452: loss=0.88708
Epoch 453: loss=0.89308
Epoch 454: loss=0.88920
Epoch 455: loss=0.88308
Epoch 456: loss=0.88008
Epoch 457: loss=0.88142
Epoch 458: loss=0.88573
Epoch 459: loss=0.88553
Epoch 460: loss=0.88354
Epoch 461: loss=0.88344
Epoch 462: loss=0.89037
Epoch 463: loss=0.87944
Epoch 464: loss=0.88853
Epoch 465: loss=0.88400
Epoch 466: loss=0.88845
Epoch 467: loss=0.88978
Epoch 468: loss=0.88787
Epoch 469: loss=0.87905
Epoch 470: loss=0.88325
Epoch 471: loss=0.88351
Epoch 472: loss=0.88354
Epoch 473: loss=0.88557
Epoch 474: loss=0.88709
Epoch 475: loss=0.88611
Epoch 476: loss=0.88887
Epoch 477: loss=0.88391
Epoch 478: loss=0.88876
Epoch 479: loss=0.87984
Epoch 480: loss=0.89341
Epoch 481: loss=0.88608
Epoch 482: loss=0.87840
Epoch 483: loss=0.88385
Epoch 484: loss=0.88126
Epoch 485: loss=0.88433
Epoch 486: loss=0.88149
Epoch 487: loss=0.88071
Epoch 488: loss=0.88016
Epoch 489: loss=0.88460
Epoch 490: loss=0.87397
Epoch 491: loss=0.87926
Epoch 492: loss=0.88110
Epoch 493: loss=0.88291
Epoch 494: loss=0.88469
Epoch 495: loss=0.88074
Epoch 496: loss=0.87673
Epoch 497: loss=0.88466
Epoch 498: loss=0.88015
Epoch 499: loss=0.88375
Epoch 500: loss=0.88873
Epoch 501: loss=0.88575
Epoch 502: loss=0.88354
Epoch 503: loss=0.88046
Epoch 504: loss=0.88192
Epoch 505: loss=0.88573
Epoch 506: loss=0.88405
Epoch 507: loss=0.88162
Epoch 508: loss=0.87828
Epoch 509: loss=0.88242
Epoch 510: loss=0.87614
Epoch 511: loss=0.88752
Epoch 512: loss=0.87717
Epoch 513: loss=0.88782
Epoch 514: loss=0.88336
Epoch 515: loss=0.87631
Epoch 516: loss=0.89482
Epoch 517: loss=0.88391
Epoch 518: loss=0.88663
Epoch 519: loss=0.88644
Epoch 520: loss=0.88103
Epoch 521: loss=0.88726
Epoch 522: loss=0.87669
Epoch 523: loss=0.88406
Epoch 524: loss=0.89013
Epoch 525: loss=0.88252
Epoch 526: loss=0.88670
Epoch 527: loss=0.88231
Epoch 528: loss=0.88517
Epoch 529: loss=0.89054
Epoch 530: loss=0.88413
Epoch 531: loss=0.87799
Epoch 532: loss=0.87233
Epoch 533: loss=0.87034
Epoch 534: loss=0.88343
Epoch 535: loss=0.88724
Epoch 536: loss=0.88145
Epoch 537: loss=0.87630
Epoch 538: loss=0.88545
Epoch 539: loss=0.88551
Epoch 540: loss=0.88459
Epoch 541: loss=0.88257
Epoch 542: loss=0.88360
Epoch 543: loss=0.87590
Epoch 544: loss=0.88508
Epoch 545: loss=0.88151
Epoch 546: loss=0.87292
Epoch 547: loss=0.88190
Epoch 548: loss=0.88813
Epoch 549: loss=0.88062
Epoch 550: loss=0.88250
Epoch 551: loss=0.88947
Epoch 552: loss=0.87988
Epoch 553: loss=0.88379
Epoch 554: loss=0.88475
Epoch 555: loss=0.88502
Epoch 556: loss=0.87770
Epoch 557: loss=0.87039
Epoch 558: loss=0.87491
Epoch 559: loss=0.87742
Epoch 560: loss=0.88521
Epoch 561: loss=0.88429
Epoch 562: loss=0.88514
Epoch 563: loss=0.88475
Epoch 564: loss=0.88596
Epoch 565: loss=0.88259
Epoch 566: loss=0.88141
Epoch 567: loss=0.87957
Epoch 568: loss=0.87855
Epoch 569: loss=0.88404
Epoch 570: loss=0.87936
Epoch 571: loss=0.87726
Epoch 572: loss=0.87446
Epoch 573: loss=0.88151
Epoch 574: loss=0.87409
Epoch 575: loss=0.87738
Epoch 576: loss=0.88760
Epoch 577: loss=0.87475
Epoch 578: loss=0.87747
Epoch 579: loss=0.87218
Epoch 580: loss=0.87734
Epoch 581: loss=0.87627
Epoch 582: loss=0.88434
Epoch 583: loss=0.87358
Epoch 584: loss=0.87897
Epoch 585: loss=0.87600
Epoch 586: loss=0.88155
Epoch 587: loss=0.87554
Epoch 588: loss=0.88534
Epoch 589: loss=0.87337
Epoch 590: loss=0.88366
Epoch 591: loss=0.87799
Epoch 592: loss=0.87864
Epoch 593: loss=0.88545
Epoch 594: loss=0.87962
Epoch 595: loss=0.87096
Epoch 596: loss=0.88400
Epoch 597: loss=0.87335
Epoch 598: loss=0.87745
Epoch 599: loss=0.88078
Epoch 600: loss=0.87616
Epoch 601: loss=0.87199
Epoch 602: loss=0.87455
Epoch 603: loss=0.87540
Epoch 604: loss=0.88252
Epoch 605: loss=0.87276
Epoch 606: loss=0.87266
Epoch 607: loss=0.87609
Epoch 608: loss=0.87689
Epoch 609: loss=0.87574
Epoch 610: loss=0.87811
Epoch 611: loss=0.88996
Epoch 612: loss=0.86794
Epoch 613: loss=0.88379
Epoch 614: loss=0.87975
Epoch 615: loss=0.88922
Epoch 616: loss=0.87829
Epoch 617: loss=0.87731
Epoch 618: loss=0.87740
Epoch 619: loss=0.87303
Epoch 620: loss=0.87845
Epoch 621: loss=0.87341
Epoch 622: loss=0.87525
Epoch 623: loss=0.87696
Epoch 624: loss=0.87530
Epoch 625: loss=0.87474
Epoch 626: loss=0.88215
Epoch 627: loss=0.87820
Epoch 628: loss=0.87917
Epoch 629: loss=0.87496
Epoch 630: loss=0.87666
Epoch 631: loss=0.86710
Epoch 632: loss=0.87365
Epoch 633: loss=0.87810
Epoch 634: loss=0.87998
Epoch 635: loss=0.87464
Epoch 636: loss=0.88212
Epoch 637: loss=0.86569
Epoch 638: loss=0.87703
Epoch 639: loss=0.87415
Epoch 640: loss=0.86803
Epoch 641: loss=0.87331
Epoch 642: loss=0.87959
Epoch 643: loss=0.88175
Epoch 644: loss=0.88152
Epoch 645: loss=0.87391
Epoch 646: loss=0.86887
Epoch 647: loss=0.86828
Epoch 648: loss=0.87843
Epoch 649: loss=0.87439
Epoch 650: loss=0.86524
Epoch 651: loss=0.87048
Epoch 652: loss=0.86720
Epoch 653: loss=0.87618
Epoch 654: loss=0.87547
Epoch 655: loss=0.86688
Epoch 656: loss=0.87396
Epoch 657: loss=0.87514
Epoch 658: loss=0.87511
Epoch 659: loss=0.87555
Epoch 660: loss=0.87485
Epoch 661: loss=0.87851
Epoch 662: loss=0.87131
Epoch 663: loss=0.86546
Epoch 664: loss=0.87510
Epoch 665: loss=0.87845
Epoch 666: loss=0.87304
Epoch 667: loss=0.87602
Epoch 668: loss=0.88146
Epoch 669: loss=0.87046
Epoch 670: loss=0.87504
Epoch 671: loss=0.87639
Epoch 672: loss=0.87456
Epoch 673: loss=0.87159
Epoch 674: loss=0.88033
Epoch 675: loss=0.86663
Epoch 676: loss=0.87255
Epoch 677: loss=0.88221
Epoch 678: loss=0.87186
Epoch 679: loss=0.87826
Epoch 680: loss=0.87215
Epoch 681: loss=0.87780
Epoch 682: loss=0.87769
Epoch 683: loss=0.86927
Epoch 684: loss=0.87479
Epoch 685: loss=0.87209
Epoch 686: loss=0.87030
Epoch 687: loss=0.87189
Epoch 688: loss=0.86640
Epoch 689: loss=0.86947
Epoch 690: loss=0.87734
Epoch 691: loss=0.86983
Epoch 692: loss=0.87581
Epoch 693: loss=0.87279
Epoch 694: loss=0.87389
Epoch 695: loss=0.87549
Epoch 696: loss=0.86570
Epoch 697: loss=0.86556
Epoch 698: loss=0.86622
Epoch 699: loss=0.87448
Epoch 700: loss=0.87191
Epoch 701: loss=0.86881
Epoch 702: loss=0.87980
Epoch 703: loss=0.86716
Epoch 704: loss=0.86242
Epoch 705: loss=0.87040
Epoch 706: loss=0.87447
Epoch 707: loss=0.87109
Epoch 708: loss=0.86954
Epoch 709: loss=0.86875
Epoch 710: loss=0.87782
Epoch 711: loss=0.87401
Epoch 712: loss=0.86681
Epoch 713: loss=0.86652
Epoch 714: loss=0.86552
Epoch 715: loss=0.87309
Epoch 716: loss=0.87366
Epoch 717: loss=0.87412
Epoch 718: loss=0.87212
Epoch 719: loss=0.87058
Epoch 720: loss=0.86821
Epoch 721: loss=0.87711
Epoch 722: loss=0.87988
Epoch 723: loss=0.86962
Epoch 724: loss=0.87914
Epoch 725: loss=0.86944
Epoch 726: loss=0.86959
Epoch 727: loss=0.87437
Epoch 728: loss=0.86100
Epoch 729: loss=0.87033
Epoch 730: loss=0.87421
Epoch 731: loss=0.86967
Epoch 732: loss=0.86532
Epoch 733: loss=0.87836
Epoch 734: loss=0.86903
Epoch 735: loss=0.87516
Epoch 736: loss=0.86805
Epoch 737: loss=0.87664
Epoch 738: loss=0.88263
Epoch 739: loss=0.86993
Epoch 740: loss=0.87308
Epoch 741: loss=0.87505
Epoch 742: loss=0.87627
Epoch 743: loss=0.87803
Epoch 744: loss=0.87995
Epoch 745: loss=0.87048
Epoch 746: loss=0.87045
Epoch 747: loss=0.87434
Epoch 748: loss=0.88079
Epoch 749: loss=0.87373
Epoch 750: loss=0.87364
Epoch 751: loss=0.87174
Epoch 752: loss=0.87025
Epoch 753: loss=0.87721
Epoch 754: loss=0.87624
Epoch 755: loss=0.87609
Epoch 756: loss=0.87117
Epoch 757: loss=0.87010
Epoch 758: loss=0.87517
Epoch 759: loss=0.86072
Epoch 760: loss=0.87742
Epoch 761: loss=0.87912
Epoch 762: loss=0.86074
Epoch 763: loss=0.86239
Epoch 764: loss=0.86613
Epoch 765: loss=0.87331
Epoch 766: loss=0.86744
Epoch 767: loss=0.87626
Epoch 768: loss=0.87542
Epoch 769: loss=0.87351
Epoch 770: loss=0.87445
Epoch 771: loss=0.87757
Epoch 772: loss=0.86467
Epoch 773: loss=0.86812
Epoch 774: loss=0.87637
Epoch 775: loss=0.86508
Epoch 776: loss=0.87847
Epoch 777: loss=0.87517
Epoch 778: loss=0.87210
Epoch 779: loss=0.87139
Epoch 780: loss=0.87261
Epoch 781: loss=0.87328
Epoch 782: loss=0.86914
Epoch 783: loss=0.86467
Epoch 784: loss=0.86883
Epoch 785: loss=0.87217
Epoch 786: loss=0.87911
Epoch 787: loss=0.87192
Epoch 788: loss=0.87617
Epoch 789: loss=0.86858
Epoch 790: loss=0.86762
Epoch 791: loss=0.87493
Epoch 792: loss=0.86815
Epoch 793: loss=0.87095
Epoch 794: loss=0.86370
Epoch 795: loss=0.86736
Epoch 796: loss=0.86915
Epoch 797: loss=0.86154
Epoch 798: loss=0.87454
Epoch 799: loss=0.86642
Epoch 800: loss=0.86873
Epoch 801: loss=0.86209
Epoch 802: loss=0.86269
Epoch 803: loss=0.86916
Epoch 804: loss=0.86440
Epoch 805: loss=0.87292
Epoch 806: loss=0.86711
Epoch 807: loss=0.86422
Epoch 808: loss=0.85556
Epoch 809: loss=0.86463
Epoch 810: loss=0.86521
Epoch 811: loss=0.86493
Epoch 812: loss=0.86984
Epoch 813: loss=0.86950
Epoch 814: loss=0.87174
Epoch 815: loss=0.87810
Epoch 816: loss=0.86484
Epoch 817: loss=0.87502
Epoch 818: loss=0.87480
Epoch 819: loss=0.87738
Epoch 820: loss=0.86422
Epoch 821: loss=0.87362
Epoch 822: loss=0.86988
Epoch 823: loss=0.86960
Epoch 824: loss=0.86646
Epoch 825: loss=0.86495
Epoch 826: loss=0.87167
Epoch 827: loss=0.86716
Epoch 828: loss=0.87124
Epoch 829: loss=0.87377
Epoch 830: loss=0.87568
Epoch 831: loss=0.86811
Epoch 832: loss=0.87639
Epoch 833: loss=0.87575
Epoch 834: loss=0.87528
Epoch 835: loss=0.86834
Epoch 836: loss=0.87841
Epoch 837: loss=0.87654
Epoch 838: loss=0.86162
Epoch 839: loss=0.87073
Epoch 840: loss=0.87033
Epoch 841: loss=0.87187
Epoch 842: loss=0.86416
Epoch 843: loss=0.86944
Epoch 844: loss=0.86436
Epoch 845: loss=0.85896
Epoch 846: loss=0.86293
Epoch 847: loss=0.86809
Epoch 848: loss=0.86260
Epoch 849: loss=0.86947
Epoch 850: loss=0.87445
Epoch 851: loss=0.86532
Epoch 852: loss=0.87000
Epoch 853: loss=0.86586
Epoch 854: loss=0.85735
Epoch 855: loss=0.86565
Epoch 856: loss=0.86600
Epoch 857: loss=0.87242
Epoch 858: loss=0.86128
Epoch 859: loss=0.86187
Epoch 860: loss=0.86024
Epoch 861: loss=0.86467
Epoch 862: loss=0.86026
Epoch 863: loss=0.86842
Epoch 864: loss=0.85997
Epoch 865: loss=0.86724
Epoch 866: loss=0.86973
Epoch 867: loss=0.86578
Epoch 868: loss=0.85779
Epoch 869: loss=0.85766
Epoch 870: loss=0.86392
Epoch 871: loss=0.86346
Epoch 872: loss=0.86749
Epoch 873: loss=0.86835
Epoch 874: loss=0.87106
Epoch 875: loss=0.85821
Epoch 876: loss=0.86828
Epoch 877: loss=0.87589
Epoch 878: loss=0.86392
Epoch 879: loss=0.86691
Epoch 880: loss=0.87304
Epoch 881: loss=0.86440
Epoch 882: loss=0.86482
Epoch 883: loss=0.87266
Epoch 884: loss=0.85905
Epoch 885: loss=0.86829
Epoch 886: loss=0.86910
Epoch 887: loss=0.86695
Epoch 888: loss=0.86681
Epoch 889: loss=0.86620
Epoch 890: loss=0.87019
Epoch 891: loss=0.86835
Epoch 892: loss=0.86880
Epoch 893: loss=0.87661
Epoch 894: loss=0.86505
Epoch 895: loss=0.86406
Epoch 896: loss=0.86643
Epoch 897: loss=0.86864
Epoch 898: loss=0.86427
Epoch 899: loss=0.87422
Epoch 900: loss=0.87754
Epoch 901: loss=0.87853
Epoch 902: loss=0.86093
Epoch 903: loss=0.86556
Epoch 904: loss=0.86955
Epoch 905: loss=0.86928
Epoch 906: loss=0.85965
Epoch 907: loss=0.86736
Epoch 908: loss=0.86840
Epoch 909: loss=0.86705
Epoch 910: loss=0.86096
Epoch 911: loss=0.86789
Epoch 912: loss=0.87346
Epoch 913: loss=0.86852
Epoch 914: loss=0.86282
Epoch 915: loss=0.86402
Epoch 916: loss=0.87265
Epoch 917: loss=0.86346
Epoch 918: loss=0.86301
Epoch 919: loss=0.87054
Epoch 920: loss=0.86993
Epoch 921: loss=0.86349
Epoch 922: loss=0.86536
Epoch 923: loss=0.86444
Epoch 924: loss=0.86454
Epoch 925: loss=0.85636
Epoch 926: loss=0.85989
Epoch 927: loss=0.86446
Epoch 928: loss=0.85873
Epoch 929: loss=0.87530
Epoch 930: loss=0.86283
Epoch 931: loss=0.87317
Epoch 932: loss=0.86218
Epoch 933: loss=0.86548
Epoch 934: loss=0.87478
Epoch 935: loss=0.87508
Epoch 936: loss=0.86181
Epoch 937: loss=0.86561
Epoch 938: loss=0.86533
Epoch 939: loss=0.86878
Epoch 940: loss=0.86340
Epoch 941: loss=0.86132
Epoch 942: loss=0.85963
Epoch 943: loss=0.86329
Epoch 944: loss=0.86578
Epoch 945: loss=0.86468
Epoch 946: loss=0.85912
Epoch 947: loss=0.86567
Epoch 948: loss=0.86807
Epoch 949: loss=0.86349
Epoch 950: loss=0.86919
Epoch 951: loss=0.87357
Epoch 952: loss=0.87250
Epoch 953: loss=0.86367
Epoch 954: loss=0.86505
Epoch 955: loss=0.86528
Epoch 956: loss=0.86414
Epoch 957: loss=0.87025
Epoch 958: loss=0.86472
Epoch 959: loss=0.88063
Epoch 960: loss=0.86073
Epoch 961: loss=0.86530
Epoch 962: loss=0.85476
Epoch 963: loss=0.86234
Epoch 964: loss=0.86081
Epoch 965: loss=0.85676
Epoch 966: loss=0.85513
Epoch 967: loss=0.86299
Epoch 968: loss=0.86186
Epoch 969: loss=0.86075
Epoch 970: loss=0.86614
Epoch 971: loss=0.86081
Epoch 972: loss=0.86139
Epoch 973: loss=0.86575
Epoch 974: loss=0.86340
Epoch 975: loss=0.86281
Epoch 976: loss=0.86516
Epoch 977: loss=0.85960
Epoch 978: loss=0.87020
Epoch 979: loss=0.86068
Epoch 980: loss=0.85817
Epoch 981: loss=0.86742
Epoch 982: loss=0.86069
Epoch 983: loss=0.86463
Epoch 984: loss=0.86382
Epoch 985: loss=0.85791
Epoch 986: loss=0.86172
Epoch 987: loss=0.86137
Epoch 988: loss=0.85727
Epoch 989: loss=0.86043
Epoch 990: loss=0.85880
Epoch 991: loss=0.86319
Epoch 992: loss=0.86320
Epoch 993: loss=0.85991
Epoch 994: loss=0.85489
Epoch 995: loss=0.86115
Epoch 996: loss=0.86091
Epoch 997: loss=0.85865
Epoch 998: loss=0.85191
Epoch 999: loss=0.85954
Epoch 1000: loss=0.85687
Epoch 1001: loss=0.85554
Epoch 1002: loss=0.86256
Epoch 1003: loss=0.85902
Epoch 1004: loss=0.85713
Epoch 1005: loss=0.85152
Epoch 1006: loss=0.86259
Epoch 1007: loss=0.85841
Epoch 1008: loss=0.85736
Epoch 1009: loss=0.85820
Epoch 1010: loss=0.86048
Epoch 1011: loss=0.85750
Epoch 1012: loss=0.85800
Epoch 1013: loss=0.85559
Epoch 1014: loss=0.85219
Epoch 1015: loss=0.85495
Epoch 1016: loss=0.85753
Epoch 1017: loss=0.85618
Epoch 1018: loss=0.85774
Epoch 1019: loss=0.85988
Epoch 1020: loss=0.85239
Epoch 1021: loss=0.86384
Epoch 1022: loss=0.85167
Epoch 1023: loss=0.85335
Epoch 1024: loss=0.85670
Epoch 1025: loss=0.85743
Epoch 1026: loss=0.85608
Epoch 1027: loss=0.85815
Epoch 1028: loss=0.85651
Epoch 1029: loss=0.85769
Epoch 1030: loss=0.85419
Epoch 1031: loss=0.85756
Epoch 1032: loss=0.85143
Epoch 1033: loss=0.86011
Epoch 1034: loss=0.85497
Epoch 1035: loss=0.85483
Epoch 1036: loss=0.86124
Epoch 1037: loss=0.85392
Epoch 1038: loss=0.85380
Epoch 1039: loss=0.85113
Epoch 1040: loss=0.85513
Epoch 1041: loss=0.85748
Epoch 1042: loss=0.85637
Epoch 1043: loss=0.85494
Epoch 1044: loss=0.84780
Epoch 1045: loss=0.85363
Epoch 1046: loss=0.85888
Epoch 1047: loss=0.85916
Epoch 1048: loss=0.86290
Epoch 1049: loss=0.84839
Epoch 1050: loss=0.84896
Epoch 1051: loss=0.85203
Epoch 1052: loss=0.85198
Epoch 1053: loss=0.85546
Epoch 1054: loss=0.85975
Epoch 1055: loss=0.85994
Epoch 1056: loss=0.84936
Epoch 1057: loss=0.85448
Epoch 1058: loss=0.84642
Epoch 1059: loss=0.85780
Epoch 1060: loss=0.85068
Epoch 1061: loss=0.85133
Epoch 1062: loss=0.86170
Epoch 1063: loss=0.85639
Epoch 1064: loss=0.85660
Epoch 1065: loss=0.85526
Epoch 1066: loss=0.85562
Epoch 1067: loss=0.84964
Epoch 1068: loss=0.84745
Epoch 1069: loss=0.85843
Epoch 1070: loss=0.85643
Epoch 1071: loss=0.85573
Epoch 1072: loss=0.85263
Epoch 1073: loss=0.86456
Epoch 1074: loss=0.84829
Epoch 1075: loss=0.84972
Epoch 1076: loss=0.85733
Epoch 1077: loss=0.85196
Epoch 1078: loss=0.86016
Epoch 1079: loss=0.85964
Epoch 1080: loss=0.85824
Epoch 1081: loss=0.85909
Epoch 1082: loss=0.85182
Epoch 1083: loss=0.85593
Epoch 1084: loss=0.85563
Epoch 1085: loss=0.86124
Epoch 1086: loss=0.85496
Epoch 1087: loss=0.85718
Epoch 1088: loss=0.86048
Epoch 1089: loss=0.85909
Epoch 1090: loss=0.86102
Epoch 1091: loss=0.86027
Epoch 1092: loss=0.86336
Epoch 1093: loss=0.85625
Epoch 1094: loss=0.85765
Epoch 1095: loss=0.85670
Epoch 1096: loss=0.85557
Epoch 1097: loss=0.86061
Epoch 1098: loss=0.85984
Epoch 1099: loss=0.85119
Epoch 1100: loss=0.85479
Epoch 1101: loss=0.85319
Epoch 1102: loss=0.84581
Epoch 1103: loss=0.85406
Epoch 1104: loss=0.85432
Epoch 1105: loss=0.85120
Epoch 1106: loss=0.85666
Epoch 1107: loss=0.85816
Epoch 1108: loss=0.85332
Epoch 1109: loss=0.85393
Epoch 1110: loss=0.85816
Epoch 1111: loss=0.86232
Epoch 1112: loss=0.85196
Epoch 1113: loss=0.85405
Epoch 1114: loss=0.85526
Epoch 1115: loss=0.85297
Epoch 1116: loss=0.85808
Epoch 1117: loss=0.85153
Epoch 1118: loss=0.85633
Epoch 1119: loss=0.85399
Epoch 1120: loss=0.85810
Epoch 1121: loss=0.85763
Epoch 1122: loss=0.84982
Epoch 1123: loss=0.85613
Epoch 1124: loss=0.84910
Epoch 1125: loss=0.85299
Epoch 1126: loss=0.85862
Epoch 1127: loss=0.85281
Epoch 1128: loss=0.85573
Epoch 1129: loss=0.86022
Epoch 1130: loss=0.86009
Epoch 1131: loss=0.85677
Epoch 1132: loss=0.85561
Epoch 1133: loss=0.84594
Epoch 1134: loss=0.85876
Epoch 1135: loss=0.85449
Epoch 1136: loss=0.85408
Epoch 1137: loss=0.85849
Epoch 1138: loss=0.86810
Epoch 1139: loss=0.84806
Epoch 1140: loss=0.85140
Epoch 1141: loss=0.85542
Epoch 1142: loss=0.85590
Epoch 1143: loss=0.85009
Epoch 1144: loss=0.86284
Epoch 1145: loss=0.85274
Epoch 1146: loss=0.85596
Epoch 1147: loss=0.85729
Epoch 1148: loss=0.86353
Epoch 1149: loss=0.86636
Epoch 1150: loss=0.85723
Epoch 1151: loss=0.86162
Epoch 1152: loss=0.85378
Epoch 1153: loss=0.84619
Epoch 1154: loss=0.85574
Epoch 1155: loss=0.85099
Epoch 1156: loss=0.85777
Epoch 1157: loss=0.84944
Epoch 1158: loss=0.85397
Epoch 1159: loss=0.86164
Epoch 1160: loss=0.85639
Epoch 1161: loss=0.84509
Epoch 1162: loss=0.85262
Epoch 1163: loss=0.85731
Epoch 1164: loss=0.85146
Epoch 1165: loss=0.85670
Epoch 1166: loss=0.85737
Epoch 1167: loss=0.86051
Epoch 1168: loss=0.85829
Epoch 1169: loss=0.85882
Epoch 1170: loss=0.86023
Epoch 1171: loss=0.85238
Epoch 1172: loss=0.85626
Epoch 1173: loss=0.85469
Epoch 1174: loss=0.84829
Epoch 1175: loss=0.85679
Epoch 1176: loss=0.84730
Epoch 1177: loss=0.85694
Epoch 1178: loss=0.86392
Epoch 1179: loss=0.84924
Epoch 1180: loss=0.84992
Epoch 1181: loss=0.86014
Epoch 1182: loss=0.84933
Epoch 1183: loss=0.86006
Epoch 1184: loss=0.85543
Epoch 1185: loss=0.85262
Epoch 1186: loss=0.85990
Epoch 1187: loss=0.85441
Epoch 1188: loss=0.84973
Epoch 1189: loss=0.85484
Epoch 1190: loss=0.84756
Epoch 1191: loss=0.85674
Epoch 1192: loss=0.85345
Epoch 1193: loss=0.86453
Epoch 1194: loss=0.85340
Epoch 1195: loss=0.86055
Epoch 1196: loss=0.85403
Epoch 1197: loss=0.86090
Epoch 1198: loss=0.85646
Epoch 1199: loss=0.85704
Epoch 1200: loss=0.85971
Epoch 1201: loss=0.86539
Epoch 1202: loss=0.84959
Epoch 1203: loss=0.84697
Epoch 1204: loss=0.85385
Epoch 1205: loss=0.86482
Epoch 1206: loss=0.85417
Epoch 1207: loss=0.85511
Epoch 1208: loss=0.85034
Epoch 1209: loss=0.85927
Epoch 1210: loss=0.86007
Epoch 1211: loss=0.85074
Epoch 1212: loss=0.85275
Epoch 1213: loss=0.86203
Epoch 1214: loss=0.85396
Epoch 1215: loss=0.85926
Epoch 1216: loss=0.85123
Epoch 1217: loss=0.86646
Epoch 1218: loss=0.86686
Epoch 1219: loss=0.86311
Epoch 1220: loss=0.85919
Epoch 1221: loss=0.85279
Epoch 1222: loss=0.85877
Epoch 1223: loss=0.85960
Epoch 1224: loss=0.86164
Epoch 1225: loss=0.85476
Epoch 1226: loss=0.85952
Epoch 1227: loss=0.86384
Epoch 1228: loss=0.86346
Epoch 1229: loss=0.85718
Epoch 1230: loss=0.85137
Epoch 1231: loss=0.86273
Epoch 1232: loss=0.84845
Epoch 1233: loss=0.85796
Epoch 1234: loss=0.85927
Epoch 1235: loss=0.85688
Epoch 1236: loss=0.85536
Epoch 1237: loss=0.85389
Epoch 1238: loss=0.86059
Epoch 1239: loss=0.85174
Epoch 1240: loss=0.85346
Epoch 1241: loss=0.85515
Epoch 1242: loss=0.86234
Epoch 1243: loss=0.85818
Epoch 1244: loss=0.85240
Epoch 1245: loss=0.85648
Epoch 1246: loss=0.84985
Epoch 1247: loss=0.85596
Epoch 1248: loss=0.85331
Epoch 1249: loss=0.85568
Epoch 1250: loss=0.85374
Epoch 1251: loss=0.85428
Epoch 1252: loss=0.85393
Epoch 1253: loss=0.85772
Epoch 1254: loss=0.85480
Epoch 1255: loss=0.85563
Epoch 1256: loss=0.85628
Epoch 1257: loss=0.85555
Epoch 1258: loss=0.85103
Epoch 1259: loss=0.87008
Epoch 1260: loss=0.86021
Epoch 1261: loss=0.85328
Epoch 1262: loss=0.85857
Epoch 1263: loss=0.84744
Epoch 1264: loss=0.85551
Epoch 1265: loss=0.86175
Epoch 1266: loss=0.85223
Epoch 1267: loss=0.85481
Epoch 1268: loss=0.85584
Epoch 1269: loss=0.85273
Epoch 1270: loss=0.85027
Epoch 1271: loss=0.85867
Epoch 1272: loss=0.85341
Epoch 1273: loss=0.85407
Epoch 1274: loss=0.86443
Epoch 1275: loss=0.86161
Epoch 1276: loss=0.85214
Epoch 1277: loss=0.85169
Epoch 1278: loss=0.85811
Epoch 1279: loss=0.85433
Epoch 1280: loss=0.85427
Epoch 1281: loss=0.84819
Epoch 1282: loss=0.84365
Epoch 1283: loss=0.85835
Epoch 1284: loss=0.84747
Epoch 1285: loss=0.85504
Epoch 1286: loss=0.85155
Epoch 1287: loss=0.85424
Epoch 1288: loss=0.84986
Epoch 1289: loss=0.84973
Epoch 1290: loss=0.84876
Epoch 1291: loss=0.85303
Epoch 1292: loss=0.84966
Epoch 1293: loss=0.85164
Epoch 1294: loss=0.85006
Epoch 1295: loss=0.84737
Epoch 1296: loss=0.84609
Epoch 1297: loss=0.85065
Epoch 1298: loss=0.85373
Epoch 1299: loss=0.85738
Epoch 1300: loss=0.85325
Epoch 1301: loss=0.85068
Epoch 1302: loss=0.84262
Epoch 1303: loss=0.84827
Epoch 1304: loss=0.84572
Epoch 1305: loss=0.85572
Epoch 1306: loss=0.84827
Epoch 1307: loss=0.84434
Epoch 1308: loss=0.84506
Epoch 1309: loss=0.85090
Epoch 1310: loss=0.84427
Epoch 1311: loss=0.85461
Epoch 1312: loss=0.84824
Epoch 1313: loss=0.84951
Epoch 1314: loss=0.84978
Epoch 1315: loss=0.84803
Epoch 1316: loss=0.85154
Epoch 1317: loss=0.85035
Epoch 1318: loss=0.84273
Epoch 1319: loss=0.84074
Epoch 1320: loss=0.84663
Epoch 1321: loss=0.84198
Epoch 1322: loss=0.84980
Epoch 1323: loss=0.84633
Epoch 1324: loss=0.84678
Epoch 1325: loss=0.84597
Epoch 1326: loss=0.85255
Epoch 1327: loss=0.84925
Epoch 1328: loss=0.84776
Epoch 1329: loss=0.85149
Epoch 1330: loss=0.84611
Epoch 1331: loss=0.84218
Epoch 1332: loss=0.84796
Epoch 1333: loss=0.84383
Epoch 1334: loss=0.85227
Epoch 1335: loss=0.84516
Epoch 1336: loss=0.85462
Epoch 1337: loss=0.84566
Epoch 1338: loss=0.84427
Epoch 1339: loss=0.84467
Epoch 1340: loss=0.85158
Epoch 1341: loss=0.84085
Epoch 1342: loss=0.85125
Epoch 1343: loss=0.84430
Epoch 1344: loss=0.84603
Epoch 1345: loss=0.85195
Epoch 1346: loss=0.84985
Epoch 1347: loss=0.84762
Epoch 1348: loss=0.84847
Epoch 1349: loss=0.85050
Epoch 1350: loss=0.85391
Epoch 1351: loss=0.84060
Epoch 1352: loss=0.85187
Epoch 1353: loss=0.85233
Epoch 1354: loss=0.85092
Epoch 1355: loss=0.84349
Epoch 1356: loss=0.85241
Epoch 1357: loss=0.84721
Epoch 1358: loss=0.85009
Epoch 1359: loss=0.84864
Epoch 1360: loss=0.85000
Epoch 1361: loss=0.84684
Epoch 1362: loss=0.84488
Epoch 1363: loss=0.83753
Epoch 1364: loss=0.84697
Epoch 1365: loss=0.84895
Epoch 1366: loss=0.85073
Epoch 1367: loss=0.84486
Epoch 1368: loss=0.85094
Epoch 1369: loss=0.84749
Epoch 1370: loss=0.84800
Epoch 1371: loss=0.84318
Epoch 1372: loss=0.85135
Epoch 1373: loss=0.84561
Epoch 1374: loss=0.84554
Epoch 1375: loss=0.84484
Epoch 1376: loss=0.84675
Epoch 1377: loss=0.84445
Epoch 1378: loss=0.84968
Epoch 1379: loss=0.84408
Epoch 1380: loss=0.84975
Epoch 1381: loss=0.84846
Epoch 1382: loss=0.84295
Epoch 1383: loss=0.84791
Epoch 1384: loss=0.85577
Epoch 1385: loss=0.85438
Epoch 1386: loss=0.85307
Epoch 1387: loss=0.84505
Epoch 1388: loss=0.85378
Epoch 1389: loss=0.84126
Epoch 1390: loss=0.84942
Epoch 1391: loss=0.84144
Epoch 1392: loss=0.84882
Epoch 1393: loss=0.84725
Epoch 1394: loss=0.84704
Epoch 1395: loss=0.84290
Epoch 1396: loss=0.85277
Epoch 1397: loss=0.84745
Epoch 1398: loss=0.84775
Epoch 1399: loss=0.85563
Epoch 1400: loss=0.84706
Epoch 1401: loss=0.85084
Epoch 1402: loss=0.84398
Epoch 1403: loss=0.84675
Epoch 1404: loss=0.86041
Epoch 1405: loss=0.85326
Epoch 1406: loss=0.84836
Epoch 1407: loss=0.85003
Epoch 1408: loss=0.84946
Epoch 1409: loss=0.84823
Epoch 1410: loss=0.85907
Epoch 1411: loss=0.85151
Epoch 1412: loss=0.85182
Epoch 1413: loss=0.85756
Epoch 1414: loss=0.84743
Epoch 1415: loss=0.84816
Epoch 1416: loss=0.85591
Epoch 1417: loss=0.84984
Epoch 1418: loss=0.84421
Epoch 1419: loss=0.84941
Epoch 1420: loss=0.84747
Epoch 1421: loss=0.84223
Epoch 1422: loss=0.84676
Epoch 1423: loss=0.84950
Epoch 1424: loss=0.84518
Epoch 1425: loss=0.84712
Epoch 1426: loss=0.85105
Epoch 1427: loss=0.85343
Epoch 1428: loss=0.84956
Epoch 1429: loss=0.84744
Epoch 1430: loss=0.85026
Epoch 1431: loss=0.85277
Epoch 1432: loss=0.85348
Epoch 1433: loss=0.84450
Epoch 1434: loss=0.84339
Epoch 1435: loss=0.85647
Epoch 1436: loss=0.85869
Epoch 1437: loss=0.84880
Epoch 1438: loss=0.84565
Epoch 1439: loss=0.84347
Epoch 1440: loss=0.84028
Epoch 1441: loss=0.84890
Epoch 1442: loss=0.85339
Epoch 1443: loss=0.84680
Epoch 1444: loss=0.84868
Epoch 1445: loss=0.84719
Epoch 1446: loss=0.84449
Epoch 1447: loss=0.84552
Epoch 1448: loss=0.84393
Epoch 1449: loss=0.84604
Epoch 1450: loss=0.84390
Epoch 1451: loss=0.85312
Epoch 1452: loss=0.86260
Epoch 1453: loss=0.84421
Epoch 1454: loss=0.84815
Epoch 1455: loss=0.85174
Epoch 1456: loss=0.84874
Epoch 1457: loss=0.85249
Epoch 1458: loss=0.85297
Epoch 1459: loss=0.85383
Epoch 1460: loss=0.84456
Epoch 1461: loss=0.85366
Epoch 1462: loss=0.84406
Epoch 1463: loss=0.85235
Epoch 1464: loss=0.85465
Epoch 1465: loss=0.84353
Epoch 1466: loss=0.84428
Epoch 1467: loss=0.84927
Epoch 1468: loss=0.83898
Epoch 1469: loss=0.85180
Epoch 1470: loss=0.86139
Epoch 1471: loss=0.85342
Epoch 1472: loss=0.84647
Epoch 1473: loss=0.85686
Epoch 1474: loss=0.84180
Epoch 1475: loss=0.85230
Epoch 1476: loss=0.85567
Epoch 1477: loss=0.84763
Epoch 1478: loss=0.85466
Epoch 1479: loss=0.84609
Epoch 1480: loss=0.85059
Epoch 1481: loss=0.86156
Epoch 1482: loss=0.85384
Epoch 1483: loss=0.85142
Epoch 1484: loss=0.84920
Epoch 1485: loss=0.84432
Epoch 1486: loss=0.84770
Epoch 1487: loss=0.84772
Epoch 1488: loss=0.85853
Epoch 1489: loss=0.84987
Epoch 1490: loss=0.85650
Epoch 1491: loss=0.84634
Epoch 1492: loss=0.85595
Epoch 1493: loss=0.85566
Epoch 1494: loss=0.85159
Epoch 1495: loss=0.83970
Epoch 1496: loss=0.84720
Epoch 1497: loss=0.85868
Epoch 1498: loss=0.86238
Epoch 1499: loss=0.85611
Epoch 1500: loss=0.85689
Epoch 1501: loss=0.85397
Epoch 1502: loss=0.84820
Epoch 1503: loss=0.85231
Epoch 1504: loss=0.84666
Epoch 1505: loss=0.84137
Epoch 1506: loss=0.85443
Epoch 1507: loss=0.84767
Epoch 1508: loss=0.85464
Epoch 1509: loss=0.85436
Epoch 1510: loss=0.84446
Epoch 1511: loss=0.85469
Epoch 1512: loss=0.85085
Epoch 1513: loss=0.85909
Epoch 1514: loss=0.85095
Epoch 1515: loss=0.84637
Epoch 1516: loss=0.84485
Epoch 1517: loss=0.84603
Epoch 1518: loss=0.84918
Epoch 1519: loss=0.84497
Epoch 1520: loss=0.84510
Epoch 1521: loss=0.84996
Epoch 1522: loss=0.85045
Epoch 1523: loss=0.85800
Epoch 1524: loss=0.84786
Epoch 1525: loss=0.84082
Epoch 1526: loss=0.85377
Epoch 1527: loss=0.84636
Epoch 1528: loss=0.84320
Epoch 1529: loss=0.84165
Epoch 1530: loss=0.84848
Epoch 1531: loss=0.85355
Epoch 1532: loss=0.84772
Epoch 1533: loss=0.84063
Epoch 1534: loss=0.84683
Epoch 1535: loss=0.84645
Epoch 1536: loss=0.84576
Epoch 1537: loss=0.84794
Epoch 1538: loss=0.84202
Epoch 1539: loss=0.83963
Epoch 1540: loss=0.84656
Epoch 1541: loss=0.85170
Epoch 1542: loss=0.84455
Epoch 1543: loss=0.84985
Epoch 1544: loss=0.84850
Epoch 1545: loss=0.85981
Epoch 1546: loss=0.84509
Epoch 1547: loss=0.85497
Epoch 1548: loss=0.84684
Epoch 1549: loss=0.84441
Epoch 1550: loss=0.84730
Epoch 1551: loss=0.84795
Epoch 1552: loss=0.85327
Epoch 1553: loss=0.85084
Epoch 1554: loss=0.85210
Epoch 1555: loss=0.84829
Epoch 1556: loss=0.85494
Epoch 1557: loss=0.84127
Epoch 1558: loss=0.84527
Epoch 1559: loss=0.84713
Epoch 1560: loss=0.84294
Epoch 1561: loss=0.85385
Epoch 1562: loss=0.85412
Epoch 1563: loss=0.83796
Epoch 1564: loss=0.84084
Epoch 1565: loss=0.84473
Epoch 1566: loss=0.85310
Epoch 1567: loss=0.84267
Epoch 1568: loss=0.84210
Epoch 1569: loss=0.84226
Epoch 1570: loss=0.83913
Epoch 1571: loss=0.84755
Epoch 1572: loss=0.84787
Epoch 1573: loss=0.84414
Epoch 1574: loss=0.84693
Epoch 1575: loss=0.85437
Epoch 1576: loss=0.84739
Epoch 1577: loss=0.84212
Epoch 1578: loss=0.84740
Epoch 1579: loss=0.84213
Epoch 1580: loss=0.84580
Epoch 1581: loss=0.84896
Epoch 1582: loss=0.84563
Epoch 1583: loss=0.84467
Epoch 1584: loss=0.85484
Epoch 1585: loss=0.85351
Epoch 1586: loss=0.84794
Epoch 1587: loss=0.85641
Epoch 1588: loss=0.84881
Epoch 1589: loss=0.83977
Epoch 1590: loss=0.84613
Epoch 1591: loss=0.84654
Epoch 1592: loss=0.85172
Epoch 1593: loss=0.84744
Epoch 1594: loss=0.84887
Epoch 1595: loss=0.85335
Epoch 1596: loss=0.85701
Epoch 1597: loss=0.84856
Epoch 1598: loss=0.84682
Epoch 1599: loss=0.85159
Epoch 1600: loss=0.85084
Epoch 1601: loss=0.84982
Epoch 1602: loss=0.85279
Epoch 1603: loss=0.84738
Epoch 1604: loss=0.84304
Epoch 1605: loss=0.85022
Epoch 1606: loss=0.85498
Epoch 1607: loss=0.84368
Epoch 1608: loss=0.85053
Epoch 1609: loss=0.85498
Epoch 1610: loss=0.85299
Epoch 1611: loss=0.84545
Epoch 1612: loss=0.85473
Epoch 1613: loss=0.84835
Epoch 1614: loss=0.84714
Epoch 1615: loss=0.86054
Epoch 1616: loss=0.84855
Epoch 1617: loss=0.85421
Epoch 1618: loss=0.85154
Epoch 1619: loss=0.85629
Epoch 1620: loss=0.84694
Epoch 1621: loss=0.84087
Epoch 1622: loss=0.85316
Epoch 1623: loss=0.85004
Epoch 1624: loss=0.85201
Epoch 1625: loss=0.84903
Epoch 1626: loss=0.84907
Epoch 1627: loss=0.84831
Epoch 1628: loss=0.85776
Epoch 1629: loss=0.84355
Epoch 1630: loss=0.85425
Epoch 1631: loss=0.85211
Epoch 1632: loss=0.84469
Epoch 1633: loss=0.85372
Epoch 1634: loss=0.85160
Epoch 1635: loss=0.84360
Epoch 1636: loss=0.84513
Epoch 1637: loss=0.84677
Epoch 1638: loss=0.84929
Epoch 1639: loss=0.84836
Epoch 1640: loss=0.84859
Epoch 1641: loss=0.85106
Epoch 1642: loss=0.85925
Epoch 1643: loss=0.84592
Epoch 1644: loss=0.84768
Epoch 1645: loss=0.84703
Epoch 1646: loss=0.84029
Epoch 1647: loss=0.84955
Epoch 1648: loss=0.85024
Epoch 1649: loss=0.84579
Epoch 1650: loss=0.84724
Epoch 1651: loss=0.84476
Epoch 1652: loss=0.85603
Epoch 1653: loss=0.84156
Epoch 1654: loss=0.84561
Epoch 1655: loss=0.84652
Epoch 1656: loss=0.84814
Epoch 1657: loss=0.85131
Epoch 1658: loss=0.85225
Epoch 1659: loss=0.85300
Epoch 1660: loss=0.85143
Epoch 1661: loss=0.85562
Epoch 1662: loss=0.83768
Epoch 1663: loss=0.83644
Epoch 1664: loss=0.84765
Epoch 1665: loss=0.84504
Epoch 1666: loss=0.84364
Epoch 1667: loss=0.84709
Epoch 1668: loss=0.84570
Epoch 1669: loss=0.84499
Epoch 1670: loss=0.85039
Epoch 1671: loss=0.85030
Epoch 1672: loss=0.83889
Epoch 1673: loss=0.84088
Epoch 1674: loss=0.84997
Epoch 1675: loss=0.85384
Epoch 1676: loss=0.85662
Epoch 1677: loss=0.85169
Epoch 1678: loss=0.85437
Epoch 1679: loss=0.85233
Epoch 1680: loss=0.84718
Epoch 1681: loss=0.84581
Epoch 1682: loss=0.85117
Epoch 1683: loss=0.86079
Epoch 1684: loss=0.84266
Epoch 1685: loss=0.84721
Epoch 1686: loss=0.84467
Epoch 1687: loss=0.84504
Epoch 1688: loss=0.85291
Epoch 1689: loss=0.84816
Epoch 1690: loss=0.85395
Epoch 1691: loss=0.84424
Epoch 1692: loss=0.85563
Epoch 1693: loss=0.85773
Epoch 1694: loss=0.84738
Epoch 1695: loss=0.83908
Epoch 1696: loss=0.84729
Epoch 1697: loss=0.84983
Epoch 1698: loss=0.85282
Epoch 1699: loss=0.84281
Epoch 1700: loss=0.84915
Epoch 1701: loss=0.84697
Epoch 1702: loss=0.84517
Epoch 1703: loss=0.84729
Epoch 1704: loss=0.84916
Epoch 1705: loss=0.84392
Epoch 1706: loss=0.85046
Epoch 1707: loss=0.85308
Epoch 1708: loss=0.85733
Epoch 1709: loss=0.84379
Epoch 1710: loss=0.85306
Epoch 1711: loss=0.85372
Epoch 1712: loss=0.85380
Epoch 1713: loss=0.85147
Epoch 1714: loss=0.85270
Epoch 1715: loss=0.83621
Epoch 1716: loss=0.84341
Epoch 1717: loss=0.84877
Epoch 1718: loss=0.84606
Epoch 1719: loss=0.84356
Epoch 1720: loss=0.84806
Epoch 1721: loss=0.85025
Epoch 1722: loss=0.84037
Epoch 1723: loss=0.84054
Epoch 1724: loss=0.85399
Epoch 1725: loss=0.83847
Epoch 1726: loss=0.84489
Epoch 1727: loss=0.84005
Epoch 1728: loss=0.84316
Epoch 1729: loss=0.84546
Epoch 1730: loss=0.84445
Epoch 1731: loss=0.83478
Epoch 1732: loss=0.84220
Epoch 1733: loss=0.84768
Epoch 1734: loss=0.84306
Epoch 1735: loss=0.84476
Epoch 1736: loss=0.84553
Epoch 1737: loss=0.84111
Epoch 1738: loss=0.84781
Epoch 1739: loss=0.84359
Epoch 1740: loss=0.84651
Epoch 1741: loss=0.84272
Epoch 1742: loss=0.84415
Epoch 1743: loss=0.84470
Epoch 1744: loss=0.84848
Epoch 1745: loss=0.84613
Epoch 1746: loss=0.84407
Epoch 1747: loss=0.84969
Epoch 1748: loss=0.85115
Epoch 1749: loss=0.83944
Epoch 1750: loss=0.85296
Epoch 1751: loss=0.85078
Epoch 1752: loss=0.84566
Epoch 1753: loss=0.85475
Epoch 1754: loss=0.84811
Epoch 1755: loss=0.85361
Epoch 1756: loss=0.84761
Epoch 1757: loss=0.84708
Epoch 1758: loss=0.84133
Epoch 1759: loss=0.85586
Epoch 1760: loss=0.84479
Epoch 1761: loss=0.83799
Epoch 1762: loss=0.83816
Epoch 1763: loss=0.85000
Epoch 1764: loss=0.84643
Epoch 1765: loss=0.84387
Epoch 1766: loss=0.83884
Epoch 1767: loss=0.84437
Epoch 1768: loss=0.84630
Epoch 1769: loss=0.85077
Epoch 1770: loss=0.85423
Epoch 1771: loss=0.85191
Epoch 1772: loss=0.84672
Epoch 1773: loss=0.84821
Epoch 1774: loss=0.84425
Epoch 1775: loss=0.83751
Epoch 1776: loss=0.84170
Epoch 1777: loss=0.84605
Epoch 1778: loss=0.84180
Epoch 1779: loss=0.85114
Epoch 1780: loss=0.84277
Epoch 1781: loss=0.84493
Epoch 1782: loss=0.85000
Epoch 1783: loss=0.83614
Epoch 1784: loss=0.85787
Epoch 1785: loss=0.84953
Epoch 1786: loss=0.84519
Epoch 1787: loss=0.84634
Epoch 1788: loss=0.84194
Epoch 1789: loss=0.85071
Epoch 1790: loss=0.84515
Epoch 1791: loss=0.84791
Epoch 1792: loss=0.84671
Epoch 1793: loss=0.84972
Epoch 1794: loss=0.84205
Epoch 1795: loss=0.84162
Epoch 1796: loss=0.84167
Epoch 1797: loss=0.84306
Epoch 1798: loss=0.84033
Epoch 1799: loss=0.83774
Epoch 1800: loss=0.83888
Epoch 1801: loss=0.84312
Epoch 1802: loss=0.84727
Epoch 1803: loss=0.83553
Epoch 1804: loss=0.84684
Epoch 1805: loss=0.84274
Epoch 1806: loss=0.85231
Epoch 1807: loss=0.83700
Epoch 1808: loss=0.84792
Epoch 1809: loss=0.84208
Epoch 1810: loss=0.84346
Epoch 1811: loss=0.85154
Epoch 1812: loss=0.85198
Epoch 1813: loss=0.84049
Epoch 1814: loss=0.84562
Epoch 1815: loss=0.83912
Epoch 1816: loss=0.83721
Epoch 1817: loss=0.83553
Epoch 1818: loss=0.84270
Epoch 1819: loss=0.84713
Epoch 1820: loss=0.84657
Epoch 1821: loss=0.84289
Epoch 1822: loss=0.85139
Epoch 1823: loss=0.84330
Epoch 1824: loss=0.83963
Epoch 1825: loss=0.84687
Epoch 1826: loss=0.83899
Epoch 1827: loss=0.85431
Epoch 1828: loss=0.84538
Epoch 1829: loss=0.84818
Epoch 1830: loss=0.84478
Epoch 1831: loss=0.84277
Epoch 1832: loss=0.84204
Epoch 1833: loss=0.84343
Epoch 1834: loss=0.84474
Epoch 1835: loss=0.84573
Epoch 1836: loss=0.84546
Epoch 1837: loss=0.84945
Epoch 1838: loss=0.85036
Epoch 1839: loss=0.84962
Epoch 1840: loss=0.84400
Epoch 1841: loss=0.84322
Epoch 1842: loss=0.84658
Epoch 1843: loss=0.84764
Epoch 1844: loss=0.84759
Epoch 1845: loss=0.84340
Epoch 1846: loss=0.84419
Epoch 1847: loss=0.84379
Epoch 1848: loss=0.84042
Epoch 1849: loss=0.84156
Epoch 1850: loss=0.84352
Epoch 1851: loss=0.85479
Epoch 1852: loss=0.83954
Epoch 1853: loss=0.84115
Epoch 1854: loss=0.85333
Epoch 1855: loss=0.83951
Epoch 1856: loss=0.84656
Epoch 1857: loss=0.84917
Epoch 1858: loss=0.84550
Epoch 1859: loss=0.83524
Epoch 1860: loss=0.83805
Epoch 1861: loss=0.83630
Epoch 1862: loss=0.84068
Epoch 1863: loss=0.83679
Epoch 1864: loss=0.84607
Epoch 1865: loss=0.84409
Epoch 1866: loss=0.84660
Epoch 1867: loss=0.84135
Epoch 1868: loss=0.84289
Epoch 1869: loss=0.84625
Epoch 1870: loss=0.84294
Epoch 1871: loss=0.85187
Epoch 1872: loss=0.84731
Epoch 1873: loss=0.83562
Epoch 1874: loss=0.84188
Epoch 1875: loss=0.83477
Epoch 1876: loss=0.85255
Epoch 1877: loss=0.84407
Epoch 1878: loss=0.84428
Epoch 1879: loss=0.84969
Epoch 1880: loss=0.84132
Epoch 1881: loss=0.85982
Epoch 1882: loss=0.83886
Epoch 1883: loss=0.84299
Epoch 1884: loss=0.84710
Epoch 1885: loss=0.84273
Epoch 1886: loss=0.83892
Epoch 1887: loss=0.84557
Epoch 1888: loss=0.85064
Epoch 1889: loss=0.84614
Epoch 1890: loss=0.85182
Epoch 1891: loss=0.85248
Epoch 1892: loss=0.83409
Epoch 1893: loss=0.84691
Epoch 1894: loss=0.84832
Epoch 1895: loss=0.84327
Epoch 1896: loss=0.84498
Epoch 1897: loss=0.84130
Epoch 1898: loss=0.84539
Epoch 1899: loss=0.84751
Epoch 1900: loss=0.84369
Epoch 1901: loss=0.83670
Epoch 1902: loss=0.84102
Epoch 1903: loss=0.84600
Epoch 1904: loss=0.84450
Epoch 1905: loss=0.84302
Epoch 1906: loss=0.84578
Epoch 1907: loss=0.83826
Epoch 1908: loss=0.84057
Epoch 1909: loss=0.84846
Epoch 1910: loss=0.84465
Epoch 1911: loss=0.84112
Epoch 1912: loss=0.84355
Epoch 1913: loss=0.84882
Epoch 1914: loss=0.83704
Epoch 1915: loss=0.84232
Epoch 1916: loss=0.83875
Epoch 1917: loss=0.84393
Epoch 1918: loss=0.83932
Epoch 1919: loss=0.84512
Epoch 1920: loss=0.84694
Epoch 1921: loss=0.85228
Epoch 1922: loss=0.84544
Epoch 1923: loss=0.84808
Epoch 1924: loss=0.84604
Epoch 1925: loss=0.85122
Epoch 1926: loss=0.85206
Epoch 1927: loss=0.85870
Epoch 1928: loss=0.85788
Epoch 1929: loss=0.84174
Epoch 1930: loss=0.85028
Epoch 1931: loss=0.84986
Epoch 1932: loss=0.85677
Epoch 1933: loss=0.85492
Epoch 1934: loss=0.85140
Epoch 1935: loss=0.84551
Epoch 1936: loss=0.83859
Epoch 1937: loss=0.85364
Epoch 1938: loss=0.84440
Epoch 1939: loss=0.84658
Epoch 1940: loss=0.84676
Epoch 1941: loss=0.84415
Epoch 1942: loss=0.84894
Epoch 1943: loss=0.84616
Epoch 1944: loss=0.84780
Epoch 1945: loss=0.84490
Epoch 1946: loss=0.83714
Epoch 1947: loss=0.84859
Epoch 1948: loss=0.83836
Epoch 1949: loss=0.84408
Epoch 1950: loss=0.84196
Epoch 1951: loss=0.84731
Epoch 1952: loss=0.84812
Epoch 1953: loss=0.84111
Epoch 1954: loss=0.84302
Epoch 1955: loss=0.84167
Epoch 1956: loss=0.84303
Epoch 1957: loss=0.83384
Epoch 1958: loss=0.84854
Epoch 1959: loss=0.84536
Epoch 1960: loss=0.83796
Epoch 1961: loss=0.82901
Epoch 1962: loss=0.83804
Epoch 1963: loss=0.83898
Epoch 1964: loss=0.83813
Epoch 1965: loss=0.83827
Epoch 1966: loss=0.82597
Epoch 1967: loss=0.83654
Epoch 1968: loss=0.83612
Epoch 1969: loss=0.84674
Epoch 1970: loss=0.84485
Epoch 1971: loss=0.84186
Epoch 1972: loss=0.83781
Epoch 1973: loss=0.84420
Epoch 1974: loss=0.84004
Epoch 1975: loss=0.84900
Epoch 1976: loss=0.83313
Epoch 1977: loss=0.83633
Epoch 1978: loss=0.82808
Epoch 1979: loss=0.84218
Epoch 1980: loss=0.83484
Epoch 1981: loss=0.83210
Epoch 1982: loss=0.84227
Epoch 1983: loss=0.83882
Epoch 1984: loss=0.84137
Epoch 1985: loss=0.82914
Epoch 1986: loss=0.83342
Epoch 1987: loss=0.84059
Epoch 1988: loss=0.83772
Epoch 1989: loss=0.83919
Epoch 1990: loss=0.83207
Epoch 1991: loss=0.83531
Epoch 1992: loss=0.83722
Epoch 1993: loss=0.83635
Epoch 1994: loss=0.83085
Epoch 1995: loss=0.83881
Epoch 1996: loss=0.84233
Epoch 1997: loss=0.84022
Epoch 1998: loss=0.82979
Epoch 1999: loss=0.84532
Epoch 2000: loss=0.83801
Training accuracy: 0.763
Test accuracy: 0.364

File list dumped

Saved in file
800 epochs recur round 1
are new values in file?
