/home/venkat/Unreliable_Synaptic_Transmission/Deepti/DOPcodes/SHD/dataset/shddataset/
2 layered 256 unit SNN made weight variables and loss histogram
The file is present.
Epoch 1: loss=0.62838
Epoch 2: loss=0.61083
Epoch 3: loss=0.60853
Epoch 4: loss=0.61959
Epoch 5: loss=0.62846
Epoch 6: loss=0.61715
Epoch 7: loss=0.59321
Epoch 8: loss=0.58453
Epoch 9: loss=0.61361
Epoch 10: loss=0.63163
Trained for 10 epochs
Training accuracy: 0.890
Epoch 1: loss=0.60451
Epoch 2: loss=0.59304
Epoch 3: loss=0.58033
Epoch 4: loss=0.61118
Epoch 5: loss=0.63510
Epoch 6: loss=0.60577
Epoch 7: loss=0.58365
Epoch 8: loss=0.61075
Epoch 9: loss=0.60631
Epoch 10: loss=0.62360
Epoch 11: loss=0.64101
Epoch 12: loss=0.63443
Epoch 13: loss=0.64831
Epoch 14: loss=0.64436
Epoch 15: loss=0.60957
Epoch 16: loss=0.60499
Epoch 17: loss=0.60207
Epoch 18: loss=0.63053
Epoch 19: loss=0.60899
Epoch 20: loss=0.58523
Epoch 21: loss=0.59092
Epoch 22: loss=0.59953
Epoch 23: loss=0.59781
Epoch 24: loss=0.59222
Epoch 25: loss=0.59192
Epoch 26: loss=0.58946
Epoch 27: loss=0.64281
Epoch 28: loss=0.65479
Epoch 29: loss=0.68057
Epoch 30: loss=0.62781
Epoch 31: loss=0.62548
Epoch 32: loss=0.60021
Epoch 33: loss=0.60054
Epoch 34: loss=0.56885
Epoch 35: loss=0.58347
Epoch 36: loss=0.58242
Epoch 37: loss=0.59854
Epoch 38: loss=0.57728
Epoch 39: loss=0.58367
Epoch 40: loss=0.58373
Epoch 41: loss=0.60012
Epoch 42: loss=0.61506
Epoch 43: loss=0.60439
Epoch 44: loss=0.62695
Epoch 45: loss=0.61475
Epoch 46: loss=0.60978
Epoch 47: loss=0.61267
Epoch 48: loss=0.56919
Epoch 49: loss=0.56643
Epoch 50: loss=0.57801
Epoch 51: loss=0.58576
Epoch 52: loss=0.57978
Epoch 53: loss=0.57601
Epoch 54: loss=0.57023
Epoch 55: loss=0.56861
Epoch 56: loss=0.57119
Epoch 57: loss=0.60298
Epoch 58: loss=0.59699
Epoch 59: loss=0.61325
Epoch 60: loss=0.59834
Epoch 61: loss=0.62435
Epoch 62: loss=0.61837
Epoch 63: loss=0.61699
Epoch 64: loss=0.57845
Epoch 65: loss=0.58351
Epoch 66: loss=0.60027
Epoch 67: loss=0.59321
Epoch 68: loss=0.60986
Epoch 69: loss=0.61465
Epoch 70: loss=0.61001
Epoch 71: loss=0.56772
Epoch 72: loss=0.57356
Epoch 73: loss=0.58512
Epoch 74: loss=0.59082
Epoch 75: loss=0.59791
Epoch 76: loss=0.59499
Epoch 77: loss=0.58135
Epoch 78: loss=0.57571
Epoch 79: loss=0.58201
Epoch 80: loss=0.59216
Epoch 81: loss=0.59536
Epoch 82: loss=0.61504
Epoch 83: loss=0.61454
Epoch 84: loss=0.60883
Epoch 85: loss=0.60949
Epoch 86: loss=0.61608
Epoch 87: loss=0.61796
Epoch 88: loss=0.64511
Epoch 89: loss=0.65249
Epoch 90: loss=0.65288
Epoch 91: loss=0.65343
Epoch 92: loss=0.64585
Epoch 93: loss=0.64730
Epoch 94: loss=0.67777
Epoch 95: loss=0.66666
Epoch 96: loss=0.65116
Epoch 97: loss=0.65909
Epoch 98: loss=0.64451
Epoch 99: loss=0.63409
Epoch 100: loss=0.62989
Epoch 101: loss=0.61768
Epoch 102: loss=0.64713
Epoch 103: loss=0.65330
Epoch 104: loss=0.60990
Epoch 105: loss=0.61980
Epoch 106: loss=0.67004
Epoch 107: loss=0.67426
Epoch 108: loss=0.69282
Epoch 109: loss=0.67467
Epoch 110: loss=0.65199
Epoch 111: loss=0.65067
Epoch 112: loss=0.66792
Epoch 113: loss=0.66612
Epoch 114: loss=0.68525
Epoch 115: loss=0.65969
Epoch 116: loss=0.64591
Epoch 117: loss=0.63392
Epoch 118: loss=0.63326
Epoch 119: loss=0.63533
Epoch 120: loss=0.64218
Epoch 121: loss=0.65388
Epoch 122: loss=0.64520
Epoch 123: loss=0.65469
Epoch 124: loss=0.66055
Epoch 125: loss=0.64724
Epoch 126: loss=0.64652
Epoch 127: loss=0.63290
Epoch 128: loss=0.64353
Epoch 129: loss=0.66605
Epoch 130: loss=0.66555
Epoch 131: loss=0.65692
Epoch 132: loss=0.66691
Epoch 133: loss=0.67527
Epoch 134: loss=0.68388
Epoch 135: loss=0.65543
Epoch 136: loss=0.64792
Epoch 137: loss=0.65067
Epoch 138: loss=0.66228
Epoch 139: loss=0.66382
Epoch 140: loss=0.63761
Epoch 141: loss=0.66773
Epoch 142: loss=0.68927
Epoch 143: loss=0.69419
Epoch 144: loss=0.67615
Epoch 145: loss=0.65482
Epoch 146: loss=0.63654
Epoch 147: loss=0.62625
Epoch 148: loss=0.63105
Epoch 149: loss=0.61751
Epoch 150: loss=0.64187
Epoch 151: loss=0.64269
Epoch 152: loss=0.62577
Epoch 153: loss=0.64142
Epoch 154: loss=0.61488
Epoch 155: loss=0.59760
Epoch 156: loss=0.60064
Epoch 157: loss=0.61792
Epoch 158: loss=0.64171
Epoch 159: loss=0.62247
Epoch 160: loss=0.60184
Epoch 161: loss=0.62389
Epoch 162: loss=0.60738
Epoch 163: loss=0.62053
Epoch 164: loss=0.61522
Epoch 165: loss=0.62249
Epoch 166: loss=0.62053
Epoch 167: loss=0.66062
Epoch 168: loss=0.62163
Epoch 169: loss=0.63998
Epoch 170: loss=0.62442
Epoch 171: loss=0.62944
Epoch 172: loss=0.62168
Epoch 173: loss=0.62036
Epoch 174: loss=0.62249
Epoch 175: loss=0.59896
Epoch 176: loss=0.62575
Epoch 177: loss=0.63638
Epoch 178: loss=0.62321
Epoch 179: loss=0.63309
Epoch 180: loss=0.62730
Epoch 181: loss=0.59496
Epoch 182: loss=0.59518
Epoch 183: loss=0.60494
Epoch 184: loss=0.60765
Epoch 185: loss=0.62726
Epoch 186: loss=0.62414
Epoch 187: loss=0.60428
Epoch 188: loss=0.62590
Epoch 189: loss=0.65301
Epoch 190: loss=0.61431
Epoch 191: loss=0.59813
Epoch 192: loss=0.66928
Epoch 193: loss=0.66625
Epoch 194: loss=0.65006
Epoch 195: loss=0.62683
Epoch 196: loss=0.60918
Epoch 197: loss=0.62790
Epoch 198: loss=0.66728
Epoch 199: loss=0.64746
Epoch 200: loss=0.64269
Epoch 201: loss=0.65070
Epoch 202: loss=0.64236
Epoch 203: loss=0.63305
Epoch 204: loss=0.61183
Epoch 205: loss=0.63858
Epoch 206: loss=0.64247
Epoch 207: loss=0.64435
Epoch 208: loss=0.63245
Epoch 209: loss=0.61797
Epoch 210: loss=0.60607
Epoch 211: loss=0.60740
Epoch 212: loss=0.63370
Epoch 213: loss=0.60355
Epoch 214: loss=0.63508
Epoch 215: loss=0.65202
Epoch 216: loss=0.64244
Epoch 217: loss=0.63275
Epoch 218: loss=0.63423
Epoch 219: loss=0.64319
Epoch 220: loss=0.63489
Epoch 221: loss=0.62779
Epoch 222: loss=0.59202
Epoch 223: loss=0.58819
Epoch 224: loss=0.59481
Epoch 225: loss=0.58626
Epoch 226: loss=0.58948
Epoch 227: loss=0.61062
Epoch 228: loss=0.60401
Epoch 229: loss=0.61758
Epoch 230: loss=0.64310
Epoch 231: loss=0.65572
Epoch 232: loss=0.65779
Epoch 233: loss=0.66505
Epoch 234: loss=0.63909
Epoch 235: loss=0.62467
Epoch 236: loss=0.61880
Epoch 237: loss=0.63364
Epoch 238: loss=0.63324
Epoch 239: loss=0.62876
Epoch 240: loss=0.62672
Epoch 241: loss=0.63485
Epoch 242: loss=0.62794
Epoch 243: loss=0.64124
Epoch 244: loss=0.64344
Epoch 245: loss=0.65484
Epoch 246: loss=0.66372
Epoch 247: loss=0.64038
Epoch 248: loss=0.65193
Epoch 249: loss=0.63599
Epoch 250: loss=0.65436
Epoch 251: loss=0.63154
Epoch 252: loss=0.67238
Epoch 253: loss=0.68245
Epoch 254: loss=0.71198
Epoch 255: loss=0.70133
Epoch 256: loss=0.68269
Epoch 257: loss=0.68724
Epoch 258: loss=0.73685
Epoch 259: loss=0.72049
Epoch 260: loss=0.75507
Epoch 261: loss=0.74906
Epoch 262: loss=0.73511
Epoch 263: loss=0.76211
Epoch 264: loss=0.75683
Epoch 265: loss=0.75112
Epoch 266: loss=0.72577
Epoch 267: loss=0.72796
Epoch 268: loss=0.69176
Epoch 269: loss=0.68649
Epoch 270: loss=0.68107
Epoch 271: loss=0.72734
Epoch 272: loss=0.68550
Epoch 273: loss=0.69646
Epoch 274: loss=0.71549
Epoch 275: loss=0.69269
Epoch 276: loss=0.70526
Epoch 277: loss=0.68580
Epoch 278: loss=0.67359
Epoch 279: loss=0.65743
Epoch 280: loss=0.65567
Epoch 281: loss=0.65721
Epoch 282: loss=0.66697
Epoch 283: loss=0.70042
Epoch 284: loss=0.69118
Epoch 285: loss=0.66100
Epoch 286: loss=0.64785
Epoch 287: loss=0.65655
Epoch 288: loss=0.68031
Epoch 289: loss=0.68580
Epoch 290: loss=0.68389
Epoch 291: loss=0.68709
Epoch 292: loss=0.66924
Epoch 293: loss=0.69304
Epoch 294: loss=0.69607
Epoch 295: loss=0.70946
Epoch 296: loss=0.71374
Epoch 297: loss=0.69298
Epoch 298: loss=0.66558
Epoch 299: loss=0.68344
Epoch 300: loss=0.71597
Epoch 301: loss=0.74968
Epoch 302: loss=0.73245
Epoch 303: loss=0.77798
Epoch 304: loss=0.79781
Epoch 305: loss=0.78044
Epoch 306: loss=0.79687
Epoch 307: loss=0.78385
Epoch 308: loss=0.75824
Epoch 309: loss=0.74637
Epoch 310: loss=0.76284
Epoch 311: loss=0.79251
Epoch 312: loss=0.74060
Epoch 313: loss=0.76250
Epoch 314: loss=0.72544
Epoch 315: loss=0.74530
Epoch 316: loss=0.71415
Epoch 317: loss=0.73546
Epoch 318: loss=0.71422
Epoch 319: loss=0.74360
Epoch 320: loss=0.72874
Epoch 321: loss=0.74033
Epoch 322: loss=0.72726
Epoch 323: loss=0.71775
Epoch 324: loss=0.70606
Epoch 325: loss=0.69747
Epoch 326: loss=0.68715
Epoch 327: loss=0.69321
Epoch 328: loss=0.70321
Epoch 329: loss=0.72535
Epoch 330: loss=0.68129
Epoch 331: loss=0.69833
Epoch 332: loss=0.70837
Epoch 333: loss=0.71909
Epoch 334: loss=0.74894
Epoch 335: loss=0.75371
Epoch 336: loss=0.77927
Epoch 337: loss=0.73801
Epoch 338: loss=0.76190
Epoch 339: loss=0.77403
Epoch 340: loss=0.76045
Epoch 341: loss=0.76818
Epoch 342: loss=0.75534
Epoch 343: loss=0.74886
Epoch 344: loss=0.72586
Epoch 345: loss=0.76897
Epoch 346: loss=0.80070
Epoch 347: loss=0.78067
Epoch 348: loss=0.76615
Epoch 349: loss=0.71637
Epoch 350: loss=0.75283
Epoch 351: loss=0.75671
Epoch 352: loss=0.75868
Epoch 353: loss=0.69242
Epoch 354: loss=0.70700
Epoch 355: loss=0.68627
Epoch 356: loss=0.71144
Epoch 357: loss=0.69281
Epoch 358: loss=0.71379
Epoch 359: loss=0.73445
Epoch 360: loss=0.72431
Epoch 361: loss=0.76467
Epoch 362: loss=0.75415
Epoch 363: loss=0.75375
Epoch 364: loss=0.71756
Epoch 365: loss=0.74429
Epoch 366: loss=0.71127
Epoch 367: loss=0.67899
Epoch 368: loss=0.65929
Epoch 369: loss=0.67390
Epoch 370: loss=0.65912
Epoch 371: loss=0.67012
Epoch 372: loss=0.70772
Epoch 373: loss=0.67146
Epoch 374: loss=0.67036
Epoch 375: loss=0.66261
Epoch 376: loss=0.63973
Epoch 377: loss=0.67546
Epoch 378: loss=0.65912
Epoch 379: loss=0.66563
Epoch 380: loss=0.69357
Epoch 381: loss=0.65332
Epoch 382: loss=0.64779
Epoch 383: loss=0.68309
Epoch 384: loss=0.69246
Epoch 385: loss=0.66017
Epoch 386: loss=0.71148
Epoch 387: loss=0.67522
Epoch 388: loss=0.66942
Epoch 389: loss=0.66041
Epoch 390: loss=0.63861
Epoch 391: loss=0.65052
Epoch 392: loss=0.68839
Epoch 393: loss=0.71214
Epoch 394: loss=0.68398
Epoch 395: loss=0.66809
Epoch 396: loss=0.70321
Epoch 397: loss=0.69280
Epoch 398: loss=0.70150
Epoch 399: loss=0.70255
Epoch 400: loss=0.68094
Epoch 401: loss=0.69930
Epoch 402: loss=0.66834
Epoch 403: loss=0.66637
Epoch 404: loss=0.67694
Epoch 405: loss=0.68248
Epoch 406: loss=0.69290
Epoch 407: loss=0.72026
Epoch 408: loss=0.69130
Epoch 409: loss=0.70431
Epoch 410: loss=0.69605
Epoch 411: loss=0.69588
Epoch 412: loss=0.70229
Epoch 413: loss=0.70306
Epoch 414: loss=0.71889
Epoch 415: loss=0.70843
Epoch 416: loss=0.72339
Epoch 417: loss=0.71423
Epoch 418: loss=0.71115
Epoch 419: loss=0.67816
Epoch 420: loss=0.67157
Epoch 421: loss=0.72054
Epoch 422: loss=0.69626
Epoch 423: loss=0.67889
Epoch 424: loss=0.66727
Epoch 425: loss=0.66487
Epoch 426: loss=0.68416
Epoch 427: loss=0.67508
Epoch 428: loss=0.69062
Epoch 429: loss=0.66762
Epoch 430: loss=0.67769
Epoch 431: loss=0.68576
Epoch 432: loss=0.66829
Epoch 433: loss=0.67727
Epoch 434: loss=0.67800
Epoch 435: loss=0.67981
Epoch 436: loss=0.68974
Epoch 437: loss=0.69306
Epoch 438: loss=0.69522
Epoch 439: loss=0.69396
Epoch 440: loss=0.71046
Epoch 441: loss=0.71071
Epoch 442: loss=0.69371
Epoch 443: loss=0.69378
Epoch 444: loss=0.68759
Epoch 445: loss=0.70082
Epoch 446: loss=0.71047
Epoch 447: loss=0.67494
Epoch 448: loss=0.69296
Epoch 449: loss=0.68940
Epoch 450: loss=0.69211
Epoch 451: loss=0.66706
Epoch 452: loss=0.70676
Epoch 453: loss=0.70860
Epoch 454: loss=0.68729
Epoch 455: loss=0.70297
Epoch 456: loss=0.68337
Epoch 457: loss=0.70782
Epoch 458: loss=0.69858
Epoch 459: loss=0.67875
Epoch 460: loss=0.66777
Epoch 461: loss=0.71505
Epoch 462: loss=0.67504
Epoch 463: loss=0.68176
Epoch 464: loss=0.67294
Epoch 465: loss=0.67974
Epoch 466: loss=0.68687
Epoch 467: loss=0.66014
Epoch 468: loss=0.65262
Epoch 469: loss=0.63686
Epoch 470: loss=0.69163
Epoch 471: loss=0.66516
Epoch 472: loss=0.64509
Epoch 473: loss=0.63847
Epoch 474: loss=0.64159
Epoch 475: loss=0.63110
Epoch 476: loss=0.61823
Epoch 477: loss=0.63100
Epoch 478: loss=0.62307
Epoch 479: loss=0.66060
Epoch 480: loss=0.63988
Epoch 481: loss=0.60650
Epoch 482: loss=0.62014
Epoch 483: loss=0.61933
Epoch 484: loss=0.62961
Epoch 485: loss=0.59920
Epoch 486: loss=0.62390
Epoch 487: loss=0.62065
Epoch 488: loss=0.61058
Epoch 489: loss=0.63728
Epoch 490: loss=0.63532
Epoch 491: loss=0.62577
Epoch 492: loss=0.60010
Epoch 493: loss=0.62302
Epoch 494: loss=0.64279
Epoch 495: loss=0.58675
Epoch 496: loss=0.60510
Epoch 497: loss=0.60190
Epoch 498: loss=0.59222
Epoch 499: loss=0.58646
Epoch 500: loss=0.60935
Training accuracy: 0.872
Test accuracy: 0.539

File list dumped

Saved in file
