/home/venkat/Unreliable_Synaptic_Transmission/Deepti/DOPcodes/dataset/shddataset/
2 layered 128 unit SNN made weight variables and loss histogram
The file is present.
Epoch 1: loss=0.77835
Epoch 2: loss=0.81183
Epoch 3: loss=0.81313
Epoch 4: loss=0.80970
Epoch 5: loss=0.81443
Epoch 6: loss=0.81798
Epoch 7: loss=0.77409
Epoch 8: loss=0.73739
Epoch 9: loss=0.72832
Epoch 10: loss=0.71351
Trained for 10 epochs
Training accuracy: 0.836
Epoch 1: loss=0.69103
Epoch 2: loss=0.68876
Epoch 3: loss=0.68770
Epoch 4: loss=0.67833
Epoch 5: loss=0.66782
Epoch 6: loss=0.66887
Epoch 7: loss=0.66571
Epoch 8: loss=0.68386
Epoch 9: loss=0.70640
Epoch 10: loss=0.72347
Epoch 11: loss=0.70363
Epoch 12: loss=0.67998
Epoch 13: loss=0.67788
Epoch 14: loss=0.71658
Epoch 15: loss=0.70533
Epoch 16: loss=0.68032
Epoch 17: loss=0.68912
Epoch 18: loss=0.69607
Epoch 19: loss=0.68823
Epoch 20: loss=0.65674
Epoch 21: loss=0.67189
Epoch 22: loss=0.69522
Epoch 23: loss=0.68567
Epoch 24: loss=0.67812
Epoch 25: loss=0.68210
Epoch 26: loss=0.68163
Epoch 27: loss=0.68360
Epoch 28: loss=0.69396
Epoch 29: loss=0.69094
Epoch 30: loss=0.68373
Epoch 31: loss=0.69187
Epoch 32: loss=0.69274
Epoch 33: loss=0.68133
Epoch 34: loss=0.68125
Epoch 35: loss=0.69428
Epoch 36: loss=0.70125
Epoch 37: loss=0.68403
Epoch 38: loss=0.70557
Epoch 39: loss=0.69069
Epoch 40: loss=0.71573
Epoch 41: loss=0.70338
Epoch 42: loss=0.70516
Epoch 43: loss=0.71768
Epoch 44: loss=0.70333
Epoch 45: loss=0.70837
Epoch 46: loss=0.70723
Epoch 47: loss=0.67626
Epoch 48: loss=0.68537
Epoch 49: loss=0.68670
Epoch 50: loss=0.68377
Epoch 51: loss=0.69008
Epoch 52: loss=0.69398
Epoch 53: loss=0.70194
Epoch 54: loss=0.68943
Epoch 55: loss=0.67940
Epoch 56: loss=0.68136
Epoch 57: loss=0.70343
Epoch 58: loss=0.71081
Epoch 59: loss=0.71613
Epoch 60: loss=0.72530
Epoch 61: loss=0.71598
Epoch 62: loss=0.73112
Epoch 63: loss=0.72604
Epoch 64: loss=0.72582
Epoch 65: loss=0.69591
Epoch 66: loss=0.68711
Epoch 67: loss=0.68157
Epoch 68: loss=0.67303
Epoch 69: loss=0.65791
Epoch 70: loss=0.66637
Epoch 71: loss=0.64500
Epoch 72: loss=0.65831
Epoch 73: loss=0.64801
Epoch 74: loss=0.66279
Epoch 75: loss=0.66022
Epoch 76: loss=0.67107
Epoch 77: loss=0.65534
Epoch 78: loss=0.64450
Epoch 79: loss=0.65013
Epoch 80: loss=0.62560
Epoch 81: loss=0.65224
Epoch 82: loss=0.64062
Epoch 83: loss=0.65602
Epoch 84: loss=0.65125
Epoch 85: loss=0.64877
Epoch 86: loss=0.62984
Epoch 87: loss=0.63372
Epoch 88: loss=0.63580
Epoch 89: loss=0.62952
Epoch 90: loss=0.64506
Epoch 91: loss=0.62864
Epoch 92: loss=0.62503
Epoch 93: loss=0.62621
Epoch 94: loss=0.64205
Epoch 95: loss=0.63132
Epoch 96: loss=0.64484
Epoch 97: loss=0.64426
Epoch 98: loss=0.65018
Epoch 99: loss=0.61887
Epoch 100: loss=0.66034
Epoch 101: loss=0.65752
Epoch 102: loss=0.66098
Epoch 103: loss=0.65985
Epoch 104: loss=0.62499
Epoch 105: loss=0.64061
Epoch 106: loss=0.64636
Epoch 107: loss=0.64133
Epoch 108: loss=0.65646
Epoch 109: loss=0.66090
Epoch 110: loss=0.64076
Epoch 111: loss=0.65192
Epoch 112: loss=0.67826
Epoch 113: loss=0.68028
Epoch 114: loss=0.66273
Epoch 115: loss=0.65475
Epoch 116: loss=0.62497
Epoch 117: loss=0.64483
Epoch 118: loss=0.62939
Epoch 119: loss=0.61449
Epoch 120: loss=0.61375
Epoch 121: loss=0.63572
Epoch 122: loss=0.61468
Epoch 123: loss=0.61250
Epoch 124: loss=0.60644
Epoch 125: loss=0.62120
Epoch 126: loss=0.60800
Epoch 127: loss=0.63290
Epoch 128: loss=0.61304
Epoch 129: loss=0.60770
Epoch 130: loss=0.61077
Epoch 131: loss=0.60846
Epoch 132: loss=0.60105
Epoch 133: loss=0.59169
Epoch 134: loss=0.59682
Epoch 135: loss=0.60336
Epoch 136: loss=0.60458
Epoch 137: loss=0.62130
Epoch 138: loss=0.61975
Epoch 139: loss=0.61111
Epoch 140: loss=0.61215
Epoch 141: loss=0.60036
Epoch 142: loss=0.59684
Epoch 143: loss=0.59707
Epoch 144: loss=0.61110
Epoch 145: loss=0.60912
Epoch 146: loss=0.61839
Epoch 147: loss=0.60929
Epoch 148: loss=0.59814
Epoch 149: loss=0.60831
Epoch 150: loss=0.59870
Epoch 151: loss=0.59064
Epoch 152: loss=0.61135
Epoch 153: loss=0.60945
Epoch 154: loss=0.59389
Epoch 155: loss=0.60458
Epoch 156: loss=0.59882
Epoch 157: loss=0.59227
Epoch 158: loss=0.62775
Epoch 159: loss=0.64732
Epoch 160: loss=0.62184
Epoch 161: loss=0.60224
Epoch 162: loss=0.66626
Epoch 163: loss=0.64605
Epoch 164: loss=0.63293
Epoch 165: loss=0.61894
Epoch 166: loss=0.62641
Epoch 167: loss=0.62157
Epoch 168: loss=0.62219
Epoch 169: loss=0.60363
Epoch 170: loss=0.61067
Epoch 171: loss=0.60674
Epoch 172: loss=0.60211
Epoch 173: loss=0.62615
Epoch 174: loss=0.62304
Epoch 175: loss=0.61794
Epoch 176: loss=0.61934
Epoch 177: loss=0.60768
Epoch 178: loss=0.61435
Epoch 179: loss=0.61829
Epoch 180: loss=0.59499
Epoch 181: loss=0.60392
Epoch 182: loss=0.60290
Epoch 183: loss=0.57421
Epoch 184: loss=0.60387
Epoch 185: loss=0.59699
Epoch 186: loss=0.60480
Epoch 187: loss=0.59950
Epoch 188: loss=0.61287
Epoch 189: loss=0.60658
Epoch 190: loss=0.60017
Epoch 191: loss=0.59430
Epoch 192: loss=0.58982
Epoch 193: loss=0.61768
Epoch 194: loss=0.62954
Epoch 195: loss=0.60861
Epoch 196: loss=0.60123
Epoch 197: loss=0.60767
Epoch 198: loss=0.62864
Epoch 199: loss=0.62155
Epoch 200: loss=0.60831
Epoch 201: loss=0.62118
Epoch 202: loss=0.60308
Epoch 203: loss=0.60472
Epoch 204: loss=0.60278
Epoch 205: loss=0.61850
Epoch 206: loss=0.62559
Epoch 207: loss=0.62895
Epoch 208: loss=0.62766
Epoch 209: loss=0.61930
Epoch 210: loss=0.59929
Epoch 211: loss=0.60866
Epoch 212: loss=0.59743
Epoch 213: loss=0.58595
Epoch 214: loss=0.58934
Epoch 215: loss=0.59813
Epoch 216: loss=0.59432
Epoch 217: loss=0.58973
Epoch 218: loss=0.57009
Epoch 219: loss=0.58386
Epoch 220: loss=0.58803
Epoch 221: loss=0.58405
Epoch 222: loss=0.59442
Epoch 223: loss=0.58668
Epoch 224: loss=0.59564
Epoch 225: loss=0.58649
Epoch 226: loss=0.57887
Epoch 227: loss=0.59987
Epoch 228: loss=0.59183
Epoch 229: loss=0.58353
Epoch 230: loss=0.59022
Epoch 231: loss=0.59851
Epoch 232: loss=0.59281
Epoch 233: loss=0.60745
Epoch 234: loss=0.62861
Epoch 235: loss=0.62531
Epoch 236: loss=0.60492
Epoch 237: loss=0.58185
Epoch 238: loss=0.58991
Epoch 239: loss=0.60399
Epoch 240: loss=0.59768
Epoch 241: loss=0.58998
Epoch 242: loss=0.58984
Epoch 243: loss=0.59306
Epoch 244: loss=0.58081
Epoch 245: loss=0.57868
Epoch 246: loss=0.60046
Epoch 247: loss=0.59169
Epoch 248: loss=0.59945
Epoch 249: loss=0.58632
Epoch 250: loss=0.60437
Epoch 251: loss=0.61033
Epoch 252: loss=0.62978
Epoch 253: loss=0.59756
Epoch 254: loss=0.59853
Epoch 255: loss=0.59667
Epoch 256: loss=0.56565
Epoch 257: loss=0.57898
Epoch 258: loss=0.58169
Epoch 259: loss=0.57519
Epoch 260: loss=0.57501
Epoch 261: loss=0.58514
Epoch 262: loss=0.57174
Epoch 263: loss=0.57895
Epoch 264: loss=0.59659
Epoch 265: loss=0.59984
Epoch 266: loss=0.58124
Epoch 267: loss=0.56322
Epoch 268: loss=0.57440
Epoch 269: loss=0.60196
Epoch 270: loss=0.59674
Epoch 271: loss=0.58843
Epoch 272: loss=0.57710
Epoch 273: loss=0.58758
Epoch 274: loss=0.56768
Epoch 275: loss=0.58898
Epoch 276: loss=0.57786
Epoch 277: loss=0.58326
Epoch 278: loss=0.58542
Epoch 279: loss=0.57871
Epoch 280: loss=0.59325
Epoch 281: loss=0.59110
Epoch 282: loss=0.63164
Epoch 283: loss=0.60845
Epoch 284: loss=0.56474
Epoch 285: loss=0.56765
Epoch 286: loss=0.58194
Epoch 287: loss=0.57328
Epoch 288: loss=0.57172
Epoch 289: loss=0.59246
Epoch 290: loss=0.60127
Epoch 291: loss=0.58935
Epoch 292: loss=0.57770
Epoch 293: loss=0.56284
Epoch 294: loss=0.55244
Epoch 295: loss=0.57904
Epoch 296: loss=0.57998
Epoch 297: loss=0.57301
Epoch 298: loss=0.57834
Epoch 299: loss=0.58749
Epoch 300: loss=0.58240
Epoch 301: loss=0.57678
Epoch 302: loss=0.56476
Epoch 303: loss=0.56286
Epoch 304: loss=0.57586
Epoch 305: loss=0.57273
Epoch 306: loss=0.56246
Epoch 307: loss=0.57711
Epoch 308: loss=0.57015
Epoch 309: loss=0.56133
Epoch 310: loss=0.57499
Epoch 311: loss=0.57529
Epoch 312: loss=0.60321
Epoch 313: loss=0.59363
Epoch 314: loss=0.59042
Epoch 315: loss=0.58682
Epoch 316: loss=0.59758
Epoch 317: loss=0.57919
Epoch 318: loss=0.61927
Epoch 319: loss=0.60142
Epoch 320: loss=0.59776
Epoch 321: loss=0.57426
Epoch 322: loss=0.57066
Epoch 323: loss=0.59293
Epoch 324: loss=0.57263
Epoch 325: loss=0.56364
Epoch 326: loss=0.58289
Epoch 327: loss=0.56676
Epoch 328: loss=0.57752
Epoch 329: loss=0.57314
Epoch 330: loss=0.58051
Epoch 331: loss=0.57046
Epoch 332: loss=0.57652
Epoch 333: loss=0.57401
Epoch 334: loss=0.59130
Epoch 335: loss=0.57331
Epoch 336: loss=0.58336
Epoch 337: loss=0.55550
Epoch 338: loss=0.56119
Epoch 339: loss=0.58201
Epoch 340: loss=0.57428
Epoch 341: loss=0.58976
Epoch 342: loss=0.60622
Epoch 343: loss=0.61918
Epoch 344: loss=0.59559
Epoch 345: loss=0.61670
Epoch 346: loss=0.58866
Epoch 347: loss=0.59366
Epoch 348: loss=0.59870
Epoch 349: loss=0.59952
Epoch 350: loss=0.60234
Epoch 351: loss=0.60786
Epoch 352: loss=0.57905
Epoch 353: loss=0.60601
Epoch 354: loss=0.61278
Epoch 355: loss=0.61447
Epoch 356: loss=0.60864
Epoch 357: loss=0.61239
Epoch 358: loss=0.62515
Epoch 359: loss=0.58233
Epoch 360: loss=0.60027
Epoch 361: loss=0.64551
Epoch 362: loss=0.64174
Epoch 363: loss=0.61071
Epoch 364: loss=0.62155
Epoch 365: loss=0.64144
Epoch 366: loss=0.62465
Epoch 367: loss=0.61362
Epoch 368: loss=0.59751
Epoch 369: loss=0.58462
Epoch 370: loss=0.59885
Epoch 371: loss=0.59044
Epoch 372: loss=0.60209
Epoch 373: loss=0.58377
Epoch 374: loss=0.57903
Epoch 375: loss=0.58557
Epoch 376: loss=0.60255
Epoch 377: loss=0.59331
Epoch 378: loss=0.58966
Epoch 379: loss=0.58503
Epoch 380: loss=0.60789
Epoch 381: loss=0.59372
Epoch 382: loss=0.63127
Epoch 383: loss=0.63380
Epoch 384: loss=0.66839
Epoch 385: loss=0.68452
Epoch 386: loss=0.68727
Epoch 387: loss=0.67691
Epoch 388: loss=0.65735
Epoch 389: loss=0.68569
Epoch 390: loss=0.65354
Epoch 391: loss=0.63155
Epoch 392: loss=0.63025
Epoch 393: loss=0.63146
Epoch 394: loss=0.62656
Epoch 395: loss=0.65717
Epoch 396: loss=0.65870
Epoch 397: loss=0.65794
Epoch 398: loss=0.63589
Epoch 399: loss=0.63998
Epoch 400: loss=0.62585
Epoch 401: loss=0.63781
Epoch 402: loss=0.59116
Epoch 403: loss=0.58771
Epoch 404: loss=0.58257
Epoch 405: loss=0.61319
Epoch 406: loss=0.61591
Epoch 407: loss=0.62064
Epoch 408: loss=0.60698
Epoch 409: loss=0.61670
Epoch 410: loss=0.61620
Epoch 411: loss=0.59826
Epoch 412: loss=0.57966
Epoch 413: loss=0.58874
Epoch 414: loss=0.60953
Epoch 415: loss=0.61355
Epoch 416: loss=0.58587
Epoch 417: loss=0.57522
Epoch 418: loss=0.58318
Epoch 419: loss=0.61039
Epoch 420: loss=0.58877
Epoch 421: loss=0.60876
Epoch 422: loss=0.62534
Epoch 423: loss=0.63797
Epoch 424: loss=0.62784
Epoch 425: loss=0.61796
Epoch 426: loss=0.63301
Epoch 427: loss=0.62811
Epoch 428: loss=0.62471
Epoch 429: loss=0.66740
Epoch 430: loss=0.69592
Epoch 431: loss=0.70186
Epoch 432: loss=0.66336
Epoch 433: loss=0.65805
Epoch 434: loss=0.69477
Epoch 435: loss=0.66626
Epoch 436: loss=0.64039
Epoch 437: loss=0.64920
Epoch 438: loss=0.66430
Epoch 439: loss=0.66600
Epoch 440: loss=0.63563
Epoch 441: loss=0.67138
Epoch 442: loss=0.65435
Epoch 443: loss=0.63488
Epoch 444: loss=0.62429
Epoch 445: loss=0.61415
Epoch 446: loss=0.65100
Epoch 447: loss=0.65206
Epoch 448: loss=0.67751
Epoch 449: loss=0.66779
Epoch 450: loss=0.68387
Epoch 451: loss=0.68048
Epoch 452: loss=0.69939
Epoch 453: loss=0.72633
Epoch 454: loss=0.70475
Epoch 455: loss=0.70738
Epoch 456: loss=0.70600
Epoch 457: loss=0.73672
Epoch 458: loss=0.74767
Epoch 459: loss=0.77379
Epoch 460: loss=0.77189
Epoch 461: loss=0.73820
Epoch 462: loss=0.74820
Epoch 463: loss=0.76724
Epoch 464: loss=0.77819
Epoch 465: loss=0.78322
Epoch 466: loss=0.78928
Epoch 467: loss=0.79499
Epoch 468: loss=0.77891
Epoch 469: loss=0.77962
Epoch 470: loss=0.77775
Epoch 471: loss=0.76233
Epoch 472: loss=0.69947
Epoch 473: loss=0.67334
Epoch 474: loss=0.67394
Epoch 475: loss=0.67027
Epoch 476: loss=0.66377
Epoch 477: loss=0.67518
Epoch 478: loss=0.67995
Epoch 479: loss=0.69539
Epoch 480: loss=0.68266
Epoch 481: loss=0.72487
Epoch 482: loss=0.68883
Epoch 483: loss=0.66451
Epoch 484: loss=0.65369
Epoch 485: loss=0.66549
Epoch 486: loss=0.68301
Epoch 487: loss=0.64834
Epoch 488: loss=0.64449
Epoch 489: loss=0.68027
Epoch 490: loss=0.71843
Epoch 491: loss=0.72584
Epoch 492: loss=0.74606
Epoch 493: loss=0.75375
Epoch 494: loss=0.71035
Epoch 495: loss=0.68745
Epoch 496: loss=0.70362
Epoch 497: loss=0.71032
Epoch 498: loss=0.69560
Epoch 499: loss=0.68246
Epoch 500: loss=0.66436
Epoch 501: loss=0.68588
Epoch 502: loss=0.71777
Epoch 503: loss=0.69123
Epoch 504: loss=0.69442
Epoch 505: loss=0.71455
Epoch 506: loss=0.66840
Epoch 507: loss=0.67284
Epoch 508: loss=0.73073
Epoch 509: loss=0.70772
Epoch 510: loss=0.73316
Epoch 511: loss=0.71038
Epoch 512: loss=0.71935
Epoch 513: loss=0.72708
Epoch 514: loss=0.72338
Epoch 515: loss=0.73677
Epoch 516: loss=0.74086
Epoch 517: loss=0.73781
Epoch 518: loss=0.70559
Epoch 519: loss=0.71355
Epoch 520: loss=0.69909
Epoch 521: loss=0.69913
Epoch 522: loss=0.71241
Epoch 523: loss=0.72101
Epoch 524: loss=0.77574
Epoch 525: loss=0.77589
Epoch 526: loss=0.80048
Epoch 527: loss=0.80237
Epoch 528: loss=0.80361
Epoch 529: loss=0.80442
Epoch 530: loss=0.80198
Epoch 531: loss=0.79559
Epoch 532: loss=0.82092
Epoch 533: loss=0.84238
Epoch 534: loss=0.83246
Epoch 535: loss=0.84984
Epoch 536: loss=0.83149
Epoch 537: loss=0.81039
Epoch 538: loss=0.77504
Epoch 539: loss=0.77538
Epoch 540: loss=0.79814
Epoch 541: loss=0.78061
Epoch 542: loss=0.77090
Epoch 543: loss=0.78762
Epoch 544: loss=0.76126
Epoch 545: loss=0.79877
Epoch 546: loss=0.78451
Epoch 547: loss=0.77917
Epoch 548: loss=0.76732
Epoch 549: loss=0.74393
Epoch 550: loss=0.74296
Epoch 551: loss=0.73223
Epoch 552: loss=0.69939
Epoch 553: loss=0.69955
Epoch 554: loss=0.69429
Epoch 555: loss=0.67958
Epoch 556: loss=0.67056
Epoch 557: loss=0.66662
Epoch 558: loss=0.68730
Epoch 559: loss=0.72254
Epoch 560: loss=0.69691
Epoch 561: loss=0.68513
Epoch 562: loss=0.70198
Epoch 563: loss=0.70099
Epoch 564: loss=0.67988
Epoch 565: loss=0.71917
Epoch 566: loss=0.71576
Epoch 567: loss=0.70516
Epoch 568: loss=0.69979
Epoch 569: loss=0.69381
Epoch 570: loss=0.67440
Epoch 571: loss=0.68941
Epoch 572: loss=0.71195
Epoch 573: loss=0.68591
Epoch 574: loss=0.65622
Epoch 575: loss=0.66695
Epoch 576: loss=0.66059
Epoch 577: loss=0.67693
Epoch 578: loss=0.69307
Epoch 579: loss=0.67576
Epoch 580: loss=0.70224
Epoch 581: loss=0.73825
Epoch 582: loss=0.74138
Epoch 583: loss=0.73919
Epoch 584: loss=0.74217
Epoch 585: loss=0.70002
Epoch 586: loss=0.68265
Epoch 587: loss=0.68395
Epoch 588: loss=0.69123
Epoch 589: loss=0.69411
Epoch 590: loss=0.71787
Epoch 591: loss=0.67872
Epoch 592: loss=0.68767
Epoch 593: loss=0.68615
Epoch 594: loss=0.67048
Epoch 595: loss=0.64798
Epoch 596: loss=0.69725
Epoch 597: loss=0.71609
Epoch 598: loss=0.69355
Epoch 599: loss=0.67452
Epoch 600: loss=0.67158
Epoch 601: loss=0.67836
Epoch 602: loss=0.66511
Epoch 603: loss=0.64669
Epoch 604: loss=0.65437
Epoch 605: loss=0.65795
Epoch 606: loss=0.64660
Epoch 607: loss=0.65236
Epoch 608: loss=0.65644
Epoch 609: loss=0.65315
Epoch 610: loss=0.65493
Epoch 611: loss=0.66299
Epoch 612: loss=0.66804
Epoch 613: loss=0.66329
Epoch 614: loss=0.65372
Epoch 615: loss=0.64770
Epoch 616: loss=0.64866
Epoch 617: loss=0.64491
Epoch 618: loss=0.63729
Epoch 619: loss=0.63563
Epoch 620: loss=0.62385
Epoch 621: loss=0.61020
Epoch 622: loss=0.62731
Epoch 623: loss=0.62363
Epoch 624: loss=0.65250
Epoch 625: loss=0.65810
Epoch 626: loss=0.65103
Epoch 627: loss=0.64316
Epoch 628: loss=0.63522
Epoch 629: loss=0.64369
Epoch 630: loss=0.63364
Epoch 631: loss=0.62184
Epoch 632: loss=0.61171
Epoch 633: loss=0.62319
Epoch 634: loss=0.60041
Epoch 635: loss=0.63422
Epoch 636: loss=0.62425
Epoch 637: loss=0.61124
Epoch 638: loss=0.64873
Epoch 639: loss=0.63045
Epoch 640: loss=0.59770
Epoch 641: loss=0.60359
Epoch 642: loss=0.60026
Epoch 643: loss=0.61400
Epoch 644: loss=0.60389
Epoch 645: loss=0.63071
Epoch 646: loss=0.62784
Epoch 647: loss=0.62305
Epoch 648: loss=0.62826
Epoch 649: loss=0.64207
Epoch 650: loss=0.63685
Epoch 651: loss=0.64778
Epoch 652: loss=0.62351
Epoch 653: loss=0.62773
Epoch 654: loss=0.62619
Epoch 655: loss=0.60429
Epoch 656: loss=0.62472
Epoch 657: loss=0.62144
Epoch 658: loss=0.64458
Epoch 659: loss=0.64346
Epoch 660: loss=0.60400
Epoch 661: loss=0.61394
Epoch 662: loss=0.60378
Epoch 663: loss=0.60062
Epoch 664: loss=0.60013
Epoch 665: loss=0.61663
Epoch 666: loss=0.59767
Epoch 667: loss=0.62553
Epoch 668: loss=0.61924
Epoch 669: loss=0.63866
