/home/venkat/Unreliable_Synaptic_Transmission/Deepti/DOPcodes/SHD/dataset/shddataset/
2 layered 128 unit SNN made weight variables and loss histogram
The file is present.
Epoch 1: loss=0.55656
Epoch 2: loss=0.55214
Epoch 3: loss=0.55620
Epoch 4: loss=0.55196
Epoch 5: loss=0.56695
Epoch 6: loss=0.58863
Epoch 7: loss=0.58090
Epoch 8: loss=0.58644
Epoch 9: loss=0.54903
Epoch 10: loss=0.55866
Trained for 10 epochs
Training accuracy: 0.885
Epoch 1: loss=0.57671
Epoch 2: loss=0.59265
Epoch 3: loss=0.58508
Epoch 4: loss=0.56858
Epoch 5: loss=0.58192
Epoch 6: loss=0.58691
Epoch 7: loss=0.57568
Epoch 8: loss=0.57305
Epoch 9: loss=0.54863
Epoch 10: loss=0.55704
Epoch 11: loss=0.56132
Epoch 12: loss=0.59042
Epoch 13: loss=0.56784
Epoch 14: loss=0.60939
Epoch 15: loss=0.57505
Epoch 16: loss=0.57248
Epoch 17: loss=0.56677
Epoch 18: loss=0.57713
Epoch 19: loss=0.59022
Epoch 20: loss=0.59474
Epoch 21: loss=0.61068
Epoch 22: loss=0.57601
Epoch 23: loss=0.56619
Epoch 24: loss=0.59351
Epoch 25: loss=0.60119
Epoch 26: loss=0.59207
Epoch 27: loss=0.63758
Epoch 28: loss=0.63873
Epoch 29: loss=0.63325
Epoch 30: loss=0.61780
Epoch 31: loss=0.65399
Epoch 32: loss=0.62104
Epoch 33: loss=0.62256
Epoch 34: loss=0.61897
Epoch 35: loss=0.62001
Epoch 36: loss=0.63141
Epoch 37: loss=0.64681
Epoch 38: loss=0.65974
Epoch 39: loss=0.69589
Epoch 40: loss=0.65879
Epoch 41: loss=0.62548
Epoch 42: loss=0.65508
Epoch 43: loss=0.66767
Epoch 44: loss=0.65249
Epoch 45: loss=0.66928
Epoch 46: loss=0.64901
Epoch 47: loss=0.71914
Epoch 48: loss=0.71438
Epoch 49: loss=0.72684
Epoch 50: loss=0.73593
Epoch 51: loss=0.74045
Epoch 52: loss=0.76228
Epoch 53: loss=0.81002
Epoch 54: loss=0.81246
Epoch 55: loss=0.80654
Epoch 56: loss=0.78068
Epoch 57: loss=0.78469
Epoch 58: loss=0.81205
Epoch 59: loss=0.87727
Epoch 60: loss=0.87522
Epoch 61: loss=0.86923
Epoch 62: loss=0.85791
Epoch 63: loss=0.88459
Epoch 64: loss=0.86702
Epoch 65: loss=0.87951
Epoch 66: loss=0.89560
Epoch 67: loss=0.93055
Epoch 68: loss=0.90707
Epoch 69: loss=0.88869
Epoch 70: loss=0.88652
Epoch 71: loss=0.88279
Epoch 72: loss=0.86882
Epoch 73: loss=0.85653
Epoch 74: loss=0.86325
Epoch 75: loss=0.87641
Epoch 76: loss=0.83728
Epoch 77: loss=0.81697
Epoch 78: loss=0.84813
Epoch 79: loss=0.83244
Epoch 80: loss=0.79276
Epoch 81: loss=0.84264
Epoch 82: loss=0.82426
Epoch 83: loss=0.78478
Epoch 84: loss=0.79878
Epoch 85: loss=0.79194
Epoch 86: loss=0.79121
Epoch 87: loss=0.80488
Epoch 88: loss=0.83389
Epoch 89: loss=0.84112
Epoch 90: loss=0.84822
Epoch 91: loss=0.83301
Epoch 92: loss=0.80835
Epoch 93: loss=0.86345
Epoch 94: loss=0.86263
Epoch 95: loss=0.83831
Epoch 96: loss=0.79329
Epoch 97: loss=0.83825
Epoch 98: loss=0.85941
Epoch 99: loss=0.85477
Epoch 100: loss=0.77166
Epoch 101: loss=0.81828
Epoch 102: loss=0.84151
Epoch 103: loss=0.89188
Epoch 104: loss=0.92211
Epoch 105: loss=0.92529
Epoch 106: loss=0.91007
Epoch 107: loss=0.90691
Epoch 108: loss=0.91483
Epoch 109: loss=0.97358
Epoch 110: loss=0.98038
Epoch 111: loss=0.96805
Epoch 112: loss=1.02844
Epoch 113: loss=0.98201
Epoch 114: loss=0.96220
Epoch 115: loss=0.93446
Epoch 116: loss=0.92528
Epoch 117: loss=0.94078
Epoch 118: loss=0.93144
Epoch 119: loss=0.92500
Epoch 120: loss=0.92753
Epoch 121: loss=0.92653
Epoch 122: loss=0.93284
Epoch 123: loss=0.93893
Epoch 124: loss=0.96769
Epoch 125: loss=1.00059
Epoch 126: loss=1.00191
Epoch 127: loss=1.00827
Epoch 128: loss=0.97715
Epoch 129: loss=0.98196
Epoch 130: loss=0.99619
Epoch 131: loss=0.97375
Epoch 132: loss=0.99148
Epoch 133: loss=0.97373
Epoch 134: loss=0.95487
Epoch 135: loss=0.98500
Epoch 136: loss=1.00879
Epoch 137: loss=1.01161
Epoch 138: loss=1.02238
Epoch 139: loss=0.99714
Epoch 140: loss=0.99082
Epoch 141: loss=0.96362
Epoch 142: loss=0.94085
Epoch 143: loss=0.96425
Epoch 144: loss=0.93891
Epoch 145: loss=0.89330
Epoch 146: loss=0.90697
Epoch 147: loss=0.89892
Epoch 148: loss=0.93005
Epoch 149: loss=0.95163
Epoch 150: loss=0.93533
Epoch 151: loss=0.92897
Epoch 152: loss=0.88785
Epoch 153: loss=0.90202
Epoch 154: loss=0.88337
Epoch 155: loss=0.85557
Epoch 156: loss=0.86142
Epoch 157: loss=0.86773
Epoch 158: loss=0.83429
Epoch 159: loss=0.84588
Epoch 160: loss=0.82994
Epoch 161: loss=0.82288
Epoch 162: loss=0.83856
Epoch 163: loss=0.84787
Epoch 164: loss=0.82945
Epoch 165: loss=0.84909
Epoch 166: loss=0.87454
Epoch 167: loss=0.80825
Epoch 168: loss=0.79422
Epoch 169: loss=0.79635
Epoch 170: loss=0.80116
Epoch 171: loss=0.78882
Epoch 172: loss=0.78424
Epoch 173: loss=0.78361
Epoch 174: loss=0.77546
Epoch 175: loss=0.76895
Epoch 176: loss=0.75583
Epoch 177: loss=0.75392
Epoch 178: loss=0.76470
Epoch 179: loss=0.76341
Epoch 180: loss=0.77971
Epoch 181: loss=0.74401
Epoch 182: loss=0.76226
Epoch 183: loss=0.82069
Epoch 184: loss=0.80136
Epoch 185: loss=0.80568
Epoch 186: loss=0.76361
Epoch 187: loss=0.77971
Epoch 188: loss=0.79799
Epoch 189: loss=0.78335
Epoch 190: loss=0.77433
Epoch 191: loss=0.76032
Epoch 192: loss=0.76373
Epoch 193: loss=0.77964
Epoch 194: loss=0.80299
Epoch 195: loss=0.78858
Epoch 196: loss=0.78257
Epoch 197: loss=0.81318
Epoch 198: loss=0.78592
Epoch 199: loss=0.81779
Epoch 200: loss=0.82227
Epoch 201: loss=0.82344
Epoch 202: loss=0.84790
Epoch 203: loss=0.84795
Epoch 204: loss=0.83437
Epoch 205: loss=0.81614
Epoch 206: loss=0.79094
Epoch 207: loss=0.73833
Epoch 208: loss=0.72260
Epoch 209: loss=0.73750
Epoch 210: loss=0.75582
Epoch 211: loss=0.76761
Epoch 212: loss=0.74274
Epoch 213: loss=0.76118
Epoch 214: loss=0.75321
Epoch 215: loss=0.74786
Epoch 216: loss=0.72427
Epoch 217: loss=0.74936
Epoch 218: loss=0.77266
Epoch 219: loss=0.76606
Epoch 220: loss=0.73410
Epoch 221: loss=0.76971
Epoch 222: loss=0.72913
Epoch 223: loss=0.72867
Epoch 224: loss=0.72081
Epoch 225: loss=0.71930
Epoch 226: loss=0.70180
Epoch 227: loss=0.72132
Epoch 228: loss=0.73181
Epoch 229: loss=0.72917
Epoch 230: loss=0.72703
Epoch 231: loss=0.71689
Epoch 232: loss=0.72311
Epoch 233: loss=0.73677
Epoch 234: loss=0.75667
Epoch 235: loss=0.78745
Epoch 236: loss=0.74031
Epoch 237: loss=0.69894
Epoch 238: loss=0.71348
Epoch 239: loss=0.69393
Epoch 240: loss=0.70427
Epoch 241: loss=0.70519
Epoch 242: loss=0.67779
Epoch 243: loss=0.66841
Epoch 244: loss=0.66874
Epoch 245: loss=0.69305
Epoch 246: loss=0.69029
Epoch 247: loss=0.69352
Epoch 248: loss=0.68860
Epoch 249: loss=0.68680
Epoch 250: loss=0.67795
Epoch 251: loss=0.68908
Epoch 252: loss=0.69628
Epoch 253: loss=0.68416
Epoch 254: loss=0.71321
Epoch 255: loss=0.69374
Epoch 256: loss=0.71016
Epoch 257: loss=0.70881
Epoch 258: loss=0.70668
Epoch 259: loss=0.72159
Epoch 260: loss=0.69921
Epoch 261: loss=0.71368
Epoch 262: loss=0.68079
Epoch 263: loss=0.68467
Epoch 264: loss=0.69182
Epoch 265: loss=0.68136
Epoch 266: loss=0.67451
Epoch 267: loss=0.69076
Epoch 268: loss=0.69280
Epoch 269: loss=0.66110
Epoch 270: loss=0.67365
Epoch 271: loss=0.67045
Epoch 272: loss=0.67473
Epoch 273: loss=0.67695
Epoch 274: loss=0.65974
Epoch 275: loss=0.66452
Epoch 276: loss=0.65581
Epoch 277: loss=0.64103
Epoch 278: loss=0.64157
Epoch 279: loss=0.65095
Epoch 280: loss=0.65046
Epoch 281: loss=0.64408
Epoch 282: loss=0.65319
Epoch 283: loss=0.64455
Epoch 284: loss=0.64566
Epoch 285: loss=0.67421
Epoch 286: loss=0.65472
Epoch 287: loss=0.65049
Epoch 288: loss=0.65115
Epoch 289: loss=0.68287
Epoch 290: loss=0.68764
Epoch 291: loss=0.67609
Epoch 292: loss=0.68441
Epoch 293: loss=0.68553
Epoch 294: loss=0.69697
Epoch 295: loss=0.70238
Epoch 296: loss=0.68640
Epoch 297: loss=0.70208
Epoch 298: loss=0.69611
Epoch 299: loss=0.69213
Epoch 300: loss=0.64990
Epoch 301: loss=0.67221
Epoch 302: loss=0.68861
Epoch 303: loss=0.68488
Epoch 304: loss=0.66429
Epoch 305: loss=0.66694
Epoch 306: loss=0.68463
Epoch 307: loss=0.67440
Epoch 308: loss=0.66101
Epoch 309: loss=0.68133
Epoch 310: loss=0.63974
Epoch 311: loss=0.67808
Epoch 312: loss=0.65623
Epoch 313: loss=0.69535
Epoch 314: loss=0.68097
Epoch 315: loss=0.67787
Epoch 316: loss=0.68072
Epoch 317: loss=0.68599
Epoch 318: loss=0.69393
Epoch 319: loss=0.68629
Epoch 320: loss=0.71132
Epoch 321: loss=0.69019
Epoch 322: loss=0.68946
Epoch 323: loss=0.72009
Epoch 324: loss=0.67827
Epoch 325: loss=0.68050
Epoch 326: loss=0.69359
Epoch 327: loss=0.66899
Epoch 328: loss=0.65222
Epoch 329: loss=0.66333
Epoch 330: loss=0.66692
Epoch 331: loss=0.66567
Epoch 332: loss=0.65584
Epoch 333: loss=0.65788
Epoch 334: loss=0.66738
Epoch 335: loss=0.72794
Epoch 336: loss=0.68638
Epoch 337: loss=0.68280
Epoch 338: loss=0.68466
Epoch 339: loss=0.69875
Epoch 340: loss=0.68467
Epoch 341: loss=0.67091
Epoch 342: loss=0.65856
Epoch 343: loss=0.65311
Epoch 344: loss=0.62881
Epoch 345: loss=0.64122
Epoch 346: loss=0.64439
Epoch 347: loss=0.62958
Epoch 348: loss=0.66952
Epoch 349: loss=0.66213
Epoch 350: loss=0.63283
Epoch 351: loss=0.62566
Epoch 352: loss=0.63535
Epoch 353: loss=0.65105
Epoch 354: loss=0.65161
Epoch 355: loss=0.67533
Epoch 356: loss=0.66052
Epoch 357: loss=0.64732
Epoch 358: loss=0.62736
Epoch 359: loss=0.63350
Epoch 360: loss=0.63595
Epoch 361: loss=0.65244
Epoch 362: loss=0.64919
Epoch 363: loss=0.66426
Epoch 364: loss=0.63202
Epoch 365: loss=0.66045
Epoch 366: loss=0.67443
Epoch 367: loss=0.66664
Epoch 368: loss=0.68511
Epoch 369: loss=0.67745
Epoch 370: loss=0.68765
Epoch 371: loss=0.64708
Epoch 372: loss=0.69029
Epoch 373: loss=0.66986
Epoch 374: loss=0.70015
Epoch 375: loss=0.71124
Epoch 376: loss=0.69445
Epoch 377: loss=0.67014
Epoch 378: loss=0.65005
Epoch 379: loss=0.66852
Epoch 380: loss=0.69895
Epoch 381: loss=0.67314
Epoch 382: loss=0.66889
Epoch 383: loss=0.67847
Epoch 384: loss=0.66241
Epoch 385: loss=0.65859
Epoch 386: loss=0.66892
Epoch 387: loss=0.69157
Epoch 388: loss=0.69359
Epoch 389: loss=0.66241
Epoch 390: loss=0.64098
Epoch 391: loss=0.63299
Epoch 392: loss=0.65610
Epoch 393: loss=0.67812
Epoch 394: loss=0.68260
Epoch 395: loss=0.68675
Epoch 396: loss=0.69162
Epoch 397: loss=0.64855
Epoch 398: loss=0.67185
Epoch 399: loss=0.67764
Epoch 400: loss=0.65954
Epoch 401: loss=0.67672
Epoch 402: loss=0.68267
Epoch 403: loss=0.67022
Epoch 404: loss=0.67534
Epoch 405: loss=0.66377
Epoch 406: loss=0.65517
Epoch 407: loss=0.65985
Epoch 408: loss=0.65817
Epoch 409: loss=0.67307
Epoch 410: loss=0.67319
Epoch 411: loss=0.63827
Epoch 412: loss=0.64861
Epoch 413: loss=0.64212
Epoch 414: loss=0.65317
Epoch 415: loss=0.66342
Epoch 416: loss=0.65976
Epoch 417: loss=0.64491
Epoch 418: loss=0.61787
Epoch 419: loss=0.64895
Epoch 420: loss=0.62505
Epoch 421: loss=0.62611
Epoch 422: loss=0.62489
Epoch 423: loss=0.63696
Epoch 424: loss=0.65598
Epoch 425: loss=0.65026
Epoch 426: loss=0.64348
Epoch 427: loss=0.65440
Epoch 428: loss=0.65629
Epoch 429: loss=0.65360
Epoch 430: loss=0.66502
Epoch 431: loss=0.66186
Epoch 432: loss=0.67431
Epoch 433: loss=0.69687
Epoch 434: loss=0.70384
Epoch 435: loss=0.69852
Epoch 436: loss=0.70405
Epoch 437: loss=0.67279
Epoch 438: loss=0.68182
Epoch 439: loss=0.69342
Epoch 440: loss=0.75757
Epoch 441: loss=0.72977
Epoch 442: loss=0.69473
Epoch 443: loss=0.70992
Epoch 444: loss=0.74396
Epoch 445: loss=0.73792
Epoch 446: loss=0.72317
Epoch 447: loss=0.73808
Epoch 448: loss=0.73180
Epoch 449: loss=0.70272
Epoch 450: loss=0.70899
Epoch 451: loss=0.69958
Epoch 452: loss=0.70797
Epoch 453: loss=0.73600
Epoch 454: loss=0.69618
Epoch 455: loss=0.71651
Epoch 456: loss=0.70373
Epoch 457: loss=0.68590
Epoch 458: loss=0.68263
Epoch 459: loss=0.71170
Epoch 460: loss=0.75284
Epoch 461: loss=0.73255
Epoch 462: loss=0.73955
Epoch 463: loss=0.71866
Epoch 464: loss=0.74113
Epoch 465: loss=0.73449
Epoch 466: loss=0.75319
Epoch 467: loss=0.79759
Epoch 468: loss=0.79439
Epoch 469: loss=0.77844
Epoch 470: loss=0.76637
Epoch 471: loss=0.77103
Epoch 472: loss=0.77518
Epoch 473: loss=0.76414
Epoch 474: loss=0.76362
Epoch 475: loss=0.77762
Epoch 476: loss=0.77869
Epoch 477: loss=0.77845
Epoch 478: loss=0.78148
Epoch 479: loss=0.79649
Epoch 480: loss=0.77429
Epoch 481: loss=0.81415
Epoch 482: loss=0.84592
Epoch 483: loss=0.83163
Epoch 484: loss=0.85395
Epoch 485: loss=0.84335
Epoch 486: loss=0.89807
Epoch 487: loss=0.88773
Epoch 488: loss=0.85723
Epoch 489: loss=0.89819
Epoch 490: loss=0.91183
Epoch 491: loss=0.89056
Epoch 492: loss=0.90820
Epoch 493: loss=0.87684
Epoch 494: loss=0.91138
Epoch 495: loss=0.92717
Epoch 496: loss=0.89819
Epoch 497: loss=0.86160
Epoch 498: loss=0.84172
Epoch 499: loss=0.81834
Epoch 500: loss=0.84728
Training accuracy: 0.826
Test accuracy: 0.520

File list dumped

Saved in file
