/home/venkat/Unreliable_Synaptic_Transmission/Deepti/DOPcodes/SHD/dataset/shddataset/
File not present for network with uniform weight initialisation
Initialised with numbers from uniform distribution
Epoch 1: loss=9.29787
Epoch 2: loss=4.24120
Epoch 3: loss=3.60112
Epoch 4: loss=3.08291
Epoch 5: loss=2.88358
Epoch 6: loss=2.77719
Epoch 7: loss=2.77250
Epoch 8: loss=2.73622
Epoch 9: loss=2.67138
Epoch 10: loss=2.57150
Trained for 10 epochs
Training accuracy: 0.314
Epoch 1: loss=2.53592
Epoch 2: loss=2.50182
Epoch 3: loss=2.50387
Epoch 4: loss=2.48201
Epoch 5: loss=2.49801
Epoch 6: loss=2.49445
Epoch 7: loss=2.43045
Epoch 8: loss=2.45532
Epoch 9: loss=2.42997
Epoch 10: loss=2.41829
Epoch 11: loss=2.32873
Epoch 12: loss=2.37148
Epoch 13: loss=2.31808
Epoch 14: loss=2.32101
Epoch 15: loss=2.29261
Epoch 16: loss=2.35938
Epoch 17: loss=2.35752
Epoch 18: loss=2.36839
Epoch 19: loss=2.28397
Epoch 20: loss=2.39549
Epoch 21: loss=2.28667
Epoch 22: loss=2.29883
Epoch 23: loss=2.32445
Epoch 24: loss=2.28332
Epoch 25: loss=2.23837
Epoch 26: loss=2.26502
Epoch 27: loss=2.29514
Epoch 28: loss=2.28384
Epoch 29: loss=2.30857
Epoch 30: loss=2.23673
Epoch 31: loss=2.34762
Epoch 32: loss=2.26427
Epoch 33: loss=2.24961
Epoch 34: loss=2.25019
Epoch 35: loss=2.27428
Epoch 36: loss=2.24261
Epoch 37: loss=2.23232
Epoch 38: loss=2.17832
Epoch 39: loss=2.25453
Epoch 40: loss=2.22670
Epoch 41: loss=2.26809
Epoch 42: loss=2.23541
Epoch 43: loss=2.19339
Epoch 44: loss=2.32441
Epoch 45: loss=2.26063
Epoch 46: loss=2.23984
Epoch 47: loss=2.26948
Epoch 48: loss=2.27620
Epoch 49: loss=2.29039
Epoch 50: loss=2.22325
Epoch 51: loss=2.21381
Epoch 52: loss=2.23135
Epoch 53: loss=2.23853
Epoch 54: loss=2.25826
Epoch 55: loss=2.20285
Epoch 56: loss=2.18567
Epoch 57: loss=2.26117
Epoch 58: loss=2.20299
Epoch 59: loss=2.24098
Epoch 60: loss=2.20952
Epoch 61: loss=2.24539
Epoch 62: loss=2.24194
Epoch 63: loss=2.26777
Epoch 64: loss=2.33481
Epoch 65: loss=2.25318
Epoch 66: loss=2.25406
Epoch 67: loss=2.26487
Epoch 68: loss=2.25216
Epoch 69: loss=2.21959
Epoch 70: loss=2.24106
Epoch 71: loss=2.26691
Epoch 72: loss=2.26084
Epoch 73: loss=2.29233
Epoch 74: loss=2.24301
Epoch 75: loss=2.20138
Epoch 76: loss=2.23819
Epoch 77: loss=2.23729
Epoch 78: loss=2.31684
Epoch 79: loss=2.28162
Epoch 80: loss=2.32534
Epoch 81: loss=2.30089
Epoch 82: loss=2.28454
Epoch 83: loss=2.24423
Epoch 84: loss=2.43885
Epoch 85: loss=2.27780
Epoch 86: loss=2.25985
Epoch 87: loss=2.24590
Epoch 88: loss=2.26268
Epoch 89: loss=2.27668
Epoch 90: loss=2.35988
Epoch 91: loss=2.26286
Epoch 92: loss=2.32282
Epoch 93: loss=2.32063
Epoch 94: loss=2.29295
Epoch 95: loss=2.28430
Epoch 96: loss=2.33516
Epoch 97: loss=2.31370
Epoch 98: loss=2.30171
Epoch 99: loss=2.35875
Epoch 100: loss=2.32439
Epoch 101: loss=2.33926
Epoch 102: loss=2.34502
Epoch 103: loss=2.38725
Epoch 104: loss=2.37092
Epoch 105: loss=2.26851
Epoch 106: loss=2.26997
Epoch 107: loss=2.30438
Epoch 108: loss=2.37601
Epoch 109: loss=2.33175
Epoch 110: loss=2.32762
Epoch 111: loss=2.36588
Epoch 112: loss=2.38873
Epoch 113: loss=2.40026
Epoch 114: loss=2.34851
Epoch 115: loss=2.37716
Epoch 116: loss=2.37146
Epoch 117: loss=2.45387
Epoch 118: loss=2.40297
Epoch 119: loss=2.32555
Epoch 120: loss=2.39050
Epoch 121: loss=2.32870
Epoch 122: loss=2.35089
Epoch 123: loss=2.29041
Epoch 124: loss=2.29299
Epoch 125: loss=2.41118
Epoch 126: loss=2.41502
Epoch 127: loss=2.40850
Epoch 128: loss=2.40473
Epoch 129: loss=2.39957
Epoch 130: loss=2.40606
Epoch 131: loss=2.41505
Epoch 132: loss=2.44551
Epoch 133: loss=2.45492
Epoch 134: loss=2.46178
Epoch 135: loss=2.45521
Epoch 136: loss=2.44406
Epoch 137: loss=2.45978
Epoch 138: loss=2.61000
Epoch 139: loss=2.53416
Epoch 140: loss=2.47394
Epoch 141: loss=2.39249
Epoch 142: loss=2.49576
Epoch 143: loss=2.39272
Epoch 144: loss=2.46307
Epoch 145: loss=2.37333
Epoch 146: loss=2.43785
Epoch 147: loss=2.44966
Epoch 148: loss=2.39750
Epoch 149: loss=2.44391
Epoch 150: loss=2.38976
Epoch 151: loss=2.36788
Epoch 152: loss=2.38881
Epoch 153: loss=2.45775
Epoch 154: loss=2.60070
Epoch 155: loss=2.49983
Epoch 156: loss=2.47000
Epoch 157: loss=2.47217
Epoch 158: loss=2.41674
Epoch 159: loss=2.37900
Epoch 160: loss=2.54813
Epoch 161: loss=2.60106
Epoch 162: loss=2.56995
Epoch 163: loss=2.47429
Epoch 164: loss=2.49538
Epoch 165: loss=2.45202
Epoch 166: loss=2.40328
Epoch 167: loss=2.34400
Epoch 168: loss=2.40497
Epoch 169: loss=2.40559
Epoch 170: loss=2.47679
Epoch 171: loss=2.57836
Epoch 172: loss=2.46707
Epoch 173: loss=2.40215
Epoch 174: loss=2.43643
Epoch 175: loss=2.47693
Epoch 176: loss=2.51452
Epoch 177: loss=2.60098
Epoch 178: loss=2.47793
Epoch 179: loss=2.44303
Epoch 180: loss=2.49908
Epoch 181: loss=2.45260
Epoch 182: loss=2.42786
Epoch 183: loss=2.36367
Epoch 184: loss=2.35055
Epoch 185: loss=2.43252
Epoch 186: loss=2.38517
Epoch 187: loss=2.50187
Epoch 188: loss=2.53123
Epoch 189: loss=2.51455
Epoch 190: loss=2.44152
Epoch 191: loss=2.40123
Epoch 192: loss=2.43118
Epoch 193: loss=2.44727
Epoch 194: loss=2.37484
Epoch 195: loss=2.42909
Epoch 196: loss=2.48248
Epoch 197: loss=2.60657
Epoch 198: loss=2.51331
Epoch 199: loss=2.42099
Epoch 200: loss=2.53008
Epoch 201: loss=2.55387
Epoch 202: loss=2.51577
Epoch 203: loss=2.51121
Epoch 204: loss=2.46801
Epoch 205: loss=2.40333
Epoch 206: loss=2.41191
Epoch 207: loss=2.41073
Epoch 208: loss=2.46152
Epoch 209: loss=2.50284
Epoch 210: loss=2.47287
Epoch 211: loss=2.39849
Epoch 212: loss=2.39444
Epoch 213: loss=2.44977
Epoch 214: loss=2.45417
Epoch 215: loss=2.50141
Epoch 216: loss=2.49806
Epoch 217: loss=2.40215
Epoch 218: loss=2.45451
Epoch 219: loss=2.46387
Epoch 220: loss=2.52073
Epoch 221: loss=2.53657
Epoch 222: loss=2.47432
Epoch 223: loss=2.39934
Epoch 224: loss=2.49476
Epoch 225: loss=2.58407
Epoch 226: loss=2.43432
Epoch 227: loss=2.45944
Epoch 228: loss=2.54095
Epoch 229: loss=2.44048
Epoch 230: loss=2.66776
Epoch 231: loss=2.51657
Epoch 232: loss=2.50732
Epoch 233: loss=2.60054
Epoch 234: loss=2.43570
Epoch 235: loss=2.44229
Epoch 236: loss=2.54346
Epoch 237: loss=2.48404
Epoch 238: loss=2.49718
Epoch 239: loss=2.48719
Epoch 240: loss=2.46106
Epoch 241: loss=2.41273
Epoch 242: loss=2.44553
Epoch 243: loss=2.48068
Epoch 244: loss=2.42667
Epoch 245: loss=2.44661
Epoch 246: loss=2.41853
Epoch 247: loss=2.42300
Epoch 248: loss=2.41019
Epoch 249: loss=2.45718
Epoch 250: loss=2.50557
Epoch 251: loss=2.47514
Epoch 252: loss=2.41027
Epoch 253: loss=2.46512
Epoch 254: loss=2.47159
Epoch 255: loss=2.48711
Epoch 256: loss=2.51476
Epoch 257: loss=2.49924
Epoch 258: loss=2.44303
Epoch 259: loss=2.47688
Epoch 260: loss=2.49748
Epoch 261: loss=2.44858
Epoch 262: loss=2.54710
Epoch 263: loss=2.62688
Epoch 264: loss=2.54795
Epoch 265: loss=2.54164
Epoch 266: loss=2.44072
Epoch 267: loss=2.45651
Epoch 268: loss=2.50891
Epoch 269: loss=2.57621
Epoch 270: loss=2.55686
Epoch 271: loss=2.54501
Epoch 272: loss=2.55761
Epoch 273: loss=2.50044
Epoch 274: loss=2.49799
Epoch 275: loss=2.43745
Epoch 276: loss=2.59402
Epoch 277: loss=2.42855
Epoch 278: loss=2.42561
Epoch 279: loss=2.48676
Epoch 280: loss=2.48885
Epoch 281: loss=2.47574
Epoch 282: loss=2.40358
Epoch 283: loss=2.48145
Epoch 284: loss=2.47753
Epoch 285: loss=2.48966
Epoch 286: loss=2.41008
Epoch 287: loss=2.33326
Epoch 288: loss=2.39804
Epoch 289: loss=2.46060
Epoch 290: loss=2.44301
Epoch 291: loss=2.49872
Epoch 292: loss=2.51572
Epoch 293: loss=2.54001
Epoch 294: loss=2.52592
Epoch 295: loss=2.38162
Epoch 296: loss=2.39230
Epoch 297: loss=2.38627
Epoch 298: loss=2.41817
Epoch 299: loss=2.52086
Epoch 300: loss=2.49247
Epoch 301: loss=2.48694
Epoch 302: loss=2.43648
Epoch 303: loss=2.35055
Epoch 304: loss=2.43181
Epoch 305: loss=2.49228
Epoch 306: loss=2.46881
Epoch 307: loss=2.46485
Epoch 308: loss=2.36939
Epoch 309: loss=2.34974
Epoch 310: loss=2.48119
Epoch 311: loss=2.48013
Epoch 312: loss=2.51257
Epoch 313: loss=2.38405
Epoch 314: loss=2.42523
Epoch 315: loss=2.49181
Epoch 316: loss=2.46442
Epoch 317: loss=2.44708
Epoch 318: loss=2.49827
Epoch 319: loss=2.41799
Epoch 320: loss=2.36308
Epoch 321: loss=2.39614
Epoch 322: loss=2.40701
Epoch 323: loss=2.42783
Epoch 324: loss=2.36980
Epoch 325: loss=2.40176
Epoch 326: loss=2.41997
