/home/venkat/Unreliable_Synaptic_Transmission/Deepti/DOPcodes/dataset/shddataset/
2 layered 128 unit SNN made weight variables and loss histogram
Epoch 1: loss=20.41398
Epoch 2: loss=10.54387
Epoch 3: loss=6.72108
Epoch 4: loss=5.38430
Epoch 5: loss=4.80500
Epoch 6: loss=4.34104
Epoch 7: loss=3.99755
Epoch 8: loss=3.76982
Epoch 9: loss=3.54925
Epoch 10: loss=3.38176
Trained for 10 epochs
Training accuracy: 0.114
Epoch 1: loss=3.28264
Epoch 2: loss=3.21936
Epoch 3: loss=3.16757
Epoch 4: loss=3.14586
Epoch 5: loss=3.07990
Epoch 6: loss=3.03213
Epoch 7: loss=2.97277
Epoch 8: loss=2.92629
Epoch 9: loss=2.89857
Epoch 10: loss=2.87695
Epoch 11: loss=2.85210
Epoch 12: loss=2.83152
Epoch 13: loss=2.81437
Epoch 14: loss=2.80520
Epoch 15: loss=2.80845
Epoch 16: loss=2.80024
Epoch 17: loss=2.79349
Epoch 18: loss=2.78299
Epoch 19: loss=2.77169
Epoch 20: loss=2.76206
Epoch 21: loss=2.74824
Epoch 22: loss=2.74430
Epoch 23: loss=2.73879
Epoch 24: loss=2.72853
Epoch 25: loss=2.70227
Epoch 26: loss=2.68844
Epoch 27: loss=2.68902
Epoch 28: loss=2.67150
Epoch 29: loss=2.67328
Epoch 30: loss=2.65259
Epoch 31: loss=2.64496
Epoch 32: loss=2.63251
Epoch 33: loss=2.62889
Epoch 34: loss=2.61423
Epoch 35: loss=2.58888
Epoch 36: loss=2.58180
Epoch 37: loss=2.57078
Epoch 38: loss=2.56658
Epoch 39: loss=2.55449
Epoch 40: loss=2.53050
Epoch 41: loss=2.51747
Epoch 42: loss=2.51218
Epoch 43: loss=2.49804
Epoch 44: loss=2.49011
Epoch 45: loss=2.49751
Epoch 46: loss=2.49054
Epoch 47: loss=2.47671
Epoch 48: loss=2.46838
Epoch 49: loss=2.45360
Epoch 50: loss=2.45334
Epoch 51: loss=2.45537
Epoch 52: loss=2.45051
Epoch 53: loss=2.44208
Epoch 54: loss=2.43151
Epoch 55: loss=2.42426
Epoch 56: loss=2.41157
Epoch 57: loss=2.38978
Epoch 58: loss=2.36779
Epoch 59: loss=2.33991
Epoch 60: loss=2.33610
Epoch 61: loss=2.33626
Epoch 62: loss=2.33130
Epoch 63: loss=2.32025
Epoch 64: loss=2.31342
Epoch 65: loss=2.31222
Epoch 66: loss=2.30223
Epoch 67: loss=2.29582
Epoch 68: loss=2.28539
Epoch 69: loss=2.27270
Epoch 70: loss=2.25988
Epoch 71: loss=2.23284
Epoch 72: loss=2.21755
Epoch 73: loss=2.21219
Epoch 74: loss=2.20341
Epoch 75: loss=2.18755
Epoch 76: loss=2.17450
Epoch 77: loss=2.17134
Epoch 78: loss=2.15865
Epoch 79: loss=2.14645
Epoch 80: loss=2.13907
Epoch 81: loss=2.12972
Epoch 82: loss=2.11353
Epoch 83: loss=2.09908
Epoch 84: loss=2.10694
Epoch 85: loss=2.10248
Epoch 86: loss=2.10303
Epoch 87: loss=2.08752
Epoch 88: loss=2.07696
Epoch 89: loss=2.09897
Epoch 90: loss=2.09703
Epoch 91: loss=2.10817
Epoch 92: loss=2.09749
Epoch 93: loss=2.11061
Epoch 94: loss=2.10381
Epoch 95: loss=2.07451
Epoch 96: loss=2.03267
Epoch 97: loss=2.01135
Epoch 98: loss=2.01590
Epoch 99: loss=2.00199
Epoch 100: loss=1.99705
Epoch 101: loss=1.98095
Epoch 102: loss=1.97333
Epoch 103: loss=1.98176
Epoch 104: loss=1.97352
Epoch 105: loss=1.96517
Epoch 106: loss=1.96197
Epoch 107: loss=1.94242
Epoch 108: loss=1.93728
Epoch 109: loss=1.92266
Epoch 110: loss=1.91956
Epoch 111: loss=1.91268
Epoch 112: loss=1.90379
Epoch 113: loss=1.87946
Epoch 114: loss=1.89051
Epoch 115: loss=1.88951
Epoch 116: loss=1.88018
Epoch 117: loss=1.86612
Epoch 118: loss=1.87141
Epoch 119: loss=1.85019
Epoch 120: loss=1.83239
Epoch 121: loss=1.81609
Epoch 122: loss=1.81179
Epoch 123: loss=1.81096
Epoch 124: loss=1.78921
Epoch 125: loss=1.78111
Epoch 126: loss=1.76394
Epoch 127: loss=1.75473
Epoch 128: loss=1.74020
Epoch 129: loss=1.73984
Epoch 130: loss=1.72004
Epoch 131: loss=1.71555
Epoch 132: loss=1.69398
Epoch 133: loss=1.70037
Epoch 134: loss=1.69431
Epoch 135: loss=1.69184
Epoch 136: loss=1.68754
Epoch 137: loss=1.70615
Epoch 138: loss=1.67622
Epoch 139: loss=1.67558
Epoch 140: loss=1.67251
Epoch 141: loss=1.66717
Epoch 142: loss=1.66510
Epoch 143: loss=1.66621
Epoch 144: loss=1.66555
Epoch 145: loss=1.67190
Epoch 146: loss=1.65523
Epoch 147: loss=1.64034
Epoch 148: loss=1.64754
Epoch 149: loss=1.62669
Epoch 150: loss=1.62234
Epoch 151: loss=1.61536
Epoch 152: loss=1.61399
Epoch 153: loss=1.58948
Epoch 154: loss=1.58770
Epoch 155: loss=1.58379
Epoch 156: loss=1.59397
Epoch 157: loss=1.58194
Epoch 158: loss=1.58833
Epoch 159: loss=1.58122
Epoch 160: loss=1.56426
Epoch 161: loss=1.57948
Epoch 162: loss=1.57305
Epoch 163: loss=1.57490
Epoch 164: loss=1.56403
Epoch 165: loss=1.53902
Epoch 166: loss=1.52276
Epoch 167: loss=1.52032
Epoch 168: loss=1.52338
Epoch 169: loss=1.51959
Epoch 170: loss=1.50462
Epoch 171: loss=1.51540
Epoch 172: loss=1.51208
Epoch 173: loss=1.51892
Epoch 174: loss=1.50959
Epoch 175: loss=1.47879
Epoch 176: loss=1.50965
Epoch 177: loss=1.49467
Epoch 178: loss=1.47958
Epoch 179: loss=1.48721
Epoch 180: loss=1.47378
Epoch 181: loss=1.46415
Epoch 182: loss=1.44610
Epoch 183: loss=1.44191
Epoch 184: loss=1.43884
Epoch 185: loss=1.45756
Epoch 186: loss=1.45169
Epoch 187: loss=1.44459
Epoch 188: loss=1.44539
Epoch 189: loss=1.43135
Epoch 190: loss=1.43229
Epoch 191: loss=1.42272
Epoch 192: loss=1.43530
Epoch 193: loss=1.42191
Epoch 194: loss=1.42170
Epoch 195: loss=1.41795
Epoch 196: loss=1.41821
Epoch 197: loss=1.41585
Epoch 198: loss=1.39601
Epoch 199: loss=1.38397
Epoch 200: loss=1.38819
Epoch 201: loss=1.38101
Epoch 202: loss=1.38630
Epoch 203: loss=1.38555
Epoch 204: loss=1.37619
Epoch 205: loss=1.36964
Epoch 206: loss=1.38089
Epoch 207: loss=1.38023
Epoch 208: loss=1.37189
Epoch 209: loss=1.36191
Epoch 210: loss=1.35289
Epoch 211: loss=1.34864
Epoch 212: loss=1.35501
Epoch 213: loss=1.34656
Epoch 214: loss=1.34979
Epoch 215: loss=1.34188
Epoch 216: loss=1.36856
Epoch 217: loss=1.34455
Epoch 218: loss=1.35218
Epoch 219: loss=1.34848
Epoch 220: loss=1.37690
Epoch 221: loss=1.34266
Epoch 222: loss=1.32367
Epoch 223: loss=1.34396
Epoch 224: loss=1.33900
Epoch 225: loss=1.31564
Epoch 226: loss=1.31356
Epoch 227: loss=1.31127
Epoch 228: loss=1.30338
Epoch 229: loss=1.30210
Epoch 230: loss=1.29520
Epoch 231: loss=1.28679
Epoch 232: loss=1.27954
Epoch 233: loss=1.26558
Epoch 234: loss=1.25303
Epoch 235: loss=1.27589
Epoch 236: loss=1.27309
Epoch 237: loss=1.27445
Epoch 238: loss=1.26238
Epoch 239: loss=1.25059
Epoch 240: loss=1.25819
Epoch 241: loss=1.26460
Epoch 242: loss=1.26381
Epoch 243: loss=1.25062
Epoch 244: loss=1.26079
Epoch 245: loss=1.24382
Epoch 246: loss=1.25058
Epoch 247: loss=1.24191
Epoch 248: loss=1.25267
Epoch 249: loss=1.25244
Epoch 250: loss=1.24446
Epoch 251: loss=1.24261
Epoch 252: loss=1.22758
Epoch 253: loss=1.23608
Epoch 254: loss=1.22141
Epoch 255: loss=1.23699
Epoch 256: loss=1.22843
Epoch 257: loss=1.22045
Epoch 258: loss=1.22076
Epoch 259: loss=1.21419
Epoch 260: loss=1.20873
Epoch 261: loss=1.21458
Epoch 262: loss=1.20902
Epoch 263: loss=1.19605
Epoch 264: loss=1.18768
Epoch 265: loss=1.18847
Epoch 266: loss=1.19564
Epoch 267: loss=1.19867
Epoch 268: loss=1.17977
Epoch 269: loss=1.17038
Epoch 270: loss=1.19287
Epoch 271: loss=1.17316
Epoch 272: loss=1.17470
Epoch 273: loss=1.17804
Epoch 274: loss=1.16330
Epoch 275: loss=1.16309
Epoch 276: loss=1.16200
Epoch 277: loss=1.18274
Epoch 278: loss=1.17305
Epoch 279: loss=1.17273
Epoch 280: loss=1.17662
Epoch 281: loss=1.17837
Epoch 282: loss=1.17524
Epoch 283: loss=1.17783
Epoch 284: loss=1.17105
Epoch 285: loss=1.15162
Epoch 286: loss=1.15665
Epoch 287: loss=1.14879
Epoch 288: loss=1.15538
Epoch 289: loss=1.14981
Epoch 290: loss=1.14301
Epoch 291: loss=1.14622
Epoch 292: loss=1.14738
Epoch 293: loss=1.14300
Epoch 294: loss=1.14687
Epoch 295: loss=1.15666
Epoch 296: loss=1.15060
Epoch 297: loss=1.15381
Epoch 298: loss=1.14651
Epoch 299: loss=1.15404
Epoch 300: loss=1.16390
Epoch 301: loss=1.16569
Epoch 302: loss=1.16299
Epoch 303: loss=1.14554
Epoch 304: loss=1.14962
Epoch 305: loss=1.10618
Epoch 306: loss=1.11434
Epoch 307: loss=1.12565
Epoch 308: loss=1.12540
Epoch 309: loss=1.12024
Epoch 310: loss=1.11195
Epoch 311: loss=1.09137
Epoch 312: loss=1.09122
Epoch 313: loss=1.10264
Epoch 314: loss=1.10854
Epoch 315: loss=1.10271
Epoch 316: loss=1.09990
Epoch 317: loss=1.10636
Epoch 318: loss=1.08576
Epoch 319: loss=1.09426
Epoch 320: loss=1.09384
Epoch 321: loss=1.09082
Epoch 322: loss=1.08487
Epoch 323: loss=1.08027
Epoch 324: loss=1.06895
Epoch 325: loss=1.06737
Epoch 326: loss=1.07396
Epoch 327: loss=1.08926
Epoch 328: loss=1.09056
Epoch 329: loss=1.06569
Epoch 330: loss=1.06610
Epoch 331: loss=1.07127
Epoch 332: loss=1.08085
Epoch 333: loss=1.05739
Epoch 334: loss=1.06028
Epoch 335: loss=1.06061
Epoch 336: loss=1.04744
Epoch 337: loss=1.05670
Epoch 338: loss=1.04869
Epoch 339: loss=1.05103
Epoch 340: loss=1.04485
Epoch 341: loss=1.04187
Epoch 342: loss=1.04157
Epoch 343: loss=1.03809
Epoch 344: loss=1.03281
Epoch 345: loss=1.02987
Epoch 346: loss=1.04623
Epoch 347: loss=1.04181
Epoch 348: loss=1.02780
Epoch 349: loss=1.02727
Epoch 350: loss=1.04911
Epoch 351: loss=1.05932
Epoch 352: loss=1.05251
Epoch 353: loss=1.04761
Epoch 354: loss=1.02907
Epoch 355: loss=1.02243
Epoch 356: loss=1.01699
Epoch 357: loss=1.03160
Epoch 358: loss=1.02931
Epoch 359: loss=1.01178
Epoch 360: loss=1.02194
Epoch 361: loss=1.01990
Epoch 362: loss=1.03313
Epoch 363: loss=1.04121
Epoch 364: loss=1.02421
Epoch 365: loss=1.02151
Epoch 366: loss=1.03767
Epoch 367: loss=1.04316
Epoch 368: loss=1.04797
Epoch 369: loss=1.06389
Epoch 370: loss=1.06487
Epoch 371: loss=1.07182
Epoch 372: loss=1.07461
Epoch 373: loss=1.05119
Epoch 374: loss=1.05945
Epoch 375: loss=1.06196
Epoch 376: loss=1.05226
Epoch 377: loss=1.03608
Epoch 378: loss=1.02609
Epoch 379: loss=1.01765
Epoch 380: loss=1.01410
Epoch 381: loss=1.02026
Epoch 382: loss=1.02379
Epoch 383: loss=1.01424
Epoch 384: loss=1.01985
Epoch 385: loss=1.00179
Epoch 386: loss=1.01841
Epoch 387: loss=0.99271
Epoch 388: loss=0.99255
Epoch 389: loss=0.99407
Epoch 390: loss=0.99569
Epoch 391: loss=1.00516
Epoch 392: loss=1.00448
Epoch 393: loss=1.00017
Epoch 394: loss=0.98700
Epoch 395: loss=0.98453
Epoch 396: loss=1.00439
Epoch 397: loss=1.00652
Epoch 398: loss=0.98468
Epoch 399: loss=0.98634
Epoch 400: loss=0.99774
Epoch 401: loss=0.99266
Epoch 402: loss=0.99931
Epoch 403: loss=1.01091
Epoch 404: loss=0.97980
Epoch 405: loss=0.97346
Epoch 406: loss=1.00324
Epoch 407: loss=0.97876
Epoch 408: loss=0.97760
Epoch 409: loss=0.98365
Epoch 410: loss=0.97846
Epoch 411: loss=0.99139
Epoch 412: loss=0.98313
Epoch 413: loss=0.97328
Epoch 414: loss=0.97932
Epoch 415: loss=0.97834
Epoch 416: loss=0.98351
Epoch 417: loss=0.97184
Epoch 418: loss=0.95060
Epoch 419: loss=0.95054
Epoch 420: loss=0.96512
Epoch 421: loss=0.96212
Epoch 422: loss=0.98778
Epoch 423: loss=0.97330
Epoch 424: loss=0.98543
Epoch 425: loss=0.96743
Epoch 426: loss=0.95843
Epoch 427: loss=0.95371
Epoch 428: loss=0.96327
Epoch 429: loss=0.96551
Epoch 430: loss=0.97428
Epoch 431: loss=0.97914
Epoch 432: loss=0.96712
Epoch 433: loss=0.96060
Epoch 434: loss=0.96381
Epoch 435: loss=0.97604
Epoch 436: loss=0.98821
Epoch 437: loss=0.94497
Epoch 438: loss=0.98003
Epoch 439: loss=0.96495
Epoch 440: loss=0.96771
Epoch 441: loss=0.96183
Epoch 442: loss=0.94923
Epoch 443: loss=0.97074
Epoch 444: loss=0.97000
Epoch 445: loss=0.96938
Epoch 446: loss=0.97056
Epoch 447: loss=0.98220
Epoch 448: loss=0.97114
Epoch 449: loss=0.94111
Epoch 450: loss=0.95273
Epoch 451: loss=0.94323
Epoch 452: loss=0.93581
Epoch 453: loss=0.93035
Epoch 454: loss=0.92378
Epoch 455: loss=0.94261
Epoch 456: loss=0.94804
Epoch 457: loss=0.93568
Epoch 458: loss=0.93799
Epoch 459: loss=0.93937
Epoch 460: loss=0.92418
Epoch 461: loss=0.93574
Epoch 462: loss=0.93398
Epoch 463: loss=0.94714
Epoch 464: loss=0.93500
Epoch 465: loss=0.93085
Epoch 466: loss=0.94128
Epoch 467: loss=0.95137
Epoch 468: loss=0.93761
Epoch 469: loss=0.96440
Epoch 470: loss=0.98481
Epoch 471: loss=0.99107
Epoch 472: loss=0.97650
Epoch 473: loss=0.98310
Epoch 474: loss=0.98572
Epoch 475: loss=0.99474
Epoch 476: loss=0.97458
Epoch 477: loss=0.98680
Epoch 478: loss=0.97676
Epoch 479: loss=0.95315
Epoch 480: loss=0.91794
Epoch 481: loss=0.92219
Epoch 482: loss=0.91428
Epoch 483: loss=0.91724
Epoch 484: loss=0.92338
Epoch 485: loss=0.92854
Epoch 486: loss=0.92492
Epoch 487: loss=0.91550
Epoch 488: loss=0.91570
Epoch 489: loss=0.90661
Epoch 490: loss=0.91061
Epoch 491: loss=0.91837
Epoch 492: loss=0.89586
Epoch 493: loss=0.90986
Epoch 494: loss=0.90093
Epoch 495: loss=0.89961
Epoch 496: loss=0.90563
Epoch 497: loss=0.91215
Epoch 498: loss=0.89835
Epoch 499: loss=0.90449
Epoch 500: loss=0.89270
Epoch 501: loss=0.87811
Epoch 502: loss=0.88772
Epoch 503: loss=0.88652
Epoch 504: loss=0.88365
Epoch 505: loss=0.88582
Epoch 506: loss=0.88610
Epoch 507: loss=0.87501
Epoch 508: loss=0.86545
Epoch 509: loss=0.87733
Epoch 510: loss=0.87209
Epoch 511: loss=0.88231
Epoch 512: loss=0.89663
Epoch 513: loss=0.91354
Epoch 514: loss=0.88971
Epoch 515: loss=0.86508
Epoch 516: loss=0.84980
Epoch 517: loss=0.85992
Epoch 518: loss=0.87199
Epoch 519: loss=0.86486
Epoch 520: loss=0.86373
Epoch 521: loss=0.85946
Epoch 522: loss=0.86127
Epoch 523: loss=0.85763
Epoch 524: loss=0.86960
Epoch 525: loss=0.85902
Epoch 526: loss=0.84840
Epoch 527: loss=0.85870
Epoch 528: loss=0.85686
Epoch 529: loss=0.84602
Epoch 530: loss=0.84492
Epoch 531: loss=0.85085
Epoch 532: loss=0.84181
Epoch 533: loss=0.85554
Epoch 534: loss=0.83643
Epoch 535: loss=0.84414
Epoch 536: loss=0.84181
Epoch 537: loss=0.85071
Epoch 538: loss=0.84564
Epoch 539: loss=0.85950
Epoch 540: loss=0.85202
Epoch 541: loss=0.83407
Epoch 542: loss=0.83519
Epoch 543: loss=0.85128
Epoch 544: loss=0.84977
Epoch 545: loss=0.84983
Epoch 546: loss=0.84691
Epoch 547: loss=0.84652
Epoch 548: loss=0.84012
Epoch 549: loss=0.84713
Epoch 550: loss=0.84254
Epoch 551: loss=0.83692
Epoch 552: loss=0.84040
Epoch 553: loss=0.83458
Epoch 554: loss=0.84217
Epoch 555: loss=0.84266
Epoch 556: loss=0.83202
Epoch 557: loss=0.85442
Epoch 558: loss=0.85306
Epoch 559: loss=0.83392
Epoch 560: loss=0.84054
Epoch 561: loss=0.83111
Epoch 562: loss=0.83420
Epoch 563: loss=0.83481
Epoch 564: loss=0.83508
Epoch 565: loss=0.82572
Epoch 566: loss=0.81913
Epoch 567: loss=0.83638
Epoch 568: loss=0.81649
Epoch 569: loss=0.82766
Epoch 570: loss=0.81752
Epoch 571: loss=0.81824
Epoch 572: loss=0.81673
Epoch 573: loss=0.81991
Epoch 574: loss=0.81255
Epoch 575: loss=0.82611
Epoch 576: loss=0.83572
Epoch 577: loss=0.82585
Epoch 578: loss=0.81974
Epoch 579: loss=0.82903
Epoch 580: loss=0.81521
Epoch 581: loss=0.80604
Epoch 582: loss=0.80504
Epoch 583: loss=0.81342
Epoch 584: loss=0.81201
Epoch 585: loss=0.79987
Epoch 586: loss=0.79607
Epoch 587: loss=0.79368
Epoch 588: loss=0.81025
Epoch 589: loss=0.80385
Epoch 590: loss=0.80812
Epoch 591: loss=0.81595
Epoch 592: loss=0.81375
Epoch 593: loss=0.81340
Epoch 594: loss=0.80419
Epoch 595: loss=0.81445
Epoch 596: loss=0.80381
Epoch 597: loss=0.80371
Epoch 598: loss=0.80248
Epoch 599: loss=0.78752
Epoch 600: loss=0.79411
Epoch 601: loss=0.80631
Epoch 602: loss=0.78623
Epoch 603: loss=0.78489
Epoch 604: loss=0.79372
Epoch 605: loss=0.81132
Epoch 606: loss=0.80022
Epoch 607: loss=0.78380
Epoch 608: loss=0.79126
Epoch 609: loss=0.78257
Epoch 610: loss=0.78483
Epoch 611: loss=0.76874
Epoch 612: loss=0.77203
Epoch 613: loss=0.78473
Epoch 614: loss=0.77800
Epoch 615: loss=0.78196
Epoch 616: loss=0.79812
Epoch 617: loss=0.81883
Epoch 618: loss=0.78844
Epoch 619: loss=0.77925
Epoch 620: loss=0.78675
Epoch 621: loss=0.79002
Epoch 622: loss=0.80337
Epoch 623: loss=0.80052
Epoch 624: loss=0.79607
Epoch 625: loss=0.79464
Epoch 626: loss=0.78909
Epoch 627: loss=0.77623
Epoch 628: loss=0.77570
Epoch 629: loss=0.77142
Epoch 630: loss=0.75793
Epoch 631: loss=0.76830
Epoch 632: loss=0.76982
Epoch 633: loss=0.75356
Epoch 634: loss=0.76467
Epoch 635: loss=0.76229
Epoch 636: loss=0.79031
Epoch 637: loss=0.77623
Epoch 638: loss=0.77212
Epoch 639: loss=0.77014
Epoch 640: loss=0.77958
Epoch 641: loss=0.77279
Epoch 642: loss=0.77835
Epoch 643: loss=0.79630
Epoch 644: loss=0.78513
Epoch 645: loss=0.76996
Epoch 646: loss=0.77288
Epoch 647: loss=0.75859
Epoch 648: loss=0.78541
Epoch 649: loss=0.78342
Epoch 650: loss=0.76074
Epoch 651: loss=0.76277
Epoch 652: loss=0.76365
Epoch 653: loss=0.76936
Epoch 654: loss=0.77776
Epoch 655: loss=0.76847
Epoch 656: loss=0.77654
Epoch 657: loss=0.76862
Epoch 658: loss=0.76345
Epoch 659: loss=0.78230
Epoch 660: loss=0.78311
Epoch 661: loss=0.78494
Epoch 662: loss=0.78824
Epoch 663: loss=0.80320
Epoch 664: loss=0.80446
Epoch 665: loss=0.78499
Epoch 666: loss=0.78879
Epoch 667: loss=0.80896
Epoch 668: loss=0.80237
Epoch 669: loss=0.79763
Epoch 670: loss=0.78381
Epoch 671: loss=0.79406
Epoch 672: loss=0.79333
Epoch 673: loss=0.81382
Epoch 674: loss=0.79990
Epoch 675: loss=0.82320
Epoch 676: loss=0.80737
Epoch 677: loss=0.78246
Epoch 678: loss=0.78206
Epoch 679: loss=0.77311
Epoch 680: loss=0.76834
Epoch 681: loss=0.75555
Epoch 682: loss=0.77370
Epoch 683: loss=0.76742
Epoch 684: loss=0.75593
Epoch 685: loss=0.76960
Epoch 686: loss=0.76287
Epoch 687: loss=0.76089
Epoch 688: loss=0.75786
Epoch 689: loss=0.75928
Epoch 690: loss=0.76637
Epoch 691: loss=0.75808
Epoch 692: loss=0.75056
Epoch 693: loss=0.74966
Epoch 694: loss=0.74503
Epoch 695: loss=0.74386
Epoch 696: loss=0.76026
Epoch 697: loss=0.77136
Epoch 698: loss=0.77436
Epoch 699: loss=0.77199
Epoch 700: loss=0.76863
Epoch 701: loss=0.78892
Epoch 702: loss=0.79187
Epoch 703: loss=0.80039
Epoch 704: loss=0.76531
Epoch 705: loss=0.74990
Epoch 706: loss=0.75830
Epoch 707: loss=0.73393
Epoch 708: loss=0.74665
Epoch 709: loss=0.74928
Epoch 710: loss=0.75637
Epoch 711: loss=0.76717
Epoch 712: loss=0.75683
Epoch 713: loss=0.75729
Epoch 714: loss=0.74858
Epoch 715: loss=0.75028
Epoch 716: loss=0.75034
Epoch 717: loss=0.78381
Epoch 718: loss=0.79212
Epoch 719: loss=0.76142
Epoch 720: loss=0.75703
Epoch 721: loss=0.78997
Epoch 722: loss=0.79375
Epoch 723: loss=0.79937
Epoch 724: loss=0.82039
Epoch 725: loss=0.77580
Epoch 726: loss=0.76416
Epoch 727: loss=0.76267
Epoch 728: loss=0.76005
Epoch 729: loss=0.75966
Epoch 730: loss=0.74516
Epoch 731: loss=0.74487
Epoch 732: loss=0.74337
Epoch 733: loss=0.73796
Epoch 734: loss=0.73689
Epoch 735: loss=0.74569
Epoch 736: loss=0.73693
Epoch 737: loss=0.76064
Epoch 738: loss=0.74436
Epoch 739: loss=0.74724
Epoch 740: loss=0.73194
Epoch 741: loss=0.71976
Epoch 742: loss=0.72592
Epoch 743: loss=0.75481
Epoch 744: loss=0.74802
Epoch 745: loss=0.75894
Epoch 746: loss=0.75215
Epoch 747: loss=0.74297
Epoch 748: loss=0.73317
Epoch 749: loss=0.72965
Epoch 750: loss=0.71711
Epoch 751: loss=0.73482
Epoch 752: loss=0.74302
Epoch 753: loss=0.71697
Epoch 754: loss=0.71811
Epoch 755: loss=0.71618
Epoch 756: loss=0.71883
Epoch 757: loss=0.71433
Epoch 758: loss=0.71911
Epoch 759: loss=0.72846
Epoch 760: loss=0.74588
Epoch 761: loss=0.76575
Epoch 762: loss=0.74270
Epoch 763: loss=0.73757
Epoch 764: loss=0.73121
Epoch 765: loss=0.73549
Epoch 766: loss=0.73727
Epoch 767: loss=0.74214
Epoch 768: loss=0.74557
Epoch 769: loss=0.76452
Epoch 770: loss=0.76975
Epoch 771: loss=0.78926
Epoch 772: loss=0.78047
Epoch 773: loss=0.78584
Epoch 774: loss=0.78607
Epoch 775: loss=0.77818
Epoch 776: loss=0.75773
Epoch 777: loss=0.74828
Epoch 778: loss=0.75286
Epoch 779: loss=0.74652
Epoch 780: loss=0.73235
Epoch 781: loss=0.73388
Epoch 782: loss=0.71646
Epoch 783: loss=0.70455
Epoch 784: loss=0.70507
Epoch 785: loss=0.70068
Epoch 786: loss=0.71063
Epoch 787: loss=0.71080
Epoch 788: loss=0.68927
Epoch 789: loss=0.70267
Epoch 790: loss=0.70310
Epoch 791: loss=0.69812
Epoch 792: loss=0.69125
Epoch 793: loss=0.70176
Epoch 794: loss=0.71246
Epoch 795: loss=0.70438
Epoch 796: loss=0.69091
Epoch 797: loss=0.69564
Epoch 798: loss=0.70489
Epoch 799: loss=0.70050
Epoch 800: loss=0.68883
Epoch 801: loss=0.67932
Epoch 802: loss=0.68988
Epoch 803: loss=0.67895
Epoch 804: loss=0.67925
Epoch 805: loss=0.67939
Epoch 806: loss=0.69024
Epoch 807: loss=0.69162
Epoch 808: loss=0.69427
Epoch 809: loss=0.67855
Epoch 810: loss=0.67322
Epoch 811: loss=0.68133
Epoch 812: loss=0.69153
Epoch 813: loss=0.69051
Epoch 814: loss=0.68603
Epoch 815: loss=0.67544
Epoch 816: loss=0.68439
Epoch 817: loss=0.67848
Epoch 818: loss=0.68120
Epoch 819: loss=0.67309
Epoch 820: loss=0.68112
Epoch 821: loss=0.67551
Epoch 822: loss=0.68138
Epoch 823: loss=0.68235
Epoch 824: loss=0.68970
Epoch 825: loss=0.68774
Epoch 826: loss=0.69468
Epoch 827: loss=0.67943
Epoch 828: loss=0.67846
Epoch 829: loss=0.67963
Epoch 830: loss=0.66796
Epoch 831: loss=0.67238
Epoch 832: loss=0.67414
Epoch 833: loss=0.67834
Epoch 834: loss=0.68185
Epoch 835: loss=0.66099
Epoch 836: loss=0.65693
Epoch 837: loss=0.66300
Epoch 838: loss=0.67955
Epoch 839: loss=0.67167
Epoch 840: loss=0.68783
Epoch 841: loss=0.65391
Epoch 842: loss=0.64074
Epoch 843: loss=0.66882
Epoch 844: loss=0.66400
Epoch 845: loss=0.65260
Epoch 846: loss=0.65097
Epoch 847: loss=0.65862
Epoch 848: loss=0.65699
Epoch 849: loss=0.65256
Epoch 850: loss=0.65735
Epoch 851: loss=0.65506
Epoch 852: loss=0.65019
Epoch 853: loss=0.66403
Epoch 854: loss=0.65022
Epoch 855: loss=0.65134
Epoch 856: loss=0.64953
Epoch 857: loss=0.66462
Epoch 858: loss=0.66849
Epoch 859: loss=0.67168
Epoch 860: loss=0.66071
Epoch 861: loss=0.67370
Epoch 862: loss=0.68936
Epoch 863: loss=0.66692
Epoch 864: loss=0.66632
Epoch 865: loss=0.66815
Epoch 866: loss=0.66036
Epoch 867: loss=0.65175
Epoch 868: loss=0.65879
Epoch 869: loss=0.66034
Epoch 870: loss=0.63565
Epoch 871: loss=0.64634
Epoch 872: loss=0.65530
Epoch 873: loss=0.66489
Epoch 874: loss=0.65458
Epoch 875: loss=0.64371
Epoch 876: loss=0.63875
Epoch 877: loss=0.64759
Epoch 878: loss=0.64677
Epoch 879: loss=0.65157
Epoch 880: loss=0.64339
Epoch 881: loss=0.65126
Epoch 882: loss=0.63682
Epoch 883: loss=0.64001
Epoch 884: loss=0.63937
Epoch 885: loss=0.64969
Epoch 886: loss=0.64084
Epoch 887: loss=0.63671
Epoch 888: loss=0.63247
Epoch 889: loss=0.63171
Epoch 890: loss=0.63177
Epoch 891: loss=0.64240
Epoch 892: loss=0.62395
Epoch 893: loss=0.62529
Epoch 894: loss=0.63505
Epoch 895: loss=0.63384
Epoch 896: loss=0.62642
Epoch 897: loss=0.62117
Epoch 898: loss=0.64092
Epoch 899: loss=0.63826
Epoch 900: loss=0.61815
Epoch 901: loss=0.62743
Epoch 902: loss=0.62280
Epoch 903: loss=0.61800
Epoch 904: loss=0.64203
Epoch 905: loss=0.65728
Epoch 906: loss=0.65943
Epoch 907: loss=0.65940
Epoch 908: loss=0.67691
Epoch 909: loss=0.70282
Epoch 910: loss=0.70460
Epoch 911: loss=0.71672
Epoch 912: loss=0.71332
Epoch 913: loss=0.72450
Epoch 914: loss=0.74518
Epoch 915: loss=0.77865
Epoch 916: loss=0.76884
Epoch 917: loss=0.75727
Epoch 918: loss=0.75215
Epoch 919: loss=0.74314
Epoch 920: loss=0.68546
Epoch 921: loss=0.67643
Epoch 922: loss=0.67039
Epoch 923: loss=0.67558
Epoch 924: loss=0.66965
Epoch 925: loss=0.65948
Epoch 926: loss=0.65736
Epoch 927: loss=0.65241
Epoch 928: loss=0.65818
Epoch 929: loss=0.65676
Epoch 930: loss=0.66041
Epoch 931: loss=0.66599
Epoch 932: loss=0.70974
Epoch 933: loss=0.67316
Epoch 934: loss=0.67820
Epoch 935: loss=0.65825
Epoch 936: loss=0.67195
Epoch 937: loss=0.65090
Epoch 938: loss=0.67644
Epoch 939: loss=0.67441
Epoch 940: loss=0.67521
Epoch 941: loss=0.65645
Epoch 942: loss=0.67200
Epoch 943: loss=0.65909
Epoch 944: loss=0.67153
Epoch 945: loss=0.67494
Epoch 946: loss=0.66579
Epoch 947: loss=0.67024
Epoch 948: loss=0.67141
Epoch 949: loss=0.68867
Epoch 950: loss=0.67734
Epoch 951: loss=0.67149
Epoch 952: loss=0.68159
Epoch 953: loss=0.68877
Epoch 954: loss=0.68207
Epoch 955: loss=0.69535
Epoch 956: loss=0.70130
Epoch 957: loss=0.68646
Epoch 958: loss=0.69930
Epoch 959: loss=0.69180
Epoch 960: loss=0.68421
Epoch 961: loss=0.68739
Epoch 962: loss=0.67787
Epoch 963: loss=0.67300
Epoch 964: loss=0.67882
Epoch 965: loss=0.69608
Epoch 966: loss=0.69039
Epoch 967: loss=0.65936
Epoch 968: loss=0.67062
Epoch 969: loss=0.68624
Epoch 970: loss=0.70603
Epoch 971: loss=0.72101
Epoch 972: loss=0.69467
Epoch 973: loss=0.68703
Epoch 974: loss=0.69106
Epoch 975: loss=0.69710
Epoch 976: loss=0.67150
Epoch 977: loss=0.67728
Epoch 978: loss=0.67392
Epoch 979: loss=0.70317
Epoch 980: loss=0.68445
Epoch 981: loss=0.68363
Epoch 982: loss=0.66656
Epoch 983: loss=0.66151
Epoch 984: loss=0.64443
Epoch 985: loss=0.67700
Epoch 986: loss=0.66246
Epoch 987: loss=0.66184
Epoch 988: loss=0.66315
Epoch 989: loss=0.67754
Epoch 990: loss=0.67616
Epoch 991: loss=0.67868
Epoch 992: loss=0.68424
Epoch 993: loss=0.68067
Epoch 994: loss=0.69251
Epoch 995: loss=0.72299
Epoch 996: loss=0.72823
Epoch 997: loss=0.73392
Epoch 998: loss=0.74965
Epoch 999: loss=0.75661
Epoch 1000: loss=0.75930
Training accuracy: 0.812
Test accuracy: 0.559

File list dumped

Saved in file
