/home/venkat/Unreliable_Synaptic_Transmission/Deepti/DOPcodes/SHD/dataset/shddataset/
2 layered 128 unit SNN made weight variables and loss histogram
The file is present.
Epoch 1: loss=0.79759
Epoch 2: loss=0.81322
Epoch 3: loss=0.86318
Epoch 4: loss=0.84119
Epoch 5: loss=0.80888
Epoch 6: loss=0.77226
Epoch 7: loss=0.75886
Epoch 8: loss=0.72673
Epoch 9: loss=0.70963
Epoch 10: loss=0.69501
Trained for 10 epochs
Training accuracy: 0.838
Epoch 1: loss=0.68933
Epoch 2: loss=0.69283
Epoch 3: loss=0.68666
Epoch 4: loss=0.71038
Epoch 5: loss=0.72327
Epoch 6: loss=0.70026
Epoch 7: loss=0.68517
Epoch 8: loss=0.68418
Epoch 9: loss=0.68645
Epoch 10: loss=0.69108
Epoch 11: loss=0.69085
Epoch 12: loss=0.69435
Epoch 13: loss=0.67989
Epoch 14: loss=0.67599
Epoch 15: loss=0.68105
Epoch 16: loss=0.68605
Epoch 17: loss=0.68788
Epoch 18: loss=0.66324
Epoch 19: loss=0.68390
Epoch 20: loss=0.68952
Epoch 21: loss=0.65577
Epoch 22: loss=0.68452
Epoch 23: loss=0.68935
Epoch 24: loss=0.67623
Epoch 25: loss=0.66830
Epoch 26: loss=0.66670
Epoch 27: loss=0.67399
Epoch 28: loss=0.67122
Epoch 29: loss=0.65488
Epoch 30: loss=0.67937
Epoch 31: loss=0.67445
Epoch 32: loss=0.67443
Epoch 33: loss=0.70845
Epoch 34: loss=0.70363
Epoch 35: loss=0.70300
Epoch 36: loss=0.70531
Epoch 37: loss=0.72176
Epoch 38: loss=0.71768
Epoch 39: loss=0.69964
Epoch 40: loss=0.69223
Epoch 41: loss=0.69617
Epoch 42: loss=0.67168
Epoch 43: loss=0.65272
Epoch 44: loss=0.63531
Epoch 45: loss=0.64601
Epoch 46: loss=0.63790
Epoch 47: loss=0.63985
Epoch 48: loss=0.63736
Epoch 49: loss=0.64211
Epoch 50: loss=0.63198
Epoch 51: loss=0.64299
Epoch 52: loss=0.63890
Epoch 53: loss=0.64542
Epoch 54: loss=0.62541
Epoch 55: loss=0.63632
Epoch 56: loss=0.63227
Epoch 57: loss=0.64022
Epoch 58: loss=0.65788
Epoch 59: loss=0.65052
Epoch 60: loss=0.67686
Epoch 61: loss=0.68844
Epoch 62: loss=0.69904
Epoch 63: loss=0.65964
Epoch 64: loss=0.66295
Epoch 65: loss=0.65160
Epoch 66: loss=0.63978
Epoch 67: loss=0.65624
Epoch 68: loss=0.67237
Epoch 69: loss=0.63513
Epoch 70: loss=0.62120
Epoch 71: loss=0.62547
Epoch 72: loss=0.63871
Epoch 73: loss=0.62870
Epoch 74: loss=0.62279
Epoch 75: loss=0.62916
Epoch 76: loss=0.62610
Epoch 77: loss=0.61335
Epoch 78: loss=0.62671
Epoch 79: loss=0.63262
Epoch 80: loss=0.61603
Epoch 81: loss=0.61352
Epoch 82: loss=0.61748
Epoch 83: loss=0.61405
Epoch 84: loss=0.62954
Epoch 85: loss=0.62079
Epoch 86: loss=0.62393
Epoch 87: loss=0.62599
Epoch 88: loss=0.60616
Epoch 89: loss=0.61453
Epoch 90: loss=0.61999
Epoch 91: loss=0.61565
Epoch 92: loss=0.61787
Epoch 93: loss=0.60428
Epoch 94: loss=0.61274
Epoch 95: loss=0.61526
Epoch 96: loss=0.61297
Epoch 97: loss=0.60607
Epoch 98: loss=0.61504
Epoch 99: loss=0.62771
Epoch 100: loss=0.62889
Epoch 101: loss=0.61848
Epoch 102: loss=0.62003
Epoch 103: loss=0.62266
Epoch 104: loss=0.61456
Epoch 105: loss=0.62848
Epoch 106: loss=0.61583
Epoch 107: loss=0.61554
Epoch 108: loss=0.61598
Epoch 109: loss=0.61307
Epoch 110: loss=0.62066
Epoch 111: loss=0.60703
Epoch 112: loss=0.60895
Epoch 113: loss=0.60260
Epoch 114: loss=0.61852
Epoch 115: loss=0.61013
Epoch 116: loss=0.60291
Epoch 117: loss=0.61377
Epoch 118: loss=0.60097
Epoch 119: loss=0.59930
Epoch 120: loss=0.60348
Epoch 121: loss=0.60793
Epoch 122: loss=0.63077
Epoch 123: loss=0.61630
Epoch 124: loss=0.62661
Epoch 125: loss=0.64067
Epoch 126: loss=0.60935
Epoch 127: loss=0.62210
Epoch 128: loss=0.62774
Epoch 129: loss=0.61020
Epoch 130: loss=0.59409
Epoch 131: loss=0.59724
Epoch 132: loss=0.61918
Epoch 133: loss=0.62196
Epoch 134: loss=0.61229
Epoch 135: loss=0.60235
Epoch 136: loss=0.56490
Epoch 137: loss=0.59288
Epoch 138: loss=0.60318
Epoch 139: loss=0.62005
Epoch 140: loss=0.61294
Epoch 141: loss=0.61082
Epoch 142: loss=0.60541
Epoch 143: loss=0.58605
Epoch 144: loss=0.59895
Epoch 145: loss=0.59523
Epoch 146: loss=0.59991
Epoch 147: loss=0.59508
Epoch 148: loss=0.58912
Epoch 149: loss=0.58950
Epoch 150: loss=0.59121
Epoch 151: loss=0.59447
Epoch 152: loss=0.59006
Epoch 153: loss=0.57924
Epoch 154: loss=0.61795
Epoch 155: loss=0.60008
Epoch 156: loss=0.60746
Epoch 157: loss=0.60633
Epoch 158: loss=0.60455
Epoch 159: loss=0.58909
Epoch 160: loss=0.59079
Epoch 161: loss=0.60743
Epoch 162: loss=0.59474
Epoch 163: loss=0.61067
Epoch 164: loss=0.60314
Epoch 165: loss=0.59637
Epoch 166: loss=0.59069
Epoch 167: loss=0.57980
Epoch 168: loss=0.58182
Epoch 169: loss=0.59264
Epoch 170: loss=0.57667
Epoch 171: loss=0.58577
Epoch 172: loss=0.58018
Epoch 173: loss=0.58357
Epoch 174: loss=0.57232
Epoch 175: loss=0.58065
Epoch 176: loss=0.57952
Epoch 177: loss=0.58397
Epoch 178: loss=0.59418
Epoch 179: loss=0.59599
Epoch 180: loss=0.58538
Epoch 181: loss=0.59062
Epoch 182: loss=0.57532
Epoch 183: loss=0.58840
Epoch 184: loss=0.60481
Epoch 185: loss=0.59888
Epoch 186: loss=0.59238
Epoch 187: loss=0.58585
Epoch 188: loss=0.57637
Epoch 189: loss=0.57937
Epoch 190: loss=0.58005
Epoch 191: loss=0.59569
Epoch 192: loss=0.58143
Epoch 193: loss=0.57299
Epoch 194: loss=0.57676
Epoch 195: loss=0.57845
Epoch 196: loss=0.58415
Epoch 197: loss=0.58123
Epoch 198: loss=0.59265
Epoch 199: loss=0.60574
Epoch 200: loss=0.61018
Epoch 201: loss=0.59541
Epoch 202: loss=0.60647
Epoch 203: loss=0.61319
Epoch 204: loss=0.60852
Epoch 205: loss=0.57228
Epoch 206: loss=0.57025
Epoch 207: loss=0.57377
Epoch 208: loss=0.57106
Epoch 209: loss=0.57097
Epoch 210: loss=0.56574
Epoch 211: loss=0.57559
Epoch 212: loss=0.56003
Epoch 213: loss=0.57355
Epoch 214: loss=0.56117
Epoch 215: loss=0.56027
Epoch 216: loss=0.55371
Epoch 217: loss=0.55202
Epoch 218: loss=0.56112
Epoch 219: loss=0.55652
Epoch 220: loss=0.55285
Epoch 221: loss=0.54996
Epoch 222: loss=0.55920
Epoch 223: loss=0.56466
Epoch 224: loss=0.54005
Epoch 225: loss=0.54825
Epoch 226: loss=0.55651
Epoch 227: loss=0.55394
Epoch 228: loss=0.53852
Epoch 229: loss=0.55689
Epoch 230: loss=0.55587
Epoch 231: loss=0.56973
Epoch 232: loss=0.57023
Epoch 233: loss=0.55793
Epoch 234: loss=0.55599
Epoch 235: loss=0.55252
Epoch 236: loss=0.55524
Epoch 237: loss=0.55932
Epoch 238: loss=0.57066
Epoch 239: loss=0.57216
Epoch 240: loss=0.56269
Epoch 241: loss=0.56101
Epoch 242: loss=0.57202
Epoch 243: loss=0.56555
Epoch 244: loss=0.55369
Epoch 245: loss=0.55970
Epoch 246: loss=0.55626
Epoch 247: loss=0.55591
Epoch 248: loss=0.53580
Epoch 249: loss=0.55475
Epoch 250: loss=0.56455
Epoch 251: loss=0.55338
Epoch 252: loss=0.56102
Epoch 253: loss=0.55446
Epoch 254: loss=0.55432
Epoch 255: loss=0.55573
Epoch 256: loss=0.57486
Epoch 257: loss=0.57665
Epoch 258: loss=0.58171
Epoch 259: loss=0.57909
Epoch 260: loss=0.57417
Epoch 261: loss=0.58669
Epoch 262: loss=0.58783
Epoch 263: loss=0.59156
Epoch 264: loss=0.59356
Epoch 265: loss=0.59893
Epoch 266: loss=0.58706
Epoch 267: loss=0.57887
Epoch 268: loss=0.54972
Epoch 269: loss=0.56210
Epoch 270: loss=0.54379
Epoch 271: loss=0.56001
Epoch 272: loss=0.57735
Epoch 273: loss=0.56589
Epoch 274: loss=0.57698
Epoch 275: loss=0.59081
Epoch 276: loss=0.58457
Epoch 277: loss=0.57948
Epoch 278: loss=0.57779
Epoch 279: loss=0.57041
Epoch 280: loss=0.56322
Epoch 281: loss=0.58392
Epoch 282: loss=0.55579
Epoch 283: loss=0.57053
Epoch 284: loss=0.55647
Epoch 285: loss=0.54837
Epoch 286: loss=0.55677
Epoch 287: loss=0.54102
Epoch 288: loss=0.55314
Epoch 289: loss=0.54024
Epoch 290: loss=0.55199
Epoch 291: loss=0.55864
Epoch 292: loss=0.56513
Epoch 293: loss=0.54737
Epoch 294: loss=0.56988
Epoch 295: loss=0.54766
Epoch 296: loss=0.56432
Epoch 297: loss=0.55757
Epoch 298: loss=0.53628
Epoch 299: loss=0.55070
Epoch 300: loss=0.53270
Epoch 301: loss=0.53009
Epoch 302: loss=0.54321
Epoch 303: loss=0.54009
Epoch 304: loss=0.54982
Epoch 305: loss=0.55967
Epoch 306: loss=0.55812
Epoch 307: loss=0.53860
Epoch 308: loss=0.53238
Epoch 309: loss=0.54465
Epoch 310: loss=0.53594
Epoch 311: loss=0.54220
Epoch 312: loss=0.53295
Epoch 313: loss=0.55336
Epoch 314: loss=0.56084
Epoch 315: loss=0.56392
Epoch 316: loss=0.54472
Epoch 317: loss=0.56082
Epoch 318: loss=0.55683
Epoch 319: loss=0.54738
Epoch 320: loss=0.56629
Epoch 321: loss=0.55511
Epoch 322: loss=0.56270
Epoch 323: loss=0.54710
Epoch 324: loss=0.56061
Epoch 325: loss=0.55733
Epoch 326: loss=0.55185
Epoch 327: loss=0.55063
Epoch 328: loss=0.55385
Epoch 329: loss=0.53740
Epoch 330: loss=0.54626
Epoch 331: loss=0.55908
Epoch 332: loss=0.56214
Epoch 333: loss=0.54861
Epoch 334: loss=0.54865
Epoch 335: loss=0.52847
Epoch 336: loss=0.52138
Epoch 337: loss=0.54127
Epoch 338: loss=0.54159
Epoch 339: loss=0.54058
Epoch 340: loss=0.54273
Epoch 341: loss=0.54762
Epoch 342: loss=0.54364
Epoch 343: loss=0.55392
Epoch 344: loss=0.55425
Epoch 345: loss=0.55013
Epoch 346: loss=0.57949
Epoch 347: loss=0.56782
Epoch 348: loss=0.54978
Epoch 349: loss=0.54964
Epoch 350: loss=0.57104
Epoch 351: loss=0.55386
Epoch 352: loss=0.57207
Epoch 353: loss=0.55561
Epoch 354: loss=0.55836
Epoch 355: loss=0.55852
Epoch 356: loss=0.56121
Epoch 357: loss=0.55628
Epoch 358: loss=0.56947
Epoch 359: loss=0.55504
Epoch 360: loss=0.54319
Epoch 361: loss=0.53338
Epoch 362: loss=0.53110
Epoch 363: loss=0.50947
Epoch 364: loss=0.51215
Epoch 365: loss=0.53219
Epoch 366: loss=0.54474
Epoch 367: loss=0.54498
Epoch 368: loss=0.53408
Epoch 369: loss=0.52977
Epoch 370: loss=0.52065
Epoch 371: loss=0.53427
Epoch 372: loss=0.53984
Epoch 373: loss=0.54107
Epoch 374: loss=0.53197
Epoch 375: loss=0.54210
Epoch 376: loss=0.54882
Epoch 377: loss=0.55271
Epoch 378: loss=0.54145
Epoch 379: loss=0.57071
Epoch 380: loss=0.55976
Epoch 381: loss=0.55151
Epoch 382: loss=0.53317
Epoch 383: loss=0.53938
Epoch 384: loss=0.57207
Epoch 385: loss=0.55046
Epoch 386: loss=0.55990
Epoch 387: loss=0.56804
Epoch 388: loss=0.54392
Epoch 389: loss=0.53771
Epoch 390: loss=0.53685
Epoch 391: loss=0.55634
Epoch 392: loss=0.55154
Epoch 393: loss=0.55895
Epoch 394: loss=0.55003
Epoch 395: loss=0.54591
Epoch 396: loss=0.52669
Epoch 397: loss=0.54422
Epoch 398: loss=0.53857
Epoch 399: loss=0.55624
Epoch 400: loss=0.52945
Epoch 401: loss=0.52070
Epoch 402: loss=0.52479
Epoch 403: loss=0.51906
Epoch 404: loss=0.53417
Epoch 405: loss=0.55848
Epoch 406: loss=0.54562
Epoch 407: loss=0.54945
Epoch 408: loss=0.56253
Epoch 409: loss=0.55448
Epoch 410: loss=0.54540
Epoch 411: loss=0.54811
Epoch 412: loss=0.53656
Epoch 413: loss=0.55028
Epoch 414: loss=0.53979
Epoch 415: loss=0.54989
Epoch 416: loss=0.54428
Epoch 417: loss=0.54879
Epoch 418: loss=0.57473
Epoch 419: loss=0.55124
Epoch 420: loss=0.53913
Epoch 421: loss=0.54317
Epoch 422: loss=0.56919
Epoch 423: loss=0.55662
Epoch 424: loss=0.56280
Epoch 425: loss=0.56249
Epoch 426: loss=0.56811
Epoch 427: loss=0.58637
Epoch 428: loss=0.56011
Epoch 429: loss=0.55881
Epoch 430: loss=0.56942
Epoch 431: loss=0.58642
Epoch 432: loss=0.55134
Epoch 433: loss=0.54138
Epoch 434: loss=0.55134
Epoch 435: loss=0.53650
Epoch 436: loss=0.53656
Epoch 437: loss=0.52907
Epoch 438: loss=0.54480
Epoch 439: loss=0.53794
Epoch 440: loss=0.53160
Epoch 441: loss=0.53296
Epoch 442: loss=0.53175
Epoch 443: loss=0.56128
Epoch 444: loss=0.55649
Epoch 445: loss=0.53654
Epoch 446: loss=0.54456
Epoch 447: loss=0.55460
Epoch 448: loss=0.55970
Epoch 449: loss=0.55248
Epoch 450: loss=0.55580
Epoch 451: loss=0.54977
Epoch 452: loss=0.54405
Epoch 453: loss=0.53404
Epoch 454: loss=0.55085
Epoch 455: loss=0.53700
Epoch 456: loss=0.53059
Epoch 457: loss=0.54875
Epoch 458: loss=0.54522
Epoch 459: loss=0.55783
Epoch 460: loss=0.54677
Epoch 461: loss=0.54424
Epoch 462: loss=0.55101
Epoch 463: loss=0.55117
Epoch 464: loss=0.52610
Epoch 465: loss=0.54152
Epoch 466: loss=0.53869
Epoch 467: loss=0.52757
Epoch 468: loss=0.54875
Epoch 469: loss=0.53957
Epoch 470: loss=0.54205
Epoch 471: loss=0.53198
Epoch 472: loss=0.54279
Epoch 473: loss=0.53154
Epoch 474: loss=0.55959
Epoch 475: loss=0.55351
Epoch 476: loss=0.54650
Epoch 477: loss=0.56181
Epoch 478: loss=0.55323
Epoch 479: loss=0.56543
Epoch 480: loss=0.55941
Epoch 481: loss=0.54813
Epoch 482: loss=0.53123
Epoch 483: loss=0.54859
Epoch 484: loss=0.56558
Epoch 485: loss=0.54265
Epoch 486: loss=0.55683
Epoch 487: loss=0.53862
Epoch 488: loss=0.53563
Epoch 489: loss=0.52074
Epoch 490: loss=0.52179
Epoch 491: loss=0.52457
Epoch 492: loss=0.53106
Epoch 493: loss=0.54160
Epoch 494: loss=0.54981
Epoch 495: loss=0.52203
Epoch 496: loss=0.52313
Epoch 497: loss=0.52462
Epoch 498: loss=0.54804
Epoch 499: loss=0.54511
Epoch 500: loss=0.54277
Training accuracy: 0.881
Test accuracy: 0.558

File list dumped

Saved in file
