/home/venkat/Unreliable_Synaptic_Transmission/Deepti/DOPcodes/SHD/dataset/shddataset/
2 layered 128 unit SNN made weight variables and loss histogram
The file is present.
Epoch 1: loss=0.95613
Epoch 2: loss=0.95503
Epoch 3: loss=0.95502
Epoch 4: loss=0.95610
Epoch 5: loss=0.95735
Epoch 6: loss=0.95385
Epoch 7: loss=0.95503
Epoch 8: loss=0.95418
Epoch 9: loss=0.95627
Epoch 10: loss=0.95684
Trained for 10 epochs
Training accuracy: 0.742
Epoch 1: loss=0.96029
Epoch 2: loss=0.95651
Epoch 3: loss=0.95249
Epoch 4: loss=0.94914
Epoch 5: loss=0.95530
Epoch 6: loss=0.95612
Epoch 7: loss=0.95219
Epoch 8: loss=0.95800
Epoch 9: loss=0.94618
Epoch 10: loss=0.95506
Epoch 11: loss=0.95214
Epoch 12: loss=0.95604
Epoch 13: loss=0.95810
Epoch 14: loss=0.95432
Epoch 15: loss=0.95004
Epoch 16: loss=0.94802
Epoch 17: loss=0.94949
Epoch 18: loss=0.95244
Epoch 19: loss=0.95287
Epoch 20: loss=0.95452
Epoch 21: loss=0.95012
Epoch 22: loss=0.95664
Epoch 23: loss=0.95229
Epoch 24: loss=0.95277
Epoch 25: loss=0.95181
Epoch 26: loss=0.94806
Epoch 27: loss=0.94556
Epoch 28: loss=0.94282
Epoch 29: loss=0.94967
Epoch 30: loss=0.94689
Epoch 31: loss=0.95049
Epoch 32: loss=0.95113
Epoch 33: loss=0.94898
Epoch 34: loss=0.94389
Epoch 35: loss=0.94759
Epoch 36: loss=0.95114
Epoch 37: loss=0.94451
Epoch 38: loss=0.94647
Epoch 39: loss=0.95611
Epoch 40: loss=0.95120
Epoch 41: loss=0.94825
Epoch 42: loss=0.95265
Epoch 43: loss=0.94581
Epoch 44: loss=0.95333
Epoch 45: loss=0.95116
Epoch 46: loss=0.94555
Epoch 47: loss=0.94989
Epoch 48: loss=0.93962
Epoch 49: loss=0.95157
Epoch 50: loss=0.93659
Epoch 51: loss=0.94731
Epoch 52: loss=0.94856
Epoch 53: loss=0.94159
Epoch 54: loss=0.94914
Epoch 55: loss=0.94287
Epoch 56: loss=0.94906
Epoch 57: loss=0.94781
Epoch 58: loss=0.95373
Epoch 59: loss=0.94612
Epoch 60: loss=0.94770
Epoch 61: loss=0.94477
Epoch 62: loss=0.94853
Epoch 63: loss=0.94776
Epoch 64: loss=0.94744
Epoch 65: loss=0.94762
Epoch 66: loss=0.94855
Epoch 67: loss=0.94211
Epoch 68: loss=0.94740
Epoch 69: loss=0.94010
Epoch 70: loss=0.94462
Epoch 71: loss=0.94767
Epoch 72: loss=0.95019
Epoch 73: loss=0.94586
Epoch 74: loss=0.94195
Epoch 75: loss=0.94370
Epoch 76: loss=0.94075
Epoch 77: loss=0.93504
Epoch 78: loss=0.93952
Epoch 79: loss=0.93238
Epoch 80: loss=0.94460
Epoch 81: loss=0.94566
Epoch 82: loss=0.93878
Epoch 83: loss=0.94157
Epoch 84: loss=0.93591
Epoch 85: loss=0.93693
Epoch 86: loss=0.93999
Epoch 87: loss=0.93323
Epoch 88: loss=0.94295
Epoch 89: loss=0.94437
Epoch 90: loss=0.93840
Epoch 91: loss=0.94074
Epoch 92: loss=0.93442
Epoch 93: loss=0.93563
Epoch 94: loss=0.93609
Epoch 95: loss=0.93703
Epoch 96: loss=0.93239
Epoch 97: loss=0.93234
Epoch 98: loss=0.92826
Epoch 99: loss=0.93753
Epoch 100: loss=0.94101
Epoch 101: loss=0.93784
Epoch 102: loss=0.93766
Epoch 103: loss=0.93288
Epoch 104: loss=0.93344
Epoch 105: loss=0.93335
Epoch 106: loss=0.93469
Epoch 107: loss=0.93336
Epoch 108: loss=0.94184
Epoch 109: loss=0.93777
Epoch 110: loss=0.93666
Epoch 111: loss=0.94002
Epoch 112: loss=0.93986
Epoch 113: loss=0.94058
Epoch 114: loss=0.93671
Epoch 115: loss=0.93842
Epoch 116: loss=0.93317
Epoch 117: loss=0.93903
Epoch 118: loss=0.93895
Epoch 119: loss=0.93617
Epoch 120: loss=0.93796
Epoch 121: loss=0.93746
Epoch 122: loss=0.93399
Epoch 123: loss=0.92918
Epoch 124: loss=0.94150
Epoch 125: loss=0.93351
Epoch 126: loss=0.93110
Epoch 127: loss=0.93609
Epoch 128: loss=0.93550
Epoch 129: loss=0.93443
Epoch 130: loss=0.93255
Epoch 131: loss=0.93410
Epoch 132: loss=0.93499
Epoch 133: loss=0.92971
Epoch 134: loss=0.94003
Epoch 135: loss=0.93710
Epoch 136: loss=0.93056
Epoch 137: loss=0.93334
Epoch 138: loss=0.93802
Epoch 139: loss=0.93523
Epoch 140: loss=0.93322
Epoch 141: loss=0.93573
Epoch 142: loss=0.92663
Epoch 143: loss=0.92928
Epoch 144: loss=0.93132
Epoch 145: loss=0.93129
Epoch 146: loss=0.93177
Epoch 147: loss=0.94186
Epoch 148: loss=0.94134
Epoch 149: loss=0.93959
Epoch 150: loss=0.93580
Epoch 151: loss=0.93706
Epoch 152: loss=0.94019
Epoch 153: loss=0.93494
Epoch 154: loss=0.93252
Epoch 155: loss=0.93533
Epoch 156: loss=0.93843
Epoch 157: loss=0.93814
Epoch 158: loss=0.93709
Epoch 159: loss=0.93423
Epoch 160: loss=0.92622
Epoch 161: loss=0.92812
Epoch 162: loss=0.93260
Epoch 163: loss=0.93741
Epoch 164: loss=0.93876
Epoch 165: loss=0.93520
Epoch 166: loss=0.93706
Epoch 167: loss=0.92751
Epoch 168: loss=0.93084
Epoch 169: loss=0.93236
Epoch 170: loss=0.93213
Epoch 171: loss=0.93142
Epoch 172: loss=0.92835
Epoch 173: loss=0.93193
Epoch 174: loss=0.92576
Epoch 175: loss=0.92829
Epoch 176: loss=0.92973
Epoch 177: loss=0.92991
Epoch 178: loss=0.92616
Epoch 179: loss=0.93017
Epoch 180: loss=0.92674
Epoch 181: loss=0.93261
Epoch 182: loss=0.92835
Epoch 183: loss=0.92648
Epoch 184: loss=0.92907
Epoch 185: loss=0.92816
Epoch 186: loss=0.92845
Epoch 187: loss=0.92446
Epoch 188: loss=0.92504
Epoch 189: loss=0.92619
Epoch 190: loss=0.92927
Epoch 191: loss=0.92983
Epoch 192: loss=0.93363
Epoch 193: loss=0.93363
Epoch 194: loss=0.92860
Epoch 195: loss=0.92955
Epoch 196: loss=0.93151
Epoch 197: loss=0.93041
Epoch 198: loss=0.92735
Epoch 199: loss=0.93376
Epoch 200: loss=0.92594
Epoch 201: loss=0.92427
Epoch 202: loss=0.92728
Epoch 203: loss=0.92620
Epoch 204: loss=0.92837
Epoch 205: loss=0.92156
Epoch 206: loss=0.92454
Epoch 207: loss=0.93059
Epoch 208: loss=0.92934
Epoch 209: loss=0.92358
Epoch 210: loss=0.92210
Epoch 211: loss=0.92740
Epoch 212: loss=0.92854
Epoch 213: loss=0.92538
Epoch 214: loss=0.92103
Epoch 215: loss=0.92459
Epoch 216: loss=0.92141
Epoch 217: loss=0.93069
Epoch 218: loss=0.92545
Epoch 219: loss=0.92998
Epoch 220: loss=0.92057
Epoch 221: loss=0.92389
Epoch 222: loss=0.91951
Epoch 223: loss=0.91470
Epoch 224: loss=0.92127
Epoch 225: loss=0.92055
Epoch 226: loss=0.91902
Epoch 227: loss=0.92441
Epoch 228: loss=0.92048
Epoch 229: loss=0.92164
Epoch 230: loss=0.92394
Epoch 231: loss=0.92215
Epoch 232: loss=0.91923
Epoch 233: loss=0.92590
Epoch 234: loss=0.92312
Epoch 235: loss=0.92342
Epoch 236: loss=0.91624
Epoch 237: loss=0.91891
Epoch 238: loss=0.92487
Epoch 239: loss=0.92599
Epoch 240: loss=0.91498
Epoch 241: loss=0.92578
Epoch 242: loss=0.91866
Epoch 243: loss=0.91870
Epoch 244: loss=0.92141
Epoch 245: loss=0.91980
Epoch 246: loss=0.92224
Epoch 247: loss=0.92165
Epoch 248: loss=0.91456
Epoch 249: loss=0.91644
Epoch 250: loss=0.92053
Epoch 251: loss=0.91181
Epoch 252: loss=0.90709
Epoch 253: loss=0.90824
Epoch 254: loss=0.90665
Epoch 255: loss=0.91405
Epoch 256: loss=0.91843
Epoch 257: loss=0.91454
Epoch 258: loss=0.91655
Epoch 259: loss=0.91669
Epoch 260: loss=0.90966
Epoch 261: loss=0.91902
Epoch 262: loss=0.91502
Epoch 263: loss=0.91462
Epoch 264: loss=0.91894
Epoch 265: loss=0.91445
Epoch 266: loss=0.91113
Epoch 267: loss=0.91432
Epoch 268: loss=0.91145
Epoch 269: loss=0.91520
Epoch 270: loss=0.91682
Epoch 271: loss=0.91974
Epoch 272: loss=0.91268
Epoch 273: loss=0.91640
Epoch 274: loss=0.91488
Epoch 275: loss=0.91424
Epoch 276: loss=0.91119
Epoch 277: loss=0.91683
Epoch 278: loss=0.90777
Epoch 279: loss=0.91012
Epoch 280: loss=0.91679
Epoch 281: loss=0.91658
Epoch 282: loss=0.91096
Epoch 283: loss=0.91328
Epoch 284: loss=0.91044
Epoch 285: loss=0.91629
Epoch 286: loss=0.91324
Epoch 287: loss=0.91326
Epoch 288: loss=0.91206
Epoch 289: loss=0.91015
Epoch 290: loss=0.91436
Epoch 291: loss=0.90897
Epoch 292: loss=0.90947
Epoch 293: loss=0.91118
Epoch 294: loss=0.91417
Epoch 295: loss=0.91477
Epoch 296: loss=0.92083
Epoch 297: loss=0.91592
Epoch 298: loss=0.90530
Epoch 299: loss=0.91053
Epoch 300: loss=0.91622
Epoch 301: loss=0.91097
Epoch 302: loss=0.91084
Epoch 303: loss=0.91046
Epoch 304: loss=0.91181
Epoch 305: loss=0.91019
Epoch 306: loss=0.91131
Epoch 307: loss=0.91096
Epoch 308: loss=0.91248
Epoch 309: loss=0.91623
Epoch 310: loss=0.91247
Epoch 311: loss=0.91797
Epoch 312: loss=0.90952
Epoch 313: loss=0.91260
Epoch 314: loss=0.90603
Epoch 315: loss=0.91024
Epoch 316: loss=0.91016
Epoch 317: loss=0.91320
Epoch 318: loss=0.90799
Epoch 319: loss=0.91199
Epoch 320: loss=0.91281
Epoch 321: loss=0.90920
Epoch 322: loss=0.90693
Epoch 323: loss=0.90384
Epoch 324: loss=0.90710
Epoch 325: loss=0.90186
Epoch 326: loss=0.90854
Epoch 327: loss=0.90943
Epoch 328: loss=0.90739
Epoch 329: loss=0.91310
Epoch 330: loss=0.92170
Epoch 331: loss=0.90991
Epoch 332: loss=0.90887
Epoch 333: loss=0.91294
Epoch 334: loss=0.91282
Epoch 335: loss=0.91493
Epoch 336: loss=0.90819
Epoch 337: loss=0.91157
Epoch 338: loss=0.90750
Epoch 339: loss=0.90886
Epoch 340: loss=0.91798
Epoch 341: loss=0.91480
Epoch 342: loss=0.90971
Epoch 343: loss=0.90636
Epoch 344: loss=0.90950
Epoch 345: loss=0.91472
Epoch 346: loss=0.91357
Epoch 347: loss=0.91646
Epoch 348: loss=0.90611
Epoch 349: loss=0.91198
Epoch 350: loss=0.90957
Epoch 351: loss=0.91146
Epoch 352: loss=0.91202
Epoch 353: loss=0.90524
Epoch 354: loss=0.90447
Epoch 355: loss=0.90797
Epoch 356: loss=0.90705
Epoch 357: loss=0.90737
Epoch 358: loss=0.90518
Epoch 359: loss=0.90636
Epoch 360: loss=0.90213
Epoch 361: loss=0.89873
Epoch 362: loss=0.91059
Epoch 363: loss=0.90586
Epoch 364: loss=0.90657
Epoch 365: loss=0.91077
Epoch 366: loss=0.90970
Epoch 367: loss=0.90734
Epoch 368: loss=0.90918
Epoch 369: loss=0.90328
Epoch 370: loss=0.91105
Epoch 371: loss=0.90276
Epoch 372: loss=0.89898
Epoch 373: loss=0.90509
Epoch 374: loss=0.90679
Epoch 375: loss=0.90418
Epoch 376: loss=0.90262
Epoch 377: loss=0.90642
Epoch 378: loss=0.90476
Epoch 379: loss=0.90362
Epoch 380: loss=0.90748
Epoch 381: loss=0.90282
Epoch 382: loss=0.90684
Epoch 383: loss=0.90631
Epoch 384: loss=0.91338
Epoch 385: loss=0.90443
Epoch 386: loss=0.90283
Epoch 387: loss=0.90092
Epoch 388: loss=0.90910
Epoch 389: loss=0.90965
Epoch 390: loss=0.91131
Epoch 391: loss=0.90116
Epoch 392: loss=0.89972
Epoch 393: loss=0.89969
Epoch 394: loss=0.90523
Epoch 395: loss=0.90361
Epoch 396: loss=0.89988
Epoch 397: loss=0.89974
Epoch 398: loss=0.89973
Epoch 399: loss=0.89742
Epoch 400: loss=0.90254
Epoch 401: loss=0.90562
Epoch 402: loss=0.90152
Epoch 403: loss=0.90604
Epoch 404: loss=0.90275
Epoch 405: loss=0.90960
Epoch 406: loss=0.90513
Epoch 407: loss=0.90074
Epoch 408: loss=0.90499
Epoch 409: loss=0.90601
Epoch 410: loss=0.89946
Epoch 411: loss=0.90142
Epoch 412: loss=0.90210
Epoch 413: loss=0.90319
Epoch 414: loss=0.90099
Epoch 415: loss=0.90053
Epoch 416: loss=0.90308
Epoch 417: loss=0.90060
Epoch 418: loss=0.90367
Epoch 419: loss=0.90256
Epoch 420: loss=0.90482
Epoch 421: loss=0.90061
Epoch 422: loss=0.89715
Epoch 423: loss=0.89631
Epoch 424: loss=0.90106
Epoch 425: loss=0.89937
Epoch 426: loss=0.89670
Epoch 427: loss=0.89950
Epoch 428: loss=0.90134
Epoch 429: loss=0.89671
Epoch 430: loss=0.89665
Epoch 431: loss=0.90013
Epoch 432: loss=0.90106
Epoch 433: loss=0.90186
Epoch 434: loss=0.90650
Epoch 435: loss=0.89811
Epoch 436: loss=0.90027
Epoch 437: loss=0.89705
Epoch 438: loss=0.89128
Epoch 439: loss=0.89729
Epoch 440: loss=0.89291
Epoch 441: loss=0.89739
Epoch 442: loss=0.89585
Epoch 443: loss=0.89879
Epoch 444: loss=0.90154
Epoch 445: loss=0.89965
Epoch 446: loss=0.89531
Epoch 447: loss=0.89886
Epoch 448: loss=0.89539
Epoch 449: loss=0.89523
Epoch 450: loss=0.89551
Epoch 451: loss=0.89101
Epoch 452: loss=0.89761
Epoch 453: loss=0.90172
Epoch 454: loss=0.90560
Epoch 455: loss=0.90120
Epoch 456: loss=0.89922
Epoch 457: loss=0.89481
Epoch 458: loss=0.90074
Epoch 459: loss=0.89621
Epoch 460: loss=0.89653
Epoch 461: loss=0.90445
Epoch 462: loss=0.90047
Epoch 463: loss=0.89124
Epoch 464: loss=0.89475
Epoch 465: loss=0.89175
Epoch 466: loss=0.89385
Epoch 467: loss=0.89246
Epoch 468: loss=0.89212
Epoch 469: loss=0.89543
Epoch 470: loss=0.89000
Epoch 471: loss=0.89205
Epoch 472: loss=0.88765
Epoch 473: loss=0.89508
Epoch 474: loss=0.89599
Epoch 475: loss=0.89860
Epoch 476: loss=0.89789
Epoch 477: loss=0.89784
Epoch 478: loss=0.88961
Epoch 479: loss=0.89298
Epoch 480: loss=0.89069
Epoch 481: loss=0.88711
Epoch 482: loss=0.89525
Epoch 483: loss=0.89140
Epoch 484: loss=0.89437
Epoch 485: loss=0.89136
Epoch 486: loss=0.89714
Epoch 487: loss=0.88899
Epoch 488: loss=0.89033
Epoch 489: loss=0.89163
Epoch 490: loss=0.88555
Epoch 491: loss=0.88827
Epoch 492: loss=0.89245
Epoch 493: loss=0.88753
Epoch 494: loss=0.88838
Epoch 495: loss=0.89068
Epoch 496: loss=0.89359
Epoch 497: loss=0.88640
Epoch 498: loss=0.89218
Epoch 499: loss=0.88481
Epoch 500: loss=0.89164
Epoch 501: loss=0.88775
Epoch 502: loss=0.89063
Epoch 503: loss=0.89149
Epoch 504: loss=0.89236
Epoch 505: loss=0.88892
Epoch 506: loss=0.89030
Epoch 507: loss=0.89392
Epoch 508: loss=0.88677
Epoch 509: loss=0.88474
Epoch 510: loss=0.88669
Epoch 511: loss=0.88722
Epoch 512: loss=0.89009
Epoch 513: loss=0.88424
Epoch 514: loss=0.88668
Epoch 515: loss=0.88726
Epoch 516: loss=0.88489
Epoch 517: loss=0.88190
Epoch 518: loss=0.88305
Epoch 519: loss=0.88384
Epoch 520: loss=0.88501
Epoch 521: loss=0.89137
Epoch 522: loss=0.88945
Epoch 523: loss=0.88788
Epoch 524: loss=0.88590
Epoch 525: loss=0.88393
Epoch 526: loss=0.88228
Epoch 527: loss=0.89159
Epoch 528: loss=0.88488
Epoch 529: loss=0.89000
Epoch 530: loss=0.87972
Epoch 531: loss=0.88296
Epoch 532: loss=0.88179
Epoch 533: loss=0.87886
Epoch 534: loss=0.87463
Epoch 535: loss=0.88567
Epoch 536: loss=0.88296
Epoch 537: loss=0.88411
Epoch 538: loss=0.88096
Epoch 539: loss=0.88309
Epoch 540: loss=0.88499
Epoch 541: loss=0.88831
Epoch 542: loss=0.88264
Epoch 543: loss=0.88346
Epoch 544: loss=0.88232
Epoch 545: loss=0.87458
Epoch 546: loss=0.87945
Epoch 547: loss=0.88336
Epoch 548: loss=0.87966
Epoch 549: loss=0.87782
Epoch 550: loss=0.88384
Epoch 551: loss=0.88514
Epoch 552: loss=0.88331
Epoch 553: loss=0.87854
Epoch 554: loss=0.87665
Epoch 555: loss=0.88473
Epoch 556: loss=0.87798
Epoch 557: loss=0.87269
Epoch 558: loss=0.87680
Epoch 559: loss=0.88307
Epoch 560: loss=0.87528
Epoch 561: loss=0.87476
Epoch 562: loss=0.87981
Epoch 563: loss=0.87159
Epoch 564: loss=0.88107
Epoch 565: loss=0.87172
Epoch 566: loss=0.87269
Epoch 567: loss=0.87371
Epoch 568: loss=0.87733
Epoch 569: loss=0.87453
Epoch 570: loss=0.87149
Epoch 571: loss=0.87876
Epoch 572: loss=0.87697
Epoch 573: loss=0.87352
Epoch 574: loss=0.88136
Epoch 575: loss=0.87960
Epoch 576: loss=0.88151
Epoch 577: loss=0.87636
Epoch 578: loss=0.87145
Epoch 579: loss=0.87286
Epoch 580: loss=0.87740
Epoch 581: loss=0.87176
Epoch 582: loss=0.87432
Epoch 583: loss=0.87141
Epoch 584: loss=0.87737
Epoch 585: loss=0.87123
Epoch 586: loss=0.87857
Epoch 587: loss=0.86629
Epoch 588: loss=0.86854
Epoch 589: loss=0.87331
Epoch 590: loss=0.87797
Epoch 591: loss=0.87757
Epoch 592: loss=0.87287
Epoch 593: loss=0.86894
Epoch 594: loss=0.86499
Epoch 595: loss=0.87374
Epoch 596: loss=0.87026
Epoch 597: loss=0.87373
Epoch 598: loss=0.86994
Epoch 599: loss=0.87581
Epoch 600: loss=0.87751
Epoch 601: loss=0.86997
Epoch 602: loss=0.87012
Epoch 603: loss=0.87862
Epoch 604: loss=0.87006
Epoch 605: loss=0.86728
Epoch 606: loss=0.87550
Epoch 607: loss=0.88018
Epoch 608: loss=0.87968
Epoch 609: loss=0.87798
Epoch 610: loss=0.87198
Epoch 611: loss=0.88106
Epoch 612: loss=0.87286
Epoch 613: loss=0.86742
Epoch 614: loss=0.88135
Epoch 615: loss=0.87026
Epoch 616: loss=0.87189
Epoch 617: loss=0.86744
Epoch 618: loss=0.87709
Epoch 619: loss=0.86930
Epoch 620: loss=0.87185
Epoch 621: loss=0.86618
Epoch 622: loss=0.86833
Epoch 623: loss=0.87443
Epoch 624: loss=0.88145
Epoch 625: loss=0.87091
Epoch 626: loss=0.86548
Epoch 627: loss=0.86594
Epoch 628: loss=0.86935
Epoch 629: loss=0.86432
Epoch 630: loss=0.86341
Epoch 631: loss=0.86488
Epoch 632: loss=0.86964
Epoch 633: loss=0.86601
Epoch 634: loss=0.87153
Epoch 635: loss=0.86896
Epoch 636: loss=0.87370
Epoch 637: loss=0.87000
Epoch 638: loss=0.86675
Epoch 639: loss=0.86183
Epoch 640: loss=0.87401
Epoch 641: loss=0.86947
Epoch 642: loss=0.87206
Epoch 643: loss=0.87288
Epoch 644: loss=0.86535
Epoch 645: loss=0.87083
Epoch 646: loss=0.87255
Epoch 647: loss=0.86713
Epoch 648: loss=0.87252
Epoch 649: loss=0.87118
Epoch 650: loss=0.87006
Epoch 651: loss=0.86858
Epoch 652: loss=0.87472
Epoch 653: loss=0.87393
Epoch 654: loss=0.87327
Epoch 655: loss=0.86206
Epoch 656: loss=0.86405
Epoch 657: loss=0.86352
Epoch 658: loss=0.86339
Epoch 659: loss=0.86583
Epoch 660: loss=0.87905
Epoch 661: loss=0.86374
Epoch 662: loss=0.86722
Epoch 663: loss=0.86646
Epoch 664: loss=0.86242
Epoch 665: loss=0.86119
Epoch 666: loss=0.86672
Epoch 667: loss=0.86362
Epoch 668: loss=0.86764
Epoch 669: loss=0.85990
Epoch 670: loss=0.86238
Epoch 671: loss=0.87007
Epoch 672: loss=0.86400
Epoch 673: loss=0.86111
Epoch 674: loss=0.86378
Epoch 675: loss=0.86913
Epoch 676: loss=0.86207
Epoch 677: loss=0.85690
Epoch 678: loss=0.86048
Epoch 679: loss=0.86578
Epoch 680: loss=0.86828
Epoch 681: loss=0.86131
Epoch 682: loss=0.85766
Epoch 683: loss=0.86298
Epoch 684: loss=0.86562
Epoch 685: loss=0.85712
Epoch 686: loss=0.86173
Epoch 687: loss=0.86230
Epoch 688: loss=0.86638
Epoch 689: loss=0.86297
Epoch 690: loss=0.86167
Epoch 691: loss=0.86095
Epoch 692: loss=0.86578
Epoch 693: loss=0.86975
Epoch 694: loss=0.86309
Epoch 695: loss=0.86369
Epoch 696: loss=0.86907
Epoch 697: loss=0.86721
Epoch 698: loss=0.87029
Epoch 699: loss=0.86647
Epoch 700: loss=0.86477
Epoch 701: loss=0.85739
Epoch 702: loss=0.86161
Epoch 703: loss=0.86078
Epoch 704: loss=0.87265
Epoch 705: loss=0.86003
Epoch 706: loss=0.86464
Epoch 707: loss=0.87039
Epoch 708: loss=0.85947
Epoch 709: loss=0.86982
Epoch 710: loss=0.86926
Epoch 711: loss=0.86642
Epoch 712: loss=0.86100
Epoch 713: loss=0.86808
Epoch 714: loss=0.86587
Epoch 715: loss=0.85601
Epoch 716: loss=0.86611
Epoch 717: loss=0.86867
Epoch 718: loss=0.86746
Epoch 719: loss=0.86708
Epoch 720: loss=0.86679
Epoch 721: loss=0.85948
Epoch 722: loss=0.86039
Epoch 723: loss=0.86288
Epoch 724: loss=0.86635
Epoch 725: loss=0.86599
Epoch 726: loss=0.86889
Epoch 727: loss=0.86992
Epoch 728: loss=0.86494
Epoch 729: loss=0.86410
Epoch 730: loss=0.85722
Epoch 731: loss=0.86007
Epoch 732: loss=0.87000
Epoch 733: loss=0.86807
Epoch 734: loss=0.85603
Epoch 735: loss=0.85906
Epoch 736: loss=0.86919
Epoch 737: loss=0.85602
Epoch 738: loss=0.86491
Epoch 739: loss=0.86474
Epoch 740: loss=0.86187
Epoch 741: loss=0.86373
Epoch 742: loss=0.87017
Epoch 743: loss=0.85870
Epoch 744: loss=0.86693
Epoch 745: loss=0.86594
Epoch 746: loss=0.86235
Epoch 747: loss=0.85566
Epoch 748: loss=0.85904
Epoch 749: loss=0.86246
Epoch 750: loss=0.85884
Epoch 751: loss=0.85358
Epoch 752: loss=0.85670
Epoch 753: loss=0.85275
Epoch 754: loss=0.86182
Epoch 755: loss=0.85543
Epoch 756: loss=0.85655
Epoch 757: loss=0.85816
Epoch 758: loss=0.85900
Epoch 759: loss=0.85463
Epoch 760: loss=0.85311
Epoch 761: loss=0.85658
Epoch 762: loss=0.85563
Epoch 763: loss=0.85191
Epoch 764: loss=0.85799
Epoch 765: loss=0.85874
Epoch 766: loss=0.86021
Epoch 767: loss=0.85897
Epoch 768: loss=0.85286
Epoch 769: loss=0.85690
Epoch 770: loss=0.86044
Epoch 771: loss=0.86064
Epoch 772: loss=0.86031
Epoch 773: loss=0.85896
Epoch 774: loss=0.85604
Epoch 775: loss=0.86128
Epoch 776: loss=0.86326
Epoch 777: loss=0.85428
Epoch 778: loss=0.85685
Epoch 779: loss=0.85264
Epoch 780: loss=0.84924
Epoch 781: loss=0.85455
Epoch 782: loss=0.85043
Epoch 783: loss=0.85206
Epoch 784: loss=0.85150
Epoch 785: loss=0.86323
Epoch 786: loss=0.85395
Epoch 787: loss=0.85591
Epoch 788: loss=0.85179
Epoch 789: loss=0.85883
Epoch 790: loss=0.85730
Epoch 791: loss=0.86403
Epoch 792: loss=0.85584
Epoch 793: loss=0.86138
Epoch 794: loss=0.85417
Epoch 795: loss=0.85428
Epoch 796: loss=0.86084
Epoch 797: loss=0.86074
Epoch 798: loss=0.85691
Epoch 799: loss=0.86119
Epoch 800: loss=0.85589
Epoch 801: loss=0.85392
Epoch 802: loss=0.86313
Epoch 803: loss=0.85499
Epoch 804: loss=0.85980
Epoch 805: loss=0.86513
Epoch 806: loss=0.85662
Epoch 807: loss=0.85729
Epoch 808: loss=0.85590
Epoch 809: loss=0.85856
Epoch 810: loss=0.86170
Epoch 811: loss=0.86033
Epoch 812: loss=0.85235
Epoch 813: loss=0.84628
Epoch 814: loss=0.85276
Epoch 815: loss=0.85456
Epoch 816: loss=0.85292
Epoch 817: loss=0.86405
Epoch 818: loss=0.86082
Epoch 819: loss=0.86550
Epoch 820: loss=0.85700
Epoch 821: loss=0.85773
Epoch 822: loss=0.85106
Epoch 823: loss=0.85089
Epoch 824: loss=0.85452
Epoch 825: loss=0.85610
Epoch 826: loss=0.85121
Epoch 827: loss=0.85851
Epoch 828: loss=0.84844
Epoch 829: loss=0.84784
Epoch 830: loss=0.85708
Epoch 831: loss=0.84876
Epoch 832: loss=0.85556
Epoch 833: loss=0.85500
Epoch 834: loss=0.85469
Epoch 835: loss=0.84848
Epoch 836: loss=0.84710
Epoch 837: loss=0.85244
Epoch 838: loss=0.84855
Epoch 839: loss=0.85161
Epoch 840: loss=0.85915
Epoch 841: loss=0.85829
Epoch 842: loss=0.85779
Epoch 843: loss=0.85952
Epoch 844: loss=0.85237
Epoch 845: loss=0.85972
Epoch 846: loss=0.85996
Epoch 847: loss=0.85748
Epoch 848: loss=0.85171
Epoch 849: loss=0.85654
Epoch 850: loss=0.84654
Epoch 851: loss=0.85257
Epoch 852: loss=0.84928
Epoch 853: loss=0.84941
Epoch 854: loss=0.84832
Epoch 855: loss=0.85150
Epoch 856: loss=0.85516
Epoch 857: loss=0.84837
Epoch 858: loss=0.84998
Epoch 859: loss=0.85459
Epoch 860: loss=0.84233
Epoch 861: loss=0.85208
Epoch 862: loss=0.85244
Epoch 863: loss=0.85045
Epoch 864: loss=0.85187
Epoch 865: loss=0.84669
Epoch 866: loss=0.84647
Epoch 867: loss=0.85027
Epoch 868: loss=0.85040
Epoch 869: loss=0.85058
Epoch 870: loss=0.84320
Epoch 871: loss=0.84424
Epoch 872: loss=0.85120
Epoch 873: loss=0.84893
Epoch 874: loss=0.84963
Epoch 875: loss=0.85150
Epoch 876: loss=0.85480
Epoch 877: loss=0.85416
Epoch 878: loss=0.84841
Epoch 879: loss=0.84792
Epoch 880: loss=0.85396
Epoch 881: loss=0.85768
Epoch 882: loss=0.85508
Epoch 883: loss=0.85431
Epoch 884: loss=0.85169
Epoch 885: loss=0.85078
Epoch 886: loss=0.84732
Epoch 887: loss=0.85153
Epoch 888: loss=0.85537
Epoch 889: loss=0.84906
Epoch 890: loss=0.84525
Epoch 891: loss=0.85305
Epoch 892: loss=0.85907
Epoch 893: loss=0.85126
Epoch 894: loss=0.85081
Epoch 895: loss=0.84884
Epoch 896: loss=0.85581
Epoch 897: loss=0.84107
Epoch 898: loss=0.84887
Epoch 899: loss=0.84342
Epoch 900: loss=0.84418
Epoch 901: loss=0.83760
Epoch 902: loss=0.84865
Epoch 903: loss=0.85161
Epoch 904: loss=0.84689
Epoch 905: loss=0.84627
Epoch 906: loss=0.84359
Epoch 907: loss=0.84614
Epoch 908: loss=0.84971
Epoch 909: loss=0.84951
Epoch 910: loss=0.85269
Epoch 911: loss=0.84312
Epoch 912: loss=0.84769
Epoch 913: loss=0.85223
Epoch 914: loss=0.85106
Epoch 915: loss=0.84766
Epoch 916: loss=0.85191
Epoch 917: loss=0.85421
Epoch 918: loss=0.84669
Epoch 919: loss=0.84821
Epoch 920: loss=0.84934
Epoch 921: loss=0.85090
Epoch 922: loss=0.85252
Epoch 923: loss=0.84346
Epoch 924: loss=0.84670
Epoch 925: loss=0.84365
Epoch 926: loss=0.84213
Epoch 927: loss=0.84513
Epoch 928: loss=0.84819
Epoch 929: loss=0.84880
Epoch 930: loss=0.84034
Epoch 931: loss=0.83984
Epoch 932: loss=0.84771
Epoch 933: loss=0.84538
Epoch 934: loss=0.85136
Epoch 935: loss=0.85614
Epoch 936: loss=0.84936
Epoch 937: loss=0.84988
Epoch 938: loss=0.85081
Epoch 939: loss=0.84496
Epoch 940: loss=0.84496
Epoch 941: loss=0.85151
Epoch 942: loss=0.84999
Epoch 943: loss=0.84783
Epoch 944: loss=0.84497
Epoch 945: loss=0.84652
Epoch 946: loss=0.84510
Epoch 947: loss=0.84405
Epoch 948: loss=0.84337
Epoch 949: loss=0.85086
Epoch 950: loss=0.85059
Epoch 951: loss=0.85371
Epoch 952: loss=0.85131
Epoch 953: loss=0.84647
Epoch 954: loss=0.84949
Epoch 955: loss=0.84981
Epoch 956: loss=0.84529
Epoch 957: loss=0.84696
Epoch 958: loss=0.84623
Epoch 959: loss=0.84391
Epoch 960: loss=0.84761
Epoch 961: loss=0.84291
Epoch 962: loss=0.84307
Epoch 963: loss=0.84475
Epoch 964: loss=0.84215
Epoch 965: loss=0.84407
Epoch 966: loss=0.84463
Epoch 967: loss=0.84926
Epoch 968: loss=0.84643
Epoch 969: loss=0.84713
Epoch 970: loss=0.84965
Epoch 971: loss=0.84266
Epoch 972: loss=0.83783
Epoch 973: loss=0.83894
Epoch 974: loss=0.84529
Epoch 975: loss=0.84448
Epoch 976: loss=0.84662
Epoch 977: loss=0.84649
Epoch 978: loss=0.84154
Epoch 979: loss=0.84420
Epoch 980: loss=0.84423
Epoch 981: loss=0.83682
Epoch 982: loss=0.84502
Epoch 983: loss=0.83781
Epoch 984: loss=0.83674
Epoch 985: loss=0.83790
Epoch 986: loss=0.84053
Epoch 987: loss=0.83774
Epoch 988: loss=0.84073
Epoch 989: loss=0.84393
Epoch 990: loss=0.83171
Epoch 991: loss=0.83939
Epoch 992: loss=0.84214
Epoch 993: loss=0.84395
Epoch 994: loss=0.83993
Epoch 995: loss=0.84571
Epoch 996: loss=0.84078
Epoch 997: loss=0.84495
Epoch 998: loss=0.84397
Epoch 999: loss=0.84635
Epoch 1000: loss=0.84782
Epoch 1001: loss=0.83766
Epoch 1002: loss=0.84007
Epoch 1003: loss=0.84034
Epoch 1004: loss=0.83506
Epoch 1005: loss=0.84545
Epoch 1006: loss=0.83582
Epoch 1007: loss=0.83813
Epoch 1008: loss=0.84200
Epoch 1009: loss=0.83447
Epoch 1010: loss=0.83805
