/home/venkat/Unreliable_Synaptic_Transmission/Deepti/DOPcodes/SHD/dataset/shddataset/
2 layered 128 unit SNN made weight variables and loss histogram
Epoch 1: loss=23.44334
Epoch 2: loss=19.52367
Epoch 3: loss=16.49323
Epoch 4: loss=13.99682
Epoch 5: loss=12.01249
Epoch 6: loss=10.43803
Epoch 7: loss=9.12920
Epoch 8: loss=8.16141
Epoch 9: loss=7.30862
Epoch 10: loss=6.63797
Trained for 10 epochs
Training accuracy: 0.049
Epoch 1: loss=6.13240
Epoch 2: loss=5.68437
Epoch 3: loss=5.28642
Epoch 4: loss=4.94074
Epoch 5: loss=4.65304
Epoch 6: loss=4.40942
Epoch 7: loss=4.19997
Epoch 8: loss=4.02509
Epoch 9: loss=3.91299
Epoch 10: loss=3.80987
Epoch 11: loss=3.72513
Epoch 12: loss=3.64985
Epoch 13: loss=3.58936
Epoch 14: loss=3.51798
Epoch 15: loss=3.45589
Epoch 16: loss=3.40975
Epoch 17: loss=3.35138
Epoch 18: loss=3.30864
Epoch 19: loss=3.25908
Epoch 20: loss=3.22081
Epoch 21: loss=3.18969
Epoch 22: loss=3.16612
Epoch 23: loss=3.13860
Epoch 24: loss=3.11787
Epoch 25: loss=3.09567
Epoch 26: loss=3.07996
Epoch 27: loss=3.06684
Epoch 28: loss=3.05211
Epoch 29: loss=3.04361
Epoch 30: loss=3.02751
Epoch 31: loss=3.02297
Epoch 32: loss=3.01296
Epoch 33: loss=3.00363
Epoch 34: loss=3.00171
Epoch 35: loss=2.99963
Epoch 36: loss=2.98940
Epoch 37: loss=2.98720
Epoch 38: loss=2.97893
Epoch 39: loss=2.98019
Epoch 40: loss=2.97673
Epoch 41: loss=2.97069
Epoch 42: loss=2.97118
Epoch 43: loss=2.96766
Epoch 44: loss=2.96497
Epoch 45: loss=2.96126
Epoch 46: loss=2.96259
Epoch 47: loss=2.96315
Epoch 48: loss=2.95376
Epoch 49: loss=2.95798
Epoch 50: loss=2.95372
Epoch 51: loss=2.95669
Epoch 52: loss=2.95960
Epoch 53: loss=2.95612
Epoch 54: loss=2.95167
Epoch 55: loss=2.94537
Epoch 56: loss=2.94071
Epoch 57: loss=2.94136
Epoch 58: loss=2.94248
Epoch 59: loss=2.94480
Epoch 60: loss=2.94338
Epoch 61: loss=2.93791
Epoch 62: loss=2.92909
Epoch 63: loss=2.92706
Epoch 64: loss=2.92729
Epoch 65: loss=2.92218
Epoch 66: loss=2.92507
Epoch 67: loss=2.91466
Epoch 68: loss=2.91596
Epoch 69: loss=2.90712
Epoch 70: loss=2.90626
Epoch 71: loss=2.89903
Epoch 72: loss=2.89403
Epoch 73: loss=2.88419
Epoch 74: loss=2.88550
Epoch 75: loss=2.87974
Epoch 76: loss=2.87263
Epoch 77: loss=2.86588
Epoch 78: loss=2.86724
Epoch 79: loss=2.86052
Epoch 80: loss=2.85513
Epoch 81: loss=2.85073
Epoch 82: loss=2.84431
Epoch 83: loss=2.84010
Epoch 84: loss=2.83485
Epoch 85: loss=2.83438
Epoch 86: loss=2.82574
Epoch 87: loss=2.82258
Epoch 88: loss=2.82068
Epoch 89: loss=2.81306
Epoch 90: loss=2.81284
Epoch 91: loss=2.81762
Epoch 92: loss=2.81118
Epoch 93: loss=2.81714
Epoch 94: loss=2.81106
Epoch 95: loss=2.80408
Epoch 96: loss=2.80328
Epoch 97: loss=2.80079
Epoch 98: loss=2.80333
Epoch 99: loss=2.79729
Epoch 100: loss=2.78918
Epoch 101: loss=2.78692
Epoch 102: loss=2.78358
Epoch 103: loss=2.78075
Epoch 104: loss=2.77564
Epoch 105: loss=2.77164
Epoch 106: loss=2.77339
Epoch 107: loss=2.77299
Epoch 108: loss=2.76950
Epoch 109: loss=2.77337
Epoch 110: loss=2.77222
Epoch 111: loss=2.77298
Epoch 112: loss=2.77145
Epoch 113: loss=2.77085
Epoch 114: loss=2.77313
Epoch 115: loss=2.76820
Epoch 116: loss=2.76485
Epoch 117: loss=2.76447
Epoch 118: loss=2.76259
Epoch 119: loss=2.76197
Epoch 120: loss=2.75827
Epoch 121: loss=2.74895
Epoch 122: loss=2.74782
Epoch 123: loss=2.74702
Epoch 124: loss=2.74710
Epoch 125: loss=2.73997
Epoch 126: loss=2.73782
Epoch 127: loss=2.73382
Epoch 128: loss=2.73246
Epoch 129: loss=2.73304
Epoch 130: loss=2.73198
Epoch 131: loss=2.73381
Epoch 132: loss=2.74037
Epoch 133: loss=2.73141
Epoch 134: loss=2.72997
Epoch 135: loss=2.72833
Epoch 136: loss=2.72728
Epoch 137: loss=2.73058
Epoch 138: loss=2.72458
Epoch 139: loss=2.72709
Epoch 140: loss=2.72476
Epoch 141: loss=2.72920
Epoch 142: loss=2.72772
Epoch 143: loss=2.72566
Epoch 144: loss=2.72644
Epoch 145: loss=2.73461
Epoch 146: loss=2.73491
Epoch 147: loss=2.73939
Epoch 148: loss=2.74091
Epoch 149: loss=2.74122
Epoch 150: loss=2.73828
Epoch 151: loss=2.74173
Epoch 152: loss=2.73945
Epoch 153: loss=2.73931
Epoch 154: loss=2.73904
Epoch 155: loss=2.74352
Epoch 156: loss=2.74130
Epoch 157: loss=2.74400
Epoch 158: loss=2.74041
Epoch 159: loss=2.74316
Epoch 160: loss=2.74049
Epoch 161: loss=2.73620
Epoch 162: loss=2.73827
Epoch 163: loss=2.73191
Epoch 164: loss=2.73147
Epoch 165: loss=2.73071
Epoch 166: loss=2.73286
Epoch 167: loss=2.72471
Epoch 168: loss=2.72830
Epoch 169: loss=2.72155
Epoch 170: loss=2.72065
Epoch 171: loss=2.71714
Epoch 172: loss=2.71315
Epoch 173: loss=2.71330
Epoch 174: loss=2.71568
Epoch 175: loss=2.70882
Epoch 176: loss=2.71113
Epoch 177: loss=2.70741
Epoch 178: loss=2.70907
Epoch 179: loss=2.70940
Epoch 180: loss=2.70097
Epoch 181: loss=2.70443
Epoch 182: loss=2.70502
Epoch 183: loss=2.69857
Epoch 184: loss=2.70058
Epoch 185: loss=2.70459
Epoch 186: loss=2.70760
Epoch 187: loss=2.70551
Epoch 188: loss=2.70171
Epoch 189: loss=2.69517
Epoch 190: loss=2.69185
Epoch 191: loss=2.69413
Epoch 192: loss=2.68980
Epoch 193: loss=2.68932
Epoch 194: loss=2.68855
Epoch 195: loss=2.68676
Epoch 196: loss=2.68654
Epoch 197: loss=2.68232
Epoch 198: loss=2.68231
Epoch 199: loss=2.68347
Epoch 200: loss=2.68221
Epoch 201: loss=2.68082
Epoch 202: loss=2.67711
Epoch 203: loss=2.68072
Epoch 204: loss=2.68124
Epoch 205: loss=2.67975
Epoch 206: loss=2.67398
Epoch 207: loss=2.67327
Epoch 208: loss=2.67458
Epoch 209: loss=2.67647
Epoch 210: loss=2.67799
Epoch 211: loss=2.67607
Epoch 212: loss=2.67303
Epoch 213: loss=2.66733
Epoch 214: loss=2.66653
Epoch 215: loss=2.66725
Epoch 216: loss=2.66856
Epoch 217: loss=2.67159
Epoch 218: loss=2.66754
Epoch 219: loss=2.66559
Epoch 220: loss=2.66436
Epoch 221: loss=2.65831
Epoch 222: loss=2.65973
Epoch 223: loss=2.66227
Epoch 224: loss=2.65942
Epoch 225: loss=2.66010
Epoch 226: loss=2.65972
Epoch 227: loss=2.65490
Epoch 228: loss=2.65136
Epoch 229: loss=2.65107
Epoch 230: loss=2.64545
Epoch 231: loss=2.64392
Epoch 232: loss=2.64105
Epoch 233: loss=2.63695
Epoch 234: loss=2.63423
Epoch 235: loss=2.63075
Epoch 236: loss=2.62605
Epoch 237: loss=2.62421
Epoch 238: loss=2.62090
Epoch 239: loss=2.61713
Epoch 240: loss=2.62106
Epoch 241: loss=2.61632
Epoch 242: loss=2.61634
Epoch 243: loss=2.61181
Epoch 244: loss=2.61055
Epoch 245: loss=2.60831
Epoch 246: loss=2.61261
Epoch 247: loss=2.60879
Epoch 248: loss=2.60593
Epoch 249: loss=2.59971
Epoch 250: loss=2.59423
Epoch 251: loss=2.59737
Epoch 252: loss=2.59680
Epoch 253: loss=2.59491
Epoch 254: loss=2.58495
Epoch 255: loss=2.58237
Epoch 256: loss=2.58777
Epoch 257: loss=2.58019
Epoch 258: loss=2.57485
Epoch 259: loss=2.57254
Epoch 260: loss=2.57471
Epoch 261: loss=2.56518
Epoch 262: loss=2.56607
Epoch 263: loss=2.56479
Epoch 264: loss=2.56619
Epoch 265: loss=2.55935
Epoch 266: loss=2.55700
Epoch 267: loss=2.55634
Epoch 268: loss=2.55801
Epoch 269: loss=2.55360
Epoch 270: loss=2.54664
Epoch 271: loss=2.54498
Epoch 272: loss=2.54707
Epoch 273: loss=2.53917
Epoch 274: loss=2.53638
Epoch 275: loss=2.53285
Epoch 276: loss=2.53158
Epoch 277: loss=2.52668
Epoch 278: loss=2.52337
Epoch 279: loss=2.52051
Epoch 280: loss=2.52012
Epoch 281: loss=2.52150
Epoch 282: loss=2.51667
Epoch 283: loss=2.51763
Epoch 284: loss=2.52031
Epoch 285: loss=2.52021
Epoch 286: loss=2.51624
Epoch 287: loss=2.51956
Epoch 288: loss=2.52153
Epoch 289: loss=2.52036
Epoch 290: loss=2.51819
Epoch 291: loss=2.51339
Epoch 292: loss=2.51758
Epoch 293: loss=2.51427
Epoch 294: loss=2.51381
Epoch 295: loss=2.50522
Epoch 296: loss=2.50998
Epoch 297: loss=2.50927
Epoch 298: loss=2.50413
Epoch 299: loss=2.50191
Epoch 300: loss=2.50140
Epoch 301: loss=2.50477
Epoch 302: loss=2.49734
Epoch 303: loss=2.49757
Epoch 304: loss=2.49171
Epoch 305: loss=2.49628
Epoch 306: loss=2.49306
Epoch 307: loss=2.48780
Epoch 308: loss=2.48861
Epoch 309: loss=2.48420
Epoch 310: loss=2.47849
Epoch 311: loss=2.47793
Epoch 312: loss=2.47556
Epoch 313: loss=2.46616
Epoch 314: loss=2.46488
Epoch 315: loss=2.46281
Epoch 316: loss=2.45823
Epoch 317: loss=2.46238
Epoch 318: loss=2.45697
Epoch 319: loss=2.45932
Epoch 320: loss=2.45256
Epoch 321: loss=2.45235
Epoch 322: loss=2.45218
Epoch 323: loss=2.44978
Epoch 324: loss=2.44266
Epoch 325: loss=2.44616
Epoch 326: loss=2.44748
Epoch 327: loss=2.43336
Epoch 328: loss=2.43329
Epoch 329: loss=2.42970
Epoch 330: loss=2.42612
Epoch 331: loss=2.42485
Epoch 332: loss=2.42288
Epoch 333: loss=2.42119
Epoch 334: loss=2.42128
Epoch 335: loss=2.41942
Epoch 336: loss=2.41202
Epoch 337: loss=2.40618
Epoch 338: loss=2.40956
Epoch 339: loss=2.40774
Epoch 340: loss=2.40722
Epoch 341: loss=2.40116
Epoch 342: loss=2.40006
Epoch 343: loss=2.39681
Epoch 344: loss=2.40149
Epoch 345: loss=2.39841
Epoch 346: loss=2.38891
Epoch 347: loss=2.39142
Epoch 348: loss=2.38958
Epoch 349: loss=2.38748
Epoch 350: loss=2.38756
Epoch 351: loss=2.38539
Epoch 352: loss=2.38306
Epoch 353: loss=2.38117
Epoch 354: loss=2.37528
Epoch 355: loss=2.38038
Epoch 356: loss=2.37370
Epoch 357: loss=2.37310
Epoch 358: loss=2.36915
Epoch 359: loss=2.37090
Epoch 360: loss=2.37359
Epoch 361: loss=2.36555
Epoch 362: loss=2.36661
Epoch 363: loss=2.36158
Epoch 364: loss=2.36252
Epoch 365: loss=2.35972
Epoch 366: loss=2.36224
Epoch 367: loss=2.35872
Epoch 368: loss=2.36084
Epoch 369: loss=2.35978
Epoch 370: loss=2.35316
Epoch 371: loss=2.35558
Epoch 372: loss=2.35305
Epoch 373: loss=2.35270
Epoch 374: loss=2.34974
Epoch 375: loss=2.35058
Epoch 376: loss=2.35087
Epoch 377: loss=2.34573
Epoch 378: loss=2.34078
Epoch 379: loss=2.33980
Epoch 380: loss=2.34191
Epoch 381: loss=2.33620
Epoch 382: loss=2.33191
Epoch 383: loss=2.33704
Epoch 384: loss=2.33653
Epoch 385: loss=2.33428
Epoch 386: loss=2.33160
Epoch 387: loss=2.33104
Epoch 388: loss=2.33696
Epoch 389: loss=2.33277
Epoch 390: loss=2.33747
Epoch 391: loss=2.33281
Epoch 392: loss=2.32969
Epoch 393: loss=2.32647
Epoch 394: loss=2.33235
Epoch 395: loss=2.32652
Epoch 396: loss=2.32806
Epoch 397: loss=2.32548
Epoch 398: loss=2.31973
Epoch 399: loss=2.31029
Epoch 400: loss=2.30795
Epoch 401: loss=2.31039
Epoch 402: loss=2.30944
Epoch 403: loss=2.30831
Epoch 404: loss=2.30344
Epoch 405: loss=2.30540
Epoch 406: loss=2.30059
Epoch 407: loss=2.29576
Epoch 408: loss=2.29515
Epoch 409: loss=2.29313
Epoch 410: loss=2.29318
Epoch 411: loss=2.29793
Epoch 412: loss=2.29028
Epoch 413: loss=2.29485
Epoch 414: loss=2.29561
Epoch 415: loss=2.29205
Epoch 416: loss=2.28907
Epoch 417: loss=2.28979
Epoch 418: loss=2.28473
Epoch 419: loss=2.28478
Epoch 420: loss=2.28577
Epoch 421: loss=2.28573
Epoch 422: loss=2.28505
Epoch 423: loss=2.28160
Epoch 424: loss=2.28259
Epoch 425: loss=2.27997
Epoch 426: loss=2.27808
Epoch 427: loss=2.28788
Epoch 428: loss=2.28273
Epoch 429: loss=2.27564
Epoch 430: loss=2.27616
Epoch 431: loss=2.27609
Epoch 432: loss=2.28030
Epoch 433: loss=2.27543
Epoch 434: loss=2.26349
Epoch 435: loss=2.26986
Epoch 436: loss=2.26733
Epoch 437: loss=2.27235
Epoch 438: loss=2.26809
Epoch 439: loss=2.26539
Epoch 440: loss=2.26413
Epoch 441: loss=2.26308
Epoch 442: loss=2.26766
Epoch 443: loss=2.26602
Epoch 444: loss=2.26487
Epoch 445: loss=2.26445
Epoch 446: loss=2.26769
Epoch 447: loss=2.26984
Epoch 448: loss=2.26202
Epoch 449: loss=2.27089
Epoch 450: loss=2.25886
Epoch 451: loss=2.26104
Epoch 452: loss=2.25885
Epoch 453: loss=2.25701
Epoch 454: loss=2.25846
Epoch 455: loss=2.25760
Epoch 456: loss=2.25764
Epoch 457: loss=2.25733
Epoch 458: loss=2.26138
Epoch 459: loss=2.25909
Epoch 460: loss=2.25789
Epoch 461: loss=2.25900
Epoch 462: loss=2.25865
Epoch 463: loss=2.25324
Epoch 464: loss=2.24809
Epoch 465: loss=2.25221
Epoch 466: loss=2.24635
Epoch 467: loss=2.24860
Epoch 468: loss=2.24194
Epoch 469: loss=2.24104
Epoch 470: loss=2.23471
Epoch 471: loss=2.23737
Epoch 472: loss=2.22939
Epoch 473: loss=2.22762
Epoch 474: loss=2.23095
Epoch 475: loss=2.22449
Epoch 476: loss=2.22696
Epoch 477: loss=2.22397
Epoch 478: loss=2.22795
Epoch 479: loss=2.22036
Epoch 480: loss=2.21840
Epoch 481: loss=2.21116
Epoch 482: loss=2.21979
Epoch 483: loss=2.21443
Epoch 484: loss=2.21659
Epoch 485: loss=2.21532
Epoch 486: loss=2.21246
Epoch 487: loss=2.20897
Epoch 488: loss=2.21109
Epoch 489: loss=2.20547
Epoch 490: loss=2.20445
Epoch 491: loss=2.20588
Epoch 492: loss=2.20379
Epoch 493: loss=2.20022
Epoch 494: loss=2.19991
Epoch 495: loss=2.19545
Epoch 496: loss=2.19589
Epoch 497: loss=2.19686
Epoch 498: loss=2.19347
Epoch 499: loss=2.18853
Epoch 500: loss=2.18741
Epoch 501: loss=2.19160
Epoch 502: loss=2.19178
Epoch 503: loss=2.18622
Epoch 504: loss=2.18401
Epoch 505: loss=2.18418
Epoch 506: loss=2.18498
Epoch 507: loss=2.17844
Epoch 508: loss=2.17789
Epoch 509: loss=2.17653
Epoch 510: loss=2.17444
Epoch 511: loss=2.16841
Epoch 512: loss=2.17298
Epoch 513: loss=2.16710
Epoch 514: loss=2.16910
Epoch 515: loss=2.16546
Epoch 516: loss=2.16365
Epoch 517: loss=2.16169
Epoch 518: loss=2.16191
Epoch 519: loss=2.16394
Epoch 520: loss=2.16295
Epoch 521: loss=2.16125
Epoch 522: loss=2.16285
Epoch 523: loss=2.16434
Epoch 524: loss=2.16266
Epoch 525: loss=2.15298
Epoch 526: loss=2.15107
Epoch 527: loss=2.15352
Epoch 528: loss=2.14928
Epoch 529: loss=2.14099
Epoch 530: loss=2.14572
Epoch 531: loss=2.15095
Epoch 532: loss=2.14581
Epoch 533: loss=2.13504
Epoch 534: loss=2.14086
Epoch 535: loss=2.13443
Epoch 536: loss=2.13322
Epoch 537: loss=2.12474
Epoch 538: loss=2.13258
Epoch 539: loss=2.12768
Epoch 540: loss=2.12353
Epoch 541: loss=2.12719
Epoch 542: loss=2.12926
Epoch 543: loss=2.12524
Epoch 544: loss=2.12577
Epoch 545: loss=2.13123
Epoch 546: loss=2.12481
Epoch 547: loss=2.12464
Epoch 548: loss=2.12445
Epoch 549: loss=2.12141
Epoch 550: loss=2.12443
Epoch 551: loss=2.11820
Epoch 552: loss=2.11640
Epoch 553: loss=2.12266
Epoch 554: loss=2.12045
Epoch 555: loss=2.11365
Epoch 556: loss=2.11225
Epoch 557: loss=2.10610
Epoch 558: loss=2.10507
Epoch 559: loss=2.11009
Epoch 560: loss=2.11248
Epoch 561: loss=2.10904
Epoch 562: loss=2.10310
Epoch 563: loss=2.10571
Epoch 564: loss=2.09966
Epoch 565: loss=2.10037
Epoch 566: loss=2.09924
Epoch 567: loss=2.09354
Epoch 568: loss=2.09678
Epoch 569: loss=2.09308
Epoch 570: loss=2.08932
Epoch 571: loss=2.08734
Epoch 572: loss=2.08396
Epoch 573: loss=2.08148
Epoch 574: loss=2.08190
Epoch 575: loss=2.08413
Epoch 576: loss=2.08013
Epoch 577: loss=2.07970
Epoch 578: loss=2.07591
Epoch 579: loss=2.07855
Epoch 580: loss=2.07435
Epoch 581: loss=2.07301
Epoch 582: loss=2.07375
Epoch 583: loss=2.06494
Epoch 584: loss=2.07044
Epoch 585: loss=2.06459
Epoch 586: loss=2.06136
Epoch 587: loss=2.06400
Epoch 588: loss=2.06147
Epoch 589: loss=2.06392
Epoch 590: loss=2.06655
Epoch 591: loss=2.06048
Epoch 592: loss=2.05961
Epoch 593: loss=2.05287
Epoch 594: loss=2.05208
Epoch 595: loss=2.05170
Epoch 596: loss=2.05263
Epoch 597: loss=2.05468
Epoch 598: loss=2.04331
Epoch 599: loss=2.04454
Epoch 600: loss=2.04778
Epoch 601: loss=2.04861
Epoch 602: loss=2.03848
Epoch 603: loss=2.04542
Epoch 604: loss=2.04725
Epoch 605: loss=2.04323
Epoch 606: loss=2.04120
Epoch 607: loss=2.04645
Epoch 608: loss=2.03466
Epoch 609: loss=2.03161
Epoch 610: loss=2.03601
Epoch 611: loss=2.03449
Epoch 612: loss=2.02888
Epoch 613: loss=2.03085
Epoch 614: loss=2.02518
Epoch 615: loss=2.02380
Epoch 616: loss=2.02352
Epoch 617: loss=2.02470
Epoch 618: loss=2.02225
Epoch 619: loss=2.02036
Epoch 620: loss=2.01514
Epoch 621: loss=2.01450
Epoch 622: loss=2.01504
Epoch 623: loss=2.01165
Epoch 624: loss=2.01446
Epoch 625: loss=2.01484
Epoch 626: loss=2.01354
Epoch 627: loss=2.01505
Epoch 628: loss=2.00811
Epoch 629: loss=2.01269
Epoch 630: loss=2.01272
Epoch 631: loss=2.01320
Epoch 632: loss=2.00950
Epoch 633: loss=2.00527
Epoch 634: loss=2.01151
Epoch 635: loss=2.00164
Epoch 636: loss=2.00081
Epoch 637: loss=2.00098
Epoch 638: loss=2.00224
Epoch 639: loss=1.99940
Epoch 640: loss=2.00166
Epoch 641: loss=1.99598
Epoch 642: loss=1.99282
Epoch 643: loss=1.99197
Epoch 644: loss=1.99201
Epoch 645: loss=1.98654
Epoch 646: loss=1.99219
Epoch 647: loss=1.98950
Epoch 648: loss=1.98776
Epoch 649: loss=1.98832
Epoch 650: loss=1.98410
Epoch 651: loss=1.98490
Epoch 652: loss=1.98386
Epoch 653: loss=1.98023
Epoch 654: loss=1.97991
Epoch 655: loss=1.97448
Epoch 656: loss=1.97325
Epoch 657: loss=1.97365
Epoch 658: loss=1.97344
Epoch 659: loss=1.96850
Epoch 660: loss=1.96786
Epoch 661: loss=1.96351
Epoch 662: loss=1.96782
Epoch 663: loss=1.96722
Epoch 664: loss=1.96894
Epoch 665: loss=1.96150
Epoch 666: loss=1.96434
Epoch 667: loss=1.96013
Epoch 668: loss=1.95626
Epoch 669: loss=1.96239
Epoch 670: loss=1.96140
Epoch 671: loss=1.96105
Epoch 672: loss=1.96092
Epoch 673: loss=1.96104
Epoch 674: loss=1.95544
Epoch 675: loss=1.94875
Epoch 676: loss=1.94642
Epoch 677: loss=1.95167
Epoch 678: loss=1.95342
Epoch 679: loss=1.95129
Epoch 680: loss=1.94867
Epoch 681: loss=1.94189
Epoch 682: loss=1.94313
Epoch 683: loss=1.93972
Epoch 684: loss=1.93472
Epoch 685: loss=1.93636
Epoch 686: loss=1.93580
Epoch 687: loss=1.93621
Epoch 688: loss=1.93392
Epoch 689: loss=1.92598
Epoch 690: loss=1.92926
Epoch 691: loss=1.92569
Epoch 692: loss=1.92524
Epoch 693: loss=1.92752
Epoch 694: loss=1.92814
Epoch 695: loss=1.92422
Epoch 696: loss=1.92277
Epoch 697: loss=1.92198
Epoch 698: loss=1.92828
Epoch 699: loss=1.92485
Epoch 700: loss=1.91766
Epoch 701: loss=1.91935
Epoch 702: loss=1.91843
Epoch 703: loss=1.91650
Epoch 704: loss=1.90899
Epoch 705: loss=1.91220
Epoch 706: loss=1.90983
Epoch 707: loss=1.90587
Epoch 708: loss=1.90469
Epoch 709: loss=1.90747
Epoch 710: loss=1.91607
Epoch 711: loss=1.90990
Epoch 712: loss=1.90871
Epoch 713: loss=1.89903
Epoch 714: loss=1.90951
Epoch 715: loss=1.90301
Epoch 716: loss=1.89743
Epoch 717: loss=1.89664
Epoch 718: loss=1.89693
Epoch 719: loss=1.89258
Epoch 720: loss=1.89517
Epoch 721: loss=1.89777
Epoch 722: loss=1.89405
Epoch 723: loss=1.89445
Epoch 724: loss=1.89078
Epoch 725: loss=1.88509
Epoch 726: loss=1.88831
Epoch 727: loss=1.88614
Epoch 728: loss=1.88630
Epoch 729: loss=1.89219
Epoch 730: loss=1.89122
Epoch 731: loss=1.88668
Epoch 732: loss=1.88754
Epoch 733: loss=1.89032
Epoch 734: loss=1.88618
Epoch 735: loss=1.87892
Epoch 736: loss=1.88313
Epoch 737: loss=1.87751
Epoch 738: loss=1.88003
Epoch 739: loss=1.88377
Epoch 740: loss=1.88118
Epoch 741: loss=1.87857
Epoch 742: loss=1.86881
Epoch 743: loss=1.87533
Epoch 744: loss=1.88196
Epoch 745: loss=1.87108
Epoch 746: loss=1.86850
Epoch 747: loss=1.86246
Epoch 748: loss=1.86439
Epoch 749: loss=1.86254
Epoch 750: loss=1.86373
Epoch 751: loss=1.85904
Epoch 752: loss=1.85367
Epoch 753: loss=1.85859
Epoch 754: loss=1.84809
Epoch 755: loss=1.85037
Epoch 756: loss=1.85455
Epoch 757: loss=1.84862
Epoch 758: loss=1.84771
Epoch 759: loss=1.84511
Epoch 760: loss=1.84172
Epoch 761: loss=1.84505
Epoch 762: loss=1.83777
Epoch 763: loss=1.84354
Epoch 764: loss=1.84201
Epoch 765: loss=1.84448
Epoch 766: loss=1.84170
Epoch 767: loss=1.84366
Epoch 768: loss=1.83826
Epoch 769: loss=1.83928
Epoch 770: loss=1.83349
Epoch 771: loss=1.83387
Epoch 772: loss=1.83411
Epoch 773: loss=1.83791
Epoch 774: loss=1.83035
Epoch 775: loss=1.83270
Epoch 776: loss=1.82994
Epoch 777: loss=1.82730
Epoch 778: loss=1.82931
Epoch 779: loss=1.83493
Epoch 780: loss=1.82982
Epoch 781: loss=1.82740
Epoch 782: loss=1.83139
Epoch 783: loss=1.83036
Epoch 784: loss=1.82016
Epoch 785: loss=1.82307
Epoch 786: loss=1.81854
Epoch 787: loss=1.81434
Epoch 788: loss=1.81329
Epoch 789: loss=1.81512
Epoch 790: loss=1.81365
Epoch 791: loss=1.81404
Epoch 792: loss=1.81028
Epoch 793: loss=1.81182
Epoch 794: loss=1.81234
Epoch 795: loss=1.80893
Epoch 796: loss=1.80656
Epoch 797: loss=1.80919
Epoch 798: loss=1.80637
Epoch 799: loss=1.80295
Epoch 800: loss=1.80793
Epoch 801: loss=1.80784
Epoch 802: loss=1.80497
Epoch 803: loss=1.80749
Epoch 804: loss=1.80009
Epoch 805: loss=1.80321
Epoch 806: loss=1.79607
Epoch 807: loss=1.79614
Epoch 808: loss=1.79607
Epoch 809: loss=1.79322
Epoch 810: loss=1.78714
Epoch 811: loss=1.79386
Epoch 812: loss=1.78645
Epoch 813: loss=1.78701
Epoch 814: loss=1.78822
Epoch 815: loss=1.79013
Epoch 816: loss=1.78924
Epoch 817: loss=1.78990
Epoch 818: loss=1.78472
Epoch 819: loss=1.78445
Epoch 820: loss=1.77987
Epoch 821: loss=1.78583
Epoch 822: loss=1.78573
Epoch 823: loss=1.78672
Epoch 824: loss=1.78721
Epoch 825: loss=1.78967
Epoch 826: loss=1.78610
Epoch 827: loss=1.78363
Epoch 828: loss=1.78423
Epoch 829: loss=1.78388
Epoch 830: loss=1.78330
Epoch 831: loss=1.78035
Epoch 832: loss=1.77495
Epoch 833: loss=1.77697
Epoch 834: loss=1.77831
Epoch 835: loss=1.77437
Epoch 836: loss=1.78183
Epoch 837: loss=1.77482
Epoch 838: loss=1.77175
Epoch 839: loss=1.77137
Epoch 840: loss=1.77128
Epoch 841: loss=1.76996
Epoch 842: loss=1.76476
Epoch 843: loss=1.76708
Epoch 844: loss=1.77018
Epoch 845: loss=1.76331
Epoch 846: loss=1.75679
Epoch 847: loss=1.76090
Epoch 848: loss=1.75459
Epoch 849: loss=1.75770
Epoch 850: loss=1.75973
Epoch 851: loss=1.75258
Epoch 852: loss=1.75004
Epoch 853: loss=1.75144
Epoch 854: loss=1.74706
Epoch 855: loss=1.75063
Epoch 856: loss=1.75328
Epoch 857: loss=1.75450
Epoch 858: loss=1.75506
Epoch 859: loss=1.75261
Epoch 860: loss=1.74825
Epoch 861: loss=1.74456
Epoch 862: loss=1.74433
Epoch 863: loss=1.73542
Epoch 864: loss=1.74041
Epoch 865: loss=1.74411
Epoch 866: loss=1.74029
Epoch 867: loss=1.74561
Epoch 868: loss=1.73948
Epoch 869: loss=1.73972
Epoch 870: loss=1.73420
Epoch 871: loss=1.73601
Epoch 872: loss=1.73668
Epoch 873: loss=1.74010
Epoch 874: loss=1.73564
Epoch 875: loss=1.73423
Epoch 876: loss=1.73457
Epoch 877: loss=1.72987
Epoch 878: loss=1.72831
Epoch 879: loss=1.72510
Epoch 880: loss=1.73807
Epoch 881: loss=1.72624
Epoch 882: loss=1.73128
Epoch 883: loss=1.72572
Epoch 884: loss=1.72545
Epoch 885: loss=1.73012
Epoch 886: loss=1.72966
Epoch 887: loss=1.72362
Epoch 888: loss=1.72168
Epoch 889: loss=1.71642
Epoch 890: loss=1.71814
Epoch 891: loss=1.71793
Epoch 892: loss=1.72611
Epoch 893: loss=1.71986
Epoch 894: loss=1.72668
Epoch 895: loss=1.72803
Epoch 896: loss=1.71631
Epoch 897: loss=1.71608
Epoch 898: loss=1.71685
Epoch 899: loss=1.71584
Epoch 900: loss=1.71912
Epoch 901: loss=1.71359
Epoch 902: loss=1.71299
Epoch 903: loss=1.71217
Epoch 904: loss=1.70986
Epoch 905: loss=1.70719
Epoch 906: loss=1.70925
Epoch 907: loss=1.71550
Epoch 908: loss=1.70218
Epoch 909: loss=1.71090
Epoch 910: loss=1.70799
Epoch 911: loss=1.70853
Epoch 912: loss=1.70703
Epoch 913: loss=1.70141
Epoch 914: loss=1.70250
Epoch 915: loss=1.69678
Epoch 916: loss=1.69810
Epoch 917: loss=1.69281
Epoch 918: loss=1.69724
Epoch 919: loss=1.69420
Epoch 920: loss=1.69762
Epoch 921: loss=1.69727
Epoch 922: loss=1.69491
Epoch 923: loss=1.69599
Epoch 924: loss=1.68792
Epoch 925: loss=1.69216
Epoch 926: loss=1.69117
Epoch 927: loss=1.69303
Epoch 928: loss=1.69410
Epoch 929: loss=1.68530
Epoch 930: loss=1.68296
Epoch 931: loss=1.68237
Epoch 932: loss=1.68836
Epoch 933: loss=1.68824
Epoch 934: loss=1.68846
Epoch 935: loss=1.68537
Epoch 936: loss=1.69006
Epoch 937: loss=1.68674
Epoch 938: loss=1.69044
Epoch 939: loss=1.69142
Epoch 940: loss=1.68790
Epoch 941: loss=1.68508
Epoch 942: loss=1.68111
Epoch 943: loss=1.67578
Epoch 944: loss=1.68276
Epoch 945: loss=1.67496
Epoch 946: loss=1.68036
Epoch 947: loss=1.67709
Epoch 948: loss=1.68373
Epoch 949: loss=1.67786
Epoch 950: loss=1.67392
Epoch 951: loss=1.66979
Epoch 952: loss=1.67565
Epoch 953: loss=1.67122
Epoch 954: loss=1.66813
Epoch 955: loss=1.67253
Epoch 956: loss=1.66806
Epoch 957: loss=1.67022
Epoch 958: loss=1.66476
Epoch 959: loss=1.67381
Epoch 960: loss=1.66775
Epoch 961: loss=1.67059
Epoch 962: loss=1.67194
Epoch 963: loss=1.66707
Epoch 964: loss=1.66508
Epoch 965: loss=1.66850
Epoch 966: loss=1.66511
Epoch 967: loss=1.66704
Epoch 968: loss=1.65687
Epoch 969: loss=1.65837
Epoch 970: loss=1.65015
Epoch 971: loss=1.65945
Epoch 972: loss=1.65874
Epoch 973: loss=1.66065
Epoch 974: loss=1.65085
Epoch 975: loss=1.65878
Epoch 976: loss=1.65788
Epoch 977: loss=1.66543
Epoch 978: loss=1.65674
Epoch 979: loss=1.65480
Epoch 980: loss=1.65383
Epoch 981: loss=1.65263
Epoch 982: loss=1.65224
Epoch 983: loss=1.64899
Epoch 984: loss=1.64717
Epoch 985: loss=1.64611
Epoch 986: loss=1.64719
Epoch 987: loss=1.64412
Epoch 988: loss=1.64977
Epoch 989: loss=1.64561
Epoch 990: loss=1.64260
Epoch 991: loss=1.64281
Epoch 992: loss=1.63965
Epoch 993: loss=1.63523
Epoch 994: loss=1.63630
Epoch 995: loss=1.64139
Epoch 996: loss=1.64508
Epoch 997: loss=1.64181
Epoch 998: loss=1.63821
Epoch 999: loss=1.64036
Epoch 1000: loss=1.63968
Epoch 1001: loss=1.64166
Epoch 1002: loss=1.63568
Epoch 1003: loss=1.63734
Epoch 1004: loss=1.63177
Epoch 1005: loss=1.63905
Epoch 1006: loss=1.63272
Epoch 1007: loss=1.63603
Epoch 1008: loss=1.63680
Epoch 1009: loss=1.63171
Epoch 1010: loss=1.63191
Epoch 1011: loss=1.62992
Epoch 1012: loss=1.62700
Epoch 1013: loss=1.63180
Epoch 1014: loss=1.63018
Epoch 1015: loss=1.62929
Epoch 1016: loss=1.63408
Epoch 1017: loss=1.62722
Epoch 1018: loss=1.62912
Epoch 1019: loss=1.62124
Epoch 1020: loss=1.62272
Epoch 1021: loss=1.61833
Epoch 1022: loss=1.61948
Epoch 1023: loss=1.61763
Epoch 1024: loss=1.62265
Epoch 1025: loss=1.61958
Epoch 1026: loss=1.62141
Epoch 1027: loss=1.61684
Epoch 1028: loss=1.62018
Epoch 1029: loss=1.62221
Epoch 1030: loss=1.62315
Epoch 1031: loss=1.61960
Epoch 1032: loss=1.61917
Epoch 1033: loss=1.61358
Epoch 1034: loss=1.61443
Epoch 1035: loss=1.61098
Epoch 1036: loss=1.61000
Epoch 1037: loss=1.60480
Epoch 1038: loss=1.60702
Epoch 1039: loss=1.60679
Epoch 1040: loss=1.60842
Epoch 1041: loss=1.61019
Epoch 1042: loss=1.60770
Epoch 1043: loss=1.60883
Epoch 1044: loss=1.61375
Epoch 1045: loss=1.61088
Epoch 1046: loss=1.60865
Epoch 1047: loss=1.60449
Epoch 1048: loss=1.60554
Epoch 1049: loss=1.60549
Epoch 1050: loss=1.60596
Epoch 1051: loss=1.60273
Epoch 1052: loss=1.61267
Epoch 1053: loss=1.60908
Epoch 1054: loss=1.60452
Epoch 1055: loss=1.60455
Epoch 1056: loss=1.60233
Epoch 1057: loss=1.60140
Epoch 1058: loss=1.59699
Epoch 1059: loss=1.59655
Epoch 1060: loss=1.59523
Epoch 1061: loss=1.59359
Epoch 1062: loss=1.59808
Epoch 1063: loss=1.59585
Epoch 1064: loss=1.59773
Epoch 1065: loss=1.59476
Epoch 1066: loss=1.59074
Epoch 1067: loss=1.59277
Epoch 1068: loss=1.59125
Epoch 1069: loss=1.59380
Epoch 1070: loss=1.59309
Epoch 1071: loss=1.59159
Epoch 1072: loss=1.58827
Epoch 1073: loss=1.58624
Epoch 1074: loss=1.58308
Epoch 1075: loss=1.58307
Epoch 1076: loss=1.58328
Epoch 1077: loss=1.58439
Epoch 1078: loss=1.57928
Epoch 1079: loss=1.57983
Epoch 1080: loss=1.58026
Epoch 1081: loss=1.58141
Epoch 1082: loss=1.57862
Epoch 1083: loss=1.57635
Epoch 1084: loss=1.57801
Epoch 1085: loss=1.58134
Epoch 1086: loss=1.58217
Epoch 1087: loss=1.57328
Epoch 1088: loss=1.57484
Epoch 1089: loss=1.57585
Epoch 1090: loss=1.57560
Epoch 1091: loss=1.57441
Epoch 1092: loss=1.57410
Epoch 1093: loss=1.57226
Epoch 1094: loss=1.57565
Epoch 1095: loss=1.57067
Epoch 1096: loss=1.57219
Epoch 1097: loss=1.56701
Epoch 1098: loss=1.56933
Epoch 1099: loss=1.56627
Epoch 1100: loss=1.56997
Epoch 1101: loss=1.57332
Epoch 1102: loss=1.57215
Epoch 1103: loss=1.57027
Epoch 1104: loss=1.57208
Epoch 1105: loss=1.57140
Epoch 1106: loss=1.57077
Epoch 1107: loss=1.56860
Epoch 1108: loss=1.56689
Epoch 1109: loss=1.56877
Epoch 1110: loss=1.56500
Epoch 1111: loss=1.56430
Epoch 1112: loss=1.57184
Epoch 1113: loss=1.56554
Epoch 1114: loss=1.56691
Epoch 1115: loss=1.57193
Epoch 1116: loss=1.56730
Epoch 1117: loss=1.56567
Epoch 1118: loss=1.56091
Epoch 1119: loss=1.56347
Epoch 1120: loss=1.55993
Epoch 1121: loss=1.55456
Epoch 1122: loss=1.55764
Epoch 1123: loss=1.55046
Epoch 1124: loss=1.55429
Epoch 1125: loss=1.56145
Epoch 1126: loss=1.55293
Epoch 1127: loss=1.55236
Epoch 1128: loss=1.54769
Epoch 1129: loss=1.54665
Epoch 1130: loss=1.54099
Epoch 1131: loss=1.53985
Epoch 1132: loss=1.54443
Epoch 1133: loss=1.54558
Epoch 1134: loss=1.54793
Epoch 1135: loss=1.54269
Epoch 1136: loss=1.53754
Epoch 1137: loss=1.53335
Epoch 1138: loss=1.54015
Epoch 1139: loss=1.54013
Epoch 1140: loss=1.54034
Epoch 1141: loss=1.54098
Epoch 1142: loss=1.53916
Epoch 1143: loss=1.54187
Epoch 1144: loss=1.53728
Epoch 1145: loss=1.54020
Epoch 1146: loss=1.53069
Epoch 1147: loss=1.53468
Epoch 1148: loss=1.53618
Epoch 1149: loss=1.53354
Epoch 1150: loss=1.53397
Epoch 1151: loss=1.53638
Epoch 1152: loss=1.54137
Epoch 1153: loss=1.53997
Epoch 1154: loss=1.53305
Epoch 1155: loss=1.54096
Epoch 1156: loss=1.54149
Epoch 1157: loss=1.53496
Epoch 1158: loss=1.53152
Epoch 1159: loss=1.53235
Epoch 1160: loss=1.52861
Epoch 1161: loss=1.53140
Epoch 1162: loss=1.52784
Epoch 1163: loss=1.52898
Epoch 1164: loss=1.52959
Epoch 1165: loss=1.52490
Epoch 1166: loss=1.52095
Epoch 1167: loss=1.51470
Epoch 1168: loss=1.52257
Epoch 1169: loss=1.51756
Epoch 1170: loss=1.51338
Epoch 1171: loss=1.52183
Epoch 1172: loss=1.52418
Epoch 1173: loss=1.51702
Epoch 1174: loss=1.51762
Epoch 1175: loss=1.51433
Epoch 1176: loss=1.51751
Epoch 1177: loss=1.50813
Epoch 1178: loss=1.52077
Epoch 1179: loss=1.51390
Epoch 1180: loss=1.51588
Epoch 1181: loss=1.51382
Epoch 1182: loss=1.51523
Epoch 1183: loss=1.50924
Epoch 1184: loss=1.51267
Epoch 1185: loss=1.50696
Epoch 1186: loss=1.50802
Epoch 1187: loss=1.50467
Epoch 1188: loss=1.51296
Epoch 1189: loss=1.51060
Epoch 1190: loss=1.50915
Epoch 1191: loss=1.51152
Epoch 1192: loss=1.50746
Epoch 1193: loss=1.50596
Epoch 1194: loss=1.50480
Epoch 1195: loss=1.50593
Epoch 1196: loss=1.50967
Epoch 1197: loss=1.50760
Epoch 1198: loss=1.50531
Epoch 1199: loss=1.50147
Epoch 1200: loss=1.50350
Epoch 1201: loss=1.49941
Epoch 1202: loss=1.50440
Epoch 1203: loss=1.50228
Epoch 1204: loss=1.50482
Epoch 1205: loss=1.49677
Epoch 1206: loss=1.49858
Epoch 1207: loss=1.49850
Epoch 1208: loss=1.49704
Epoch 1209: loss=1.49615
Epoch 1210: loss=1.49895
Epoch 1211: loss=1.50081
Epoch 1212: loss=1.49955
Epoch 1213: loss=1.49502
Epoch 1214: loss=1.49937
Epoch 1215: loss=1.49562
Epoch 1216: loss=1.49684
Epoch 1217: loss=1.49689
Epoch 1218: loss=1.49338
Epoch 1219: loss=1.49180
Epoch 1220: loss=1.48572
Epoch 1221: loss=1.48363
Epoch 1222: loss=1.49180
Epoch 1223: loss=1.48902
Epoch 1224: loss=1.49063
Epoch 1225: loss=1.48784
Epoch 1226: loss=1.48235
Epoch 1227: loss=1.48720
Epoch 1228: loss=1.48782
Epoch 1229: loss=1.48542
Epoch 1230: loss=1.47856
Epoch 1231: loss=1.49188
Epoch 1232: loss=1.49227
Epoch 1233: loss=1.48955
Epoch 1234: loss=1.48438
Epoch 1235: loss=1.48477
Epoch 1236: loss=1.48698
Epoch 1237: loss=1.48388
Epoch 1238: loss=1.49018
Epoch 1239: loss=1.49454
Epoch 1240: loss=1.49110
Epoch 1241: loss=1.47855
Epoch 1242: loss=1.48021
Epoch 1243: loss=1.48017
Epoch 1244: loss=1.48192
Epoch 1245: loss=1.48227
Epoch 1246: loss=1.48596
Epoch 1247: loss=1.47818
Epoch 1248: loss=1.48371
Epoch 1249: loss=1.48017
Epoch 1250: loss=1.46955
Epoch 1251: loss=1.47777
Epoch 1252: loss=1.48275
Epoch 1253: loss=1.48516
Epoch 1254: loss=1.48312
Epoch 1255: loss=1.48168
Epoch 1256: loss=1.47810
Epoch 1257: loss=1.47897
Epoch 1258: loss=1.47442
Epoch 1259: loss=1.47087
Epoch 1260: loss=1.47710
Epoch 1261: loss=1.47794
Epoch 1262: loss=1.48670
Epoch 1263: loss=1.47666
Epoch 1264: loss=1.47897
Epoch 1265: loss=1.47823
Epoch 1266: loss=1.47760
Epoch 1267: loss=1.47416
Epoch 1268: loss=1.47385
Epoch 1269: loss=1.47974
Epoch 1270: loss=1.47540
Epoch 1271: loss=1.47801
Epoch 1272: loss=1.47789
Epoch 1273: loss=1.47446
Epoch 1274: loss=1.47965
Epoch 1275: loss=1.47331
Epoch 1276: loss=1.47142
Epoch 1277: loss=1.47694
Epoch 1278: loss=1.47738
Epoch 1279: loss=1.47571
Epoch 1280: loss=1.46901
Epoch 1281: loss=1.47249
Epoch 1282: loss=1.47366
Epoch 1283: loss=1.46064
Epoch 1284: loss=1.46425
Epoch 1285: loss=1.45631
Epoch 1286: loss=1.47005
Epoch 1287: loss=1.47392
Epoch 1288: loss=1.46667
Epoch 1289: loss=1.46439
Epoch 1290: loss=1.46281
Epoch 1291: loss=1.46962
Epoch 1292: loss=1.46646
Epoch 1293: loss=1.46414
Epoch 1294: loss=1.46754
Epoch 1295: loss=1.46424
Epoch 1296: loss=1.46221
Epoch 1297: loss=1.45798
Epoch 1298: loss=1.46807
Epoch 1299: loss=1.46725
Epoch 1300: loss=1.46312
Epoch 1301: loss=1.45632
Epoch 1302: loss=1.45950
Epoch 1303: loss=1.46087
Epoch 1304: loss=1.46025
Epoch 1305: loss=1.45569
Epoch 1306: loss=1.45930
Epoch 1307: loss=1.46023
Epoch 1308: loss=1.46415
Epoch 1309: loss=1.45774
Epoch 1310: loss=1.45962
Epoch 1311: loss=1.45882
Epoch 1312: loss=1.46044
Epoch 1313: loss=1.45894
Epoch 1314: loss=1.45578
Epoch 1315: loss=1.45767
Epoch 1316: loss=1.45522
Epoch 1317: loss=1.45374
Epoch 1318: loss=1.45717
Epoch 1319: loss=1.45211
Epoch 1320: loss=1.44936
Epoch 1321: loss=1.45393
Epoch 1322: loss=1.45699
Epoch 1323: loss=1.45845
Epoch 1324: loss=1.45529
Epoch 1325: loss=1.45194
Epoch 1326: loss=1.44478
Epoch 1327: loss=1.44833
Epoch 1328: loss=1.44349
Epoch 1329: loss=1.44287
Epoch 1330: loss=1.43437
Epoch 1331: loss=1.43787
Epoch 1332: loss=1.43769
Epoch 1333: loss=1.42852
Epoch 1334: loss=1.43917
Epoch 1335: loss=1.44302
Epoch 1336: loss=1.44047
Epoch 1337: loss=1.43467
Epoch 1338: loss=1.43370
Epoch 1339: loss=1.44151
Epoch 1340: loss=1.44156
Epoch 1341: loss=1.43675
Epoch 1342: loss=1.43851
Epoch 1343: loss=1.43594
Epoch 1344: loss=1.44258
Epoch 1345: loss=1.44312
Epoch 1346: loss=1.43636
Epoch 1347: loss=1.43586
Epoch 1348: loss=1.43625
Epoch 1349: loss=1.43649
Epoch 1350: loss=1.43259
Epoch 1351: loss=1.42812
Epoch 1352: loss=1.43087
Epoch 1353: loss=1.42509
Epoch 1354: loss=1.42602
Epoch 1355: loss=1.42468
Epoch 1356: loss=1.41968
Epoch 1357: loss=1.42604
Epoch 1358: loss=1.42027
Epoch 1359: loss=1.42956
Epoch 1360: loss=1.43038
Epoch 1361: loss=1.43022
Epoch 1362: loss=1.42924
Epoch 1363: loss=1.42452
Epoch 1364: loss=1.41757
Epoch 1365: loss=1.41834
Epoch 1366: loss=1.41881
Epoch 1367: loss=1.41765
Epoch 1368: loss=1.42076
Epoch 1369: loss=1.42605
Epoch 1370: loss=1.41629
Epoch 1371: loss=1.42244
Epoch 1372: loss=1.41646
Epoch 1373: loss=1.42511
Epoch 1374: loss=1.41815
Epoch 1375: loss=1.41869
Epoch 1376: loss=1.41311
Epoch 1377: loss=1.41827
Epoch 1378: loss=1.40348
Epoch 1379: loss=1.41260
Epoch 1380: loss=1.41289
Epoch 1381: loss=1.40830
Epoch 1382: loss=1.40098
Epoch 1383: loss=1.40924
Epoch 1384: loss=1.40859
Epoch 1385: loss=1.40961
Epoch 1386: loss=1.41406
Epoch 1387: loss=1.41553
Epoch 1388: loss=1.41276
Epoch 1389: loss=1.41611
Epoch 1390: loss=1.40559
Epoch 1391: loss=1.40358
Epoch 1392: loss=1.41090
Epoch 1393: loss=1.40352
Epoch 1394: loss=1.40427
Epoch 1395: loss=1.40734
Epoch 1396: loss=1.41111
Epoch 1397: loss=1.40683
Epoch 1398: loss=1.40239
Epoch 1399: loss=1.39883
Epoch 1400: loss=1.39817
Epoch 1401: loss=1.40108
Epoch 1402: loss=1.40192
Epoch 1403: loss=1.39217
Epoch 1404: loss=1.39512
Epoch 1405: loss=1.40101
Epoch 1406: loss=1.39680
Epoch 1407: loss=1.39405
Epoch 1408: loss=1.39626
Epoch 1409: loss=1.38686
Epoch 1410: loss=1.38651
Epoch 1411: loss=1.39350
Epoch 1412: loss=1.39666
Epoch 1413: loss=1.40744
Epoch 1414: loss=1.40404
Epoch 1415: loss=1.39600
Epoch 1416: loss=1.39711
Epoch 1417: loss=1.39924
Epoch 1418: loss=1.39867
Epoch 1419: loss=1.40051
Epoch 1420: loss=1.40408
Epoch 1421: loss=1.40074
Epoch 1422: loss=1.39040
Epoch 1423: loss=1.38563
Epoch 1424: loss=1.38951
Epoch 1425: loss=1.39005
Epoch 1426: loss=1.38215
Epoch 1427: loss=1.39304
Epoch 1428: loss=1.39016
Epoch 1429: loss=1.38628
Epoch 1430: loss=1.38632
Epoch 1431: loss=1.38088
Epoch 1432: loss=1.39028
Epoch 1433: loss=1.38875
Epoch 1434: loss=1.38066
Epoch 1435: loss=1.38579
Epoch 1436: loss=1.38217
Epoch 1437: loss=1.38323
Epoch 1438: loss=1.37842
Epoch 1439: loss=1.37744
Epoch 1440: loss=1.37911
Epoch 1441: loss=1.38210
Epoch 1442: loss=1.38079
Epoch 1443: loss=1.38441
Epoch 1444: loss=1.38017
Epoch 1445: loss=1.38294
Epoch 1446: loss=1.37737
Epoch 1447: loss=1.38123
Epoch 1448: loss=1.38416
Epoch 1449: loss=1.37446
Epoch 1450: loss=1.38429
Epoch 1451: loss=1.37788
Epoch 1452: loss=1.37978
Epoch 1453: loss=1.38056
Epoch 1454: loss=1.37620
Epoch 1455: loss=1.37616
Epoch 1456: loss=1.37668
Epoch 1457: loss=1.37125
Epoch 1458: loss=1.36746
Epoch 1459: loss=1.37267
Epoch 1460: loss=1.37844
Epoch 1461: loss=1.37479
Epoch 1462: loss=1.36737
Epoch 1463: loss=1.36952
Epoch 1464: loss=1.37023
Epoch 1465: loss=1.37231
Epoch 1466: loss=1.36871
Epoch 1467: loss=1.36484
Epoch 1468: loss=1.36387
Epoch 1469: loss=1.36685
Epoch 1470: loss=1.36623
Epoch 1471: loss=1.36477
Epoch 1472: loss=1.36905
Epoch 1473: loss=1.36831
Epoch 1474: loss=1.36414
Epoch 1475: loss=1.37072
Epoch 1476: loss=1.37091
Epoch 1477: loss=1.37404
Epoch 1478: loss=1.36613
Epoch 1479: loss=1.36768
Epoch 1480: loss=1.36746
Epoch 1481: loss=1.36484
Epoch 1482: loss=1.36364
Epoch 1483: loss=1.36530
Epoch 1484: loss=1.36815
Epoch 1485: loss=1.36320
Epoch 1486: loss=1.36012
Epoch 1487: loss=1.36731
Epoch 1488: loss=1.36299
Epoch 1489: loss=1.36413
Epoch 1490: loss=1.36093
Epoch 1491: loss=1.36535
Epoch 1492: loss=1.36844
Epoch 1493: loss=1.36263
Epoch 1494: loss=1.35951
Epoch 1495: loss=1.36472
Epoch 1496: loss=1.36812
Epoch 1497: loss=1.36532
Epoch 1498: loss=1.35894
Epoch 1499: loss=1.36236
Epoch 1500: loss=1.35862
Training accuracy: 0.609
Test accuracy: 0.476

File list dumped

Saved in file
