/home/venkat/Unreliable_Synaptic_Transmission/Deepti/DOPcodes/SHD/dataset/shddataset/
2 layered 128 unit SNN made weight variables and loss histogram
The file is present.
Epoch 1: loss=1.36286
Epoch 2: loss=1.35595
Epoch 3: loss=1.35732
Epoch 4: loss=1.35511
Epoch 5: loss=1.35684
Epoch 6: loss=1.36124
Epoch 7: loss=1.35890
Epoch 8: loss=1.36217
Epoch 9: loss=1.35027
Epoch 10: loss=1.35182
Trained for 10 epochs
Training accuracy: 0.612
Epoch 1: loss=1.35017
Epoch 2: loss=1.34600
Epoch 3: loss=1.34996
Epoch 4: loss=1.34837
Epoch 5: loss=1.35630
Epoch 6: loss=1.34839
Epoch 7: loss=1.35324
Epoch 8: loss=1.34557
Epoch 9: loss=1.35031
Epoch 10: loss=1.35448
Epoch 11: loss=1.35193
Epoch 12: loss=1.34890
Epoch 13: loss=1.34791
Epoch 14: loss=1.34621
Epoch 15: loss=1.34275
Epoch 16: loss=1.34362
Epoch 17: loss=1.34713
Epoch 18: loss=1.34647
Epoch 19: loss=1.34583
Epoch 20: loss=1.34782
Epoch 21: loss=1.34568
Epoch 22: loss=1.34389
Epoch 23: loss=1.34746
Epoch 24: loss=1.34122
Epoch 25: loss=1.34781
Epoch 26: loss=1.34016
Epoch 27: loss=1.34317
Epoch 28: loss=1.33554
Epoch 29: loss=1.34492
Epoch 30: loss=1.34147
Epoch 31: loss=1.34216
Epoch 32: loss=1.33850
Epoch 33: loss=1.34123
Epoch 34: loss=1.33875
Epoch 35: loss=1.34106
Epoch 36: loss=1.33507
Epoch 37: loss=1.33267
Epoch 38: loss=1.33636
Epoch 39: loss=1.33857
Epoch 40: loss=1.33368
Epoch 41: loss=1.33820
Epoch 42: loss=1.33453
Epoch 43: loss=1.32412
Epoch 44: loss=1.32613
Epoch 45: loss=1.32673
Epoch 46: loss=1.32626
Epoch 47: loss=1.33018
Epoch 48: loss=1.33327
Epoch 49: loss=1.32659
Epoch 50: loss=1.33114
Epoch 51: loss=1.32874
Epoch 52: loss=1.32401
Epoch 53: loss=1.33654
Epoch 54: loss=1.33419
Epoch 55: loss=1.32346
Epoch 56: loss=1.32602
Epoch 57: loss=1.33447
Epoch 58: loss=1.32616
Epoch 59: loss=1.33086
Epoch 60: loss=1.32043
Epoch 61: loss=1.32404
Epoch 62: loss=1.32024
Epoch 63: loss=1.32623
Epoch 64: loss=1.31904
Epoch 65: loss=1.32632
Epoch 66: loss=1.32192
Epoch 67: loss=1.33066
Epoch 68: loss=1.32403
Epoch 69: loss=1.32364
Epoch 70: loss=1.31978
Epoch 71: loss=1.32286
Epoch 72: loss=1.32323
Epoch 73: loss=1.32406
Epoch 74: loss=1.31906
Epoch 75: loss=1.31274
Epoch 76: loss=1.32495
Epoch 77: loss=1.32023
Epoch 78: loss=1.31205
Epoch 79: loss=1.31899
Epoch 80: loss=1.31857
Epoch 81: loss=1.31434
Epoch 82: loss=1.31162
Epoch 83: loss=1.31434
Epoch 84: loss=1.31437
Epoch 85: loss=1.32390
Epoch 86: loss=1.31968
Epoch 87: loss=1.31311
Epoch 88: loss=1.31674
Epoch 89: loss=1.30948
Epoch 90: loss=1.31111
Epoch 91: loss=1.31350
Epoch 92: loss=1.30576
Epoch 93: loss=1.31470
Epoch 94: loss=1.30990
Epoch 95: loss=1.31675
Epoch 96: loss=1.31319
Epoch 97: loss=1.31818
Epoch 98: loss=1.31896
Epoch 99: loss=1.30906
Epoch 100: loss=1.31224
Epoch 101: loss=1.30701
Epoch 102: loss=1.31007
Epoch 103: loss=1.30278
Epoch 104: loss=1.29790
Epoch 105: loss=1.31098
Epoch 106: loss=1.31108
Epoch 107: loss=1.29958
Epoch 108: loss=1.30368
Epoch 109: loss=1.30231
Epoch 110: loss=1.30265
Epoch 111: loss=1.30123
Epoch 112: loss=1.30677
Epoch 113: loss=1.30299
Epoch 114: loss=1.30205
Epoch 115: loss=1.30370
Epoch 116: loss=1.30178
Epoch 117: loss=1.30191
Epoch 118: loss=1.30484
Epoch 119: loss=1.30392
Epoch 120: loss=1.30174
Epoch 121: loss=1.30586
Epoch 122: loss=1.30146
Epoch 123: loss=1.30122
Epoch 124: loss=1.29832
Epoch 125: loss=1.30361
Epoch 126: loss=1.29745
Epoch 127: loss=1.29797
Epoch 128: loss=1.29895
Epoch 129: loss=1.29892
Epoch 130: loss=1.30128
Epoch 131: loss=1.30094
Epoch 132: loss=1.29777
Epoch 133: loss=1.29404
Epoch 134: loss=1.30067
Epoch 135: loss=1.29180
Epoch 136: loss=1.29434
Epoch 137: loss=1.30024
Epoch 138: loss=1.29916
Epoch 139: loss=1.30038
Epoch 140: loss=1.29793
Epoch 141: loss=1.29576
Epoch 142: loss=1.29635
Epoch 143: loss=1.29716
Epoch 144: loss=1.29680
Epoch 145: loss=1.29336
Epoch 146: loss=1.29841
Epoch 147: loss=1.29489
Epoch 148: loss=1.29297
Epoch 149: loss=1.29581
Epoch 150: loss=1.28800
Epoch 151: loss=1.28865
Epoch 152: loss=1.29650
Epoch 153: loss=1.29572
Epoch 154: loss=1.29476
Epoch 155: loss=1.29708
Epoch 156: loss=1.29676
Epoch 157: loss=1.29543
Epoch 158: loss=1.29740
Epoch 159: loss=1.28612
Epoch 160: loss=1.28710
Epoch 161: loss=1.29469
Epoch 162: loss=1.29126
Epoch 163: loss=1.27979
Epoch 164: loss=1.28900
Epoch 165: loss=1.29012
Epoch 166: loss=1.29083
Epoch 167: loss=1.28740
Epoch 168: loss=1.28462
Epoch 169: loss=1.28771
Epoch 170: loss=1.28646
Epoch 171: loss=1.28180
Epoch 172: loss=1.28820
Epoch 173: loss=1.28768
Epoch 174: loss=1.28219
Epoch 175: loss=1.28228
Epoch 176: loss=1.29110
Epoch 177: loss=1.28600
Epoch 178: loss=1.28302
Epoch 179: loss=1.28400
Epoch 180: loss=1.28324
Epoch 181: loss=1.28289
Epoch 182: loss=1.28397
Epoch 183: loss=1.28370
Epoch 184: loss=1.28148
Epoch 185: loss=1.28052
Epoch 186: loss=1.27123
Epoch 187: loss=1.27521
Epoch 188: loss=1.27813
Epoch 189: loss=1.27828
Epoch 190: loss=1.27353
Epoch 191: loss=1.27220
Epoch 192: loss=1.27004
Epoch 193: loss=1.27279
Epoch 194: loss=1.27808
Epoch 195: loss=1.27064
Epoch 196: loss=1.27355
Epoch 197: loss=1.27326
Epoch 198: loss=1.27177
Epoch 199: loss=1.26783
Epoch 200: loss=1.27147
Epoch 201: loss=1.27175
Epoch 202: loss=1.27270
Epoch 203: loss=1.26861
Epoch 204: loss=1.26521
Epoch 205: loss=1.27489
Epoch 206: loss=1.27578
Epoch 207: loss=1.27596
Epoch 208: loss=1.27339
Epoch 209: loss=1.27026
Epoch 210: loss=1.26144
Epoch 211: loss=1.27294
Epoch 212: loss=1.26861
Epoch 213: loss=1.26572
Epoch 214: loss=1.26781
Epoch 215: loss=1.26694
Epoch 216: loss=1.26727
Epoch 217: loss=1.26493
Epoch 218: loss=1.27156
Epoch 219: loss=1.26544
Epoch 220: loss=1.26453
Epoch 221: loss=1.27129
Epoch 222: loss=1.27075
Epoch 223: loss=1.26883
Epoch 224: loss=1.26170
Epoch 225: loss=1.26299
Epoch 226: loss=1.26943
Epoch 227: loss=1.26074
Epoch 228: loss=1.26845
Epoch 229: loss=1.26747
Epoch 230: loss=1.26514
Epoch 231: loss=1.26734
Epoch 232: loss=1.26468
Epoch 233: loss=1.26355
Epoch 234: loss=1.26331
Epoch 235: loss=1.26314
Epoch 236: loss=1.25833
Epoch 237: loss=1.25376
Epoch 238: loss=1.25863
Epoch 239: loss=1.26522
Epoch 240: loss=1.26263
Epoch 241: loss=1.25495
Epoch 242: loss=1.26938
Epoch 243: loss=1.26529
Epoch 244: loss=1.26309
Epoch 245: loss=1.25568
Epoch 246: loss=1.26428
Epoch 247: loss=1.25996
Epoch 248: loss=1.25597
Epoch 249: loss=1.25685
Epoch 250: loss=1.25506
Epoch 251: loss=1.25004
Epoch 252: loss=1.25139
Epoch 253: loss=1.24760
Epoch 254: loss=1.25110
Epoch 255: loss=1.25411
Epoch 256: loss=1.25061
Epoch 257: loss=1.24924
Epoch 258: loss=1.25333
Epoch 259: loss=1.25008
Epoch 260: loss=1.25637
Epoch 261: loss=1.25035
Epoch 262: loss=1.25564
Epoch 263: loss=1.24901
Epoch 264: loss=1.25215
Epoch 265: loss=1.25212
Epoch 266: loss=1.24710
Epoch 267: loss=1.25795
Epoch 268: loss=1.24709
Epoch 269: loss=1.24863
Epoch 270: loss=1.25413
Epoch 271: loss=1.25391
Epoch 272: loss=1.25383
Epoch 273: loss=1.25299
Epoch 274: loss=1.24942
Epoch 275: loss=1.25248
Epoch 276: loss=1.24607
Epoch 277: loss=1.24468
Epoch 278: loss=1.25029
Epoch 279: loss=1.25120
Epoch 280: loss=1.25267
Epoch 281: loss=1.25013
Epoch 282: loss=1.24889
Epoch 283: loss=1.24660
Epoch 284: loss=1.24517
Epoch 285: loss=1.24830
Epoch 286: loss=1.25094
Epoch 287: loss=1.24418
Epoch 288: loss=1.25330
Epoch 289: loss=1.25092
Epoch 290: loss=1.24862
Epoch 291: loss=1.24876
Epoch 292: loss=1.25276
Epoch 293: loss=1.24625
Epoch 294: loss=1.24359
Epoch 295: loss=1.24495
Epoch 296: loss=1.24752
Epoch 297: loss=1.23777
Epoch 298: loss=1.24033
Epoch 299: loss=1.24111
Epoch 300: loss=1.24206
Epoch 301: loss=1.24624
Epoch 302: loss=1.24103
Epoch 303: loss=1.23832
Epoch 304: loss=1.23563
Epoch 305: loss=1.24319
Epoch 306: loss=1.23479
Epoch 307: loss=1.23586
Epoch 308: loss=1.23149
Epoch 309: loss=1.23196
Epoch 310: loss=1.23604
Epoch 311: loss=1.22980
Epoch 312: loss=1.22873
Epoch 313: loss=1.23702
Epoch 314: loss=1.23165
Epoch 315: loss=1.23805
Epoch 316: loss=1.23008
Epoch 317: loss=1.23421
Epoch 318: loss=1.23106
Epoch 319: loss=1.22954
Epoch 320: loss=1.23029
Epoch 321: loss=1.22705
Epoch 322: loss=1.22597
Epoch 323: loss=1.21903
Epoch 324: loss=1.22560
Epoch 325: loss=1.22853
Epoch 326: loss=1.22838
Epoch 327: loss=1.22547
