/home/venkat/Unreliable_Synaptic_Transmission/Deepti/DOPcodes/SHD/dataset/shddataset/
The file is present.
tensor([[-1.6044,  0.4729, -2.4271,  ...,  0.1904, -1.1197, -1.4282],
        [ 0.3887, -0.7843, -0.6588,  ..., -0.3656, -0.6211, -1.1720],
        [-0.3856, -1.1471, -0.4307,  ...,  0.6913, -0.7211, -1.0215],
        ...,
        [-0.0080, -0.2538, -0.9702,  ..., -1.1901, -0.5222,  0.6477],
        [ 0.5920,  1.0174,  1.0977,  ..., -0.2145, -0.4894, -0.1639],
        [-0.6937,  0.3161, -0.5045,  ..., -0.8619, -0.6123, -1.0198]],
       device='cuda:0', requires_grad=True)
tensor([[ 0.2241,  0.9458, -2.0821,  ..., -0.6025, -0.0052, -0.2620],
        [-0.8491, -0.8706,  0.4532,  ...,  0.4946, -0.5669, -1.5401],
        [-2.5729,  0.6892, -0.8113,  ..., -0.0893, -0.8501,  0.3688],
        ...,
        [-2.4287, -1.9116, -1.3283,  ..., -2.7402, -3.3932, -1.9269],
        [-1.1485,  0.5633, -1.6684,  ..., -0.1708,  1.8651,  0.9164],
        [-0.2138,  0.2835, -1.1681,  ..., -0.8012, -1.5062, -0.5599]],
       device='cuda:0', requires_grad=True)
tensor([[ 0.3730, -0.7199, -2.7721,  ..., -0.5563, -2.0616, -1.1178],
        [-0.2028, -0.2531, -1.2940,  ..., -0.2246, -1.7258, -1.0482],
        [-0.5435, -0.1332, -3.4372,  ..., -0.8261, -1.0437, -1.9632],
        ...,
        [-1.2031,  0.6812, -0.6977,  ...,  1.0181, -0.2643, -1.5972],
        [-0.7280, -0.2888, -2.3855,  ..., -0.1570, -2.9318, -1.6714],
        [-1.0321, -0.5443, -2.7570,  ..., -0.3563, -2.8538, -2.0518]],
       device='cuda:0', requires_grad=True)
Epoch 1: loss=0.60564
Epoch 2: loss=0.61335
Epoch 3: loss=0.59177
Epoch 4: loss=0.58906
Epoch 5: loss=0.61685
Epoch 6: loss=0.55924
Epoch 7: loss=0.61044
Epoch 8: loss=0.58658
Epoch 9: loss=0.60198
Epoch 10: loss=0.58358
Trained for 10 epochs
Training accuracy: 0.871
Epoch 1: loss=0.55520
Epoch 2: loss=0.58980
Epoch 3: loss=0.58618
Epoch 4: loss=0.58408
Epoch 5: loss=0.61122
Epoch 6: loss=0.60239
Epoch 7: loss=0.55396
Epoch 8: loss=0.60428
Epoch 9: loss=0.61231
Epoch 10: loss=0.56994
Epoch 11: loss=0.57411
Epoch 12: loss=0.58281
Epoch 13: loss=0.57006
Epoch 14: loss=0.59005
Epoch 15: loss=0.58152
Epoch 16: loss=0.57467
Epoch 17: loss=0.57650
Epoch 18: loss=0.56487
Epoch 19: loss=0.57394
Epoch 20: loss=0.56020
Epoch 21: loss=0.57686
Epoch 22: loss=0.54190
Epoch 23: loss=0.57989
Epoch 24: loss=0.58275
Epoch 25: loss=0.56646
Epoch 26: loss=0.56874
Epoch 27: loss=0.58013
Epoch 28: loss=0.60295
Epoch 29: loss=0.59051
Epoch 30: loss=0.55822
Epoch 31: loss=0.57344
Epoch 32: loss=0.56800
Epoch 33: loss=0.57086
Epoch 34: loss=0.57661
Epoch 35: loss=0.54116
Epoch 36: loss=0.56448
Epoch 37: loss=0.56295
Epoch 38: loss=0.54749
Epoch 39: loss=0.57263
Epoch 40: loss=0.56440
Epoch 41: loss=0.58900
Epoch 42: loss=0.58214
Epoch 43: loss=0.58029
Epoch 44: loss=0.55341
Epoch 45: loss=0.56303
Epoch 46: loss=0.56324
Epoch 47: loss=0.56538
Epoch 48: loss=0.58755
Epoch 49: loss=0.56326
Epoch 50: loss=0.57146
Epoch 51: loss=0.58860
Epoch 52: loss=0.58186
Epoch 53: loss=0.57486
Epoch 54: loss=0.57151
Epoch 55: loss=0.57779
Epoch 56: loss=0.56675
Epoch 57: loss=0.55243
Epoch 58: loss=0.58841
Epoch 59: loss=0.57513
Epoch 60: loss=0.58393
Epoch 61: loss=0.58583
Epoch 62: loss=0.57218
Epoch 63: loss=0.56403
Epoch 64: loss=0.58014
Epoch 65: loss=0.58047
Epoch 66: loss=0.58054
Epoch 67: loss=0.58774
Epoch 68: loss=0.57110
Epoch 69: loss=0.55794
Epoch 70: loss=0.60157
Epoch 71: loss=0.56424
Epoch 72: loss=0.55993
Epoch 73: loss=0.60549
Epoch 74: loss=0.56894
Epoch 75: loss=0.57794
Epoch 76: loss=0.58819
Epoch 77: loss=0.59923
Epoch 78: loss=0.56848
Epoch 79: loss=0.58815
Epoch 80: loss=0.58805
Epoch 81: loss=0.56833
Epoch 82: loss=0.57362
Epoch 83: loss=0.58744
Epoch 84: loss=0.59999
Epoch 85: loss=0.58357
Epoch 86: loss=0.58307
Epoch 87: loss=0.60879
Epoch 88: loss=0.57126
Epoch 89: loss=0.57739
Epoch 90: loss=0.58806
Epoch 91: loss=0.56480
Epoch 92: loss=0.58212
Epoch 93: loss=0.59783
Epoch 94: loss=0.60030
Epoch 95: loss=0.58126
Epoch 96: loss=0.62065
Epoch 97: loss=0.59938
Epoch 98: loss=0.58345
Epoch 99: loss=0.58145
Epoch 100: loss=0.59090
Epoch 101: loss=0.57255
Epoch 102: loss=0.56326
Epoch 103: loss=0.56745
Epoch 104: loss=0.57973
Epoch 105: loss=0.58143
Epoch 106: loss=0.61480
Epoch 107: loss=0.56573
Epoch 108: loss=0.59529
Epoch 109: loss=0.57728
Epoch 110: loss=0.57378
Epoch 111: loss=0.59276
Epoch 112: loss=0.60406
Epoch 113: loss=0.58020
Epoch 114: loss=0.58320
Epoch 115: loss=0.57660
Epoch 116: loss=0.59409
Epoch 117: loss=0.57157
Epoch 118: loss=0.60787
Epoch 119: loss=0.57367
Epoch 120: loss=0.56570
Epoch 121: loss=0.55818
Epoch 122: loss=0.56019
Epoch 123: loss=0.56665
Epoch 124: loss=0.57684
Epoch 125: loss=0.57328
Epoch 126: loss=0.57949
Epoch 127: loss=0.58621
Epoch 128: loss=0.58935
Epoch 129: loss=0.58725
Epoch 130: loss=0.57015
Epoch 131: loss=0.58522
Epoch 132: loss=0.58300
Epoch 133: loss=0.56966
Epoch 134: loss=0.57251
Epoch 135: loss=0.57931
Epoch 136: loss=0.56412
Epoch 137: loss=0.56497
Epoch 138: loss=0.59270
Epoch 139: loss=0.56517
Epoch 140: loss=0.57548
Epoch 141: loss=0.56336
Epoch 142: loss=0.57531
Epoch 143: loss=0.57716
Epoch 144: loss=0.56948
Epoch 145: loss=0.57443
Epoch 146: loss=0.54935
Epoch 147: loss=0.55065
Epoch 148: loss=0.58671
Epoch 149: loss=0.62590
Epoch 150: loss=0.57493
Epoch 151: loss=0.59115
Epoch 152: loss=0.61193
Epoch 153: loss=0.58884
Epoch 154: loss=0.58535
Epoch 155: loss=0.58433
Epoch 156: loss=0.60785
Epoch 157: loss=0.57950
Epoch 158: loss=0.57614
Epoch 159: loss=0.59592
Epoch 160: loss=0.57514
Epoch 161: loss=0.58901
Epoch 162: loss=0.56741
Epoch 163: loss=0.55717
Epoch 164: loss=0.55205
Epoch 165: loss=0.58303
Epoch 166: loss=0.59720
Epoch 167: loss=0.58869
Epoch 168: loss=0.56770
Epoch 169: loss=0.60369
Epoch 170: loss=0.58713
Epoch 171: loss=0.57281
Epoch 172: loss=0.58014
Epoch 173: loss=0.55731
Epoch 174: loss=0.60836
Epoch 175: loss=0.58122
Epoch 176: loss=0.56406
Epoch 177: loss=0.55226
Epoch 178: loss=0.60472
Epoch 179: loss=0.55896
Epoch 180: loss=0.56858
Epoch 181: loss=0.57324
Epoch 182: loss=0.59838
Epoch 183: loss=0.57868
Epoch 184: loss=0.59662
Epoch 185: loss=0.64353
Epoch 186: loss=0.61511
Epoch 187: loss=0.58487
Epoch 188: loss=0.60629
Epoch 189: loss=0.58851
Epoch 190: loss=0.56792
Epoch 191: loss=0.57589
Epoch 192: loss=0.58005
Epoch 193: loss=0.57446
Epoch 194: loss=0.59592
Epoch 195: loss=0.55677
Epoch 196: loss=0.56961
Epoch 197: loss=0.57681
Epoch 198: loss=0.56946
Epoch 199: loss=0.58053
Epoch 200: loss=0.58661
Epoch 201: loss=0.59089
Epoch 202: loss=0.59534
Epoch 203: loss=0.58084
Epoch 204: loss=0.58767
Epoch 205: loss=0.59423
Epoch 206: loss=0.59678
Epoch 207: loss=0.57883
Epoch 208: loss=0.58193
Epoch 209: loss=0.57817
Epoch 210: loss=0.60016
Epoch 211: loss=0.56817
Epoch 212: loss=0.55093
Epoch 213: loss=0.58042
Epoch 214: loss=0.58653
Epoch 215: loss=0.58824
Epoch 216: loss=0.57351
Epoch 217: loss=0.58508
Epoch 218: loss=0.56389
Epoch 219: loss=0.57614
Epoch 220: loss=0.59489
Epoch 221: loss=0.55717
Epoch 222: loss=0.55941
Epoch 223: loss=0.55876
Epoch 224: loss=0.57868
Epoch 225: loss=0.55808
Epoch 226: loss=0.57021
Epoch 227: loss=0.55337
Epoch 228: loss=0.57620
Epoch 229: loss=0.53715
Epoch 230: loss=0.56091
Epoch 231: loss=0.57073
Epoch 232: loss=0.57554
Epoch 233: loss=0.55058
Epoch 234: loss=0.55861
Epoch 235: loss=0.56274
Epoch 236: loss=0.59951
Epoch 237: loss=0.56877
Epoch 238: loss=0.57414
Epoch 239: loss=0.55207
Epoch 240: loss=0.56889
Epoch 241: loss=0.55705
Epoch 242: loss=0.58866
Epoch 243: loss=0.58388
Epoch 244: loss=0.54898
Epoch 245: loss=0.58663
Epoch 246: loss=0.57692
Epoch 247: loss=0.55923
Epoch 248: loss=0.54733
Epoch 249: loss=0.58396
Epoch 250: loss=0.58846
Epoch 251: loss=0.60964
Epoch 252: loss=0.55127
Epoch 253: loss=0.56450
Epoch 254: loss=0.55638
Epoch 255: loss=0.54767
Epoch 256: loss=0.58861
Epoch 257: loss=0.57484
Epoch 258: loss=0.55738
Epoch 259: loss=0.54616
Epoch 260: loss=0.58164
Epoch 261: loss=0.56171
Epoch 262: loss=0.54958
Epoch 263: loss=0.59301
Epoch 264: loss=0.56402
Epoch 265: loss=0.55750
Epoch 266: loss=0.58517
Epoch 267: loss=0.56667
Epoch 268: loss=0.55824
Epoch 269: loss=0.54806
Epoch 270: loss=0.54767
Epoch 271: loss=0.55982
Epoch 272: loss=0.52313
Epoch 273: loss=0.58014
Epoch 274: loss=0.56021
Epoch 275: loss=0.55702
Epoch 276: loss=0.53420
Epoch 277: loss=0.56209
Epoch 278: loss=0.58181
Epoch 279: loss=0.55563
Epoch 280: loss=0.56009
Epoch 281: loss=0.55047
Epoch 282: loss=0.56447
Epoch 283: loss=0.57806
Epoch 284: loss=0.56209
Epoch 285: loss=0.57429
Epoch 286: loss=0.57311
Epoch 287: loss=0.57799
Epoch 288: loss=0.57693
Epoch 289: loss=0.53551
Epoch 290: loss=0.56467
Epoch 291: loss=0.57100
Epoch 292: loss=0.57457
Epoch 293: loss=0.52308
Epoch 294: loss=0.53145
Epoch 295: loss=0.55630
Epoch 296: loss=0.58310
Epoch 297: loss=0.56226
Epoch 298: loss=0.53681
Epoch 299: loss=0.56180
Epoch 300: loss=0.58760
Epoch 301: loss=0.58310
Epoch 302: loss=0.56625
Epoch 303: loss=0.59802
Epoch 304: loss=0.57210
Epoch 305: loss=0.57930
Epoch 306: loss=0.57980
Epoch 307: loss=0.57317
Epoch 308: loss=0.59408
Epoch 309: loss=0.56361
Epoch 310: loss=0.55793
Epoch 311: loss=0.57899
Epoch 312: loss=0.56331
Epoch 313: loss=0.56235
Epoch 314: loss=0.56630
Epoch 315: loss=0.55006
Epoch 316: loss=0.57506
Epoch 317: loss=0.57096
Epoch 318: loss=0.58430
Epoch 319: loss=0.56592
Epoch 320: loss=0.56763
Epoch 321: loss=0.57955
Epoch 322: loss=0.56380
Epoch 323: loss=0.58689
Epoch 324: loss=0.57195
Epoch 325: loss=0.54487
Epoch 326: loss=0.57031
Epoch 327: loss=0.57013
Epoch 328: loss=0.55559
Epoch 329: loss=0.55594
Epoch 330: loss=0.55119
Epoch 331: loss=0.55041
Epoch 332: loss=0.56058
Epoch 333: loss=0.56944
Epoch 334: loss=0.55919
Epoch 335: loss=0.57630
Epoch 336: loss=0.55830
Epoch 337: loss=0.54479
Epoch 338: loss=0.58799
Epoch 339: loss=0.57451
Epoch 340: loss=0.55219
Epoch 341: loss=0.56467
Epoch 342: loss=0.58339
Epoch 343: loss=0.58456
Epoch 344: loss=0.60572
Epoch 345: loss=0.59700
Epoch 346: loss=0.57765
Epoch 347: loss=0.58193
Epoch 348: loss=0.58333
Epoch 349: loss=0.58754
Epoch 350: loss=0.55062
Epoch 351: loss=0.60727
Epoch 352: loss=0.58869
Epoch 353: loss=0.56689
Epoch 354: loss=0.57796
Epoch 355: loss=0.61711
Epoch 356: loss=0.59105
Epoch 357: loss=0.55614
Epoch 358: loss=0.57082
Epoch 359: loss=0.58321
Epoch 360: loss=0.59302
Epoch 361: loss=0.58655
Epoch 362: loss=0.62332
Epoch 363: loss=0.59205
Epoch 364: loss=0.58386
Epoch 365: loss=0.56406
Epoch 366: loss=0.57005
Epoch 367: loss=0.52603
Epoch 368: loss=0.55646
Epoch 369: loss=0.54289
Epoch 370: loss=0.57699
Epoch 371: loss=0.57675
Epoch 372: loss=0.58178
Epoch 373: loss=0.58390
Epoch 374: loss=0.56564
Epoch 375: loss=0.55070
Epoch 376: loss=0.57821
Epoch 377: loss=0.53432
Epoch 378: loss=0.57785
Epoch 379: loss=0.57231
Epoch 380: loss=0.55975
Epoch 381: loss=0.56329
Epoch 382: loss=0.57575
Epoch 383: loss=0.57880
Epoch 384: loss=0.54177
Epoch 385: loss=0.58309
Epoch 386: loss=0.56179
Epoch 387: loss=0.59336
Epoch 388: loss=0.59637
Epoch 389: loss=0.55755
Epoch 390: loss=0.54074
Epoch 391: loss=0.58944
Epoch 392: loss=0.58106
Epoch 393: loss=0.57138
Epoch 394: loss=0.56728
Epoch 395: loss=0.58555
Epoch 396: loss=0.59543
Epoch 397: loss=0.58108
Epoch 398: loss=0.58801
Epoch 399: loss=0.53725
Epoch 400: loss=0.55877
Epoch 401: loss=0.55554
Epoch 402: loss=0.58272
Epoch 403: loss=0.57334
Epoch 404: loss=0.57499
Epoch 405: loss=0.56177
Epoch 406: loss=0.55749
Epoch 407: loss=0.59232
Epoch 408: loss=0.60481
Epoch 409: loss=0.60893
Epoch 410: loss=0.57275
Epoch 411: loss=0.57097
Epoch 412: loss=0.58380
Epoch 413: loss=0.58112
Epoch 414: loss=0.55041
Epoch 415: loss=0.57283
Epoch 416: loss=0.56586
Epoch 417: loss=0.57650
Epoch 418: loss=0.57299
Epoch 419: loss=0.56697
Epoch 420: loss=0.56502
Epoch 421: loss=0.60350
Epoch 422: loss=0.56501
Epoch 423: loss=0.56187
Epoch 424: loss=0.55934
Epoch 425: loss=0.56992
Epoch 426: loss=0.56137
Epoch 427: loss=0.56895
Epoch 428: loss=0.57903
Epoch 429: loss=0.58691
Epoch 430: loss=0.58710
Epoch 431: loss=0.55857
Epoch 432: loss=0.59396
Epoch 433: loss=0.56621
Epoch 434: loss=0.58372
Epoch 435: loss=0.58251
Epoch 436: loss=0.60028
Epoch 437: loss=0.55133
Epoch 438: loss=0.60218
Epoch 439: loss=0.55502
Epoch 440: loss=0.54982
Epoch 441: loss=0.57084
Epoch 442: loss=0.58253
Epoch 443: loss=0.58055
Epoch 444: loss=0.60553
Epoch 445: loss=0.61421
Epoch 446: loss=0.57431
Epoch 447: loss=0.56096
Epoch 448: loss=0.56698
Epoch 449: loss=0.55894
Epoch 450: loss=0.60527
Epoch 451: loss=0.58097
Epoch 452: loss=0.63103
Epoch 453: loss=0.58675
Epoch 454: loss=0.61471
Epoch 455: loss=0.56273
Epoch 456: loss=0.58081
Epoch 457: loss=0.57411
Epoch 458: loss=0.60370
Epoch 459: loss=0.55547
Epoch 460: loss=0.58243
Epoch 461: loss=0.55551
Epoch 462: loss=0.55955
Epoch 463: loss=0.57223
Epoch 464: loss=0.58225
Epoch 465: loss=0.57183
Epoch 466: loss=0.57082
Epoch 467: loss=0.58550
Epoch 468: loss=0.59083
Epoch 469: loss=0.57294
Epoch 470: loss=0.58364
Epoch 471: loss=0.59107
Epoch 472: loss=0.58557
Epoch 473: loss=0.57502
Epoch 474: loss=0.59709
Epoch 475: loss=0.58285
Epoch 476: loss=0.56545
Epoch 477: loss=0.56460
Epoch 478: loss=0.61463
Epoch 479: loss=0.56573
Epoch 480: loss=0.58070
Epoch 481: loss=0.58938
Epoch 482: loss=0.57684
Epoch 483: loss=0.57701
Epoch 484: loss=0.60671
Epoch 485: loss=0.60049
Epoch 486: loss=0.58285
Epoch 487: loss=0.58677
Epoch 488: loss=0.61143
Epoch 489: loss=0.56319
Epoch 490: loss=0.54028
Epoch 491: loss=0.58395
Epoch 492: loss=0.57583
Epoch 493: loss=0.57561
Epoch 494: loss=0.59275
Epoch 495: loss=0.55308
Epoch 496: loss=0.57344
Epoch 497: loss=0.57993
Epoch 498: loss=0.56841
Epoch 499: loss=0.56145
Epoch 500: loss=0.56672
Epoch 501: loss=0.55398
Epoch 502: loss=0.57674
Epoch 503: loss=0.58601
Epoch 504: loss=0.61614
Epoch 505: loss=0.58836
Epoch 506: loss=0.60033
Epoch 507: loss=0.60522
Epoch 508: loss=0.58968
Epoch 509: loss=0.57375
Epoch 510: loss=0.57341
Epoch 511: loss=0.58841
Epoch 512: loss=0.61037
Epoch 513: loss=0.59312
Epoch 514: loss=0.59021
Epoch 515: loss=0.57422
Epoch 516: loss=0.60578
Epoch 517: loss=0.59446
Epoch 518: loss=0.57232
Epoch 519: loss=0.59033
Epoch 520: loss=0.56346
Epoch 521: loss=0.58631
Epoch 522: loss=0.59097
Epoch 523: loss=0.60840
Epoch 524: loss=0.62123
Epoch 525: loss=0.58512
Epoch 526: loss=0.59849
Epoch 527: loss=0.60531
Epoch 528: loss=0.57756
Epoch 529: loss=0.56728
Epoch 530: loss=0.55414
Epoch 531: loss=0.60023
Epoch 532: loss=0.60653
Epoch 533: loss=0.59416
Epoch 534: loss=0.58835
Epoch 535: loss=0.59241
Epoch 536: loss=0.56648
Epoch 537: loss=0.56899
Epoch 538: loss=0.58286
Epoch 539: loss=0.60641
Epoch 540: loss=0.58866
Epoch 541: loss=0.59305
Epoch 542: loss=0.57483
Epoch 543: loss=0.62340
Epoch 544: loss=0.55810
Epoch 545: loss=0.58001
Epoch 546: loss=0.58678
Epoch 547: loss=0.60047
Epoch 548: loss=0.56876
Epoch 549: loss=0.59750
Epoch 550: loss=0.56318
Epoch 551: loss=0.59610
Epoch 552: loss=0.58763
Epoch 553: loss=0.62379
Epoch 554: loss=0.58984
Epoch 555: loss=0.56735
Epoch 556: loss=0.57750
Epoch 557: loss=0.58316
Epoch 558: loss=0.57507
Epoch 559: loss=0.59912
Epoch 560: loss=0.59099
Epoch 561: loss=0.56423
Epoch 562: loss=0.56618
Epoch 563: loss=0.56449
Epoch 564: loss=0.60327
Epoch 565: loss=0.60166
Epoch 566: loss=0.60577
Epoch 567: loss=0.55529
Epoch 568: loss=0.55825
Epoch 569: loss=0.58681
Epoch 570: loss=0.59254
Epoch 571: loss=0.57996
Epoch 572: loss=0.61895
Epoch 573: loss=0.60850
Epoch 574: loss=0.59481
Epoch 575: loss=0.60302
Epoch 576: loss=0.59257
Epoch 577: loss=0.59848
Epoch 578: loss=0.61757
Epoch 579: loss=0.58867
Epoch 580: loss=0.60058
Epoch 581: loss=0.59345
Epoch 582: loss=0.59373
Epoch 583: loss=0.61712
Epoch 584: loss=0.56251
Epoch 585: loss=0.62557
Epoch 586: loss=0.59760
Epoch 587: loss=0.60089
Epoch 588: loss=0.60866
Epoch 589: loss=0.59510
Epoch 590: loss=0.59016
Epoch 591: loss=0.62012
Epoch 592: loss=0.60832
Epoch 593: loss=0.59672
Epoch 594: loss=0.56698
Epoch 595: loss=0.59330
Epoch 596: loss=0.62116
Epoch 597: loss=0.60185
Epoch 598: loss=0.63439
Epoch 599: loss=0.59187
Epoch 600: loss=0.60767
Epoch 601: loss=0.60462
Epoch 602: loss=0.58447
Epoch 603: loss=0.59963
Epoch 604: loss=0.58248
Epoch 605: loss=0.57628
Epoch 606: loss=0.58935
Epoch 607: loss=0.59582
Epoch 608: loss=0.57206
Epoch 609: loss=0.58226
Epoch 610: loss=0.60055
Epoch 611: loss=0.59251
Epoch 612: loss=0.58080
Epoch 613: loss=0.59630
Epoch 614: loss=0.57674
Epoch 615: loss=0.60447
Epoch 616: loss=0.58877
Epoch 617: loss=0.61210
Epoch 618: loss=0.60127
Epoch 619: loss=0.56679
Epoch 620: loss=0.56664
Epoch 621: loss=0.58330
Epoch 622: loss=0.58089
Epoch 623: loss=0.58969
Epoch 624: loss=0.58277
Epoch 625: loss=0.58480
Epoch 626: loss=0.56015
Epoch 627: loss=0.57557
Epoch 628: loss=0.61248
Epoch 629: loss=0.61219
Epoch 630: loss=0.58046
Epoch 631: loss=0.57739
Epoch 632: loss=0.59867
Epoch 633: loss=0.57844
Epoch 634: loss=0.56660
Epoch 635: loss=0.58616
Epoch 636: loss=0.62136
Epoch 637: loss=0.58320
Epoch 638: loss=0.57149
Epoch 639: loss=0.57472
Epoch 640: loss=0.61506
Epoch 641: loss=0.62224
Epoch 642: loss=0.58296
Epoch 643: loss=0.57338
Epoch 644: loss=0.57461
Epoch 645: loss=0.57193
Epoch 646: loss=0.59786
Epoch 647: loss=0.58450
Epoch 648: loss=0.57580
Epoch 649: loss=0.59292
Epoch 650: loss=0.56901
Epoch 651: loss=0.57889
Epoch 652: loss=0.58948
Epoch 653: loss=0.59774
Epoch 654: loss=0.56729
Epoch 655: loss=0.63276
Epoch 656: loss=0.59467
Epoch 657: loss=0.57166
Epoch 658: loss=0.58659
Epoch 659: loss=0.60761
Epoch 660: loss=0.57927
Epoch 661: loss=0.59862
Epoch 662: loss=0.60363
Epoch 663: loss=0.58788
Epoch 664: loss=0.59900
Epoch 665: loss=0.58898
Epoch 666: loss=0.56420
Epoch 667: loss=0.58704
Epoch 668: loss=0.59994
Epoch 669: loss=0.58383
Epoch 670: loss=0.59772
Epoch 671: loss=0.58381
Epoch 672: loss=0.61300
Epoch 673: loss=0.60701
Epoch 674: loss=0.60479
Epoch 675: loss=0.62251
Epoch 676: loss=0.58153
Epoch 677: loss=0.59915
Epoch 678: loss=0.60016
Epoch 679: loss=0.59769
Epoch 680: loss=0.57376
Epoch 681: loss=0.60091
Epoch 682: loss=0.60652
Epoch 683: loss=0.63462
Epoch 684: loss=0.58466
Epoch 685: loss=0.62270
Epoch 686: loss=0.60388
Epoch 687: loss=0.60643
Epoch 688: loss=0.61069
Epoch 689: loss=0.56898
Epoch 690: loss=0.58996
Epoch 691: loss=0.56602
Epoch 692: loss=0.59393
Epoch 693: loss=0.60046
Epoch 694: loss=0.60211
Epoch 695: loss=0.59457
Epoch 696: loss=0.58762
Epoch 697: loss=0.60716
Epoch 698: loss=0.60538
Epoch 699: loss=0.58937
Epoch 700: loss=0.60998
Epoch 701: loss=0.58248
Epoch 702: loss=0.57432
Epoch 703: loss=0.60316
Epoch 704: loss=0.59655
Epoch 705: loss=0.59659
Epoch 706: loss=0.59648
Epoch 707: loss=0.62039
Epoch 708: loss=0.60930
Epoch 709: loss=0.58982
Epoch 710: loss=0.63098
Epoch 711: loss=0.57073
Epoch 712: loss=0.56719
Epoch 713: loss=0.56558
Epoch 714: loss=0.60435
Epoch 715: loss=0.59206
Epoch 716: loss=0.56670
Epoch 717: loss=0.55829
Epoch 718: loss=0.58824
Epoch 719: loss=0.57834
Epoch 720: loss=0.57988
Epoch 721: loss=0.57588
Epoch 722: loss=0.58822
Epoch 723: loss=0.59348
Epoch 724: loss=0.57591
Epoch 725: loss=0.61235
Epoch 726: loss=0.60850
Epoch 727: loss=0.58228
Epoch 728: loss=0.56695
Epoch 729: loss=0.57173
Epoch 730: loss=0.57396
Epoch 731: loss=0.63751
Epoch 732: loss=0.57101
Epoch 733: loss=0.57214
Epoch 734: loss=0.57859
Epoch 735: loss=0.60068
Epoch 736: loss=0.59784
Epoch 737: loss=0.58501
Epoch 738: loss=0.58415
Epoch 739: loss=0.57702
Epoch 740: loss=0.54379
Epoch 741: loss=0.55792
Epoch 742: loss=0.60245
Epoch 743: loss=0.57418
Epoch 744: loss=0.56101
Epoch 745: loss=0.58541
Epoch 746: loss=0.56921
Epoch 747: loss=0.60504
Epoch 748: loss=0.59947
Epoch 749: loss=0.57754
Epoch 750: loss=0.59551
Epoch 751: loss=0.59483
Epoch 752: loss=0.58527
Epoch 753: loss=0.58474
Epoch 754: loss=0.58655
Epoch 755: loss=0.60009
Epoch 756: loss=0.58105
Epoch 757: loss=0.62136
Epoch 758: loss=0.57588
Epoch 759: loss=0.60935
Epoch 760: loss=0.58335
Epoch 761: loss=0.58756
Epoch 762: loss=0.58570
Epoch 763: loss=0.60125
Epoch 764: loss=0.58615
Epoch 765: loss=0.59590
Epoch 766: loss=0.61795
Epoch 767: loss=0.55707
Epoch 768: loss=0.59705
Epoch 769: loss=0.58972
Epoch 770: loss=0.58525
Epoch 771: loss=0.60448
Epoch 772: loss=0.59769
Epoch 773: loss=0.57826
Epoch 774: loss=0.56730
Epoch 775: loss=0.55827
Epoch 776: loss=0.57434
Epoch 777: loss=0.58912
Epoch 778: loss=0.56371
Epoch 779: loss=0.61718
Epoch 780: loss=0.57945
Epoch 781: loss=0.58764
Epoch 782: loss=0.60783
Epoch 783: loss=0.60403
Epoch 784: loss=0.58348
Epoch 785: loss=0.60225
Epoch 786: loss=0.62164
Epoch 787: loss=0.57168
Epoch 788: loss=0.61024
Epoch 789: loss=0.60578
Epoch 790: loss=0.61490
Epoch 791: loss=0.59992
Epoch 792: loss=0.61058
Epoch 793: loss=0.60934
Epoch 794: loss=0.59950
Epoch 795: loss=0.60136
Epoch 796: loss=0.59667
Epoch 797: loss=0.59012
Epoch 798: loss=0.56326
Epoch 799: loss=0.59597
Epoch 800: loss=0.61041
Epoch 801: loss=0.60680
Epoch 802: loss=0.59955
Epoch 803: loss=0.58669
Epoch 804: loss=0.59025
Epoch 805: loss=0.59647
Epoch 806: loss=0.56947
Epoch 807: loss=0.61400
Epoch 808: loss=0.58266
Epoch 809: loss=0.56918
Epoch 810: loss=0.61579
Epoch 811: loss=0.61866
Epoch 812: loss=0.61140
Epoch 813: loss=0.56789
Epoch 814: loss=0.60376
Epoch 815: loss=0.61954
Epoch 816: loss=0.59063
Epoch 817: loss=0.60864
Epoch 818: loss=0.57415
Epoch 819: loss=0.58713
Epoch 820: loss=0.59816
Epoch 821: loss=0.59907
Epoch 822: loss=0.58709
Epoch 823: loss=0.59643
Epoch 824: loss=0.59505
Epoch 825: loss=0.58603
Epoch 826: loss=0.59639
Epoch 827: loss=0.60475
Epoch 828: loss=0.60064
Epoch 829: loss=0.57701
Epoch 830: loss=0.61311
Epoch 831: loss=0.60748
Epoch 832: loss=0.59186
Epoch 833: loss=0.58003
Epoch 834: loss=0.57668
Epoch 835: loss=0.61218
Epoch 836: loss=0.57231
Epoch 837: loss=0.59950
Epoch 838: loss=0.58805
Epoch 839: loss=0.60529
Epoch 840: loss=0.57149
Epoch 841: loss=0.59817
Epoch 842: loss=0.58284
Epoch 843: loss=0.58273
Epoch 844: loss=0.57452
Epoch 845: loss=0.60054
Epoch 846: loss=0.58370
Epoch 847: loss=0.59433
Epoch 848: loss=0.58720
Epoch 849: loss=0.58097
Epoch 850: loss=0.58550
Epoch 851: loss=0.59422
Epoch 852: loss=0.56716
Epoch 853: loss=0.59301
Epoch 854: loss=0.60397
Epoch 855: loss=0.62241
Epoch 856: loss=0.58025
Epoch 857: loss=0.58644
Epoch 858: loss=0.59046
Epoch 859: loss=0.57347
Epoch 860: loss=0.56927
Epoch 861: loss=0.61443
Epoch 862: loss=0.58543
Epoch 863: loss=0.60857
Epoch 864: loss=0.59934
Epoch 865: loss=0.60058
Epoch 866: loss=0.57905
Epoch 867: loss=0.62090
Epoch 868: loss=0.59632
Epoch 869: loss=0.61525
Epoch 870: loss=0.60281
Epoch 871: loss=0.62618
Epoch 872: loss=0.58961
Epoch 873: loss=0.59030
Epoch 874: loss=0.59617
Epoch 875: loss=0.61838
Epoch 876: loss=0.55633
Epoch 877: loss=0.62535
Epoch 878: loss=0.60261
Epoch 879: loss=0.60059
Epoch 880: loss=0.58615
Epoch 881: loss=0.59498
Epoch 882: loss=0.57821
Epoch 883: loss=0.59433
Epoch 884: loss=0.60908
Epoch 885: loss=0.60011
Epoch 886: loss=0.58182
Epoch 887: loss=0.61493
Epoch 888: loss=0.60981
Epoch 889: loss=0.62082
Epoch 890: loss=0.62282
Epoch 891: loss=0.58136
Epoch 892: loss=0.62234
Epoch 893: loss=0.58418
Epoch 894: loss=0.58979
Epoch 895: loss=0.62647
Epoch 896: loss=0.59701
Epoch 897: loss=0.57696
Epoch 898: loss=0.57528
Epoch 899: loss=0.57733
Epoch 900: loss=0.59387
Epoch 901: loss=0.58866
Epoch 902: loss=0.56682
Epoch 903: loss=0.62685
Epoch 904: loss=0.59661
Epoch 905: loss=0.57843
Epoch 906: loss=0.62410
Epoch 907: loss=0.60502
Epoch 908: loss=0.60239
Epoch 909: loss=0.58924
Epoch 910: loss=0.57426
Epoch 911: loss=0.59283
Epoch 912: loss=0.60823
Epoch 913: loss=0.59785
Epoch 914: loss=0.57388
Epoch 915: loss=0.59835
Epoch 916: loss=0.58115
Epoch 917: loss=0.59794
Epoch 918: loss=0.57292
Epoch 919: loss=0.54561
Epoch 920: loss=0.58403
Epoch 921: loss=0.59414
Epoch 922: loss=0.57370
Epoch 923: loss=0.60860
Epoch 924: loss=0.56437
Epoch 925: loss=0.58179
Epoch 926: loss=0.59194
Epoch 927: loss=0.57729
Epoch 928: loss=0.59944
Epoch 929: loss=0.59441
Epoch 930: loss=0.59581
Epoch 931: loss=0.58522
Epoch 932: loss=0.61062
Epoch 933: loss=0.59162
Epoch 934: loss=0.59424
Epoch 935: loss=0.60484
Epoch 936: loss=0.57463
Epoch 937: loss=0.61385
Epoch 938: loss=0.59990
Epoch 939: loss=0.59529
Epoch 940: loss=0.58268
Epoch 941: loss=0.57846
Epoch 942: loss=0.60631
Epoch 943: loss=0.57874
Epoch 944: loss=0.60565
Epoch 945: loss=0.58830
Epoch 946: loss=0.59365
Epoch 947: loss=0.58488
Epoch 948: loss=0.56549
Epoch 949: loss=0.59234
Epoch 950: loss=0.57988
Epoch 951: loss=0.57164
Epoch 952: loss=0.56483
Epoch 953: loss=0.56858
Epoch 954: loss=0.57040
Epoch 955: loss=0.56883
Epoch 956: loss=0.59329
Epoch 957: loss=0.57116
Epoch 958: loss=0.57573
Epoch 959: loss=0.57399
Epoch 960: loss=0.61306
Epoch 961: loss=0.56467
Epoch 962: loss=0.56120
Epoch 963: loss=0.57362
Epoch 964: loss=0.60006
Epoch 965: loss=0.55664
Epoch 966: loss=0.55998
Epoch 967: loss=0.57852
Epoch 968: loss=0.57018
Epoch 969: loss=0.57254
Epoch 970: loss=0.61738
Epoch 971: loss=0.56943
Epoch 972: loss=0.54932
Epoch 973: loss=0.57556
Epoch 974: loss=0.57478
Epoch 975: loss=0.56341
Epoch 976: loss=0.59456
Epoch 977: loss=0.57890
Epoch 978: loss=0.58178
Epoch 979: loss=0.56535
Epoch 980: loss=0.59156
Epoch 981: loss=0.55168
Epoch 982: loss=0.54950
Epoch 983: loss=0.56106
Epoch 984: loss=0.56464
Epoch 985: loss=0.55667
Epoch 986: loss=0.56106
Epoch 987: loss=0.57055
Epoch 988: loss=0.54166
Epoch 989: loss=0.59685
Epoch 990: loss=0.58973
Epoch 991: loss=0.57266
Epoch 992: loss=0.58878
Epoch 993: loss=0.58253
Epoch 994: loss=0.55600
Epoch 995: loss=0.59219
Epoch 996: loss=0.60266
Epoch 997: loss=0.60831
Epoch 998: loss=0.60570
Epoch 999: loss=0.56097
Epoch 1000: loss=0.59748
Training accuracy: 0.858
Test accuracy: 0.292

File list dumped

Saved in file
500 epochs recur round 2
are new values in file?
