/home/venkat/Unreliable_Synaptic_Transmission/Deepti/DOPcodes/SHD/dataset/shddataset/
File not present for network with uniform weight initialisation
Initialised with numbers from uniform distribution
Epoch 1: loss=34.92289
Epoch 2: loss=13.16299
Epoch 3: loss=11.22329
Epoch 4: loss=8.15651
Epoch 5: loss=6.12947
Epoch 6: loss=4.28756
Epoch 7: loss=3.96514
Epoch 8: loss=3.66513
Epoch 9: loss=3.53088
Epoch 10: loss=3.10423
Trained for 10 epochs
Training accuracy: 0.372
Epoch 1: loss=2.80293
Epoch 2: loss=2.87670
Epoch 3: loss=2.55524
Epoch 4: loss=2.41435
Epoch 5: loss=2.37882
Epoch 6: loss=2.33918
Epoch 7: loss=2.27433
Epoch 8: loss=2.24647
Epoch 9: loss=2.10718
Epoch 10: loss=2.05221
Epoch 11: loss=1.97002
Epoch 12: loss=2.01327
Epoch 13: loss=2.07755
Epoch 14: loss=1.97923
Epoch 15: loss=2.02154
Epoch 16: loss=1.96627
Epoch 17: loss=1.85401
Epoch 18: loss=1.83518
Epoch 19: loss=1.84683
Epoch 20: loss=1.80439
Epoch 21: loss=1.73888
Epoch 22: loss=1.71331
Epoch 23: loss=1.63329
Epoch 24: loss=1.74994
Epoch 25: loss=1.67468
Epoch 26: loss=1.76713
Epoch 27: loss=1.73995
Epoch 28: loss=1.71674
Epoch 29: loss=1.66336
Epoch 30: loss=1.65325
Epoch 31: loss=1.57796
Epoch 32: loss=1.62632
Epoch 33: loss=1.57732
Epoch 34: loss=1.52779
Epoch 35: loss=1.55300
Epoch 36: loss=1.58942
Epoch 37: loss=1.50420
Epoch 38: loss=1.50409
Epoch 39: loss=1.48415
Epoch 40: loss=1.50846
Epoch 41: loss=1.48378
Epoch 42: loss=1.48688
Epoch 43: loss=1.50939
Epoch 44: loss=1.51233
Epoch 45: loss=1.42918
Epoch 46: loss=1.41754
Epoch 47: loss=1.41973
Epoch 48: loss=1.52447
Epoch 49: loss=1.39123
Epoch 50: loss=1.48613
Epoch 51: loss=1.44173
Epoch 52: loss=1.51244
Epoch 53: loss=1.54681
Epoch 54: loss=1.44148
Epoch 55: loss=1.36567
Epoch 56: loss=1.52254
Epoch 57: loss=1.43001
Epoch 58: loss=1.48902
Epoch 59: loss=1.41192
Epoch 60: loss=1.41220
Epoch 61: loss=1.40144
Epoch 62: loss=1.41784
Epoch 63: loss=1.50679
Epoch 64: loss=1.54890
Epoch 65: loss=1.43052
Epoch 66: loss=1.38760
Epoch 67: loss=1.42409
Epoch 68: loss=1.36162
Epoch 69: loss=1.35804
Epoch 70: loss=1.27181
Epoch 71: loss=1.44513
Epoch 72: loss=1.35708
Epoch 73: loss=1.34742
Epoch 74: loss=1.34885
Epoch 75: loss=1.29655
Epoch 76: loss=1.34426
Epoch 77: loss=1.39327
Epoch 78: loss=1.32025
Epoch 79: loss=1.29994
Epoch 80: loss=1.26837
Epoch 81: loss=1.24485
Epoch 82: loss=1.31505
Epoch 83: loss=1.35107
Epoch 84: loss=1.39186
Epoch 85: loss=1.35967
Epoch 86: loss=1.36117
Epoch 87: loss=1.31622
Epoch 88: loss=1.40750
Epoch 89: loss=1.35440
Epoch 90: loss=1.29397
Epoch 91: loss=1.34537
Epoch 92: loss=1.25233
Epoch 93: loss=1.34862
Epoch 94: loss=1.37375
Epoch 95: loss=1.32687
Epoch 96: loss=1.43806
Epoch 97: loss=1.25258
Epoch 98: loss=1.33245
Epoch 99: loss=1.34985
Epoch 100: loss=1.26343
Epoch 101: loss=1.28140
Epoch 102: loss=1.33266
Epoch 103: loss=1.30226
Epoch 104: loss=1.17587
Epoch 105: loss=1.19117
Epoch 106: loss=1.23048
Epoch 107: loss=1.23589
Epoch 108: loss=1.27744
Epoch 109: loss=1.32089
Epoch 110: loss=1.26451
Epoch 111: loss=1.35547
Epoch 112: loss=1.19785
Epoch 113: loss=1.32174
Epoch 114: loss=1.28609
Epoch 115: loss=1.25397
Epoch 116: loss=1.28384
Epoch 117: loss=1.30809
Epoch 118: loss=1.20318
Epoch 119: loss=1.22343
Epoch 120: loss=1.32181
Epoch 121: loss=1.25820
Epoch 122: loss=1.24911
Epoch 123: loss=1.38417
Epoch 124: loss=1.23141
Epoch 125: loss=1.18242
Epoch 126: loss=1.24265
Epoch 127: loss=1.19290
Epoch 128: loss=1.23004
Epoch 129: loss=1.20965
Epoch 130: loss=1.23362
Epoch 131: loss=1.30408
Epoch 132: loss=1.29327
Epoch 133: loss=1.25884
Epoch 134: loss=1.22540
Epoch 135: loss=1.24140
Epoch 136: loss=1.13709
Epoch 137: loss=1.26544
Epoch 138: loss=1.21790
Epoch 139: loss=1.19591
Epoch 140: loss=1.18415
Epoch 141: loss=1.21527
Epoch 142: loss=1.20183
Epoch 143: loss=1.23348
Epoch 144: loss=1.24439
Epoch 145: loss=1.19514
Epoch 146: loss=1.30936
Epoch 147: loss=1.30460
Epoch 148: loss=1.26536
Epoch 149: loss=1.26021
Epoch 150: loss=1.32541
Epoch 151: loss=1.15984
Epoch 152: loss=1.18951
Epoch 153: loss=1.21625
Epoch 154: loss=1.15923
Epoch 155: loss=1.12406
Epoch 156: loss=1.20615
Epoch 157: loss=1.19722
Epoch 158: loss=1.13735
Epoch 159: loss=1.12818
Epoch 160: loss=1.18127
Epoch 161: loss=1.14312
Epoch 162: loss=1.18852
Epoch 163: loss=1.16501
Epoch 164: loss=1.12346
Epoch 165: loss=1.18518
Epoch 166: loss=1.14235
Epoch 167: loss=1.16368
Epoch 168: loss=1.15120
Epoch 169: loss=1.08264
Epoch 170: loss=1.13251
Epoch 171: loss=1.16643
Epoch 172: loss=1.13136
Epoch 173: loss=1.09672
Epoch 174: loss=1.14747
Epoch 175: loss=1.11853
Epoch 176: loss=1.16933
Epoch 177: loss=1.11659
Epoch 178: loss=1.17089
Epoch 179: loss=1.09349
Epoch 180: loss=1.08331
Epoch 181: loss=1.08932
Epoch 182: loss=1.11150
Epoch 183: loss=1.23686
Epoch 184: loss=1.12464
Epoch 185: loss=1.11264
Epoch 186: loss=1.03554
Epoch 187: loss=1.22516
Epoch 188: loss=1.15020
Epoch 189: loss=1.14788
Epoch 190: loss=1.12703
Epoch 191: loss=1.09939
Epoch 192: loss=1.11613
Epoch 193: loss=1.12124
Epoch 194: loss=1.17048
Epoch 195: loss=1.19674
Epoch 196: loss=1.16367
Epoch 197: loss=1.15582
Epoch 198: loss=1.07127
Epoch 199: loss=1.08904
Epoch 200: loss=1.13368
Epoch 201: loss=1.09765
Epoch 202: loss=1.17737
Epoch 203: loss=1.13976
Epoch 204: loss=1.06252
Epoch 205: loss=1.13755
Epoch 206: loss=1.12232
Epoch 207: loss=1.10453
Epoch 208: loss=1.07563
Epoch 209: loss=1.08771
Epoch 210: loss=1.12102
Epoch 211: loss=1.17691
Epoch 212: loss=1.05429
Epoch 213: loss=1.18893
Epoch 214: loss=1.14637
Epoch 215: loss=1.11722
Epoch 216: loss=1.02954
Epoch 217: loss=1.12015
Epoch 218: loss=1.16733
Epoch 219: loss=1.06626
Epoch 220: loss=1.07104
Epoch 221: loss=1.11490
Epoch 222: loss=1.14176
Epoch 223: loss=1.12565
Epoch 224: loss=1.12111
Epoch 225: loss=1.09181
Epoch 226: loss=1.09139
Epoch 227: loss=1.01629
Epoch 228: loss=1.06841
Epoch 229: loss=1.01161
Epoch 230: loss=1.04260
Epoch 231: loss=1.08839
Epoch 232: loss=1.04598
Epoch 233: loss=1.03092
Epoch 234: loss=0.96115
Epoch 235: loss=1.03400
Epoch 236: loss=1.01935
Epoch 237: loss=0.99775
Epoch 238: loss=1.02311
Epoch 239: loss=1.02752
Epoch 240: loss=0.99362
Epoch 241: loss=0.97371
Epoch 242: loss=0.94840
Epoch 243: loss=0.97509
Epoch 244: loss=1.04633
Epoch 245: loss=1.01264
Epoch 246: loss=0.99847
Epoch 247: loss=1.01887
Epoch 248: loss=0.96920
Epoch 249: loss=1.00781
Epoch 250: loss=1.00313
Epoch 251: loss=1.04518
Epoch 252: loss=1.08041
Epoch 253: loss=1.02970
Epoch 254: loss=0.97475
Epoch 255: loss=1.02295
Epoch 256: loss=0.99515
Epoch 257: loss=0.99941
Epoch 258: loss=0.93321
Epoch 259: loss=1.00757
Epoch 260: loss=0.94497
Epoch 261: loss=1.01500
Epoch 262: loss=1.05070
Epoch 263: loss=0.99193
Epoch 264: loss=0.99883
Epoch 265: loss=1.03647
Epoch 266: loss=0.96670
Epoch 267: loss=0.94620
Epoch 268: loss=0.95084
Epoch 269: loss=0.94762
Epoch 270: loss=0.98460
Epoch 271: loss=0.98860
Epoch 272: loss=0.94625
Epoch 273: loss=0.95699
Epoch 274: loss=0.97986
Epoch 275: loss=0.96549
Epoch 276: loss=0.93450
Epoch 277: loss=0.91220
Epoch 278: loss=0.97075
Epoch 279: loss=0.92473
Epoch 280: loss=0.97440
Epoch 281: loss=1.03713
Epoch 282: loss=0.92271
Epoch 283: loss=0.93308
Epoch 284: loss=0.96722
Epoch 285: loss=0.94845
Epoch 286: loss=0.93515
Epoch 287: loss=0.93142
Epoch 288: loss=0.92039
Epoch 289: loss=0.95676
Epoch 290: loss=0.92282
Epoch 291: loss=1.00342
Epoch 292: loss=0.99064
Epoch 293: loss=0.98423
Epoch 294: loss=0.93718
Epoch 295: loss=0.95337
Epoch 296: loss=0.91993
Epoch 297: loss=0.95462
Epoch 298: loss=0.93121
Epoch 299: loss=0.94778
Epoch 300: loss=0.94136
Epoch 301: loss=0.95223
Epoch 302: loss=0.93036
Epoch 303: loss=0.91262
Epoch 304: loss=0.95995
Epoch 305: loss=0.95056
Epoch 306: loss=0.88077
Epoch 307: loss=0.90984
Epoch 308: loss=0.83525
Epoch 309: loss=0.83610
Epoch 310: loss=0.86265
Epoch 311: loss=0.91517
Epoch 312: loss=0.86815
Epoch 313: loss=0.90121
Epoch 314: loss=0.89861
Epoch 315: loss=0.90722
Epoch 316: loss=0.93372
Epoch 317: loss=0.89712
Epoch 318: loss=0.88280
Epoch 319: loss=0.90125
Epoch 320: loss=0.90709
Epoch 321: loss=0.87574
Epoch 322: loss=0.94718
Epoch 323: loss=0.91545
Epoch 324: loss=0.85684
Epoch 325: loss=0.86334
Epoch 326: loss=0.87216
Epoch 327: loss=0.89373
Epoch 328: loss=0.89384
Epoch 329: loss=0.85392
Epoch 330: loss=0.86756
Epoch 331: loss=0.84246
Epoch 332: loss=0.88113
Epoch 333: loss=0.84288
Epoch 334: loss=0.83894
Epoch 335: loss=0.83378
Epoch 336: loss=0.89586
Epoch 337: loss=0.92726
Epoch 338: loss=0.91414
Epoch 339: loss=0.88663
Epoch 340: loss=0.86713
Epoch 341: loss=0.82691
Epoch 342: loss=0.84281
Epoch 343: loss=0.86430
Epoch 344: loss=0.87572
Epoch 345: loss=0.79974
Epoch 346: loss=0.83946
Epoch 347: loss=0.86565
Epoch 348: loss=0.92792
Epoch 349: loss=0.87334
Epoch 350: loss=0.83655
Epoch 351: loss=0.82307
Epoch 352: loss=0.84885
Epoch 353: loss=0.87181
Epoch 354: loss=0.88482
Epoch 355: loss=0.86314
Epoch 356: loss=0.82537
Epoch 357: loss=0.83797
Epoch 358: loss=0.84702
Epoch 359: loss=0.81863
Epoch 360: loss=0.86799
Epoch 361: loss=0.82497
Epoch 362: loss=0.80216
Epoch 363: loss=0.83831
Epoch 364: loss=0.85496
Epoch 365: loss=0.82716
Epoch 366: loss=0.81014
Epoch 367: loss=0.83370
Epoch 368: loss=0.85551
Epoch 369: loss=0.85255
Epoch 370: loss=0.89184
Epoch 371: loss=0.86740
Epoch 372: loss=0.88800
Epoch 373: loss=0.85190
Epoch 374: loss=0.89126
Epoch 375: loss=0.87434
Epoch 376: loss=0.88043
Epoch 377: loss=0.79579
Epoch 378: loss=0.85906
Epoch 379: loss=0.84288
Epoch 380: loss=0.80981
Epoch 381: loss=0.86698
Epoch 382: loss=0.82602
Epoch 383: loss=0.79632
Epoch 384: loss=0.81903
Epoch 385: loss=0.80099
Epoch 386: loss=0.83732
Epoch 387: loss=0.84723
Epoch 388: loss=0.79429
Epoch 389: loss=0.82641
Epoch 390: loss=0.83020
Epoch 391: loss=0.80948
Epoch 392: loss=0.84702
Epoch 393: loss=0.81853
Epoch 394: loss=0.79927
Epoch 395: loss=0.82943
Epoch 396: loss=0.82294
Epoch 397: loss=0.81393
Epoch 398: loss=0.86449
Epoch 399: loss=0.78723
Epoch 400: loss=0.77895
Epoch 401: loss=0.76934
Epoch 402: loss=0.76425
Epoch 403: loss=0.81828
Epoch 404: loss=0.83449
Epoch 405: loss=0.82272
Epoch 406: loss=0.80898
Epoch 407: loss=0.79280
Epoch 408: loss=0.80489
Epoch 409: loss=0.81566
Epoch 410: loss=0.83026
Epoch 411: loss=0.86008
Epoch 412: loss=0.83993
Epoch 413: loss=0.81368
Epoch 414: loss=0.80569
Epoch 415: loss=0.85309
Epoch 416: loss=0.82728
Epoch 417: loss=0.79982
Epoch 418: loss=0.83051
Epoch 419: loss=0.82244
Epoch 420: loss=0.81955
Epoch 421: loss=0.78478
Epoch 422: loss=0.81489
Epoch 423: loss=0.86452
Epoch 424: loss=0.77863
Epoch 425: loss=0.79383
Epoch 426: loss=0.78506
Epoch 427: loss=0.78357
Epoch 428: loss=0.79057
Epoch 429: loss=0.75697
Epoch 430: loss=0.75345
Epoch 431: loss=0.76514
Epoch 432: loss=0.75904
Epoch 433: loss=0.80196
Epoch 434: loss=0.79997
Epoch 435: loss=0.79300
Epoch 436: loss=0.77868
Epoch 437: loss=0.81823
Epoch 438: loss=0.76644
Epoch 439: loss=0.75939
Epoch 440: loss=0.77354
Epoch 441: loss=0.77380
Epoch 442: loss=0.85933
Epoch 443: loss=0.77260
Epoch 444: loss=0.78322
Epoch 445: loss=0.77324
Epoch 446: loss=0.79535
Epoch 447: loss=0.79903
Epoch 448: loss=0.85841
Epoch 449: loss=0.80795
Epoch 450: loss=0.77644
Epoch 451: loss=0.76253
Epoch 452: loss=0.79601
Epoch 453: loss=0.78844
Epoch 454: loss=0.75576
Epoch 455: loss=0.77506
Epoch 456: loss=0.72965
Epoch 457: loss=0.77788
Epoch 458: loss=0.79312
Epoch 459: loss=0.74208
Epoch 460: loss=0.77068
Epoch 461: loss=0.74029
Epoch 462: loss=0.75969
Epoch 463: loss=0.77346
Epoch 464: loss=0.78832
Epoch 465: loss=0.73161
Epoch 466: loss=0.74473
Epoch 467: loss=0.73715
Epoch 468: loss=0.79639
Epoch 469: loss=0.74472
Epoch 470: loss=0.76076
Epoch 471: loss=0.73250
Epoch 472: loss=0.71275
Epoch 473: loss=0.76949
Epoch 474: loss=0.77784
Epoch 475: loss=0.74073
Epoch 476: loss=0.74050
Epoch 477: loss=0.75480
Epoch 478: loss=0.76475
Epoch 479: loss=0.72151
Epoch 480: loss=0.71199
Epoch 481: loss=0.75386
Epoch 482: loss=0.81752
Epoch 483: loss=0.75742
Epoch 484: loss=0.74142
Epoch 485: loss=0.76427
Epoch 486: loss=0.70530
Epoch 487: loss=0.71869
Epoch 488: loss=0.70261
Epoch 489: loss=0.75084
Epoch 490: loss=0.70649
Epoch 491: loss=0.72954
Epoch 492: loss=0.72163
Epoch 493: loss=0.77989
Epoch 494: loss=0.72774
Epoch 495: loss=0.74451
Epoch 496: loss=0.76357
Epoch 497: loss=0.75420
Epoch 498: loss=0.76845
Epoch 499: loss=0.70074
Epoch 500: loss=0.74815
Epoch 501: loss=0.74251
Epoch 502: loss=0.72675
Epoch 503: loss=0.70897
Epoch 504: loss=0.71033
Epoch 505: loss=0.70033
Epoch 506: loss=0.66545
Epoch 507: loss=0.71520
Epoch 508: loss=0.72387
Epoch 509: loss=0.73218
Epoch 510: loss=0.73974
Epoch 511: loss=0.71274
Epoch 512: loss=0.69022
Epoch 513: loss=0.69641
Epoch 514: loss=0.71723
Epoch 515: loss=0.69862
Epoch 516: loss=0.71637
Epoch 517: loss=0.70420
Epoch 518: loss=0.68716
Epoch 519: loss=0.71873
Epoch 520: loss=0.70508
Epoch 521: loss=0.74914
Epoch 522: loss=0.76049
Epoch 523: loss=0.68798
Epoch 524: loss=0.66954
Epoch 525: loss=0.67595
Epoch 526: loss=0.71527
Epoch 527: loss=0.68769
Epoch 528: loss=0.69054
Epoch 529: loss=0.72627
Epoch 530: loss=0.68386
Epoch 531: loss=0.68593
Epoch 532: loss=0.66594
Epoch 533: loss=0.69773
Epoch 534: loss=0.70488
Epoch 535: loss=0.70621
Epoch 536: loss=0.70685
Epoch 537: loss=0.66659
Epoch 538: loss=0.68688
Epoch 539: loss=0.67662
Epoch 540: loss=0.74608
Epoch 541: loss=0.70103
Epoch 542: loss=0.71461
Epoch 543: loss=0.66996
Epoch 544: loss=0.69604
Epoch 545: loss=0.71157
Epoch 546: loss=0.70800
Epoch 547: loss=0.69269
Epoch 548: loss=0.69498
Epoch 549: loss=0.71287
Epoch 550: loss=0.68298
Epoch 551: loss=0.66081
Epoch 552: loss=0.69623
Epoch 553: loss=0.69971
Epoch 554: loss=0.71160
Epoch 555: loss=0.68376
Epoch 556: loss=0.71933
Epoch 557: loss=0.66725
Epoch 558: loss=0.70138
Epoch 559: loss=0.68080
Epoch 560: loss=0.71126
Epoch 561: loss=0.66595
Epoch 562: loss=0.68379
Epoch 563: loss=0.67541
Epoch 564: loss=0.64490
Epoch 565: loss=0.71942
Epoch 566: loss=0.70621
Epoch 567: loss=0.69569
Epoch 568: loss=0.71494
Epoch 569: loss=0.69279
Epoch 570: loss=0.68078
Epoch 571: loss=0.68633
Epoch 572: loss=0.68709
Epoch 573: loss=0.68152
Epoch 574: loss=0.69862
Epoch 575: loss=0.65651
Epoch 576: loss=0.66578
Epoch 577: loss=0.66257
Epoch 578: loss=0.66825
Epoch 579: loss=0.63980
Epoch 580: loss=0.66004
Epoch 581: loss=0.68560
Epoch 582: loss=0.66464
Epoch 583: loss=0.68047
Epoch 584: loss=0.65381
Epoch 585: loss=0.67094
Epoch 586: loss=0.66545
Epoch 587: loss=0.68311
Epoch 588: loss=0.68852
Epoch 589: loss=0.65810
Epoch 590: loss=0.64369
Epoch 591: loss=0.63056
Epoch 592: loss=0.66814
Epoch 593: loss=0.65996
Epoch 594: loss=0.67129
Epoch 595: loss=0.64397
Epoch 596: loss=0.66291
Epoch 597: loss=0.65046
Epoch 598: loss=0.66389
Epoch 599: loss=0.66900
Epoch 600: loss=0.68029
Epoch 601: loss=0.67480
Epoch 602: loss=0.65742
Epoch 603: loss=0.65541
Epoch 604: loss=0.62903
Epoch 605: loss=0.65101
Epoch 606: loss=0.65313
Epoch 607: loss=0.64765
Epoch 608: loss=0.62220
Epoch 609: loss=0.64468
Epoch 610: loss=0.62440
Epoch 611: loss=0.64590
Epoch 612: loss=0.67023
Epoch 613: loss=0.66525
Epoch 614: loss=0.65600
Epoch 615: loss=0.66230
Epoch 616: loss=0.63060
Epoch 617: loss=0.68291
Epoch 618: loss=0.65794
Epoch 619: loss=0.65682
Epoch 620: loss=0.66242
Epoch 621: loss=0.65706
Epoch 622: loss=0.66684
Epoch 623: loss=0.64670
Epoch 624: loss=0.63840
Epoch 625: loss=0.63580
Epoch 626: loss=0.64900
Epoch 627: loss=0.64821
Epoch 628: loss=0.64836
Epoch 629: loss=0.65130
Epoch 630: loss=0.65449
Epoch 631: loss=0.61494
Epoch 632: loss=0.60638
Epoch 633: loss=0.62892
Epoch 634: loss=0.63826
Epoch 635: loss=0.64661
Epoch 636: loss=0.65286
Epoch 637: loss=0.62899
Epoch 638: loss=0.63179
Epoch 639: loss=0.66901
Epoch 640: loss=0.66709
Epoch 641: loss=0.69280
Epoch 642: loss=0.65817
Epoch 643: loss=0.66906
Epoch 644: loss=0.62908
Epoch 645: loss=0.65416
Epoch 646: loss=0.66332
Epoch 647: loss=0.64773
Epoch 648: loss=0.64737
Epoch 649: loss=0.67052
Epoch 650: loss=0.68294
Epoch 651: loss=0.66282
Epoch 652: loss=0.64334
Epoch 653: loss=0.64254
Epoch 654: loss=0.65135
Epoch 655: loss=0.64230
Epoch 656: loss=0.66413
Epoch 657: loss=0.67423
Epoch 658: loss=0.64198
Epoch 659: loss=0.63224
Epoch 660: loss=0.64358
Epoch 661: loss=0.65669
Epoch 662: loss=0.61490
Epoch 663: loss=0.63854
Epoch 664: loss=0.64092
Epoch 665: loss=0.63274
Epoch 666: loss=0.63734
Epoch 667: loss=0.68081
Epoch 668: loss=0.63328
Epoch 669: loss=0.65347
Epoch 670: loss=0.63790
Epoch 671: loss=0.63366
Epoch 672: loss=0.62714
Epoch 673: loss=0.63936
Epoch 674: loss=0.63747
Epoch 675: loss=0.72929
Epoch 676: loss=0.64057
Epoch 677: loss=0.62334
Epoch 678: loss=0.67083
Epoch 679: loss=0.64203
Epoch 680: loss=0.64404
Epoch 681: loss=0.66398
Epoch 682: loss=0.64316
Epoch 683: loss=0.62497
Epoch 684: loss=0.63288
Epoch 685: loss=0.63525
Epoch 686: loss=0.64604
Epoch 687: loss=0.64488
Epoch 688: loss=0.63106
Epoch 689: loss=0.60477
Epoch 690: loss=0.63124
Epoch 691: loss=0.64292
Epoch 692: loss=0.67334
Epoch 693: loss=0.62557
Epoch 694: loss=0.66051
Epoch 695: loss=0.65539
Epoch 696: loss=0.66379
Epoch 697: loss=0.61741
Epoch 698: loss=0.61127
Epoch 699: loss=0.63727
Epoch 700: loss=0.61959
Epoch 701: loss=0.59566
Epoch 702: loss=0.62536
Epoch 703: loss=0.62660
Epoch 704: loss=0.63240
Epoch 705: loss=0.61996
Epoch 706: loss=0.63108
Epoch 707: loss=0.60493
Epoch 708: loss=0.62770
Epoch 709: loss=0.62151
Epoch 710: loss=0.63607
Epoch 711: loss=0.61073
Epoch 712: loss=0.61273
Epoch 713: loss=0.66877
Epoch 714: loss=0.62290
Epoch 715: loss=0.61361
Epoch 716: loss=0.63252
Epoch 717: loss=0.62795
Epoch 718: loss=0.61653
Epoch 719: loss=0.66190
Epoch 720: loss=0.62545
Epoch 721: loss=0.63816
Epoch 722: loss=0.62507
Epoch 723: loss=0.62001
Epoch 724: loss=0.61085
Epoch 725: loss=0.61442
Epoch 726: loss=0.67748
Epoch 727: loss=0.61683
Epoch 728: loss=0.62293
Epoch 729: loss=0.62960
Epoch 730: loss=0.62762
Epoch 731: loss=0.59114
Epoch 732: loss=0.62217
Epoch 733: loss=0.59487
Epoch 734: loss=0.61016
Epoch 735: loss=0.61118
Epoch 736: loss=0.61851
Epoch 737: loss=0.62099
Epoch 738: loss=0.60890
Epoch 739: loss=0.67198
Epoch 740: loss=0.61425
Epoch 741: loss=0.62371
Epoch 742: loss=0.62064
Epoch 743: loss=0.61870
Epoch 744: loss=0.64017
Epoch 745: loss=0.63286
Epoch 746: loss=0.60144
Epoch 747: loss=0.62650
Epoch 748: loss=0.65784
Epoch 749: loss=0.65586
Epoch 750: loss=0.64770
Epoch 751: loss=0.61927
Epoch 752: loss=0.62712
Epoch 753: loss=0.61992
Epoch 754: loss=0.62293
Epoch 755: loss=0.62691
Epoch 756: loss=0.64419
Epoch 757: loss=0.61802
Epoch 758: loss=0.62668
Epoch 759: loss=0.66656
Epoch 760: loss=0.59699
Epoch 761: loss=0.61241
Epoch 762: loss=0.60753
Epoch 763: loss=0.62132
Epoch 764: loss=0.61601
Epoch 765: loss=0.60543
Epoch 766: loss=0.60605
Epoch 767: loss=0.61533
Epoch 768: loss=0.60724
Epoch 769: loss=0.63832
Epoch 770: loss=0.61496
Epoch 771: loss=0.63243
Epoch 772: loss=0.62219
Epoch 773: loss=0.62947
Epoch 774: loss=0.63980
Epoch 775: loss=0.60502
Epoch 776: loss=0.60230
Epoch 777: loss=0.62305
Epoch 778: loss=0.59835
Epoch 779: loss=0.60873
Epoch 780: loss=0.63674
Epoch 781: loss=0.62073
Epoch 782: loss=0.58406
Epoch 783: loss=0.62320
Epoch 784: loss=0.59085
Epoch 785: loss=0.61065
Epoch 786: loss=0.60556
Epoch 787: loss=0.62731
Epoch 788: loss=0.61465
Epoch 789: loss=0.62013
Epoch 790: loss=0.65990
Epoch 791: loss=0.62213
Epoch 792: loss=0.63246
Epoch 793: loss=0.61603
Epoch 794: loss=0.63116
Epoch 795: loss=0.60999
Epoch 796: loss=0.62773
Epoch 797: loss=0.62047
Epoch 798: loss=0.62700
Epoch 799: loss=0.65164
Epoch 800: loss=0.59870
Epoch 801: loss=0.60019
Epoch 802: loss=0.61277
Epoch 803: loss=0.63792
Epoch 804: loss=0.58147
Epoch 805: loss=0.63222
Epoch 806: loss=0.61535
Epoch 807: loss=0.62689
Epoch 808: loss=0.63672
Epoch 809: loss=0.63790
Epoch 810: loss=0.62127
Epoch 811: loss=0.61115
Epoch 812: loss=0.63655
Epoch 813: loss=0.60556
Epoch 814: loss=0.62126
Epoch 815: loss=0.61596
Epoch 816: loss=0.63161
Epoch 817: loss=0.62655
Epoch 818: loss=0.60718
Epoch 819: loss=0.60368
Epoch 820: loss=0.62858
Epoch 821: loss=0.59740
Epoch 822: loss=0.62117
Epoch 823: loss=0.62089
Epoch 824: loss=0.59697
Epoch 825: loss=0.59992
Epoch 826: loss=0.64733
Epoch 827: loss=0.62077
Epoch 828: loss=0.61029
Epoch 829: loss=0.62097
Epoch 830: loss=0.59603
Epoch 831: loss=0.62835
Epoch 832: loss=0.61386
Epoch 833: loss=0.63387
Epoch 834: loss=0.64195
Epoch 835: loss=0.61017
Epoch 836: loss=0.61421
Epoch 837: loss=0.61926
Epoch 838: loss=0.62416
Epoch 839: loss=0.61971
Epoch 840: loss=0.60902
Epoch 841: loss=0.61383
Epoch 842: loss=0.59746
Epoch 843: loss=0.60136
Epoch 844: loss=0.58284
Epoch 845: loss=0.59285
Epoch 846: loss=0.59146
Epoch 847: loss=0.60484
Epoch 848: loss=0.62013
Epoch 849: loss=0.60590
Epoch 850: loss=0.59135
Epoch 851: loss=0.61577
Epoch 852: loss=0.61818
Epoch 853: loss=0.59822
Epoch 854: loss=0.63368
Epoch 855: loss=0.58482
Epoch 856: loss=0.58995
Epoch 857: loss=0.62765
Epoch 858: loss=0.63950
Epoch 859: loss=0.60924
Epoch 860: loss=0.61290
Epoch 861: loss=0.62625
Epoch 862: loss=0.61659
Epoch 863: loss=0.59224
Epoch 864: loss=0.62173
Epoch 865: loss=0.60309
Epoch 866: loss=0.61286
Epoch 867: loss=0.60866
Epoch 868: loss=0.60090
Epoch 869: loss=0.63597
Epoch 870: loss=0.61467
Epoch 871: loss=0.58413
Epoch 872: loss=0.61752
Epoch 873: loss=0.62327
Epoch 874: loss=0.58076
Epoch 875: loss=0.59803
Epoch 876: loss=0.63330
Epoch 877: loss=0.61178
Epoch 878: loss=0.60241
Epoch 879: loss=0.58582
Epoch 880: loss=0.61239
Epoch 881: loss=0.59285
Epoch 882: loss=0.57888
Epoch 883: loss=0.59784
Epoch 884: loss=0.61053
Epoch 885: loss=0.58406
Epoch 886: loss=0.65593
Epoch 887: loss=0.59925
Epoch 888: loss=0.59140
Epoch 889: loss=0.58408
Epoch 890: loss=0.58484
Epoch 891: loss=0.59449
Epoch 892: loss=0.59341
Epoch 893: loss=0.60328
Epoch 894: loss=0.59329
Epoch 895: loss=0.58539
Epoch 896: loss=0.59403
Epoch 897: loss=0.64344
Epoch 898: loss=0.61720
Epoch 899: loss=0.58704
Epoch 900: loss=0.59640
Epoch 901: loss=0.60775
Epoch 902: loss=0.63909
Epoch 903: loss=0.57172
Epoch 904: loss=0.58715
Epoch 905: loss=0.61017
Epoch 906: loss=0.58574
Epoch 907: loss=0.59493
Epoch 908: loss=0.56462
Epoch 909: loss=0.59197
Epoch 910: loss=0.59296
Epoch 911: loss=0.55180
Epoch 912: loss=0.61030
Epoch 913: loss=0.56249
Epoch 914: loss=0.59338
Epoch 915: loss=0.60760
Epoch 916: loss=0.57507
Epoch 917: loss=0.56090
Epoch 918: loss=0.59042
Epoch 919: loss=0.56835
Epoch 920: loss=0.57105
Epoch 921: loss=0.55753
Epoch 922: loss=0.55781
Epoch 923: loss=0.56439
Epoch 924: loss=0.58474
Epoch 925: loss=0.56246
Epoch 926: loss=0.58204
Epoch 927: loss=0.57702
Epoch 928: loss=0.58235
Epoch 929: loss=0.57070
Epoch 930: loss=0.57071
Epoch 931: loss=0.58606
Epoch 932: loss=0.56483
Epoch 933: loss=0.57789
Epoch 934: loss=0.58903
Epoch 935: loss=0.57583
Epoch 936: loss=0.59442
Epoch 937: loss=0.59498
Epoch 938: loss=0.59976
Epoch 939: loss=0.59719
Epoch 940: loss=0.61468
Epoch 941: loss=0.59783
Epoch 942: loss=0.56715
Epoch 943: loss=0.57410
Epoch 944: loss=0.56243
Epoch 945: loss=0.60528
Epoch 946: loss=0.58743
Epoch 947: loss=0.57780
Epoch 948: loss=0.56163
Epoch 949: loss=0.59448
Epoch 950: loss=0.59813
Epoch 951: loss=0.58153
Epoch 952: loss=0.58894
Epoch 953: loss=0.59182
Epoch 954: loss=0.57729
Epoch 955: loss=0.58355
Epoch 956: loss=0.58635
Epoch 957: loss=0.57178
Epoch 958: loss=0.59382
Epoch 959: loss=0.63241
Epoch 960: loss=0.59285
Epoch 961: loss=0.60398
Epoch 962: loss=0.56581
Epoch 963: loss=0.57702
Epoch 964: loss=0.57927
Epoch 965: loss=0.61508
Epoch 966: loss=0.58426
Epoch 967: loss=0.60428
Epoch 968: loss=0.59159
Epoch 969: loss=0.57603
Epoch 970: loss=0.58712
Epoch 971: loss=0.59998
Epoch 972: loss=0.59461
Epoch 973: loss=0.57462
Epoch 974: loss=0.61522
Epoch 975: loss=0.60456
Epoch 976: loss=0.57260
Epoch 977: loss=0.60314
Epoch 978: loss=0.57664
Epoch 979: loss=0.57977
Epoch 980: loss=0.59604
Epoch 981: loss=0.61042
Epoch 982: loss=0.56369
Epoch 983: loss=0.60944
Epoch 984: loss=0.58019
Epoch 985: loss=0.62065
Epoch 986: loss=0.57111
Epoch 987: loss=0.60873
Epoch 988: loss=0.58749
Epoch 989: loss=0.59784
Epoch 990: loss=0.61805
Epoch 991: loss=0.61144
Epoch 992: loss=0.58817
Epoch 993: loss=0.57746
Epoch 994: loss=0.58647
Epoch 995: loss=0.58190
Epoch 996: loss=0.60742
Epoch 997: loss=0.64168
Epoch 998: loss=0.60003
Epoch 999: loss=0.57924
Epoch 1000: loss=0.59188
Training accuracy: 0.862
Test accuracy: 0.342

File list dumped

Saved in file
500 epochs recur round 2
are new values in file?
