/home/venkat/Unreliable_Synaptic_Transmission/Deepti/DOPcodes/SHD_dropout/dataset/shddataset/
made weight variables and loss histogram
The file is present.
Epoch 1: loss=2.97985
Epoch 2: loss=2.97580
Epoch 3: loss=2.97724
Epoch 4: loss=2.96965
Epoch 5: loss=2.97265
Epoch 6: loss=2.96825
Epoch 7: loss=2.96720
Epoch 8: loss=2.96696
Epoch 9: loss=2.96718
Epoch 10: loss=2.96110
Trained for 10 epochs
Training accuracy: 0.062
Epoch 1: loss=2.96027
Epoch 2: loss=2.96270
Epoch 3: loss=2.96267
Epoch 4: loss=2.96138
Epoch 5: loss=2.95796
Epoch 6: loss=2.96003
Epoch 7: loss=2.95891
Epoch 8: loss=2.95800
Epoch 9: loss=2.95977
Epoch 10: loss=2.95670
Epoch 11: loss=2.95908
Epoch 12: loss=2.95692
Epoch 13: loss=2.95617
Epoch 14: loss=2.95957
Epoch 15: loss=2.95441
Epoch 16: loss=2.95685
Epoch 17: loss=2.95667
Epoch 18: loss=2.95686
Epoch 19: loss=2.95681
Epoch 20: loss=2.95875
Epoch 21: loss=2.95574
Epoch 22: loss=2.95351
Epoch 23: loss=2.95515
Epoch 24: loss=2.95531
Epoch 25: loss=2.95689
Epoch 26: loss=2.95459
Epoch 27: loss=2.95450
Epoch 28: loss=2.95510
Epoch 29: loss=2.95609
Epoch 30: loss=2.95427
Epoch 31: loss=2.95397
Epoch 32: loss=2.95526
Epoch 33: loss=2.95400
Epoch 34: loss=2.95506
Epoch 35: loss=2.95431
Epoch 36: loss=2.95418
Epoch 37: loss=2.95438
Epoch 38: loss=2.95405
Epoch 39: loss=2.95315
Epoch 40: loss=2.95302
Epoch 41: loss=2.95268
Epoch 42: loss=2.95143
Epoch 43: loss=2.95435
Epoch 44: loss=2.95330
Epoch 45: loss=2.94990
Epoch 46: loss=2.95175
Epoch 47: loss=2.95215
Epoch 48: loss=2.95289
Epoch 49: loss=2.95017
Epoch 50: loss=2.95059
Epoch 51: loss=2.95009
Epoch 52: loss=2.94898
Epoch 53: loss=2.95047
Epoch 54: loss=2.94817
Epoch 55: loss=2.95346
Epoch 56: loss=2.95042
Epoch 57: loss=2.95083
Epoch 58: loss=2.94700
Epoch 59: loss=2.94919
Epoch 60: loss=2.95016
Epoch 61: loss=2.94654
Epoch 62: loss=2.94747
Epoch 63: loss=2.94920
Epoch 64: loss=2.94679
Epoch 65: loss=2.94913
Epoch 66: loss=2.94862
Epoch 67: loss=2.94819
Epoch 68: loss=2.94770
Epoch 69: loss=2.94632
Epoch 70: loss=2.94723
Epoch 71: loss=2.94499
Epoch 72: loss=2.94773
Epoch 73: loss=2.95063
Epoch 74: loss=2.94592
Epoch 75: loss=2.94586
Epoch 76: loss=2.94501
Epoch 77: loss=2.95014
Epoch 78: loss=2.94545
Epoch 79: loss=2.94486
Epoch 80: loss=2.94564
Epoch 81: loss=2.94384
Epoch 82: loss=2.94536
Epoch 83: loss=2.94416
Epoch 84: loss=2.94415
Epoch 85: loss=2.94472
Epoch 86: loss=2.94434
Epoch 87: loss=2.94257
Epoch 88: loss=2.94312
Epoch 89: loss=2.94468
Epoch 90: loss=2.94409
Epoch 91: loss=2.94391
Epoch 92: loss=2.94178
Epoch 93: loss=2.94249
Epoch 94: loss=2.94159
Epoch 95: loss=2.94338
Epoch 96: loss=2.94172
Epoch 97: loss=2.94300
Epoch 98: loss=2.94053
Epoch 99: loss=2.93927
Epoch 100: loss=2.94196
Epoch 101: loss=2.94331
Epoch 102: loss=2.94041
Epoch 103: loss=2.93994
Epoch 104: loss=2.94164
Epoch 105: loss=2.93983
Epoch 106: loss=2.94008
Epoch 107: loss=2.93767
Epoch 108: loss=2.93868
Epoch 109: loss=2.93919
Epoch 110: loss=2.93478
Epoch 111: loss=2.94118
Epoch 112: loss=2.93805
Epoch 113: loss=2.94063
Epoch 114: loss=2.93865
Epoch 115: loss=2.93654
Epoch 116: loss=2.93904
Epoch 117: loss=2.93784
Epoch 118: loss=2.93704
Epoch 119: loss=2.93780
Epoch 120: loss=2.93684
Epoch 121: loss=2.93474
Epoch 122: loss=2.93719
Epoch 123: loss=2.93672
Epoch 124: loss=2.93573
Epoch 125: loss=2.93586
Epoch 126: loss=2.93628
Epoch 127: loss=2.93444
Epoch 128: loss=2.93441
Epoch 129: loss=2.93548
Epoch 130: loss=2.93350
Epoch 131: loss=2.93101
Epoch 132: loss=2.93566
Epoch 133: loss=2.93573
Epoch 134: loss=2.93304
Epoch 135: loss=2.93659
Epoch 136: loss=2.93409
Epoch 137: loss=2.93246
Epoch 138: loss=2.93362
Epoch 139: loss=2.93357
Epoch 140: loss=2.93118
Epoch 141: loss=2.93477
Epoch 142: loss=2.93484
Epoch 143: loss=2.93364
Epoch 144: loss=2.93138
Epoch 145: loss=2.93311
Epoch 146: loss=2.92948
Epoch 147: loss=2.92962
Epoch 148: loss=2.93221
Epoch 149: loss=2.93105
Epoch 150: loss=2.92982
Epoch 151: loss=2.93148
Epoch 152: loss=2.93162
Epoch 153: loss=2.92924
Epoch 154: loss=2.93241
Epoch 155: loss=2.92843
Epoch 156: loss=2.93163
Epoch 157: loss=2.92823
Epoch 158: loss=2.93088
Epoch 159: loss=2.92958
Epoch 160: loss=2.93389
Epoch 161: loss=2.92785
Epoch 162: loss=2.92892
Epoch 163: loss=2.93067
Epoch 164: loss=2.92849
Epoch 165: loss=2.93019
Epoch 166: loss=2.92586
Epoch 167: loss=2.92875
Epoch 168: loss=2.92717
Epoch 169: loss=2.92712
Epoch 170: loss=2.92685
Epoch 171: loss=2.92533
Epoch 172: loss=2.92673
Epoch 173: loss=2.92810
Epoch 174: loss=2.92612
Epoch 175: loss=2.92839
Epoch 176: loss=2.92728
Epoch 177: loss=2.92877
Epoch 178: loss=2.92543
Epoch 179: loss=2.92769
Epoch 180: loss=2.92753
Epoch 181: loss=2.92683
Epoch 182: loss=2.92970
Epoch 183: loss=2.92603
Epoch 184: loss=2.92735
Epoch 185: loss=2.92663
Epoch 186: loss=2.92584
Epoch 187: loss=2.92641
Epoch 188: loss=2.92471
Epoch 189: loss=2.92634
Epoch 190: loss=2.92608
Epoch 191: loss=2.92549
Epoch 192: loss=2.92695
Epoch 193: loss=2.92593
Epoch 194: loss=2.92521
Epoch 195: loss=2.92588
Epoch 196: loss=2.92357
Epoch 197: loss=2.92437
Epoch 198: loss=2.92652
Epoch 199: loss=2.92305
Epoch 200: loss=2.92264
Epoch 201: loss=2.92544
Epoch 202: loss=2.92559
Epoch 203: loss=2.92430
Epoch 204: loss=2.92257
Epoch 205: loss=2.92477
Epoch 206: loss=2.92397
Epoch 207: loss=2.92494
Epoch 208: loss=2.92362
Epoch 209: loss=2.92465
Epoch 210: loss=2.92384
Epoch 211: loss=2.92290
Epoch 212: loss=2.92381
Epoch 213: loss=2.92596
Epoch 214: loss=2.92359
Epoch 215: loss=2.92369
Epoch 216: loss=2.92402
Epoch 217: loss=2.92577
Epoch 218: loss=2.92372
Epoch 219: loss=2.92285
Epoch 220: loss=2.92153
Epoch 221: loss=2.92268
Epoch 222: loss=2.92271
Epoch 223: loss=2.92324
Epoch 224: loss=2.92533
Epoch 225: loss=2.92347
Epoch 226: loss=2.92364
Epoch 227: loss=2.92406
Epoch 228: loss=2.92130
Epoch 229: loss=2.92272
Epoch 230: loss=2.92082
Epoch 231: loss=2.92165
Epoch 232: loss=2.92310
Epoch 233: loss=2.92394
Epoch 234: loss=2.92015
Epoch 235: loss=2.91925
Epoch 236: loss=2.92025
Epoch 237: loss=2.92004
Epoch 238: loss=2.92006
Epoch 239: loss=2.91855
Epoch 240: loss=2.91989
Epoch 241: loss=2.92047
Epoch 242: loss=2.92161
Epoch 243: loss=2.92107
Epoch 244: loss=2.92056
Epoch 245: loss=2.91898
Epoch 246: loss=2.92004
Epoch 247: loss=2.91930
Epoch 248: loss=2.91488
Epoch 249: loss=2.92062
Epoch 250: loss=2.92099
Epoch 251: loss=2.91859
Epoch 252: loss=2.91880
Epoch 253: loss=2.91891
Epoch 254: loss=2.92050
Epoch 255: loss=2.91909
Epoch 256: loss=2.91806
Epoch 257: loss=2.91830
Epoch 258: loss=2.91652
Epoch 259: loss=2.91981
Epoch 260: loss=2.91721
Epoch 261: loss=2.91768
Epoch 262: loss=2.91964
Epoch 263: loss=2.92030
Epoch 264: loss=2.91832
Epoch 265: loss=2.91808
Epoch 266: loss=2.91934
Epoch 267: loss=2.91369
Epoch 268: loss=2.91952
Epoch 269: loss=2.91841
Epoch 270: loss=2.91832
Epoch 271: loss=2.91660
Epoch 272: loss=2.91746
Epoch 273: loss=2.91886
Epoch 274: loss=2.91646
Epoch 275: loss=2.91926
Epoch 276: loss=2.91678
Epoch 277: loss=2.91837
Epoch 278: loss=2.91923
Epoch 279: loss=2.91345
Epoch 280: loss=2.91574
Epoch 281: loss=2.91469
Epoch 282: loss=2.92118
Epoch 283: loss=2.91711
Epoch 284: loss=2.91586
Epoch 285: loss=2.91682
Epoch 286: loss=2.91401
Epoch 287: loss=2.91624
Epoch 288: loss=2.91644
Epoch 289: loss=2.91630
Epoch 290: loss=2.91423
Epoch 291: loss=2.91522
Epoch 292: loss=2.91648
Epoch 293: loss=2.91710
Epoch 294: loss=2.91465
Epoch 295: loss=2.91659
Epoch 296: loss=2.91572
Epoch 297: loss=2.91591
Epoch 298: loss=2.91722
Epoch 299: loss=2.91464
Epoch 300: loss=2.91400
Epoch 301: loss=2.91501
Epoch 302: loss=2.91721
Epoch 303: loss=2.91390
Epoch 304: loss=2.91382
Epoch 305: loss=2.91458
Epoch 306: loss=2.91634
Epoch 307: loss=2.91423
Epoch 308: loss=2.91365
Epoch 309: loss=2.91432
Epoch 310: loss=2.91317
Epoch 311: loss=2.91588
Epoch 312: loss=2.91292
Epoch 313: loss=2.91483
Epoch 314: loss=2.91612
Epoch 315: loss=2.91236
Epoch 316: loss=2.91474
Epoch 317: loss=2.91473
Epoch 318: loss=2.91428
Epoch 319: loss=2.91404
Epoch 320: loss=2.91301
Epoch 321: loss=2.91487
Epoch 322: loss=2.91620
Epoch 323: loss=2.91364
Epoch 324: loss=2.91573
Epoch 325: loss=2.91381
Epoch 326: loss=2.91324
Epoch 327: loss=2.91547
Epoch 328: loss=2.91486
Epoch 329: loss=2.91083
Epoch 330: loss=2.91414
Epoch 331: loss=2.91190
Epoch 332: loss=2.91245
Epoch 333: loss=2.91007
Epoch 334: loss=2.91326
Epoch 335: loss=2.91358
Epoch 336: loss=2.91536
Epoch 337: loss=2.91274
Epoch 338: loss=2.91432
Epoch 339: loss=2.90971
Epoch 340: loss=2.91328
Epoch 341: loss=2.91219
Epoch 342: loss=2.91250
Epoch 343: loss=2.91170
Epoch 344: loss=2.91180
Epoch 345: loss=2.91383
Epoch 346: loss=2.91570
Epoch 347: loss=2.91267
Epoch 348: loss=2.91123
Epoch 349: loss=2.91182
Epoch 350: loss=2.91226
Epoch 351: loss=2.91123
Epoch 352: loss=2.91254
Epoch 353: loss=2.91168
Epoch 354: loss=2.91255
Epoch 355: loss=2.91342
Epoch 356: loss=2.91117
Epoch 357: loss=2.90911
Epoch 358: loss=2.91065
Epoch 359: loss=2.91285
Epoch 360: loss=2.91275
Epoch 361: loss=2.91082
Epoch 362: loss=2.91270
Epoch 363: loss=2.91225
Epoch 364: loss=2.90768
Epoch 365: loss=2.91214
Epoch 366: loss=2.91338
Epoch 367: loss=2.91172
Epoch 368: loss=2.91034
Epoch 369: loss=2.91182
Epoch 370: loss=2.91276
Epoch 371: loss=2.91281
Epoch 372: loss=2.91308
Epoch 373: loss=2.91131
Epoch 374: loss=2.91354
Epoch 375: loss=2.90827
Epoch 376: loss=2.91026
Epoch 377: loss=2.91109
Epoch 378: loss=2.91055
Epoch 379: loss=2.91083
Epoch 380: loss=2.91010
Epoch 381: loss=2.91109
Epoch 382: loss=2.91326
Epoch 383: loss=2.90934
Epoch 384: loss=2.91314
Epoch 385: loss=2.90952
Epoch 386: loss=2.91027
Epoch 387: loss=2.91130
Epoch 388: loss=2.91090
Epoch 389: loss=2.91069
Epoch 390: loss=2.91023
Epoch 391: loss=2.91131
Epoch 392: loss=2.91271
Epoch 393: loss=2.90915
Epoch 394: loss=2.91286
Epoch 395: loss=2.91109
Epoch 396: loss=2.90885
Epoch 397: loss=2.90896
Epoch 398: loss=2.91187
Epoch 399: loss=2.91166
Epoch 400: loss=2.91039
Epoch 401: loss=2.91067
Epoch 402: loss=2.90892
Epoch 403: loss=2.91084
Epoch 404: loss=2.91271
Epoch 405: loss=2.91081
Epoch 406: loss=2.90658
Epoch 407: loss=2.90704
Epoch 408: loss=2.90734
Epoch 409: loss=2.91189
Epoch 410: loss=2.91060
Epoch 411: loss=2.90862
Epoch 412: loss=2.90994
Epoch 413: loss=2.91036
Epoch 414: loss=2.91039
Epoch 415: loss=2.90845
Epoch 416: loss=2.91003
Epoch 417: loss=2.90912
Epoch 418: loss=2.91355
Epoch 419: loss=2.91118
Epoch 420: loss=2.90883
Epoch 421: loss=2.90903
Epoch 422: loss=2.91184
Epoch 423: loss=2.90939
Epoch 424: loss=2.91034
Epoch 425: loss=2.90891
Epoch 426: loss=2.91387
Epoch 427: loss=2.91094
Epoch 428: loss=2.90766
Epoch 429: loss=2.90740
Epoch 430: loss=2.90986
Epoch 431: loss=2.90824
Epoch 432: loss=2.90956
Epoch 433: loss=2.90920
Epoch 434: loss=2.91076
Epoch 435: loss=2.90960
Epoch 436: loss=2.91065
Epoch 437: loss=2.91029
Epoch 438: loss=2.90855
Epoch 439: loss=2.91013
Epoch 440: loss=2.91096
Epoch 441: loss=2.90684
Epoch 442: loss=2.90904
Epoch 443: loss=2.91040
Epoch 444: loss=2.91296
Epoch 445: loss=2.90756
Epoch 446: loss=2.90618
Epoch 447: loss=2.90868
Epoch 448: loss=2.90763
Epoch 449: loss=2.90849
Epoch 450: loss=2.90772
Epoch 451: loss=2.91202
Epoch 452: loss=2.90808
Epoch 453: loss=2.90666
Epoch 454: loss=2.90817
Epoch 455: loss=2.90832
Epoch 456: loss=2.90605
Epoch 457: loss=2.90869
Epoch 458: loss=2.90646
Epoch 459: loss=2.90781
Epoch 460: loss=2.91095
Epoch 461: loss=2.90822
Epoch 462: loss=2.91125
Epoch 463: loss=2.90648
Epoch 464: loss=2.91001
Epoch 465: loss=2.90574
Epoch 466: loss=2.90906
Epoch 467: loss=2.90501
Epoch 468: loss=2.90664
Epoch 469: loss=2.90641
Epoch 470: loss=2.90909
Epoch 471: loss=2.90441
Epoch 472: loss=2.90951
Epoch 473: loss=2.90517
Epoch 474: loss=2.90765
Epoch 475: loss=2.90813
Epoch 476: loss=2.90866
Epoch 477: loss=2.90569
Epoch 478: loss=2.90773
Epoch 479: loss=2.90851
Epoch 480: loss=2.90904
Epoch 481: loss=2.90685
Epoch 482: loss=2.90690
Epoch 483: loss=2.90621
Epoch 484: loss=2.90692
Epoch 485: loss=2.90658
Epoch 486: loss=2.90804
Epoch 487: loss=2.90914
Epoch 488: loss=2.90621
Epoch 489: loss=2.90586
Epoch 490: loss=2.90765
Epoch 491: loss=2.90937
Epoch 492: loss=2.90395
Epoch 493: loss=2.90473
Epoch 494: loss=2.90652
Epoch 495: loss=2.90954
Epoch 496: loss=2.90652
Epoch 497: loss=2.91025
Epoch 498: loss=2.90753
Epoch 499: loss=2.90748
Epoch 500: loss=2.90465
Training accuracy: 0.067
Test accuracy: 0.084

File list dumped

Saved in file
