Lmod has detected the following error: The following module(s) are unknown:
"cuda-11.0.2-gcc-10.2.0-3wlbq6u"

Please check the spelling or version number. Also try "module spider ..."
It is also possible your cache file is out-of-date; it may help to try:
  $ module --ignore-cache load "cuda-11.0.2-gcc-10.2.0-3wlbq6u"

Also make sure that all modulefiles written in TCL start with the string
#%Module



/home/venkat/Unreliable_Synaptic_Transmission/Deepti/DOPcodes/SHD_dropout/dataset/shddataset/
made weight variables and loss histogram
The file is present.
Epoch 1: loss=2.76331
Epoch 2: loss=2.75802
Epoch 3: loss=2.75509
Epoch 4: loss=2.74378
Epoch 5: loss=2.75644
Epoch 6: loss=2.75504
Epoch 7: loss=2.75174
Epoch 8: loss=2.77631
Epoch 9: loss=2.76050
Epoch 10: loss=2.76774
Trained for 10 epochs
Training accuracy: 0.157
Epoch 1: loss=2.74746
Epoch 2: loss=2.74643
Epoch 3: loss=2.76730
Epoch 4: loss=2.75706
Epoch 5: loss=2.77853
Epoch 6: loss=2.76040
Epoch 7: loss=2.77447
Epoch 8: loss=2.76962
Epoch 9: loss=2.77487
Epoch 10: loss=2.76534
Epoch 11: loss=2.74960
Epoch 12: loss=2.76717
Epoch 13: loss=2.77305
Epoch 14: loss=2.76132
Epoch 15: loss=2.74673
Epoch 16: loss=2.76517
Epoch 17: loss=2.75755
Epoch 18: loss=2.75582
Epoch 19: loss=2.74251
Epoch 20: loss=2.76838
Epoch 21: loss=2.75438
Epoch 22: loss=2.75302
Epoch 23: loss=2.74693
Epoch 24: loss=2.76051
Epoch 25: loss=2.74637
Epoch 26: loss=2.76889
Epoch 27: loss=2.77771
Epoch 28: loss=2.77557
Epoch 29: loss=2.77029
Epoch 30: loss=2.78200
Epoch 31: loss=2.74844
Epoch 32: loss=2.77078
Epoch 33: loss=2.76186
Epoch 34: loss=2.77154
Epoch 35: loss=2.75937
Epoch 36: loss=2.75659
Epoch 37: loss=2.75892
Epoch 38: loss=2.77447
Epoch 39: loss=2.75562
Epoch 40: loss=2.75306
Epoch 41: loss=2.77163
Epoch 42: loss=2.77532
Epoch 43: loss=2.75328
Epoch 44: loss=2.77213
Epoch 45: loss=2.75766
Epoch 46: loss=2.76752
Epoch 47: loss=2.77558
Epoch 48: loss=2.76613
Epoch 49: loss=2.76822
Epoch 50: loss=2.77693
Epoch 51: loss=2.78812
Epoch 52: loss=2.78360
Epoch 53: loss=2.76427
Epoch 54: loss=2.76071
Epoch 55: loss=2.77400
Epoch 56: loss=2.78121
Epoch 57: loss=2.74919
Epoch 58: loss=2.77493
Epoch 59: loss=2.75599
Epoch 60: loss=2.74833
Epoch 61: loss=2.76983
Epoch 62: loss=2.77575
Epoch 63: loss=2.76963
Epoch 64: loss=2.75105
Epoch 65: loss=2.77508
Epoch 66: loss=2.75505
Epoch 67: loss=2.77896
Epoch 68: loss=2.77889
Epoch 69: loss=2.78279
Epoch 70: loss=2.76258
Epoch 71: loss=2.74318
Epoch 72: loss=2.78779
Epoch 73: loss=2.77135
Epoch 74: loss=2.76406
Epoch 75: loss=2.76583
Epoch 76: loss=2.76064
Epoch 77: loss=2.76103
Epoch 78: loss=2.76108
Epoch 79: loss=2.78508
Epoch 80: loss=2.77141
Epoch 81: loss=2.76049
Epoch 82: loss=2.75422
Epoch 83: loss=2.76827
Epoch 84: loss=2.76439
Epoch 85: loss=2.76821
Epoch 86: loss=2.76183
Epoch 87: loss=2.77195
Epoch 88: loss=2.75874
Epoch 89: loss=2.77674
Epoch 90: loss=2.77605
Epoch 91: loss=2.76728
Epoch 92: loss=2.76018
Epoch 93: loss=2.74356
Epoch 94: loss=2.76837
Epoch 95: loss=2.75408
Epoch 96: loss=2.75683
Epoch 97: loss=2.76120
Epoch 98: loss=2.77460
Epoch 99: loss=2.76151
Epoch 100: loss=2.75345
Epoch 101: loss=2.78061
Epoch 102: loss=2.76680
Epoch 103: loss=2.78876
Epoch 104: loss=2.76413
Epoch 105: loss=2.75251
Epoch 106: loss=2.77203
Epoch 107: loss=2.78052
Epoch 108: loss=2.76944
Epoch 109: loss=2.78246
Epoch 110: loss=2.77695
Epoch 111: loss=2.75231
Epoch 112: loss=2.79176
Epoch 113: loss=2.76594
Epoch 114: loss=2.75813
Epoch 115: loss=2.77707
Epoch 116: loss=2.78559
Epoch 117: loss=2.77442
Epoch 118: loss=2.75816
Epoch 119: loss=2.77837
Epoch 120: loss=2.77523
Epoch 121: loss=2.77458
Epoch 122: loss=2.76221
Epoch 123: loss=2.78418
Epoch 124: loss=2.75611
Epoch 125: loss=2.76797
Epoch 126: loss=2.76952
Epoch 127: loss=2.77125
Epoch 128: loss=2.77034
Epoch 129: loss=2.75499
Epoch 130: loss=2.76476
Epoch 131: loss=2.74547
Epoch 132: loss=2.77650
Epoch 133: loss=2.77947
Epoch 134: loss=2.79019
Epoch 135: loss=2.75627
Epoch 136: loss=2.77444
Epoch 137: loss=2.76960
Epoch 138: loss=2.77094
Epoch 139: loss=2.77043
Epoch 140: loss=2.76579
Epoch 141: loss=2.77083
Epoch 142: loss=2.77042
Epoch 143: loss=2.75999
Epoch 144: loss=2.76104
Epoch 145: loss=2.75712
Epoch 146: loss=2.75423
Epoch 147: loss=2.77040
Epoch 148: loss=2.78414
Epoch 149: loss=2.78145
Epoch 150: loss=2.78194
Epoch 151: loss=2.75383
Epoch 152: loss=2.75033
Epoch 153: loss=2.76318
Epoch 154: loss=2.74080
Epoch 155: loss=2.75915
Epoch 156: loss=2.78283
Epoch 157: loss=2.76108
Epoch 158: loss=2.76146
Epoch 159: loss=2.77271
Epoch 160: loss=2.75611
Epoch 161: loss=2.76961
Epoch 162: loss=2.77208
Epoch 163: loss=2.75297
Epoch 164: loss=2.74974
Epoch 165: loss=2.74990
Epoch 166: loss=2.76058
Epoch 167: loss=2.74709
Epoch 168: loss=2.77282
Epoch 169: loss=2.75675
Epoch 170: loss=2.77403
Epoch 171: loss=2.75563
Epoch 172: loss=2.76207
Epoch 173: loss=2.77566
Epoch 174: loss=2.75400
Epoch 175: loss=2.75854
Epoch 176: loss=2.77531
Epoch 177: loss=2.77191
Epoch 178: loss=2.75886
Epoch 179: loss=2.78037
Epoch 180: loss=2.74773
Epoch 181: loss=2.76313
Epoch 182: loss=2.76369
Epoch 183: loss=2.76817
Epoch 184: loss=2.76366
Epoch 185: loss=2.75931
Epoch 186: loss=2.75862
Epoch 187: loss=2.75464
Epoch 188: loss=2.75439
Epoch 189: loss=2.76409
Epoch 190: loss=2.75605
Epoch 191: loss=2.77525
Epoch 192: loss=2.75624
Epoch 193: loss=2.76629
Epoch 194: loss=2.77912
Epoch 195: loss=2.75558
Epoch 196: loss=2.76322
Epoch 197: loss=2.75622
Epoch 198: loss=2.77050
Epoch 199: loss=2.75855
Epoch 200: loss=2.77888
Epoch 201: loss=2.74910
Epoch 202: loss=2.77514
Epoch 203: loss=2.75768
Epoch 204: loss=2.75864
Epoch 205: loss=2.76967
Epoch 206: loss=2.75050
Epoch 207: loss=2.75620
Epoch 208: loss=2.75856
Epoch 209: loss=2.75921
Epoch 210: loss=2.74965
Epoch 211: loss=2.77859
Epoch 212: loss=2.73302
Epoch 213: loss=2.75790
Epoch 214: loss=2.74828
Epoch 215: loss=2.75185
Epoch 216: loss=2.76507
Epoch 217: loss=2.78682
Epoch 218: loss=2.75852
Epoch 219: loss=2.73485
Epoch 220: loss=2.75268
Epoch 221: loss=2.76824
Epoch 222: loss=2.74468
Epoch 223: loss=2.75728
Epoch 224: loss=2.74668
Epoch 225: loss=2.76058
Epoch 226: loss=2.76322
Epoch 227: loss=2.77967
Epoch 228: loss=2.74731
Epoch 229: loss=2.76394
Epoch 230: loss=2.76200
Epoch 231: loss=2.74604
Epoch 232: loss=2.76820
Epoch 233: loss=2.76122
Epoch 234: loss=2.75480
Epoch 235: loss=2.75761
Epoch 236: loss=2.78133
Epoch 237: loss=2.77163
Epoch 238: loss=2.76107
Epoch 239: loss=2.75191
Epoch 240: loss=2.75327
Epoch 241: loss=2.76131
Epoch 242: loss=2.74658
Epoch 243: loss=2.76394
Epoch 244: loss=2.75236
Epoch 245: loss=2.76525
Epoch 246: loss=2.77051
Epoch 247: loss=2.76206
Epoch 248: loss=2.76957
Epoch 249: loss=2.77798
Epoch 250: loss=2.79525
Epoch 251: loss=2.76222
Epoch 252: loss=2.75413
Epoch 253: loss=2.75788
Epoch 254: loss=2.76107
Epoch 255: loss=2.76749
Epoch 256: loss=2.78199
Epoch 257: loss=2.76321
Epoch 258: loss=2.76250
Epoch 259: loss=2.76353
Epoch 260: loss=2.77042
Epoch 261: loss=2.76997
Epoch 262: loss=2.76120
Epoch 263: loss=2.76206
Epoch 264: loss=2.74105
Epoch 265: loss=2.75938
Epoch 266: loss=2.75635
Epoch 267: loss=2.76984
Epoch 268: loss=2.76467
Epoch 269: loss=2.76897
Epoch 270: loss=2.75001
Epoch 271: loss=2.75379
Epoch 272: loss=2.76080
Epoch 273: loss=2.75943
Epoch 274: loss=2.74578
Epoch 275: loss=2.75806
Epoch 276: loss=2.76050
Epoch 277: loss=2.76463
Epoch 278: loss=2.76325
Epoch 279: loss=2.75875
Epoch 280: loss=2.75657
Epoch 281: loss=2.77583
Epoch 282: loss=2.76531
Epoch 283: loss=2.75362
Epoch 284: loss=2.76437
Epoch 285: loss=2.77532
Epoch 286: loss=2.75660
Epoch 287: loss=2.77937
Epoch 288: loss=2.75916
Epoch 289: loss=2.78234
Epoch 290: loss=2.75740
Epoch 291: loss=2.77010
Epoch 292: loss=2.75484
Epoch 293: loss=2.77853
Epoch 294: loss=2.75513
Epoch 295: loss=2.76572
Epoch 296: loss=2.76597
Epoch 297: loss=2.77903
Epoch 298: loss=2.74276
Epoch 299: loss=2.74163
Epoch 300: loss=2.77721
Epoch 301: loss=2.77522
Epoch 302: loss=2.76444
Epoch 303: loss=2.76648
Epoch 304: loss=2.76843
Epoch 305: loss=2.76394
Epoch 306: loss=2.76414
Epoch 307: loss=2.75612
Epoch 308: loss=2.75926
Epoch 309: loss=2.74150
Epoch 310: loss=2.76610
Epoch 311: loss=2.75175
Epoch 312: loss=2.77907
Epoch 313: loss=2.76622
Epoch 314: loss=2.78364
Epoch 315: loss=2.77205
Epoch 316: loss=2.76865
Epoch 317: loss=2.75810
Epoch 318: loss=2.78152
Epoch 319: loss=2.74671
Epoch 320: loss=2.76491
Epoch 321: loss=2.77940
Epoch 322: loss=2.77726
Epoch 323: loss=2.77058
Epoch 324: loss=2.76553
Epoch 325: loss=2.75953
Epoch 326: loss=2.77604
Epoch 327: loss=2.75567
Epoch 328: loss=2.76634
Epoch 329: loss=2.77667
Epoch 330: loss=2.75917
Epoch 331: loss=2.77559
Epoch 332: loss=2.76886
Epoch 333: loss=2.76863
Epoch 334: loss=2.78031
Epoch 335: loss=2.75357
Epoch 336: loss=2.75260
Epoch 337: loss=2.75957
Epoch 338: loss=2.75106
Epoch 339: loss=2.75538
Epoch 340: loss=2.75691
Epoch 341: loss=2.75056
Epoch 342: loss=2.76879
Epoch 343: loss=2.78424
Epoch 344: loss=2.74856
Epoch 345: loss=2.76975
Epoch 346: loss=2.76700
Epoch 347: loss=2.77477
Epoch 348: loss=2.76530
Epoch 349: loss=2.77449
Epoch 350: loss=2.76552
Epoch 351: loss=2.77943
Epoch 352: loss=2.75685
Epoch 353: loss=2.77129
Epoch 354: loss=2.76860
Epoch 355: loss=2.77504
Epoch 356: loss=2.76685
Epoch 357: loss=2.76971
Epoch 358: loss=2.76964
Epoch 359: loss=2.77665
Epoch 360: loss=2.78699
Epoch 361: loss=2.76693
Epoch 362: loss=2.76111
Epoch 363: loss=2.76483
Epoch 364: loss=2.78567
Epoch 365: loss=2.76467
Epoch 366: loss=2.76352
Epoch 367: loss=2.78877
Epoch 368: loss=2.77843
Epoch 369: loss=2.77154
Epoch 370: loss=2.76458
Epoch 371: loss=2.75815
Epoch 372: loss=2.77183
Epoch 373: loss=2.77890
Epoch 374: loss=2.77990
Epoch 375: loss=2.76122
Epoch 376: loss=2.75821
Epoch 377: loss=2.77821
Epoch 378: loss=2.76367
Epoch 379: loss=2.77422
Epoch 380: loss=2.77419
Epoch 381: loss=2.76264
Epoch 382: loss=2.77614
Epoch 383: loss=2.75047
Epoch 384: loss=2.78014
Epoch 385: loss=2.77379
Epoch 386: loss=2.77462
Epoch 387: loss=2.76894
Epoch 388: loss=2.76890
Epoch 389: loss=2.76604
Epoch 390: loss=2.76371
Epoch 391: loss=2.77473
Epoch 392: loss=2.78704
Epoch 393: loss=2.74149
Epoch 394: loss=2.75360
Epoch 395: loss=2.78350
Epoch 396: loss=2.77041
Epoch 397: loss=2.76195
Epoch 398: loss=2.77779
Epoch 399: loss=2.76610
Epoch 400: loss=2.76681
Epoch 401: loss=2.76704
Epoch 402: loss=2.77035
Epoch 403: loss=2.75423
Epoch 404: loss=2.76974
Epoch 405: loss=2.76477
Epoch 406: loss=2.76466
Epoch 407: loss=2.76064
Epoch 408: loss=2.76097
Epoch 409: loss=2.76483
Epoch 410: loss=2.76357
Epoch 411: loss=2.76463
Epoch 412: loss=2.76522
Epoch 413: loss=2.77160
Epoch 414: loss=2.78564
Epoch 415: loss=2.76626
Epoch 416: loss=2.73238
Epoch 417: loss=2.74993
Epoch 418: loss=2.76555
Epoch 419: loss=2.76090
Epoch 420: loss=2.77513
Epoch 421: loss=2.76156
Epoch 422: loss=2.77291
Epoch 423: loss=2.76196
Epoch 424: loss=2.77025
Epoch 425: loss=2.74790
Epoch 426: loss=2.77663
Epoch 427: loss=2.76702
Epoch 428: loss=2.74622
Epoch 429: loss=2.75367
Epoch 430: loss=2.76246
Epoch 431: loss=2.77450
Epoch 432: loss=2.77853
Epoch 433: loss=2.76373
Epoch 434: loss=2.77039
Epoch 435: loss=2.76825
Epoch 436: loss=2.76295
Epoch 437: loss=2.74718
Epoch 438: loss=2.76076
Epoch 439: loss=2.76374
Epoch 440: loss=2.76125
Epoch 441: loss=2.75368
Epoch 442: loss=2.76282
Epoch 443: loss=2.77500
Epoch 444: loss=2.76132
Epoch 445: loss=2.76342
Epoch 446: loss=2.76540
Epoch 447: loss=2.75113
Epoch 448: loss=2.77437
Epoch 449: loss=2.76320
Epoch 450: loss=2.75917
Epoch 451: loss=2.76029
Epoch 452: loss=2.75021
Epoch 453: loss=2.76126
Epoch 454: loss=2.76143
Epoch 455: loss=2.75464
Epoch 456: loss=2.75607
Epoch 457: loss=2.76688
Epoch 458: loss=2.75420
Epoch 459: loss=2.76681
Epoch 460: loss=2.77292
Epoch 461: loss=2.78033
Epoch 462: loss=2.77961
Epoch 463: loss=2.74631
Epoch 464: loss=2.77992
Epoch 465: loss=2.77398
Epoch 466: loss=2.76063
Epoch 467: loss=2.77317
Epoch 468: loss=2.75793
Epoch 469: loss=2.75196
Epoch 470: loss=2.76066
Epoch 471: loss=2.75413
Epoch 472: loss=2.75940
Epoch 473: loss=2.75857
Epoch 474: loss=2.75263
Epoch 475: loss=2.74988
Epoch 476: loss=2.73770
Epoch 477: loss=2.76582
Epoch 478: loss=2.77351
Epoch 479: loss=2.76017
Epoch 480: loss=2.75713
Epoch 481: loss=2.74191
Epoch 482: loss=2.77282
Epoch 483: loss=2.78088
Epoch 484: loss=2.75641
Epoch 485: loss=2.76884
Epoch 486: loss=2.76711
Epoch 487: loss=2.77776
Epoch 488: loss=2.76395
Epoch 489: loss=2.76757
Epoch 490: loss=2.76301
Epoch 491: loss=2.77234
Epoch 492: loss=2.76706
Epoch 493: loss=2.75145
Epoch 494: loss=2.76593
Epoch 495: loss=2.77408
Epoch 496: loss=2.77236
Epoch 497: loss=2.77889
Epoch 498: loss=2.77271
Epoch 499: loss=2.74626
Epoch 500: loss=2.77895
Epoch 501: loss=2.75457
Epoch 502: loss=2.76255
Epoch 503: loss=2.76606
Epoch 504: loss=2.77271
Epoch 505: loss=2.76139
Epoch 506: loss=2.74065
Epoch 507: loss=2.75571
Epoch 508: loss=2.76977
Epoch 509: loss=2.74838
Epoch 510: loss=2.78038
Epoch 511: loss=2.77763
Epoch 512: loss=2.76453
Epoch 513: loss=2.75316
Epoch 514: loss=2.75067
Epoch 515: loss=2.76616
Epoch 516: loss=2.77403
Epoch 517: loss=2.76866
Epoch 518: loss=2.77797
Epoch 519: loss=2.75971
Epoch 520: loss=2.79631
Epoch 521: loss=2.78531
Epoch 522: loss=2.78406
Epoch 523: loss=2.76276
Epoch 524: loss=2.75250
Epoch 525: loss=2.77204
Epoch 526: loss=2.75717
Epoch 527: loss=2.77139
Epoch 528: loss=2.75197
Epoch 529: loss=2.75101
Epoch 530: loss=2.77652
Epoch 531: loss=2.77183
Epoch 532: loss=2.77383
Epoch 533: loss=2.76242
Epoch 534: loss=2.74751
Epoch 535: loss=2.75981
Epoch 536: loss=2.74963
Epoch 537: loss=2.75064
Epoch 538: loss=2.76003
Epoch 539: loss=2.76888
Epoch 540: loss=2.76579
Epoch 541: loss=2.76469
Epoch 542: loss=2.75436
Epoch 543: loss=2.77904
Epoch 544: loss=2.75127
Epoch 545: loss=2.75420
Epoch 546: loss=2.74716
Epoch 547: loss=2.76216
Epoch 548: loss=2.74668
Epoch 549: loss=2.76957
Epoch 550: loss=2.75792
Epoch 551: loss=2.74515
Epoch 552: loss=2.74396
Epoch 553: loss=2.75374
Epoch 554: loss=2.75321
Epoch 555: loss=2.76200
Epoch 556: loss=2.77423
Epoch 557: loss=2.77818
Epoch 558: loss=2.73768
Epoch 559: loss=2.76334
Epoch 560: loss=2.75984
Epoch 561: loss=2.73583
Epoch 562: loss=2.76035
Epoch 563: loss=2.74735
Epoch 564: loss=2.75666
Epoch 565: loss=2.75278
Epoch 566: loss=2.76953
Epoch 567: loss=2.76333
Epoch 568: loss=2.74967
Epoch 569: loss=2.73935
Epoch 570: loss=2.74907
Epoch 571: loss=2.78503
Epoch 572: loss=2.75848
Epoch 573: loss=2.77162
Epoch 574: loss=2.75742
Epoch 575: loss=2.76868
Epoch 576: loss=2.76152
Epoch 577: loss=2.75922
Epoch 578: loss=2.76040
Epoch 579: loss=2.75106
Epoch 580: loss=2.74690
Epoch 581: loss=2.74503
Epoch 582: loss=2.74009
Epoch 583: loss=2.75917
Epoch 584: loss=2.77074
Epoch 585: loss=2.76704
Epoch 586: loss=2.75558
Epoch 587: loss=2.76656
Epoch 588: loss=2.76055
Epoch 589: loss=2.77371
Epoch 590: loss=2.79102
Epoch 591: loss=2.77886
Epoch 592: loss=2.75630
Epoch 593: loss=2.76302
Epoch 594: loss=2.74801
Epoch 595: loss=2.77565
Epoch 596: loss=2.75544
Epoch 597: loss=2.76999
Epoch 598: loss=2.75535
Epoch 599: loss=2.77039
Epoch 600: loss=2.76784
Epoch 601: loss=2.77262
Epoch 602: loss=2.76093
Epoch 603: loss=2.76658
Epoch 604: loss=2.79185
Epoch 605: loss=2.77646
Epoch 606: loss=2.78058
Epoch 607: loss=2.76660
Epoch 608: loss=2.75053
Epoch 609: loss=2.75620
Epoch 610: loss=2.73954
Epoch 611: loss=2.77065
Epoch 612: loss=2.76921
Epoch 613: loss=2.75000
Epoch 614: loss=2.75597
Epoch 615: loss=2.77276
Epoch 616: loss=2.75591
Epoch 617: loss=2.77044
Epoch 618: loss=2.75304
Epoch 619: loss=2.75224
Epoch 620: loss=2.77131
Epoch 621: loss=2.76925
Epoch 622: loss=2.75132
Epoch 623: loss=2.77735
Epoch 624: loss=2.75979
Epoch 625: loss=2.76962
Epoch 626: loss=2.76396
Epoch 627: loss=2.75424
Epoch 628: loss=2.74543
Epoch 629: loss=2.77487
Epoch 630: loss=2.75400
Epoch 631: loss=2.76475
Epoch 632: loss=2.76329
Epoch 633: loss=2.76129
Epoch 634: loss=2.74496
Epoch 635: loss=2.75198
Epoch 636: loss=2.76573
Epoch 637: loss=2.78012
Epoch 638: loss=2.76294
Epoch 639: loss=2.75749
Epoch 640: loss=2.75736
Epoch 641: loss=2.77493
Epoch 642: loss=2.75023
Epoch 643: loss=2.74315
Epoch 644: loss=2.75692
Epoch 645: loss=2.75703
Epoch 646: loss=2.74930
Epoch 647: loss=2.76015
Epoch 648: loss=2.71598
Epoch 649: loss=2.75791
Epoch 650: loss=2.73957
Epoch 651: loss=2.75174
Epoch 652: loss=2.77892
Epoch 653: loss=2.74788
Epoch 654: loss=2.75782
Epoch 655: loss=2.76870
Epoch 656: loss=2.74381
Epoch 657: loss=2.75828
Epoch 658: loss=2.76046
Epoch 659: loss=2.77208
Epoch 660: loss=2.76283
Epoch 661: loss=2.75392
Epoch 662: loss=2.75042
Epoch 663: loss=2.75342
Epoch 664: loss=2.74478
Epoch 665: loss=2.74554
Epoch 666: loss=2.75579
Epoch 667: loss=2.76725
Epoch 668: loss=2.76174
Epoch 669: loss=2.74091
Epoch 670: loss=2.75185
Epoch 671: loss=2.74843
Epoch 672: loss=2.76199
Epoch 673: loss=2.76395
Epoch 674: loss=2.74432
Epoch 675: loss=2.74981
Epoch 676: loss=2.74356
Epoch 677: loss=2.76382
Epoch 678: loss=2.74798
Epoch 679: loss=2.76473
Epoch 680: loss=2.76042
Epoch 681: loss=2.75134
Epoch 682: loss=2.77196
Epoch 683: loss=2.75701
Epoch 684: loss=2.75262
Epoch 685: loss=2.73858
Epoch 686: loss=2.73668
Epoch 687: loss=2.74863
Epoch 688: loss=2.74937
Epoch 689: loss=2.77013
Epoch 690: loss=2.75906
Epoch 691: loss=2.73773
Epoch 692: loss=2.75719
Epoch 693: loss=2.74973
Epoch 694: loss=2.73853
Epoch 695: loss=2.76319
Epoch 696: loss=2.75271
Epoch 697: loss=2.75462
Epoch 698: loss=2.74226
Epoch 699: loss=2.74228
Epoch 700: loss=2.75957
Epoch 701: loss=2.73189
Epoch 702: loss=2.75127
Epoch 703: loss=2.74714
Epoch 704: loss=2.73287
Epoch 705: loss=2.75312
Epoch 706: loss=2.74287
Epoch 707: loss=2.74465
Epoch 708: loss=2.75794
Epoch 709: loss=2.73256
Epoch 710: loss=2.74629
Epoch 711: loss=2.73173
Epoch 712: loss=2.75541
Epoch 713: loss=2.74348
Epoch 714: loss=2.74714
Epoch 715: loss=2.73788
Epoch 716: loss=2.74449
Epoch 717: loss=2.72918
Epoch 718: loss=2.73669
Epoch 719: loss=2.73791
Epoch 720: loss=2.75205
Epoch 721: loss=2.73702
Epoch 722: loss=2.74683
Epoch 723: loss=2.75353
Epoch 724: loss=2.75175
Epoch 725: loss=2.73989
Epoch 726: loss=2.75172
Epoch 727: loss=2.75822
Epoch 728: loss=2.74223
Epoch 729: loss=2.73228
Epoch 730: loss=2.75784
Epoch 731: loss=2.75578
Epoch 732: loss=2.74308
Epoch 733: loss=2.76185
Epoch 734: loss=2.74104
Epoch 735: loss=2.76311
Epoch 736: loss=2.74778
Epoch 737: loss=2.72459
Epoch 738: loss=2.74911
Epoch 739: loss=2.74318
Epoch 740: loss=2.72050
Epoch 741: loss=2.74312
Epoch 742: loss=2.73989
Epoch 743: loss=2.73881
Epoch 744: loss=2.75750
Epoch 745: loss=2.75563
Epoch 746: loss=2.75184
Epoch 747: loss=2.72668
Epoch 748: loss=2.76293
Epoch 749: loss=2.73913
Epoch 750: loss=2.73814
Epoch 751: loss=2.75346
Epoch 752: loss=2.74634
Epoch 753: loss=2.74594
Epoch 754: loss=2.75410
Epoch 755: loss=2.76007
Epoch 756: loss=2.74258
Epoch 757: loss=2.75451
Epoch 758: loss=2.74898
Epoch 759: loss=2.73943
Epoch 760: loss=2.74298
Epoch 761: loss=2.73171
Epoch 762: loss=2.73701
Epoch 763: loss=2.74734
Epoch 764: loss=2.76111
Epoch 765: loss=2.72847
Epoch 766: loss=2.75227
Epoch 767: loss=2.74910
Epoch 768: loss=2.76214
Epoch 769: loss=2.73680
Epoch 770: loss=2.73803
Epoch 771: loss=2.74030
Epoch 772: loss=2.75080
Epoch 773: loss=2.75293
Epoch 774: loss=2.73804
Epoch 775: loss=2.73224
Epoch 776: loss=2.75878
Epoch 777: loss=2.76902
Epoch 778: loss=2.73175
Epoch 779: loss=2.74568
Epoch 780: loss=2.73395
Epoch 781: loss=2.74854
Epoch 782: loss=2.73912
Epoch 783: loss=2.74188
Epoch 784: loss=2.74190
Epoch 785: loss=2.73899
Epoch 786: loss=2.72693
Epoch 787: loss=2.74752
Epoch 788: loss=2.75089
Epoch 789: loss=2.75542
Epoch 790: loss=2.72749
Epoch 791: loss=2.74846
Epoch 792: loss=2.74069
Epoch 793: loss=2.76425
Epoch 794: loss=2.75289
Epoch 795: loss=2.73026
Epoch 796: loss=2.74544
Epoch 797: loss=2.75752
Epoch 798: loss=2.73886
Epoch 799: loss=2.75236
Epoch 800: loss=2.76006
Epoch 801: loss=2.75567
Epoch 802: loss=2.73322
Epoch 803: loss=2.73374
Epoch 804: loss=2.74883
Epoch 805: loss=2.75597
Epoch 806: loss=2.75641
Epoch 807: loss=2.74065
Epoch 808: loss=2.73934
Epoch 809: loss=2.76271
Epoch 810: loss=2.75468
Epoch 811: loss=2.75016
Epoch 812: loss=2.75802
Epoch 813: loss=2.73200
Epoch 814: loss=2.74367
Epoch 815: loss=2.74345
Epoch 816: loss=2.72971
Epoch 817: loss=2.76214
Epoch 818: loss=2.73233
Epoch 819: loss=2.73376
Epoch 820: loss=2.73481
Epoch 821: loss=2.73618
Epoch 822: loss=2.74634
Epoch 823: loss=2.75620
Epoch 824: loss=2.75626
Epoch 825: loss=2.74675
Epoch 826: loss=2.73713
Epoch 827: loss=2.75271
Epoch 828: loss=2.74248
Epoch 829: loss=2.73995
Epoch 830: loss=2.74950
Epoch 831: loss=2.73933
Epoch 832: loss=2.73203
Epoch 833: loss=2.73818
Epoch 834: loss=2.73716
Epoch 835: loss=2.75555
Epoch 836: loss=2.75019
Epoch 837: loss=2.73639
Epoch 838: loss=2.74973
Epoch 839: loss=2.74130
Epoch 840: loss=2.75138
Epoch 841: loss=2.72697
Epoch 842: loss=2.72068
Epoch 843: loss=2.73089
Epoch 844: loss=2.75931
Epoch 845: loss=2.73323
Epoch 846: loss=2.76417
Epoch 847: loss=2.75633
Epoch 848: loss=2.76057
Epoch 849: loss=2.73211
Epoch 850: loss=2.73916
Epoch 851: loss=2.76078
Epoch 852: loss=2.74447
Epoch 853: loss=2.74838
Epoch 854: loss=2.74978
Epoch 855: loss=2.75216
Epoch 856: loss=2.74337
Epoch 857: loss=2.74456
Epoch 858: loss=2.74416
Epoch 859: loss=2.74245
Epoch 860: loss=2.74023
Epoch 861: loss=2.73198
Epoch 862: loss=2.76392
Epoch 863: loss=2.73584
Epoch 864: loss=2.73751
Epoch 865: loss=2.74513
Epoch 866: loss=2.72722
Epoch 867: loss=2.73630
Epoch 868: loss=2.74116
Epoch 869: loss=2.75423
Epoch 870: loss=2.73706
Epoch 871: loss=2.74676
Epoch 872: loss=2.75532
Epoch 873: loss=2.74410
Epoch 874: loss=2.73780
Epoch 875: loss=2.72967
Epoch 876: loss=2.74574
Epoch 877: loss=2.74163
Epoch 878: loss=2.73914
Epoch 879: loss=2.73102
Epoch 880: loss=2.75651
Epoch 881: loss=2.75924
Epoch 882: loss=2.72507
Epoch 883: loss=2.75616
Epoch 884: loss=2.74909
Epoch 885: loss=2.73635
Epoch 886: loss=2.73459
Epoch 887: loss=2.76119
Epoch 888: loss=2.75328
Epoch 889: loss=2.72186
Epoch 890: loss=2.74886
Epoch 891: loss=2.73827
Epoch 892: loss=2.71728
Epoch 893: loss=2.74757
Epoch 894: loss=2.74297
Epoch 895: loss=2.73602
Epoch 896: loss=2.72816
Epoch 897: loss=2.72590
Epoch 898: loss=2.74375
Epoch 899: loss=2.74612
Epoch 900: loss=2.73922
Epoch 901: loss=2.73536
Epoch 902: loss=2.75968
Epoch 903: loss=2.75096
Epoch 904: loss=2.73205
Epoch 905: loss=2.74660
Epoch 906: loss=2.75744
Epoch 907: loss=2.75349
Epoch 908: loss=2.73036
Epoch 909: loss=2.74276
Epoch 910: loss=2.73818
Epoch 911: loss=2.74968
Epoch 912: loss=2.73909
Epoch 913: loss=2.76695
Epoch 914: loss=2.74879
Epoch 915: loss=2.74639
Epoch 916: loss=2.74506
Epoch 917: loss=2.74270
Epoch 918: loss=2.71939
Epoch 919: loss=2.73052
Epoch 920: loss=2.74927
Epoch 921: loss=2.72382
Epoch 922: loss=2.73174
Epoch 923: loss=2.76723
Epoch 924: loss=2.75419
Epoch 925: loss=2.75035
Epoch 926: loss=2.74281
Epoch 927: loss=2.74897
Epoch 928: loss=2.75662
Epoch 929: loss=2.76360
Epoch 930: loss=2.72068
Epoch 931: loss=2.74400
Epoch 932: loss=2.75005
Epoch 933: loss=2.73511
Epoch 934: loss=2.74027
Epoch 935: loss=2.72911
Epoch 936: loss=2.74565
Epoch 937: loss=2.73347
Epoch 938: loss=2.73193
Epoch 939: loss=2.74308
Epoch 940: loss=2.75263
Epoch 941: loss=2.74205
Epoch 942: loss=2.74813
Epoch 943: loss=2.73584
Epoch 944: loss=2.74275
Epoch 945: loss=2.74020
Epoch 946: loss=2.73902
Epoch 947: loss=2.75170
Epoch 948: loss=2.74446
Epoch 949: loss=2.73523
Epoch 950: loss=2.74471
Epoch 951: loss=2.74792
Epoch 952: loss=2.73190
Epoch 953: loss=2.73820
Epoch 954: loss=2.74301
Epoch 955: loss=2.74646
Epoch 956: loss=2.73167
Epoch 957: loss=2.72855
Epoch 958: loss=2.75739
Epoch 959: loss=2.73026
Epoch 960: loss=2.73339
Epoch 961: loss=2.72656
Epoch 962: loss=2.74192
Epoch 963: loss=2.75290
Epoch 964: loss=2.73826
Epoch 965: loss=2.72608
Epoch 966: loss=2.74591
Epoch 967: loss=2.75414
Epoch 968: loss=2.74323
Epoch 969: loss=2.75651
Epoch 970: loss=2.75150
Epoch 971: loss=2.78481
Epoch 972: loss=2.73037
Epoch 973: loss=2.74526
Epoch 974: loss=2.73674
Epoch 975: loss=2.76300
Epoch 976: loss=2.75238
Epoch 977: loss=2.75288
Epoch 978: loss=2.73844
Epoch 979: loss=2.74170
Epoch 980: loss=2.75069
Epoch 981: loss=2.74596
Epoch 982: loss=2.74266
Epoch 983: loss=2.74251
Epoch 984: loss=2.75332
Epoch 985: loss=2.74247
Epoch 986: loss=2.74838
Epoch 987: loss=2.73687
Epoch 988: loss=2.72777
Epoch 989: loss=2.73617
Epoch 990: loss=2.74425
Epoch 991: loss=2.75494
Epoch 992: loss=2.75618
Epoch 993: loss=2.74160
Epoch 994: loss=2.74101
Epoch 995: loss=2.74148
Epoch 996: loss=2.74120
Epoch 997: loss=2.73398
Epoch 998: loss=2.76846
Epoch 999: loss=2.74828
Epoch 1000: loss=2.74687
Epoch 1001: loss=2.75544
Epoch 1002: loss=2.74498
Epoch 1003: loss=2.74665
Epoch 1004: loss=2.74151
Epoch 1005: loss=2.74428
Epoch 1006: loss=2.75811
Epoch 1007: loss=2.75652
Epoch 1008: loss=2.73407
Epoch 1009: loss=2.73850
Epoch 1010: loss=2.74799
Epoch 1011: loss=2.76842
Epoch 1012: loss=2.74459
Epoch 1013: loss=2.73439
Epoch 1014: loss=2.74804
Epoch 1015: loss=2.74919
Epoch 1016: loss=2.74141
Epoch 1017: loss=2.73027
Epoch 1018: loss=2.74914
Epoch 1019: loss=2.75502
Epoch 1020: loss=2.74977
Epoch 1021: loss=2.77060
Epoch 1022: loss=2.75473
Epoch 1023: loss=2.74286
Epoch 1024: loss=2.73930
Epoch 1025: loss=2.76034
Epoch 1026: loss=2.74765
Epoch 1027: loss=2.74551
Epoch 1028: loss=2.74269
Epoch 1029: loss=2.75412
Epoch 1030: loss=2.73794
Epoch 1031: loss=2.73333
Epoch 1032: loss=2.75447
Epoch 1033: loss=2.76544
Epoch 1034: loss=2.76862
Epoch 1035: loss=2.76831
Epoch 1036: loss=2.75173
Epoch 1037: loss=2.74334
Epoch 1038: loss=2.74179
Epoch 1039: loss=2.74648
Epoch 1040: loss=2.74704
Epoch 1041: loss=2.73120
Epoch 1042: loss=2.76396
Epoch 1043: loss=2.76510
Epoch 1044: loss=2.76599
Epoch 1045: loss=2.76506
Epoch 1046: loss=2.75940
Epoch 1047: loss=2.74189
Epoch 1048: loss=2.76938
Epoch 1049: loss=2.75545
Epoch 1050: loss=2.73750
Epoch 1051: loss=2.73420
Epoch 1052: loss=2.75036
Epoch 1053: loss=2.74809
Epoch 1054: loss=2.72817
Epoch 1055: loss=2.74199
Epoch 1056: loss=2.72874
Epoch 1057: loss=2.74574
Epoch 1058: loss=2.75271
Epoch 1059: loss=2.76298
Epoch 1060: loss=2.77889
Epoch 1061: loss=2.75213
Epoch 1062: loss=2.74659
Epoch 1063: loss=2.72964
Epoch 1064: loss=2.74111
Epoch 1065: loss=2.75030
Epoch 1066: loss=2.76017
Epoch 1067: loss=2.74630
Epoch 1068: loss=2.75788
Epoch 1069: loss=2.75707
Epoch 1070: loss=2.74094
Epoch 1071: loss=2.73658
Epoch 1072: loss=2.74878
Epoch 1073: loss=2.74817
Epoch 1074: loss=2.74488
Epoch 1075: loss=2.76257
Epoch 1076: loss=2.74784
Epoch 1077: loss=2.75856
Epoch 1078: loss=2.75555
Epoch 1079: loss=2.74624
Epoch 1080: loss=2.76581
Epoch 1081: loss=2.73524
Epoch 1082: loss=2.77425
Epoch 1083: loss=2.75873
Epoch 1084: loss=2.75081
Epoch 1085: loss=2.77096
Epoch 1086: loss=2.74885
Epoch 1087: loss=2.74567
Epoch 1088: loss=2.77546
Epoch 1089: loss=2.74115
Epoch 1090: loss=2.74815
Epoch 1091: loss=2.75425
Epoch 1092: loss=2.78444
Epoch 1093: loss=2.75440
Epoch 1094: loss=2.74705
Epoch 1095: loss=2.75245
Epoch 1096: loss=2.74612
Epoch 1097: loss=2.72399
Epoch 1098: loss=2.74326
Epoch 1099: loss=2.75950
Epoch 1100: loss=2.75273
Epoch 1101: loss=2.74146
Epoch 1102: loss=2.75232
Epoch 1103: loss=2.74402
Epoch 1104: loss=2.73626
Epoch 1105: loss=2.74380
Epoch 1106: loss=2.74018
Epoch 1107: loss=2.73823
Epoch 1108: loss=2.73891
Epoch 1109: loss=2.74261
Epoch 1110: loss=2.76868
Epoch 1111: loss=2.74709
Epoch 1112: loss=2.75015
Epoch 1113: loss=2.75156
Epoch 1114: loss=2.74973
Epoch 1115: loss=2.76099
Epoch 1116: loss=2.73086
Epoch 1117: loss=2.74115
Epoch 1118: loss=2.76445
Epoch 1119: loss=2.75061
Epoch 1120: loss=2.75751
Epoch 1121: loss=2.74021
Epoch 1122: loss=2.75296
Epoch 1123: loss=2.76700
Epoch 1124: loss=2.77196
Epoch 1125: loss=2.74840
Epoch 1126: loss=2.74932
Epoch 1127: loss=2.76409
Epoch 1128: loss=2.73806
Epoch 1129: loss=2.75116
Epoch 1130: loss=2.75382
Epoch 1131: loss=2.75980
Epoch 1132: loss=2.75522
Epoch 1133: loss=2.75686
Epoch 1134: loss=2.76769
Epoch 1135: loss=2.75758
Epoch 1136: loss=2.77219
Epoch 1137: loss=2.75517
Epoch 1138: loss=2.75767
Epoch 1139: loss=2.74509
Epoch 1140: loss=2.78072
Epoch 1141: loss=2.75688
Epoch 1142: loss=2.74000
Epoch 1143: loss=2.74534
Epoch 1144: loss=2.73904
Epoch 1145: loss=2.74651
Epoch 1146: loss=2.76002
Epoch 1147: loss=2.74170
Epoch 1148: loss=2.75575
Epoch 1149: loss=2.73228
Epoch 1150: loss=2.74832
Epoch 1151: loss=2.76274
Epoch 1152: loss=2.76732
Epoch 1153: loss=2.73200
Epoch 1154: loss=2.76939
Epoch 1155: loss=2.75257
Epoch 1156: loss=2.75512
Epoch 1157: loss=2.75261
Epoch 1158: loss=2.75380
Epoch 1159: loss=2.73721
Epoch 1160: loss=2.75093
Epoch 1161: loss=2.77330
Epoch 1162: loss=2.74695
Epoch 1163: loss=2.77277
Epoch 1164: loss=2.74971
Epoch 1165: loss=2.75945
Epoch 1166: loss=2.72875
Epoch 1167: loss=2.76544
Epoch 1168: loss=2.76045
Epoch 1169: loss=2.75420
Epoch 1170: loss=2.74720
Epoch 1171: loss=2.74625
Epoch 1172: loss=2.75158
Epoch 1173: loss=2.75716
Epoch 1174: loss=2.76757
Epoch 1175: loss=2.76656
Epoch 1176: loss=2.74781
Epoch 1177: loss=2.73880
Epoch 1178: loss=2.72862
Epoch 1179: loss=2.75364
Epoch 1180: loss=2.74669
Epoch 1181: loss=2.75177
Epoch 1182: loss=2.73554
Epoch 1183: loss=2.74789
Epoch 1184: loss=2.74708
Epoch 1185: loss=2.75838
Epoch 1186: loss=2.78978
Epoch 1187: loss=2.75877
Epoch 1188: loss=2.75207
Epoch 1189: loss=2.75206
Epoch 1190: loss=2.75795
Epoch 1191: loss=2.74878
Epoch 1192: loss=2.75804
Epoch 1193: loss=2.74223
Epoch 1194: loss=2.76595
Epoch 1195: loss=2.74748
Epoch 1196: loss=2.74023
Epoch 1197: loss=2.73108
Epoch 1198: loss=2.76275
Epoch 1199: loss=2.75953
Epoch 1200: loss=2.74659
Epoch 1201: loss=2.75901
Epoch 1202: loss=2.75816
Epoch 1203: loss=2.75415
Epoch 1204: loss=2.75627
Epoch 1205: loss=2.76358
Epoch 1206: loss=2.75899
Epoch 1207: loss=2.77503
Epoch 1208: loss=2.76830
Epoch 1209: loss=2.74559
Epoch 1210: loss=2.75534
Epoch 1211: loss=2.73580
Epoch 1212: loss=2.74651
Epoch 1213: loss=2.75867
Epoch 1214: loss=2.75346
Epoch 1215: loss=2.75092
Epoch 1216: loss=2.74935
Epoch 1217: loss=2.74965
Epoch 1218: loss=2.72987
Epoch 1219: loss=2.75745
Epoch 1220: loss=2.74197
Epoch 1221: loss=2.75589
Epoch 1222: loss=2.74398
Epoch 1223: loss=2.73325
Epoch 1224: loss=2.75614
Epoch 1225: loss=2.76179
Epoch 1226: loss=2.74112
Epoch 1227: loss=2.75114
Epoch 1228: loss=2.74842
Epoch 1229: loss=2.76934
Epoch 1230: loss=2.77426
Epoch 1231: loss=2.74658
Epoch 1232: loss=2.73827
Epoch 1233: loss=2.78258
Epoch 1234: loss=2.76718
Epoch 1235: loss=2.73896
Epoch 1236: loss=2.76926
Epoch 1237: loss=2.74236
Epoch 1238: loss=2.75766
Epoch 1239: loss=2.76159
Epoch 1240: loss=2.74818
Epoch 1241: loss=2.75139
Epoch 1242: loss=2.74849
Epoch 1243: loss=2.73824
Epoch 1244: loss=2.76767
Epoch 1245: loss=2.73829
Epoch 1246: loss=2.73450
Epoch 1247: loss=2.74518
Epoch 1248: loss=2.76192
Epoch 1249: loss=2.74862
Epoch 1250: loss=2.76738
Epoch 1251: loss=2.75032
Epoch 1252: loss=2.73945
Epoch 1253: loss=2.75180
Epoch 1254: loss=2.76982
Epoch 1255: loss=2.77252
Epoch 1256: loss=2.74275
Epoch 1257: loss=2.75150
Epoch 1258: loss=2.74700
Epoch 1259: loss=2.77001
Epoch 1260: loss=2.74763
Epoch 1261: loss=2.76448
Epoch 1262: loss=2.75099
Epoch 1263: loss=2.75622
Epoch 1264: loss=2.75904
Epoch 1265: loss=2.76386
Epoch 1266: loss=2.74937
Epoch 1267: loss=2.73355
Epoch 1268: loss=2.73892
Epoch 1269: loss=2.74400
Epoch 1270: loss=2.73853
Epoch 1271: loss=2.74283
Epoch 1272: loss=2.75650
Epoch 1273: loss=2.74412
Epoch 1274: loss=2.75680
Epoch 1275: loss=2.73705
Epoch 1276: loss=2.75329
Epoch 1277: loss=2.75769
Epoch 1278: loss=2.75812
Epoch 1279: loss=2.74723
Epoch 1280: loss=2.74123
Epoch 1281: loss=2.74821
Epoch 1282: loss=2.75527
Epoch 1283: loss=2.76927
Epoch 1284: loss=2.76239
Epoch 1285: loss=2.76042
Epoch 1286: loss=2.73726
Epoch 1287: loss=2.73963
Epoch 1288: loss=2.75994
Epoch 1289: loss=2.75797
Epoch 1290: loss=2.75123
Epoch 1291: loss=2.75799
Epoch 1292: loss=2.75459
Epoch 1293: loss=2.75983
Epoch 1294: loss=2.73788
Epoch 1295: loss=2.74835
Epoch 1296: loss=2.74775
Epoch 1297: loss=2.76394
Epoch 1298: loss=2.78255
Epoch 1299: loss=2.77738
Epoch 1300: loss=2.74406
Epoch 1301: loss=2.75715
Epoch 1302: loss=2.75946
Epoch 1303: loss=2.77510
Epoch 1304: loss=2.76207
Epoch 1305: loss=2.74042
Epoch 1306: loss=2.74444
Epoch 1307: loss=2.76531
Epoch 1308: loss=2.75732
Epoch 1309: loss=2.73919
Epoch 1310: loss=2.75511
Epoch 1311: loss=2.74003
Epoch 1312: loss=2.74884
Epoch 1313: loss=2.75951
Epoch 1314: loss=2.76512
Epoch 1315: loss=2.74468
Epoch 1316: loss=2.74329
Epoch 1317: loss=2.75745
Epoch 1318: loss=2.74932
Epoch 1319: loss=2.73634
Epoch 1320: loss=2.75329
Epoch 1321: loss=2.75431
Epoch 1322: loss=2.74769
Epoch 1323: loss=2.75285
Epoch 1324: loss=2.74695
Epoch 1325: loss=2.76335
Epoch 1326: loss=2.75930
Epoch 1327: loss=2.74714
Epoch 1328: loss=2.74530
Epoch 1329: loss=2.74160
Epoch 1330: loss=2.77643
Epoch 1331: loss=2.75652
Epoch 1332: loss=2.75179
Epoch 1333: loss=2.75274
Epoch 1334: loss=2.75453
Epoch 1335: loss=2.74115
Epoch 1336: loss=2.73017
Epoch 1337: loss=2.74943
Epoch 1338: loss=2.75143
Epoch 1339: loss=2.75649
Epoch 1340: loss=2.74402
Epoch 1341: loss=2.76980
Epoch 1342: loss=2.76843
Epoch 1343: loss=2.73636
Epoch 1344: loss=2.75651
Epoch 1345: loss=2.74511
Epoch 1346: loss=2.75093
Epoch 1347: loss=2.77255
Epoch 1348: loss=2.75332
Epoch 1349: loss=2.75793
Epoch 1350: loss=2.78004
Epoch 1351: loss=2.76360
Epoch 1352: loss=2.75101
Epoch 1353: loss=2.75396
Epoch 1354: loss=2.74058
Epoch 1355: loss=2.75581
Epoch 1356: loss=2.76297
Epoch 1357: loss=2.75438
Epoch 1358: loss=2.75106
Epoch 1359: loss=2.76319
Epoch 1360: loss=2.74980
Epoch 1361: loss=2.76588
Epoch 1362: loss=2.73078
Epoch 1363: loss=2.75315
Epoch 1364: loss=2.76612
Epoch 1365: loss=2.75825
Epoch 1366: loss=2.75500
Epoch 1367: loss=2.76736
Epoch 1368: loss=2.77222
Epoch 1369: loss=2.75369
Epoch 1370: loss=2.74900
Epoch 1371: loss=2.74911
Epoch 1372: loss=2.74770
Epoch 1373: loss=2.75548
Epoch 1374: loss=2.76719
Epoch 1375: loss=2.76677
Epoch 1376: loss=2.76551
Epoch 1377: loss=2.77844
Epoch 1378: loss=2.74892
Epoch 1379: loss=2.73213
Epoch 1380: loss=2.76735
Epoch 1381: loss=2.75906
Epoch 1382: loss=2.75660
Epoch 1383: loss=2.74590
Epoch 1384: loss=2.77620
Epoch 1385: loss=2.75161
Epoch 1386: loss=2.74038
Epoch 1387: loss=2.75427
Epoch 1388: loss=2.76343
Epoch 1389: loss=2.75880
Epoch 1390: loss=2.75773
Epoch 1391: loss=2.76296
Epoch 1392: loss=2.76467
Epoch 1393: loss=2.72910
Epoch 1394: loss=2.76553
Epoch 1395: loss=2.74836
Epoch 1396: loss=2.74429
Epoch 1397: loss=2.75785
Epoch 1398: loss=2.75652
Epoch 1399: loss=2.76654
Epoch 1400: loss=2.76322
Epoch 1401: loss=2.75920
Epoch 1402: loss=2.77443
Epoch 1403: loss=2.74531
Epoch 1404: loss=2.74963
Epoch 1405: loss=2.78470
Epoch 1406: loss=2.77592
Epoch 1407: loss=2.76674
Epoch 1408: loss=2.74672
Epoch 1409: loss=2.76256
Epoch 1410: loss=2.76362
Epoch 1411: loss=2.76566
Epoch 1412: loss=2.75181
Epoch 1413: loss=2.75480
Epoch 1414: loss=2.77371
Epoch 1415: loss=2.78672
Epoch 1416: loss=2.72816
Epoch 1417: loss=2.75813
Epoch 1418: loss=2.75977
Epoch 1419: loss=2.75782
Epoch 1420: loss=2.75639
Epoch 1421: loss=2.73050
Epoch 1422: loss=2.75971
Epoch 1423: loss=2.74771
Epoch 1424: loss=2.76158
Epoch 1425: loss=2.77664
Epoch 1426: loss=2.76323
Epoch 1427: loss=2.78408
Epoch 1428: loss=2.77954
Epoch 1429: loss=2.75157
Epoch 1430: loss=2.74575
Epoch 1431: loss=2.75667
Epoch 1432: loss=2.74749
Epoch 1433: loss=2.76055
Epoch 1434: loss=2.77867
Epoch 1435: loss=2.76262
Epoch 1436: loss=2.72583
Epoch 1437: loss=2.74133
Epoch 1438: loss=2.76416
Epoch 1439: loss=2.75974
Epoch 1440: loss=2.78039
Epoch 1441: loss=2.76420
Epoch 1442: loss=2.74731
Epoch 1443: loss=2.76278
Epoch 1444: loss=2.75864
Epoch 1445: loss=2.76955
Epoch 1446: loss=2.76732
Epoch 1447: loss=2.75340
Epoch 1448: loss=2.75048
Epoch 1449: loss=2.76261
Epoch 1450: loss=2.76221
Epoch 1451: loss=2.77217
Epoch 1452: loss=2.75150
Epoch 1453: loss=2.76786
Epoch 1454: loss=2.77072
Epoch 1455: loss=2.76750
Epoch 1456: loss=2.74639
Epoch 1457: loss=2.76382
Epoch 1458: loss=2.75666
Epoch 1459: loss=2.76549
Epoch 1460: loss=2.75149
Epoch 1461: loss=2.76606
Epoch 1462: loss=2.77422
Epoch 1463: loss=2.77851
Epoch 1464: loss=2.73537
Epoch 1465: loss=2.75448
Epoch 1466: loss=2.76444
Epoch 1467: loss=2.77470
Epoch 1468: loss=2.75005
Epoch 1469: loss=2.74754
Epoch 1470: loss=2.76087
Epoch 1471: loss=2.76903
Epoch 1472: loss=2.75936
Epoch 1473: loss=2.75518
Epoch 1474: loss=2.74832
Epoch 1475: loss=2.74678
Epoch 1476: loss=2.75286
Epoch 1477: loss=2.75195
Epoch 1478: loss=2.76212
Epoch 1479: loss=2.74535
Epoch 1480: loss=2.74687
Epoch 1481: loss=2.77207
Epoch 1482: loss=2.76604
Epoch 1483: loss=2.75571
Epoch 1484: loss=2.74279
Epoch 1485: loss=2.78533
Epoch 1486: loss=2.76405
Epoch 1487: loss=2.76620
Epoch 1488: loss=2.74216
Epoch 1489: loss=2.75218
Epoch 1490: loss=2.76124
Epoch 1491: loss=2.76674
Epoch 1492: loss=2.74916
Epoch 1493: loss=2.75006
Epoch 1494: loss=2.76711
Epoch 1495: loss=2.74011
Epoch 1496: loss=2.75497
Epoch 1497: loss=2.75458
Epoch 1498: loss=2.75461
Epoch 1499: loss=2.75198
Epoch 1500: loss=2.75345
Epoch 1501: loss=2.75368
Epoch 1502: loss=2.75980
Epoch 1503: loss=2.74940
Epoch 1504: loss=2.77027
Epoch 1505: loss=2.78284
Epoch 1506: loss=2.76366
Epoch 1507: loss=2.77880
Epoch 1508: loss=2.75546
Epoch 1509: loss=2.76726
Epoch 1510: loss=2.75363
Epoch 1511: loss=2.75493
Epoch 1512: loss=2.77588
Epoch 1513: loss=2.75531
Epoch 1514: loss=2.74176
Epoch 1515: loss=2.77649
Epoch 1516: loss=2.75237
Epoch 1517: loss=2.79631
Epoch 1518: loss=2.76986
Epoch 1519: loss=2.74550
Epoch 1520: loss=2.74634
Epoch 1521: loss=2.75753
Epoch 1522: loss=2.76964
Epoch 1523: loss=2.75232
Epoch 1524: loss=2.77618
Epoch 1525: loss=2.74208
Epoch 1526: loss=2.77180
Epoch 1527: loss=2.73347
Epoch 1528: loss=2.74414
Epoch 1529: loss=2.72605
Epoch 1530: loss=2.74215
Epoch 1531: loss=2.75278
Epoch 1532: loss=2.74844
Epoch 1533: loss=2.75268
Epoch 1534: loss=2.74756
Epoch 1535: loss=2.75374
Epoch 1536: loss=2.76767
Epoch 1537: loss=2.76387
Epoch 1538: loss=2.77016
Epoch 1539: loss=2.73103
Epoch 1540: loss=2.75804
Epoch 1541: loss=2.74999
Epoch 1542: loss=2.74820
Epoch 1543: loss=2.74925
Epoch 1544: loss=2.72759
Epoch 1545: loss=2.75219
Epoch 1546: loss=2.76101
Epoch 1547: loss=2.76626
Epoch 1548: loss=2.74744
Epoch 1549: loss=2.75244
Epoch 1550: loss=2.73984
Epoch 1551: loss=2.76576
Epoch 1552: loss=2.76810
Epoch 1553: loss=2.75890
Epoch 1554: loss=2.76954
Epoch 1555: loss=2.76146
Epoch 1556: loss=2.75359
Epoch 1557: loss=2.75748
Epoch 1558: loss=2.75677
Epoch 1559: loss=2.74316
Epoch 1560: loss=2.74731
Epoch 1561: loss=2.75461
Epoch 1562: loss=2.74788
Epoch 1563: loss=2.76418
Epoch 1564: loss=2.76598
Epoch 1565: loss=2.76168
Epoch 1566: loss=2.77044
Epoch 1567: loss=2.74280
Epoch 1568: loss=2.75793
Epoch 1569: loss=2.75758
Epoch 1570: loss=2.75926
Epoch 1571: loss=2.74604
Epoch 1572: loss=2.74221
Epoch 1573: loss=2.77376
Epoch 1574: loss=2.73767
Epoch 1575: loss=2.76715
Epoch 1576: loss=2.75361
Epoch 1577: loss=2.76820
Epoch 1578: loss=2.74920
Epoch 1579: loss=2.77212
Epoch 1580: loss=2.76071
Epoch 1581: loss=2.76529
Epoch 1582: loss=2.75897
Epoch 1583: loss=2.78291
Epoch 1584: loss=2.74310
Epoch 1585: loss=2.75413
Epoch 1586: loss=2.75353
Epoch 1587: loss=2.76861
Epoch 1588: loss=2.76390
Epoch 1589: loss=2.75776
Epoch 1590: loss=2.76317
Epoch 1591: loss=2.76569
Epoch 1592: loss=2.74575
Epoch 1593: loss=2.76358
Epoch 1594: loss=2.75013
Epoch 1595: loss=2.76212
Epoch 1596: loss=2.73918
Epoch 1597: loss=2.75235
Epoch 1598: loss=2.74121
Epoch 1599: loss=2.75934
Epoch 1600: loss=2.75778
Epoch 1601: loss=2.76034
Epoch 1602: loss=2.74644
Epoch 1603: loss=2.76124
Epoch 1604: loss=2.76641
Epoch 1605: loss=2.77004
Epoch 1606: loss=2.77469
Epoch 1607: loss=2.76141
Epoch 1608: loss=2.75656
Epoch 1609: loss=2.75849
Epoch 1610: loss=2.77408
Epoch 1611: loss=2.75066
Epoch 1612: loss=2.76127
Epoch 1613: loss=2.77507
Epoch 1614: loss=2.77997
Epoch 1615: loss=2.77317
Epoch 1616: loss=2.76313
Epoch 1617: loss=2.76425
Epoch 1618: loss=2.76154
Epoch 1619: loss=2.75921
Epoch 1620: loss=2.76850
Epoch 1621: loss=2.74848
Epoch 1622: loss=2.75165
Epoch 1623: loss=2.75432
Epoch 1624: loss=2.76081
Epoch 1625: loss=2.75154
Epoch 1626: loss=2.74464
Epoch 1627: loss=2.75298
Epoch 1628: loss=2.76265
Epoch 1629: loss=2.75458
Epoch 1630: loss=2.76006
Epoch 1631: loss=2.78236
Epoch 1632: loss=2.76743
Epoch 1633: loss=2.76558
Epoch 1634: loss=2.76767
Epoch 1635: loss=2.75327
Epoch 1636: loss=2.78514
Epoch 1637: loss=2.75888
Epoch 1638: loss=2.76220
Epoch 1639: loss=2.76657
Epoch 1640: loss=2.74646
Epoch 1641: loss=2.74230
Epoch 1642: loss=2.77532
Epoch 1643: loss=2.76505
Epoch 1644: loss=2.74913
Epoch 1645: loss=2.77228
Epoch 1646: loss=2.75338
Epoch 1647: loss=2.76140
Epoch 1648: loss=2.75777
Epoch 1649: loss=2.74299
Epoch 1650: loss=2.76449
Epoch 1651: loss=2.74653
Epoch 1652: loss=2.73714
Epoch 1653: loss=2.76619
Epoch 1654: loss=2.77200
Epoch 1655: loss=2.74059
Epoch 1656: loss=2.75778
Epoch 1657: loss=2.74912
Epoch 1658: loss=2.75967
Epoch 1659: loss=2.76955
Epoch 1660: loss=2.75217
Epoch 1661: loss=2.75453
Epoch 1662: loss=2.76151
Epoch 1663: loss=2.78087
Epoch 1664: loss=2.75453
Epoch 1665: loss=2.74116
Epoch 1666: loss=2.74882
Epoch 1667: loss=2.73018
Epoch 1668: loss=2.75616
Epoch 1669: loss=2.77931
Epoch 1670: loss=2.75931
Epoch 1671: loss=2.75515
Epoch 1672: loss=2.74892
Epoch 1673: loss=2.76121
Epoch 1674: loss=2.75249
Epoch 1675: loss=2.75732
Epoch 1676: loss=2.78416
Epoch 1677: loss=2.78597
Epoch 1678: loss=2.73931
Epoch 1679: loss=2.75568
Epoch 1680: loss=2.75822
Epoch 1681: loss=2.75447
Epoch 1682: loss=2.75120
Epoch 1683: loss=2.74481
Epoch 1684: loss=2.75709
Epoch 1685: loss=2.76368
Epoch 1686: loss=2.75155
Epoch 1687: loss=2.75833
Epoch 1688: loss=2.75882
Epoch 1689: loss=2.75657
Epoch 1690: loss=2.74869
Epoch 1691: loss=2.75917
Epoch 1692: loss=2.74097
Epoch 1693: loss=2.77566
Epoch 1694: loss=2.75517
Epoch 1695: loss=2.75842
Epoch 1696: loss=2.77481
Epoch 1697: loss=2.74532
Epoch 1698: loss=2.76007
Epoch 1699: loss=2.76851
Epoch 1700: loss=2.76484
Epoch 1701: loss=2.75540
Epoch 1702: loss=2.73912
Epoch 1703: loss=2.75449
Epoch 1704: loss=2.76598
Epoch 1705: loss=2.78387
Epoch 1706: loss=2.77545
Epoch 1707: loss=2.77487
Epoch 1708: loss=2.75730
Epoch 1709: loss=2.77101
Epoch 1710: loss=2.74835
Epoch 1711: loss=2.75112
Epoch 1712: loss=2.76103
Epoch 1713: loss=2.75323
Epoch 1714: loss=2.75809
Epoch 1715: loss=2.77675
Epoch 1716: loss=2.75546
Epoch 1717: loss=2.74734
Epoch 1718: loss=2.76147
Epoch 1719: loss=2.74671
Epoch 1720: loss=2.76107
Epoch 1721: loss=2.75302
Epoch 1722: loss=2.77945
Epoch 1723: loss=2.75960
Epoch 1724: loss=2.76522
Epoch 1725: loss=2.76085
Epoch 1726: loss=2.77588
Epoch 1727: loss=2.77185
Epoch 1728: loss=2.76646
Epoch 1729: loss=2.76297
Epoch 1730: loss=2.78013
Epoch 1731: loss=2.74294
Epoch 1732: loss=2.74317
Epoch 1733: loss=2.76066
Epoch 1734: loss=2.73890
Epoch 1735: loss=2.75201
Epoch 1736: loss=2.76533
Epoch 1737: loss=2.78265
Epoch 1738: loss=2.76913
Epoch 1739: loss=2.76882
Epoch 1740: loss=2.77332
Epoch 1741: loss=2.79321
Epoch 1742: loss=2.74510
Epoch 1743: loss=2.74766
Epoch 1744: loss=2.75597
Epoch 1745: loss=2.75925
Epoch 1746: loss=2.77807
Epoch 1747: loss=2.75430
Epoch 1748: loss=2.76625
Epoch 1749: loss=2.74324
Epoch 1750: loss=2.76000
Epoch 1751: loss=2.75371
Epoch 1752: loss=2.76905
Epoch 1753: loss=2.76901
Epoch 1754: loss=2.75572
Epoch 1755: loss=2.78313
Epoch 1756: loss=2.76238
Epoch 1757: loss=2.77877
Epoch 1758: loss=2.74902
Epoch 1759: loss=2.76853
Epoch 1760: loss=2.76596
Epoch 1761: loss=2.74657
Epoch 1762: loss=2.76740
Epoch 1763: loss=2.76406
Epoch 1764: loss=2.75449
Epoch 1765: loss=2.75604
Epoch 1766: loss=2.76271
Epoch 1767: loss=2.75760
Epoch 1768: loss=2.74445
Epoch 1769: loss=2.75938
Epoch 1770: loss=2.74701
Epoch 1771: loss=2.74593
Epoch 1772: loss=2.74530
Epoch 1773: loss=2.78460
Epoch 1774: loss=2.75991
Epoch 1775: loss=2.75315
Epoch 1776: loss=2.76872
Epoch 1777: loss=2.74289
Epoch 1778: loss=2.75596
Epoch 1779: loss=2.76513
Epoch 1780: loss=2.75419
Epoch 1781: loss=2.76850
Epoch 1782: loss=2.77263
Epoch 1783: loss=2.74541
Epoch 1784: loss=2.74792
Epoch 1785: loss=2.76393
Epoch 1786: loss=2.75290
Epoch 1787: loss=2.75628
Epoch 1788: loss=2.75329
Epoch 1789: loss=2.74878
Epoch 1790: loss=2.74587
Epoch 1791: loss=2.76880
Epoch 1792: loss=2.76005
Epoch 1793: loss=2.74998
Epoch 1794: loss=2.75622
Epoch 1795: loss=2.75186
Epoch 1796: loss=2.73454
Epoch 1797: loss=2.76084
Epoch 1798: loss=2.75901
Epoch 1799: loss=2.74332
Epoch 1800: loss=2.74253
Epoch 1801: loss=2.76673
Epoch 1802: loss=2.74873
Epoch 1803: loss=2.75971
Epoch 1804: loss=2.75226
Epoch 1805: loss=2.76593
Epoch 1806: loss=2.75589
Epoch 1807: loss=2.73423
Epoch 1808: loss=2.77449
Epoch 1809: loss=2.77961
Epoch 1810: loss=2.74930
Epoch 1811: loss=2.75684
Epoch 1812: loss=2.73999
Epoch 1813: loss=2.76982
Epoch 1814: loss=2.73908
Epoch 1815: loss=2.75986
Epoch 1816: loss=2.75720
Epoch 1817: loss=2.74077
Epoch 1818: loss=2.75525
Epoch 1819: loss=2.77327
Epoch 1820: loss=2.77133
Epoch 1821: loss=2.77452
Epoch 1822: loss=2.76161
Epoch 1823: loss=2.75517
Epoch 1824: loss=2.74306
Epoch 1825: loss=2.77183
Epoch 1826: loss=2.75235
Epoch 1827: loss=2.76441
Epoch 1828: loss=2.77428
Epoch 1829: loss=2.76049
Epoch 1830: loss=2.78140
Epoch 1831: loss=2.76365
Epoch 1832: loss=2.77087
Epoch 1833: loss=2.77085
Epoch 1834: loss=2.75022
Epoch 1835: loss=2.75739
Epoch 1836: loss=2.76228
Epoch 1837: loss=2.78245
Epoch 1838: loss=2.77097
Epoch 1839: loss=2.75788
Epoch 1840: loss=2.74558
Epoch 1841: loss=2.74856
Epoch 1842: loss=2.75318
Epoch 1843: loss=2.75990
Epoch 1844: loss=2.76629
Epoch 1845: loss=2.75944
Epoch 1846: loss=2.77354
Epoch 1847: loss=2.76137
Epoch 1848: loss=2.76252
Epoch 1849: loss=2.75724
Epoch 1850: loss=2.77370
Epoch 1851: loss=2.76527
Epoch 1852: loss=2.77154
Epoch 1853: loss=2.76394
Epoch 1854: loss=2.76349
Epoch 1855: loss=2.76435
Epoch 1856: loss=2.75684
Epoch 1857: loss=2.73551
Epoch 1858: loss=2.75494
Epoch 1859: loss=2.78256
Epoch 1860: loss=2.74683
Epoch 1861: loss=2.76113
Epoch 1862: loss=2.77087
Epoch 1863: loss=2.77063
Epoch 1864: loss=2.76338
Epoch 1865: loss=2.77435
Epoch 1866: loss=2.77562
Epoch 1867: loss=2.75579
Epoch 1868: loss=2.75045
Epoch 1869: loss=2.77031
Epoch 1870: loss=2.76898
Epoch 1871: loss=2.77347
Epoch 1872: loss=2.75870
Epoch 1873: loss=2.72973
Epoch 1874: loss=2.76474
Epoch 1875: loss=2.75780
Epoch 1876: loss=2.74541
Epoch 1877: loss=2.74855
Epoch 1878: loss=2.73276
Epoch 1879: loss=2.76463
Epoch 1880: loss=2.75473
Epoch 1881: loss=2.77012
Epoch 1882: loss=2.74644
Epoch 1883: loss=2.77982
Epoch 1884: loss=2.75293
Epoch 1885: loss=2.75159
Epoch 1886: loss=2.73719
Epoch 1887: loss=2.76843
Epoch 1888: loss=2.74225
Epoch 1889: loss=2.75233
Epoch 1890: loss=2.75918
Epoch 1891: loss=2.75253
Epoch 1892: loss=2.76525
Epoch 1893: loss=2.75263
Epoch 1894: loss=2.75826
Epoch 1895: loss=2.77164
Epoch 1896: loss=2.74949
Epoch 1897: loss=2.73306
Epoch 1898: loss=2.74416
Epoch 1899: loss=2.75178
Epoch 1900: loss=2.76531
Epoch 1901: loss=2.76400
Epoch 1902: loss=2.77546
Epoch 1903: loss=2.75643
Epoch 1904: loss=2.76380
Epoch 1905: loss=2.75578
Epoch 1906: loss=2.75871
Epoch 1907: loss=2.77189
Epoch 1908: loss=2.77894
Epoch 1909: loss=2.74790
Epoch 1910: loss=2.75884
Epoch 1911: loss=2.75994
Epoch 1912: loss=2.75991
Epoch 1913: loss=2.75877
Epoch 1914: loss=2.78521
Epoch 1915: loss=2.74800
Epoch 1916: loss=2.75902
Epoch 1917: loss=2.74994
Epoch 1918: loss=2.74118
Epoch 1919: loss=2.76643
Epoch 1920: loss=2.77125
Epoch 1921: loss=2.77046
Epoch 1922: loss=2.74500
Epoch 1923: loss=2.75051
Epoch 1924: loss=2.75978
Epoch 1925: loss=2.74452
Epoch 1926: loss=2.76586
Epoch 1927: loss=2.75707
Epoch 1928: loss=2.76857
Epoch 1929: loss=2.75801
Epoch 1930: loss=2.78471
Epoch 1931: loss=2.75348
Epoch 1932: loss=2.75362
Epoch 1933: loss=2.76335
Epoch 1934: loss=2.76940
Epoch 1935: loss=2.75841
Epoch 1936: loss=2.74122
Epoch 1937: loss=2.74566
Epoch 1938: loss=2.74741
Epoch 1939: loss=2.73550
Epoch 1940: loss=2.74164
Epoch 1941: loss=2.76811
Epoch 1942: loss=2.73677
Epoch 1943: loss=2.76307
Epoch 1944: loss=2.77745
Epoch 1945: loss=2.75716
Epoch 1946: loss=2.74523
Epoch 1947: loss=2.76567
Epoch 1948: loss=2.76687
Epoch 1949: loss=2.74843
Epoch 1950: loss=2.75594
Epoch 1951: loss=2.75058
Epoch 1952: loss=2.73995
Epoch 1953: loss=2.76924
Epoch 1954: loss=2.76603
Epoch 1955: loss=2.75248
Epoch 1956: loss=2.76260
Epoch 1957: loss=2.75135
Epoch 1958: loss=2.76575
Epoch 1959: loss=2.76646
Epoch 1960: loss=2.77574
Epoch 1961: loss=2.75219
Epoch 1962: loss=2.74816
Epoch 1963: loss=2.77359
Epoch 1964: loss=2.74808
Epoch 1965: loss=2.76919
Epoch 1966: loss=2.75959
Epoch 1967: loss=2.75511
Epoch 1968: loss=2.76533
Epoch 1969: loss=2.76235
Epoch 1970: loss=2.76783
Epoch 1971: loss=2.76927
Epoch 1972: loss=2.75032
Epoch 1973: loss=2.76020
Epoch 1974: loss=2.75375
Epoch 1975: loss=2.76501
Epoch 1976: loss=2.79169
Epoch 1977: loss=2.76066
Epoch 1978: loss=2.74211
Epoch 1979: loss=2.77448
Epoch 1980: loss=2.75916
Epoch 1981: loss=2.78855
Epoch 1982: loss=2.77856
Epoch 1983: loss=2.78254
Epoch 1984: loss=2.76479
Epoch 1985: loss=2.76935
Epoch 1986: loss=2.74808
Epoch 1987: loss=2.77429
Epoch 1988: loss=2.76989
Epoch 1989: loss=2.75963
Epoch 1990: loss=2.76877
Epoch 1991: loss=2.77087
Epoch 1992: loss=2.75639
Epoch 1993: loss=2.78282
Epoch 1994: loss=2.77266
Epoch 1995: loss=2.78413
Epoch 1996: loss=2.77636
Epoch 1997: loss=2.74215
Epoch 1998: loss=2.74274
Epoch 1999: loss=2.77223
Epoch 2000: loss=2.75054
Training accuracy: 0.160
Test accuracy: 0.064

File list dumped

Saved in file
