/home/venkat/Unreliable_Synaptic_Transmission/Deepti/DOPcodes/SHD_dropout/dataset/shddataset/
made weight variables and loss histogram
Epoch 1: loss=8.18837
Epoch 2: loss=3.78506
Epoch 3: loss=3.08225
Epoch 4: loss=2.86347
Epoch 5: loss=2.91630
Epoch 6: loss=2.92872
Epoch 7: loss=2.93779
Epoch 8: loss=2.94269
Epoch 9: loss=2.94730
Epoch 10: loss=2.95058
Trained for 10 epochs
Training accuracy: 0.061
Epoch 1: loss=2.95117
Epoch 2: loss=2.95251
Epoch 3: loss=2.95376
Epoch 4: loss=2.95392
Epoch 5: loss=2.95375
Epoch 6: loss=2.95338
Epoch 7: loss=2.95515
Epoch 8: loss=2.95663
Epoch 9: loss=2.95666
Epoch 10: loss=2.95526
Epoch 11: loss=2.95584
Epoch 12: loss=2.95637
Epoch 13: loss=2.95809
Epoch 14: loss=2.95720
Epoch 15: loss=2.95661
Epoch 16: loss=2.95717
Epoch 17: loss=2.95806
Epoch 18: loss=2.95608
Epoch 19: loss=2.95644
Epoch 20: loss=2.95622
Epoch 21: loss=2.95589
Epoch 22: loss=2.95611
Epoch 23: loss=2.95648
Epoch 24: loss=2.95592
Epoch 25: loss=2.95564
Epoch 26: loss=2.95708
Epoch 27: loss=2.95699
Epoch 28: loss=2.95614
Epoch 29: loss=2.95625
Epoch 30: loss=2.95685
Epoch 31: loss=2.95702
Epoch 32: loss=2.95700
Epoch 33: loss=2.95644
Epoch 34: loss=2.95695
Epoch 35: loss=2.95472
Epoch 36: loss=2.95662
Epoch 37: loss=2.95596
Epoch 38: loss=2.95464
Epoch 39: loss=2.95327
Epoch 40: loss=2.95441
Epoch 41: loss=2.95382
Epoch 42: loss=2.95341
Epoch 43: loss=2.95447
Epoch 44: loss=2.95342
Epoch 45: loss=2.95247
Epoch 46: loss=2.95302
Epoch 47: loss=2.95177
Epoch 48: loss=2.95113
Epoch 49: loss=2.95061
Epoch 50: loss=2.95018
Epoch 51: loss=2.94990
Epoch 52: loss=2.95003
Epoch 53: loss=2.95001
Epoch 54: loss=2.94816
Epoch 55: loss=2.94883
Epoch 56: loss=2.95004
Epoch 57: loss=2.94826
Epoch 58: loss=2.94909
Epoch 59: loss=2.94804
Epoch 60: loss=2.94732
Epoch 61: loss=2.94810
Epoch 62: loss=2.94765
Epoch 63: loss=2.94689
Epoch 64: loss=2.94768
Epoch 65: loss=2.94749
Epoch 66: loss=2.94669
Epoch 67: loss=2.94717
Epoch 68: loss=2.94650
Epoch 69: loss=2.94462
Epoch 70: loss=2.94543
Epoch 71: loss=2.94493
Epoch 72: loss=2.94402
Epoch 73: loss=2.94349
Epoch 74: loss=2.94422
Epoch 75: loss=2.94454
Epoch 76: loss=2.94348
Epoch 77: loss=2.94237
Epoch 78: loss=2.94187
Epoch 79: loss=2.94137
Epoch 80: loss=2.94239
Epoch 81: loss=2.94095
Epoch 82: loss=2.94037
Epoch 83: loss=2.94023
Epoch 84: loss=2.94029
Epoch 85: loss=2.93842
Epoch 86: loss=2.93927
Epoch 87: loss=2.94035
Epoch 88: loss=2.93947
Epoch 89: loss=2.93740
Epoch 90: loss=2.93835
Epoch 91: loss=2.93662
Epoch 92: loss=2.93770
Epoch 93: loss=2.93588
Epoch 94: loss=2.93852
Epoch 95: loss=2.93771
Epoch 96: loss=2.93556
Epoch 97: loss=2.93635
Epoch 98: loss=2.93512
Epoch 99: loss=2.93680
Epoch 100: loss=2.93453
Epoch 101: loss=2.93433
Epoch 102: loss=2.93749
Epoch 103: loss=2.93567
Epoch 104: loss=2.93442
Epoch 105: loss=2.93343
Epoch 106: loss=2.93336
Epoch 107: loss=2.93276
Epoch 108: loss=2.93255
Epoch 109: loss=2.93237
Epoch 110: loss=2.93244
Epoch 111: loss=2.93006
Epoch 112: loss=2.93003
Epoch 113: loss=2.93092
Epoch 114: loss=2.93008
Epoch 115: loss=2.93117
Epoch 116: loss=2.93029
Epoch 117: loss=2.93032
Epoch 118: loss=2.93032
Epoch 119: loss=2.93228
Epoch 120: loss=2.93179
Epoch 121: loss=2.93061
Epoch 122: loss=2.93106
Epoch 123: loss=2.92949
Epoch 124: loss=2.92730
Epoch 125: loss=2.93054
Epoch 126: loss=2.92910
Epoch 127: loss=2.93014
Epoch 128: loss=2.93047
Epoch 129: loss=2.92830
Epoch 130: loss=2.92885
Epoch 131: loss=2.92772
Epoch 132: loss=2.92651
Epoch 133: loss=2.92842
Epoch 134: loss=2.93083
Epoch 135: loss=2.92503
Epoch 136: loss=2.92696
Epoch 137: loss=2.92852
Epoch 138: loss=2.92566
Epoch 139: loss=2.92744
Epoch 140: loss=2.92663
Epoch 141: loss=2.92641
Epoch 142: loss=2.92721
Epoch 143: loss=2.92670
Epoch 144: loss=2.92675
Epoch 145: loss=2.92520
Epoch 146: loss=2.92509
Epoch 147: loss=2.92748
Epoch 148: loss=2.92595
Epoch 149: loss=2.92616
Epoch 150: loss=2.92408
Training accuracy: 0.065
Test accuracy: 0.068

File list dumped

Saved in file
