/home/venkat/Unreliable_Synaptic_Transmission/Deepti/DOPcodes/SHD_dropout/dataset/shddataset/
made weight variables and loss histogram
The file is present.
Epoch 1: loss=2.92332
Epoch 2: loss=2.92684
Epoch 3: loss=2.92643
Epoch 4: loss=2.92516
Epoch 5: loss=2.92316
Epoch 6: loss=2.92568
Epoch 7: loss=2.92580
Epoch 8: loss=2.92373
Epoch 9: loss=2.92489
Epoch 10: loss=2.92504
Trained for 10 epochs
Training accuracy: 0.064
Epoch 1: loss=2.92616
Epoch 2: loss=2.92340
Epoch 3: loss=2.92346
Epoch 4: loss=2.92640
Epoch 5: loss=2.92391
Epoch 6: loss=2.92292
Epoch 7: loss=2.92392
Epoch 8: loss=2.92555
Epoch 9: loss=2.92558
Epoch 10: loss=2.92233
Epoch 11: loss=2.92478
Epoch 12: loss=2.92628
Epoch 13: loss=2.92282
Epoch 14: loss=2.92425
Epoch 15: loss=2.92256
Epoch 16: loss=2.92186
Epoch 17: loss=2.92307
Epoch 18: loss=2.92273
Epoch 19: loss=2.92431
Epoch 20: loss=2.92233
Epoch 21: loss=2.92470
Epoch 22: loss=2.92313
Epoch 23: loss=2.92137
Epoch 24: loss=2.92107
Epoch 25: loss=2.92421
Epoch 26: loss=2.92304
Epoch 27: loss=2.92162
Epoch 28: loss=2.92020
Epoch 29: loss=2.92135
Epoch 30: loss=2.92446
Epoch 31: loss=2.92154
Epoch 32: loss=2.92439
Epoch 33: loss=2.92467
Epoch 34: loss=2.92367
Epoch 35: loss=2.92086
Epoch 36: loss=2.92179
Epoch 37: loss=2.92143
Epoch 38: loss=2.92116
Epoch 39: loss=2.92394
Epoch 40: loss=2.92329
Epoch 41: loss=2.92108
Epoch 42: loss=2.92332
Epoch 43: loss=2.92327
Epoch 44: loss=2.92414
Epoch 45: loss=2.92323
Epoch 46: loss=2.92334
Epoch 47: loss=2.92466
Epoch 48: loss=2.92480
Epoch 49: loss=2.92187
Epoch 50: loss=2.92133
Epoch 51: loss=2.92354
Epoch 52: loss=2.92273
Epoch 53: loss=2.92364
Epoch 54: loss=2.92326
Epoch 55: loss=2.92054
Epoch 56: loss=2.92341
Epoch 57: loss=2.92224
Epoch 58: loss=2.92404
Epoch 59: loss=2.92355
Epoch 60: loss=2.92075
Epoch 61: loss=2.92427
Epoch 62: loss=2.92236
Epoch 63: loss=2.92360
Epoch 64: loss=2.92215
Epoch 65: loss=2.92413
Epoch 66: loss=2.92402
Epoch 67: loss=2.92230
Epoch 68: loss=2.92366
Epoch 69: loss=2.92530
Epoch 70: loss=2.92136
Epoch 71: loss=2.92144
Epoch 72: loss=2.92154
Epoch 73: loss=2.92130
Epoch 74: loss=2.92147
Epoch 75: loss=2.92278
Epoch 76: loss=2.92244
Epoch 77: loss=2.92077
Epoch 78: loss=2.92286
Epoch 79: loss=2.92545
Epoch 80: loss=2.92308
Epoch 81: loss=2.92230
Epoch 82: loss=2.91987
Epoch 83: loss=2.92122
Epoch 84: loss=2.92112
Epoch 85: loss=2.92008
Epoch 86: loss=2.92085
Epoch 87: loss=2.92214
Epoch 88: loss=2.92160
Epoch 89: loss=2.92315
Epoch 90: loss=2.91971
Epoch 91: loss=2.92138
Epoch 92: loss=2.91756
Epoch 93: loss=2.91865
Epoch 94: loss=2.92021
Epoch 95: loss=2.91992
Epoch 96: loss=2.92157
Epoch 97: loss=2.92176
Epoch 98: loss=2.92046
Epoch 99: loss=2.92051
Epoch 100: loss=2.92214
Epoch 101: loss=2.91932
Epoch 102: loss=2.91969
Epoch 103: loss=2.92164
Epoch 104: loss=2.92064
Epoch 105: loss=2.91946
Epoch 106: loss=2.92214
Epoch 107: loss=2.92162
Epoch 108: loss=2.92028
Epoch 109: loss=2.91748
Epoch 110: loss=2.92105
Epoch 111: loss=2.91996
Epoch 112: loss=2.91935
Epoch 113: loss=2.91711
Epoch 114: loss=2.92048
Epoch 115: loss=2.92117
Epoch 116: loss=2.92051
Epoch 117: loss=2.92124
Epoch 118: loss=2.91882
Epoch 119: loss=2.92195
Epoch 120: loss=2.92098
Epoch 121: loss=2.92038
Epoch 122: loss=2.92410
Epoch 123: loss=2.92052
Epoch 124: loss=2.91955
Epoch 125: loss=2.92191
Epoch 126: loss=2.91883
Epoch 127: loss=2.92199
Epoch 128: loss=2.92093
Epoch 129: loss=2.91999
Epoch 130: loss=2.91970
Epoch 131: loss=2.92033
Epoch 132: loss=2.92027
Epoch 133: loss=2.91912
Epoch 134: loss=2.91878
Epoch 135: loss=2.92262
Epoch 136: loss=2.92108
Epoch 137: loss=2.92011
Epoch 138: loss=2.92071
Epoch 139: loss=2.91819
Epoch 140: loss=2.92091
Epoch 141: loss=2.91993
Epoch 142: loss=2.92003
Epoch 143: loss=2.91878
Epoch 144: loss=2.91712
Epoch 145: loss=2.92082
Epoch 146: loss=2.92055
Epoch 147: loss=2.91712
Epoch 148: loss=2.91779
Epoch 149: loss=2.92006
Epoch 150: loss=2.92136
Epoch 151: loss=2.91744
Epoch 152: loss=2.91883
Epoch 153: loss=2.92025
Epoch 154: loss=2.91850
Epoch 155: loss=2.91852
Epoch 156: loss=2.91912
Epoch 157: loss=2.91945
Epoch 158: loss=2.91963
Epoch 159: loss=2.92025
Epoch 160: loss=2.92198
Epoch 161: loss=2.91721
Epoch 162: loss=2.91887
Epoch 163: loss=2.91947
Epoch 164: loss=2.91974
Epoch 165: loss=2.92088
Epoch 166: loss=2.92061
Epoch 167: loss=2.91906
Epoch 168: loss=2.91982
Epoch 169: loss=2.92046
Epoch 170: loss=2.91970
Epoch 171: loss=2.92220
Epoch 172: loss=2.91859
Epoch 173: loss=2.91911
Epoch 174: loss=2.92071
Epoch 175: loss=2.91747
Epoch 176: loss=2.91973
Epoch 177: loss=2.92062
Epoch 178: loss=2.92007
Epoch 179: loss=2.91866
Epoch 180: loss=2.91864
Epoch 181: loss=2.92138
Epoch 182: loss=2.91960
Epoch 183: loss=2.91897
Epoch 184: loss=2.92018
Epoch 185: loss=2.91856
Epoch 186: loss=2.92067
Epoch 187: loss=2.91892
Epoch 188: loss=2.92136
Epoch 189: loss=2.92093
Epoch 190: loss=2.91687
Epoch 191: loss=2.91811
Epoch 192: loss=2.92046
Epoch 193: loss=2.92240
Epoch 194: loss=2.92034
Epoch 195: loss=2.91993
Epoch 196: loss=2.92182
Epoch 197: loss=2.92119
Epoch 198: loss=2.92255
Epoch 199: loss=2.91983
Epoch 200: loss=2.92100
Epoch 201: loss=2.91805
Epoch 202: loss=2.91944
Epoch 203: loss=2.91918
Epoch 204: loss=2.92089
Epoch 205: loss=2.92165
Epoch 206: loss=2.91863
Epoch 207: loss=2.91943
Epoch 208: loss=2.92004
Epoch 209: loss=2.92146
Epoch 210: loss=2.92118
Epoch 211: loss=2.91942
Epoch 212: loss=2.91832
Epoch 213: loss=2.92155
Epoch 214: loss=2.91952
Epoch 215: loss=2.91845
Epoch 216: loss=2.91928
Epoch 217: loss=2.91988
Epoch 218: loss=2.92368
Epoch 219: loss=2.92072
Epoch 220: loss=2.92120
Epoch 221: loss=2.91993
Epoch 222: loss=2.92065
Epoch 223: loss=2.91773
Epoch 224: loss=2.91876
Epoch 225: loss=2.92109
Epoch 226: loss=2.91800
Epoch 227: loss=2.91922
Epoch 228: loss=2.91850
Epoch 229: loss=2.92147
Epoch 230: loss=2.91888
Epoch 231: loss=2.92137
Epoch 232: loss=2.91931
Epoch 233: loss=2.92040
Epoch 234: loss=2.92031
Epoch 235: loss=2.92121
Epoch 236: loss=2.91917
Epoch 237: loss=2.91909
Epoch 238: loss=2.92054
Epoch 239: loss=2.92065
Epoch 240: loss=2.91973
Epoch 241: loss=2.92146
Epoch 242: loss=2.92082
Epoch 243: loss=2.91784
Epoch 244: loss=2.91838
Epoch 245: loss=2.92307
Epoch 246: loss=2.91959
Epoch 247: loss=2.91770
Epoch 248: loss=2.92020
Epoch 249: loss=2.91782
Epoch 250: loss=2.92043
Epoch 251: loss=2.92176
Epoch 252: loss=2.92261
Epoch 253: loss=2.91917
Epoch 254: loss=2.91973
Epoch 255: loss=2.92012
Epoch 256: loss=2.91776
Epoch 257: loss=2.91913
Epoch 258: loss=2.91881
Epoch 259: loss=2.91927
Epoch 260: loss=2.91964
Epoch 261: loss=2.92187
Epoch 262: loss=2.92129
Epoch 263: loss=2.92085
Epoch 264: loss=2.91743
Epoch 265: loss=2.92055
Epoch 266: loss=2.91832
Epoch 267: loss=2.92071
Epoch 268: loss=2.92170
Epoch 269: loss=2.92013
Epoch 270: loss=2.92009
Epoch 271: loss=2.91997
Epoch 272: loss=2.91666
Epoch 273: loss=2.92063
Epoch 274: loss=2.92189
Epoch 275: loss=2.91685
Epoch 276: loss=2.91895
Epoch 277: loss=2.92390
Epoch 278: loss=2.92034
Epoch 279: loss=2.91981
Epoch 280: loss=2.91797
Epoch 281: loss=2.91882
Epoch 282: loss=2.91977
Epoch 283: loss=2.91976
Epoch 284: loss=2.91889
Epoch 285: loss=2.92011
Epoch 286: loss=2.91991
Epoch 287: loss=2.91912
Epoch 288: loss=2.91916
Epoch 289: loss=2.91902
Epoch 290: loss=2.91868
Epoch 291: loss=2.91906
Epoch 292: loss=2.91969
Epoch 293: loss=2.92014
Epoch 294: loss=2.92200
Epoch 295: loss=2.92011
Epoch 296: loss=2.91992
Epoch 297: loss=2.91992
Epoch 298: loss=2.92073
Epoch 299: loss=2.91932
Epoch 300: loss=2.91855
Epoch 301: loss=2.91851
Epoch 302: loss=2.92092
Epoch 303: loss=2.91891
Epoch 304: loss=2.91912
Epoch 305: loss=2.91831
Epoch 306: loss=2.91907
Epoch 307: loss=2.92226
Epoch 308: loss=2.91943
Epoch 309: loss=2.91979
Epoch 310: loss=2.91908
Epoch 311: loss=2.91790
Epoch 312: loss=2.92056
Epoch 313: loss=2.92036
Epoch 314: loss=2.91942
Epoch 315: loss=2.91927
Epoch 316: loss=2.91884
Epoch 317: loss=2.92008
Epoch 318: loss=2.92060
Epoch 319: loss=2.92001
Epoch 320: loss=2.92061
Epoch 321: loss=2.91887
Epoch 322: loss=2.91749
Epoch 323: loss=2.91969
Epoch 324: loss=2.92027
Epoch 325: loss=2.91996
Epoch 326: loss=2.92048
Epoch 327: loss=2.91781
Epoch 328: loss=2.92081
Epoch 329: loss=2.92093
Epoch 330: loss=2.92286
Epoch 331: loss=2.92255
Epoch 332: loss=2.91897
Epoch 333: loss=2.92101
Epoch 334: loss=2.92022
Epoch 335: loss=2.92018
Epoch 336: loss=2.91795
Epoch 337: loss=2.92044
Epoch 338: loss=2.91804
Epoch 339: loss=2.91846
Epoch 340: loss=2.91968
Epoch 341: loss=2.91736
Epoch 342: loss=2.91871
Epoch 343: loss=2.91858
Epoch 344: loss=2.91673
Epoch 345: loss=2.91853
Epoch 346: loss=2.91983
Epoch 347: loss=2.91787
Epoch 348: loss=2.91794
Epoch 349: loss=2.92002
Epoch 350: loss=2.91802
Epoch 351: loss=2.91940
Epoch 352: loss=2.91685
Epoch 353: loss=2.91748
Epoch 354: loss=2.91730
Epoch 355: loss=2.91787
Epoch 356: loss=2.91750
Epoch 357: loss=2.91754
Epoch 358: loss=2.91671
Epoch 359: loss=2.91445
Epoch 360: loss=2.91445
Epoch 361: loss=2.91360
Epoch 362: loss=2.91425
Epoch 363: loss=2.91570
Epoch 364: loss=2.91303
Epoch 365: loss=2.91558
Epoch 366: loss=2.91414
Epoch 367: loss=2.91347
Epoch 368: loss=2.91351
Epoch 369: loss=2.91203
Epoch 370: loss=2.91154
Epoch 371: loss=2.91437
Epoch 372: loss=2.91282
Epoch 373: loss=2.91234
Epoch 374: loss=2.91271
Epoch 375: loss=2.91298
Epoch 376: loss=2.91193
Epoch 377: loss=2.91171
Epoch 378: loss=2.91283
Epoch 379: loss=2.91271
Epoch 380: loss=2.90960
Epoch 381: loss=2.91271
Epoch 382: loss=2.91147
Epoch 383: loss=2.91115
Epoch 384: loss=2.91159
Epoch 385: loss=2.90984
Epoch 386: loss=2.91094
Epoch 387: loss=2.91116
Epoch 388: loss=2.91148
Epoch 389: loss=2.91167
Epoch 390: loss=2.91135
Epoch 391: loss=2.91012
Epoch 392: loss=2.91077
Epoch 393: loss=2.90877
Epoch 394: loss=2.90887
Epoch 395: loss=2.90752
Epoch 396: loss=2.91050
Epoch 397: loss=2.91082
Epoch 398: loss=2.91091
Epoch 399: loss=2.91163
Epoch 400: loss=2.90933
Epoch 401: loss=2.90953
Epoch 402: loss=2.91023
Epoch 403: loss=2.90929
Epoch 404: loss=2.91052
Epoch 405: loss=2.90780
Epoch 406: loss=2.90755
Epoch 407: loss=2.90747
Epoch 408: loss=2.90846
Epoch 409: loss=2.90762
Epoch 410: loss=2.90996
Epoch 411: loss=2.90808
Epoch 412: loss=2.91072
Epoch 413: loss=2.90765
Epoch 414: loss=2.90935
Epoch 415: loss=2.90984
Epoch 416: loss=2.91075
Epoch 417: loss=2.90849
Epoch 418: loss=2.90880
Epoch 419: loss=2.90862
Epoch 420: loss=2.90789
Epoch 421: loss=2.90577
Epoch 422: loss=2.90493
Epoch 423: loss=2.90776
Epoch 424: loss=2.90825
Epoch 425: loss=2.90569
Epoch 426: loss=2.90723
Epoch 427: loss=2.90628
Epoch 428: loss=2.90698
Epoch 429: loss=2.90773
Epoch 430: loss=2.90673
Epoch 431: loss=2.90697
Epoch 432: loss=2.90685
Epoch 433: loss=2.90590
Epoch 434: loss=2.90638
Epoch 435: loss=2.90776
Epoch 436: loss=2.90789
Epoch 437: loss=2.90609
Epoch 438: loss=2.90532
Epoch 439: loss=2.90574
Epoch 440: loss=2.90844
Epoch 441: loss=2.90597
Epoch 442: loss=2.90810
Epoch 443: loss=2.90824
Epoch 444: loss=2.90495
Epoch 445: loss=2.90530
Epoch 446: loss=2.90557
Epoch 447: loss=2.90625
Epoch 448: loss=2.90523
Epoch 449: loss=2.90787
Epoch 450: loss=2.90519
Epoch 451: loss=2.90759
Epoch 452: loss=2.90662
Epoch 453: loss=2.90408
Epoch 454: loss=2.90472
Epoch 455: loss=2.90661
Epoch 456: loss=2.90611
Epoch 457: loss=2.90622
Epoch 458: loss=2.90425
Epoch 459: loss=2.90617
Epoch 460: loss=2.90740
Epoch 461: loss=2.90373
Epoch 462: loss=2.90437
Epoch 463: loss=2.90694
Epoch 464: loss=2.90471
Epoch 465: loss=2.90364
Epoch 466: loss=2.90383
Epoch 467: loss=2.90709
Epoch 468: loss=2.90497
Epoch 469: loss=2.90587
Epoch 470: loss=2.90495
Epoch 471: loss=2.90493
Epoch 472: loss=2.90666
Epoch 473: loss=2.90290
Epoch 474: loss=2.90557
Epoch 475: loss=2.90389
Epoch 476: loss=2.90658
Epoch 477: loss=2.90518
Epoch 478: loss=2.90413
Epoch 479: loss=2.90315
Epoch 480: loss=2.90374
Epoch 481: loss=2.90393
Epoch 482: loss=2.90494
Epoch 483: loss=2.90285
Epoch 484: loss=2.90611
Epoch 485: loss=2.90466
Epoch 486: loss=2.90484
Epoch 487: loss=2.90529
Epoch 488: loss=2.90503
Epoch 489: loss=2.90183
Epoch 490: loss=2.90461
Epoch 491: loss=2.90542
Epoch 492: loss=2.90580
Epoch 493: loss=2.90479
Epoch 494: loss=2.90477
Epoch 495: loss=2.90262
Epoch 496: loss=2.90534
Epoch 497: loss=2.90376
Epoch 498: loss=2.90235
Epoch 499: loss=2.90730
Epoch 500: loss=2.90458
Training accuracy: 0.065
Test accuracy: 0.072

File list dumped

Saved in file
