Lmod has detected the following error: The following module(s) are unknown:
"cuda-11.0.2-gcc-10.2.0-3wlbq6u"

Please check the spelling or version number. Also try "module spider ..."
It is also possible your cache file is out-of-date; it may help to try:
  $ module --ignore-cache load "cuda-11.0.2-gcc-10.2.0-3wlbq6u"

Also make sure that all modulefiles written in TCL start with the string
#%Module



/home/venkat/Unreliable_Synaptic_Transmission/Deepti/DOPcodes/SHD_dropout/dataset/shddataset/
made weight variables and loss histogram
The file is present.
Epoch 1: loss=2.74937
Epoch 2: loss=2.76257
Epoch 3: loss=2.77647
Epoch 4: loss=2.77072
Epoch 5: loss=2.76374
Epoch 6: loss=2.76632
Epoch 7: loss=2.74791
Epoch 8: loss=2.76493
Epoch 9: loss=2.77802
Epoch 10: loss=2.75532
Trained for 10 epochs
Training accuracy: 0.161
Epoch 1: loss=2.74622
Epoch 2: loss=2.76944
Epoch 3: loss=2.75645
Epoch 4: loss=2.75575
Epoch 5: loss=2.77540
Epoch 6: loss=2.77710
Epoch 7: loss=2.74747
Epoch 8: loss=2.75373
Epoch 9: loss=2.75386
Epoch 10: loss=2.76708
Epoch 11: loss=2.75629
Epoch 12: loss=2.76402
Epoch 13: loss=2.75793
Epoch 14: loss=2.76228
Epoch 15: loss=2.75757
Epoch 16: loss=2.74879
Epoch 17: loss=2.75763
Epoch 18: loss=2.76004
Epoch 19: loss=2.77236
Epoch 20: loss=2.77820
Epoch 21: loss=2.78175
Epoch 22: loss=2.75014
Epoch 23: loss=2.77327
Epoch 24: loss=2.76398
Epoch 25: loss=2.77409
Epoch 26: loss=2.75894
Epoch 27: loss=2.76266
Epoch 28: loss=2.76830
Epoch 29: loss=2.78221
Epoch 30: loss=2.75055
Epoch 31: loss=2.78574
Epoch 32: loss=2.74503
Epoch 33: loss=2.78334
Epoch 34: loss=2.78375
Epoch 35: loss=2.77503
Epoch 36: loss=2.77644
Epoch 37: loss=2.77773
Epoch 38: loss=2.75812
Epoch 39: loss=2.76428
Epoch 40: loss=2.77619
Epoch 41: loss=2.77764
Epoch 42: loss=2.74011
Epoch 43: loss=2.76295
Epoch 44: loss=2.75813
Epoch 45: loss=2.75795
Epoch 46: loss=2.77434
Epoch 47: loss=2.74423
Epoch 48: loss=2.74925
Epoch 49: loss=2.77860
Epoch 50: loss=2.75275
Epoch 51: loss=2.76530
Epoch 52: loss=2.76489
Epoch 53: loss=2.76976
Epoch 54: loss=2.76815
Epoch 55: loss=2.77185
Epoch 56: loss=2.76051
Epoch 57: loss=2.77060
Epoch 58: loss=2.76512
Epoch 59: loss=2.77599
Epoch 60: loss=2.75137
Epoch 61: loss=2.76214
Epoch 62: loss=2.74972
Epoch 63: loss=2.73708
Epoch 64: loss=2.76088
Epoch 65: loss=2.76064
Epoch 66: loss=2.74978
Epoch 67: loss=2.79319
Epoch 68: loss=2.74795
Epoch 69: loss=2.75491
Epoch 70: loss=2.75719
Epoch 71: loss=2.75253
Epoch 72: loss=2.76423
Epoch 73: loss=2.73918
Epoch 74: loss=2.76630
Epoch 75: loss=2.75684
Epoch 76: loss=2.75701
Epoch 77: loss=2.76984
Epoch 78: loss=2.77172
Epoch 79: loss=2.75796
Epoch 80: loss=2.76194
Epoch 81: loss=2.77129
Epoch 82: loss=2.75941
Epoch 83: loss=2.75247
Epoch 84: loss=2.74593
Epoch 85: loss=2.74188
Epoch 86: loss=2.75427
Epoch 87: loss=2.77289
Epoch 88: loss=2.75991
Epoch 89: loss=2.75742
Epoch 90: loss=2.74161
Epoch 91: loss=2.74560
Epoch 92: loss=2.76107
Epoch 93: loss=2.75005
Epoch 94: loss=2.75058
Epoch 95: loss=2.75880
Epoch 96: loss=2.77038
Epoch 97: loss=2.75132
Epoch 98: loss=2.73901
Epoch 99: loss=2.76518
Epoch 100: loss=2.75350
Epoch 101: loss=2.77498
Epoch 102: loss=2.74866
Epoch 103: loss=2.76282
Epoch 104: loss=2.76406
Epoch 105: loss=2.76436
Epoch 106: loss=2.74008
Epoch 107: loss=2.74250
Epoch 108: loss=2.72288
Epoch 109: loss=2.76817
Epoch 110: loss=2.74688
Epoch 111: loss=2.77086
Epoch 112: loss=2.77707
Epoch 113: loss=2.74754
Epoch 114: loss=2.74068
Epoch 115: loss=2.73886
Epoch 116: loss=2.74924
Epoch 117: loss=2.74989
Epoch 118: loss=2.77197
Epoch 119: loss=2.75565
Epoch 120: loss=2.75876
Epoch 121: loss=2.76961
Epoch 122: loss=2.74502
Epoch 123: loss=2.75521
Epoch 124: loss=2.75962
Epoch 125: loss=2.75090
Epoch 126: loss=2.74152
Epoch 127: loss=2.78226
Epoch 128: loss=2.73471
Epoch 129: loss=2.74162
Epoch 130: loss=2.72189
Epoch 131: loss=2.74166
Epoch 132: loss=2.74101
Epoch 133: loss=2.77319
Epoch 134: loss=2.75613
Epoch 135: loss=2.74070
Epoch 136: loss=2.78520
Epoch 137: loss=2.77821
Epoch 138: loss=2.77014
Epoch 139: loss=2.74570
Epoch 140: loss=2.75258
Epoch 141: loss=2.73776
Epoch 142: loss=2.74084
Epoch 143: loss=2.77570
Epoch 144: loss=2.76554
Epoch 145: loss=2.75316
Epoch 146: loss=2.75036
Epoch 147: loss=2.75766
Epoch 148: loss=2.73861
Epoch 149: loss=2.74766
Epoch 150: loss=2.76439
Epoch 151: loss=2.74745
Epoch 152: loss=2.75846
Epoch 153: loss=2.76710
Epoch 154: loss=2.75147
Epoch 155: loss=2.75926
Epoch 156: loss=2.73431
Epoch 157: loss=2.76955
Epoch 158: loss=2.75302
Epoch 159: loss=2.74926
Epoch 160: loss=2.75480
Epoch 161: loss=2.74555
Epoch 162: loss=2.75534
Epoch 163: loss=2.75262
Epoch 164: loss=2.74485
Epoch 165: loss=2.74303
Epoch 166: loss=2.76614
Epoch 167: loss=2.73756
Epoch 168: loss=2.75128
Epoch 169: loss=2.76969
Epoch 170: loss=2.75390
Epoch 171: loss=2.75570
Epoch 172: loss=2.77425
Epoch 173: loss=2.74321
Epoch 174: loss=2.72821
Epoch 175: loss=2.75298
Epoch 176: loss=2.75125
Epoch 177: loss=2.76256
Epoch 178: loss=2.75758
Epoch 179: loss=2.76369
Epoch 180: loss=2.75873
Epoch 181: loss=2.76140
Epoch 182: loss=2.77625
Epoch 183: loss=2.75077
Epoch 184: loss=2.75537
Epoch 185: loss=2.75049
Epoch 186: loss=2.74705
Epoch 187: loss=2.75331
Epoch 188: loss=2.75004
Epoch 189: loss=2.75854
Epoch 190: loss=2.75516
Epoch 191: loss=2.73606
Epoch 192: loss=2.75686
Epoch 193: loss=2.73960
Epoch 194: loss=2.75016
Epoch 195: loss=2.74368
Epoch 196: loss=2.74884
Epoch 197: loss=2.76707
Epoch 198: loss=2.73601
Epoch 199: loss=2.73369
Epoch 200: loss=2.73976
Epoch 201: loss=2.75273
Epoch 202: loss=2.75225
Epoch 203: loss=2.73506
Epoch 204: loss=2.75130
Epoch 205: loss=2.73374
Epoch 206: loss=2.74578
Epoch 207: loss=2.74072
Epoch 208: loss=2.76099
Epoch 209: loss=2.75056
Epoch 210: loss=2.75521
Epoch 211: loss=2.74791
Epoch 212: loss=2.74057
Epoch 213: loss=2.73869
Epoch 214: loss=2.73139
Epoch 215: loss=2.73663
Epoch 216: loss=2.73123
Epoch 217: loss=2.74871
Epoch 218: loss=2.76093
Epoch 219: loss=2.74917
Epoch 220: loss=2.76608
Epoch 221: loss=2.73426
Epoch 222: loss=2.73384
Epoch 223: loss=2.72722
Epoch 224: loss=2.74483
Epoch 225: loss=2.75408
Epoch 226: loss=2.72113
Epoch 227: loss=2.75000
Epoch 228: loss=2.74611
Epoch 229: loss=2.74177
Epoch 230: loss=2.74279
Epoch 231: loss=2.75474
Epoch 232: loss=2.73897
Epoch 233: loss=2.74515
Epoch 234: loss=2.72897
Epoch 235: loss=2.72505
Epoch 236: loss=2.73983
Epoch 237: loss=2.73380
Epoch 238: loss=2.74038
Epoch 239: loss=2.73666
Epoch 240: loss=2.75760
Epoch 241: loss=2.74069
Epoch 242: loss=2.76104
Epoch 243: loss=2.74765
Epoch 244: loss=2.74842
Epoch 245: loss=2.74107
Epoch 246: loss=2.72068
Epoch 247: loss=2.73555
Epoch 248: loss=2.73866
Epoch 249: loss=2.76612
Epoch 250: loss=2.75475
Epoch 251: loss=2.74294
Epoch 252: loss=2.74969
Epoch 253: loss=2.76343
Epoch 254: loss=2.74293
Epoch 255: loss=2.73243
Epoch 256: loss=2.73829
Epoch 257: loss=2.74585
Epoch 258: loss=2.75952
Epoch 259: loss=2.75384
Epoch 260: loss=2.75689
Epoch 261: loss=2.74798
Epoch 262: loss=2.74736
Epoch 263: loss=2.75764
Epoch 264: loss=2.74730
Epoch 265: loss=2.73550
Epoch 266: loss=2.74334
Epoch 267: loss=2.75320
Epoch 268: loss=2.73546
Epoch 269: loss=2.75704
Epoch 270: loss=2.74261
Epoch 271: loss=2.74802
Epoch 272: loss=2.74577
Epoch 273: loss=2.74051
Epoch 274: loss=2.73973
Epoch 275: loss=2.73163
Epoch 276: loss=2.73919
Epoch 277: loss=2.74078
Epoch 278: loss=2.75224
Epoch 279: loss=2.74272
Epoch 280: loss=2.75067
Epoch 281: loss=2.74221
Epoch 282: loss=2.74632
Epoch 283: loss=2.74574
Epoch 284: loss=2.73213
Epoch 285: loss=2.73644
Epoch 286: loss=2.74558
Epoch 287: loss=2.74967
Epoch 288: loss=2.74413
Epoch 289: loss=2.73338
Epoch 290: loss=2.74875
Epoch 291: loss=2.75034
Epoch 292: loss=2.73580
Epoch 293: loss=2.73013
Epoch 294: loss=2.76252
Epoch 295: loss=2.74157
Epoch 296: loss=2.73001
Epoch 297: loss=2.74956
Epoch 298: loss=2.72871
Epoch 299: loss=2.74508
Epoch 300: loss=2.71053
Epoch 301: loss=2.74518
Epoch 302: loss=2.72560
Epoch 303: loss=2.75010
Epoch 304: loss=2.73428
Epoch 305: loss=2.76258
Epoch 306: loss=2.73811
Epoch 307: loss=2.74769
Epoch 308: loss=2.74742
Epoch 309: loss=2.75898
Epoch 310: loss=2.72251
Epoch 311: loss=2.74172
Epoch 312: loss=2.71828
Epoch 313: loss=2.73388
Epoch 314: loss=2.74483
Epoch 315: loss=2.71482
Epoch 316: loss=2.74811
Epoch 317: loss=2.73626
Epoch 318: loss=2.71804
Epoch 319: loss=2.73146
Epoch 320: loss=2.74422
Epoch 321: loss=2.73963
Epoch 322: loss=2.75043
Epoch 323: loss=2.73607
Epoch 324: loss=2.73409
Epoch 325: loss=2.73235
Epoch 326: loss=2.74084
Epoch 327: loss=2.73965
Epoch 328: loss=2.73943
Epoch 329: loss=2.73332
Epoch 330: loss=2.72161
Epoch 331: loss=2.73912
Epoch 332: loss=2.74238
Epoch 333: loss=2.75045
Epoch 334: loss=2.75633
Epoch 335: loss=2.75519
Epoch 336: loss=2.72216
Epoch 337: loss=2.75921
Epoch 338: loss=2.74505
Epoch 339: loss=2.74815
Epoch 340: loss=2.73668
Epoch 341: loss=2.75332
Epoch 342: loss=2.73824
Epoch 343: loss=2.76055
Epoch 344: loss=2.72650
Epoch 345: loss=2.73879
Epoch 346: loss=2.73896
Epoch 347: loss=2.73151
Epoch 348: loss=2.74130
Epoch 349: loss=2.73385
Epoch 350: loss=2.75783
Epoch 351: loss=2.74771
Epoch 352: loss=2.72277
Epoch 353: loss=2.72822
Epoch 354: loss=2.73396
Epoch 355: loss=2.73142
Epoch 356: loss=2.73652
Epoch 357: loss=2.74404
Epoch 358: loss=2.73939
Epoch 359: loss=2.74965
Epoch 360: loss=2.73826
Epoch 361: loss=2.73523
Epoch 362: loss=2.71702
Epoch 363: loss=2.72645
Epoch 364: loss=2.74634
Epoch 365: loss=2.74538
Epoch 366: loss=2.74156
Epoch 367: loss=2.75436
Epoch 368: loss=2.73291
Epoch 369: loss=2.73318
Epoch 370: loss=2.74369
Epoch 371: loss=2.73305
Epoch 372: loss=2.74921
Epoch 373: loss=2.73485
Epoch 374: loss=2.74383
Epoch 375: loss=2.74422
Epoch 376: loss=2.73319
Epoch 377: loss=2.74728
Epoch 378: loss=2.75360
Epoch 379: loss=2.73617
Epoch 380: loss=2.72586
Epoch 381: loss=2.74546
Epoch 382: loss=2.75601
Epoch 383: loss=2.73847
Epoch 384: loss=2.73285
Epoch 385: loss=2.77549
Epoch 386: loss=2.75321
Epoch 387: loss=2.74088
Epoch 388: loss=2.73851
Epoch 389: loss=2.72540
Epoch 390: loss=2.72476
Epoch 391: loss=2.73348
Epoch 392: loss=2.72461
Epoch 393: loss=2.73132
Epoch 394: loss=2.74819
Epoch 395: loss=2.74673
Epoch 396: loss=2.74918
Epoch 397: loss=2.75275
Epoch 398: loss=2.75814
Epoch 399: loss=2.75107
Epoch 400: loss=2.74361
Epoch 401: loss=2.75009
Epoch 402: loss=2.72620
Epoch 403: loss=2.73668
Epoch 404: loss=2.72926
Epoch 405: loss=2.75028
Epoch 406: loss=2.75267
Epoch 407: loss=2.74891
Epoch 408: loss=2.72906
Epoch 409: loss=2.73289
Epoch 410: loss=2.74008
Epoch 411: loss=2.75583
Epoch 412: loss=2.73688
Epoch 413: loss=2.73019
Epoch 414: loss=2.74723
Epoch 415: loss=2.75606
Epoch 416: loss=2.71964
Epoch 417: loss=2.75222
Epoch 418: loss=2.74749
Epoch 419: loss=2.75209
Epoch 420: loss=2.74221
Epoch 421: loss=2.74364
Epoch 422: loss=2.76106
Epoch 423: loss=2.73329
Epoch 424: loss=2.73225
Epoch 425: loss=2.73894
Epoch 426: loss=2.72360
Epoch 427: loss=2.75084
Epoch 428: loss=2.74612
Epoch 429: loss=2.75665
Epoch 430: loss=2.73472
Epoch 431: loss=2.75122
Epoch 432: loss=2.75143
Epoch 433: loss=2.76184
Epoch 434: loss=2.74833
Epoch 435: loss=2.74405
Epoch 436: loss=2.73071
Epoch 437: loss=2.75274
Epoch 438: loss=2.75308
Epoch 439: loss=2.72925
Epoch 440: loss=2.75698
Epoch 441: loss=2.73077
Epoch 442: loss=2.75135
Epoch 443: loss=2.74187
Epoch 444: loss=2.73589
Epoch 445: loss=2.73318
Epoch 446: loss=2.73703
Epoch 447: loss=2.73198
Epoch 448: loss=2.73870
Epoch 449: loss=2.73867
Epoch 450: loss=2.73781
Epoch 451: loss=2.75311
Epoch 452: loss=2.73126
Epoch 453: loss=2.74923
Epoch 454: loss=2.72704
Epoch 455: loss=2.73630
Epoch 456: loss=2.73570
Epoch 457: loss=2.73270
Epoch 458: loss=2.74342
Epoch 459: loss=2.74909
Epoch 460: loss=2.73600
Epoch 461: loss=2.74471
Epoch 462: loss=2.73509
Epoch 463: loss=2.75482
Epoch 464: loss=2.74086
Epoch 465: loss=2.72047
Epoch 466: loss=2.73720
Epoch 467: loss=2.72735
Epoch 468: loss=2.74502
Epoch 469: loss=2.75630
Epoch 470: loss=2.76122
Epoch 471: loss=2.71661
Epoch 472: loss=2.73775
Epoch 473: loss=2.74349
Epoch 474: loss=2.75916
Epoch 475: loss=2.75416
Epoch 476: loss=2.75265
Epoch 477: loss=2.74503
Epoch 478: loss=2.75976
Epoch 479: loss=2.74390
Epoch 480: loss=2.74841
Epoch 481: loss=2.73224
Epoch 482: loss=2.74358
Epoch 483: loss=2.74407
Epoch 484: loss=2.75520
Epoch 485: loss=2.72479
Epoch 486: loss=2.75253
Epoch 487: loss=2.73088
Epoch 488: loss=2.75209
Epoch 489: loss=2.74732
Epoch 490: loss=2.74079
Epoch 491: loss=2.73910
Epoch 492: loss=2.73171
Epoch 493: loss=2.73929
Epoch 494: loss=2.78929
Epoch 495: loss=2.72002
Epoch 496: loss=2.75722
Epoch 497: loss=2.73638
Epoch 498: loss=2.73345
Epoch 499: loss=2.75891
Epoch 500: loss=2.73571
Epoch 501: loss=2.72768
Epoch 502: loss=2.73750
Epoch 503: loss=2.73171
Epoch 504: loss=2.74432
Epoch 505: loss=2.75211
Epoch 506: loss=2.73320
Epoch 507: loss=2.73488
Epoch 508: loss=2.75246
Epoch 509: loss=2.73683
Epoch 510: loss=2.75400
Epoch 511: loss=2.74054
Epoch 512: loss=2.75794
Epoch 513: loss=2.74189
Epoch 514: loss=2.74293
Epoch 515: loss=2.75101
Epoch 516: loss=2.76266
Epoch 517: loss=2.72211
Epoch 518: loss=2.72989
Epoch 519: loss=2.73450
Epoch 520: loss=2.76320
Epoch 521: loss=2.72149
Epoch 522: loss=2.73246
Epoch 523: loss=2.72959
Epoch 524: loss=2.73010
Epoch 525: loss=2.75742
Epoch 526: loss=2.73233
Epoch 527: loss=2.74607
Epoch 528: loss=2.74449
Epoch 529: loss=2.73852
Epoch 530: loss=2.72798
Epoch 531: loss=2.75574
Epoch 532: loss=2.74607
Epoch 533: loss=2.73869
Epoch 534: loss=2.73811
Epoch 535: loss=2.73668
Epoch 536: loss=2.73957
Epoch 537: loss=2.73567
Epoch 538: loss=2.73740
Epoch 539: loss=2.72444
Epoch 540: loss=2.72810
Epoch 541: loss=2.74134
Epoch 542: loss=2.73878
Epoch 543: loss=2.72345
Epoch 544: loss=2.73403
Epoch 545: loss=2.73785
Epoch 546: loss=2.73631
Epoch 547: loss=2.73997
Epoch 548: loss=2.72869
Epoch 549: loss=2.74145
Epoch 550: loss=2.73587
Epoch 551: loss=2.74369
Epoch 552: loss=2.71775
Epoch 553: loss=2.73999
Epoch 554: loss=2.74765
Epoch 555: loss=2.73959
Epoch 556: loss=2.74212
Epoch 557: loss=2.73662
Epoch 558: loss=2.74553
Epoch 559: loss=2.76658
Epoch 560: loss=2.74137
Epoch 561: loss=2.74621
Epoch 562: loss=2.73810
Epoch 563: loss=2.73744
Epoch 564: loss=2.73552
Epoch 565: loss=2.73242
Epoch 566: loss=2.74256
Epoch 567: loss=2.74253
Epoch 568: loss=2.74447
Epoch 569: loss=2.74504
Epoch 570: loss=2.75585
Epoch 571: loss=2.72572
Epoch 572: loss=2.73240
Epoch 573: loss=2.74699
Epoch 574: loss=2.75052
Epoch 575: loss=2.76484
Epoch 576: loss=2.75645
Epoch 577: loss=2.74524
Epoch 578: loss=2.73064
Epoch 579: loss=2.74820
Epoch 580: loss=2.75491
Epoch 581: loss=2.73869
Epoch 582: loss=2.73334
Epoch 583: loss=2.74219
Epoch 584: loss=2.73616
Epoch 585: loss=2.73625
Epoch 586: loss=2.74924
Epoch 587: loss=2.74594
Epoch 588: loss=2.73662
Epoch 589: loss=2.73841
Epoch 590: loss=2.72493
Epoch 591: loss=2.73406
Epoch 592: loss=2.73323
Epoch 593: loss=2.74901
Epoch 594: loss=2.72810
Epoch 595: loss=2.74008
Epoch 596: loss=2.73442
Epoch 597: loss=2.73271
Epoch 598: loss=2.74113
Epoch 599: loss=2.73856
Epoch 600: loss=2.73718
Epoch 601: loss=2.74559
Epoch 602: loss=2.72860
Epoch 603: loss=2.73881
Epoch 604: loss=2.74370
Epoch 605: loss=2.74617
Epoch 606: loss=2.73857
Epoch 607: loss=2.73137
Epoch 608: loss=2.74700
Epoch 609: loss=2.77242
Epoch 610: loss=2.73727
Epoch 611: loss=2.73026
Epoch 612: loss=2.73907
Epoch 613: loss=2.74045
Epoch 614: loss=2.74427
Epoch 615: loss=2.71399
Epoch 616: loss=2.74267
Epoch 617: loss=2.73932
Epoch 618: loss=2.74847
Epoch 619: loss=2.76057
Epoch 620: loss=2.74022
Epoch 621: loss=2.73533
Epoch 622: loss=2.74326
Epoch 623: loss=2.73762
Epoch 624: loss=2.74009
Epoch 625: loss=2.72855
Epoch 626: loss=2.75006
Epoch 627: loss=2.74710
Epoch 628: loss=2.74359
Epoch 629: loss=2.74402
Epoch 630: loss=2.72035
Epoch 631: loss=2.72505
Epoch 632: loss=2.75357
Epoch 633: loss=2.74975
Epoch 634: loss=2.73413
Epoch 635: loss=2.74683
Epoch 636: loss=2.75064
Epoch 637: loss=2.74189
Epoch 638: loss=2.74443
Epoch 639: loss=2.75270
Epoch 640: loss=2.74219
Epoch 641: loss=2.73404
Epoch 642: loss=2.76056
Epoch 643: loss=2.73907
Epoch 644: loss=2.72381
Epoch 645: loss=2.73762
Epoch 646: loss=2.72847
Epoch 647: loss=2.75857
Epoch 648: loss=2.73824
Epoch 649: loss=2.73697
Epoch 650: loss=2.73191
Epoch 651: loss=2.72741
Epoch 652: loss=2.73848
Epoch 653: loss=2.73041
Epoch 654: loss=2.76074
Epoch 655: loss=2.72273
Epoch 656: loss=2.75193
Epoch 657: loss=2.72756
Epoch 658: loss=2.74436
Epoch 659: loss=2.74264
Epoch 660: loss=2.74884
Epoch 661: loss=2.72537
Epoch 662: loss=2.72122
Epoch 663: loss=2.72570
Epoch 664: loss=2.73507
Epoch 665: loss=2.74451
Epoch 666: loss=2.73248
Epoch 667: loss=2.73065
Epoch 668: loss=2.74865
Epoch 669: loss=2.71335
Epoch 670: loss=2.73785
Epoch 671: loss=2.74473
Epoch 672: loss=2.73670
Epoch 673: loss=2.73060
Epoch 674: loss=2.73416
Epoch 675: loss=2.72540
Epoch 676: loss=2.73320
Epoch 677: loss=2.74323
Epoch 678: loss=2.73493
Epoch 679: loss=2.73063
Epoch 680: loss=2.73477
Epoch 681: loss=2.73182
Epoch 682: loss=2.72830
Epoch 683: loss=2.71897
Epoch 684: loss=2.74564
Epoch 685: loss=2.72364
Epoch 686: loss=2.71797
Epoch 687: loss=2.73727
Epoch 688: loss=2.75412
Epoch 689: loss=2.70952
Epoch 690: loss=2.72344
Epoch 691: loss=2.73345
Epoch 692: loss=2.73468
Epoch 693: loss=2.73636
Epoch 694: loss=2.73162
Epoch 695: loss=2.74870
Epoch 696: loss=2.76788
Epoch 697: loss=2.74252
Epoch 698: loss=2.72324
Epoch 699: loss=2.73244
Epoch 700: loss=2.73358
Epoch 701: loss=2.73386
Epoch 702: loss=2.74752
Epoch 703: loss=2.71993
Epoch 704: loss=2.74714
Epoch 705: loss=2.73252
Epoch 706: loss=2.74812
Epoch 707: loss=2.73509
Epoch 708: loss=2.74261
Epoch 709: loss=2.72674
Epoch 710: loss=2.74023
Epoch 711: loss=2.73528
Epoch 712: loss=2.73815
Epoch 713: loss=2.73547
Epoch 714: loss=2.72213
Epoch 715: loss=2.73839
Epoch 716: loss=2.72916
Epoch 717: loss=2.73530
Epoch 718: loss=2.74996
Epoch 719: loss=2.73642
Epoch 720: loss=2.73314
Epoch 721: loss=2.73488
Epoch 722: loss=2.73446
Epoch 723: loss=2.74543
Epoch 724: loss=2.71308
Epoch 725: loss=2.74406
Epoch 726: loss=2.74516
Epoch 727: loss=2.74126
Epoch 728: loss=2.72952
Epoch 729: loss=2.71993
Epoch 730: loss=2.73616
Epoch 731: loss=2.75525
Epoch 732: loss=2.73790
Epoch 733: loss=2.73219
Epoch 734: loss=2.72203
Epoch 735: loss=2.72877
Epoch 736: loss=2.73638
Epoch 737: loss=2.72719
Epoch 738: loss=2.75734
Epoch 739: loss=2.73457
Epoch 740: loss=2.73940
Epoch 741: loss=2.72200
Epoch 742: loss=2.73154
Epoch 743: loss=2.74972
Epoch 744: loss=2.72692
Epoch 745: loss=2.73377
Epoch 746: loss=2.73855
Epoch 747: loss=2.71345
Epoch 748: loss=2.72858
Epoch 749: loss=2.71892
Epoch 750: loss=2.73530
Epoch 751: loss=2.73968
Epoch 752: loss=2.74060
Epoch 753: loss=2.74605
Epoch 754: loss=2.72284
Epoch 755: loss=2.72290
Epoch 756: loss=2.72597
Epoch 757: loss=2.73305
Epoch 758: loss=2.73306
Epoch 759: loss=2.73424
Epoch 760: loss=2.73726
Epoch 761: loss=2.73514
Epoch 762: loss=2.75538
Epoch 763: loss=2.74764
Epoch 764: loss=2.75513
Epoch 765: loss=2.72799
Epoch 766: loss=2.76378
Epoch 767: loss=2.72925
Epoch 768: loss=2.73227
Epoch 769: loss=2.73642
Epoch 770: loss=2.73618
Epoch 771: loss=2.73543
Epoch 772: loss=2.75329
Epoch 773: loss=2.73747
Epoch 774: loss=2.73498
Epoch 775: loss=2.71848
Epoch 776: loss=2.74995
Epoch 777: loss=2.72852
Epoch 778: loss=2.73403
Epoch 779: loss=2.73065
Epoch 780: loss=2.73882
Epoch 781: loss=2.72843
Epoch 782: loss=2.73736
Epoch 783: loss=2.72091
Epoch 784: loss=2.72779
Epoch 785: loss=2.73520
Epoch 786: loss=2.75183
Epoch 787: loss=2.75817
Epoch 788: loss=2.74413
Epoch 789: loss=2.71714
Epoch 790: loss=2.72413
Epoch 791: loss=2.72578
Epoch 792: loss=2.74062
Epoch 793: loss=2.73721
Epoch 794: loss=2.72773
Epoch 795: loss=2.72747
Epoch 796: loss=2.72385
Epoch 797: loss=2.72991
Epoch 798: loss=2.72283
Epoch 799: loss=2.73494
Epoch 800: loss=2.72836
Epoch 801: loss=2.72343
Epoch 802: loss=2.74592
Epoch 803: loss=2.74625
Epoch 804: loss=2.75675
Epoch 805: loss=2.73115
Epoch 806: loss=2.71578
Epoch 807: loss=2.75007
Epoch 808: loss=2.73768
Epoch 809: loss=2.71203
Epoch 810: loss=2.73700
Epoch 811: loss=2.74160
Epoch 812: loss=2.71197
Epoch 813: loss=2.75260
Epoch 814: loss=2.74230
Epoch 815: loss=2.73206
Epoch 816: loss=2.74350
Epoch 817: loss=2.73055
Epoch 818: loss=2.71313
Epoch 819: loss=2.74855
Epoch 820: loss=2.72030
Epoch 821: loss=2.73664
Epoch 822: loss=2.73630
Epoch 823: loss=2.74290
Epoch 824: loss=2.75355
Epoch 825: loss=2.74236
Epoch 826: loss=2.72620
Epoch 827: loss=2.73075
Epoch 828: loss=2.74473
Epoch 829: loss=2.73396
Epoch 830: loss=2.71964
Epoch 831: loss=2.73562
Epoch 832: loss=2.72221
Epoch 833: loss=2.72701
Epoch 834: loss=2.73597
Epoch 835: loss=2.73417
Epoch 836: loss=2.73560
Epoch 837: loss=2.71433
Epoch 838: loss=2.74079
Epoch 839: loss=2.72419
Epoch 840: loss=2.72444
Epoch 841: loss=2.72807
Epoch 842: loss=2.71820
Epoch 843: loss=2.74429
Epoch 844: loss=2.71360
Epoch 845: loss=2.72273
Epoch 846: loss=2.72249
Epoch 847: loss=2.74168
Epoch 848: loss=2.73040
Epoch 849: loss=2.72170
Epoch 850: loss=2.73777
Epoch 851: loss=2.72913
Epoch 852: loss=2.72809
Epoch 853: loss=2.73797
Epoch 854: loss=2.72635
Epoch 855: loss=2.74116
Epoch 856: loss=2.72882
Epoch 857: loss=2.71486
Epoch 858: loss=2.73724
Epoch 859: loss=2.72945
Epoch 860: loss=2.72107
Epoch 861: loss=2.75175
Epoch 862: loss=2.73135
Epoch 863: loss=2.73437
Epoch 864: loss=2.73935
Epoch 865: loss=2.73662
Epoch 866: loss=2.72305
Epoch 867: loss=2.73763
Epoch 868: loss=2.72726
Epoch 869: loss=2.74174
Epoch 870: loss=2.71979
Epoch 871: loss=2.73056
Epoch 872: loss=2.73291
Epoch 873: loss=2.71887
Epoch 874: loss=2.72782
Epoch 875: loss=2.73717
Epoch 876: loss=2.76034
Epoch 877: loss=2.72801
Epoch 878: loss=2.72140
Epoch 879: loss=2.72326
Epoch 880: loss=2.73850
Epoch 881: loss=2.73623
Epoch 882: loss=2.72751
Epoch 883: loss=2.72102
Epoch 884: loss=2.72812
Epoch 885: loss=2.71574
Epoch 886: loss=2.72247
Epoch 887: loss=2.72365
Epoch 888: loss=2.73552
Epoch 889: loss=2.74270
Epoch 890: loss=2.72273
Epoch 891: loss=2.72775
Epoch 892: loss=2.72605
Epoch 893: loss=2.73485
Epoch 894: loss=2.72914
Epoch 895: loss=2.73483
Epoch 896: loss=2.72640
Epoch 897: loss=2.74319
Epoch 898: loss=2.73925
Epoch 899: loss=2.73994
Epoch 900: loss=2.76214
Epoch 901: loss=2.71241
Epoch 902: loss=2.72398
Epoch 903: loss=2.71775
Epoch 904: loss=2.70917
Epoch 905: loss=2.75972
Epoch 906: loss=2.73463
Epoch 907: loss=2.73058
Epoch 908: loss=2.73019
Epoch 909: loss=2.73684
Epoch 910: loss=2.72356
Epoch 911: loss=2.75299
Epoch 912: loss=2.72150
Epoch 913: loss=2.71579
Epoch 914: loss=2.72924
Epoch 915: loss=2.73838
Epoch 916: loss=2.72145
Epoch 917: loss=2.72048
Epoch 918: loss=2.73559
Epoch 919: loss=2.72399
Epoch 920: loss=2.77003
Epoch 921: loss=2.72580
Epoch 922: loss=2.72173
Epoch 923: loss=2.73270
Epoch 924: loss=2.72540
Epoch 925: loss=2.72286
Epoch 926: loss=2.72922
Epoch 927: loss=2.71117
Epoch 928: loss=2.70983
Epoch 929: loss=2.70600
Epoch 930: loss=2.73968
Epoch 931: loss=2.73166
Epoch 932: loss=2.74604
Epoch 933: loss=2.74917
Epoch 934: loss=2.72358
Epoch 935: loss=2.72849
Epoch 936: loss=2.73305
Epoch 937: loss=2.74718
Epoch 938: loss=2.70836
Epoch 939: loss=2.72279
Epoch 940: loss=2.75039
Epoch 941: loss=2.71652
Epoch 942: loss=2.73181
Epoch 943: loss=2.72144
Epoch 944: loss=2.73608
Epoch 945: loss=2.74622
Epoch 946: loss=2.73281
Epoch 947: loss=2.71829
Epoch 948: loss=2.73037
Epoch 949: loss=2.73249
Epoch 950: loss=2.75391
Epoch 951: loss=2.72237
Epoch 952: loss=2.72679
Epoch 953: loss=2.73585
Epoch 954: loss=2.73357
Epoch 955: loss=2.73460
Epoch 956: loss=2.71820
Epoch 957: loss=2.72669
Epoch 958: loss=2.73176
Epoch 959: loss=2.72795
Epoch 960: loss=2.71534
Epoch 961: loss=2.74264
Epoch 962: loss=2.74039
Epoch 963: loss=2.73217
Epoch 964: loss=2.72701
Epoch 965: loss=2.73829
Epoch 966: loss=2.74255
Epoch 967: loss=2.75345
Epoch 968: loss=2.72600
Epoch 969: loss=2.72923
Epoch 970: loss=2.72895
Epoch 971: loss=2.73049
Epoch 972: loss=2.71189
Epoch 973: loss=2.73642
Epoch 974: loss=2.72814
Epoch 975: loss=2.72065
Epoch 976: loss=2.71539
Epoch 977: loss=2.73402
Epoch 978: loss=2.73040
Epoch 979: loss=2.72856
Epoch 980: loss=2.72734
Epoch 981: loss=2.73442
Epoch 982: loss=2.73523
Epoch 983: loss=2.72581
Epoch 984: loss=2.76378
Epoch 985: loss=2.75840
Epoch 986: loss=2.74665
Epoch 987: loss=2.73643
Epoch 988: loss=2.72938
Epoch 989: loss=2.73904
Epoch 990: loss=2.73319
Epoch 991: loss=2.72621
Epoch 992: loss=2.72723
Epoch 993: loss=2.72905
Epoch 994: loss=2.71769
Epoch 995: loss=2.74997
Epoch 996: loss=2.73533
Epoch 997: loss=2.74744
Epoch 998: loss=2.72517
Epoch 999: loss=2.72067
Epoch 1000: loss=2.74323
Epoch 1001: loss=2.73312
Epoch 1002: loss=2.73017
Epoch 1003: loss=2.73553
Epoch 1004: loss=2.73105
Epoch 1005: loss=2.73220
Epoch 1006: loss=2.73435
Epoch 1007: loss=2.74233
Epoch 1008: loss=2.71909
Epoch 1009: loss=2.73031
Epoch 1010: loss=2.75184
Epoch 1011: loss=2.72253
Epoch 1012: loss=2.72981
Epoch 1013: loss=2.73562
Epoch 1014: loss=2.73215
Epoch 1015: loss=2.72756
Epoch 1016: loss=2.72953
Epoch 1017: loss=2.72028
Epoch 1018: loss=2.75305
Epoch 1019: loss=2.72874
Epoch 1020: loss=2.71833
Epoch 1021: loss=2.74425
Epoch 1022: loss=2.72399
Epoch 1023: loss=2.72803
Epoch 1024: loss=2.73452
Epoch 1025: loss=2.73266
Epoch 1026: loss=2.75242
Epoch 1027: loss=2.74703
Epoch 1028: loss=2.73226
Epoch 1029: loss=2.73071
Epoch 1030: loss=2.75268
Epoch 1031: loss=2.74384
Epoch 1032: loss=2.72151
Epoch 1033: loss=2.72641
Epoch 1034: loss=2.73244
Epoch 1035: loss=2.72161
Epoch 1036: loss=2.73034
Epoch 1037: loss=2.73412
Epoch 1038: loss=2.71489
Epoch 1039: loss=2.72179
Epoch 1040: loss=2.73367
Epoch 1041: loss=2.71355
Epoch 1042: loss=2.72731
Epoch 1043: loss=2.71678
Epoch 1044: loss=2.71342
Epoch 1045: loss=2.73341
Epoch 1046: loss=2.73387
Epoch 1047: loss=2.71581
Epoch 1048: loss=2.72561
Epoch 1049: loss=2.73399
Epoch 1050: loss=2.72178
Epoch 1051: loss=2.73050
Epoch 1052: loss=2.71696
Epoch 1053: loss=2.73033
Epoch 1054: loss=2.71824
Epoch 1055: loss=2.72220
Epoch 1056: loss=2.73890
Epoch 1057: loss=2.72011
Epoch 1058: loss=2.73648
Epoch 1059: loss=2.71160
Epoch 1060: loss=2.73957
Epoch 1061: loss=2.74573
Epoch 1062: loss=2.73013
Epoch 1063: loss=2.72558
Epoch 1064: loss=2.72733
Epoch 1065: loss=2.71873
Epoch 1066: loss=2.72780
Epoch 1067: loss=2.72182
Epoch 1068: loss=2.72998
Epoch 1069: loss=2.70806
Epoch 1070: loss=2.71244
Epoch 1071: loss=2.71303
Epoch 1072: loss=2.73229
Epoch 1073: loss=2.71999
Epoch 1074: loss=2.72267
Epoch 1075: loss=2.72704
Epoch 1076: loss=2.70527
Epoch 1077: loss=2.72553
Epoch 1078: loss=2.73193
Epoch 1079: loss=2.74844
Epoch 1080: loss=2.71419
Epoch 1081: loss=2.72228
Epoch 1082: loss=2.72779
Epoch 1083: loss=2.73475
Epoch 1084: loss=2.74455
Epoch 1085: loss=2.75288
Epoch 1086: loss=2.74067
Epoch 1087: loss=2.74781
Epoch 1088: loss=2.72605
Epoch 1089: loss=2.72957
Epoch 1090: loss=2.78247
Epoch 1091: loss=2.73173
Epoch 1092: loss=2.74339
Epoch 1093: loss=2.70808
Epoch 1094: loss=2.73482
Epoch 1095: loss=2.72839
Epoch 1096: loss=2.72893
Epoch 1097: loss=2.74447
Epoch 1098: loss=2.72620
Epoch 1099: loss=2.71845
Epoch 1100: loss=2.74837
Epoch 1101: loss=2.76047
Epoch 1102: loss=2.74657
Epoch 1103: loss=2.73673
Epoch 1104: loss=2.72679
Epoch 1105: loss=2.72262
Epoch 1106: loss=2.72850
Epoch 1107: loss=2.70946
Epoch 1108: loss=2.71446
Epoch 1109: loss=2.72139
Epoch 1110: loss=2.74237
Epoch 1111: loss=2.72379
Epoch 1112: loss=2.73147
Epoch 1113: loss=2.73715
Epoch 1114: loss=2.72997
Epoch 1115: loss=2.72349
Epoch 1116: loss=2.72074
Epoch 1117: loss=2.71987
Epoch 1118: loss=2.73427
Epoch 1119: loss=2.72891
Epoch 1120: loss=2.73674
Epoch 1121: loss=2.73952
Epoch 1122: loss=2.73072
Epoch 1123: loss=2.73257
Epoch 1124: loss=2.73007
Epoch 1125: loss=2.75154
Epoch 1126: loss=2.72058
Epoch 1127: loss=2.73434
Epoch 1128: loss=2.76177
Epoch 1129: loss=2.73128
Epoch 1130: loss=2.72945
Epoch 1131: loss=2.73986
Epoch 1132: loss=2.73988
Epoch 1133: loss=2.74568
Epoch 1134: loss=2.76298
Epoch 1135: loss=2.71869
Epoch 1136: loss=2.75722
Epoch 1137: loss=2.73634
Epoch 1138: loss=2.75538
Epoch 1139: loss=2.74165
Epoch 1140: loss=2.75498
Epoch 1141: loss=2.74495
Epoch 1142: loss=2.73934
Epoch 1143: loss=2.74375
Epoch 1144: loss=2.72256
Epoch 1145: loss=2.74141
Epoch 1146: loss=2.72410
Epoch 1147: loss=2.74181
Epoch 1148: loss=2.74629
Epoch 1149: loss=2.72876
Epoch 1150: loss=2.73769
Epoch 1151: loss=2.74023
Epoch 1152: loss=2.74371
Epoch 1153: loss=2.74778
Epoch 1154: loss=2.74380
Epoch 1155: loss=2.73877
Epoch 1156: loss=2.73452
Epoch 1157: loss=2.72777
Epoch 1158: loss=2.74852
Epoch 1159: loss=2.74148
Epoch 1160: loss=2.73119
Epoch 1161: loss=2.73333
Epoch 1162: loss=2.73129
Epoch 1163: loss=2.72177
Epoch 1164: loss=2.72892
Epoch 1165: loss=2.72699
Epoch 1166: loss=2.74561
Epoch 1167: loss=2.74246
Epoch 1168: loss=2.73852
Epoch 1169: loss=2.72658
Epoch 1170: loss=2.72959
Epoch 1171: loss=2.74902
Epoch 1172: loss=2.73370
Epoch 1173: loss=2.72759
Epoch 1174: loss=2.72461
Epoch 1175: loss=2.73322
Epoch 1176: loss=2.72647
Epoch 1177: loss=2.72002
Epoch 1178: loss=2.72491
Epoch 1179: loss=2.70583
Epoch 1180: loss=2.73086
Epoch 1181: loss=2.71411
Epoch 1182: loss=2.72234
Epoch 1183: loss=2.72800
Epoch 1184: loss=2.74691
Epoch 1185: loss=2.73722
Epoch 1186: loss=2.72835
Epoch 1187: loss=2.72484
Epoch 1188: loss=2.73542
Epoch 1189: loss=2.72681
Epoch 1190: loss=2.71911
Epoch 1191: loss=2.75114
Epoch 1192: loss=2.74566
Epoch 1193: loss=2.73488
Epoch 1194: loss=2.72440
Epoch 1195: loss=2.73206
Epoch 1196: loss=2.73142
Epoch 1197: loss=2.71696
Epoch 1198: loss=2.73182
Epoch 1199: loss=2.73041
Epoch 1200: loss=2.74274
Epoch 1201: loss=2.72595
Epoch 1202: loss=2.74484
Epoch 1203: loss=2.75757
Epoch 1204: loss=2.73691
Epoch 1205: loss=2.71530
Epoch 1206: loss=2.74209
Epoch 1207: loss=2.72678
Epoch 1208: loss=2.74962
Epoch 1209: loss=2.71461
Epoch 1210: loss=2.73050
Epoch 1211: loss=2.69813
Epoch 1212: loss=2.72873
Epoch 1213: loss=2.72108
Epoch 1214: loss=2.73732
Epoch 1215: loss=2.73970
Epoch 1216: loss=2.73249
Epoch 1217: loss=2.72965
Epoch 1218: loss=2.75243
Epoch 1219: loss=2.74336
Epoch 1220: loss=2.73949
Epoch 1221: loss=2.72686
Epoch 1222: loss=2.71409
Epoch 1223: loss=2.73640
Epoch 1224: loss=2.74917
Epoch 1225: loss=2.74801
Epoch 1226: loss=2.72322
Epoch 1227: loss=2.72021
Epoch 1228: loss=2.74179
Epoch 1229: loss=2.72288
Epoch 1230: loss=2.73075
Epoch 1231: loss=2.74976
Epoch 1232: loss=2.72005
Epoch 1233: loss=2.75220
Epoch 1234: loss=2.73865
Epoch 1235: loss=2.71525
Epoch 1236: loss=2.73323
Epoch 1237: loss=2.73486
Epoch 1238: loss=2.73269
Epoch 1239: loss=2.75015
Epoch 1240: loss=2.73332
Epoch 1241: loss=2.73630
Epoch 1242: loss=2.72527
Epoch 1243: loss=2.71756
Epoch 1244: loss=2.72166
Epoch 1245: loss=2.71701
Epoch 1246: loss=2.71583
Epoch 1247: loss=2.71245
Epoch 1248: loss=2.72231
Epoch 1249: loss=2.73554
Epoch 1250: loss=2.72265
Epoch 1251: loss=2.71504
Epoch 1252: loss=2.72876
Epoch 1253: loss=2.71380
Epoch 1254: loss=2.71416
Epoch 1255: loss=2.74160
Epoch 1256: loss=2.71779
Epoch 1257: loss=2.72989
Epoch 1258: loss=2.74288
Epoch 1259: loss=2.72785
Epoch 1260: loss=2.73886
Epoch 1261: loss=2.73243
Epoch 1262: loss=2.72992
Epoch 1263: loss=2.73472
Epoch 1264: loss=2.73415
Epoch 1265: loss=2.72384
Epoch 1266: loss=2.74283
Epoch 1267: loss=2.74908
Epoch 1268: loss=2.70888
Epoch 1269: loss=2.71634
Epoch 1270: loss=2.73216
Epoch 1271: loss=2.73538
Epoch 1272: loss=2.71167
Epoch 1273: loss=2.73281
Epoch 1274: loss=2.73513
Epoch 1275: loss=2.75728
Epoch 1276: loss=2.72299
Epoch 1277: loss=2.73515
Epoch 1278: loss=2.71980
Epoch 1279: loss=2.72141
Epoch 1280: loss=2.74054
Epoch 1281: loss=2.73984
Epoch 1282: loss=2.72476
Epoch 1283: loss=2.72860
Epoch 1284: loss=2.75038
Epoch 1285: loss=2.74269
Epoch 1286: loss=2.74802
Epoch 1287: loss=2.73479
Epoch 1288: loss=2.71845
Epoch 1289: loss=2.73076
Epoch 1290: loss=2.71888
Epoch 1291: loss=2.72319
Epoch 1292: loss=2.74202
Epoch 1293: loss=2.73351
Epoch 1294: loss=2.73411
Epoch 1295: loss=2.74216
Epoch 1296: loss=2.71631
Epoch 1297: loss=2.72796
Epoch 1298: loss=2.72357
Epoch 1299: loss=2.73405
Epoch 1300: loss=2.72498
Epoch 1301: loss=2.71717
Epoch 1302: loss=2.73023
Epoch 1303: loss=2.72134
Epoch 1304: loss=2.71898
Epoch 1305: loss=2.73075
Epoch 1306: loss=2.73281
Epoch 1307: loss=2.74769
Epoch 1308: loss=2.72838
Epoch 1309: loss=2.74146
Epoch 1310: loss=2.72798
Epoch 1311: loss=2.73371
Epoch 1312: loss=2.72009
Epoch 1313: loss=2.74515
Epoch 1314: loss=2.73747
Epoch 1315: loss=2.72789
Epoch 1316: loss=2.73312
Epoch 1317: loss=2.72507
Epoch 1318: loss=2.72596
Epoch 1319: loss=2.74386
Epoch 1320: loss=2.74520
Epoch 1321: loss=2.74673
Epoch 1322: loss=2.73823
Epoch 1323: loss=2.73999
Epoch 1324: loss=2.74144
Epoch 1325: loss=2.71206
Epoch 1326: loss=2.72394
Epoch 1327: loss=2.73684
Epoch 1328: loss=2.72594
Epoch 1329: loss=2.72080
Epoch 1330: loss=2.74983
Epoch 1331: loss=2.73065
Epoch 1332: loss=2.72473
Epoch 1333: loss=2.72450
Epoch 1334: loss=2.72570
Epoch 1335: loss=2.72675
Epoch 1336: loss=2.72237
Epoch 1337: loss=2.74497
Epoch 1338: loss=2.72483
Epoch 1339: loss=2.74949
Epoch 1340: loss=2.75287
Epoch 1341: loss=2.72035
Epoch 1342: loss=2.73496
Epoch 1343: loss=2.73958
Epoch 1344: loss=2.74981
Epoch 1345: loss=2.72367
Epoch 1346: loss=2.72111
Epoch 1347: loss=2.73831
Epoch 1348: loss=2.70637
Epoch 1349: loss=2.72402
Epoch 1350: loss=2.73398
Epoch 1351: loss=2.74750
Epoch 1352: loss=2.73852
Epoch 1353: loss=2.74238
Epoch 1354: loss=2.74511
Epoch 1355: loss=2.73107
Epoch 1356: loss=2.72153
Epoch 1357: loss=2.72488
Epoch 1358: loss=2.72983
Epoch 1359: loss=2.73525
Epoch 1360: loss=2.72257
Epoch 1361: loss=2.72287
Epoch 1362: loss=2.73882
Epoch 1363: loss=2.75263
Epoch 1364: loss=2.73404
Epoch 1365: loss=2.73762
Epoch 1366: loss=2.72284
Epoch 1367: loss=2.73310
Epoch 1368: loss=2.71447
Epoch 1369: loss=2.72416
Epoch 1370: loss=2.73453
Epoch 1371: loss=2.71619
Epoch 1372: loss=2.72889
Epoch 1373: loss=2.71590
Epoch 1374: loss=2.73967
Epoch 1375: loss=2.73719
Epoch 1376: loss=2.73113
Epoch 1377: loss=2.72252
Epoch 1378: loss=2.74478
Epoch 1379: loss=2.71634
Epoch 1380: loss=2.72115
Epoch 1381: loss=2.73323
Epoch 1382: loss=2.74707
Epoch 1383: loss=2.72469
Epoch 1384: loss=2.73981
Epoch 1385: loss=2.73625
Epoch 1386: loss=2.73036
Epoch 1387: loss=2.73401
Epoch 1388: loss=2.73063
Epoch 1389: loss=2.71472
Epoch 1390: loss=2.73718
Epoch 1391: loss=2.74917
Epoch 1392: loss=2.73749
Epoch 1393: loss=2.74448
Epoch 1394: loss=2.72672
Epoch 1395: loss=2.73551
Epoch 1396: loss=2.76594
Epoch 1397: loss=2.73673
Epoch 1398: loss=2.73233
Epoch 1399: loss=2.73492
Epoch 1400: loss=2.72895
Epoch 1401: loss=2.74456
Epoch 1402: loss=2.75155
Epoch 1403: loss=2.74202
Epoch 1404: loss=2.73382
Epoch 1405: loss=2.75177
Epoch 1406: loss=2.73881
Epoch 1407: loss=2.72942
Epoch 1408: loss=2.73720
Epoch 1409: loss=2.73401
Epoch 1410: loss=2.73105
Epoch 1411: loss=2.73229
Epoch 1412: loss=2.72582
Epoch 1413: loss=2.72086
Epoch 1414: loss=2.72042
Epoch 1415: loss=2.71614
Epoch 1416: loss=2.73114
Epoch 1417: loss=2.73525
Epoch 1418: loss=2.72225
Epoch 1419: loss=2.75607
Epoch 1420: loss=2.73841
Epoch 1421: loss=2.73389
Epoch 1422: loss=2.73489
Epoch 1423: loss=2.73009
Epoch 1424: loss=2.75202
Epoch 1425: loss=2.75220
Epoch 1426: loss=2.72318
Epoch 1427: loss=2.73378
Epoch 1428: loss=2.74717
Epoch 1429: loss=2.74100
Epoch 1430: loss=2.72764
Epoch 1431: loss=2.74666
Epoch 1432: loss=2.73105
Epoch 1433: loss=2.74309
Epoch 1434: loss=2.72867
Epoch 1435: loss=2.72580
Epoch 1436: loss=2.72642
Epoch 1437: loss=2.73160
Epoch 1438: loss=2.72518
Epoch 1439: loss=2.73000
Epoch 1440: loss=2.74639
Epoch 1441: loss=2.74258
Epoch 1442: loss=2.73416
Epoch 1443: loss=2.71953
Epoch 1444: loss=2.73552
Epoch 1445: loss=2.74775
Epoch 1446: loss=2.72599
Epoch 1447: loss=2.75168
Epoch 1448: loss=2.76628
Epoch 1449: loss=2.73920
Epoch 1450: loss=2.73588
Epoch 1451: loss=2.73755
Epoch 1452: loss=2.74073
Epoch 1453: loss=2.73482
Epoch 1454: loss=2.76368
Epoch 1455: loss=2.73004
Epoch 1456: loss=2.75702
Epoch 1457: loss=2.74502
Epoch 1458: loss=2.75027
Epoch 1459: loss=2.74305
Epoch 1460: loss=2.74241
Epoch 1461: loss=2.71796
Epoch 1462: loss=2.74281
Epoch 1463: loss=2.73185
Epoch 1464: loss=2.73479
Epoch 1465: loss=2.73998
Epoch 1466: loss=2.73102
Epoch 1467: loss=2.73561
Epoch 1468: loss=2.73877
Epoch 1469: loss=2.72549
Epoch 1470: loss=2.73203
Epoch 1471: loss=2.72086
Epoch 1472: loss=2.73506
Epoch 1473: loss=2.71939
Epoch 1474: loss=2.72091
Epoch 1475: loss=2.73552
Epoch 1476: loss=2.73029
Epoch 1477: loss=2.73410
Epoch 1478: loss=2.70863
Epoch 1479: loss=2.73612
Epoch 1480: loss=2.73762
Epoch 1481: loss=2.72513
Epoch 1482: loss=2.73641
Epoch 1483: loss=2.73151
Epoch 1484: loss=2.73170
Epoch 1485: loss=2.74803
Epoch 1486: loss=2.73144
Epoch 1487: loss=2.75089
Epoch 1488: loss=2.71564
Epoch 1489: loss=2.74419
Epoch 1490: loss=2.72774
Epoch 1491: loss=2.72606
Epoch 1492: loss=2.74368
Epoch 1493: loss=2.73412
Epoch 1494: loss=2.72597
Epoch 1495: loss=2.71530
Epoch 1496: loss=2.72064
Epoch 1497: loss=2.72401
Epoch 1498: loss=2.71864
Epoch 1499: loss=2.72835
Epoch 1500: loss=2.72980
Epoch 1501: loss=2.72943
Epoch 1502: loss=2.72243
Epoch 1503: loss=2.74549
Epoch 1504: loss=2.73594
Epoch 1505: loss=2.73726
Epoch 1506: loss=2.74776
Epoch 1507: loss=2.74406
Epoch 1508: loss=2.72764
Epoch 1509: loss=2.73705
Epoch 1510: loss=2.72703
Epoch 1511: loss=2.72235
Epoch 1512: loss=2.72474
Epoch 1513: loss=2.72954
Epoch 1514: loss=2.72459
Epoch 1515: loss=2.74447
Epoch 1516: loss=2.71054
Epoch 1517: loss=2.70830
Epoch 1518: loss=2.73427
Epoch 1519: loss=2.73764
Epoch 1520: loss=2.70872
Epoch 1521: loss=2.74227
Epoch 1522: loss=2.73499
Epoch 1523: loss=2.74825
Epoch 1524: loss=2.72979
Epoch 1525: loss=2.72634
Epoch 1526: loss=2.74734
Epoch 1527: loss=2.74173
Epoch 1528: loss=2.71622
Epoch 1529: loss=2.74954
Epoch 1530: loss=2.74596
Epoch 1531: loss=2.74973
Epoch 1532: loss=2.72417
Epoch 1533: loss=2.75416
Epoch 1534: loss=2.73189
Epoch 1535: loss=2.73042
Epoch 1536: loss=2.73083
Epoch 1537: loss=2.73960
Epoch 1538: loss=2.74096
Epoch 1539: loss=2.72190
Epoch 1540: loss=2.73005
Epoch 1541: loss=2.73424
Epoch 1542: loss=2.73944
Epoch 1543: loss=2.74591
Epoch 1544: loss=2.72586
Epoch 1545: loss=2.72329
Epoch 1546: loss=2.74006
Epoch 1547: loss=2.72626
Epoch 1548: loss=2.74088
Epoch 1549: loss=2.73137
Epoch 1550: loss=2.71229
Epoch 1551: loss=2.73648
Epoch 1552: loss=2.73281
Epoch 1553: loss=2.72631
Epoch 1554: loss=2.73399
Epoch 1555: loss=2.75118
Epoch 1556: loss=2.72398
Epoch 1557: loss=2.73426
Epoch 1558: loss=2.72690
Epoch 1559: loss=2.72646
Epoch 1560: loss=2.73299
Epoch 1561: loss=2.74522
Epoch 1562: loss=2.73166
Epoch 1563: loss=2.74071
Epoch 1564: loss=2.72340
Epoch 1565: loss=2.71809
Epoch 1566: loss=2.74629
Epoch 1567: loss=2.72133
Epoch 1568: loss=2.72792
Epoch 1569: loss=2.71335
Epoch 1570: loss=2.72686
Epoch 1571: loss=2.74925
Epoch 1572: loss=2.74614
Epoch 1573: loss=2.74481
Epoch 1574: loss=2.72970
Epoch 1575: loss=2.73378
Epoch 1576: loss=2.74705
Epoch 1577: loss=2.73707
Epoch 1578: loss=2.72674
Epoch 1579: loss=2.74487
Epoch 1580: loss=2.72423
Epoch 1581: loss=2.71647
Epoch 1582: loss=2.73872
Epoch 1583: loss=2.74412
Epoch 1584: loss=2.75545
Epoch 1585: loss=2.71694
Epoch 1586: loss=2.71406
Epoch 1587: loss=2.71910
Epoch 1588: loss=2.72355
Epoch 1589: loss=2.73574
Epoch 1590: loss=2.73158
Epoch 1591: loss=2.73645
Epoch 1592: loss=2.74225
Epoch 1593: loss=2.73471
Epoch 1594: loss=2.71073
Epoch 1595: loss=2.72916
Epoch 1596: loss=2.73279
Epoch 1597: loss=2.72977
Epoch 1598: loss=2.74021
Epoch 1599: loss=2.72410
Epoch 1600: loss=2.74142
Epoch 1601: loss=2.75009
Epoch 1602: loss=2.73927
Epoch 1603: loss=2.72186
Epoch 1604: loss=2.72004
Epoch 1605: loss=2.73090
Epoch 1606: loss=2.71327
Epoch 1607: loss=2.75003
Epoch 1608: loss=2.74597
Epoch 1609: loss=2.72074
Epoch 1610: loss=2.72505
Epoch 1611: loss=2.73008
Epoch 1612: loss=2.73735
Epoch 1613: loss=2.73125
Epoch 1614: loss=2.76302
Epoch 1615: loss=2.71909
Epoch 1616: loss=2.72679
Epoch 1617: loss=2.72081
Epoch 1618: loss=2.75348
Epoch 1619: loss=2.75343
Epoch 1620: loss=2.73761
Epoch 1621: loss=2.73393
Epoch 1622: loss=2.74796
Epoch 1623: loss=2.73330
Epoch 1624: loss=2.73211
Epoch 1625: loss=2.72192
Epoch 1626: loss=2.73496
Epoch 1627: loss=2.75904
Epoch 1628: loss=2.74331
Epoch 1629: loss=2.73070
Epoch 1630: loss=2.73941
Epoch 1631: loss=2.74186
Epoch 1632: loss=2.73238
Epoch 1633: loss=2.73221
Epoch 1634: loss=2.74570
Epoch 1635: loss=2.73817
Epoch 1636: loss=2.75003
Epoch 1637: loss=2.73260
Epoch 1638: loss=2.74570
Epoch 1639: loss=2.72043
Epoch 1640: loss=2.74196
Epoch 1641: loss=2.73636
Epoch 1642: loss=2.73459
Epoch 1643: loss=2.73144
Epoch 1644: loss=2.75091
Epoch 1645: loss=2.73615
Epoch 1646: loss=2.74710
Epoch 1647: loss=2.72435
Epoch 1648: loss=2.73893
Epoch 1649: loss=2.71932
Epoch 1650: loss=2.74180
Epoch 1651: loss=2.73277
Epoch 1652: loss=2.73989
Epoch 1653: loss=2.72718
Epoch 1654: loss=2.72828
Epoch 1655: loss=2.72218
Epoch 1656: loss=2.74247
Epoch 1657: loss=2.72261
Epoch 1658: loss=2.74638
Epoch 1659: loss=2.74302
Epoch 1660: loss=2.74288
Epoch 1661: loss=2.73572
Epoch 1662: loss=2.72686
Epoch 1663: loss=2.73868
Epoch 1664: loss=2.73775
Epoch 1665: loss=2.73217
Epoch 1666: loss=2.77296
Epoch 1667: loss=2.71649
Epoch 1668: loss=2.72791
Epoch 1669: loss=2.74790
Epoch 1670: loss=2.72943
Epoch 1671: loss=2.74076
Epoch 1672: loss=2.72615
Epoch 1673: loss=2.73716
Epoch 1674: loss=2.74053
Epoch 1675: loss=2.74995
Epoch 1676: loss=2.73832
Epoch 1677: loss=2.74070
Epoch 1678: loss=2.71886
Epoch 1679: loss=2.76180
Epoch 1680: loss=2.71815
Epoch 1681: loss=2.75639
Epoch 1682: loss=2.72849
Epoch 1683: loss=2.71583
Epoch 1684: loss=2.75283
Epoch 1685: loss=2.71616
Epoch 1686: loss=2.74403
Epoch 1687: loss=2.75594
Epoch 1688: loss=2.73179
Epoch 1689: loss=2.75631
Epoch 1690: loss=2.73790
Epoch 1691: loss=2.72846
Epoch 1692: loss=2.73558
Epoch 1693: loss=2.75029
Epoch 1694: loss=2.73154
Epoch 1695: loss=2.77094
Epoch 1696: loss=2.76808
Epoch 1697: loss=2.73149
Epoch 1698: loss=2.74822
Epoch 1699: loss=2.73006
Epoch 1700: loss=2.73971
Epoch 1701: loss=2.73558
Epoch 1702: loss=2.72473
Epoch 1703: loss=2.72709
Epoch 1704: loss=2.74361
Epoch 1705: loss=2.74187
Epoch 1706: loss=2.74654
Epoch 1707: loss=2.73336
Epoch 1708: loss=2.75768
Epoch 1709: loss=2.72916
Epoch 1710: loss=2.74646
Epoch 1711: loss=2.73031
Epoch 1712: loss=2.73174
Epoch 1713: loss=2.73465
Epoch 1714: loss=2.72713
Epoch 1715: loss=2.71867
Epoch 1716: loss=2.73341
Epoch 1717: loss=2.74194
Epoch 1718: loss=2.73229
Epoch 1719: loss=2.75468
Epoch 1720: loss=2.73145
Epoch 1721: loss=2.74271
Epoch 1722: loss=2.72331
Epoch 1723: loss=2.72880
Epoch 1724: loss=2.74238
Epoch 1725: loss=2.73508
Epoch 1726: loss=2.73874
Epoch 1727: loss=2.73574
Epoch 1728: loss=2.74295
Epoch 1729: loss=2.72574
Epoch 1730: loss=2.72805
Epoch 1731: loss=2.73005
Epoch 1732: loss=2.74141
Epoch 1733: loss=2.73235
Epoch 1734: loss=2.73026
Epoch 1735: loss=2.74485
Epoch 1736: loss=2.74034
Epoch 1737: loss=2.73248
Epoch 1738: loss=2.72083
Epoch 1739: loss=2.73489
Epoch 1740: loss=2.73320
Epoch 1741: loss=2.74608
Epoch 1742: loss=2.73319
Epoch 1743: loss=2.72322
Epoch 1744: loss=2.73703
Epoch 1745: loss=2.73597
Epoch 1746: loss=2.74173
Epoch 1747: loss=2.71880
Epoch 1748: loss=2.75266
Epoch 1749: loss=2.74235
Epoch 1750: loss=2.72415
Epoch 1751: loss=2.73826
Epoch 1752: loss=2.74670
Epoch 1753: loss=2.71187
Epoch 1754: loss=2.74460
Epoch 1755: loss=2.73229
Epoch 1756: loss=2.74690
Epoch 1757: loss=2.75426
Epoch 1758: loss=2.74379
Epoch 1759: loss=2.73588
Epoch 1760: loss=2.73806
Epoch 1761: loss=2.74901
Epoch 1762: loss=2.74353
Epoch 1763: loss=2.73551
Epoch 1764: loss=2.74062
Epoch 1765: loss=2.73637
Epoch 1766: loss=2.74106
Epoch 1767: loss=2.73101
Epoch 1768: loss=2.71734
Epoch 1769: loss=2.74434
Epoch 1770: loss=2.73587
Epoch 1771: loss=2.75253
Epoch 1772: loss=2.73423
Epoch 1773: loss=2.73499
Epoch 1774: loss=2.74251
Epoch 1775: loss=2.72423
Epoch 1776: loss=2.74996
Epoch 1777: loss=2.74476
Epoch 1778: loss=2.73711
Epoch 1779: loss=2.73412
Epoch 1780: loss=2.72491
Epoch 1781: loss=2.72639
Epoch 1782: loss=2.72866
Epoch 1783: loss=2.74326
Epoch 1784: loss=2.74332
Epoch 1785: loss=2.72897
Epoch 1786: loss=2.74066
Epoch 1787: loss=2.76043
Epoch 1788: loss=2.73782
Epoch 1789: loss=2.73371
Epoch 1790: loss=2.73256
Epoch 1791: loss=2.71614
Epoch 1792: loss=2.73104
Epoch 1793: loss=2.72718
Epoch 1794: loss=2.72960
Epoch 1795: loss=2.75208
Epoch 1796: loss=2.75117
Epoch 1797: loss=2.74567
Epoch 1798: loss=2.74610
Epoch 1799: loss=2.74296
Epoch 1800: loss=2.72002
Epoch 1801: loss=2.74067
Epoch 1802: loss=2.72646
Epoch 1803: loss=2.72665
Epoch 1804: loss=2.72687
Epoch 1805: loss=2.71431
Epoch 1806: loss=2.74079
Epoch 1807: loss=2.74746
Epoch 1808: loss=2.75437
Epoch 1809: loss=2.73896
Epoch 1810: loss=2.75270
Epoch 1811: loss=2.74317
Epoch 1812: loss=2.73120
Epoch 1813: loss=2.73471
Epoch 1814: loss=2.72527
Epoch 1815: loss=2.73688
Epoch 1816: loss=2.72130
Epoch 1817: loss=2.71149
Epoch 1818: loss=2.72740
Epoch 1819: loss=2.73865
Epoch 1820: loss=2.71505
Epoch 1821: loss=2.73674
Epoch 1822: loss=2.72454
Epoch 1823: loss=2.73638
Epoch 1824: loss=2.72396
Epoch 1825: loss=2.72885
Epoch 1826: loss=2.73122
Epoch 1827: loss=2.76127
Epoch 1828: loss=2.75055
Epoch 1829: loss=2.72066
Epoch 1830: loss=2.75136
Epoch 1831: loss=2.74751
Epoch 1832: loss=2.76777
Epoch 1833: loss=2.73631
Epoch 1834: loss=2.74227
Epoch 1835: loss=2.73573
Epoch 1836: loss=2.73358
Epoch 1837: loss=2.73824
Epoch 1838: loss=2.73675
Epoch 1839: loss=2.74833
Epoch 1840: loss=2.75307
Epoch 1841: loss=2.74644
Epoch 1842: loss=2.73988
Epoch 1843: loss=2.75572
Epoch 1844: loss=2.75830
Epoch 1845: loss=2.73774
Epoch 1846: loss=2.71492
Epoch 1847: loss=2.74140
Epoch 1848: loss=2.77279
Epoch 1849: loss=2.73796
Epoch 1850: loss=2.75506
Epoch 1851: loss=2.74220
Epoch 1852: loss=2.73980
Epoch 1853: loss=2.73567
Epoch 1854: loss=2.73887
Epoch 1855: loss=2.75919
Epoch 1856: loss=2.72858
Epoch 1857: loss=2.74129
Epoch 1858: loss=2.74391
Epoch 1859: loss=2.72173
Epoch 1860: loss=2.76304
Epoch 1861: loss=2.75564
Epoch 1862: loss=2.74501
Epoch 1863: loss=2.72210
Epoch 1864: loss=2.73375
Epoch 1865: loss=2.74694
Epoch 1866: loss=2.73196
Epoch 1867: loss=2.73294
Epoch 1868: loss=2.73240
Epoch 1869: loss=2.73859
Epoch 1870: loss=2.74536
Epoch 1871: loss=2.74537
Epoch 1872: loss=2.72068
Epoch 1873: loss=2.71953
Epoch 1874: loss=2.75357
Epoch 1875: loss=2.73019
Epoch 1876: loss=2.73787
Epoch 1877: loss=2.75122
Epoch 1878: loss=2.72801
Epoch 1879: loss=2.72268
Epoch 1880: loss=2.74274
Epoch 1881: loss=2.73296
Epoch 1882: loss=2.74922
Epoch 1883: loss=2.73096
Epoch 1884: loss=2.75735
Epoch 1885: loss=2.74012
Epoch 1886: loss=2.74230
Epoch 1887: loss=2.72265
Epoch 1888: loss=2.72739
Epoch 1889: loss=2.72031
Epoch 1890: loss=2.72110
Epoch 1891: loss=2.74631
Epoch 1892: loss=2.74927
Epoch 1893: loss=2.74805
Epoch 1894: loss=2.74513
Epoch 1895: loss=2.73973
Epoch 1896: loss=2.74371
Epoch 1897: loss=2.74618
Epoch 1898: loss=2.74782
Epoch 1899: loss=2.72774
Epoch 1900: loss=2.74460
Epoch 1901: loss=2.74363
Epoch 1902: loss=2.74904
Epoch 1903: loss=2.73796
Epoch 1904: loss=2.74870
Epoch 1905: loss=2.73807
Epoch 1906: loss=2.76338
Epoch 1907: loss=2.73178
Epoch 1908: loss=2.73660
Epoch 1909: loss=2.73392
Epoch 1910: loss=2.75359
Epoch 1911: loss=2.75915
Epoch 1912: loss=2.72323
Epoch 1913: loss=2.73674
Epoch 1914: loss=2.73584
Epoch 1915: loss=2.75218
Epoch 1916: loss=2.73298
Epoch 1917: loss=2.74055
Epoch 1918: loss=2.75388
Epoch 1919: loss=2.74798
Epoch 1920: loss=2.74092
Epoch 1921: loss=2.73003
Epoch 1922: loss=2.73592
Epoch 1923: loss=2.72059
Epoch 1924: loss=2.74722
Epoch 1925: loss=2.76160
Epoch 1926: loss=2.74949
Epoch 1927: loss=2.72967
Epoch 1928: loss=2.74827
Epoch 1929: loss=2.76178
Epoch 1930: loss=2.74198
Epoch 1931: loss=2.73807
Epoch 1932: loss=2.73666
Epoch 1933: loss=2.74368
Epoch 1934: loss=2.74335
Epoch 1935: loss=2.74784
Epoch 1936: loss=2.72520
Epoch 1937: loss=2.73493
Epoch 1938: loss=2.74700
Epoch 1939: loss=2.75024
Epoch 1940: loss=2.72733
Epoch 1941: loss=2.73842
Epoch 1942: loss=2.73383
Epoch 1943: loss=2.74627
Epoch 1944: loss=2.75638
Epoch 1945: loss=2.74146
Epoch 1946: loss=2.75346
Epoch 1947: loss=2.72575
Epoch 1948: loss=2.74168
Epoch 1949: loss=2.73573
Epoch 1950: loss=2.74253
Epoch 1951: loss=2.74088
Epoch 1952: loss=2.76376
Epoch 1953: loss=2.75068
Epoch 1954: loss=2.73781
Epoch 1955: loss=2.73646
Epoch 1956: loss=2.73438
Epoch 1957: loss=2.72894
Epoch 1958: loss=2.73097
Epoch 1959: loss=2.74963
Epoch 1960: loss=2.75606
Epoch 1961: loss=2.75143
Epoch 1962: loss=2.75022
Epoch 1963: loss=2.76432
Epoch 1964: loss=2.75361
Epoch 1965: loss=2.75036
Epoch 1966: loss=2.72442
Epoch 1967: loss=2.73542
Epoch 1968: loss=2.73841
Epoch 1969: loss=2.75510
Epoch 1970: loss=2.77048
Epoch 1971: loss=2.72639
Epoch 1972: loss=2.72734
Epoch 1973: loss=2.74322
Epoch 1974: loss=2.71746
Epoch 1975: loss=2.74389
Epoch 1976: loss=2.74281
Epoch 1977: loss=2.73520
Epoch 1978: loss=2.73246
Epoch 1979: loss=2.73250
Epoch 1980: loss=2.76070
Epoch 1981: loss=2.73330
Epoch 1982: loss=2.73960
Epoch 1983: loss=2.74474
Epoch 1984: loss=2.73641
Epoch 1985: loss=2.73840
Epoch 1986: loss=2.73941
Epoch 1987: loss=2.75195
Epoch 1988: loss=2.73885
Epoch 1989: loss=2.74957
Epoch 1990: loss=2.73570
Epoch 1991: loss=2.72871
Epoch 1992: loss=2.76164
Epoch 1993: loss=2.73693
Epoch 1994: loss=2.75267
Epoch 1995: loss=2.75326
Epoch 1996: loss=2.74783
Epoch 1997: loss=2.74870
Epoch 1998: loss=2.76544
Epoch 1999: loss=2.76351
Epoch 2000: loss=2.74297
Training accuracy: 0.166
Test accuracy: 0.061

File list dumped

Saved in file
