/home/venkat/Unreliable_Synaptic_Transmission/Deepti/DOPcodes/SHD_dropout/dataset/shddataset/
made weight variables and loss histogram
Epoch 1: loss=8.92184
Epoch 2: loss=3.82748
Epoch 3: loss=3.25558
Epoch 4: loss=2.98607
Epoch 5: loss=2.83108
Epoch 6: loss=2.91380
Epoch 7: loss=2.93318
Epoch 8: loss=2.95171
Epoch 9: loss=2.96029
Epoch 10: loss=2.96788
Trained for 10 epochs
Training accuracy: 0.058
Epoch 1: loss=2.97331
Epoch 2: loss=2.97685
Epoch 3: loss=2.98160
Epoch 4: loss=2.98767
Epoch 5: loss=2.99170
Epoch 6: loss=2.99555
Epoch 7: loss=2.99573
Epoch 8: loss=2.99573
Epoch 9: loss=2.99573
Epoch 10: loss=2.99573
Epoch 11: loss=2.99573
Epoch 12: loss=2.99573
Epoch 13: loss=2.99573
Epoch 14: loss=2.99573
Epoch 15: loss=2.99573
Epoch 16: loss=2.99573
Epoch 17: loss=2.99573
Epoch 18: loss=2.99573
Epoch 19: loss=2.99573
Epoch 20: loss=2.99573
Epoch 21: loss=2.99573
Epoch 22: loss=2.99573
Epoch 23: loss=2.99573
Epoch 24: loss=2.99573
Epoch 25: loss=2.99573
Epoch 26: loss=2.99573
Epoch 27: loss=2.99573
Epoch 28: loss=2.99573
Epoch 29: loss=2.99573
Epoch 30: loss=2.99573
Epoch 31: loss=2.99573
Epoch 32: loss=2.99573
Epoch 33: loss=2.99573
Epoch 34: loss=2.99573
Epoch 35: loss=2.99573
Epoch 36: loss=2.99573
Epoch 37: loss=2.99573
Epoch 38: loss=2.99573
Epoch 39: loss=2.99573
Epoch 40: loss=2.99573
Epoch 41: loss=2.99573
Epoch 42: loss=2.99573
Epoch 43: loss=2.99573
Epoch 44: loss=2.99573
Epoch 45: loss=2.99573
Epoch 46: loss=2.99573
Epoch 47: loss=2.99573
Epoch 48: loss=2.99573
Epoch 49: loss=2.99573
Epoch 50: loss=2.99573
Epoch 51: loss=2.99573
Epoch 52: loss=2.99573
Epoch 53: loss=2.99573
Epoch 54: loss=2.99573
Epoch 55: loss=2.99573
Epoch 56: loss=2.99573
Epoch 57: loss=2.99573
Epoch 58: loss=2.99573
Epoch 59: loss=2.99573
Epoch 60: loss=2.99573
Epoch 61: loss=2.99573
Epoch 62: loss=2.99573
Epoch 63: loss=2.99573
Epoch 64: loss=2.99573
Epoch 65: loss=2.99573
Epoch 66: loss=2.99573
Epoch 67: loss=2.99573
Epoch 68: loss=2.99573
Epoch 69: loss=2.99573
Epoch 70: loss=2.99573
Epoch 71: loss=2.99573
Epoch 72: loss=2.99573
Epoch 73: loss=2.99573
Epoch 74: loss=2.99573
Epoch 75: loss=2.99573
Epoch 76: loss=2.99573
Epoch 77: loss=2.99573
Epoch 78: loss=2.99573
Epoch 79: loss=2.99573
Epoch 80: loss=2.99573
Epoch 81: loss=2.99573
Epoch 82: loss=2.99573
Epoch 83: loss=2.99573
Epoch 84: loss=2.99573
Epoch 85: loss=2.99573
Epoch 86: loss=2.99573
Epoch 87: loss=2.99573
Epoch 88: loss=2.99573
Epoch 89: loss=2.99573
Epoch 90: loss=2.99573
Epoch 91: loss=2.99573
Epoch 92: loss=2.99573
Epoch 93: loss=2.99573
Epoch 94: loss=2.99573
Epoch 95: loss=2.99573
Epoch 96: loss=2.99573
Epoch 97: loss=2.99573
Epoch 98: loss=2.99573
Epoch 99: loss=2.99573
Epoch 100: loss=2.99573
Epoch 101: loss=2.99573
Epoch 102: loss=2.99573
Epoch 103: loss=2.99573
Epoch 104: loss=2.99573
Epoch 105: loss=2.99573
Epoch 106: loss=2.99573
Epoch 107: loss=2.99573
Epoch 108: loss=2.99573
Epoch 109: loss=2.99573
Epoch 110: loss=2.99573
Epoch 111: loss=2.99573
Epoch 112: loss=2.99573
Epoch 113: loss=2.99573
Epoch 114: loss=2.99573
Epoch 115: loss=2.99573
Epoch 116: loss=2.99573
Epoch 117: loss=2.99573
Epoch 118: loss=2.99573
Epoch 119: loss=2.99573
Epoch 120: loss=2.99573
Epoch 121: loss=2.99573
Epoch 122: loss=2.99573
Epoch 123: loss=2.99573
Epoch 124: loss=2.99573
Epoch 125: loss=2.99573
Epoch 126: loss=2.99573
Epoch 127: loss=2.99573
Epoch 128: loss=2.99573
Epoch 129: loss=2.99573
Epoch 130: loss=2.99573
Epoch 131: loss=2.99573
Epoch 132: loss=2.99573
Epoch 133: loss=2.99573
Epoch 134: loss=2.99573
Epoch 135: loss=2.99573
Epoch 136: loss=2.99573
Epoch 137: loss=2.99573
Epoch 138: loss=2.99573
Epoch 139: loss=2.99573
Epoch 140: loss=2.99573
Epoch 141: loss=2.99573
Epoch 142: loss=2.99573
Epoch 143: loss=2.99573
Epoch 144: loss=2.99573
Epoch 145: loss=2.99573
Epoch 146: loss=2.99573
Epoch 147: loss=2.99573
Epoch 148: loss=2.99573
Epoch 149: loss=2.99573
Epoch 150: loss=2.99573
Epoch 151: loss=2.99573
Epoch 152: loss=2.99573
Epoch 153: loss=2.99573
Epoch 154: loss=2.99573
Epoch 155: loss=2.99573
Epoch 156: loss=2.99573
Epoch 157: loss=2.99573
Epoch 158: loss=2.99573
Epoch 159: loss=2.99573
Epoch 160: loss=2.99573
Epoch 161: loss=2.99573
Epoch 162: loss=2.99573
Epoch 163: loss=2.99573
Epoch 164: loss=2.99573
Epoch 165: loss=2.99573
Epoch 166: loss=2.99573
Epoch 167: loss=2.99573
Epoch 168: loss=2.99573
Epoch 169: loss=2.99573
Epoch 170: loss=2.99573
Epoch 171: loss=2.99573
Epoch 172: loss=2.99573
Epoch 173: loss=2.99573
Epoch 174: loss=2.99573
Epoch 175: loss=2.99573
Epoch 176: loss=2.99573
Epoch 177: loss=2.99573
Epoch 178: loss=2.99573
Epoch 179: loss=2.99573
Epoch 180: loss=2.99573
Epoch 181: loss=2.99573
Epoch 182: loss=2.99573
Epoch 183: loss=2.99573
Epoch 184: loss=2.99573
Epoch 185: loss=2.99573
Epoch 186: loss=2.99573
Epoch 187: loss=2.99573
Epoch 188: loss=2.99573
Epoch 189: loss=2.99573
Epoch 190: loss=2.99573
Epoch 191: loss=2.99573
Epoch 192: loss=2.99573
Epoch 193: loss=2.99573
Epoch 194: loss=2.99573
Epoch 195: loss=2.99573
Epoch 196: loss=2.99573
Epoch 197: loss=2.99573
Epoch 198: loss=2.99573
Epoch 199: loss=2.99573
Epoch 200: loss=2.99573
Epoch 201: loss=2.99573
Epoch 202: loss=2.99573
Epoch 203: loss=2.99573
Epoch 204: loss=2.99573
Epoch 205: loss=2.99573
Epoch 206: loss=2.99573
Epoch 207: loss=2.99573
Epoch 208: loss=2.99573
Epoch 209: loss=2.99573
Epoch 210: loss=2.99573
Epoch 211: loss=2.99573
Epoch 212: loss=2.99573
Epoch 213: loss=2.99573
Epoch 214: loss=2.99573
Epoch 215: loss=2.99573
Epoch 216: loss=2.99573
Epoch 217: loss=2.99573
Epoch 218: loss=2.99573
Epoch 219: loss=2.99573
Epoch 220: loss=2.99573
Epoch 221: loss=2.99573
Epoch 222: loss=2.99573
Epoch 223: loss=2.99573
Epoch 224: loss=2.99573
Epoch 225: loss=2.99573
Epoch 226: loss=2.99573
Epoch 227: loss=2.99573
Epoch 228: loss=2.99573
Epoch 229: loss=2.99573
Epoch 230: loss=2.99573
Epoch 231: loss=2.99573
Epoch 232: loss=2.99573
Epoch 233: loss=2.99573
Epoch 234: loss=2.99573
Epoch 235: loss=2.99573
Epoch 236: loss=2.99573
Epoch 237: loss=2.99573
Epoch 238: loss=2.99573
Epoch 239: loss=2.99573
Epoch 240: loss=2.99573
Epoch 241: loss=2.99573
Epoch 242: loss=2.99573
Epoch 243: loss=2.99573
Epoch 244: loss=2.99573
Epoch 245: loss=2.99573
Epoch 246: loss=2.99573
Epoch 247: loss=2.99573
Epoch 248: loss=2.99573
Epoch 249: loss=2.99573
Epoch 250: loss=2.99573
Epoch 251: loss=2.99573
Epoch 252: loss=2.99573
Epoch 253: loss=2.99573
Epoch 254: loss=2.99573
Epoch 255: loss=2.99573
Epoch 256: loss=2.99573
Epoch 257: loss=2.99573
Epoch 258: loss=2.99573
Epoch 259: loss=2.99573
Epoch 260: loss=2.99573
Epoch 261: loss=2.99573
Epoch 262: loss=2.99573
Epoch 263: loss=2.99573
Epoch 264: loss=2.99573
Epoch 265: loss=2.99573
Epoch 266: loss=2.99573
Epoch 267: loss=2.99573
Epoch 268: loss=2.99573
Epoch 269: loss=2.99573
Epoch 270: loss=2.99573
Epoch 271: loss=2.99573
Epoch 272: loss=2.99573
Epoch 273: loss=2.99573
Epoch 274: loss=2.99573
Epoch 275: loss=2.99573
Epoch 276: loss=2.99573
Epoch 277: loss=2.99573
Epoch 278: loss=2.99573
Epoch 279: loss=2.99573
Epoch 280: loss=2.99573
Epoch 281: loss=2.99573
Epoch 282: loss=2.99573
Epoch 283: loss=2.99573
Epoch 284: loss=2.99573
Epoch 285: loss=2.99573
Epoch 286: loss=2.99573
Epoch 287: loss=2.99573
Epoch 288: loss=2.99573
Epoch 289: loss=2.99573
Epoch 290: loss=2.99573
Epoch 291: loss=2.99573
Epoch 292: loss=2.99573
Epoch 293: loss=2.99573
Epoch 294: loss=2.99573
Epoch 295: loss=2.99573
Epoch 296: loss=2.99573
Epoch 297: loss=2.99573
Epoch 298: loss=2.99573
Epoch 299: loss=2.99573
Epoch 300: loss=2.99573
Epoch 301: loss=2.99573
Epoch 302: loss=2.99573
Epoch 303: loss=2.99573
Epoch 304: loss=2.99573
Epoch 305: loss=2.99573
Epoch 306: loss=2.99573
Epoch 307: loss=2.99573
Epoch 308: loss=2.99573
Epoch 309: loss=2.99573
Epoch 310: loss=2.99573
Epoch 311: loss=2.99573
Epoch 312: loss=2.99573
Epoch 313: loss=2.99573
Epoch 314: loss=2.99573
Epoch 315: loss=2.99573
Epoch 316: loss=2.99573
Epoch 317: loss=2.99573
Epoch 318: loss=2.99573
Epoch 319: loss=2.99573
Epoch 320: loss=2.99573
Epoch 321: loss=2.99573
Epoch 322: loss=2.99573
Epoch 323: loss=2.99573
Epoch 324: loss=2.99573
Epoch 325: loss=2.99573
Epoch 326: loss=2.99573
Epoch 327: loss=2.99573
Epoch 328: loss=2.99573
Epoch 329: loss=2.99573
Epoch 330: loss=2.99573
Epoch 331: loss=2.99573
Epoch 332: loss=2.99573
Epoch 333: loss=2.99573
Epoch 334: loss=2.99573
Epoch 335: loss=2.99573
Epoch 336: loss=2.99573
Epoch 337: loss=2.99573
Epoch 338: loss=2.99573
Epoch 339: loss=2.99573
Epoch 340: loss=2.99573
Epoch 341: loss=2.99573
Epoch 342: loss=2.99573
Epoch 343: loss=2.99573
Epoch 344: loss=2.99573
Epoch 345: loss=2.99573
Epoch 346: loss=2.99573
Epoch 347: loss=2.99573
Epoch 348: loss=2.99573
Epoch 349: loss=2.99573
Epoch 350: loss=2.99573
Epoch 351: loss=2.99573
Epoch 352: loss=2.99573
Epoch 353: loss=2.99573
Epoch 354: loss=2.99573
Epoch 355: loss=2.99573
Epoch 356: loss=2.99573
Epoch 357: loss=2.99573
Epoch 358: loss=2.99573
Epoch 359: loss=2.99573
Epoch 360: loss=2.99573
Epoch 361: loss=2.99573
Epoch 362: loss=2.99573
Epoch 363: loss=2.99573
Epoch 364: loss=2.99573
Epoch 365: loss=2.99573
Epoch 366: loss=2.99573
Epoch 367: loss=2.99573
Epoch 368: loss=2.99573
Epoch 369: loss=2.99573
Epoch 370: loss=2.99573
Epoch 371: loss=2.99573
Epoch 372: loss=2.99573
Epoch 373: loss=2.99573
Epoch 374: loss=2.99573
Epoch 375: loss=2.99573
Epoch 376: loss=2.99573
Epoch 377: loss=2.99573
Epoch 378: loss=2.99573
Epoch 379: loss=2.99573
Epoch 380: loss=2.99573
Epoch 381: loss=2.99573
Epoch 382: loss=2.99573
Epoch 383: loss=2.99573
Epoch 384: loss=2.99573
Epoch 385: loss=2.99573
Epoch 386: loss=2.99573
Epoch 387: loss=2.99573
Epoch 388: loss=2.99573
Epoch 389: loss=2.99573
Epoch 390: loss=2.99573
Epoch 391: loss=2.99573
Epoch 392: loss=2.99573
Epoch 393: loss=2.99573
Epoch 394: loss=2.99573
Epoch 395: loss=2.99573
Epoch 396: loss=2.99573
Epoch 397: loss=2.99573
Epoch 398: loss=2.99573
Epoch 399: loss=2.99573
Epoch 400: loss=2.99573
Epoch 401: loss=2.99573
Epoch 402: loss=2.99573
Epoch 403: loss=2.99573
Epoch 404: loss=2.99573
Epoch 405: loss=2.99573
Epoch 406: loss=2.99573
Epoch 407: loss=2.99573
Epoch 408: loss=2.99573
Epoch 409: loss=2.99573
Epoch 410: loss=2.99573
Epoch 411: loss=2.99573
Epoch 412: loss=2.99573
Epoch 413: loss=2.99573
Epoch 414: loss=2.99573
Epoch 415: loss=2.99573
Epoch 416: loss=2.99573
Epoch 417: loss=2.99573
Epoch 418: loss=2.99573
Epoch 419: loss=2.99573
Epoch 420: loss=2.99573
Epoch 421: loss=2.99573
Epoch 422: loss=2.99573
Epoch 423: loss=2.99573
Epoch 424: loss=2.99573
Epoch 425: loss=2.99573
Epoch 426: loss=2.99573
Epoch 427: loss=2.99573
Epoch 428: loss=2.99573
Epoch 429: loss=2.99573
Epoch 430: loss=2.99573
Epoch 431: loss=2.99573
Epoch 432: loss=2.99573
Epoch 433: loss=2.99573
Epoch 434: loss=2.99573
Epoch 435: loss=2.99573
Epoch 436: loss=2.99573
Epoch 437: loss=2.99573
Epoch 438: loss=2.99573
Epoch 439: loss=2.99573
Epoch 440: loss=2.99573
Epoch 441: loss=2.99573
Epoch 442: loss=2.99573
Epoch 443: loss=2.99573
Epoch 444: loss=2.99573
Epoch 445: loss=2.99573
Epoch 446: loss=2.99573
Epoch 447: loss=2.99573
Epoch 448: loss=2.99573
Epoch 449: loss=2.99573
Epoch 450: loss=2.99573
Epoch 451: loss=2.99573
Epoch 452: loss=2.99573
Epoch 453: loss=2.99573
Epoch 454: loss=2.99573
Epoch 455: loss=2.99573
Epoch 456: loss=2.99573
Epoch 457: loss=2.99573
Epoch 458: loss=2.99573
Epoch 459: loss=2.99573
Epoch 460: loss=2.99573
Epoch 461: loss=2.99573
Epoch 462: loss=2.99573
Epoch 463: loss=2.99573
Epoch 464: loss=2.99573
Epoch 465: loss=2.99573
Epoch 466: loss=2.99573
Epoch 467: loss=2.99573
Epoch 468: loss=2.99573
Epoch 469: loss=2.99573
Epoch 470: loss=2.99573
Epoch 471: loss=2.99573
Epoch 472: loss=2.99573
Epoch 473: loss=2.99573
Epoch 474: loss=2.99573
Epoch 475: loss=2.99573
Epoch 476: loss=2.99573
Epoch 477: loss=2.99573
Epoch 478: loss=2.99573
Epoch 479: loss=2.99573
Epoch 480: loss=2.99573
Epoch 481: loss=2.99573
Epoch 482: loss=2.99573
Epoch 483: loss=2.99573
Epoch 484: loss=2.99573
Epoch 485: loss=2.99573
Epoch 486: loss=2.99573
Epoch 487: loss=2.99573
Epoch 488: loss=2.99573
Epoch 489: loss=2.99573
Epoch 490: loss=2.99573
Epoch 491: loss=2.99573
Epoch 492: loss=2.99573
Epoch 493: loss=2.99573
Epoch 494: loss=2.99573
Epoch 495: loss=2.99573
Epoch 496: loss=2.99573
Epoch 497: loss=2.99573
Epoch 498: loss=2.99573
Epoch 499: loss=2.99573
Epoch 500: loss=2.99573
Training accuracy: 0.049
Test accuracy: 0.047

File list dumped

Saved in file
