/home/venkat/Unreliable_Synaptic_Transmission/Deepti/DOPcodes/SHD_dropout/dataset/shddataset/
made weight variables and loss histogram
Epoch 1: loss=11.93231
Epoch 2: loss=4.40214
Epoch 3: loss=3.37992
Epoch 4: loss=3.09962
Epoch 5: loss=2.97425
Epoch 6: loss=2.90652
Epoch 7: loss=2.86806
Epoch 8: loss=2.86933
Epoch 9: loss=2.85591
Epoch 10: loss=2.86982
Trained for 10 epochs
Training accuracy: 0.099
Epoch 1: loss=2.88842
Epoch 2: loss=2.90349
Epoch 3: loss=2.91183
Epoch 4: loss=2.91879
Epoch 5: loss=2.92371
Epoch 6: loss=2.92763
Epoch 7: loss=2.93245
Epoch 8: loss=2.93420
Epoch 9: loss=2.93774
Epoch 10: loss=2.93976
Epoch 11: loss=2.94540
Epoch 12: loss=2.94791
Epoch 13: loss=2.94734
Epoch 14: loss=2.94957
Epoch 15: loss=2.95092
Epoch 16: loss=2.95248
Epoch 17: loss=2.95428
Epoch 18: loss=2.95374
Epoch 19: loss=2.95426
Epoch 20: loss=2.95466
Epoch 21: loss=2.95733
Epoch 22: loss=2.95920
Epoch 23: loss=2.95726
Epoch 24: loss=2.95918
Epoch 25: loss=2.95989
Epoch 26: loss=2.96052
Epoch 27: loss=2.96290
Epoch 28: loss=2.96229
Epoch 29: loss=2.96367
Epoch 30: loss=2.96282
Epoch 31: loss=2.96342
Epoch 32: loss=2.96367
Epoch 33: loss=2.96549
Epoch 34: loss=2.96559
Epoch 35: loss=2.96685
Epoch 36: loss=2.96643
Epoch 37: loss=2.96673
Epoch 38: loss=2.96673
Epoch 39: loss=2.96668
Epoch 40: loss=2.96680
Epoch 41: loss=2.96635
Epoch 42: loss=2.96737
Epoch 43: loss=2.96643
Epoch 44: loss=2.96653
Epoch 45: loss=2.96700
Epoch 46: loss=2.96684
Epoch 47: loss=2.96940
Epoch 48: loss=2.96870
Epoch 49: loss=2.96818
Epoch 50: loss=2.96745
Epoch 51: loss=2.96792
Epoch 52: loss=2.96854
Epoch 53: loss=2.96680
Epoch 54: loss=2.96822
Epoch 55: loss=2.96859
Epoch 56: loss=2.96856
Epoch 57: loss=2.96891
Epoch 58: loss=2.96720
Epoch 59: loss=2.96777
Epoch 60: loss=2.96885
Epoch 61: loss=2.96837
Epoch 62: loss=2.96954
Epoch 63: loss=2.96880
Epoch 64: loss=2.96754
Epoch 65: loss=2.96856
Epoch 66: loss=2.96856
Epoch 67: loss=2.96800
Epoch 68: loss=2.96824
Epoch 69: loss=2.96748
Epoch 70: loss=2.96771
Epoch 71: loss=2.96733
Epoch 72: loss=2.96653
Epoch 73: loss=2.96765
Epoch 74: loss=2.96769
Epoch 75: loss=2.96714
Epoch 76: loss=2.96738
Epoch 77: loss=2.96741
Epoch 78: loss=2.96790
Epoch 79: loss=2.96821
Epoch 80: loss=2.96743
Epoch 81: loss=2.96718
Epoch 82: loss=2.96762
Epoch 83: loss=2.96733
Epoch 84: loss=2.96638
Epoch 85: loss=2.96715
Epoch 86: loss=2.96614
Epoch 87: loss=2.96701
Epoch 88: loss=2.96718
Epoch 89: loss=2.96587
Epoch 90: loss=2.96609
Epoch 91: loss=2.96550
Epoch 92: loss=2.96570
Epoch 93: loss=2.96639
Epoch 94: loss=2.96637
Epoch 95: loss=2.96570
Epoch 96: loss=2.96522
Epoch 97: loss=2.96498
Epoch 98: loss=2.96438
Epoch 99: loss=2.96624
Epoch 100: loss=2.96448
Epoch 101: loss=2.96520
Epoch 102: loss=2.96384
Epoch 103: loss=2.96464
Epoch 104: loss=2.96428
Epoch 105: loss=2.96382
Epoch 106: loss=2.96503
Epoch 107: loss=2.96259
Epoch 108: loss=2.96425
Epoch 109: loss=2.96216
Epoch 110: loss=2.96393
Epoch 111: loss=2.96313
Epoch 112: loss=2.96370
Epoch 113: loss=2.96388
Epoch 114: loss=2.96348
Epoch 115: loss=2.96407
Epoch 116: loss=2.96307
Epoch 117: loss=2.96465
Epoch 118: loss=2.96326
Epoch 119: loss=2.96346
Epoch 120: loss=2.96291
Epoch 121: loss=2.96120
Epoch 122: loss=2.96352
Epoch 123: loss=2.96304
Epoch 124: loss=2.96253
Epoch 125: loss=2.96128
Epoch 126: loss=2.96240
Epoch 127: loss=2.96189
Epoch 128: loss=2.96165
Epoch 129: loss=2.96168
Epoch 130: loss=2.96212
Epoch 131: loss=2.96242
Epoch 132: loss=2.96259
Epoch 133: loss=2.96152
Epoch 134: loss=2.96049
Epoch 135: loss=2.96114
Epoch 136: loss=2.96118
Epoch 137: loss=2.95978
Epoch 138: loss=2.96185
Epoch 139: loss=2.96038
Epoch 140: loss=2.96013
Epoch 141: loss=2.95989
Epoch 142: loss=2.96068
Epoch 143: loss=2.96039
Epoch 144: loss=2.96010
Epoch 145: loss=2.95986
Epoch 146: loss=2.95974
Epoch 147: loss=2.95964
Epoch 148: loss=2.96009
Epoch 149: loss=2.95892
Epoch 150: loss=2.95991
Training accuracy: 0.060
Test accuracy: 0.068

File list dumped

Saved in file
