/home/venkat/Unreliable_Synaptic_Transmission/Deepti/DOPcodes/SHD_dropout/dataset/shddataset/
made weight variables and loss histogram
The file is present.
Epoch 1: loss=2.90755
Epoch 2: loss=2.90850
Epoch 3: loss=2.90698
Epoch 4: loss=2.90980
Epoch 5: loss=2.90599
Epoch 6: loss=2.90638
Epoch 7: loss=2.90735
Epoch 8: loss=2.90467
Epoch 9: loss=2.90610
Epoch 10: loss=2.90736
Trained for 10 epochs
Training accuracy: 0.067
Epoch 1: loss=2.90590
Epoch 2: loss=2.90601
Epoch 3: loss=2.90676
Epoch 4: loss=2.90805
Epoch 5: loss=2.90650
Epoch 6: loss=2.90563
Epoch 7: loss=2.90597
Epoch 8: loss=2.90608
Epoch 9: loss=2.90614
Epoch 10: loss=2.90822
Epoch 11: loss=2.90869
Epoch 12: loss=2.90787
Epoch 13: loss=2.90732
Epoch 14: loss=2.90984
Epoch 15: loss=2.90917
Epoch 16: loss=2.90690
Epoch 17: loss=2.90655
Epoch 18: loss=2.90306
Epoch 19: loss=2.90128
Epoch 20: loss=2.90802
Epoch 21: loss=2.90524
Epoch 22: loss=2.90814
Epoch 23: loss=2.90636
Epoch 24: loss=2.90597
Epoch 25: loss=2.90576
Epoch 26: loss=2.90599
Epoch 27: loss=2.90768
Epoch 28: loss=2.90666
Epoch 29: loss=2.90605
Epoch 30: loss=2.90856
Epoch 31: loss=2.90466
Epoch 32: loss=2.90926
Epoch 33: loss=2.90539
Epoch 34: loss=2.90547
Epoch 35: loss=2.90758
Epoch 36: loss=2.90645
Epoch 37: loss=2.90648
Epoch 38: loss=2.90785
Epoch 39: loss=2.90619
Epoch 40: loss=2.90605
Epoch 41: loss=2.90551
Epoch 42: loss=2.90324
Epoch 43: loss=2.90703
Epoch 44: loss=2.90482
Epoch 45: loss=2.90619
Epoch 46: loss=2.90629
Epoch 47: loss=2.90625
Epoch 48: loss=2.90192
Epoch 49: loss=2.90666
Epoch 50: loss=2.90499
Epoch 51: loss=2.90570
Epoch 52: loss=2.90659
Epoch 53: loss=2.90927
Epoch 54: loss=2.90947
Epoch 55: loss=2.90466
Epoch 56: loss=2.90352
Epoch 57: loss=2.90547
Epoch 58: loss=2.90729
Epoch 59: loss=2.90905
Epoch 60: loss=2.90600
Epoch 61: loss=2.90394
Epoch 62: loss=2.90345
Epoch 63: loss=2.90663
Epoch 64: loss=2.90639
Epoch 65: loss=2.90773
Epoch 66: loss=2.90385
Epoch 67: loss=2.90658
Epoch 68: loss=2.90485
Epoch 69: loss=2.90325
Epoch 70: loss=2.90600
Epoch 71: loss=2.90626
Epoch 72: loss=2.90707
Epoch 73: loss=2.90563
Epoch 74: loss=2.90769
Epoch 75: loss=2.90469
Epoch 76: loss=2.90215
Epoch 77: loss=2.90417
Epoch 78: loss=2.90562
Epoch 79: loss=2.90619
Epoch 80: loss=2.90553
Epoch 81: loss=2.90575
Epoch 82: loss=2.90317
Epoch 83: loss=2.90503
Epoch 84: loss=2.90435
Epoch 85: loss=2.90618
Epoch 86: loss=2.90723
Epoch 87: loss=2.90540
Epoch 88: loss=2.90414
Epoch 89: loss=2.90448
Epoch 90: loss=2.90616
Epoch 91: loss=2.90492
Epoch 92: loss=2.90626
Epoch 93: loss=2.90247
Epoch 94: loss=2.90680
Epoch 95: loss=2.90442
Epoch 96: loss=2.90733
Epoch 97: loss=2.90566
Epoch 98: loss=2.90592
Epoch 99: loss=2.90877
Epoch 100: loss=2.90321
Epoch 101: loss=2.90528
Epoch 102: loss=2.90309
Epoch 103: loss=2.90355
Epoch 104: loss=2.90399
Epoch 105: loss=2.90306
Epoch 106: loss=2.90407
Epoch 107: loss=2.90578
Epoch 108: loss=2.90617
Epoch 109: loss=2.90470
Epoch 110: loss=2.90304
Epoch 111: loss=2.90353
Epoch 112: loss=2.90504
Epoch 113: loss=2.90364
Epoch 114: loss=2.90195
Epoch 115: loss=2.90331
Epoch 116: loss=2.90459
Epoch 117: loss=2.90111
Epoch 118: loss=2.90403
Epoch 119: loss=2.90680
Epoch 120: loss=2.90424
Epoch 121: loss=2.90416
Epoch 122: loss=2.90881
Epoch 123: loss=2.90633
Epoch 124: loss=2.90289
Epoch 125: loss=2.90340
Epoch 126: loss=2.90625
Epoch 127: loss=2.90319
Epoch 128: loss=2.90603
Epoch 129: loss=2.90342
Epoch 130: loss=2.90429
Epoch 131: loss=2.90275
Epoch 132: loss=2.90396
Epoch 133: loss=2.90428
Epoch 134: loss=2.90534
Epoch 135: loss=2.90590
Epoch 136: loss=2.90293
Epoch 137: loss=2.90372
Epoch 138: loss=2.90281
Epoch 139: loss=2.90206
Epoch 140: loss=2.90134
Epoch 141: loss=2.90204
Epoch 142: loss=2.90414
Epoch 143: loss=2.90335
Epoch 144: loss=2.90308
Epoch 145: loss=2.90509
Epoch 146: loss=2.90368
Epoch 147: loss=2.90169
Epoch 148: loss=2.90490
Epoch 149: loss=2.90317
Epoch 150: loss=2.90249
Epoch 151: loss=2.90619
Epoch 152: loss=2.90384
Epoch 153: loss=2.90519
Epoch 154: loss=2.90287
Epoch 155: loss=2.90293
Epoch 156: loss=2.90451
Epoch 157: loss=2.90323
Epoch 158: loss=2.90379
Epoch 159: loss=2.90268
Epoch 160: loss=2.90355
Epoch 161: loss=2.90442
Epoch 162: loss=2.90522
Epoch 163: loss=2.90284
Epoch 164: loss=2.90087
Epoch 165: loss=2.90111
Epoch 166: loss=2.90206
Epoch 167: loss=2.90417
Epoch 168: loss=2.90289
Epoch 169: loss=2.90393
Epoch 170: loss=2.90292
Epoch 171: loss=2.90544
Epoch 172: loss=2.90439
Epoch 173: loss=2.90297
Epoch 174: loss=2.90323
Epoch 175: loss=2.90230
Epoch 176: loss=2.90204
Epoch 177: loss=2.90280
Epoch 178: loss=2.90171
Epoch 179: loss=2.90109
Epoch 180: loss=2.90406
Epoch 181: loss=2.90363
Epoch 182: loss=2.90301
Epoch 183: loss=2.90386
Epoch 184: loss=2.90128
Epoch 185: loss=2.90307
Epoch 186: loss=2.90381
Epoch 187: loss=2.90232
Epoch 188: loss=2.90474
Epoch 189: loss=2.90389
Epoch 190: loss=2.90357
Epoch 191: loss=2.90046
Epoch 192: loss=2.90353
Epoch 193: loss=2.90147
Epoch 194: loss=2.90498
Epoch 195: loss=2.90209
Epoch 196: loss=2.90105
Epoch 197: loss=2.90300
Epoch 198: loss=2.90276
Epoch 199: loss=2.90396
Epoch 200: loss=2.90246
Epoch 201: loss=2.90171
Epoch 202: loss=2.90397
Epoch 203: loss=2.90233
Epoch 204: loss=2.90039
Epoch 205: loss=2.90429
Epoch 206: loss=2.90190
Epoch 207: loss=2.90002
Epoch 208: loss=2.90241
Epoch 209: loss=2.90350
Epoch 210: loss=2.90183
Epoch 211: loss=2.90243
Epoch 212: loss=2.90152
Epoch 213: loss=2.90119
Epoch 214: loss=2.90218
Epoch 215: loss=2.90559
Epoch 216: loss=2.90154
Epoch 217: loss=2.90307
Epoch 218: loss=2.90249
Epoch 219: loss=2.90100
Epoch 220: loss=2.89964
Epoch 221: loss=2.90199
Epoch 222: loss=2.90340
Epoch 223: loss=2.90326
Epoch 224: loss=2.90591
Epoch 225: loss=2.90356
Epoch 226: loss=2.90112
Epoch 227: loss=2.90234
Epoch 228: loss=2.90097
Epoch 229: loss=2.90285
Epoch 230: loss=2.90343
Epoch 231: loss=2.90029
Epoch 232: loss=2.90508
Epoch 233: loss=2.90207
Epoch 234: loss=2.90201
Epoch 235: loss=2.90295
Epoch 236: loss=2.90203
Epoch 237: loss=2.90010
Epoch 238: loss=2.90153
Epoch 239: loss=2.90400
Epoch 240: loss=2.90101
Epoch 241: loss=2.90182
Epoch 242: loss=2.90424
Epoch 243: loss=2.90296
Epoch 244: loss=2.90317
Epoch 245: loss=2.90141
Epoch 246: loss=2.90251
Epoch 247: loss=2.90441
Epoch 248: loss=2.90117
Epoch 249: loss=2.90250
Epoch 250: loss=2.89926
Epoch 251: loss=2.90025
Epoch 252: loss=2.90303
Epoch 253: loss=2.90251
Epoch 254: loss=2.90310
Epoch 255: loss=2.90281
Epoch 256: loss=2.89983
Epoch 257: loss=2.90281
Epoch 258: loss=2.90429
Epoch 259: loss=2.90168
Epoch 260: loss=2.90474
Epoch 261: loss=2.90092
Epoch 262: loss=2.90319
Epoch 263: loss=2.90229
Epoch 264: loss=2.90074
Epoch 265: loss=2.90315
Epoch 266: loss=2.90199
Epoch 267: loss=2.90347
Epoch 268: loss=2.90449
Epoch 269: loss=2.90183
Epoch 270: loss=2.90031
Epoch 271: loss=2.90363
Epoch 272: loss=2.90041
Epoch 273: loss=2.90432
Epoch 274: loss=2.90360
Epoch 275: loss=2.90384
Epoch 276: loss=2.90302
Epoch 277: loss=2.90187
Epoch 278: loss=2.90191
Epoch 279: loss=2.90539
Epoch 280: loss=2.90081
Epoch 281: loss=2.90193
Epoch 282: loss=2.90318
Epoch 283: loss=2.90201
Epoch 284: loss=2.89974
Epoch 285: loss=2.90162
Epoch 286: loss=2.90242
Epoch 287: loss=2.90185
Epoch 288: loss=2.90050
Epoch 289: loss=2.90582
Epoch 290: loss=2.90333
Epoch 291: loss=2.90419
Epoch 292: loss=2.90237
Epoch 293: loss=2.90304
Epoch 294: loss=2.90133
Epoch 295: loss=2.90251
Epoch 296: loss=2.90194
Epoch 297: loss=2.90352
Epoch 298: loss=2.90067
Epoch 299: loss=2.90269
Epoch 300: loss=2.90122
Epoch 301: loss=2.90254
Epoch 302: loss=2.90200
Epoch 303: loss=2.90303
Epoch 304: loss=2.90629
Epoch 305: loss=2.90594
Epoch 306: loss=2.90389
Epoch 307: loss=2.90005
Epoch 308: loss=2.90337
Epoch 309: loss=2.90187
Epoch 310: loss=2.90239
Epoch 311: loss=2.90592
Epoch 312: loss=2.90449
Epoch 313: loss=2.90750
Epoch 314: loss=2.90348
Epoch 315: loss=2.90390
Epoch 316: loss=2.90319
Epoch 317: loss=2.90769
Epoch 318: loss=2.90407
Epoch 319: loss=2.90119
Epoch 320: loss=2.90254
Epoch 321: loss=2.90214
Epoch 322: loss=2.90308
Epoch 323: loss=2.90238
Epoch 324: loss=2.90066
Epoch 325: loss=2.90464
Epoch 326: loss=2.90337
Epoch 327: loss=2.90579
Epoch 328: loss=2.90188
Epoch 329: loss=2.90216
Epoch 330: loss=2.90354
Epoch 331: loss=2.90191
Epoch 332: loss=2.90454
Epoch 333: loss=2.90351
Epoch 334: loss=2.90366
Epoch 335: loss=2.90406
Epoch 336: loss=2.89988
Epoch 337: loss=2.90376
Epoch 338: loss=2.90379
Epoch 339: loss=2.90328
Epoch 340: loss=2.90558
Epoch 341: loss=2.90403
Epoch 342: loss=2.90166
Epoch 343: loss=2.90123
Epoch 344: loss=2.90381
Epoch 345: loss=2.90010
Epoch 346: loss=2.90346
Epoch 347: loss=2.90399
Epoch 348: loss=2.90421
Epoch 349: loss=2.90283
Epoch 350: loss=2.90303
Epoch 351: loss=2.90459
Epoch 352: loss=2.90222
Epoch 353: loss=2.90225
Epoch 354: loss=2.90328
Epoch 355: loss=2.90525
Epoch 356: loss=2.90344
Epoch 357: loss=2.89970
Epoch 358: loss=2.90127
Epoch 359: loss=2.90233
Epoch 360: loss=2.90468
Epoch 361: loss=2.90301
Epoch 362: loss=2.90452
Epoch 363: loss=2.90403
Epoch 364: loss=2.90153
Epoch 365: loss=2.90256
Epoch 366: loss=2.90423
Epoch 367: loss=2.90525
Epoch 368: loss=2.90570
Epoch 369: loss=2.90275
Epoch 370: loss=2.90094
Epoch 371: loss=2.90342
Epoch 372: loss=2.90199
Epoch 373: loss=2.90297
Epoch 374: loss=2.90342
Epoch 375: loss=2.90391
Epoch 376: loss=2.90304
Epoch 377: loss=2.90154
Epoch 378: loss=2.90206
Epoch 379: loss=2.90135
Epoch 380: loss=2.90237
Epoch 381: loss=2.90532
Epoch 382: loss=2.90132
Epoch 383: loss=2.90244
Epoch 384: loss=2.90452
Epoch 385: loss=2.90404
Epoch 386: loss=2.90324
Epoch 387: loss=2.90177
Epoch 388: loss=2.90209
Epoch 389: loss=2.90659
Epoch 390: loss=2.90334
Epoch 391: loss=2.90373
Epoch 392: loss=2.90521
Epoch 393: loss=2.90312
Epoch 394: loss=2.90219
Epoch 395: loss=2.90777
Epoch 396: loss=2.90401
Epoch 397: loss=2.90459
Epoch 398: loss=2.90386
Epoch 399: loss=2.90428
Epoch 400: loss=2.90377
Epoch 401: loss=2.90488
Epoch 402: loss=2.90278
Epoch 403: loss=2.90211
Epoch 404: loss=2.90677
Epoch 405: loss=2.90279
Epoch 406: loss=2.90316
Epoch 407: loss=2.90622
Epoch 408: loss=2.90457
Epoch 409: loss=2.90374
Epoch 410: loss=2.90295
Epoch 411: loss=2.90527
Epoch 412: loss=2.90400
Epoch 413: loss=2.90302
Epoch 414: loss=2.90214
Epoch 415: loss=2.90148
Epoch 416: loss=2.90051
Epoch 417: loss=2.90544
Epoch 418: loss=2.90168
Epoch 419: loss=2.90437
Epoch 420: loss=2.90197
Epoch 421: loss=2.90277
Epoch 422: loss=2.90384
Epoch 423: loss=2.90089
Epoch 424: loss=2.90151
Epoch 425: loss=2.90074
Epoch 426: loss=2.90486
Epoch 427: loss=2.90353
Epoch 428: loss=2.90007
Epoch 429: loss=2.90297
Epoch 430: loss=2.90491
Epoch 431: loss=2.90269
Epoch 432: loss=2.90469
Epoch 433: loss=2.90177
Epoch 434: loss=2.90414
Epoch 435: loss=2.90295
Epoch 436: loss=2.90441
Epoch 437: loss=2.90216
Epoch 438: loss=2.90445
Epoch 439: loss=2.90297
Epoch 440: loss=2.90866
Epoch 441: loss=2.90283
Epoch 442: loss=2.90457
Epoch 443: loss=2.90753
Epoch 444: loss=2.90758
Epoch 445: loss=2.90265
Epoch 446: loss=2.90696
Epoch 447: loss=2.90355
Epoch 448: loss=2.90135
Epoch 449: loss=2.90181
Epoch 450: loss=2.90261
Epoch 451: loss=2.90588
Epoch 452: loss=2.90806
Epoch 453: loss=2.90606
Epoch 454: loss=2.90456
Epoch 455: loss=2.90373
Epoch 456: loss=2.90521
Epoch 457: loss=2.90575
Epoch 458: loss=2.90356
Epoch 459: loss=2.90382
Epoch 460: loss=2.90444
Epoch 461: loss=2.90166
Epoch 462: loss=2.90427
Epoch 463: loss=2.90735
Epoch 464: loss=2.90482
Epoch 465: loss=2.90399
Epoch 466: loss=2.90706
Epoch 467: loss=2.90470
Epoch 468: loss=2.90813
Epoch 469: loss=2.90588
Epoch 470: loss=2.90346
Epoch 471: loss=2.90479
Epoch 472: loss=2.90333
Epoch 473: loss=2.90464
Epoch 474: loss=2.90733
Epoch 475: loss=2.90784
Epoch 476: loss=2.90688
Epoch 477: loss=2.90338
Epoch 478: loss=2.90311
Epoch 479: loss=2.90318
Epoch 480: loss=2.90630
Epoch 481: loss=2.90555
Epoch 482: loss=2.89972
Epoch 483: loss=2.90254
Epoch 484: loss=2.90562
Epoch 485: loss=2.90694
Epoch 486: loss=2.90717
Epoch 487: loss=2.90695
Epoch 488: loss=2.90926
Epoch 489: loss=2.90670
Epoch 490: loss=2.90786
Epoch 491: loss=2.90673
Epoch 492: loss=2.90722
Epoch 493: loss=2.90853
Epoch 494: loss=2.90514
Epoch 495: loss=2.90767
Epoch 496: loss=2.90479
Epoch 497: loss=2.90521
Epoch 498: loss=2.90568
Epoch 499: loss=2.90685
Epoch 500: loss=2.90432
Epoch 501: loss=2.90776
Epoch 502: loss=2.90652
Epoch 503: loss=2.90641
Epoch 504: loss=2.90322
Epoch 505: loss=2.90628
Epoch 506: loss=2.90822
Epoch 507: loss=2.90527
Epoch 508: loss=2.90594
Epoch 509: loss=2.90713
Epoch 510: loss=2.90908
Epoch 511: loss=2.90922
Epoch 512: loss=2.90615
Epoch 513: loss=2.90598
Epoch 514: loss=2.90722
Epoch 515: loss=2.90687
Epoch 516: loss=2.90840
Epoch 517: loss=2.90390
Epoch 518: loss=2.90728
Epoch 519: loss=2.90730
Epoch 520: loss=2.90559
Epoch 521: loss=2.90428
Epoch 522: loss=2.90603
Epoch 523: loss=2.90554
Epoch 524: loss=2.91016
Epoch 525: loss=2.91047
Epoch 526: loss=2.90655
Epoch 527: loss=2.90698
Epoch 528: loss=2.90769
Epoch 529: loss=2.90437
Epoch 530: loss=2.90935
Epoch 531: loss=2.90894
Epoch 532: loss=2.91006
Epoch 533: loss=2.90836
Epoch 534: loss=2.90337
Epoch 535: loss=2.90735
Epoch 536: loss=2.90464
Epoch 537: loss=2.90501
Epoch 538: loss=2.90892
Epoch 539: loss=2.90845
Epoch 540: loss=2.90603
Epoch 541: loss=2.90660
Epoch 542: loss=2.90950
Epoch 543: loss=2.90897
Epoch 544: loss=2.90616
Epoch 545: loss=2.90427
Epoch 546: loss=2.90572
Epoch 547: loss=2.90697
Epoch 548: loss=2.91102
Epoch 549: loss=2.90752
Epoch 550: loss=2.90620
Epoch 551: loss=2.90822
Epoch 552: loss=2.90552
Epoch 553: loss=2.90467
Epoch 554: loss=2.90511
Epoch 555: loss=2.90842
Epoch 556: loss=2.90432
Epoch 557: loss=2.90784
Epoch 558: loss=2.90970
Epoch 559: loss=2.90828
Epoch 560: loss=2.90936
Epoch 561: loss=2.90744
Epoch 562: loss=2.90915
Epoch 563: loss=2.91049
Epoch 564: loss=2.91354
Epoch 565: loss=2.91195
Epoch 566: loss=2.90792
Epoch 567: loss=2.90766
Epoch 568: loss=2.90534
Epoch 569: loss=2.91062
Epoch 570: loss=2.90885
Epoch 571: loss=2.90557
Epoch 572: loss=2.90783
Epoch 573: loss=2.90947
Epoch 574: loss=2.90886
Epoch 575: loss=2.90986
Epoch 576: loss=2.90628
Epoch 577: loss=2.91184
Epoch 578: loss=2.91045
Epoch 579: loss=2.90986
Epoch 580: loss=2.91080
Epoch 581: loss=2.90690
Epoch 582: loss=2.91262
Epoch 583: loss=2.90811
Epoch 584: loss=2.91000
Epoch 585: loss=2.91108
Epoch 586: loss=2.90873
Epoch 587: loss=2.90869
Epoch 588: loss=2.90924
Epoch 589: loss=2.90826
Epoch 590: loss=2.91030
Epoch 591: loss=2.90897
Epoch 592: loss=2.90943
Epoch 593: loss=2.91054
Epoch 594: loss=2.91034
Epoch 595: loss=2.91122
Epoch 596: loss=2.90754
Epoch 597: loss=2.90840
Epoch 598: loss=2.91043
Epoch 599: loss=2.91067
Epoch 600: loss=2.91368
Epoch 601: loss=2.91008
Epoch 602: loss=2.91425
Epoch 603: loss=2.91434
Epoch 604: loss=2.90988
Epoch 605: loss=2.91048
Epoch 606: loss=2.91267
Epoch 607: loss=2.90958
Epoch 608: loss=2.90500
Epoch 609: loss=2.91090
Epoch 610: loss=2.90838
Epoch 611: loss=2.90946
Epoch 612: loss=2.91110
Epoch 613: loss=2.91345
Epoch 614: loss=2.91010
Epoch 615: loss=2.91147
Epoch 616: loss=2.90929
Epoch 617: loss=2.90927
Epoch 618: loss=2.90918
Epoch 619: loss=2.91053
Epoch 620: loss=2.90846
Epoch 621: loss=2.91015
Epoch 622: loss=2.91065
Epoch 623: loss=2.91450
Epoch 624: loss=2.91198
Epoch 625: loss=2.91256
Epoch 626: loss=2.91130
Epoch 627: loss=2.91245
Epoch 628: loss=2.91184
Epoch 629: loss=2.91169
Epoch 630: loss=2.91203
Epoch 631: loss=2.91357
Epoch 632: loss=2.90794
Epoch 633: loss=2.91292
Epoch 634: loss=2.91318
Epoch 635: loss=2.91231
Epoch 636: loss=2.90799
Epoch 637: loss=2.91031
Epoch 638: loss=2.91268
Epoch 639: loss=2.91351
Epoch 640: loss=2.91334
Epoch 641: loss=2.91657
Epoch 642: loss=2.91273
Epoch 643: loss=2.91348
Epoch 644: loss=2.91479
Epoch 645: loss=2.91348
Epoch 646: loss=2.91113
Epoch 647: loss=2.91340
Epoch 648: loss=2.91304
Epoch 649: loss=2.91716
Epoch 650: loss=2.91614
Epoch 651: loss=2.91098
Epoch 652: loss=2.91664
Epoch 653: loss=2.91696
Epoch 654: loss=2.91563
Epoch 655: loss=2.91341
Epoch 656: loss=2.91896
Epoch 657: loss=2.91503
Epoch 658: loss=2.91415
Epoch 659: loss=2.91106
Epoch 660: loss=2.91288
Epoch 661: loss=2.91480
Epoch 662: loss=2.91494
Epoch 663: loss=2.91363
Epoch 664: loss=2.91555
Epoch 665: loss=2.91567
Epoch 666: loss=2.91590
Epoch 667: loss=2.91460
Epoch 668: loss=2.91329
Epoch 669: loss=2.91071
Epoch 670: loss=2.91449
Epoch 671: loss=2.91304
Epoch 672: loss=2.91730
Epoch 673: loss=2.91663
Epoch 674: loss=2.91322
Epoch 675: loss=2.91461
Epoch 676: loss=2.91613
Epoch 677: loss=2.91641
Epoch 678: loss=2.91653
Epoch 679: loss=2.91571
Epoch 680: loss=2.91328
Epoch 681: loss=2.91857
Epoch 682: loss=2.91420
Epoch 683: loss=2.91337
Epoch 684: loss=2.91425
Epoch 685: loss=2.91667
Epoch 686: loss=2.91605
Epoch 687: loss=2.91807
Epoch 688: loss=2.92046
Epoch 689: loss=2.91716
Epoch 690: loss=2.91523
Epoch 691: loss=2.91601
Epoch 692: loss=2.91713
Epoch 693: loss=2.91691
Epoch 694: loss=2.91663
Epoch 695: loss=2.91387
Epoch 696: loss=2.91736
Epoch 697: loss=2.92075
Epoch 698: loss=2.91864
Epoch 699: loss=2.91372
Epoch 700: loss=2.92276
Epoch 701: loss=2.92004
Epoch 702: loss=2.91850
Epoch 703: loss=2.91337
Epoch 704: loss=2.91931
Epoch 705: loss=2.91483
Epoch 706: loss=2.91421
Epoch 707: loss=2.91730
Epoch 708: loss=2.91859
Epoch 709: loss=2.91480
Epoch 710: loss=2.91606
Epoch 711: loss=2.91359
Epoch 712: loss=2.92206
Epoch 713: loss=2.91446
Epoch 714: loss=2.91776
Epoch 715: loss=2.91981
Epoch 716: loss=2.91603
Epoch 717: loss=2.91979
Epoch 718: loss=2.91806
Epoch 719: loss=2.91966
Epoch 720: loss=2.92036
Epoch 721: loss=2.91526
Epoch 722: loss=2.91887
Epoch 723: loss=2.91817
Epoch 724: loss=2.91960
Epoch 725: loss=2.92178
Epoch 726: loss=2.92026
Epoch 727: loss=2.92015
Epoch 728: loss=2.92102
Epoch 729: loss=2.91592
Epoch 730: loss=2.91878
Epoch 731: loss=2.92001
Epoch 732: loss=2.91918
Epoch 733: loss=2.92087
Epoch 734: loss=2.91920
Epoch 735: loss=2.91653
Epoch 736: loss=2.91873
Epoch 737: loss=2.91867
Epoch 738: loss=2.91952
Epoch 739: loss=2.92137
Epoch 740: loss=2.92151
Epoch 741: loss=2.91806
Epoch 742: loss=2.91808
Epoch 743: loss=2.92127
Epoch 744: loss=2.92145
Epoch 745: loss=2.91902
Epoch 746: loss=2.92324
Epoch 747: loss=2.91947
Epoch 748: loss=2.91879
Epoch 749: loss=2.91810
Epoch 750: loss=2.91711
Epoch 751: loss=2.91554
Epoch 752: loss=2.91678
Epoch 753: loss=2.91714
Epoch 754: loss=2.92087
Epoch 755: loss=2.92008
Epoch 756: loss=2.91703
Epoch 757: loss=2.92256
Epoch 758: loss=2.91780
Epoch 759: loss=2.92077
Epoch 760: loss=2.91869
Epoch 761: loss=2.91833
Epoch 762: loss=2.91910
Epoch 763: loss=2.91729
Epoch 764: loss=2.91803
Epoch 765: loss=2.91783
Epoch 766: loss=2.91977
Epoch 767: loss=2.91951
Epoch 768: loss=2.91724
Epoch 769: loss=2.91629
Epoch 770: loss=2.91875
Epoch 771: loss=2.91798
Epoch 772: loss=2.92059
Epoch 773: loss=2.92010
Epoch 774: loss=2.92063
Epoch 775: loss=2.91765
Epoch 776: loss=2.91925
Epoch 777: loss=2.92089
Epoch 778: loss=2.92333
Epoch 779: loss=2.91868
Epoch 780: loss=2.92264
Epoch 781: loss=2.91937
Epoch 782: loss=2.92233
Epoch 783: loss=2.91832
Epoch 784: loss=2.91888
Epoch 785: loss=2.92101
Epoch 786: loss=2.91970
Epoch 787: loss=2.91976
Epoch 788: loss=2.92160
Epoch 789: loss=2.92043
Epoch 790: loss=2.92331
Epoch 791: loss=2.92360
Epoch 792: loss=2.91934
Epoch 793: loss=2.91750
Epoch 794: loss=2.92067
Epoch 795: loss=2.92094
Epoch 796: loss=2.92057
Epoch 797: loss=2.91757
Epoch 798: loss=2.91808
Epoch 799: loss=2.91967
Epoch 800: loss=2.91880
Epoch 801: loss=2.91672
Epoch 802: loss=2.92275
Epoch 803: loss=2.92224
Epoch 804: loss=2.92114
Epoch 805: loss=2.92503
Epoch 806: loss=2.92126
Epoch 807: loss=2.91930
Epoch 808: loss=2.92049
Epoch 809: loss=2.92048
Epoch 810: loss=2.92171
Epoch 811: loss=2.91824
Epoch 812: loss=2.92218
Epoch 813: loss=2.91990
Epoch 814: loss=2.91608
Epoch 815: loss=2.92253
Epoch 816: loss=2.91821
Epoch 817: loss=2.92288
Epoch 818: loss=2.91568
Epoch 819: loss=2.92066
Epoch 820: loss=2.92267
Epoch 821: loss=2.91767
Epoch 822: loss=2.92218
Epoch 823: loss=2.92067
Epoch 824: loss=2.92217
Epoch 825: loss=2.91675
Epoch 826: loss=2.91919
Epoch 827: loss=2.91895
Epoch 828: loss=2.92523
Epoch 829: loss=2.92072
Epoch 830: loss=2.91881
Epoch 831: loss=2.91927
Epoch 832: loss=2.91788
Epoch 833: loss=2.91977
Epoch 834: loss=2.91269
Epoch 835: loss=2.92202
Epoch 836: loss=2.91568
Epoch 837: loss=2.91893
Epoch 838: loss=2.92241
Epoch 839: loss=2.91697
Epoch 840: loss=2.92347
Epoch 841: loss=2.92111
Epoch 842: loss=2.91740
Epoch 843: loss=2.92028
Epoch 844: loss=2.92209
Epoch 845: loss=2.92149
Epoch 846: loss=2.92076
Epoch 847: loss=2.91905
Epoch 848: loss=2.92228
Epoch 849: loss=2.91862
Epoch 850: loss=2.91685
Epoch 851: loss=2.91404
Epoch 852: loss=2.92029
Epoch 853: loss=2.91649
Epoch 854: loss=2.91989
Epoch 855: loss=2.92077
Epoch 856: loss=2.92320
Epoch 857: loss=2.91896
Epoch 858: loss=2.91613
Epoch 859: loss=2.91886
Epoch 860: loss=2.92338
Epoch 861: loss=2.92165
Epoch 862: loss=2.92200
Epoch 863: loss=2.91568
Epoch 864: loss=2.91778
Epoch 865: loss=2.91627
Epoch 866: loss=2.91859
Epoch 867: loss=2.91992
Epoch 868: loss=2.92089
Epoch 869: loss=2.92383
Epoch 870: loss=2.91893
Epoch 871: loss=2.91567
Epoch 872: loss=2.91630
Epoch 873: loss=2.91617
Epoch 874: loss=2.91714
Epoch 875: loss=2.91881
Epoch 876: loss=2.91647
Epoch 877: loss=2.91901
Epoch 878: loss=2.92349
Epoch 879: loss=2.91872
Epoch 880: loss=2.92160
Epoch 881: loss=2.92214
Epoch 882: loss=2.91865
Epoch 883: loss=2.91653
Epoch 884: loss=2.91792
Epoch 885: loss=2.92104
Epoch 886: loss=2.91834
Epoch 887: loss=2.91913
Epoch 888: loss=2.92130
Epoch 889: loss=2.91846
Epoch 890: loss=2.92126
Epoch 891: loss=2.91882
Epoch 892: loss=2.91543
Epoch 893: loss=2.91873
Epoch 894: loss=2.92394
Epoch 895: loss=2.91981
Epoch 896: loss=2.92002
Epoch 897: loss=2.92070
Epoch 898: loss=2.92254
Epoch 899: loss=2.91957
Epoch 900: loss=2.91708
Epoch 901: loss=2.92170
Epoch 902: loss=2.92244
Epoch 903: loss=2.91483
Epoch 904: loss=2.91817
Epoch 905: loss=2.92119
Epoch 906: loss=2.91861
Epoch 907: loss=2.91939
Epoch 908: loss=2.91824
Epoch 909: loss=2.91960
Epoch 910: loss=2.92244
Epoch 911: loss=2.92129
Epoch 912: loss=2.91997
Epoch 913: loss=2.91773
Epoch 914: loss=2.92148
Epoch 915: loss=2.92006
Epoch 916: loss=2.91324
Epoch 917: loss=2.91773
Epoch 918: loss=2.91449
Epoch 919: loss=2.91940
Epoch 920: loss=2.91715
Epoch 921: loss=2.91746
Epoch 922: loss=2.92403
Epoch 923: loss=2.92264
Epoch 924: loss=2.91544
Epoch 925: loss=2.91638
Epoch 926: loss=2.91528
Epoch 927: loss=2.92206
Epoch 928: loss=2.91632
Epoch 929: loss=2.91696
Epoch 930: loss=2.91792
Epoch 931: loss=2.91768
Epoch 932: loss=2.91809
Epoch 933: loss=2.92048
Epoch 934: loss=2.91792
Epoch 935: loss=2.92409
Epoch 936: loss=2.91724
Epoch 937: loss=2.91684
Epoch 938: loss=2.91752
Epoch 939: loss=2.91645
Epoch 940: loss=2.91815
Epoch 941: loss=2.91976
Epoch 942: loss=2.92425
Epoch 943: loss=2.91858
Epoch 944: loss=2.91892
Epoch 945: loss=2.91604
Epoch 946: loss=2.91611
Epoch 947: loss=2.92197
Epoch 948: loss=2.91632
Epoch 949: loss=2.91642
Epoch 950: loss=2.91928
Epoch 951: loss=2.92125
Epoch 952: loss=2.92149
Epoch 953: loss=2.91757
Epoch 954: loss=2.91980
Epoch 955: loss=2.91669
Epoch 956: loss=2.91660
Epoch 957: loss=2.92016
Epoch 958: loss=2.91775
Epoch 959: loss=2.92252
Epoch 960: loss=2.91941
Epoch 961: loss=2.92354
Epoch 962: loss=2.91683
Epoch 963: loss=2.91811
Epoch 964: loss=2.91847
Epoch 965: loss=2.91350
Epoch 966: loss=2.92272
Epoch 967: loss=2.91683
Epoch 968: loss=2.92276
Epoch 969: loss=2.92122
Epoch 970: loss=2.92019
Epoch 971: loss=2.91864
Epoch 972: loss=2.91700
Epoch 973: loss=2.92074
Epoch 974: loss=2.91802
Epoch 975: loss=2.92214
Epoch 976: loss=2.91999
Epoch 977: loss=2.91594
Epoch 978: loss=2.91181
Epoch 979: loss=2.91372
Epoch 980: loss=2.91617
Epoch 981: loss=2.91748
Epoch 982: loss=2.92023
Epoch 983: loss=2.91810
Epoch 984: loss=2.91828
Epoch 985: loss=2.92166
Epoch 986: loss=2.91924
Epoch 987: loss=2.91852
Epoch 988: loss=2.92066
Epoch 989: loss=2.92014
Epoch 990: loss=2.92091
Epoch 991: loss=2.92000
Epoch 992: loss=2.92206
Epoch 993: loss=2.92042
Epoch 994: loss=2.91569
Epoch 995: loss=2.91876
Epoch 996: loss=2.91759
Epoch 997: loss=2.92255
Epoch 998: loss=2.91709
Epoch 999: loss=2.92097
Epoch 1000: loss=2.91913
Epoch 1001: loss=2.91713
Epoch 1002: loss=2.92102
Epoch 1003: loss=2.91860
Epoch 1004: loss=2.91880
Epoch 1005: loss=2.91736
Epoch 1006: loss=2.92075
Epoch 1007: loss=2.92101
Epoch 1008: loss=2.92457
Epoch 1009: loss=2.91970
Epoch 1010: loss=2.91237
Epoch 1011: loss=2.91306
Epoch 1012: loss=2.91320
Epoch 1013: loss=2.91281
Epoch 1014: loss=2.91365
Epoch 1015: loss=2.92232
Epoch 1016: loss=2.91620
Epoch 1017: loss=2.91959
Epoch 1018: loss=2.91775
Epoch 1019: loss=2.91426
Epoch 1020: loss=2.91933
Epoch 1021: loss=2.91895
Epoch 1022: loss=2.91637
Epoch 1023: loss=2.91011
Epoch 1024: loss=2.91336
Epoch 1025: loss=2.91194
Epoch 1026: loss=2.91503
Epoch 1027: loss=2.91677
Epoch 1028: loss=2.92054
Epoch 1029: loss=2.91641
Epoch 1030: loss=2.91514
Epoch 1031: loss=2.91565
Epoch 1032: loss=2.91407
Epoch 1033: loss=2.91246
Epoch 1034: loss=2.91761
Epoch 1035: loss=2.91399
Epoch 1036: loss=2.91492
Epoch 1037: loss=2.90929
Epoch 1038: loss=2.91795
Epoch 1039: loss=2.91898
Epoch 1040: loss=2.91616
Epoch 1041: loss=2.91530
Epoch 1042: loss=2.90970
Epoch 1043: loss=2.91607
Epoch 1044: loss=2.91732
Epoch 1045: loss=2.91388
Epoch 1046: loss=2.91539
Epoch 1047: loss=2.91168
Epoch 1048: loss=2.91398
Epoch 1049: loss=2.91263
Epoch 1050: loss=2.91766
Epoch 1051: loss=2.91693
Epoch 1052: loss=2.91111
Epoch 1053: loss=2.91667
Epoch 1054: loss=2.91539
Epoch 1055: loss=2.91499
Epoch 1056: loss=2.92033
Epoch 1057: loss=2.91443
Epoch 1058: loss=2.91519
Epoch 1059: loss=2.91598
Epoch 1060: loss=2.91388
Epoch 1061: loss=2.91308
Epoch 1062: loss=2.91035
Epoch 1063: loss=2.90953
Epoch 1064: loss=2.91590
Epoch 1065: loss=2.91765
Epoch 1066: loss=2.91164
Epoch 1067: loss=2.91728
Epoch 1068: loss=2.92245
Epoch 1069: loss=2.91557
Epoch 1070: loss=2.91471
Epoch 1071: loss=2.91623
Epoch 1072: loss=2.91466
Epoch 1073: loss=2.91501
Epoch 1074: loss=2.91432
Epoch 1075: loss=2.90938
Epoch 1076: loss=2.91715
Epoch 1077: loss=2.90995
Epoch 1078: loss=2.91634
Epoch 1079: loss=2.91246
Epoch 1080: loss=2.90702
Epoch 1081: loss=2.91631
Epoch 1082: loss=2.91529
Epoch 1083: loss=2.91354
Epoch 1084: loss=2.91392
Epoch 1085: loss=2.90974
Epoch 1086: loss=2.91397
Epoch 1087: loss=2.91599
Epoch 1088: loss=2.90762
Epoch 1089: loss=2.91384
Epoch 1090: loss=2.90889
Epoch 1091: loss=2.91386
Epoch 1092: loss=2.91052
Epoch 1093: loss=2.91232
Epoch 1094: loss=2.91873
Epoch 1095: loss=2.91559
Epoch 1096: loss=2.90964
Epoch 1097: loss=2.91215
Epoch 1098: loss=2.91521
Epoch 1099: loss=2.91385
Epoch 1100: loss=2.91524
Epoch 1101: loss=2.91165
Epoch 1102: loss=2.90814
Epoch 1103: loss=2.90815
Epoch 1104: loss=2.91519
Epoch 1105: loss=2.91024
Epoch 1106: loss=2.91719
Epoch 1107: loss=2.90970
Epoch 1108: loss=2.91547
Epoch 1109: loss=2.91188
Epoch 1110: loss=2.91497
Epoch 1111: loss=2.90906
Epoch 1112: loss=2.91018
Epoch 1113: loss=2.91641
Epoch 1114: loss=2.91090
Epoch 1115: loss=2.91257
Epoch 1116: loss=2.91671
Epoch 1117: loss=2.90930
Epoch 1118: loss=2.91706
Epoch 1119: loss=2.91000
Epoch 1120: loss=2.91612
Epoch 1121: loss=2.91285
Epoch 1122: loss=2.91286
Epoch 1123: loss=2.91865
Epoch 1124: loss=2.91215
Epoch 1125: loss=2.90836
Epoch 1126: loss=2.91400
Epoch 1127: loss=2.91009
Epoch 1128: loss=2.91046
Epoch 1129: loss=2.91189
Epoch 1130: loss=2.91151
Epoch 1131: loss=2.91264
Epoch 1132: loss=2.91614
Epoch 1133: loss=2.90919
Epoch 1134: loss=2.91620
Epoch 1135: loss=2.90991
Epoch 1136: loss=2.91543
Epoch 1137: loss=2.91342
Epoch 1138: loss=2.90760
Epoch 1139: loss=2.91282
Epoch 1140: loss=2.90659
Epoch 1141: loss=2.91063
Epoch 1142: loss=2.91216
Epoch 1143: loss=2.91144
Epoch 1144: loss=2.91408
Epoch 1145: loss=2.91071
Epoch 1146: loss=2.91129
Epoch 1147: loss=2.90921
Epoch 1148: loss=2.91109
Epoch 1149: loss=2.91384
Epoch 1150: loss=2.91250
Epoch 1151: loss=2.90896
Epoch 1152: loss=2.90490
Epoch 1153: loss=2.91035
Epoch 1154: loss=2.91501
Epoch 1155: loss=2.91756
Epoch 1156: loss=2.91305
Epoch 1157: loss=2.90782
Epoch 1158: loss=2.91390
Epoch 1159: loss=2.90696
Epoch 1160: loss=2.91009
Epoch 1161: loss=2.90700
Epoch 1162: loss=2.91339
Epoch 1163: loss=2.91228
Epoch 1164: loss=2.90470
Epoch 1165: loss=2.91156
Epoch 1166: loss=2.90751
Epoch 1167: loss=2.90704
Epoch 1168: loss=2.91321
Epoch 1169: loss=2.90540
Epoch 1170: loss=2.91283
Epoch 1171: loss=2.90753
Epoch 1172: loss=2.91077
Epoch 1173: loss=2.91078
Epoch 1174: loss=2.90668
Epoch 1175: loss=2.90651
Epoch 1176: loss=2.90741
Epoch 1177: loss=2.90990
Epoch 1178: loss=2.90868
Epoch 1179: loss=2.90128
Epoch 1180: loss=2.90625
Epoch 1181: loss=2.90997
Epoch 1182: loss=2.90423
Epoch 1183: loss=2.91689
Epoch 1184: loss=2.90727
Epoch 1185: loss=2.90965
Epoch 1186: loss=2.90555
Epoch 1187: loss=2.90750
Epoch 1188: loss=2.91476
Epoch 1189: loss=2.90507
Epoch 1190: loss=2.90632
Epoch 1191: loss=2.90799
Epoch 1192: loss=2.90693
Epoch 1193: loss=2.90548
Epoch 1194: loss=2.90584
Epoch 1195: loss=2.90794
Epoch 1196: loss=2.90760
Epoch 1197: loss=2.90807
Epoch 1198: loss=2.91013
Epoch 1199: loss=2.90717
Epoch 1200: loss=2.90726
Epoch 1201: loss=2.90475
Epoch 1202: loss=2.90635
Epoch 1203: loss=2.90824
Epoch 1204: loss=2.91376
Epoch 1205: loss=2.90795
Epoch 1206: loss=2.91295
Epoch 1207: loss=2.90653
Epoch 1208: loss=2.91291
Epoch 1209: loss=2.90489
Epoch 1210: loss=2.90780
Epoch 1211: loss=2.91292
Epoch 1212: loss=2.91216
Epoch 1213: loss=2.90829
Epoch 1214: loss=2.90524
Epoch 1215: loss=2.90777
Epoch 1216: loss=2.90974
Epoch 1217: loss=2.90494
Epoch 1218: loss=2.90349
Epoch 1219: loss=2.91184
Epoch 1220: loss=2.90284
Epoch 1221: loss=2.90504
Epoch 1222: loss=2.91068
Epoch 1223: loss=2.91301
Epoch 1224: loss=2.90928
Epoch 1225: loss=2.90673
Epoch 1226: loss=2.90190
Epoch 1227: loss=2.91038
Epoch 1228: loss=2.90809
Epoch 1229: loss=2.90966
Epoch 1230: loss=2.90426
Epoch 1231: loss=2.90692
Epoch 1232: loss=2.90513
Epoch 1233: loss=2.90661
Epoch 1234: loss=2.90602
Epoch 1235: loss=2.90860
Epoch 1236: loss=2.90384
Epoch 1237: loss=2.90404
Epoch 1238: loss=2.90190
Epoch 1239: loss=2.90831
Epoch 1240: loss=2.90490
Epoch 1241: loss=2.90191
Epoch 1242: loss=2.90023
Epoch 1243: loss=2.90835
Epoch 1244: loss=2.89893
Epoch 1245: loss=2.90784
Epoch 1246: loss=2.90809
Epoch 1247: loss=2.90169
Epoch 1248: loss=2.90512
Epoch 1249: loss=2.90562
Epoch 1250: loss=2.90136
Epoch 1251: loss=2.89927
Epoch 1252: loss=2.89860
Epoch 1253: loss=2.90555
Epoch 1254: loss=2.90722
Epoch 1255: loss=2.90707
Epoch 1256: loss=2.90854
Epoch 1257: loss=2.90878
Epoch 1258: loss=2.90810
Epoch 1259: loss=2.90796
Epoch 1260: loss=2.91222
Epoch 1261: loss=2.90440
Epoch 1262: loss=2.91074
Epoch 1263: loss=2.89979
Epoch 1264: loss=2.90422
Epoch 1265: loss=2.90525
Epoch 1266: loss=2.90777
Epoch 1267: loss=2.90437
Epoch 1268: loss=2.90015
Epoch 1269: loss=2.90389
Epoch 1270: loss=2.90074
Epoch 1271: loss=2.91473
Epoch 1272: loss=2.90737
Epoch 1273: loss=2.90328
Epoch 1274: loss=2.91157
Epoch 1275: loss=2.90771
Epoch 1276: loss=2.90291
Epoch 1277: loss=2.90335
Epoch 1278: loss=2.90818
Epoch 1279: loss=2.90595
Epoch 1280: loss=2.90124
Epoch 1281: loss=2.90588
Epoch 1282: loss=2.90517
Epoch 1283: loss=2.90412
Epoch 1284: loss=2.90540
Epoch 1285: loss=2.90852
Epoch 1286: loss=2.90170
Epoch 1287: loss=2.90949
Epoch 1288: loss=2.90558
Epoch 1289: loss=2.90304
Epoch 1290: loss=2.90253
Epoch 1291: loss=2.90306
Epoch 1292: loss=2.90243
Epoch 1293: loss=2.90359
Epoch 1294: loss=2.90284
Epoch 1295: loss=2.90181
Epoch 1296: loss=2.90604
Epoch 1297: loss=2.89866
Epoch 1298: loss=2.90319
Epoch 1299: loss=2.90106
Epoch 1300: loss=2.90162
Epoch 1301: loss=2.90137
Epoch 1302: loss=2.90363
Epoch 1303: loss=2.90215
Epoch 1304: loss=2.90140
Epoch 1305: loss=2.90156
Epoch 1306: loss=2.90373
Epoch 1307: loss=2.89578
Epoch 1308: loss=2.90122
Epoch 1309: loss=2.90139
Epoch 1310: loss=2.90481
Epoch 1311: loss=2.90634
Epoch 1312: loss=2.90146
Epoch 1313: loss=2.90509
Epoch 1314: loss=2.90387
Epoch 1315: loss=2.89800
Epoch 1316: loss=2.90047
Epoch 1317: loss=2.90120
Epoch 1318: loss=2.90653
Epoch 1319: loss=2.90673
Epoch 1320: loss=2.89963
Epoch 1321: loss=2.90441
Epoch 1322: loss=2.89840
Epoch 1323: loss=2.90297
Epoch 1324: loss=2.89961
Epoch 1325: loss=2.90177
Epoch 1326: loss=2.89905
Epoch 1327: loss=2.90041
Epoch 1328: loss=2.89558
Epoch 1329: loss=2.89911
Epoch 1330: loss=2.90321
Epoch 1331: loss=2.89606
Epoch 1332: loss=2.90207
Epoch 1333: loss=2.90505
Epoch 1334: loss=2.89517
Epoch 1335: loss=2.89853
Epoch 1336: loss=2.90506
Epoch 1337: loss=2.89597
Epoch 1338: loss=2.90020
Epoch 1339: loss=2.90086
Epoch 1340: loss=2.90461
Epoch 1341: loss=2.90084
Epoch 1342: loss=2.90438
Epoch 1343: loss=2.90144
Epoch 1344: loss=2.90344
Epoch 1345: loss=2.89680
Epoch 1346: loss=2.90155
Epoch 1347: loss=2.89909
Epoch 1348: loss=2.89768
Epoch 1349: loss=2.89268
Epoch 1350: loss=2.89803
Epoch 1351: loss=2.89273
Epoch 1352: loss=2.89267
Epoch 1353: loss=2.89977
Epoch 1354: loss=2.90200
Epoch 1355: loss=2.90013
Epoch 1356: loss=2.89782
Epoch 1357: loss=2.88979
Epoch 1358: loss=2.89687
Epoch 1359: loss=2.89732
Epoch 1360: loss=2.89555
Epoch 1361: loss=2.89744
Epoch 1362: loss=2.89464
Epoch 1363: loss=2.89367
Epoch 1364: loss=2.90052
Epoch 1365: loss=2.89593
Epoch 1366: loss=2.89782
Epoch 1367: loss=2.90072
Epoch 1368: loss=2.89513
Epoch 1369: loss=2.89585
Epoch 1370: loss=2.90163
Epoch 1371: loss=2.89989
Epoch 1372: loss=2.89784
Epoch 1373: loss=2.89408
Epoch 1374: loss=2.89739
Epoch 1375: loss=2.89972
Epoch 1376: loss=2.89684
Epoch 1377: loss=2.89783
Epoch 1378: loss=2.89767
Epoch 1379: loss=2.89318
Epoch 1380: loss=2.89704
Epoch 1381: loss=2.90334
Epoch 1382: loss=2.89035
Epoch 1383: loss=2.89676
Epoch 1384: loss=2.89751
Epoch 1385: loss=2.89892
Epoch 1386: loss=2.89525
Epoch 1387: loss=2.89658
Epoch 1388: loss=2.89670
Epoch 1389: loss=2.89753
Epoch 1390: loss=2.89335
Epoch 1391: loss=2.89869
Epoch 1392: loss=2.89780
Epoch 1393: loss=2.89600
Epoch 1394: loss=2.89468
Epoch 1395: loss=2.89764
Epoch 1396: loss=2.89657
Epoch 1397: loss=2.89189
Epoch 1398: loss=2.89691
Epoch 1399: loss=2.89895
Epoch 1400: loss=2.89688
Epoch 1401: loss=2.90123
Epoch 1402: loss=2.90078
Epoch 1403: loss=2.89774
Epoch 1404: loss=2.89622
Epoch 1405: loss=2.89722
Epoch 1406: loss=2.90118
Epoch 1407: loss=2.89648
Epoch 1408: loss=2.89757
Epoch 1409: loss=2.89978
Epoch 1410: loss=2.89185
Epoch 1411: loss=2.90162
Epoch 1412: loss=2.89682
Epoch 1413: loss=2.89718
Epoch 1414: loss=2.89793
Epoch 1415: loss=2.90082
Epoch 1416: loss=2.89376
Epoch 1417: loss=2.89352
Epoch 1418: loss=2.89899
Epoch 1419: loss=2.89930
Epoch 1420: loss=2.89323
Epoch 1421: loss=2.89636
Epoch 1422: loss=2.89249
Epoch 1423: loss=2.89968
Epoch 1424: loss=2.90014
Epoch 1425: loss=2.89827
Epoch 1426: loss=2.89679
Epoch 1427: loss=2.89323
Epoch 1428: loss=2.89418
Epoch 1429: loss=2.89839
Epoch 1430: loss=2.89296
Epoch 1431: loss=2.89211
Epoch 1432: loss=2.89941
Epoch 1433: loss=2.89563
Epoch 1434: loss=2.89222
Epoch 1435: loss=2.88906
Epoch 1436: loss=2.89691
Epoch 1437: loss=2.89652
Epoch 1438: loss=2.89843
Epoch 1439: loss=2.89561
Epoch 1440: loss=2.89375
Epoch 1441: loss=2.89699
Epoch 1442: loss=2.89394
Epoch 1443: loss=2.89383
Epoch 1444: loss=2.89112
Epoch 1445: loss=2.89802
Epoch 1446: loss=2.89274
Epoch 1447: loss=2.88965
Epoch 1448: loss=2.89712
Epoch 1449: loss=2.89075
Epoch 1450: loss=2.89096
Epoch 1451: loss=2.89800
Epoch 1452: loss=2.89490
Epoch 1453: loss=2.89748
Epoch 1454: loss=2.89510
Epoch 1455: loss=2.89305
Epoch 1456: loss=2.90285
Epoch 1457: loss=2.89367
Epoch 1458: loss=2.89422
Epoch 1459: loss=2.88953
Epoch 1460: loss=2.89587
Epoch 1461: loss=2.89279
Epoch 1462: loss=2.89394
Epoch 1463: loss=2.88689
Epoch 1464: loss=2.89227
Epoch 1465: loss=2.89322
Epoch 1466: loss=2.89498
Epoch 1467: loss=2.89186
Epoch 1468: loss=2.89418
Epoch 1469: loss=2.89346
Epoch 1470: loss=2.88865
Epoch 1471: loss=2.89332
Epoch 1472: loss=2.89219
Epoch 1473: loss=2.88473
Epoch 1474: loss=2.89218
Epoch 1475: loss=2.89754
Epoch 1476: loss=2.89141
Epoch 1477: loss=2.88847
Epoch 1478: loss=2.89083
Epoch 1479: loss=2.89924
Epoch 1480: loss=2.90210
Epoch 1481: loss=2.89536
Epoch 1482: loss=2.89147
Epoch 1483: loss=2.89584
Epoch 1484: loss=2.89579
Epoch 1485: loss=2.89124
Epoch 1486: loss=2.89173
Epoch 1487: loss=2.89209
Epoch 1488: loss=2.89683
Epoch 1489: loss=2.88756
Epoch 1490: loss=2.88750
Epoch 1491: loss=2.89713
Epoch 1492: loss=2.89146
Epoch 1493: loss=2.89100
Epoch 1494: loss=2.89388
Epoch 1495: loss=2.89563
Epoch 1496: loss=2.89317
Epoch 1497: loss=2.89181
Epoch 1498: loss=2.88520
Epoch 1499: loss=2.89237
Epoch 1500: loss=2.88791
Epoch 1501: loss=2.88634
Epoch 1502: loss=2.88871
Epoch 1503: loss=2.88670
Epoch 1504: loss=2.89074
Epoch 1505: loss=2.88137
Epoch 1506: loss=2.89015
Epoch 1507: loss=2.89496
Epoch 1508: loss=2.89134
Epoch 1509: loss=2.88948
Epoch 1510: loss=2.88946
Epoch 1511: loss=2.89323
Epoch 1512: loss=2.89054
Epoch 1513: loss=2.88168
Epoch 1514: loss=2.89171
Epoch 1515: loss=2.88887
Epoch 1516: loss=2.88720
Epoch 1517: loss=2.89316
Epoch 1518: loss=2.88827
Epoch 1519: loss=2.88200
Epoch 1520: loss=2.89217
Epoch 1521: loss=2.89266
Epoch 1522: loss=2.88325
Epoch 1523: loss=2.89253
Epoch 1524: loss=2.89109
Epoch 1525: loss=2.88610
Epoch 1526: loss=2.89415
Epoch 1527: loss=2.88427
Epoch 1528: loss=2.89078
Epoch 1529: loss=2.88716
Epoch 1530: loss=2.89025
Epoch 1531: loss=2.88578
Epoch 1532: loss=2.89243
Epoch 1533: loss=2.88599
Epoch 1534: loss=2.89074
Epoch 1535: loss=2.88743
Epoch 1536: loss=2.88029
Epoch 1537: loss=2.88792
Epoch 1538: loss=2.88885
Epoch 1539: loss=2.88469
Epoch 1540: loss=2.87827
Epoch 1541: loss=2.89018
Epoch 1542: loss=2.88799
Epoch 1543: loss=2.88612
Epoch 1544: loss=2.88297
Epoch 1545: loss=2.88733
Epoch 1546: loss=2.88891
Epoch 1547: loss=2.88709
Epoch 1548: loss=2.88624
Epoch 1549: loss=2.88274
Epoch 1550: loss=2.88365
Epoch 1551: loss=2.88293
Epoch 1552: loss=2.89268
Epoch 1553: loss=2.88876
Epoch 1554: loss=2.88298
Epoch 1555: loss=2.88987
Epoch 1556: loss=2.89496
Epoch 1557: loss=2.88753
Epoch 1558: loss=2.89309
Epoch 1559: loss=2.89139
Epoch 1560: loss=2.88766
Epoch 1561: loss=2.88639
Epoch 1562: loss=2.89166
Epoch 1563: loss=2.88972
Epoch 1564: loss=2.88544
Epoch 1565: loss=2.87951
Epoch 1566: loss=2.88421
Epoch 1567: loss=2.89092
Epoch 1568: loss=2.89610
Epoch 1569: loss=2.89368
Epoch 1570: loss=2.88899
Epoch 1571: loss=2.88863
Epoch 1572: loss=2.88127
Epoch 1573: loss=2.88285
Epoch 1574: loss=2.89300
Epoch 1575: loss=2.88260
Epoch 1576: loss=2.89226
Epoch 1577: loss=2.88314
Epoch 1578: loss=2.88522
Epoch 1579: loss=2.88599
Epoch 1580: loss=2.89383
Epoch 1581: loss=2.88975
Epoch 1582: loss=2.88842
Epoch 1583: loss=2.88282
Epoch 1584: loss=2.88592
Epoch 1585: loss=2.88671
Epoch 1586: loss=2.87749
Epoch 1587: loss=2.88340
Epoch 1588: loss=2.88920
Epoch 1589: loss=2.88330
Epoch 1590: loss=2.88580
Epoch 1591: loss=2.88573
Epoch 1592: loss=2.88230
Epoch 1593: loss=2.88008
Epoch 1594: loss=2.88264
Epoch 1595: loss=2.88488
Epoch 1596: loss=2.88989
Epoch 1597: loss=2.89024
Epoch 1598: loss=2.88481
Epoch 1599: loss=2.88372
Epoch 1600: loss=2.88353
Epoch 1601: loss=2.88048
Epoch 1602: loss=2.88025
Epoch 1603: loss=2.88191
Epoch 1604: loss=2.87980
Epoch 1605: loss=2.88085
Epoch 1606: loss=2.88597
Epoch 1607: loss=2.88396
Epoch 1608: loss=2.88805
Epoch 1609: loss=2.88381
Epoch 1610: loss=2.88544
Epoch 1611: loss=2.88973
Epoch 1612: loss=2.89157
Epoch 1613: loss=2.88424
Epoch 1614: loss=2.88863
Epoch 1615: loss=2.88269
Epoch 1616: loss=2.88441
Epoch 1617: loss=2.88142
Epoch 1618: loss=2.88439
Epoch 1619: loss=2.88370
Epoch 1620: loss=2.87788
Epoch 1621: loss=2.87362
Epoch 1622: loss=2.87918
Epoch 1623: loss=2.88045
Epoch 1624: loss=2.88371
Epoch 1625: loss=2.88279
Epoch 1626: loss=2.88639
Epoch 1627: loss=2.88321
Epoch 1628: loss=2.88657
Epoch 1629: loss=2.88702
Epoch 1630: loss=2.88084
Epoch 1631: loss=2.87774
Epoch 1632: loss=2.88409
Epoch 1633: loss=2.87828
Epoch 1634: loss=2.87614
Epoch 1635: loss=2.88394
Epoch 1636: loss=2.88412
Epoch 1637: loss=2.88438
Epoch 1638: loss=2.88865
Epoch 1639: loss=2.88653
Epoch 1640: loss=2.88057
Epoch 1641: loss=2.87903
Epoch 1642: loss=2.88878
Epoch 1643: loss=2.87924
Epoch 1644: loss=2.88246
Epoch 1645: loss=2.87713
Epoch 1646: loss=2.87873
Epoch 1647: loss=2.88842
Epoch 1648: loss=2.88012
Epoch 1649: loss=2.88890
Epoch 1650: loss=2.88486
Epoch 1651: loss=2.88626
Epoch 1652: loss=2.87843
Epoch 1653: loss=2.87757
Epoch 1654: loss=2.88037
Epoch 1655: loss=2.87743
Epoch 1656: loss=2.88555
Epoch 1657: loss=2.88065
Epoch 1658: loss=2.88256
Epoch 1659: loss=2.88451
Epoch 1660: loss=2.88332
Epoch 1661: loss=2.87077
Epoch 1662: loss=2.88043
Epoch 1663: loss=2.88285
Epoch 1664: loss=2.88300
Epoch 1665: loss=2.87777
Epoch 1666: loss=2.87616
Epoch 1667: loss=2.88437
Epoch 1668: loss=2.88107
Epoch 1669: loss=2.87370
Epoch 1670: loss=2.87628
Epoch 1671: loss=2.88434
Epoch 1672: loss=2.87699
Epoch 1673: loss=2.88024
Epoch 1674: loss=2.87595
Epoch 1675: loss=2.88481
Epoch 1676: loss=2.87429
Epoch 1677: loss=2.88408
Epoch 1678: loss=2.87543
Epoch 1679: loss=2.88041
Epoch 1680: loss=2.88381
Epoch 1681: loss=2.88255
Epoch 1682: loss=2.87758
Epoch 1683: loss=2.87892
Epoch 1684: loss=2.87439
Epoch 1685: loss=2.87526
Epoch 1686: loss=2.87879
Epoch 1687: loss=2.87824
Epoch 1688: loss=2.87941
Epoch 1689: loss=2.87623
Epoch 1690: loss=2.88272
Epoch 1691: loss=2.87975
Epoch 1692: loss=2.87808
Epoch 1693: loss=2.88105
Epoch 1694: loss=2.88189
Epoch 1695: loss=2.87802
Epoch 1696: loss=2.88025
Epoch 1697: loss=2.87711
Epoch 1698: loss=2.87252
Epoch 1699: loss=2.87503
Epoch 1700: loss=2.87646
Epoch 1701: loss=2.88232
Epoch 1702: loss=2.86742
Epoch 1703: loss=2.87574
Epoch 1704: loss=2.88146
Epoch 1705: loss=2.87882
Epoch 1706: loss=2.87244
Epoch 1707: loss=2.88364
Epoch 1708: loss=2.87665
Epoch 1709: loss=2.87071
Epoch 1710: loss=2.87630
Epoch 1711: loss=2.87543
Epoch 1712: loss=2.87914
Epoch 1713: loss=2.88093
Epoch 1714: loss=2.87431
Epoch 1715: loss=2.87988
Epoch 1716: loss=2.87743
Epoch 1717: loss=2.87913
Epoch 1718: loss=2.87523
Epoch 1719: loss=2.86072
Epoch 1720: loss=2.87968
Epoch 1721: loss=2.87773
Epoch 1722: loss=2.87717
Epoch 1723: loss=2.87865
Epoch 1724: loss=2.87701
Epoch 1725: loss=2.88368
Epoch 1726: loss=2.87702
Epoch 1727: loss=2.87490
Epoch 1728: loss=2.87942
Epoch 1729: loss=2.87244
Epoch 1730: loss=2.88224
Epoch 1731: loss=2.87580
Epoch 1732: loss=2.87729
Epoch 1733: loss=2.87409
Epoch 1734: loss=2.88192
Epoch 1735: loss=2.87259
Epoch 1736: loss=2.86954
Epoch 1737: loss=2.87665
Epoch 1738: loss=2.87090
Epoch 1739: loss=2.87811
Epoch 1740: loss=2.87928
Epoch 1741: loss=2.87169
Epoch 1742: loss=2.88740
Epoch 1743: loss=2.88037
Epoch 1744: loss=2.87934
Epoch 1745: loss=2.86932
Epoch 1746: loss=2.87386
Epoch 1747: loss=2.87841
Epoch 1748: loss=2.87317
Epoch 1749: loss=2.87130
Epoch 1750: loss=2.87353
Epoch 1751: loss=2.87048
Epoch 1752: loss=2.87395
Epoch 1753: loss=2.87975
Epoch 1754: loss=2.87868
Epoch 1755: loss=2.87722
Epoch 1756: loss=2.88161
Epoch 1757: loss=2.87011
Epoch 1758: loss=2.87671
Epoch 1759: loss=2.86711
Epoch 1760: loss=2.87388
Epoch 1761: loss=2.87781
Epoch 1762: loss=2.87512
Epoch 1763: loss=2.87473
Epoch 1764: loss=2.87269
Epoch 1765: loss=2.88228
Epoch 1766: loss=2.87594
Epoch 1767: loss=2.87654
Epoch 1768: loss=2.87069
Epoch 1769: loss=2.87504
Epoch 1770: loss=2.87612
Epoch 1771: loss=2.87815
Epoch 1772: loss=2.87033
Epoch 1773: loss=2.88326
Epoch 1774: loss=2.86821
Epoch 1775: loss=2.87164
Epoch 1776: loss=2.87921
Epoch 1777: loss=2.86841
Epoch 1778: loss=2.87386
Epoch 1779: loss=2.87299
Epoch 1780: loss=2.87040
Epoch 1781: loss=2.87947
Epoch 1782: loss=2.88040
Epoch 1783: loss=2.88003
Epoch 1784: loss=2.88075
Epoch 1785: loss=2.87089
Epoch 1786: loss=2.87320
Epoch 1787: loss=2.87323
Epoch 1788: loss=2.87591
Epoch 1789: loss=2.87822
Epoch 1790: loss=2.87284
Epoch 1791: loss=2.87535
Epoch 1792: loss=2.86927
Epoch 1793: loss=2.88348
Epoch 1794: loss=2.87406
Epoch 1795: loss=2.87912
Epoch 1796: loss=2.87849
Epoch 1797: loss=2.88107
Epoch 1798: loss=2.87116
Epoch 1799: loss=2.86811
Epoch 1800: loss=2.87867
Epoch 1801: loss=2.87754
Epoch 1802: loss=2.86494
Epoch 1803: loss=2.86863
Epoch 1804: loss=2.86783
Epoch 1805: loss=2.87019
Epoch 1806: loss=2.87661
Epoch 1807: loss=2.87313
Epoch 1808: loss=2.87617
Epoch 1809: loss=2.87302
Epoch 1810: loss=2.87427
Epoch 1811: loss=2.87368
Epoch 1812: loss=2.86793
Epoch 1813: loss=2.86943
Epoch 1814: loss=2.87322
Epoch 1815: loss=2.87359
Epoch 1816: loss=2.87733
Epoch 1817: loss=2.87748
Epoch 1818: loss=2.87916
Epoch 1819: loss=2.87285
Epoch 1820: loss=2.87125
Epoch 1821: loss=2.86892
Epoch 1822: loss=2.87371
Epoch 1823: loss=2.88028
Epoch 1824: loss=2.87377
Epoch 1825: loss=2.87238
Epoch 1826: loss=2.86807
Epoch 1827: loss=2.87307
Epoch 1828: loss=2.86271
Epoch 1829: loss=2.86308
Epoch 1830: loss=2.87935
Epoch 1831: loss=2.87338
Epoch 1832: loss=2.86912
Epoch 1833: loss=2.87193
Epoch 1834: loss=2.87187
Epoch 1835: loss=2.86963
Epoch 1836: loss=2.87009
Epoch 1837: loss=2.87134
Epoch 1838: loss=2.86262
Epoch 1839: loss=2.87708
Epoch 1840: loss=2.86585
Epoch 1841: loss=2.87438
Epoch 1842: loss=2.87998
Epoch 1843: loss=2.87244
Epoch 1844: loss=2.87135
Epoch 1845: loss=2.86280
Epoch 1846: loss=2.86875
Epoch 1847: loss=2.87285
Epoch 1848: loss=2.87159
Epoch 1849: loss=2.87102
Epoch 1850: loss=2.86277
Epoch 1851: loss=2.87928
Epoch 1852: loss=2.86815
Epoch 1853: loss=2.87326
Epoch 1854: loss=2.86685
Epoch 1855: loss=2.87099
Epoch 1856: loss=2.87230
Epoch 1857: loss=2.87156
Epoch 1858: loss=2.86569
Epoch 1859: loss=2.86585
Epoch 1860: loss=2.87210
Epoch 1861: loss=2.87070
Epoch 1862: loss=2.87152
Epoch 1863: loss=2.86900
Epoch 1864: loss=2.86239
Epoch 1865: loss=2.87636
Epoch 1866: loss=2.87522
Epoch 1867: loss=2.87252
Epoch 1868: loss=2.88113
Epoch 1869: loss=2.87453
Epoch 1870: loss=2.86719
Epoch 1871: loss=2.86952
Epoch 1872: loss=2.86638
Epoch 1873: loss=2.86479
Epoch 1874: loss=2.87496
Epoch 1875: loss=2.87393
Epoch 1876: loss=2.86348
Epoch 1877: loss=2.86823
Epoch 1878: loss=2.87093
Epoch 1879: loss=2.87041
Epoch 1880: loss=2.87009
Epoch 1881: loss=2.86715
Epoch 1882: loss=2.86050
Epoch 1883: loss=2.86794
Epoch 1884: loss=2.87217
Epoch 1885: loss=2.87309
Epoch 1886: loss=2.87490
Epoch 1887: loss=2.86131
Epoch 1888: loss=2.86067
Epoch 1889: loss=2.86142
Epoch 1890: loss=2.85906
Epoch 1891: loss=2.85842
Epoch 1892: loss=2.87029
Epoch 1893: loss=2.87576
Epoch 1894: loss=2.86544
Epoch 1895: loss=2.87450
Epoch 1896: loss=2.86808
Epoch 1897: loss=2.86946
Epoch 1898: loss=2.86568
Epoch 1899: loss=2.86781
Epoch 1900: loss=2.86518
Epoch 1901: loss=2.86811
Epoch 1902: loss=2.87197
Epoch 1903: loss=2.87042
Epoch 1904: loss=2.85659
Epoch 1905: loss=2.87283
Epoch 1906: loss=2.87042
Epoch 1907: loss=2.86990
Epoch 1908: loss=2.86651
Epoch 1909: loss=2.87426
Epoch 1910: loss=2.86700
Epoch 1911: loss=2.86418
Epoch 1912: loss=2.86792
Epoch 1913: loss=2.86569
Epoch 1914: loss=2.86115
Epoch 1915: loss=2.86257
Epoch 1916: loss=2.86865
Epoch 1917: loss=2.87309
Epoch 1918: loss=2.86595
Epoch 1919: loss=2.86678
Epoch 1920: loss=2.86485
Epoch 1921: loss=2.87654
Epoch 1922: loss=2.86411
Epoch 1923: loss=2.85834
Epoch 1924: loss=2.86713
Epoch 1925: loss=2.87284
Epoch 1926: loss=2.86379
Epoch 1927: loss=2.86334
Epoch 1928: loss=2.86899
Epoch 1929: loss=2.86605
Epoch 1930: loss=2.86229
Epoch 1931: loss=2.86903
Epoch 1932: loss=2.85730
Epoch 1933: loss=2.86032
Epoch 1934: loss=2.85661
Epoch 1935: loss=2.86308
Epoch 1936: loss=2.86556
Epoch 1937: loss=2.86419
Epoch 1938: loss=2.85768
Epoch 1939: loss=2.86212
Epoch 1940: loss=2.86269
Epoch 1941: loss=2.86257
Epoch 1942: loss=2.85880
Epoch 1943: loss=2.86087
Epoch 1944: loss=2.86315
Epoch 1945: loss=2.86485
Epoch 1946: loss=2.85904
Epoch 1947: loss=2.85850
Epoch 1948: loss=2.85311
Epoch 1949: loss=2.86497
Epoch 1950: loss=2.86214
Epoch 1951: loss=2.85786
Epoch 1952: loss=2.86466
Epoch 1953: loss=2.86941
Epoch 1954: loss=2.86241
Epoch 1955: loss=2.86808
Epoch 1956: loss=2.86530
Epoch 1957: loss=2.86828
Epoch 1958: loss=2.87089
Epoch 1959: loss=2.85821
Epoch 1960: loss=2.86013
Epoch 1961: loss=2.85267
Epoch 1962: loss=2.85876
Epoch 1963: loss=2.86355
Epoch 1964: loss=2.85636
Epoch 1965: loss=2.86284
Epoch 1966: loss=2.86617
Epoch 1967: loss=2.86819
Epoch 1968: loss=2.85839
Epoch 1969: loss=2.85778
Epoch 1970: loss=2.86638
Epoch 1971: loss=2.86168
Epoch 1972: loss=2.86713
Epoch 1973: loss=2.86508
Epoch 1974: loss=2.86411
Epoch 1975: loss=2.86448
Epoch 1976: loss=2.86646
Epoch 1977: loss=2.85287
Epoch 1978: loss=2.86214
Epoch 1979: loss=2.87052
Epoch 1980: loss=2.86977
Epoch 1981: loss=2.86038
Epoch 1982: loss=2.86018
Epoch 1983: loss=2.86834
Epoch 1984: loss=2.86121
Epoch 1985: loss=2.85649
Epoch 1986: loss=2.86030
Epoch 1987: loss=2.86935
Epoch 1988: loss=2.85855
Epoch 1989: loss=2.85559
Epoch 1990: loss=2.86542
Epoch 1991: loss=2.87115
Epoch 1992: loss=2.86497
Epoch 1993: loss=2.85204
Epoch 1994: loss=2.86827
Epoch 1995: loss=2.85758
Epoch 1996: loss=2.87330
Epoch 1997: loss=2.86475
Epoch 1998: loss=2.85736
Epoch 1999: loss=2.87184
Epoch 2000: loss=2.85765
Epoch 2001: loss=2.86323
Epoch 2002: loss=2.86462
Epoch 2003: loss=2.86657
Epoch 2004: loss=2.86560
Epoch 2005: loss=2.85559
Epoch 2006: loss=2.86650
Epoch 2007: loss=2.85693
Epoch 2008: loss=2.86000
Epoch 2009: loss=2.86251
Epoch 2010: loss=2.85796
Epoch 2011: loss=2.85471
Epoch 2012: loss=2.86148
Epoch 2013: loss=2.86215
Epoch 2014: loss=2.85782
Epoch 2015: loss=2.86392
Epoch 2016: loss=2.86330
Epoch 2017: loss=2.86518
Epoch 2018: loss=2.86127
Epoch 2019: loss=2.86745
Epoch 2020: loss=2.86365
Epoch 2021: loss=2.85385
Epoch 2022: loss=2.86268
Epoch 2023: loss=2.85655
Epoch 2024: loss=2.85688
Epoch 2025: loss=2.85182
Epoch 2026: loss=2.86552
Epoch 2027: loss=2.86075
Epoch 2028: loss=2.86816
Epoch 2029: loss=2.85888
Epoch 2030: loss=2.86184
Epoch 2031: loss=2.86109
Epoch 2032: loss=2.86359
Epoch 2033: loss=2.86573
Epoch 2034: loss=2.86122
Epoch 2035: loss=2.86380
Epoch 2036: loss=2.86781
Epoch 2037: loss=2.86174
Epoch 2038: loss=2.85954
Epoch 2039: loss=2.85882
Epoch 2040: loss=2.86180
Epoch 2041: loss=2.85983
Epoch 2042: loss=2.85751
Epoch 2043: loss=2.86437
Epoch 2044: loss=2.85459
Epoch 2045: loss=2.85931
Epoch 2046: loss=2.85603
Epoch 2047: loss=2.86176
Epoch 2048: loss=2.85496
Epoch 2049: loss=2.85301
Epoch 2050: loss=2.85859
Epoch 2051: loss=2.86051
Epoch 2052: loss=2.85267
Epoch 2053: loss=2.85940
Epoch 2054: loss=2.86655
Epoch 2055: loss=2.85484
Epoch 2056: loss=2.86119
Epoch 2057: loss=2.86480
Epoch 2058: loss=2.85032
Epoch 2059: loss=2.85748
Epoch 2060: loss=2.86160
Epoch 2061: loss=2.86078
Epoch 2062: loss=2.85947
Epoch 2063: loss=2.85978
Epoch 2064: loss=2.85976
Epoch 2065: loss=2.85953
Epoch 2066: loss=2.86537
Epoch 2067: loss=2.85620
Epoch 2068: loss=2.84801
Epoch 2069: loss=2.85889
Epoch 2070: loss=2.86279
Epoch 2071: loss=2.86001
Epoch 2072: loss=2.85656
Epoch 2073: loss=2.86011
Epoch 2074: loss=2.86170
Epoch 2075: loss=2.85608
Epoch 2076: loss=2.85448
Epoch 2077: loss=2.85540
Epoch 2078: loss=2.85669
Epoch 2079: loss=2.84719
Epoch 2080: loss=2.85662
Epoch 2081: loss=2.85853
Epoch 2082: loss=2.85673
Epoch 2083: loss=2.85726
Epoch 2084: loss=2.85417
Epoch 2085: loss=2.85268
Epoch 2086: loss=2.85313
Epoch 2087: loss=2.85266
Epoch 2088: loss=2.85579
Epoch 2089: loss=2.85554
Epoch 2090: loss=2.85166
Epoch 2091: loss=2.86355
Epoch 2092: loss=2.85788
Epoch 2093: loss=2.85712
Epoch 2094: loss=2.85835
Epoch 2095: loss=2.84881
Epoch 2096: loss=2.85431
Epoch 2097: loss=2.84421
Epoch 2098: loss=2.85731
Epoch 2099: loss=2.84825
Epoch 2100: loss=2.85961
Epoch 2101: loss=2.84891
Epoch 2102: loss=2.85328
Epoch 2103: loss=2.85720
Epoch 2104: loss=2.86099
Epoch 2105: loss=2.85295
Epoch 2106: loss=2.85925
Epoch 2107: loss=2.85741
Epoch 2108: loss=2.85547
Epoch 2109: loss=2.84803
Epoch 2110: loss=2.85096
Epoch 2111: loss=2.86183
Epoch 2112: loss=2.85498
Epoch 2113: loss=2.85512
Epoch 2114: loss=2.85623
Epoch 2115: loss=2.85264
Epoch 2116: loss=2.85503
Epoch 2117: loss=2.85275
Epoch 2118: loss=2.85904
Epoch 2119: loss=2.85409
Epoch 2120: loss=2.84936
Epoch 2121: loss=2.85597
Epoch 2122: loss=2.85318
Epoch 2123: loss=2.85050
Epoch 2124: loss=2.85739
Epoch 2125: loss=2.85753
Epoch 2126: loss=2.85690
Epoch 2127: loss=2.85944
Epoch 2128: loss=2.84961
Epoch 2129: loss=2.85129
Epoch 2130: loss=2.84440
Epoch 2131: loss=2.84281
Epoch 2132: loss=2.85693
Epoch 2133: loss=2.85455
Epoch 2134: loss=2.85138
Epoch 2135: loss=2.84901
Epoch 2136: loss=2.85039
Epoch 2137: loss=2.85143
Epoch 2138: loss=2.85204
Epoch 2139: loss=2.85377
Epoch 2140: loss=2.85041
Epoch 2141: loss=2.84682
Epoch 2142: loss=2.86146
Epoch 2143: loss=2.85553
Epoch 2144: loss=2.85592
Epoch 2145: loss=2.85497
Epoch 2146: loss=2.85635
Epoch 2147: loss=2.85322
Epoch 2148: loss=2.84546
Epoch 2149: loss=2.84744
Epoch 2150: loss=2.85665
Epoch 2151: loss=2.85923
Epoch 2152: loss=2.85380
Epoch 2153: loss=2.85219
Epoch 2154: loss=2.84976
Epoch 2155: loss=2.84732
Epoch 2156: loss=2.85116
Epoch 2157: loss=2.85771
Epoch 2158: loss=2.85857
Epoch 2159: loss=2.84926
Epoch 2160: loss=2.84951
Epoch 2161: loss=2.84148
Epoch 2162: loss=2.85000
Epoch 2163: loss=2.84577
Epoch 2164: loss=2.84746
Epoch 2165: loss=2.85534
Epoch 2166: loss=2.84255
Epoch 2167: loss=2.85205
Epoch 2168: loss=2.85575
Epoch 2169: loss=2.85114
Epoch 2170: loss=2.84304
Epoch 2171: loss=2.84952
Epoch 2172: loss=2.84629
Epoch 2173: loss=2.84897
Epoch 2174: loss=2.85402
Epoch 2175: loss=2.85201
Epoch 2176: loss=2.85105
Epoch 2177: loss=2.84677
Epoch 2178: loss=2.84944
Epoch 2179: loss=2.85064
Epoch 2180: loss=2.85498
Epoch 2181: loss=2.84366
Epoch 2182: loss=2.85200
Epoch 2183: loss=2.84931
Epoch 2184: loss=2.85086
Epoch 2185: loss=2.85450
Epoch 2186: loss=2.84786
Epoch 2187: loss=2.84579
Epoch 2188: loss=2.85192
Epoch 2189: loss=2.85087
Epoch 2190: loss=2.85998
Epoch 2191: loss=2.84738
Epoch 2192: loss=2.85353
Epoch 2193: loss=2.84452
Epoch 2194: loss=2.84793
Epoch 2195: loss=2.85285
Epoch 2196: loss=2.83915
Epoch 2197: loss=2.85476
Epoch 2198: loss=2.84493
Epoch 2199: loss=2.84457
Epoch 2200: loss=2.85150
Epoch 2201: loss=2.84867
Epoch 2202: loss=2.84562
Epoch 2203: loss=2.85302
Epoch 2204: loss=2.84145
Epoch 2205: loss=2.83963
Epoch 2206: loss=2.85148
Epoch 2207: loss=2.85555
Epoch 2208: loss=2.83830
Epoch 2209: loss=2.84572
Epoch 2210: loss=2.85210
Epoch 2211: loss=2.84558
Epoch 2212: loss=2.84455
Epoch 2213: loss=2.84562
Epoch 2214: loss=2.84751
Epoch 2215: loss=2.84613
Epoch 2216: loss=2.84158
Epoch 2217: loss=2.86158
Epoch 2218: loss=2.85430
Epoch 2219: loss=2.85767
Epoch 2220: loss=2.83793
Epoch 2221: loss=2.85094
Epoch 2222: loss=2.85279
Epoch 2223: loss=2.84903
Epoch 2224: loss=2.85218
Epoch 2225: loss=2.84388
Epoch 2226: loss=2.83623
Epoch 2227: loss=2.84816
Epoch 2228: loss=2.84366
Epoch 2229: loss=2.84150
Epoch 2230: loss=2.84590
Epoch 2231: loss=2.83713
Epoch 2232: loss=2.85355
Epoch 2233: loss=2.85228
Epoch 2234: loss=2.85170
Epoch 2235: loss=2.85310
Epoch 2236: loss=2.84047
Epoch 2237: loss=2.84404
Epoch 2238: loss=2.84542
Epoch 2239: loss=2.84539
Epoch 2240: loss=2.83688
Epoch 2241: loss=2.84499
Epoch 2242: loss=2.84690
Epoch 2243: loss=2.84311
Epoch 2244: loss=2.84836
Epoch 2245: loss=2.84576
Epoch 2246: loss=2.84301
Epoch 2247: loss=2.84683
Epoch 2248: loss=2.84920
Epoch 2249: loss=2.84475
Epoch 2250: loss=2.83512
Epoch 2251: loss=2.84640
Epoch 2252: loss=2.84510
Epoch 2253: loss=2.84059
Epoch 2254: loss=2.84680
Epoch 2255: loss=2.84045
Epoch 2256: loss=2.84440
Epoch 2257: loss=2.84446
Epoch 2258: loss=2.84108
Epoch 2259: loss=2.84032
Epoch 2260: loss=2.84713
Epoch 2261: loss=2.83915
Epoch 2262: loss=2.84227
Epoch 2263: loss=2.83867
Epoch 2264: loss=2.83575
Epoch 2265: loss=2.84535
Epoch 2266: loss=2.84477
Epoch 2267: loss=2.84299
Epoch 2268: loss=2.84525
Epoch 2269: loss=2.84653
Epoch 2270: loss=2.84735
Epoch 2271: loss=2.84395
Epoch 2272: loss=2.84046
Epoch 2273: loss=2.84429
Epoch 2274: loss=2.83818
Epoch 2275: loss=2.84567
Epoch 2276: loss=2.84603
Epoch 2277: loss=2.84767
Epoch 2278: loss=2.84247
Epoch 2279: loss=2.85019
Epoch 2280: loss=2.84552
Epoch 2281: loss=2.84243
Epoch 2282: loss=2.84737
Epoch 2283: loss=2.84231
Epoch 2284: loss=2.84406
Epoch 2285: loss=2.84375
Epoch 2286: loss=2.84227
Epoch 2287: loss=2.84360
Epoch 2288: loss=2.84207
Epoch 2289: loss=2.83669
Epoch 2290: loss=2.84252
Epoch 2291: loss=2.83624
Epoch 2292: loss=2.84254
Epoch 2293: loss=2.83837
Epoch 2294: loss=2.84736
Epoch 2295: loss=2.84144
Epoch 2296: loss=2.84546
Epoch 2297: loss=2.84008
Epoch 2298: loss=2.84042
Epoch 2299: loss=2.84566
Epoch 2300: loss=2.84827
Epoch 2301: loss=2.84872
Epoch 2302: loss=2.84959
Epoch 2303: loss=2.84845
Epoch 2304: loss=2.84021
Epoch 2305: loss=2.85018
Epoch 2306: loss=2.84642
Epoch 2307: loss=2.84435
Epoch 2308: loss=2.85028
Epoch 2309: loss=2.84081
Epoch 2310: loss=2.85182
Epoch 2311: loss=2.84224
Epoch 2312: loss=2.85253
Epoch 2313: loss=2.84566
Epoch 2314: loss=2.84124
Epoch 2315: loss=2.84262
Epoch 2316: loss=2.83964
Epoch 2317: loss=2.83608
Epoch 2318: loss=2.83467
Epoch 2319: loss=2.84187
Epoch 2320: loss=2.84471
Epoch 2321: loss=2.84039
Epoch 2322: loss=2.83728
Epoch 2323: loss=2.84431
Epoch 2324: loss=2.84006
Epoch 2325: loss=2.84297
Epoch 2326: loss=2.83847
Epoch 2327: loss=2.84163
Epoch 2328: loss=2.84345
Epoch 2329: loss=2.83751
Epoch 2330: loss=2.84250
Epoch 2331: loss=2.84439
Epoch 2332: loss=2.84077
Epoch 2333: loss=2.84229
Epoch 2334: loss=2.84099
Epoch 2335: loss=2.84099
Epoch 2336: loss=2.83892
Epoch 2337: loss=2.83539
Epoch 2338: loss=2.83958
Epoch 2339: loss=2.84867
Epoch 2340: loss=2.83931
Epoch 2341: loss=2.84290
Epoch 2342: loss=2.84338
Epoch 2343: loss=2.84660
Epoch 2344: loss=2.84358
Epoch 2345: loss=2.84708
Epoch 2346: loss=2.84223
Epoch 2347: loss=2.84224
Epoch 2348: loss=2.83917
Epoch 2349: loss=2.83556
Epoch 2350: loss=2.84826
Epoch 2351: loss=2.84606
Epoch 2352: loss=2.84373
Epoch 2353: loss=2.83726
Epoch 2354: loss=2.84880
Epoch 2355: loss=2.83258
Epoch 2356: loss=2.84003
Epoch 2357: loss=2.83973
Epoch 2358: loss=2.84557
Epoch 2359: loss=2.84177
Epoch 2360: loss=2.84800
Epoch 2361: loss=2.84461
Epoch 2362: loss=2.84007
Epoch 2363: loss=2.84861
Epoch 2364: loss=2.83079
Epoch 2365: loss=2.83195
Epoch 2366: loss=2.84068
Epoch 2367: loss=2.84351
Epoch 2368: loss=2.83975
Epoch 2369: loss=2.85022
Epoch 2370: loss=2.83899
Epoch 2371: loss=2.83991
Epoch 2372: loss=2.83731
Epoch 2373: loss=2.83972
Epoch 2374: loss=2.83985
Epoch 2375: loss=2.83760
Epoch 2376: loss=2.84591
Epoch 2377: loss=2.84152
Epoch 2378: loss=2.83809
Epoch 2379: loss=2.83587
Epoch 2380: loss=2.84294
Epoch 2381: loss=2.84347
Epoch 2382: loss=2.83790
Epoch 2383: loss=2.83872
Epoch 2384: loss=2.84244
Epoch 2385: loss=2.84443
Epoch 2386: loss=2.84817
Epoch 2387: loss=2.84262
Epoch 2388: loss=2.83747
Epoch 2389: loss=2.83268
Epoch 2390: loss=2.83698
Epoch 2391: loss=2.84177
Epoch 2392: loss=2.84009
Epoch 2393: loss=2.84553
Epoch 2394: loss=2.83529
Epoch 2395: loss=2.83895
Epoch 2396: loss=2.83298
Epoch 2397: loss=2.84478
Epoch 2398: loss=2.84566
Epoch 2399: loss=2.83772
Epoch 2400: loss=2.83837
Epoch 2401: loss=2.83183
Epoch 2402: loss=2.84619
Epoch 2403: loss=2.83273
Epoch 2404: loss=2.84259
Epoch 2405: loss=2.84053
Epoch 2406: loss=2.83167
Epoch 2407: loss=2.83295
Epoch 2408: loss=2.84087
Epoch 2409: loss=2.84604
Epoch 2410: loss=2.84809
Epoch 2411: loss=2.84082
Epoch 2412: loss=2.84018
Epoch 2413: loss=2.83463
Epoch 2414: loss=2.84361
Epoch 2415: loss=2.83716
Epoch 2416: loss=2.84091
Epoch 2417: loss=2.84004
Epoch 2418: loss=2.84504
Epoch 2419: loss=2.83634
Epoch 2420: loss=2.83854
Epoch 2421: loss=2.83201
Epoch 2422: loss=2.84224
Epoch 2423: loss=2.84399
Epoch 2424: loss=2.83328
Epoch 2425: loss=2.83689
Epoch 2426: loss=2.83462
Epoch 2427: loss=2.84571
Epoch 2428: loss=2.83944
Epoch 2429: loss=2.83384
Epoch 2430: loss=2.84826
Epoch 2431: loss=2.84240
Epoch 2432: loss=2.84329
Epoch 2433: loss=2.83779
Epoch 2434: loss=2.83734
Epoch 2435: loss=2.83902
Epoch 2436: loss=2.83532
Epoch 2437: loss=2.83859
Epoch 2438: loss=2.84305
Epoch 2439: loss=2.84195
Epoch 2440: loss=2.83455
Epoch 2441: loss=2.84337
Epoch 2442: loss=2.83715
Epoch 2443: loss=2.83153
Epoch 2444: loss=2.84062
Epoch 2445: loss=2.84118
Epoch 2446: loss=2.84051
Epoch 2447: loss=2.83460
Epoch 2448: loss=2.83511
Epoch 2449: loss=2.83701
Epoch 2450: loss=2.83639
Epoch 2451: loss=2.84456
Epoch 2452: loss=2.84273
Epoch 2453: loss=2.84195
Epoch 2454: loss=2.84125
Epoch 2455: loss=2.83876
Epoch 2456: loss=2.83883
Epoch 2457: loss=2.83427
Epoch 2458: loss=2.83879
Epoch 2459: loss=2.84266
Epoch 2460: loss=2.83760
Epoch 2461: loss=2.83939
Epoch 2462: loss=2.83581
Epoch 2463: loss=2.84171
Epoch 2464: loss=2.83444
Epoch 2465: loss=2.83117
Epoch 2466: loss=2.84735
Epoch 2467: loss=2.83086
Epoch 2468: loss=2.83638
Epoch 2469: loss=2.82854
Epoch 2470: loss=2.83859
Epoch 2471: loss=2.83411
Epoch 2472: loss=2.83827
Epoch 2473: loss=2.83531
Epoch 2474: loss=2.83311
Epoch 2475: loss=2.84847
Epoch 2476: loss=2.83039
Epoch 2477: loss=2.83879
Epoch 2478: loss=2.83783
Epoch 2479: loss=2.83605
Epoch 2480: loss=2.83679
Epoch 2481: loss=2.83606
Epoch 2482: loss=2.83688
Epoch 2483: loss=2.83697
Epoch 2484: loss=2.83526
Epoch 2485: loss=2.84371
Epoch 2486: loss=2.83917
Epoch 2487: loss=2.84129
Epoch 2488: loss=2.83182
Epoch 2489: loss=2.84087
Epoch 2490: loss=2.83323
Epoch 2491: loss=2.82996
Epoch 2492: loss=2.84133
Epoch 2493: loss=2.83134
Epoch 2494: loss=2.84670
Epoch 2495: loss=2.83584
Epoch 2496: loss=2.83300
Epoch 2497: loss=2.83933
Epoch 2498: loss=2.83702
Epoch 2499: loss=2.83706
Epoch 2500: loss=2.83553
Epoch 2501: loss=2.82666
Epoch 2502: loss=2.83546
Epoch 2503: loss=2.83907
Epoch 2504: loss=2.83451
Epoch 2505: loss=2.84176
Epoch 2506: loss=2.83440
Epoch 2507: loss=2.84103
Epoch 2508: loss=2.84553
Epoch 2509: loss=2.84047
Epoch 2510: loss=2.82876
Epoch 2511: loss=2.84321
Epoch 2512: loss=2.84287
Epoch 2513: loss=2.84184
Epoch 2514: loss=2.84640
Epoch 2515: loss=2.83831
Epoch 2516: loss=2.83779
Epoch 2517: loss=2.83814
Epoch 2518: loss=2.84512
Epoch 2519: loss=2.83435
Epoch 2520: loss=2.83800
Epoch 2521: loss=2.83925
Epoch 2522: loss=2.84157
Epoch 2523: loss=2.83632
Epoch 2524: loss=2.82963
Epoch 2525: loss=2.83554
Epoch 2526: loss=2.83962
Epoch 2527: loss=2.83638
Epoch 2528: loss=2.83622
Epoch 2529: loss=2.83006
Epoch 2530: loss=2.83590
Epoch 2531: loss=2.83227
Epoch 2532: loss=2.83260
Epoch 2533: loss=2.83192
Epoch 2534: loss=2.82766
Epoch 2535: loss=2.83039
Epoch 2536: loss=2.83062
Epoch 2537: loss=2.83683
Epoch 2538: loss=2.84228
Epoch 2539: loss=2.83206
Epoch 2540: loss=2.83103
Epoch 2541: loss=2.83535
Epoch 2542: loss=2.83332
Epoch 2543: loss=2.82495
Epoch 2544: loss=2.83529
Epoch 2545: loss=2.84744
Epoch 2546: loss=2.83514
Epoch 2547: loss=2.83531
Epoch 2548: loss=2.83316
Epoch 2549: loss=2.83760
Epoch 2550: loss=2.82823
Epoch 2551: loss=2.83826
Epoch 2552: loss=2.83163
Epoch 2553: loss=2.82858
Epoch 2554: loss=2.83765
Epoch 2555: loss=2.83706
Epoch 2556: loss=2.83856
Epoch 2557: loss=2.84329
Epoch 2558: loss=2.83638
Epoch 2559: loss=2.82644
Epoch 2560: loss=2.83591
Epoch 2561: loss=2.83267
Epoch 2562: loss=2.83822
Epoch 2563: loss=2.83663
Epoch 2564: loss=2.83980
Epoch 2565: loss=2.84526
Epoch 2566: loss=2.83636
Epoch 2567: loss=2.83684
Epoch 2568: loss=2.83503
Epoch 2569: loss=2.83412
Epoch 2570: loss=2.83212
Epoch 2571: loss=2.83629
Epoch 2572: loss=2.82240
Epoch 2573: loss=2.82662
Epoch 2574: loss=2.82804
Epoch 2575: loss=2.83539
Epoch 2576: loss=2.83001
Epoch 2577: loss=2.82705
Epoch 2578: loss=2.83285
Epoch 2579: loss=2.83230
Epoch 2580: loss=2.84145
Epoch 2581: loss=2.83034
Epoch 2582: loss=2.83605
Epoch 2583: loss=2.83323
Epoch 2584: loss=2.83708
Epoch 2585: loss=2.83969
Epoch 2586: loss=2.83898
Epoch 2587: loss=2.83522
Epoch 2588: loss=2.84522
Epoch 2589: loss=2.83468
Epoch 2590: loss=2.83165
Epoch 2591: loss=2.83498
Epoch 2592: loss=2.82722
Epoch 2593: loss=2.83505
Epoch 2594: loss=2.83576
Epoch 2595: loss=2.83421
Epoch 2596: loss=2.83450
Epoch 2597: loss=2.83402
Epoch 2598: loss=2.83255
Epoch 2599: loss=2.83059
Epoch 2600: loss=2.83270
Epoch 2601: loss=2.83594
Epoch 2602: loss=2.83437
Epoch 2603: loss=2.83739
Epoch 2604: loss=2.83509
Epoch 2605: loss=2.83517
Epoch 2606: loss=2.83688
Epoch 2607: loss=2.84486
Epoch 2608: loss=2.83087
Epoch 2609: loss=2.82909
Epoch 2610: loss=2.84173
Epoch 2611: loss=2.83161
Epoch 2612: loss=2.83229
Epoch 2613: loss=2.84512
Epoch 2614: loss=2.83535
Epoch 2615: loss=2.83569
Epoch 2616: loss=2.83790
Epoch 2617: loss=2.82453
Epoch 2618: loss=2.83775
Epoch 2619: loss=2.83527
Epoch 2620: loss=2.83369
Epoch 2621: loss=2.82926
Epoch 2622: loss=2.82714
Epoch 2623: loss=2.83625
Epoch 2624: loss=2.83189
Epoch 2625: loss=2.83381
Epoch 2626: loss=2.82761
Epoch 2627: loss=2.82564
Epoch 2628: loss=2.83278
Epoch 2629: loss=2.83447
Epoch 2630: loss=2.82350
Epoch 2631: loss=2.83332
Epoch 2632: loss=2.83251
Epoch 2633: loss=2.83579
Epoch 2634: loss=2.82935
Epoch 2635: loss=2.83875
Epoch 2636: loss=2.83539
Epoch 2637: loss=2.83259
Epoch 2638: loss=2.83427
Epoch 2639: loss=2.83375
Epoch 2640: loss=2.82803
Epoch 2641: loss=2.82844
Epoch 2642: loss=2.82641
Epoch 2643: loss=2.82903
Epoch 2644: loss=2.83280
Epoch 2645: loss=2.84380
Epoch 2646: loss=2.83740
Epoch 2647: loss=2.82076
Epoch 2648: loss=2.82883
Epoch 2649: loss=2.83035
Epoch 2650: loss=2.83237
Epoch 2651: loss=2.82976
Epoch 2652: loss=2.83694
Epoch 2653: loss=2.83149
Epoch 2654: loss=2.82914
Epoch 2655: loss=2.83222
Epoch 2656: loss=2.83319
Epoch 2657: loss=2.84295
Epoch 2658: loss=2.83616
Epoch 2659: loss=2.82735
Epoch 2660: loss=2.83283
Epoch 2661: loss=2.83684
Epoch 2662: loss=2.83336
Epoch 2663: loss=2.83007
Epoch 2664: loss=2.82786
Epoch 2665: loss=2.82301
Epoch 2666: loss=2.82975
Epoch 2667: loss=2.82901
Epoch 2668: loss=2.83320
Epoch 2669: loss=2.83473
Epoch 2670: loss=2.83247
Epoch 2671: loss=2.82936
Epoch 2672: loss=2.83423
Epoch 2673: loss=2.82993
Epoch 2674: loss=2.83052
Epoch 2675: loss=2.83535
Epoch 2676: loss=2.84073
Epoch 2677: loss=2.83364
Epoch 2678: loss=2.83518
Epoch 2679: loss=2.82773
Epoch 2680: loss=2.84474
Epoch 2681: loss=2.83453
Epoch 2682: loss=2.82487
Epoch 2683: loss=2.83605
Epoch 2684: loss=2.83130
Epoch 2685: loss=2.82660
Epoch 2686: loss=2.83754
Epoch 2687: loss=2.83324
Epoch 2688: loss=2.82831
Epoch 2689: loss=2.83462
Epoch 2690: loss=2.82737
Epoch 2691: loss=2.82549
Epoch 2692: loss=2.83186
Epoch 2693: loss=2.83120
Epoch 2694: loss=2.82914
Epoch 2695: loss=2.82105
Epoch 2696: loss=2.82723
Epoch 2697: loss=2.82725
Epoch 2698: loss=2.83202
Epoch 2699: loss=2.82643
Epoch 2700: loss=2.84045
Epoch 2701: loss=2.83622
Epoch 2702: loss=2.82621
Epoch 2703: loss=2.82421
Epoch 2704: loss=2.82664
Epoch 2705: loss=2.82669
Epoch 2706: loss=2.83667
Epoch 2707: loss=2.83614
Epoch 2708: loss=2.82757
Epoch 2709: loss=2.83579
Epoch 2710: loss=2.83417
Epoch 2711: loss=2.83134
Epoch 2712: loss=2.82848
Epoch 2713: loss=2.83320
Epoch 2714: loss=2.83147
Epoch 2715: loss=2.83383
Epoch 2716: loss=2.83690
Epoch 2717: loss=2.83711
Epoch 2718: loss=2.83001
Epoch 2719: loss=2.82763
Epoch 2720: loss=2.83425
Epoch 2721: loss=2.82948
Epoch 2722: loss=2.83533
Epoch 2723: loss=2.83743
Epoch 2724: loss=2.82799
Epoch 2725: loss=2.83158
Epoch 2726: loss=2.83979
Epoch 2727: loss=2.82977
Epoch 2728: loss=2.83372
Epoch 2729: loss=2.83247
Epoch 2730: loss=2.82986
Epoch 2731: loss=2.83135
Epoch 2732: loss=2.83309
Epoch 2733: loss=2.83425
Epoch 2734: loss=2.82822
Epoch 2735: loss=2.82946
Epoch 2736: loss=2.82778
Epoch 2737: loss=2.83481
Epoch 2738: loss=2.82856
Epoch 2739: loss=2.82737
Epoch 2740: loss=2.83171
Epoch 2741: loss=2.83006
Epoch 2742: loss=2.83687
Epoch 2743: loss=2.83321
Epoch 2744: loss=2.82885
Epoch 2745: loss=2.83027
Epoch 2746: loss=2.83015
Epoch 2747: loss=2.82120
Epoch 2748: loss=2.83749
Epoch 2749: loss=2.83236
Epoch 2750: loss=2.83254
Epoch 2751: loss=2.83572
Epoch 2752: loss=2.82315
Epoch 2753: loss=2.83560
Epoch 2754: loss=2.83375
Epoch 2755: loss=2.83509
Epoch 2756: loss=2.82422
Epoch 2757: loss=2.83609
Epoch 2758: loss=2.82665
Epoch 2759: loss=2.83530
Epoch 2760: loss=2.82282
Epoch 2761: loss=2.82884
Epoch 2762: loss=2.82110
Epoch 2763: loss=2.82363
Epoch 2764: loss=2.83572
Epoch 2765: loss=2.82553
Epoch 2766: loss=2.82637
Epoch 2767: loss=2.82943
Epoch 2768: loss=2.83157
Epoch 2769: loss=2.82625
Epoch 2770: loss=2.82765
Epoch 2771: loss=2.82653
Epoch 2772: loss=2.82878
Epoch 2773: loss=2.82216
Epoch 2774: loss=2.82912
Epoch 2775: loss=2.82996
Epoch 2776: loss=2.83255
Epoch 2777: loss=2.83307
Epoch 2778: loss=2.83123
Epoch 2779: loss=2.82001
Epoch 2780: loss=2.83138
Epoch 2781: loss=2.83045
Epoch 2782: loss=2.83385
Epoch 2783: loss=2.82640
Epoch 2784: loss=2.82658
Epoch 2785: loss=2.82149
Epoch 2786: loss=2.83009
Epoch 2787: loss=2.82526
Epoch 2788: loss=2.83297
Epoch 2789: loss=2.82389
Epoch 2790: loss=2.83046
Epoch 2791: loss=2.83524
Epoch 2792: loss=2.82793
Epoch 2793: loss=2.82419
Epoch 2794: loss=2.83016
Epoch 2795: loss=2.82999
Epoch 2796: loss=2.83354
Epoch 2797: loss=2.83625
Epoch 2798: loss=2.82308
Epoch 2799: loss=2.82703
Epoch 2800: loss=2.82711
Epoch 2801: loss=2.83050
Epoch 2802: loss=2.82493
Epoch 2803: loss=2.82669
Epoch 2804: loss=2.83196
Epoch 2805: loss=2.83039
Epoch 2806: loss=2.83132
Epoch 2807: loss=2.83270
Epoch 2808: loss=2.82617
Epoch 2809: loss=2.82779
Epoch 2810: loss=2.83390
Epoch 2811: loss=2.83655
Epoch 2812: loss=2.82140
Epoch 2813: loss=2.82301
Epoch 2814: loss=2.83200
Epoch 2815: loss=2.83537
Epoch 2816: loss=2.83102
Epoch 2817: loss=2.82971
Epoch 2818: loss=2.82709
Epoch 2819: loss=2.82676
Epoch 2820: loss=2.82267
Epoch 2821: loss=2.82782
Epoch 2822: loss=2.82509
Epoch 2823: loss=2.83615
Epoch 2824: loss=2.83345
Epoch 2825: loss=2.82806
Epoch 2826: loss=2.83686
Epoch 2827: loss=2.82407
Epoch 2828: loss=2.83688
Epoch 2829: loss=2.82246
Epoch 2830: loss=2.82399
Epoch 2831: loss=2.82776
Epoch 2832: loss=2.82495
Epoch 2833: loss=2.82103
Epoch 2834: loss=2.82112
Epoch 2835: loss=2.82503
Epoch 2836: loss=2.83230
Epoch 2837: loss=2.82312
Epoch 2838: loss=2.83414
Epoch 2839: loss=2.82400
Epoch 2840: loss=2.82499
Epoch 2841: loss=2.82982
Epoch 2842: loss=2.82888
Epoch 2843: loss=2.82220
Epoch 2844: loss=2.82234
Epoch 2845: loss=2.81849
Epoch 2846: loss=2.82373
Epoch 2847: loss=2.82988
Epoch 2848: loss=2.82328
Epoch 2849: loss=2.82540
Epoch 2850: loss=2.82540
Epoch 2851: loss=2.83142
Epoch 2852: loss=2.82840
Epoch 2853: loss=2.82273
Epoch 2854: loss=2.81778
Epoch 2855: loss=2.82733
Epoch 2856: loss=2.82242
Epoch 2857: loss=2.82804
Epoch 2858: loss=2.83245
Epoch 2859: loss=2.82590
Epoch 2860: loss=2.82450
Epoch 2861: loss=2.82168
Epoch 2862: loss=2.82607
Epoch 2863: loss=2.83324
Epoch 2864: loss=2.82251
Epoch 2865: loss=2.82746
Epoch 2866: loss=2.82624
Epoch 2867: loss=2.82189
Epoch 2868: loss=2.81598
Epoch 2869: loss=2.82437
Epoch 2870: loss=2.83546
Epoch 2871: loss=2.83483
Epoch 2872: loss=2.82978
Epoch 2873: loss=2.82490
Epoch 2874: loss=2.82880
Epoch 2875: loss=2.82629
Epoch 2876: loss=2.82618
Epoch 2877: loss=2.82447
Epoch 2878: loss=2.82418
Epoch 2879: loss=2.82560
Epoch 2880: loss=2.82930
Epoch 2881: loss=2.82836
Epoch 2882: loss=2.83335
Epoch 2883: loss=2.81825
Epoch 2884: loss=2.83048
Epoch 2885: loss=2.83498
Epoch 2886: loss=2.82324
Epoch 2887: loss=2.82946
Epoch 2888: loss=2.83022
Epoch 2889: loss=2.82353
Epoch 2890: loss=2.82761
Epoch 2891: loss=2.82460
Epoch 2892: loss=2.82266
Epoch 2893: loss=2.82188
Epoch 2894: loss=2.83349
Epoch 2895: loss=2.82548
Epoch 2896: loss=2.82635
Epoch 2897: loss=2.83598
Epoch 2898: loss=2.82569
Epoch 2899: loss=2.82255
Epoch 2900: loss=2.82217
Epoch 2901: loss=2.82697
Epoch 2902: loss=2.82871
Epoch 2903: loss=2.82243
Epoch 2904: loss=2.82055
Epoch 2905: loss=2.83303
Epoch 2906: loss=2.82154
Epoch 2907: loss=2.81992
Epoch 2908: loss=2.82680
Epoch 2909: loss=2.83203
Epoch 2910: loss=2.81928
Epoch 2911: loss=2.82174
Epoch 2912: loss=2.82821
Epoch 2913: loss=2.82601
Epoch 2914: loss=2.82977
Epoch 2915: loss=2.83554
Epoch 2916: loss=2.83228
Epoch 2917: loss=2.83151
Epoch 2918: loss=2.83467
Epoch 2919: loss=2.82908
Epoch 2920: loss=2.82452
Epoch 2921: loss=2.82680
Epoch 2922: loss=2.83001
Epoch 2923: loss=2.82240
Epoch 2924: loss=2.81928
Epoch 2925: loss=2.82321
Epoch 2926: loss=2.82138
Epoch 2927: loss=2.82687
Epoch 2928: loss=2.82189
Epoch 2929: loss=2.82691
Epoch 2930: loss=2.82472
Epoch 2931: loss=2.82973
Epoch 2932: loss=2.82551
Epoch 2933: loss=2.81581
Epoch 2934: loss=2.82367
Epoch 2935: loss=2.82563
Epoch 2936: loss=2.81502
Epoch 2937: loss=2.82142
Epoch 2938: loss=2.82470
Epoch 2939: loss=2.82451
Epoch 2940: loss=2.82632
Epoch 2941: loss=2.82960
Epoch 2942: loss=2.82225
Epoch 2943: loss=2.81842
Epoch 2944: loss=2.81944
Epoch 2945: loss=2.81860
Epoch 2946: loss=2.82089
Epoch 2947: loss=2.82443
Epoch 2948: loss=2.82368
Epoch 2949: loss=2.83432
Epoch 2950: loss=2.83500
Epoch 2951: loss=2.82601
Epoch 2952: loss=2.81421
Epoch 2953: loss=2.82991
Epoch 2954: loss=2.82916
Epoch 2955: loss=2.81744
Epoch 2956: loss=2.82343
Epoch 2957: loss=2.82732
Epoch 2958: loss=2.82676
Epoch 2959: loss=2.82948
Epoch 2960: loss=2.82740
Epoch 2961: loss=2.82873
Epoch 2962: loss=2.82044
Epoch 2963: loss=2.82674
Epoch 2964: loss=2.82251
Epoch 2965: loss=2.82484
Epoch 2966: loss=2.82325
Epoch 2967: loss=2.82257
Epoch 2968: loss=2.82516
Epoch 2969: loss=2.82572
Epoch 2970: loss=2.82188
Epoch 2971: loss=2.82715
Epoch 2972: loss=2.82391
Epoch 2973: loss=2.83348
Epoch 2974: loss=2.83144
Epoch 2975: loss=2.81612
Epoch 2976: loss=2.82612
Epoch 2977: loss=2.82231
Epoch 2978: loss=2.82256
Epoch 2979: loss=2.82900
Epoch 2980: loss=2.83186
Epoch 2981: loss=2.81716
Epoch 2982: loss=2.82709
Epoch 2983: loss=2.82016
Epoch 2984: loss=2.82002
Epoch 2985: loss=2.81153
Epoch 2986: loss=2.82356
Epoch 2987: loss=2.81944
Epoch 2988: loss=2.82771
Epoch 2989: loss=2.82154
Epoch 2990: loss=2.82577
Epoch 2991: loss=2.81931
Epoch 2992: loss=2.82577
Epoch 2993: loss=2.82258
Epoch 2994: loss=2.82273
Epoch 2995: loss=2.81967
Epoch 2996: loss=2.81740
Epoch 2997: loss=2.82518
Epoch 2998: loss=2.81609
Epoch 2999: loss=2.82223
Epoch 3000: loss=2.82530
Training accuracy: 0.129
Test accuracy: 0.066

File list dumped

Saved in file
