/home/venkat/Unreliable_Synaptic_Transmission/Deepti/DOPcodes/SHD_dropout/dataset/shddataset/
made weight variables and loss histogram
The file is present.
Epoch 1: loss=2.82957
Epoch 2: loss=2.82298
Epoch 3: loss=2.82156
Epoch 4: loss=2.82568
Epoch 5: loss=2.82741
Epoch 6: loss=2.82581
Epoch 7: loss=2.82229
Epoch 8: loss=2.81937
Epoch 9: loss=2.82752
Epoch 10: loss=2.82576
Trained for 10 epochs
Training accuracy: 0.129
Epoch 1: loss=2.82350
Epoch 2: loss=2.82159
Epoch 3: loss=2.82387
Epoch 4: loss=2.81405
Epoch 5: loss=2.82681
Epoch 6: loss=2.82800
Epoch 7: loss=2.82444
Epoch 8: loss=2.82926
Epoch 9: loss=2.82797
Epoch 10: loss=2.82203
Epoch 11: loss=2.82111
Epoch 12: loss=2.83583
Epoch 13: loss=2.81992
Epoch 14: loss=2.82326
Epoch 15: loss=2.82616
Epoch 16: loss=2.82360
Epoch 17: loss=2.81667
Epoch 18: loss=2.82593
Epoch 19: loss=2.82483
Epoch 20: loss=2.82703
Epoch 21: loss=2.82342
Epoch 22: loss=2.82175
Epoch 23: loss=2.82515
Epoch 24: loss=2.81822
Epoch 25: loss=2.82294
Epoch 26: loss=2.82353
Epoch 27: loss=2.83402
Epoch 28: loss=2.82748
Epoch 29: loss=2.81885
Epoch 30: loss=2.81286
Epoch 31: loss=2.82485
Epoch 32: loss=2.82154
Epoch 33: loss=2.82503
Epoch 34: loss=2.81992
Epoch 35: loss=2.81376
Epoch 36: loss=2.82393
Epoch 37: loss=2.82562
Epoch 38: loss=2.82929
Epoch 39: loss=2.82233
Epoch 40: loss=2.82457
Epoch 41: loss=2.81749
Epoch 42: loss=2.83484
Epoch 43: loss=2.82649
Epoch 44: loss=2.82122
Epoch 45: loss=2.82790
Epoch 46: loss=2.81582
Epoch 47: loss=2.82414
Epoch 48: loss=2.81973
Epoch 49: loss=2.82564
Epoch 50: loss=2.82751
Epoch 51: loss=2.81136
Epoch 52: loss=2.82163
Epoch 53: loss=2.82488
Epoch 54: loss=2.82836
Epoch 55: loss=2.81859
Epoch 56: loss=2.81865
Epoch 57: loss=2.83044
Epoch 58: loss=2.81386
Epoch 59: loss=2.81307
Epoch 60: loss=2.82367
Epoch 61: loss=2.82589
Epoch 62: loss=2.82928
Epoch 63: loss=2.81413
Epoch 64: loss=2.82116
Epoch 65: loss=2.81713
Epoch 66: loss=2.81747
Epoch 67: loss=2.81497
Epoch 68: loss=2.81600
Epoch 69: loss=2.82364
Epoch 70: loss=2.82912
Epoch 71: loss=2.82130
Epoch 72: loss=2.82276
Epoch 73: loss=2.82146
Epoch 74: loss=2.82555
Epoch 75: loss=2.82223
Epoch 76: loss=2.82510
Epoch 77: loss=2.82515
Epoch 78: loss=2.81665
Epoch 79: loss=2.82482
Epoch 80: loss=2.81505
Epoch 81: loss=2.82105
Epoch 82: loss=2.81137
Epoch 83: loss=2.82623
Epoch 84: loss=2.82203
Epoch 85: loss=2.82279
Epoch 86: loss=2.82299
Epoch 87: loss=2.81553
Epoch 88: loss=2.81950
Epoch 89: loss=2.81861
Epoch 90: loss=2.81764
Epoch 91: loss=2.83066
Epoch 92: loss=2.82656
Epoch 93: loss=2.82576
Epoch 94: loss=2.82396
Epoch 95: loss=2.82295
Epoch 96: loss=2.81876
Epoch 97: loss=2.81395
Epoch 98: loss=2.82061
Epoch 99: loss=2.82469
Epoch 100: loss=2.82005
Epoch 101: loss=2.81749
Epoch 102: loss=2.82525
Epoch 103: loss=2.82710
Epoch 104: loss=2.81335
Epoch 105: loss=2.82157
Epoch 106: loss=2.81804
Epoch 107: loss=2.81673
Epoch 108: loss=2.82729
Epoch 109: loss=2.82358
Epoch 110: loss=2.81855
Epoch 111: loss=2.82307
Epoch 112: loss=2.82073
Epoch 113: loss=2.82635
Epoch 114: loss=2.81577
Epoch 115: loss=2.82459
Epoch 116: loss=2.81977
Epoch 117: loss=2.82415
Epoch 118: loss=2.82352
Epoch 119: loss=2.82269
Epoch 120: loss=2.81315
Epoch 121: loss=2.81436
Epoch 122: loss=2.82593
Epoch 123: loss=2.82312
Epoch 124: loss=2.82227
Epoch 125: loss=2.81585
Epoch 126: loss=2.81719
Epoch 127: loss=2.82373
Epoch 128: loss=2.81997
Epoch 129: loss=2.81491
Epoch 130: loss=2.80938
Epoch 131: loss=2.81994
Epoch 132: loss=2.81482
Epoch 133: loss=2.82077
Epoch 134: loss=2.82084
Epoch 135: loss=2.82672
Epoch 136: loss=2.81829
Epoch 137: loss=2.82142
Epoch 138: loss=2.81939
Epoch 139: loss=2.82046
Epoch 140: loss=2.82434
Epoch 141: loss=2.80548
Epoch 142: loss=2.82403
Epoch 143: loss=2.81126
Epoch 144: loss=2.82014
Epoch 145: loss=2.82391
Epoch 146: loss=2.81509
Epoch 147: loss=2.82034
Epoch 148: loss=2.82646
Epoch 149: loss=2.82440
Epoch 150: loss=2.81942
Epoch 151: loss=2.82125
Epoch 152: loss=2.81741
Epoch 153: loss=2.82230
Epoch 154: loss=2.81623
Epoch 155: loss=2.81531
Epoch 156: loss=2.81226
Epoch 157: loss=2.81912
Epoch 158: loss=2.82544
Epoch 159: loss=2.82473
Epoch 160: loss=2.82128
Epoch 161: loss=2.81118
Epoch 162: loss=2.81409
Epoch 163: loss=2.81587
Epoch 164: loss=2.82077
Epoch 165: loss=2.82736
Epoch 166: loss=2.81642
Epoch 167: loss=2.81258
Epoch 168: loss=2.81832
Epoch 169: loss=2.81869
Epoch 170: loss=2.82292
Epoch 171: loss=2.81538
Epoch 172: loss=2.81602
Epoch 173: loss=2.81874
Epoch 174: loss=2.81846
Epoch 175: loss=2.81999
Epoch 176: loss=2.81703
Epoch 177: loss=2.81585
Epoch 178: loss=2.81726
Epoch 179: loss=2.81778
Epoch 180: loss=2.81969
Epoch 181: loss=2.82151
Epoch 182: loss=2.82815
Epoch 183: loss=2.81902
Epoch 184: loss=2.81582
Epoch 185: loss=2.81564
Epoch 186: loss=2.81114
Epoch 187: loss=2.82124
Epoch 188: loss=2.81849
Epoch 189: loss=2.81894
Epoch 190: loss=2.81998
Epoch 191: loss=2.82436
Epoch 192: loss=2.81548
Epoch 193: loss=2.81858
Epoch 194: loss=2.81865
Epoch 195: loss=2.82024
Epoch 196: loss=2.81452
Epoch 197: loss=2.81893
Epoch 198: loss=2.82226
Epoch 199: loss=2.81978
Epoch 200: loss=2.82017
Epoch 201: loss=2.81474
Epoch 202: loss=2.82272
Epoch 203: loss=2.82038
Epoch 204: loss=2.81705
Epoch 205: loss=2.81356
Epoch 206: loss=2.81908
Epoch 207: loss=2.81673
Epoch 208: loss=2.81567
Epoch 209: loss=2.81267
Epoch 210: loss=2.82256
Epoch 211: loss=2.81152
Epoch 212: loss=2.82412
Epoch 213: loss=2.81954
Epoch 214: loss=2.81406
Epoch 215: loss=2.81676
Epoch 216: loss=2.82229
Epoch 217: loss=2.82385
Epoch 218: loss=2.83009
Epoch 219: loss=2.82651
Epoch 220: loss=2.81554
Epoch 221: loss=2.82293
Epoch 222: loss=2.82222
Epoch 223: loss=2.82275
Epoch 224: loss=2.81588
Epoch 225: loss=2.82757
Epoch 226: loss=2.81719
Epoch 227: loss=2.80964
Epoch 228: loss=2.81584
Epoch 229: loss=2.81158
Epoch 230: loss=2.82450
Epoch 231: loss=2.81436
Epoch 232: loss=2.81581
Epoch 233: loss=2.82200
Epoch 234: loss=2.82373
Epoch 235: loss=2.81570
Epoch 236: loss=2.81186
Epoch 237: loss=2.82281
Epoch 238: loss=2.82026
Epoch 239: loss=2.82455
Epoch 240: loss=2.81619
Epoch 241: loss=2.82237
Epoch 242: loss=2.81863
Epoch 243: loss=2.81671
Epoch 244: loss=2.82110
Epoch 245: loss=2.81843
Epoch 246: loss=2.82053
Epoch 247: loss=2.81446
Epoch 248: loss=2.81238
Epoch 249: loss=2.80973
Epoch 250: loss=2.82143
Epoch 251: loss=2.81667
Epoch 252: loss=2.82348
Epoch 253: loss=2.81616
Epoch 254: loss=2.82419
Epoch 255: loss=2.81751
Epoch 256: loss=2.81800
Epoch 257: loss=2.82828
Epoch 258: loss=2.81344
Epoch 259: loss=2.81438
Epoch 260: loss=2.82409
Epoch 261: loss=2.80891
Epoch 262: loss=2.81244
Epoch 263: loss=2.81376
Epoch 264: loss=2.81541
Epoch 265: loss=2.81500
Epoch 266: loss=2.82059
Epoch 267: loss=2.81620
Epoch 268: loss=2.82652
Epoch 269: loss=2.82592
Epoch 270: loss=2.80880
Epoch 271: loss=2.82121
Epoch 272: loss=2.81913
Epoch 273: loss=2.82222
Epoch 274: loss=2.80982
Epoch 275: loss=2.81433
Epoch 276: loss=2.82366
Epoch 277: loss=2.81463
Epoch 278: loss=2.81934
Epoch 279: loss=2.81435
Epoch 280: loss=2.80443
Epoch 281: loss=2.81191
Epoch 282: loss=2.81923
Epoch 283: loss=2.81023
Epoch 284: loss=2.82132
Epoch 285: loss=2.81700
Epoch 286: loss=2.82079
Epoch 287: loss=2.82213
Epoch 288: loss=2.81238
Epoch 289: loss=2.81381
Epoch 290: loss=2.81804
Epoch 291: loss=2.81440
Epoch 292: loss=2.82032
Epoch 293: loss=2.81916
Epoch 294: loss=2.82000
Epoch 295: loss=2.81978
Epoch 296: loss=2.81569
Epoch 297: loss=2.82299
Epoch 298: loss=2.81744
Epoch 299: loss=2.81795
Epoch 300: loss=2.82120
Epoch 301: loss=2.82040
Epoch 302: loss=2.82043
Epoch 303: loss=2.82004
Epoch 304: loss=2.81261
Epoch 305: loss=2.82493
Epoch 306: loss=2.81891
Epoch 307: loss=2.82076
Epoch 308: loss=2.81226
Epoch 309: loss=2.80813
Epoch 310: loss=2.81399
Epoch 311: loss=2.80458
Epoch 312: loss=2.81515
Epoch 313: loss=2.81222
Epoch 314: loss=2.82301
Epoch 315: loss=2.82300
Epoch 316: loss=2.81967
Epoch 317: loss=2.81052
Epoch 318: loss=2.81630
Epoch 319: loss=2.82020
Epoch 320: loss=2.81356
Epoch 321: loss=2.81539
Epoch 322: loss=2.81926
Epoch 323: loss=2.81930
Epoch 324: loss=2.82575
Epoch 325: loss=2.80657
Epoch 326: loss=2.81217
Epoch 327: loss=2.81603
Epoch 328: loss=2.81345
Epoch 329: loss=2.81272
Epoch 330: loss=2.81392
Epoch 331: loss=2.82551
Epoch 332: loss=2.81354
Epoch 333: loss=2.82025
Epoch 334: loss=2.81418
Epoch 335: loss=2.81930
Epoch 336: loss=2.82776
Epoch 337: loss=2.81895
Epoch 338: loss=2.81060
Epoch 339: loss=2.81443
Epoch 340: loss=2.81080
Epoch 341: loss=2.81705
Epoch 342: loss=2.81018
Epoch 343: loss=2.81176
Epoch 344: loss=2.81556
Epoch 345: loss=2.81317
Epoch 346: loss=2.81591
Epoch 347: loss=2.82145
Epoch 348: loss=2.81737
Epoch 349: loss=2.81308
Epoch 350: loss=2.81446
Epoch 351: loss=2.81902
Epoch 352: loss=2.81547
Epoch 353: loss=2.81803
Epoch 354: loss=2.81456
Epoch 355: loss=2.81160
Epoch 356: loss=2.81031
Epoch 357: loss=2.81651
Epoch 358: loss=2.80739
Epoch 359: loss=2.82002
Epoch 360: loss=2.81279
Epoch 361: loss=2.82051
Epoch 362: loss=2.81795
Epoch 363: loss=2.81730
Epoch 364: loss=2.81937
Epoch 365: loss=2.80943
Epoch 366: loss=2.81187
Epoch 367: loss=2.82162
Epoch 368: loss=2.81214
Epoch 369: loss=2.81743
Epoch 370: loss=2.81355
Epoch 371: loss=2.81540
Epoch 372: loss=2.81524
Epoch 373: loss=2.81770
Epoch 374: loss=2.81739
Epoch 375: loss=2.81308
Epoch 376: loss=2.81450
Epoch 377: loss=2.81705
Epoch 378: loss=2.81245
Epoch 379: loss=2.81628
Epoch 380: loss=2.81404
Epoch 381: loss=2.82630
Epoch 382: loss=2.80774
Epoch 383: loss=2.81044
Epoch 384: loss=2.81799
Epoch 385: loss=2.81366
Epoch 386: loss=2.82221
Epoch 387: loss=2.81491
Epoch 388: loss=2.82315
Epoch 389: loss=2.82000
Epoch 390: loss=2.80836
Epoch 391: loss=2.81476
Epoch 392: loss=2.80939
Epoch 393: loss=2.81478
Epoch 394: loss=2.81877
Epoch 395: loss=2.82003
Epoch 396: loss=2.81752
Epoch 397: loss=2.81228
Epoch 398: loss=2.82072
Epoch 399: loss=2.81155
Epoch 400: loss=2.81003
Epoch 401: loss=2.81051
Epoch 402: loss=2.81731
Epoch 403: loss=2.82033
Epoch 404: loss=2.81917
Epoch 405: loss=2.81368
Epoch 406: loss=2.81589
Epoch 407: loss=2.80713
Epoch 408: loss=2.81633
Epoch 409: loss=2.80770
Epoch 410: loss=2.81542
Epoch 411: loss=2.82614
Epoch 412: loss=2.81131
Epoch 413: loss=2.82127
Epoch 414: loss=2.81787
Epoch 415: loss=2.81309
Epoch 416: loss=2.81249
Epoch 417: loss=2.81213
Epoch 418: loss=2.81828
Epoch 419: loss=2.81416
Epoch 420: loss=2.81635
Epoch 421: loss=2.81958
Epoch 422: loss=2.81725
Epoch 423: loss=2.81576
Epoch 424: loss=2.82075
Epoch 425: loss=2.81090
Epoch 426: loss=2.81791
Epoch 427: loss=2.81182
Epoch 428: loss=2.81244
Epoch 429: loss=2.81702
Epoch 430: loss=2.81099
Epoch 431: loss=2.82165
Epoch 432: loss=2.80764
Epoch 433: loss=2.81040
Epoch 434: loss=2.81989
Epoch 435: loss=2.81727
Epoch 436: loss=2.82080
Epoch 437: loss=2.81822
Epoch 438: loss=2.81850
Epoch 439: loss=2.81678
Epoch 440: loss=2.80668
Epoch 441: loss=2.80935
Epoch 442: loss=2.80889
Epoch 443: loss=2.81735
Epoch 444: loss=2.81188
Epoch 445: loss=2.81069
Epoch 446: loss=2.81393
Epoch 447: loss=2.81892
Epoch 448: loss=2.81475
Epoch 449: loss=2.82714
Epoch 450: loss=2.81508
Epoch 451: loss=2.81669
Epoch 452: loss=2.81564
Epoch 453: loss=2.81469
Epoch 454: loss=2.81876
Epoch 455: loss=2.81375
Epoch 456: loss=2.81207
Epoch 457: loss=2.81159
Epoch 458: loss=2.81850
Epoch 459: loss=2.82092
Epoch 460: loss=2.81851
Epoch 461: loss=2.80887
Epoch 462: loss=2.82327
Epoch 463: loss=2.81292
Epoch 464: loss=2.82860
Epoch 465: loss=2.80981
Epoch 466: loss=2.80814
Epoch 467: loss=2.81264
Epoch 468: loss=2.81489
Epoch 469: loss=2.81230
Epoch 470: loss=2.81245
Epoch 471: loss=2.81414
Epoch 472: loss=2.80990
Epoch 473: loss=2.80901
Epoch 474: loss=2.81785
Epoch 475: loss=2.81424
Epoch 476: loss=2.81904
Epoch 477: loss=2.81339
Epoch 478: loss=2.80967
Epoch 479: loss=2.81312
Epoch 480: loss=2.81176
Epoch 481: loss=2.82252
Epoch 482: loss=2.81925
Epoch 483: loss=2.81090
Epoch 484: loss=2.81091
Epoch 485: loss=2.81174
Epoch 486: loss=2.81079
Epoch 487: loss=2.81216
Epoch 488: loss=2.80736
Epoch 489: loss=2.81308
Epoch 490: loss=2.81152
Epoch 491: loss=2.81798
Epoch 492: loss=2.82540
Epoch 493: loss=2.80786
Epoch 494: loss=2.81474
Epoch 495: loss=2.82310
Epoch 496: loss=2.81246
Epoch 497: loss=2.80411
Epoch 498: loss=2.80857
Epoch 499: loss=2.81917
Epoch 500: loss=2.80511
Epoch 501: loss=2.81363
Epoch 502: loss=2.81413
Epoch 503: loss=2.81251
Epoch 504: loss=2.81046
Epoch 505: loss=2.81420
Epoch 506: loss=2.81974
Epoch 507: loss=2.81004
Epoch 508: loss=2.81588
Epoch 509: loss=2.81932
Epoch 510: loss=2.81003
Epoch 511: loss=2.81180
Epoch 512: loss=2.81268
Epoch 513: loss=2.80586
Epoch 514: loss=2.81700
Epoch 515: loss=2.81249
Epoch 516: loss=2.81184
Epoch 517: loss=2.81280
Epoch 518: loss=2.80600
Epoch 519: loss=2.81842
Epoch 520: loss=2.81606
Epoch 521: loss=2.80705
Epoch 522: loss=2.81419
Epoch 523: loss=2.81491
Epoch 524: loss=2.80576
Epoch 525: loss=2.82562
Epoch 526: loss=2.80906
Epoch 527: loss=2.81170
Epoch 528: loss=2.80970
Epoch 529: loss=2.81203
Epoch 530: loss=2.81106
Epoch 531: loss=2.81176
Epoch 532: loss=2.81439
Epoch 533: loss=2.81487
Epoch 534: loss=2.81918
Epoch 535: loss=2.81826
Epoch 536: loss=2.80951
Epoch 537: loss=2.81255
Epoch 538: loss=2.81254
Epoch 539: loss=2.82073
Epoch 540: loss=2.81237
Epoch 541: loss=2.81136
Epoch 542: loss=2.81714
Epoch 543: loss=2.81949
Epoch 544: loss=2.80819
Epoch 545: loss=2.80833
Epoch 546: loss=2.80911
Epoch 547: loss=2.81282
Epoch 548: loss=2.82404
Epoch 549: loss=2.82366
Epoch 550: loss=2.80749
Epoch 551: loss=2.81278
Epoch 552: loss=2.81217
Epoch 553: loss=2.82029
Epoch 554: loss=2.80898
Epoch 555: loss=2.80972
Epoch 556: loss=2.80758
Epoch 557: loss=2.81748
Epoch 558: loss=2.81699
Epoch 559: loss=2.81933
Epoch 560: loss=2.81744
Epoch 561: loss=2.81505
Epoch 562: loss=2.81011
Epoch 563: loss=2.81106
Epoch 564: loss=2.81962
Epoch 565: loss=2.81382
Epoch 566: loss=2.80994
Epoch 567: loss=2.81126
Epoch 568: loss=2.81098
Epoch 569: loss=2.80832
Epoch 570: loss=2.81947
Epoch 571: loss=2.81519
Epoch 572: loss=2.81042
Epoch 573: loss=2.80867
Epoch 574: loss=2.81091
Epoch 575: loss=2.81730
Epoch 576: loss=2.80299
Epoch 577: loss=2.81288
Epoch 578: loss=2.81732
Epoch 579: loss=2.81476
Epoch 580: loss=2.81237
Epoch 581: loss=2.81128
Epoch 582: loss=2.81398
Epoch 583: loss=2.80985
Epoch 584: loss=2.82211
Epoch 585: loss=2.81124
Epoch 586: loss=2.81387
Epoch 587: loss=2.81625
Epoch 588: loss=2.81114
Epoch 589: loss=2.81023
Epoch 590: loss=2.80278
Epoch 591: loss=2.80424
Epoch 592: loss=2.81034
Epoch 593: loss=2.80913
Epoch 594: loss=2.80843
Epoch 595: loss=2.81044
Epoch 596: loss=2.81539
Epoch 597: loss=2.81074
Epoch 598: loss=2.80811
Epoch 599: loss=2.81391
Epoch 600: loss=2.81024
Epoch 601: loss=2.80449
Epoch 602: loss=2.81967
Epoch 603: loss=2.81185
Epoch 604: loss=2.80355
Epoch 605: loss=2.80686
Epoch 606: loss=2.80826
Epoch 607: loss=2.81376
Epoch 608: loss=2.81025
Epoch 609: loss=2.81304
Epoch 610: loss=2.80848
Epoch 611: loss=2.81011
Epoch 612: loss=2.81213
Epoch 613: loss=2.80923
Epoch 614: loss=2.81848
Epoch 615: loss=2.81099
Epoch 616: loss=2.81150
Epoch 617: loss=2.80968
Epoch 618: loss=2.80948
Epoch 619: loss=2.81234
Epoch 620: loss=2.81209
Epoch 621: loss=2.80306
Epoch 622: loss=2.81920
Epoch 623: loss=2.81001
Epoch 624: loss=2.81017
Epoch 625: loss=2.80786
Epoch 626: loss=2.81096
Epoch 627: loss=2.80051
Epoch 628: loss=2.80362
Epoch 629: loss=2.81593
Epoch 630: loss=2.80845
Epoch 631: loss=2.80928
Epoch 632: loss=2.81236
Epoch 633: loss=2.80637
Epoch 634: loss=2.81690
Epoch 635: loss=2.82121
Epoch 636: loss=2.81734
Epoch 637: loss=2.81460
Epoch 638: loss=2.81069
Epoch 639: loss=2.81139
Epoch 640: loss=2.81552
Epoch 641: loss=2.81549
Epoch 642: loss=2.81476
Epoch 643: loss=2.80194
Epoch 644: loss=2.80769
Epoch 645: loss=2.80772
Epoch 646: loss=2.81701
Epoch 647: loss=2.81250
Epoch 648: loss=2.81110
Epoch 649: loss=2.80414
Epoch 650: loss=2.81024
Epoch 651: loss=2.81256
Epoch 652: loss=2.81357
Epoch 653: loss=2.81952
Epoch 654: loss=2.80608
Epoch 655: loss=2.80307
Epoch 656: loss=2.80850
Epoch 657: loss=2.81451
Epoch 658: loss=2.80522
Epoch 659: loss=2.81096
Epoch 660: loss=2.81043
Epoch 661: loss=2.80906
Epoch 662: loss=2.81183
Epoch 663: loss=2.81003
Epoch 664: loss=2.81293
Epoch 665: loss=2.81524
Epoch 666: loss=2.81507
Epoch 667: loss=2.80611
Epoch 668: loss=2.80198
Epoch 669: loss=2.81593
Epoch 670: loss=2.81075
Epoch 671: loss=2.80877
Epoch 672: loss=2.81933
Epoch 673: loss=2.81459
Epoch 674: loss=2.81091
Epoch 675: loss=2.80828
Epoch 676: loss=2.80826
Epoch 677: loss=2.80570
Epoch 678: loss=2.81983
Epoch 679: loss=2.80365
Epoch 680: loss=2.81645
Epoch 681: loss=2.81003
Epoch 682: loss=2.81002
Epoch 683: loss=2.81503
Epoch 684: loss=2.80795
Epoch 685: loss=2.81530
Epoch 686: loss=2.81315
Epoch 687: loss=2.81572
Epoch 688: loss=2.81403
Epoch 689: loss=2.81792
Epoch 690: loss=2.80933
Epoch 691: loss=2.81212
Epoch 692: loss=2.80407
Epoch 693: loss=2.81814
Epoch 694: loss=2.81270
Epoch 695: loss=2.81386
Epoch 696: loss=2.82278
Epoch 697: loss=2.81326
Epoch 698: loss=2.81138
Epoch 699: loss=2.80493
Epoch 700: loss=2.80387
Epoch 701: loss=2.81384
Epoch 702: loss=2.81337
Epoch 703: loss=2.80762
Epoch 704: loss=2.81568
Epoch 705: loss=2.80563
Epoch 706: loss=2.81082
Epoch 707: loss=2.81257
Epoch 708: loss=2.80779
Epoch 709: loss=2.81019
Epoch 710: loss=2.80831
Epoch 711: loss=2.80690
Epoch 712: loss=2.82093
Epoch 713: loss=2.80214
Epoch 714: loss=2.81313
Epoch 715: loss=2.80851
Epoch 716: loss=2.81737
Epoch 717: loss=2.82145
Epoch 718: loss=2.81260
Epoch 719: loss=2.81394
Epoch 720: loss=2.81213
Epoch 721: loss=2.80741
Epoch 722: loss=2.81363
Epoch 723: loss=2.81834
Epoch 724: loss=2.81115
Epoch 725: loss=2.80943
Epoch 726: loss=2.81599
Epoch 727: loss=2.81414
Epoch 728: loss=2.81217
Epoch 729: loss=2.81179
Epoch 730: loss=2.81585
Epoch 731: loss=2.80959
Epoch 732: loss=2.80817
Epoch 733: loss=2.80839
Epoch 734: loss=2.81327
Epoch 735: loss=2.80779
Epoch 736: loss=2.80900
Epoch 737: loss=2.80932
Epoch 738: loss=2.81085
Epoch 739: loss=2.80536
Epoch 740: loss=2.80588
Epoch 741: loss=2.80675
Epoch 742: loss=2.81228
Epoch 743: loss=2.81111
Epoch 744: loss=2.80566
Epoch 745: loss=2.81104
Epoch 746: loss=2.80132
Epoch 747: loss=2.81558
Epoch 748: loss=2.81062
Epoch 749: loss=2.80941
Epoch 750: loss=2.81305
Epoch 751: loss=2.81622
Epoch 752: loss=2.81223
Epoch 753: loss=2.80705
Epoch 754: loss=2.81317
Epoch 755: loss=2.81620
Epoch 756: loss=2.80959
Epoch 757: loss=2.81498
Epoch 758: loss=2.80744
Epoch 759: loss=2.81692
Epoch 760: loss=2.81238
Epoch 761: loss=2.81480
Epoch 762: loss=2.80752
Epoch 763: loss=2.82189
Epoch 764: loss=2.81582
Epoch 765: loss=2.81551
Epoch 766: loss=2.81313
Epoch 767: loss=2.82028
Epoch 768: loss=2.81454
Epoch 769: loss=2.80482
Epoch 770: loss=2.81136
Epoch 771: loss=2.81137
Epoch 772: loss=2.80673
Epoch 773: loss=2.81521
Epoch 774: loss=2.81326
Epoch 775: loss=2.80969
Epoch 776: loss=2.81539
Epoch 777: loss=2.81089
Epoch 778: loss=2.81611
Epoch 779: loss=2.80915
Epoch 780: loss=2.81518
Epoch 781: loss=2.81477
Epoch 782: loss=2.81077
Epoch 783: loss=2.81227
Epoch 784: loss=2.80892
Epoch 785: loss=2.80824
Epoch 786: loss=2.81084
Epoch 787: loss=2.81347
Epoch 788: loss=2.82104
Epoch 789: loss=2.80412
Epoch 790: loss=2.81133
Epoch 791: loss=2.81045
Epoch 792: loss=2.81115
Epoch 793: loss=2.81321
Epoch 794: loss=2.81048
Epoch 795: loss=2.81058
Epoch 796: loss=2.81261
Epoch 797: loss=2.81422
Epoch 798: loss=2.80736
Epoch 799: loss=2.80531
Epoch 800: loss=2.81320
Epoch 801: loss=2.80816
Epoch 802: loss=2.81343
Epoch 803: loss=2.81202
Epoch 804: loss=2.79783
Epoch 805: loss=2.80989
Epoch 806: loss=2.80824
Epoch 807: loss=2.81060
Epoch 808: loss=2.80730
Epoch 809: loss=2.80956
Epoch 810: loss=2.80749
Epoch 811: loss=2.81423
Epoch 812: loss=2.81636
Epoch 813: loss=2.81480
Epoch 814: loss=2.81130
Epoch 815: loss=2.81642
Epoch 816: loss=2.80096
Epoch 817: loss=2.81122
Epoch 818: loss=2.81412
Epoch 819: loss=2.80278
Epoch 820: loss=2.81928
Epoch 821: loss=2.81168
Epoch 822: loss=2.81515
Epoch 823: loss=2.80405
Epoch 824: loss=2.80601
Epoch 825: loss=2.81507
Epoch 826: loss=2.80976
Epoch 827: loss=2.80776
Epoch 828: loss=2.81483
Epoch 829: loss=2.80772
Epoch 830: loss=2.80319
Epoch 831: loss=2.81225
Epoch 832: loss=2.81354
Epoch 833: loss=2.80849
Epoch 834: loss=2.80572
Epoch 835: loss=2.80519
Epoch 836: loss=2.81138
Epoch 837: loss=2.81616
Epoch 838: loss=2.80837
Epoch 839: loss=2.81361
Epoch 840: loss=2.80495
Epoch 841: loss=2.81746
Epoch 842: loss=2.81247
Epoch 843: loss=2.81116
Epoch 844: loss=2.81159
Epoch 845: loss=2.80543
Epoch 846: loss=2.81164
Epoch 847: loss=2.81122
Epoch 848: loss=2.81267
Epoch 849: loss=2.81407
Epoch 850: loss=2.81114
Epoch 851: loss=2.80911
Epoch 852: loss=2.80608
Epoch 853: loss=2.81205
Epoch 854: loss=2.81083
Epoch 855: loss=2.81045
Epoch 856: loss=2.80656
Epoch 857: loss=2.81434
Epoch 858: loss=2.80847
Epoch 859: loss=2.81262
Epoch 860: loss=2.82017
Epoch 861: loss=2.81314
Epoch 862: loss=2.80626
Epoch 863: loss=2.80747
Epoch 864: loss=2.81597
Epoch 865: loss=2.81760
Epoch 866: loss=2.81485
Epoch 867: loss=2.81380
Epoch 868: loss=2.80607
Epoch 869: loss=2.82160
Epoch 870: loss=2.80496
Epoch 871: loss=2.80128
Epoch 872: loss=2.80963
Epoch 873: loss=2.80483
Epoch 874: loss=2.79693
Epoch 875: loss=2.80892
Epoch 876: loss=2.81286
Epoch 877: loss=2.81139
Epoch 878: loss=2.81326
Epoch 879: loss=2.80768
Epoch 880: loss=2.81379
Epoch 881: loss=2.81513
Epoch 882: loss=2.80863
Epoch 883: loss=2.80145
Epoch 884: loss=2.81322
Epoch 885: loss=2.80939
Epoch 886: loss=2.80370
Epoch 887: loss=2.81700
Epoch 888: loss=2.81218
Epoch 889: loss=2.80838
Epoch 890: loss=2.81632
Epoch 891: loss=2.81570
Epoch 892: loss=2.80357
Epoch 893: loss=2.80603
Epoch 894: loss=2.81123
Epoch 895: loss=2.81168
Epoch 896: loss=2.80889
Epoch 897: loss=2.80315
Epoch 898: loss=2.80652
Epoch 899: loss=2.82142
Epoch 900: loss=2.80365
Epoch 901: loss=2.81097
Epoch 902: loss=2.81095
Epoch 903: loss=2.80693
Epoch 904: loss=2.80575
Epoch 905: loss=2.81343
Epoch 906: loss=2.81009
Epoch 907: loss=2.80339
Epoch 908: loss=2.79693
Epoch 909: loss=2.80612
Epoch 910: loss=2.80640
Epoch 911: loss=2.81590
Epoch 912: loss=2.80454
Epoch 913: loss=2.80388
Epoch 914: loss=2.80585
Epoch 915: loss=2.81413
Epoch 916: loss=2.81203
Epoch 917: loss=2.81591
Epoch 918: loss=2.80364
Epoch 919: loss=2.80145
Epoch 920: loss=2.79867
Epoch 921: loss=2.81065
Epoch 922: loss=2.80790
Epoch 923: loss=2.80865
Epoch 924: loss=2.80723
Epoch 925: loss=2.80981
Epoch 926: loss=2.81100
Epoch 927: loss=2.81666
Epoch 928: loss=2.80751
Epoch 929: loss=2.80545
Epoch 930: loss=2.80785
Epoch 931: loss=2.80320
Epoch 932: loss=2.81119
Epoch 933: loss=2.80547
Epoch 934: loss=2.80854
Epoch 935: loss=2.80868
Epoch 936: loss=2.80965
Epoch 937: loss=2.80658
Epoch 938: loss=2.81340
Epoch 939: loss=2.80708
Epoch 940: loss=2.81131
Epoch 941: loss=2.80523
Epoch 942: loss=2.81712
Epoch 943: loss=2.80855
Epoch 944: loss=2.81390
Epoch 945: loss=2.81212
Epoch 946: loss=2.81439
Epoch 947: loss=2.80831
Epoch 948: loss=2.79614
Epoch 949: loss=2.82039
Epoch 950: loss=2.81119
Epoch 951: loss=2.80706
Epoch 952: loss=2.80980
Epoch 953: loss=2.80887
Epoch 954: loss=2.80655
Epoch 955: loss=2.80652
Epoch 956: loss=2.80706
Epoch 957: loss=2.80782
Epoch 958: loss=2.80856
Epoch 959: loss=2.80186
Epoch 960: loss=2.80269
Epoch 961: loss=2.81733
Epoch 962: loss=2.81132
Epoch 963: loss=2.81071
Epoch 964: loss=2.80594
Epoch 965: loss=2.80619
Epoch 966: loss=2.81289
Epoch 967: loss=2.80499
Epoch 968: loss=2.80695
Epoch 969: loss=2.82580
Epoch 970: loss=2.81461
Epoch 971: loss=2.80335
Epoch 972: loss=2.80558
Epoch 973: loss=2.80625
Epoch 974: loss=2.80730
Epoch 975: loss=2.81147
Epoch 976: loss=2.81122
Epoch 977: loss=2.80596
Epoch 978: loss=2.80683
Epoch 979: loss=2.80334
Epoch 980: loss=2.82638
Epoch 981: loss=2.81476
Epoch 982: loss=2.81576
Epoch 983: loss=2.80828
Epoch 984: loss=2.80703
Epoch 985: loss=2.81168
Epoch 986: loss=2.80693
Epoch 987: loss=2.81175
Epoch 988: loss=2.81118
Epoch 989: loss=2.82158
Epoch 990: loss=2.81426
Epoch 991: loss=2.81239
Epoch 992: loss=2.81449
Epoch 993: loss=2.80546
Epoch 994: loss=2.81954
Epoch 995: loss=2.80992
Epoch 996: loss=2.80469
Epoch 997: loss=2.81498
Epoch 998: loss=2.80393
Epoch 999: loss=2.80347
Epoch 1000: loss=2.81019
Epoch 1001: loss=2.80935
Epoch 1002: loss=2.80362
Epoch 1003: loss=2.81577
Epoch 1004: loss=2.80772
Epoch 1005: loss=2.81034
Epoch 1006: loss=2.81050
Epoch 1007: loss=2.80639
Epoch 1008: loss=2.80904
Epoch 1009: loss=2.79853
Epoch 1010: loss=2.81385
Epoch 1011: loss=2.80937
Epoch 1012: loss=2.80988
Epoch 1013: loss=2.81191
Epoch 1014: loss=2.80602
Epoch 1015: loss=2.81741
Epoch 1016: loss=2.80811
Epoch 1017: loss=2.80373
Epoch 1018: loss=2.81150
Epoch 1019: loss=2.80294
Epoch 1020: loss=2.80331
Epoch 1021: loss=2.80760
Epoch 1022: loss=2.80886
Epoch 1023: loss=2.81643
Epoch 1024: loss=2.80831
Epoch 1025: loss=2.80310
Epoch 1026: loss=2.81170
Epoch 1027: loss=2.80644
Epoch 1028: loss=2.81056
Epoch 1029: loss=2.81301
Epoch 1030: loss=2.81900
Epoch 1031: loss=2.81038
Epoch 1032: loss=2.81244
Epoch 1033: loss=2.80688
Epoch 1034: loss=2.80680
Epoch 1035: loss=2.80988
Epoch 1036: loss=2.80254
Epoch 1037: loss=2.81026
Epoch 1038: loss=2.80717
Epoch 1039: loss=2.81318
Epoch 1040: loss=2.81170
Epoch 1041: loss=2.80655
Epoch 1042: loss=2.80698
Epoch 1043: loss=2.81191
Epoch 1044: loss=2.79890
Epoch 1045: loss=2.81497
Epoch 1046: loss=2.81034
Epoch 1047: loss=2.81583
Epoch 1048: loss=2.79806
Epoch 1049: loss=2.80941
Epoch 1050: loss=2.80845
Epoch 1051: loss=2.81585
Epoch 1052: loss=2.80792
Epoch 1053: loss=2.81913
Epoch 1054: loss=2.80415
Epoch 1055: loss=2.80396
Epoch 1056: loss=2.80382
Epoch 1057: loss=2.80428
Epoch 1058: loss=2.81637
Epoch 1059: loss=2.81359
Epoch 1060: loss=2.80723
Epoch 1061: loss=2.82298
Epoch 1062: loss=2.81818
Epoch 1063: loss=2.80661
Epoch 1064: loss=2.81065
Epoch 1065: loss=2.81815
Epoch 1066: loss=2.81019
Epoch 1067: loss=2.80550
Epoch 1068: loss=2.80940
Epoch 1069: loss=2.80954
Epoch 1070: loss=2.81283
Epoch 1071: loss=2.80825
Epoch 1072: loss=2.80567
Epoch 1073: loss=2.80116
Epoch 1074: loss=2.80574
Epoch 1075: loss=2.81104
Epoch 1076: loss=2.80752
Epoch 1077: loss=2.80716
Epoch 1078: loss=2.80889
Epoch 1079: loss=2.80731
Epoch 1080: loss=2.80759
Epoch 1081: loss=2.80239
Epoch 1082: loss=2.80893
Epoch 1083: loss=2.81177
Epoch 1084: loss=2.80359
Epoch 1085: loss=2.80013
Epoch 1086: loss=2.81269
Epoch 1087: loss=2.81675
Epoch 1088: loss=2.80862
Epoch 1089: loss=2.81531
Epoch 1090: loss=2.81133
Epoch 1091: loss=2.80853
Epoch 1092: loss=2.80096
Epoch 1093: loss=2.80839
Epoch 1094: loss=2.82026
Epoch 1095: loss=2.80905
Epoch 1096: loss=2.80539
Epoch 1097: loss=2.81004
Epoch 1098: loss=2.80726
Epoch 1099: loss=2.81070
Epoch 1100: loss=2.80797
Epoch 1101: loss=2.80238
Epoch 1102: loss=2.80188
Epoch 1103: loss=2.80304
Epoch 1104: loss=2.80743
Epoch 1105: loss=2.80567
Epoch 1106: loss=2.80770
Epoch 1107: loss=2.81263
Epoch 1108: loss=2.81408
Epoch 1109: loss=2.80378
Epoch 1110: loss=2.81574
Epoch 1111: loss=2.81571
Epoch 1112: loss=2.81336
Epoch 1113: loss=2.81211
Epoch 1114: loss=2.81658
Epoch 1115: loss=2.80825
Epoch 1116: loss=2.80208
Epoch 1117: loss=2.80750
Epoch 1118: loss=2.80183
Epoch 1119: loss=2.80473
Epoch 1120: loss=2.80369
Epoch 1121: loss=2.80778
Epoch 1122: loss=2.81242
Epoch 1123: loss=2.80757
Epoch 1124: loss=2.80572
Epoch 1125: loss=2.80033
Epoch 1126: loss=2.81067
Epoch 1127: loss=2.80593
Epoch 1128: loss=2.81411
Epoch 1129: loss=2.81486
Epoch 1130: loss=2.80860
Epoch 1131: loss=2.82250
Epoch 1132: loss=2.81613
Epoch 1133: loss=2.79514
Epoch 1134: loss=2.80900
Epoch 1135: loss=2.80802
Epoch 1136: loss=2.80591
Epoch 1137: loss=2.81437
Epoch 1138: loss=2.80621
Epoch 1139: loss=2.80424
Epoch 1140: loss=2.80791
Epoch 1141: loss=2.80524
Epoch 1142: loss=2.80758
Epoch 1143: loss=2.80452
Epoch 1144: loss=2.80422
Epoch 1145: loss=2.81486
Epoch 1146: loss=2.80086
Epoch 1147: loss=2.80776
Epoch 1148: loss=2.80372
Epoch 1149: loss=2.80594
Epoch 1150: loss=2.80223
Epoch 1151: loss=2.79851
Epoch 1152: loss=2.80767
Epoch 1153: loss=2.80229
Epoch 1154: loss=2.81374
Epoch 1155: loss=2.80947
Epoch 1156: loss=2.81477
Epoch 1157: loss=2.80281
Epoch 1158: loss=2.80268
Epoch 1159: loss=2.80448
Epoch 1160: loss=2.81637
Epoch 1161: loss=2.79812
Epoch 1162: loss=2.80743
Epoch 1163: loss=2.81262
Epoch 1164: loss=2.80378
Epoch 1165: loss=2.81721
Epoch 1166: loss=2.81036
Epoch 1167: loss=2.81128
Epoch 1168: loss=2.80752
Epoch 1169: loss=2.80252
Epoch 1170: loss=2.80750
Epoch 1171: loss=2.81333
Epoch 1172: loss=2.80290
Epoch 1173: loss=2.80537
Epoch 1174: loss=2.81055
Epoch 1175: loss=2.80241
Epoch 1176: loss=2.80952
Epoch 1177: loss=2.81317
Epoch 1178: loss=2.80821
Epoch 1179: loss=2.81207
Epoch 1180: loss=2.80618
Epoch 1181: loss=2.80904
Epoch 1182: loss=2.81799
Epoch 1183: loss=2.80269
Epoch 1184: loss=2.80565
Epoch 1185: loss=2.79768
Epoch 1186: loss=2.80672
Epoch 1187: loss=2.80500
Epoch 1188: loss=2.80448
Epoch 1189: loss=2.80857
Epoch 1190: loss=2.81419
Epoch 1191: loss=2.80808
Epoch 1192: loss=2.81438
Epoch 1193: loss=2.81840
Epoch 1194: loss=2.80844
Epoch 1195: loss=2.80884
Epoch 1196: loss=2.79674
Epoch 1197: loss=2.80067
Epoch 1198: loss=2.80760
Epoch 1199: loss=2.81689
Epoch 1200: loss=2.80115
Epoch 1201: loss=2.80368
Epoch 1202: loss=2.80409
Epoch 1203: loss=2.80899
Epoch 1204: loss=2.79654
Epoch 1205: loss=2.81775
Epoch 1206: loss=2.81036
Epoch 1207: loss=2.80689
Epoch 1208: loss=2.81432
Epoch 1209: loss=2.79847
Epoch 1210: loss=2.81232
Epoch 1211: loss=2.81505
Epoch 1212: loss=2.79550
Epoch 1213: loss=2.80246
Epoch 1214: loss=2.81346
Epoch 1215: loss=2.80682
Epoch 1216: loss=2.79655
Epoch 1217: loss=2.80713
Epoch 1218: loss=2.81905
Epoch 1219: loss=2.81062
Epoch 1220: loss=2.80481
Epoch 1221: loss=2.80542
Epoch 1222: loss=2.80366
Epoch 1223: loss=2.80291
Epoch 1224: loss=2.81024
Epoch 1225: loss=2.80697
Epoch 1226: loss=2.81358
Epoch 1227: loss=2.81376
Epoch 1228: loss=2.81720
Epoch 1229: loss=2.80371
Epoch 1230: loss=2.80805
Epoch 1231: loss=2.80906
Epoch 1232: loss=2.81234
Epoch 1233: loss=2.81383
Epoch 1234: loss=2.80702
Epoch 1235: loss=2.81445
Epoch 1236: loss=2.81964
Epoch 1237: loss=2.80441
Epoch 1238: loss=2.80662
Epoch 1239: loss=2.79948
Epoch 1240: loss=2.79701
Epoch 1241: loss=2.81842
Epoch 1242: loss=2.80877
Epoch 1243: loss=2.80908
Epoch 1244: loss=2.81061
Epoch 1245: loss=2.81468
Epoch 1246: loss=2.81307
Epoch 1247: loss=2.81985
Epoch 1248: loss=2.81486
Epoch 1249: loss=2.80884
Epoch 1250: loss=2.80285
Epoch 1251: loss=2.80765
Epoch 1252: loss=2.81163
Epoch 1253: loss=2.80808
Epoch 1254: loss=2.81400
Epoch 1255: loss=2.81467
Epoch 1256: loss=2.81397
Epoch 1257: loss=2.81215
Epoch 1258: loss=2.81311
Epoch 1259: loss=2.80858
Epoch 1260: loss=2.80935
Epoch 1261: loss=2.81570
Epoch 1262: loss=2.80401
Epoch 1263: loss=2.80372
Epoch 1264: loss=2.80427
Epoch 1265: loss=2.80766
Epoch 1266: loss=2.81245
Epoch 1267: loss=2.81023
Epoch 1268: loss=2.79962
Epoch 1269: loss=2.79496
Epoch 1270: loss=2.80368
Epoch 1271: loss=2.81413
Epoch 1272: loss=2.81020
Epoch 1273: loss=2.80198
Epoch 1274: loss=2.80070
Epoch 1275: loss=2.81254
Epoch 1276: loss=2.80757
Epoch 1277: loss=2.80871
Epoch 1278: loss=2.82057
Epoch 1279: loss=2.80232
Epoch 1280: loss=2.81349
Epoch 1281: loss=2.80207
Epoch 1282: loss=2.81161
Epoch 1283: loss=2.79720
Epoch 1284: loss=2.81427
Epoch 1285: loss=2.81080
Epoch 1286: loss=2.80114
Epoch 1287: loss=2.81120
Epoch 1288: loss=2.79389
Epoch 1289: loss=2.80746
Epoch 1290: loss=2.80477
Epoch 1291: loss=2.81134
Epoch 1292: loss=2.79770
Epoch 1293: loss=2.80504
Epoch 1294: loss=2.81092
Epoch 1295: loss=2.81888
Epoch 1296: loss=2.80473
Epoch 1297: loss=2.80803
Epoch 1298: loss=2.80464
Epoch 1299: loss=2.79919
Epoch 1300: loss=2.81227
Epoch 1301: loss=2.80720
Epoch 1302: loss=2.80923
Epoch 1303: loss=2.80542
Epoch 1304: loss=2.80592
Epoch 1305: loss=2.80469
Epoch 1306: loss=2.80268
Epoch 1307: loss=2.81226
Epoch 1308: loss=2.81081
Epoch 1309: loss=2.81236
Epoch 1310: loss=2.80944
Epoch 1311: loss=2.79770
Epoch 1312: loss=2.80759
Epoch 1313: loss=2.80747
Epoch 1314: loss=2.80196
Epoch 1315: loss=2.80785
Epoch 1316: loss=2.81150
Epoch 1317: loss=2.81126
Epoch 1318: loss=2.80742
Epoch 1319: loss=2.81278
Epoch 1320: loss=2.80905
Epoch 1321: loss=2.80047
Epoch 1322: loss=2.80739
Epoch 1323: loss=2.80241
Epoch 1324: loss=2.80062
Epoch 1325: loss=2.80603
Epoch 1326: loss=2.80418
Epoch 1327: loss=2.79507
Epoch 1328: loss=2.80633
Epoch 1329: loss=2.80574
Epoch 1330: loss=2.81225
Epoch 1331: loss=2.80134
Epoch 1332: loss=2.80426
Epoch 1333: loss=2.79900
Epoch 1334: loss=2.80823
Epoch 1335: loss=2.81147
Epoch 1336: loss=2.80953
Epoch 1337: loss=2.80879
Epoch 1338: loss=2.80621
Epoch 1339: loss=2.81020
Epoch 1340: loss=2.81024
Epoch 1341: loss=2.80878
Epoch 1342: loss=2.81064
Epoch 1343: loss=2.80423
Epoch 1344: loss=2.81278
Epoch 1345: loss=2.80790
Epoch 1346: loss=2.81752
Epoch 1347: loss=2.80844
Epoch 1348: loss=2.80759
Epoch 1349: loss=2.79703
Epoch 1350: loss=2.80656
Epoch 1351: loss=2.81080
Epoch 1352: loss=2.81269
Epoch 1353: loss=2.80507
Epoch 1354: loss=2.81446
Epoch 1355: loss=2.80512
Epoch 1356: loss=2.80992
Epoch 1357: loss=2.81806
Epoch 1358: loss=2.80051
Epoch 1359: loss=2.81729
Epoch 1360: loss=2.81411
Epoch 1361: loss=2.80681
Epoch 1362: loss=2.80584
Epoch 1363: loss=2.81577
Epoch 1364: loss=2.80139
Epoch 1365: loss=2.80846
Epoch 1366: loss=2.80861
Epoch 1367: loss=2.80885
Epoch 1368: loss=2.80880
Epoch 1369: loss=2.80373
Epoch 1370: loss=2.80066
Epoch 1371: loss=2.80884
Epoch 1372: loss=2.80455
Epoch 1373: loss=2.80821
Epoch 1374: loss=2.79782
Epoch 1375: loss=2.81592
Epoch 1376: loss=2.80587
Epoch 1377: loss=2.80650
Epoch 1378: loss=2.80354
Epoch 1379: loss=2.80126
Epoch 1380: loss=2.80984
Epoch 1381: loss=2.81235
Epoch 1382: loss=2.80080
Epoch 1383: loss=2.81287
Epoch 1384: loss=2.80361
Epoch 1385: loss=2.80471
Epoch 1386: loss=2.80257
Epoch 1387: loss=2.81334
Epoch 1388: loss=2.80919
Epoch 1389: loss=2.81379
Epoch 1390: loss=2.80761
Epoch 1391: loss=2.80054
Epoch 1392: loss=2.80921
Epoch 1393: loss=2.80323
Epoch 1394: loss=2.80949
Epoch 1395: loss=2.80559
Epoch 1396: loss=2.80394
Epoch 1397: loss=2.80530
Epoch 1398: loss=2.81112
Epoch 1399: loss=2.79962
Epoch 1400: loss=2.80956
Epoch 1401: loss=2.81006
Epoch 1402: loss=2.81191
Epoch 1403: loss=2.79687
Epoch 1404: loss=2.80541
Epoch 1405: loss=2.80304
Epoch 1406: loss=2.81035
Epoch 1407: loss=2.80919
Epoch 1408: loss=2.81626
Epoch 1409: loss=2.81702
Epoch 1410: loss=2.81148
Epoch 1411: loss=2.80018
Epoch 1412: loss=2.80988
Epoch 1413: loss=2.80993
Epoch 1414: loss=2.81220
Epoch 1415: loss=2.80522
Epoch 1416: loss=2.80853
Epoch 1417: loss=2.80700
Epoch 1418: loss=2.80271
Epoch 1419: loss=2.80578
Epoch 1420: loss=2.81409
Epoch 1421: loss=2.80767
Epoch 1422: loss=2.80940
Epoch 1423: loss=2.81332
Epoch 1424: loss=2.79599
Epoch 1425: loss=2.80648
Epoch 1426: loss=2.80980
Epoch 1427: loss=2.81159
Epoch 1428: loss=2.81181
Epoch 1429: loss=2.79526
Epoch 1430: loss=2.80603
Epoch 1431: loss=2.80384
Epoch 1432: loss=2.80320
Epoch 1433: loss=2.80277
Epoch 1434: loss=2.81005
Epoch 1435: loss=2.80538
Epoch 1436: loss=2.82523
Epoch 1437: loss=2.80805
Epoch 1438: loss=2.81461
Epoch 1439: loss=2.80244
Epoch 1440: loss=2.80152
Epoch 1441: loss=2.80542
Epoch 1442: loss=2.81098
Epoch 1443: loss=2.80022
Epoch 1444: loss=2.80358
Epoch 1445: loss=2.79919
Epoch 1446: loss=2.80590
Epoch 1447: loss=2.80116
Epoch 1448: loss=2.80715
Epoch 1449: loss=2.82050
Epoch 1450: loss=2.80548
Epoch 1451: loss=2.80076
Epoch 1452: loss=2.80617
Epoch 1453: loss=2.80519
Epoch 1454: loss=2.81164
Epoch 1455: loss=2.80786
Epoch 1456: loss=2.80915
Epoch 1457: loss=2.81267
Epoch 1458: loss=2.81255
Epoch 1459: loss=2.80348
Epoch 1460: loss=2.81475
Epoch 1461: loss=2.80796
Epoch 1462: loss=2.80734
Epoch 1463: loss=2.80314
Epoch 1464: loss=2.80932
Epoch 1465: loss=2.80068
Epoch 1466: loss=2.80854
Epoch 1467: loss=2.81504
Epoch 1468: loss=2.80106
Epoch 1469: loss=2.80542
Epoch 1470: loss=2.81031
Epoch 1471: loss=2.80686
Epoch 1472: loss=2.80264
Epoch 1473: loss=2.80651
Epoch 1474: loss=2.80546
Epoch 1475: loss=2.80241
Epoch 1476: loss=2.81480
Epoch 1477: loss=2.80764
Epoch 1478: loss=2.80974
Epoch 1479: loss=2.81094
Epoch 1480: loss=2.79864
Epoch 1481: loss=2.79947
Epoch 1482: loss=2.80610
Epoch 1483: loss=2.79775
Epoch 1484: loss=2.80219
Epoch 1485: loss=2.81110
Epoch 1486: loss=2.80448
Epoch 1487: loss=2.80065
Epoch 1488: loss=2.81066
Epoch 1489: loss=2.81051
Epoch 1490: loss=2.80227
Epoch 1491: loss=2.81335
Epoch 1492: loss=2.80789
Epoch 1493: loss=2.80306
Epoch 1494: loss=2.80320
Epoch 1495: loss=2.81291
Epoch 1496: loss=2.80904
Epoch 1497: loss=2.81053
Epoch 1498: loss=2.80336
Epoch 1499: loss=2.79795
Epoch 1500: loss=2.80508
Epoch 1501: loss=2.81283
Epoch 1502: loss=2.80279
Epoch 1503: loss=2.81488
Epoch 1504: loss=2.80446
Epoch 1505: loss=2.80611
Epoch 1506: loss=2.80638
Epoch 1507: loss=2.80552
Epoch 1508: loss=2.80735
Epoch 1509: loss=2.80716
Epoch 1510: loss=2.80829
Epoch 1511: loss=2.81397
Epoch 1512: loss=2.80612
Epoch 1513: loss=2.81031
Epoch 1514: loss=2.80308
Epoch 1515: loss=2.80314
Epoch 1516: loss=2.81203
Epoch 1517: loss=2.80915
Epoch 1518: loss=2.80869
Epoch 1519: loss=2.80490
Epoch 1520: loss=2.80824
Epoch 1521: loss=2.80070
Epoch 1522: loss=2.79762
Epoch 1523: loss=2.81085
Epoch 1524: loss=2.80846
Epoch 1525: loss=2.79807
Epoch 1526: loss=2.80611
Epoch 1527: loss=2.79973
Epoch 1528: loss=2.81708
Epoch 1529: loss=2.81359
Epoch 1530: loss=2.81047
Epoch 1531: loss=2.81557
Epoch 1532: loss=2.80360
Epoch 1533: loss=2.80540
Epoch 1534: loss=2.81514
Epoch 1535: loss=2.79325
Epoch 1536: loss=2.80163
Epoch 1537: loss=2.80072
Epoch 1538: loss=2.80494
Epoch 1539: loss=2.81602
Epoch 1540: loss=2.80206
Epoch 1541: loss=2.80332
Epoch 1542: loss=2.80820
Epoch 1543: loss=2.80531
Epoch 1544: loss=2.80168
Epoch 1545: loss=2.80965
Epoch 1546: loss=2.81509
Epoch 1547: loss=2.79941
Epoch 1548: loss=2.80865
Epoch 1549: loss=2.80528
Epoch 1550: loss=2.80635
Epoch 1551: loss=2.79921
Epoch 1552: loss=2.80123
Epoch 1553: loss=2.80018
Epoch 1554: loss=2.80450
Epoch 1555: loss=2.81333
Epoch 1556: loss=2.80189
Epoch 1557: loss=2.80581
Epoch 1558: loss=2.79906
Epoch 1559: loss=2.82105
Epoch 1560: loss=2.80188
Epoch 1561: loss=2.80401
Epoch 1562: loss=2.81365
Epoch 1563: loss=2.81601
Epoch 1564: loss=2.80953
Epoch 1565: loss=2.80308
Epoch 1566: loss=2.79835
Epoch 1567: loss=2.80495
Epoch 1568: loss=2.80389
Epoch 1569: loss=2.80879
Epoch 1570: loss=2.80088
Epoch 1571: loss=2.80866
Epoch 1572: loss=2.80399
Epoch 1573: loss=2.80620
Epoch 1574: loss=2.81463
Epoch 1575: loss=2.80507
Epoch 1576: loss=2.80144
Epoch 1577: loss=2.81170
Epoch 1578: loss=2.81274
Epoch 1579: loss=2.81997
Epoch 1580: loss=2.81034
Epoch 1581: loss=2.80449
Epoch 1582: loss=2.80127
Epoch 1583: loss=2.81013
Epoch 1584: loss=2.80564
Epoch 1585: loss=2.82037
Epoch 1586: loss=2.80914
Epoch 1587: loss=2.81130
Epoch 1588: loss=2.79940
Epoch 1589: loss=2.80436
Epoch 1590: loss=2.80571
Epoch 1591: loss=2.79887
Epoch 1592: loss=2.80504
Epoch 1593: loss=2.81292
Epoch 1594: loss=2.80321
Epoch 1595: loss=2.81137
Epoch 1596: loss=2.80754
Epoch 1597: loss=2.79623
Epoch 1598: loss=2.80777
Epoch 1599: loss=2.80440
Epoch 1600: loss=2.81198
Epoch 1601: loss=2.80105
Epoch 1602: loss=2.80065
Epoch 1603: loss=2.81060
Epoch 1604: loss=2.81256
Epoch 1605: loss=2.80465
Epoch 1606: loss=2.80346
Epoch 1607: loss=2.80142
Epoch 1608: loss=2.80142
Epoch 1609: loss=2.82356
Epoch 1610: loss=2.81676
Epoch 1611: loss=2.79872
Epoch 1612: loss=2.81553
Epoch 1613: loss=2.79867
Epoch 1614: loss=2.80520
Epoch 1615: loss=2.80095
Epoch 1616: loss=2.80993
Epoch 1617: loss=2.80520
Epoch 1618: loss=2.79670
Epoch 1619: loss=2.79811
Epoch 1620: loss=2.80632
Epoch 1621: loss=2.81004
Epoch 1622: loss=2.80754
Epoch 1623: loss=2.79481
Epoch 1624: loss=2.79892
Epoch 1625: loss=2.80698
Epoch 1626: loss=2.80236
Epoch 1627: loss=2.80364
Epoch 1628: loss=2.81210
Epoch 1629: loss=2.81324
Epoch 1630: loss=2.81021
Epoch 1631: loss=2.81407
Epoch 1632: loss=2.80840
Epoch 1633: loss=2.80108
Epoch 1634: loss=2.79822
Epoch 1635: loss=2.80214
Epoch 1636: loss=2.81138
Epoch 1637: loss=2.81297
Epoch 1638: loss=2.80263
Epoch 1639: loss=2.81308
Epoch 1640: loss=2.80343
Epoch 1641: loss=2.81765
Epoch 1642: loss=2.80139
Epoch 1643: loss=2.80447
Epoch 1644: loss=2.80046
Epoch 1645: loss=2.80612
Epoch 1646: loss=2.80904
Epoch 1647: loss=2.80245
Epoch 1648: loss=2.80835
Epoch 1649: loss=2.80962
Epoch 1650: loss=2.81347
Epoch 1651: loss=2.80331
Epoch 1652: loss=2.80869
Epoch 1653: loss=2.80590
Epoch 1654: loss=2.80482
Epoch 1655: loss=2.81064
Epoch 1656: loss=2.81063
Epoch 1657: loss=2.81304
Epoch 1658: loss=2.80581
Epoch 1659: loss=2.81272
Epoch 1660: loss=2.80917
Epoch 1661: loss=2.81146
Epoch 1662: loss=2.80211
Epoch 1663: loss=2.80402
Epoch 1664: loss=2.80989
Epoch 1665: loss=2.79819
Epoch 1666: loss=2.80856
Epoch 1667: loss=2.79762
Epoch 1668: loss=2.80452
Epoch 1669: loss=2.80841
Epoch 1670: loss=2.80479
Epoch 1671: loss=2.80617
Epoch 1672: loss=2.80498
Epoch 1673: loss=2.80752
Epoch 1674: loss=2.80492
Epoch 1675: loss=2.80563
Epoch 1676: loss=2.81328
Epoch 1677: loss=2.80121
Epoch 1678: loss=2.80576
Epoch 1679: loss=2.80739
Epoch 1680: loss=2.80375
Epoch 1681: loss=2.80180
Epoch 1682: loss=2.80959
Epoch 1683: loss=2.80921
Epoch 1684: loss=2.81614
Epoch 1685: loss=2.80415
Epoch 1686: loss=2.81189
Epoch 1687: loss=2.80852
Epoch 1688: loss=2.81471
Epoch 1689: loss=2.79683
Epoch 1690: loss=2.80310
Epoch 1691: loss=2.81144
Epoch 1692: loss=2.81837
Epoch 1693: loss=2.80814
Epoch 1694: loss=2.80371
Epoch 1695: loss=2.80673
Epoch 1696: loss=2.79785
Epoch 1697: loss=2.80474
Epoch 1698: loss=2.80735
Epoch 1699: loss=2.79856
Epoch 1700: loss=2.81496
Epoch 1701: loss=2.81037
Epoch 1702: loss=2.80824
Epoch 1703: loss=2.80715
Epoch 1704: loss=2.80988
Epoch 1705: loss=2.80664
Epoch 1706: loss=2.79978
Epoch 1707: loss=2.80658
Epoch 1708: loss=2.80190
Epoch 1709: loss=2.80138
Epoch 1710: loss=2.80905
Epoch 1711: loss=2.79996
Epoch 1712: loss=2.81000
Epoch 1713: loss=2.79848
Epoch 1714: loss=2.80249
Epoch 1715: loss=2.80274
Epoch 1716: loss=2.80630
Epoch 1717: loss=2.80310
Epoch 1718: loss=2.80413
Epoch 1719: loss=2.81499
Epoch 1720: loss=2.80007
Epoch 1721: loss=2.80472
Epoch 1722: loss=2.80184
Epoch 1723: loss=2.80618
Epoch 1724: loss=2.80755
Epoch 1725: loss=2.80227
Epoch 1726: loss=2.81017
Epoch 1727: loss=2.79609
Epoch 1728: loss=2.80408
Epoch 1729: loss=2.80256
Epoch 1730: loss=2.81114
Epoch 1731: loss=2.81057
Epoch 1732: loss=2.80602
Epoch 1733: loss=2.81177
Epoch 1734: loss=2.81055
Epoch 1735: loss=2.80272
Epoch 1736: loss=2.79828
Epoch 1737: loss=2.81096
Epoch 1738: loss=2.79201
Epoch 1739: loss=2.79171
Epoch 1740: loss=2.79749
Epoch 1741: loss=2.80273
Epoch 1742: loss=2.80181
Epoch 1743: loss=2.81050
Epoch 1744: loss=2.80567
Epoch 1745: loss=2.80810
Epoch 1746: loss=2.80354
Epoch 1747: loss=2.81366
Epoch 1748: loss=2.79983
Epoch 1749: loss=2.81146
Epoch 1750: loss=2.80096
Epoch 1751: loss=2.80780
Epoch 1752: loss=2.80054
Epoch 1753: loss=2.80192
Epoch 1754: loss=2.80864
Epoch 1755: loss=2.80245
Epoch 1756: loss=2.80981
Epoch 1757: loss=2.80113
Epoch 1758: loss=2.80114
Epoch 1759: loss=2.79598
Epoch 1760: loss=2.80301
Epoch 1761: loss=2.80422
Epoch 1762: loss=2.80339
Epoch 1763: loss=2.81482
Epoch 1764: loss=2.80304
Epoch 1765: loss=2.80727
Epoch 1766: loss=2.80174
Epoch 1767: loss=2.80671
Epoch 1768: loss=2.81118
Epoch 1769: loss=2.80368
Epoch 1770: loss=2.80539
Epoch 1771: loss=2.80701
Epoch 1772: loss=2.80468
Epoch 1773: loss=2.80118
Epoch 1774: loss=2.80914
Epoch 1775: loss=2.80575
Epoch 1776: loss=2.81478
Epoch 1777: loss=2.81973
Epoch 1778: loss=2.80021
Epoch 1779: loss=2.80481
Epoch 1780: loss=2.80025
Epoch 1781: loss=2.80032
Epoch 1782: loss=2.80770
Epoch 1783: loss=2.80183
Epoch 1784: loss=2.78786
Epoch 1785: loss=2.79872
Epoch 1786: loss=2.80215
Epoch 1787: loss=2.80538
Epoch 1788: loss=2.79651
Epoch 1789: loss=2.80237
Epoch 1790: loss=2.79787
Epoch 1791: loss=2.80889
Epoch 1792: loss=2.80565
Epoch 1793: loss=2.79725
Epoch 1794: loss=2.80169
Epoch 1795: loss=2.81139
Epoch 1796: loss=2.80582
Epoch 1797: loss=2.80719
Epoch 1798: loss=2.80310
Epoch 1799: loss=2.80058
Epoch 1800: loss=2.80513
Epoch 1801: loss=2.79677
Epoch 1802: loss=2.80769
Epoch 1803: loss=2.80557
Epoch 1804: loss=2.81587
Epoch 1805: loss=2.82961
Epoch 1806: loss=2.80152
Epoch 1807: loss=2.79324
Epoch 1808: loss=2.79984
Epoch 1809: loss=2.81166
Epoch 1810: loss=2.80141
Epoch 1811: loss=2.80476
Epoch 1812: loss=2.80915
Epoch 1813: loss=2.80140
Epoch 1814: loss=2.79702
Epoch 1815: loss=2.82092
Epoch 1816: loss=2.80482
Epoch 1817: loss=2.80126
Epoch 1818: loss=2.80571
Epoch 1819: loss=2.79977
Epoch 1820: loss=2.79919
Epoch 1821: loss=2.79422
Epoch 1822: loss=2.80808
Epoch 1823: loss=2.80364
Epoch 1824: loss=2.81120
Epoch 1825: loss=2.81195
Epoch 1826: loss=2.80489
Epoch 1827: loss=2.80852
Epoch 1828: loss=2.81412
Epoch 1829: loss=2.80527
Epoch 1830: loss=2.80554
Epoch 1831: loss=2.80166
Epoch 1832: loss=2.80174
Epoch 1833: loss=2.81646
Epoch 1834: loss=2.81315
Epoch 1835: loss=2.80034
Epoch 1836: loss=2.79604
Epoch 1837: loss=2.80713
Epoch 1838: loss=2.79823
Epoch 1839: loss=2.80243
Epoch 1840: loss=2.80730
Epoch 1841: loss=2.80443
Epoch 1842: loss=2.81161
Epoch 1843: loss=2.80156
Epoch 1844: loss=2.80152
Epoch 1845: loss=2.80211
Epoch 1846: loss=2.80003
Epoch 1847: loss=2.81093
Epoch 1848: loss=2.80414
Epoch 1849: loss=2.80166
Epoch 1850: loss=2.80614
Epoch 1851: loss=2.80839
Epoch 1852: loss=2.79927
Epoch 1853: loss=2.80897
Epoch 1854: loss=2.80127
Epoch 1855: loss=2.80385
Epoch 1856: loss=2.80031
Epoch 1857: loss=2.80701
Epoch 1858: loss=2.80755
Epoch 1859: loss=2.80955
Epoch 1860: loss=2.81689
Epoch 1861: loss=2.80147
Epoch 1862: loss=2.80286
Epoch 1863: loss=2.80525
Epoch 1864: loss=2.80116
Epoch 1865: loss=2.80668
Epoch 1866: loss=2.80482
Epoch 1867: loss=2.79540
Epoch 1868: loss=2.80787
Epoch 1869: loss=2.80603
Epoch 1870: loss=2.80591
Epoch 1871: loss=2.80718
Epoch 1872: loss=2.80483
Epoch 1873: loss=2.80261
Epoch 1874: loss=2.80085
Epoch 1875: loss=2.80377
Epoch 1876: loss=2.79719
Epoch 1877: loss=2.79828
Epoch 1878: loss=2.79924
Epoch 1879: loss=2.79742
Epoch 1880: loss=2.80643
Epoch 1881: loss=2.80988
Epoch 1882: loss=2.80685
Epoch 1883: loss=2.80958
Epoch 1884: loss=2.81885
Epoch 1885: loss=2.80247
Epoch 1886: loss=2.80640
Epoch 1887: loss=2.79980
Epoch 1888: loss=2.80586
Epoch 1889: loss=2.80767
Epoch 1890: loss=2.80879
Epoch 1891: loss=2.81421
Epoch 1892: loss=2.81065
Epoch 1893: loss=2.81410
Epoch 1894: loss=2.80311
Epoch 1895: loss=2.80276
Epoch 1896: loss=2.80580
Epoch 1897: loss=2.81274
Epoch 1898: loss=2.80757
Epoch 1899: loss=2.78849
Epoch 1900: loss=2.80600
Epoch 1901: loss=2.80518
Epoch 1902: loss=2.81169
Epoch 1903: loss=2.80771
Epoch 1904: loss=2.79935
Epoch 1905: loss=2.80521
Epoch 1906: loss=2.81323
Epoch 1907: loss=2.80209
Epoch 1908: loss=2.80777
Epoch 1909: loss=2.79904
Epoch 1910: loss=2.79511
Epoch 1911: loss=2.80676
Epoch 1912: loss=2.80387
Epoch 1913: loss=2.81286
Epoch 1914: loss=2.81224
Epoch 1915: loss=2.79914
Epoch 1916: loss=2.81548
Epoch 1917: loss=2.80454
Epoch 1918: loss=2.81541
Epoch 1919: loss=2.80061
Epoch 1920: loss=2.80164
Epoch 1921: loss=2.80008
Epoch 1922: loss=2.80056
Epoch 1923: loss=2.80086
Epoch 1924: loss=2.80267
Epoch 1925: loss=2.80256
Epoch 1926: loss=2.79507
Epoch 1927: loss=2.80053
Epoch 1928: loss=2.81133
Epoch 1929: loss=2.80566
Epoch 1930: loss=2.80474
Epoch 1931: loss=2.79854
Epoch 1932: loss=2.80510
Epoch 1933: loss=2.80852
Epoch 1934: loss=2.80918
Epoch 1935: loss=2.79915
Epoch 1936: loss=2.82076
Epoch 1937: loss=2.81210
Epoch 1938: loss=2.80093
Epoch 1939: loss=2.79819
Epoch 1940: loss=2.81671
Epoch 1941: loss=2.81829
Epoch 1942: loss=2.80406
Epoch 1943: loss=2.81053
Epoch 1944: loss=2.80347
Epoch 1945: loss=2.81354
Epoch 1946: loss=2.81200
Epoch 1947: loss=2.79767
Epoch 1948: loss=2.80801
Epoch 1949: loss=2.80990
Epoch 1950: loss=2.81118
Epoch 1951: loss=2.80887
Epoch 1952: loss=2.80119
Epoch 1953: loss=2.80060
Epoch 1954: loss=2.79861
Epoch 1955: loss=2.79695
Epoch 1956: loss=2.79800
Epoch 1957: loss=2.79905
Epoch 1958: loss=2.79929
Epoch 1959: loss=2.81043
Epoch 1960: loss=2.81676
Epoch 1961: loss=2.79556
Epoch 1962: loss=2.80582
Epoch 1963: loss=2.81769
Epoch 1964: loss=2.81082
Epoch 1965: loss=2.80846
Epoch 1966: loss=2.80995
Epoch 1967: loss=2.80556
Epoch 1968: loss=2.81595
Epoch 1969: loss=2.80724
Epoch 1970: loss=2.79876
Epoch 1971: loss=2.80159
Epoch 1972: loss=2.81777
Epoch 1973: loss=2.79802
Epoch 1974: loss=2.80290
Epoch 1975: loss=2.80453
Epoch 1976: loss=2.79686
Epoch 1977: loss=2.79177
Epoch 1978: loss=2.80076
Epoch 1979: loss=2.81074
Epoch 1980: loss=2.81256
Epoch 1981: loss=2.80954
Epoch 1982: loss=2.80980
Epoch 1983: loss=2.80800
Epoch 1984: loss=2.80687
Epoch 1985: loss=2.80252
Epoch 1986: loss=2.80958
Epoch 1987: loss=2.80301
Epoch 1988: loss=2.81227
Epoch 1989: loss=2.80370
Epoch 1990: loss=2.80455
Epoch 1991: loss=2.80263
Epoch 1992: loss=2.80921
Epoch 1993: loss=2.80278
Epoch 1994: loss=2.80152
Epoch 1995: loss=2.80384
Epoch 1996: loss=2.80946
Epoch 1997: loss=2.81986
Epoch 1998: loss=2.80152
Epoch 1999: loss=2.81059
Epoch 2000: loss=2.81450
Epoch 2001: loss=2.80265
Epoch 2002: loss=2.79640
Epoch 2003: loss=2.79685
Epoch 2004: loss=2.80926
Epoch 2005: loss=2.82088
Epoch 2006: loss=2.79827
Epoch 2007: loss=2.80373
Epoch 2008: loss=2.80147
Epoch 2009: loss=2.79469
Epoch 2010: loss=2.80265
Epoch 2011: loss=2.79978
Epoch 2012: loss=2.79845
Epoch 2013: loss=2.80389
Epoch 2014: loss=2.81396
Epoch 2015: loss=2.80604
Epoch 2016: loss=2.80607
Epoch 2017: loss=2.80423
Epoch 2018: loss=2.80985
Epoch 2019: loss=2.80446
Epoch 2020: loss=2.80325
Epoch 2021: loss=2.80984
Epoch 2022: loss=2.78980
Epoch 2023: loss=2.80403
Epoch 2024: loss=2.80663
Epoch 2025: loss=2.80771
Epoch 2026: loss=2.81874
Epoch 2027: loss=2.80667
Epoch 2028: loss=2.80736
Epoch 2029: loss=2.80318
Epoch 2030: loss=2.80127
Epoch 2031: loss=2.79701
Epoch 2032: loss=2.79664
Epoch 2033: loss=2.80111
Epoch 2034: loss=2.80386
Epoch 2035: loss=2.81262
Epoch 2036: loss=2.79347
Epoch 2037: loss=2.80040
Epoch 2038: loss=2.80334
Epoch 2039: loss=2.79697
Epoch 2040: loss=2.80037
Epoch 2041: loss=2.80029
Epoch 2042: loss=2.80035
Epoch 2043: loss=2.79735
Epoch 2044: loss=2.80141
Epoch 2045: loss=2.79834
Epoch 2046: loss=2.79843
Epoch 2047: loss=2.80972
Epoch 2048: loss=2.80923
Epoch 2049: loss=2.81253
Epoch 2050: loss=2.81213
Epoch 2051: loss=2.81346
Epoch 2052: loss=2.80980
Epoch 2053: loss=2.81335
Epoch 2054: loss=2.81117
Epoch 2055: loss=2.81849
Epoch 2056: loss=2.81003
Epoch 2057: loss=2.80206
Epoch 2058: loss=2.80478
Epoch 2059: loss=2.80613
Epoch 2060: loss=2.81150
Epoch 2061: loss=2.79720
Epoch 2062: loss=2.79792
Epoch 2063: loss=2.80656
Epoch 2064: loss=2.80340
Epoch 2065: loss=2.80436
Epoch 2066: loss=2.80991
Epoch 2067: loss=2.81024
Epoch 2068: loss=2.81075
Epoch 2069: loss=2.81874
Epoch 2070: loss=2.80096
Epoch 2071: loss=2.79660
Epoch 2072: loss=2.79447
Epoch 2073: loss=2.79671
Epoch 2074: loss=2.80530
Epoch 2075: loss=2.78856
Epoch 2076: loss=2.81058
Epoch 2077: loss=2.81708
Epoch 2078: loss=2.80682
Epoch 2079: loss=2.79892
Epoch 2080: loss=2.81000
Epoch 2081: loss=2.80347
Epoch 2082: loss=2.79946
Epoch 2083: loss=2.79317
Epoch 2084: loss=2.81473
Epoch 2085: loss=2.80397
Epoch 2086: loss=2.80098
Epoch 2087: loss=2.79764
Epoch 2088: loss=2.80834
Epoch 2089: loss=2.79941
Epoch 2090: loss=2.80473
Epoch 2091: loss=2.80586
Epoch 2092: loss=2.79806
Epoch 2093: loss=2.81007
Epoch 2094: loss=2.80196
Epoch 2095: loss=2.80933
Epoch 2096: loss=2.80186
Epoch 2097: loss=2.80213
Epoch 2098: loss=2.80557
Epoch 2099: loss=2.80899
Epoch 2100: loss=2.80964
Epoch 2101: loss=2.81066
Epoch 2102: loss=2.80372
Epoch 2103: loss=2.80854
Epoch 2104: loss=2.80011
Epoch 2105: loss=2.80141
Epoch 2106: loss=2.80630
Epoch 2107: loss=2.80564
Epoch 2108: loss=2.81242
Epoch 2109: loss=2.80763
Epoch 2110: loss=2.80664
Epoch 2111: loss=2.80899
Epoch 2112: loss=2.81299
Epoch 2113: loss=2.80846
Epoch 2114: loss=2.81680
Epoch 2115: loss=2.81533
Epoch 2116: loss=2.81105
Epoch 2117: loss=2.80387
Epoch 2118: loss=2.80856
Epoch 2119: loss=2.79772
Epoch 2120: loss=2.79450
Epoch 2121: loss=2.80449
Epoch 2122: loss=2.79795
Epoch 2123: loss=2.79871
Epoch 2124: loss=2.81444
Epoch 2125: loss=2.80484
Epoch 2126: loss=2.81366
Epoch 2127: loss=2.81280
Epoch 2128: loss=2.80753
Epoch 2129: loss=2.80773
Epoch 2130: loss=2.80310
Epoch 2131: loss=2.80919
Epoch 2132: loss=2.80899
Epoch 2133: loss=2.80557
Epoch 2134: loss=2.80016
Epoch 2135: loss=2.81118
Epoch 2136: loss=2.80505
Epoch 2137: loss=2.79562
Epoch 2138: loss=2.80978
Epoch 2139: loss=2.80395
Epoch 2140: loss=2.80453
Epoch 2141: loss=2.80186
Epoch 2142: loss=2.81210
Epoch 2143: loss=2.80544
Epoch 2144: loss=2.80941
Epoch 2145: loss=2.80351
Epoch 2146: loss=2.80130
Epoch 2147: loss=2.81699
Epoch 2148: loss=2.80922
Epoch 2149: loss=2.79529
Epoch 2150: loss=2.79891
Epoch 2151: loss=2.80241
Epoch 2152: loss=2.80097
Epoch 2153: loss=2.80088
Epoch 2154: loss=2.80078
Epoch 2155: loss=2.80808
Epoch 2156: loss=2.80177
Epoch 2157: loss=2.80307
Epoch 2158: loss=2.81866
Epoch 2159: loss=2.80464
Epoch 2160: loss=2.80523
Epoch 2161: loss=2.80874
Epoch 2162: loss=2.79201
Epoch 2163: loss=2.81129
Epoch 2164: loss=2.81041
Epoch 2165: loss=2.81485
Epoch 2166: loss=2.80183
Epoch 2167: loss=2.80944
Epoch 2168: loss=2.81207
Epoch 2169: loss=2.79846
Epoch 2170: loss=2.79880
Epoch 2171: loss=2.80570
Epoch 2172: loss=2.81170
Epoch 2173: loss=2.81955
Epoch 2174: loss=2.80466
Epoch 2175: loss=2.79704
Epoch 2176: loss=2.80097
Epoch 2177: loss=2.80133
Epoch 2178: loss=2.81283
Epoch 2179: loss=2.80699
Epoch 2180: loss=2.80916
Epoch 2181: loss=2.80490
Epoch 2182: loss=2.80494
Epoch 2183: loss=2.81517
Epoch 2184: loss=2.79983
Epoch 2185: loss=2.80228
Epoch 2186: loss=2.80017
Epoch 2187: loss=2.79800
Epoch 2188: loss=2.81041
Epoch 2189: loss=2.80345
Epoch 2190: loss=2.80852
Epoch 2191: loss=2.79598
Epoch 2192: loss=2.80495
Epoch 2193: loss=2.81572
Epoch 2194: loss=2.80454
Epoch 2195: loss=2.80972
Epoch 2196: loss=2.81019
Epoch 2197: loss=2.80654
Epoch 2198: loss=2.80860
Epoch 2199: loss=2.80050
Epoch 2200: loss=2.81819
Epoch 2201: loss=2.79757
Epoch 2202: loss=2.81040
Epoch 2203: loss=2.79680
Epoch 2204: loss=2.80805
Epoch 2205: loss=2.80592
Epoch 2206: loss=2.81810
Epoch 2207: loss=2.80270
Epoch 2208: loss=2.79158
Epoch 2209: loss=2.80175
Epoch 2210: loss=2.81458
Epoch 2211: loss=2.80793
Epoch 2212: loss=2.80714
Epoch 2213: loss=2.80103
Epoch 2214: loss=2.80532
Epoch 2215: loss=2.81934
Epoch 2216: loss=2.80819
Epoch 2217: loss=2.79268
Epoch 2218: loss=2.80464
Epoch 2219: loss=2.80696
Epoch 2220: loss=2.81266
Epoch 2221: loss=2.80431
Epoch 2222: loss=2.79321
Epoch 2223: loss=2.81246
Epoch 2224: loss=2.80670
Epoch 2225: loss=2.80891
Epoch 2226: loss=2.80869
Epoch 2227: loss=2.80160
Epoch 2228: loss=2.79368
Epoch 2229: loss=2.80407
Epoch 2230: loss=2.80593
Epoch 2231: loss=2.79882
Epoch 2232: loss=2.81447
Epoch 2233: loss=2.80260
Epoch 2234: loss=2.81440
Epoch 2235: loss=2.80093
Epoch 2236: loss=2.80825
Epoch 2237: loss=2.80599
Epoch 2238: loss=2.80575
Epoch 2239: loss=2.79558
Epoch 2240: loss=2.81335
Epoch 2241: loss=2.80783
Epoch 2242: loss=2.79915
Epoch 2243: loss=2.80001
Epoch 2244: loss=2.80103
Epoch 2245: loss=2.80591
Epoch 2246: loss=2.82027
Epoch 2247: loss=2.80815
Epoch 2248: loss=2.80971
Epoch 2249: loss=2.79893
Epoch 2250: loss=2.80482
Epoch 2251: loss=2.80263
Epoch 2252: loss=2.80641
Epoch 2253: loss=2.79539
Epoch 2254: loss=2.80519
Epoch 2255: loss=2.79654
Epoch 2256: loss=2.80242
Epoch 2257: loss=2.80960
Epoch 2258: loss=2.80730
Epoch 2259: loss=2.80424
Epoch 2260: loss=2.81710
Epoch 2261: loss=2.79796
Epoch 2262: loss=2.80575
Epoch 2263: loss=2.81519
Epoch 2264: loss=2.80684
Epoch 2265: loss=2.79831
Epoch 2266: loss=2.79998
Epoch 2267: loss=2.79869
Epoch 2268: loss=2.80255
Epoch 2269: loss=2.81443
Epoch 2270: loss=2.79191
Epoch 2271: loss=2.81057
Epoch 2272: loss=2.81242
Epoch 2273: loss=2.79583
Epoch 2274: loss=2.80270
Epoch 2275: loss=2.80607
Epoch 2276: loss=2.79753
Epoch 2277: loss=2.80160
Epoch 2278: loss=2.80919
Epoch 2279: loss=2.81302
Epoch 2280: loss=2.80543
Epoch 2281: loss=2.80816
Epoch 2282: loss=2.82019
Epoch 2283: loss=2.81443
Epoch 2284: loss=2.79804
Epoch 2285: loss=2.80934
Epoch 2286: loss=2.80193
Epoch 2287: loss=2.81131
Epoch 2288: loss=2.80053
Epoch 2289: loss=2.80286
Epoch 2290: loss=2.80464
Epoch 2291: loss=2.81262
Epoch 2292: loss=2.79816
Epoch 2293: loss=2.80694
Epoch 2294: loss=2.79582
Epoch 2295: loss=2.80294
Epoch 2296: loss=2.81123
Epoch 2297: loss=2.81569
Epoch 2298: loss=2.80743
Epoch 2299: loss=2.81012
Epoch 2300: loss=2.81388
Epoch 2301: loss=2.80266
Epoch 2302: loss=2.80974
Epoch 2303: loss=2.81347
Epoch 2304: loss=2.81685
Epoch 2305: loss=2.81437
Epoch 2306: loss=2.80040
Epoch 2307: loss=2.80217
Epoch 2308: loss=2.80391
Epoch 2309: loss=2.79834
Epoch 2310: loss=2.79915
Epoch 2311: loss=2.79899
Epoch 2312: loss=2.80916
Epoch 2313: loss=2.80816
Epoch 2314: loss=2.79526
Epoch 2315: loss=2.79834
Epoch 2316: loss=2.81573
Epoch 2317: loss=2.82736
Epoch 2318: loss=2.80500
Epoch 2319: loss=2.81869
Epoch 2320: loss=2.80587
Epoch 2321: loss=2.80177
Epoch 2322: loss=2.81250
Epoch 2323: loss=2.80969
Epoch 2324: loss=2.80749
Epoch 2325: loss=2.80090
Epoch 2326: loss=2.79293
Epoch 2327: loss=2.80225
Epoch 2328: loss=2.81749
Epoch 2329: loss=2.80481
Epoch 2330: loss=2.81869
Epoch 2331: loss=2.80022
Epoch 2332: loss=2.81071
Epoch 2333: loss=2.80432
Epoch 2334: loss=2.80265
Epoch 2335: loss=2.80544
Epoch 2336: loss=2.79677
Epoch 2337: loss=2.81134
Epoch 2338: loss=2.80239
Epoch 2339: loss=2.80548
Epoch 2340: loss=2.80352
Epoch 2341: loss=2.80438
Epoch 2342: loss=2.80544
Epoch 2343: loss=2.79636
Epoch 2344: loss=2.79212
Epoch 2345: loss=2.81180
Epoch 2346: loss=2.80127
Epoch 2347: loss=2.79995
Epoch 2348: loss=2.80064
Epoch 2349: loss=2.80395
Epoch 2350: loss=2.81756
Epoch 2351: loss=2.80052
Epoch 2352: loss=2.80767
Epoch 2353: loss=2.80399
Epoch 2354: loss=2.81173
Epoch 2355: loss=2.80570
Epoch 2356: loss=2.80781
Epoch 2357: loss=2.80892
Epoch 2358: loss=2.80034
Epoch 2359: loss=2.80108
Epoch 2360: loss=2.80033
Epoch 2361: loss=2.79825
Epoch 2362: loss=2.81748
Epoch 2363: loss=2.79710
Epoch 2364: loss=2.80221
Epoch 2365: loss=2.82309
Epoch 2366: loss=2.80786
Epoch 2367: loss=2.78702
Epoch 2368: loss=2.79884
Epoch 2369: loss=2.79760
Epoch 2370: loss=2.81082
Epoch 2371: loss=2.80678
Epoch 2372: loss=2.80725
Epoch 2373: loss=2.79317
Epoch 2374: loss=2.80590
Epoch 2375: loss=2.80652
Epoch 2376: loss=2.81205
Epoch 2377: loss=2.81035
Epoch 2378: loss=2.79491
Epoch 2379: loss=2.80076
Epoch 2380: loss=2.80282
Epoch 2381: loss=2.80723
Epoch 2382: loss=2.81144
Epoch 2383: loss=2.80048
Epoch 2384: loss=2.81630
Epoch 2385: loss=2.80497
Epoch 2386: loss=2.80453
Epoch 2387: loss=2.80714
Epoch 2388: loss=2.80796
Epoch 2389: loss=2.80507
Epoch 2390: loss=2.80919
Epoch 2391: loss=2.80565
Epoch 2392: loss=2.79960
Epoch 2393: loss=2.81463
Epoch 2394: loss=2.80305
Epoch 2395: loss=2.80363
Epoch 2396: loss=2.80797
Epoch 2397: loss=2.80658
Epoch 2398: loss=2.80466
Epoch 2399: loss=2.81788
Epoch 2400: loss=2.80060
Epoch 2401: loss=2.80650
Epoch 2402: loss=2.80512
Epoch 2403: loss=2.80447
Epoch 2404: loss=2.80634
Epoch 2405: loss=2.80938
Epoch 2406: loss=2.80817
Epoch 2407: loss=2.80112
Epoch 2408: loss=2.81063
Epoch 2409: loss=2.81383
Epoch 2410: loss=2.80669
Epoch 2411: loss=2.80152
Epoch 2412: loss=2.80833
Epoch 2413: loss=2.80095
Epoch 2414: loss=2.80110
Epoch 2415: loss=2.81004
Epoch 2416: loss=2.81035
Epoch 2417: loss=2.81466
Epoch 2418: loss=2.80544
Epoch 2419: loss=2.82216
Epoch 2420: loss=2.79849
Epoch 2421: loss=2.79855
Epoch 2422: loss=2.80495
Epoch 2423: loss=2.79670
Epoch 2424: loss=2.80528
Epoch 2425: loss=2.80489
Epoch 2426: loss=2.81304
Epoch 2427: loss=2.80852
Epoch 2428: loss=2.79668
Epoch 2429: loss=2.80371
Epoch 2430: loss=2.80459
Epoch 2431: loss=2.80137
Epoch 2432: loss=2.81624
Epoch 2433: loss=2.81346
Epoch 2434: loss=2.79507
Epoch 2435: loss=2.82009
Epoch 2436: loss=2.79401
Epoch 2437: loss=2.80410
Epoch 2438: loss=2.80721
Epoch 2439: loss=2.81672
Epoch 2440: loss=2.80043
Epoch 2441: loss=2.80031
Epoch 2442: loss=2.79539
Epoch 2443: loss=2.80421
Epoch 2444: loss=2.80915
Epoch 2445: loss=2.80517
Epoch 2446: loss=2.80749
Epoch 2447: loss=2.80638
Epoch 2448: loss=2.80263
Epoch 2449: loss=2.80552
Epoch 2450: loss=2.80924
Epoch 2451: loss=2.80315
Epoch 2452: loss=2.81537
Epoch 2453: loss=2.80051
Epoch 2454: loss=2.79580
Epoch 2455: loss=2.80245
Epoch 2456: loss=2.80507
Epoch 2457: loss=2.81522
Epoch 2458: loss=2.79294
Epoch 2459: loss=2.81584
Epoch 2460: loss=2.80803
Epoch 2461: loss=2.81438
Epoch 2462: loss=2.80784
Epoch 2463: loss=2.80746
Epoch 2464: loss=2.80689
Epoch 2465: loss=2.80267
Epoch 2466: loss=2.80226
Epoch 2467: loss=2.79805
Epoch 2468: loss=2.80589
Epoch 2469: loss=2.80151
Epoch 2470: loss=2.80206
Epoch 2471: loss=2.82011
Epoch 2472: loss=2.80559
Epoch 2473: loss=2.80177
Epoch 2474: loss=2.80512
Epoch 2475: loss=2.80936
Epoch 2476: loss=2.80993
Epoch 2477: loss=2.80679
Epoch 2478: loss=2.79428
Epoch 2479: loss=2.79977
Epoch 2480: loss=2.79335
Epoch 2481: loss=2.79835
Epoch 2482: loss=2.80248
Epoch 2483: loss=2.81708
Epoch 2484: loss=2.80850
Epoch 2485: loss=2.80716
Epoch 2486: loss=2.80187
Epoch 2487: loss=2.80581
Epoch 2488: loss=2.81021
Epoch 2489: loss=2.80427
Epoch 2490: loss=2.80177
Epoch 2491: loss=2.79106
Epoch 2492: loss=2.80815
Epoch 2493: loss=2.81506
Epoch 2494: loss=2.81091
Epoch 2495: loss=2.80377
Epoch 2496: loss=2.80042
Epoch 2497: loss=2.80192
Epoch 2498: loss=2.81066
Epoch 2499: loss=2.79803
Epoch 2500: loss=2.81505
Epoch 2501: loss=2.80398
Epoch 2502: loss=2.81083
Epoch 2503: loss=2.80210
Epoch 2504: loss=2.80756
Epoch 2505: loss=2.80364
Epoch 2506: loss=2.79939
Epoch 2507: loss=2.79578
Epoch 2508: loss=2.81027
Epoch 2509: loss=2.80729
Epoch 2510: loss=2.80835
Epoch 2511: loss=2.80007
Epoch 2512: loss=2.79507
Epoch 2513: loss=2.80640
Epoch 2514: loss=2.80928
Epoch 2515: loss=2.80421
Epoch 2516: loss=2.80672
Epoch 2517: loss=2.80860
Epoch 2518: loss=2.81623
Epoch 2519: loss=2.81851
Epoch 2520: loss=2.79465
Epoch 2521: loss=2.79826
Epoch 2522: loss=2.81118
Epoch 2523: loss=2.79597
Epoch 2524: loss=2.81304
Epoch 2525: loss=2.79948
Epoch 2526: loss=2.80978
Epoch 2527: loss=2.81310
Epoch 2528: loss=2.80373
Epoch 2529: loss=2.80387
Epoch 2530: loss=2.81284
Epoch 2531: loss=2.80307
Epoch 2532: loss=2.80237
Epoch 2533: loss=2.81381
Epoch 2534: loss=2.81373
Epoch 2535: loss=2.80155
Epoch 2536: loss=2.80810
Epoch 2537: loss=2.80687
Epoch 2538: loss=2.80038
Epoch 2539: loss=2.80752
Epoch 2540: loss=2.80521
Epoch 2541: loss=2.81081
Epoch 2542: loss=2.81046
Epoch 2543: loss=2.80537
Epoch 2544: loss=2.81046
Epoch 2545: loss=2.80996
Epoch 2546: loss=2.80142
Epoch 2547: loss=2.80289
Epoch 2548: loss=2.82052
Epoch 2549: loss=2.79737
Epoch 2550: loss=2.80711
Epoch 2551: loss=2.80118
Epoch 2552: loss=2.81663
Epoch 2553: loss=2.81016
Epoch 2554: loss=2.80551
Epoch 2555: loss=2.80009
Epoch 2556: loss=2.80014
Epoch 2557: loss=2.81269
Epoch 2558: loss=2.81788
Epoch 2559: loss=2.80280
Epoch 2560: loss=2.80793
Epoch 2561: loss=2.80890
Epoch 2562: loss=2.80883
Epoch 2563: loss=2.80283
Epoch 2564: loss=2.81119
Epoch 2565: loss=2.80233
Epoch 2566: loss=2.80899
Epoch 2567: loss=2.79570
Epoch 2568: loss=2.80884
Epoch 2569: loss=2.80652
Epoch 2570: loss=2.80270
Epoch 2571: loss=2.80758
Epoch 2572: loss=2.80514
Epoch 2573: loss=2.80651
Epoch 2574: loss=2.81505
Epoch 2575: loss=2.80836
Epoch 2576: loss=2.80463
Epoch 2577: loss=2.81323
Epoch 2578: loss=2.80541
Epoch 2579: loss=2.82302
Epoch 2580: loss=2.80784
Epoch 2581: loss=2.81177
Epoch 2582: loss=2.81470
Epoch 2583: loss=2.80413
Epoch 2584: loss=2.80093
Epoch 2585: loss=2.79637
Epoch 2586: loss=2.80787
Epoch 2587: loss=2.81520
Epoch 2588: loss=2.80156
Epoch 2589: loss=2.82345
Epoch 2590: loss=2.80531
Epoch 2591: loss=2.80857
Epoch 2592: loss=2.80898
Epoch 2593: loss=2.80525
Epoch 2594: loss=2.81282
Epoch 2595: loss=2.80478
Epoch 2596: loss=2.80499
Epoch 2597: loss=2.80591
Epoch 2598: loss=2.80078
Epoch 2599: loss=2.80663
Epoch 2600: loss=2.81544
Epoch 2601: loss=2.81515
Epoch 2602: loss=2.80188
Epoch 2603: loss=2.80409
Epoch 2604: loss=2.80906
Epoch 2605: loss=2.80203
Epoch 2606: loss=2.81508
Epoch 2607: loss=2.79883
Epoch 2608: loss=2.80704
Epoch 2609: loss=2.80917
Epoch 2610: loss=2.79234
Epoch 2611: loss=2.80600
Epoch 2612: loss=2.80445
Epoch 2613: loss=2.80966
Epoch 2614: loss=2.80379
Epoch 2615: loss=2.79888
Epoch 2616: loss=2.79989
Epoch 2617: loss=2.80624
Epoch 2618: loss=2.79575
Epoch 2619: loss=2.80633
Epoch 2620: loss=2.81398
Epoch 2621: loss=2.81312
Epoch 2622: loss=2.79843
Epoch 2623: loss=2.80044
Epoch 2624: loss=2.81190
Epoch 2625: loss=2.81194
Epoch 2626: loss=2.80842
Epoch 2627: loss=2.80997
Epoch 2628: loss=2.80697
Epoch 2629: loss=2.79807
Epoch 2630: loss=2.81041
Epoch 2631: loss=2.82028
Epoch 2632: loss=2.80890
Epoch 2633: loss=2.80380
Epoch 2634: loss=2.79645
Epoch 2635: loss=2.80363
Epoch 2636: loss=2.80407
Epoch 2637: loss=2.80785
Epoch 2638: loss=2.79995
Epoch 2639: loss=2.80359
Epoch 2640: loss=2.80906
Epoch 2641: loss=2.80564
Epoch 2642: loss=2.79984
Epoch 2643: loss=2.81246
Epoch 2644: loss=2.80431
Epoch 2645: loss=2.81072
Epoch 2646: loss=2.81496
Epoch 2647: loss=2.80276
Epoch 2648: loss=2.81036
Epoch 2649: loss=2.81030
Epoch 2650: loss=2.81493
Epoch 2651: loss=2.80847
Epoch 2652: loss=2.80733
Epoch 2653: loss=2.81262
Epoch 2654: loss=2.79708
Epoch 2655: loss=2.80204
Epoch 2656: loss=2.80688
Epoch 2657: loss=2.81999
Epoch 2658: loss=2.80316
Epoch 2659: loss=2.80814
Epoch 2660: loss=2.80882
Epoch 2661: loss=2.81458
Epoch 2662: loss=2.79704
Epoch 2663: loss=2.79900
Epoch 2664: loss=2.81654
Epoch 2665: loss=2.80295
Epoch 2666: loss=2.80143
Epoch 2667: loss=2.79684
Epoch 2668: loss=2.81008
Epoch 2669: loss=2.80477
Epoch 2670: loss=2.80653
Epoch 2671: loss=2.79504
Epoch 2672: loss=2.79884
Epoch 2673: loss=2.80337
Epoch 2674: loss=2.79957
Epoch 2675: loss=2.80493
Epoch 2676: loss=2.81494
Epoch 2677: loss=2.79881
Epoch 2678: loss=2.81411
Epoch 2679: loss=2.80080
Epoch 2680: loss=2.80161
Epoch 2681: loss=2.81284
Epoch 2682: loss=2.80249
Epoch 2683: loss=2.80307
Epoch 2684: loss=2.80827
Epoch 2685: loss=2.81538
Epoch 2686: loss=2.82384
Epoch 2687: loss=2.79219
Epoch 2688: loss=2.80544
Epoch 2689: loss=2.81432
Epoch 2690: loss=2.80687
Epoch 2691: loss=2.80014
Epoch 2692: loss=2.80331
Epoch 2693: loss=2.81360
Epoch 2694: loss=2.80280
Epoch 2695: loss=2.80212
Epoch 2696: loss=2.80437
Epoch 2697: loss=2.81362
Epoch 2698: loss=2.81109
Epoch 2699: loss=2.81774
Epoch 2700: loss=2.80636
Epoch 2701: loss=2.79956
Epoch 2702: loss=2.80818
Epoch 2703: loss=2.80655
Epoch 2704: loss=2.81841
Epoch 2705: loss=2.80387
Epoch 2706: loss=2.81785
Epoch 2707: loss=2.80153
Epoch 2708: loss=2.81625
Epoch 2709: loss=2.81135
Epoch 2710: loss=2.81094
Epoch 2711: loss=2.79667
Epoch 2712: loss=2.81708
Epoch 2713: loss=2.81396
Epoch 2714: loss=2.79049
Epoch 2715: loss=2.80979
Epoch 2716: loss=2.80664
Epoch 2717: loss=2.81265
Epoch 2718: loss=2.80540
Epoch 2719: loss=2.81188
Epoch 2720: loss=2.80432
Epoch 2721: loss=2.80250
Epoch 2722: loss=2.80618
Epoch 2723: loss=2.80461
Epoch 2724: loss=2.79144
Epoch 2725: loss=2.80854
Epoch 2726: loss=2.81719
Epoch 2727: loss=2.80194
Epoch 2728: loss=2.80507
Epoch 2729: loss=2.80549
Epoch 2730: loss=2.80176
Epoch 2731: loss=2.80300
Epoch 2732: loss=2.81204
Epoch 2733: loss=2.80281
Epoch 2734: loss=2.80565
Epoch 2735: loss=2.81815
Epoch 2736: loss=2.79885
Epoch 2737: loss=2.80935
Epoch 2738: loss=2.80988
Epoch 2739: loss=2.79781
Epoch 2740: loss=2.79959
Epoch 2741: loss=2.80449
Epoch 2742: loss=2.80271
Epoch 2743: loss=2.80704
Epoch 2744: loss=2.80369
Epoch 2745: loss=2.80165
Epoch 2746: loss=2.81498
Epoch 2747: loss=2.81026
Epoch 2748: loss=2.81440
Epoch 2749: loss=2.80296
Epoch 2750: loss=2.80099
Epoch 2751: loss=2.81272
Epoch 2752: loss=2.81536
Epoch 2753: loss=2.80764
Epoch 2754: loss=2.80782
Epoch 2755: loss=2.80461
Epoch 2756: loss=2.81458
Epoch 2757: loss=2.80789
Epoch 2758: loss=2.80600
Epoch 2759: loss=2.81347
Epoch 2760: loss=2.80782
Epoch 2761: loss=2.81139
Epoch 2762: loss=2.79991
Epoch 2763: loss=2.81643
Epoch 2764: loss=2.81430
Epoch 2765: loss=2.79583
Epoch 2766: loss=2.80500
Epoch 2767: loss=2.81130
Epoch 2768: loss=2.81340
Epoch 2769: loss=2.80273
Epoch 2770: loss=2.81948
Epoch 2771: loss=2.80946
Epoch 2772: loss=2.80632
Epoch 2773: loss=2.80457
Epoch 2774: loss=2.80695
Epoch 2775: loss=2.80559
Epoch 2776: loss=2.79946
Epoch 2777: loss=2.80358
Epoch 2778: loss=2.80334
Epoch 2779: loss=2.80560
Epoch 2780: loss=2.79543
Epoch 2781: loss=2.80454
Epoch 2782: loss=2.81808
Epoch 2783: loss=2.80295
Epoch 2784: loss=2.81241
Epoch 2785: loss=2.80261
Epoch 2786: loss=2.80726
Epoch 2787: loss=2.80694
Epoch 2788: loss=2.81124
Epoch 2789: loss=2.81926
Epoch 2790: loss=2.80444
Epoch 2791: loss=2.81570
Epoch 2792: loss=2.80464
Epoch 2793: loss=2.81648
Epoch 2794: loss=2.81203
Epoch 2795: loss=2.80415
Epoch 2796: loss=2.80107
Epoch 2797: loss=2.79246
Epoch 2798: loss=2.81728
Epoch 2799: loss=2.80129
Epoch 2800: loss=2.80527
Epoch 2801: loss=2.80244
Epoch 2802: loss=2.81561
Epoch 2803: loss=2.81375
Epoch 2804: loss=2.81556
Epoch 2805: loss=2.81553
Epoch 2806: loss=2.81359
Epoch 2807: loss=2.80239
Epoch 2808: loss=2.79613
Epoch 2809: loss=2.81143
Epoch 2810: loss=2.81674
Epoch 2811: loss=2.81163
Epoch 2812: loss=2.81807
Epoch 2813: loss=2.81720
Epoch 2814: loss=2.81215
Epoch 2815: loss=2.80899
Epoch 2816: loss=2.81154
Epoch 2817: loss=2.80605
Epoch 2818: loss=2.80980
Epoch 2819: loss=2.80823
Epoch 2820: loss=2.80290
Epoch 2821: loss=2.81038
Epoch 2822: loss=2.79713
Epoch 2823: loss=2.80570
Epoch 2824: loss=2.80667
Epoch 2825: loss=2.80617
Epoch 2826: loss=2.80342
Epoch 2827: loss=2.80902
Epoch 2828: loss=2.82019
Epoch 2829: loss=2.81425
Epoch 2830: loss=2.79912
Epoch 2831: loss=2.80024
Epoch 2832: loss=2.80686
Epoch 2833: loss=2.81592
Epoch 2834: loss=2.81375
Epoch 2835: loss=2.78987
Epoch 2836: loss=2.79853
Epoch 2837: loss=2.80774
Epoch 2838: loss=2.80227
Epoch 2839: loss=2.80600
Epoch 2840: loss=2.80567
Epoch 2841: loss=2.80204
Epoch 2842: loss=2.80203
Epoch 2843: loss=2.82003
Epoch 2844: loss=2.79488
Epoch 2845: loss=2.81224
Epoch 2846: loss=2.81006
Epoch 2847: loss=2.81334
Epoch 2848: loss=2.80337
Epoch 2849: loss=2.81688
Epoch 2850: loss=2.79745
Epoch 2851: loss=2.79891
Epoch 2852: loss=2.80392
Epoch 2853: loss=2.79331
Epoch 2854: loss=2.79794
Epoch 2855: loss=2.80689
Epoch 2856: loss=2.81417
Epoch 2857: loss=2.81649
Epoch 2858: loss=2.81098
Epoch 2859: loss=2.80885
Epoch 2860: loss=2.79884
Epoch 2861: loss=2.80004
Epoch 2862: loss=2.81237
Epoch 2863: loss=2.79555
Epoch 2864: loss=2.80604
Epoch 2865: loss=2.80435
Epoch 2866: loss=2.80601
Epoch 2867: loss=2.78825
Epoch 2868: loss=2.80130
Epoch 2869: loss=2.80165
Epoch 2870: loss=2.80558
Epoch 2871: loss=2.80114
Epoch 2872: loss=2.81143
Epoch 2873: loss=2.80950
Epoch 2874: loss=2.80975
Epoch 2875: loss=2.80963
Epoch 2876: loss=2.81435
Epoch 2877: loss=2.80858
Epoch 2878: loss=2.81622
Epoch 2879: loss=2.80135
Epoch 2880: loss=2.79166
Epoch 2881: loss=2.80630
Epoch 2882: loss=2.80790
Epoch 2883: loss=2.80642
Epoch 2884: loss=2.81056
Epoch 2885: loss=2.79467
Epoch 2886: loss=2.80750
Epoch 2887: loss=2.80060
Epoch 2888: loss=2.80963
Epoch 2889: loss=2.80678
Epoch 2890: loss=2.80852
Epoch 2891: loss=2.80352
Epoch 2892: loss=2.80445
Epoch 2893: loss=2.80922
Epoch 2894: loss=2.81554
Epoch 2895: loss=2.79549
Epoch 2896: loss=2.81145
Epoch 2897: loss=2.79973
Epoch 2898: loss=2.80607
Epoch 2899: loss=2.79423
Epoch 2900: loss=2.79602
Epoch 2901: loss=2.79981
Epoch 2902: loss=2.79566
Epoch 2903: loss=2.80795
Epoch 2904: loss=2.80932
Epoch 2905: loss=2.80961
Epoch 2906: loss=2.81932
Epoch 2907: loss=2.81410
Epoch 2908: loss=2.79622
Epoch 2909: loss=2.80604
Epoch 2910: loss=2.81397
Epoch 2911: loss=2.80298
Epoch 2912: loss=2.80474
Epoch 2913: loss=2.79869
Epoch 2914: loss=2.80111
Epoch 2915: loss=2.80768
Epoch 2916: loss=2.80807
Epoch 2917: loss=2.81252
Epoch 2918: loss=2.80434
Epoch 2919: loss=2.80941
Epoch 2920: loss=2.80128
Epoch 2921: loss=2.81606
Epoch 2922: loss=2.80809
Epoch 2923: loss=2.79972
Epoch 2924: loss=2.80189
Epoch 2925: loss=2.80442
Epoch 2926: loss=2.80487
Epoch 2927: loss=2.79569
Epoch 2928: loss=2.80194
Epoch 2929: loss=2.80784
Epoch 2930: loss=2.79619
Epoch 2931: loss=2.81725
Epoch 2932: loss=2.81578
Epoch 2933: loss=2.80255
Epoch 2934: loss=2.78971
Epoch 2935: loss=2.80739
Epoch 2936: loss=2.80585
Epoch 2937: loss=2.80152
Epoch 2938: loss=2.80272
Epoch 2939: loss=2.81761
Epoch 2940: loss=2.80409
Epoch 2941: loss=2.80342
Epoch 2942: loss=2.81114
Epoch 2943: loss=2.80046
Epoch 2944: loss=2.79747
Epoch 2945: loss=2.79577
Epoch 2946: loss=2.80061
Epoch 2947: loss=2.79761
Epoch 2948: loss=2.80958
Epoch 2949: loss=2.81525
Epoch 2950: loss=2.82145
Epoch 2951: loss=2.79025
Epoch 2952: loss=2.80565
Epoch 2953: loss=2.80384
Epoch 2954: loss=2.81816
Epoch 2955: loss=2.80705
Epoch 2956: loss=2.80780
Epoch 2957: loss=2.80481
Epoch 2958: loss=2.80073
Epoch 2959: loss=2.80889
Epoch 2960: loss=2.80508
Epoch 2961: loss=2.80761
Epoch 2962: loss=2.79666
Epoch 2963: loss=2.80559
Epoch 2964: loss=2.80359
Epoch 2965: loss=2.81067
Epoch 2966: loss=2.80815
Epoch 2967: loss=2.81519
Epoch 2968: loss=2.81140
Epoch 2969: loss=2.79836
Epoch 2970: loss=2.79884
Epoch 2971: loss=2.80420
Epoch 2972: loss=2.79786
Epoch 2973: loss=2.80606
Epoch 2974: loss=2.80091
Epoch 2975: loss=2.81103
Epoch 2976: loss=2.80405
Epoch 2977: loss=2.80359
Epoch 2978: loss=2.80949
Epoch 2979: loss=2.81246
Epoch 2980: loss=2.81536
Epoch 2981: loss=2.81524
Epoch 2982: loss=2.80577
Epoch 2983: loss=2.80870
Epoch 2984: loss=2.80719
Epoch 2985: loss=2.81361
Epoch 2986: loss=2.80795
Epoch 2987: loss=2.80476
Epoch 2988: loss=2.80440
Epoch 2989: loss=2.80882
Epoch 2990: loss=2.80510
Epoch 2991: loss=2.80727
Epoch 2992: loss=2.81014
Epoch 2993: loss=2.81446
Epoch 2994: loss=2.80087
Epoch 2995: loss=2.80563
Epoch 2996: loss=2.80942
Epoch 2997: loss=2.81399
Epoch 2998: loss=2.81832
Epoch 2999: loss=2.79726
Epoch 3000: loss=2.80224
Training accuracy: 0.138
Test accuracy: 0.065

File list dumped

Saved in file
