/home/venkat/Unreliable_Synaptic_Transmission/Deepti/DOPcodes/SHD_dropout/dataset/shddataset/
made weight variables and loss histogram
Initialised
Epoch 1: loss=9.84229
Epoch 2: loss=4.01796
Epoch 3: loss=3.51353
Epoch 4: loss=3.26693
Epoch 5: loss=3.09179
Epoch 6: loss=2.98098
Epoch 7: loss=2.96762
Epoch 8: loss=2.96460
Epoch 9: loss=2.97381
Epoch 10: loss=2.97910
Trained for 10 epochs
Training accuracy: 0.060
Epoch 1: loss=2.97984
Epoch 2: loss=2.98203
Epoch 3: loss=2.98255
Epoch 4: loss=2.98036
Epoch 5: loss=2.98141
Epoch 6: loss=2.98249
Epoch 7: loss=2.98388
Epoch 8: loss=2.98319
Epoch 9: loss=2.98118
Epoch 10: loss=2.98100
Epoch 11: loss=2.98076
Epoch 12: loss=2.97996
Epoch 13: loss=2.98122
Epoch 14: loss=2.98025
Epoch 15: loss=2.97763
Epoch 16: loss=2.97683
Epoch 17: loss=2.97701
Epoch 18: loss=2.97739
Epoch 19: loss=2.97569
Epoch 20: loss=2.97510
Epoch 21: loss=2.97449
Epoch 22: loss=2.97412
Epoch 23: loss=2.97575
Epoch 24: loss=2.97525
Epoch 25: loss=2.97431
Epoch 26: loss=2.97523
Epoch 27: loss=2.97264
Epoch 28: loss=2.97343
Epoch 29: loss=2.97353
Epoch 30: loss=2.97290
Epoch 31: loss=2.97319
Epoch 32: loss=2.97302
Epoch 33: loss=2.97363
Epoch 34: loss=2.97332
Epoch 35: loss=2.97133
Epoch 36: loss=2.97014
Epoch 37: loss=2.97148
Epoch 38: loss=2.97285
Epoch 39: loss=2.97184
Epoch 40: loss=2.97046
Epoch 41: loss=2.97050
Epoch 42: loss=2.96978
Epoch 43: loss=2.96838
Epoch 44: loss=2.96997
Epoch 45: loss=2.97260
Epoch 46: loss=2.96944
Epoch 47: loss=2.97254
Epoch 48: loss=2.96988
Epoch 49: loss=2.96906
Epoch 50: loss=2.97051
Epoch 51: loss=2.97124
Epoch 52: loss=2.96819
Epoch 53: loss=2.96887
Epoch 54: loss=2.97104
Epoch 55: loss=2.96896
Epoch 56: loss=2.97018
Epoch 57: loss=2.97115
Epoch 58: loss=2.96766
Epoch 59: loss=2.97228
Epoch 60: loss=2.97068
Epoch 61: loss=2.97050
Epoch 62: loss=2.96901
Epoch 63: loss=2.97016
Epoch 64: loss=2.96787
Epoch 65: loss=2.97083
Epoch 66: loss=2.96890
Epoch 67: loss=2.96974
Epoch 68: loss=2.97364
Epoch 69: loss=2.96816
Epoch 70: loss=2.96862
Epoch 71: loss=2.96979
Epoch 72: loss=2.96796
Epoch 73: loss=2.96938
Epoch 74: loss=2.97155
Epoch 75: loss=2.97063
Epoch 76: loss=2.96977
Epoch 77: loss=2.96734
Epoch 78: loss=2.96909
Epoch 79: loss=2.96941
Epoch 80: loss=2.96828
Epoch 81: loss=2.97137
Epoch 82: loss=2.96895
Epoch 83: loss=2.96698
Epoch 84: loss=2.97059
Epoch 85: loss=2.96897
Epoch 86: loss=2.96878
Epoch 87: loss=2.97063
Epoch 88: loss=2.97086
Epoch 89: loss=2.97042
Epoch 90: loss=2.96559
Epoch 91: loss=2.96851
Epoch 92: loss=2.96664
Epoch 93: loss=2.96865
Epoch 94: loss=2.96911
Epoch 95: loss=2.96584
Epoch 96: loss=2.96803
Epoch 97: loss=2.96818
Epoch 98: loss=2.96658
Epoch 99: loss=2.96800
Epoch 100: loss=2.96872
Training accuracy: 0.062
Test accuracy: 0.069

File list dumped

Saved in file
