Lmod has detected the following error: The following module(s) are unknown:
"cuda-11.0.2-gcc-10.2.0-3wlbq6u"

Please check the spelling or version number. Also try "module spider ..."
It is also possible your cache file is out-of-date; it may help to try:
  $ module --ignore-cache load "cuda-11.0.2-gcc-10.2.0-3wlbq6u"

Also make sure that all modulefiles written in TCL start with the string
#%Module



/home/venkat/Unreliable_Synaptic_Transmission/Deepti/DOPcodes/SHD_dropout/dataset/shddataset/
made weight variables and loss histogram
The file is present.
Epoch 1: loss=2.80881
Epoch 2: loss=2.82601
Epoch 3: loss=2.81682
Epoch 4: loss=2.80402
Epoch 5: loss=2.80812
Epoch 6: loss=2.81563
Epoch 7: loss=2.80649
Epoch 8: loss=2.81903
Epoch 9: loss=2.80903
Epoch 10: loss=2.81581
Trained for 10 epochs
Training accuracy: 0.138
Epoch 1: loss=2.81891
Epoch 2: loss=2.80794
Epoch 3: loss=2.82251
Epoch 4: loss=2.81782
Epoch 5: loss=2.81110
Epoch 6: loss=2.81293
Epoch 7: loss=2.81442
Epoch 8: loss=2.81087
Epoch 9: loss=2.80528
Epoch 10: loss=2.81155
Epoch 11: loss=2.81608
Epoch 12: loss=2.82653
Epoch 13: loss=2.81547
Epoch 14: loss=2.82918
Epoch 15: loss=2.81432
Epoch 16: loss=2.81204
Epoch 17: loss=2.81260
Epoch 18: loss=2.83000
Epoch 19: loss=2.80936
Epoch 20: loss=2.81160
Epoch 21: loss=2.81487
Epoch 22: loss=2.81478
Epoch 23: loss=2.81606
Epoch 24: loss=2.81680
Epoch 25: loss=2.80829
Epoch 26: loss=2.80361
Epoch 27: loss=2.81923
Epoch 28: loss=2.80950
Epoch 29: loss=2.82205
Epoch 30: loss=2.80692
Epoch 31: loss=2.81020
Epoch 32: loss=2.81356
Epoch 33: loss=2.82008
Epoch 34: loss=2.82506
Epoch 35: loss=2.81944
Epoch 36: loss=2.82085
Epoch 37: loss=2.80071
Epoch 38: loss=2.81543
Epoch 39: loss=2.81148
Epoch 40: loss=2.81904
Epoch 41: loss=2.82350
Epoch 42: loss=2.82501
Epoch 43: loss=2.82130
Epoch 44: loss=2.83263
Epoch 45: loss=2.81957
Epoch 46: loss=2.83400
Epoch 47: loss=2.81910
Epoch 48: loss=2.82072
Epoch 49: loss=2.81621
Epoch 50: loss=2.81761
Epoch 51: loss=2.82367
Epoch 52: loss=2.82017
Epoch 53: loss=2.81446
Epoch 54: loss=2.81731
Epoch 55: loss=2.81416
Epoch 56: loss=2.81736
Epoch 57: loss=2.82798
Epoch 58: loss=2.82119
Epoch 59: loss=2.82829
Epoch 60: loss=2.82373
Epoch 61: loss=2.81326
Epoch 62: loss=2.82540
Epoch 63: loss=2.81507
Epoch 64: loss=2.82006
Epoch 65: loss=2.81707
Epoch 66: loss=2.83218
Epoch 67: loss=2.81736
Epoch 68: loss=2.81599
Epoch 69: loss=2.80704
Epoch 70: loss=2.81966
Epoch 71: loss=2.79987
Epoch 72: loss=2.82032
Epoch 73: loss=2.82538
Epoch 74: loss=2.81874
Epoch 75: loss=2.82845
Epoch 76: loss=2.79707
Epoch 77: loss=2.81720
Epoch 78: loss=2.81121
Epoch 79: loss=2.81400
Epoch 80: loss=2.82398
Epoch 81: loss=2.81664
Epoch 82: loss=2.81634
Epoch 83: loss=2.81536
Epoch 84: loss=2.81253
Epoch 85: loss=2.81395
Epoch 86: loss=2.81531
Epoch 87: loss=2.80662
Epoch 88: loss=2.81596
Epoch 89: loss=2.82385
Epoch 90: loss=2.80544
Epoch 91: loss=2.81198
Epoch 92: loss=2.80208
Epoch 93: loss=2.81144
Epoch 94: loss=2.81319
Epoch 95: loss=2.82497
Epoch 96: loss=2.80021
Epoch 97: loss=2.81370
Epoch 98: loss=2.81113
Epoch 99: loss=2.80928
Epoch 100: loss=2.79798
Epoch 101: loss=2.80877
Epoch 102: loss=2.80981
Epoch 103: loss=2.80596
Epoch 104: loss=2.80382
Epoch 105: loss=2.79737
Epoch 106: loss=2.80249
Epoch 107: loss=2.79993
Epoch 108: loss=2.80397
Epoch 109: loss=2.79978
Epoch 110: loss=2.79905
Epoch 111: loss=2.80247
Epoch 112: loss=2.79476
Epoch 113: loss=2.80213
Epoch 114: loss=2.81082
Epoch 115: loss=2.80288
Epoch 116: loss=2.79591
Epoch 117: loss=2.79834
Epoch 118: loss=2.78661
Epoch 119: loss=2.79521
Epoch 120: loss=2.79732
Epoch 121: loss=2.80262
Epoch 122: loss=2.80564
Epoch 123: loss=2.79993
Epoch 124: loss=2.79559
Epoch 125: loss=2.80161
Epoch 126: loss=2.79434
Epoch 127: loss=2.78443
Epoch 128: loss=2.80412
Epoch 129: loss=2.79302
Epoch 130: loss=2.79004
Epoch 131: loss=2.80542
Epoch 132: loss=2.80244
Epoch 133: loss=2.79750
Epoch 134: loss=2.79774
Epoch 135: loss=2.79282
Epoch 136: loss=2.80206
Epoch 137: loss=2.80155
Epoch 138: loss=2.80189
Epoch 139: loss=2.79817
Epoch 140: loss=2.79232
Epoch 141: loss=2.79718
Epoch 142: loss=2.80672
Epoch 143: loss=2.80618
Epoch 144: loss=2.81058
Epoch 145: loss=2.79019
Epoch 146: loss=2.80858
Epoch 147: loss=2.80648
Epoch 148: loss=2.81532
Epoch 149: loss=2.79997
Epoch 150: loss=2.80122
Epoch 151: loss=2.78783
Epoch 152: loss=2.80269
Epoch 153: loss=2.80115
Epoch 154: loss=2.80768
Epoch 155: loss=2.78901
Epoch 156: loss=2.79449
Epoch 157: loss=2.80596
Epoch 158: loss=2.80741
Epoch 159: loss=2.79310
Epoch 160: loss=2.80482
Epoch 161: loss=2.79873
Epoch 162: loss=2.80243
Epoch 163: loss=2.80652
Epoch 164: loss=2.80995
Epoch 165: loss=2.80507
Epoch 166: loss=2.78937
Epoch 167: loss=2.78833
Epoch 168: loss=2.79700
Epoch 169: loss=2.79887
Epoch 170: loss=2.78176
Epoch 171: loss=2.79527
Epoch 172: loss=2.79230
Epoch 173: loss=2.78735
Epoch 174: loss=2.80081
Epoch 175: loss=2.80490
Epoch 176: loss=2.78709
Epoch 177: loss=2.81384
Epoch 178: loss=2.79661
Epoch 179: loss=2.79568
Epoch 180: loss=2.79055
Epoch 181: loss=2.78853
Epoch 182: loss=2.79130
Epoch 183: loss=2.79014
Epoch 184: loss=2.80691
Epoch 185: loss=2.79985
Epoch 186: loss=2.79365
Epoch 187: loss=2.79033
Epoch 188: loss=2.79879
Epoch 189: loss=2.77879
Epoch 190: loss=2.79685
Epoch 191: loss=2.79498
Epoch 192: loss=2.79625
Epoch 193: loss=2.78912
Epoch 194: loss=2.79145
Epoch 195: loss=2.79187
Epoch 196: loss=2.78893
Epoch 197: loss=2.79183
Epoch 198: loss=2.78678
Epoch 199: loss=2.79989
Epoch 200: loss=2.80227
Epoch 201: loss=2.81576
Epoch 202: loss=2.78419
Epoch 203: loss=2.81183
Epoch 204: loss=2.79612
Epoch 205: loss=2.79320
Epoch 206: loss=2.79018
Epoch 207: loss=2.79598
Epoch 208: loss=2.78668
Epoch 209: loss=2.79858
Epoch 210: loss=2.79432
Epoch 211: loss=2.78638
Epoch 212: loss=2.79856
Epoch 213: loss=2.79812
Epoch 214: loss=2.78756
Epoch 215: loss=2.79233
Epoch 216: loss=2.78165
Epoch 217: loss=2.78493
Epoch 218: loss=2.79267
Epoch 219: loss=2.80913
Epoch 220: loss=2.78584
Epoch 221: loss=2.79796
Epoch 222: loss=2.78550
Epoch 223: loss=2.79174
Epoch 224: loss=2.79064
Epoch 225: loss=2.78833
Epoch 226: loss=2.77304
Epoch 227: loss=2.79849
Epoch 228: loss=2.79322
Epoch 229: loss=2.80450
Epoch 230: loss=2.78746
Epoch 231: loss=2.79695
Epoch 232: loss=2.78883
Epoch 233: loss=2.78879
Epoch 234: loss=2.79917
Epoch 235: loss=2.78740
Epoch 236: loss=2.79253
Epoch 237: loss=2.80032
Epoch 238: loss=2.79017
Epoch 239: loss=2.78700
Epoch 240: loss=2.79405
Epoch 241: loss=2.78802
Epoch 242: loss=2.79958
Epoch 243: loss=2.79138
Epoch 244: loss=2.78579
Epoch 245: loss=2.77627
Epoch 246: loss=2.78785
Epoch 247: loss=2.78503
Epoch 248: loss=2.78500
Epoch 249: loss=2.80282
Epoch 250: loss=2.77320
Epoch 251: loss=2.80525
Epoch 252: loss=2.78254
Epoch 253: loss=2.77225
Epoch 254: loss=2.77814
Epoch 255: loss=2.79512
Epoch 256: loss=2.78617
Epoch 257: loss=2.77860
Epoch 258: loss=2.78218
Epoch 259: loss=2.78256
Epoch 260: loss=2.79594
Epoch 261: loss=2.79910
Epoch 262: loss=2.77731
Epoch 263: loss=2.78431
Epoch 264: loss=2.79240
Epoch 265: loss=2.79348
Epoch 266: loss=2.78926
Epoch 267: loss=2.77557
Epoch 268: loss=2.79707
Epoch 269: loss=2.78462
Epoch 270: loss=2.79283
Epoch 271: loss=2.78785
Epoch 272: loss=2.79733
Epoch 273: loss=2.79653
Epoch 274: loss=2.80331
Epoch 275: loss=2.77817
Epoch 276: loss=2.78646
Epoch 277: loss=2.78923
Epoch 278: loss=2.77765
Epoch 279: loss=2.78828
Epoch 280: loss=2.80242
Epoch 281: loss=2.76838
Epoch 282: loss=2.76976
Epoch 283: loss=2.77919
Epoch 284: loss=2.77964
Epoch 285: loss=2.77870
Epoch 286: loss=2.78133
Epoch 287: loss=2.78390
Epoch 288: loss=2.79528
Epoch 289: loss=2.79399
Epoch 290: loss=2.77250
Epoch 291: loss=2.77737
Epoch 292: loss=2.78444
Epoch 293: loss=2.77686
Epoch 294: loss=2.78227
Epoch 295: loss=2.78570
Epoch 296: loss=2.77580
Epoch 297: loss=2.79591
Epoch 298: loss=2.79042
Epoch 299: loss=2.80114
Epoch 300: loss=2.77830
Epoch 301: loss=2.76477
Epoch 302: loss=2.76908
Epoch 303: loss=2.78562
Epoch 304: loss=2.79004
Epoch 305: loss=2.78580
Epoch 306: loss=2.78375
Epoch 307: loss=2.77023
Epoch 308: loss=2.78168
Epoch 309: loss=2.76435
Epoch 310: loss=2.79908
Epoch 311: loss=2.78159
Epoch 312: loss=2.78322
Epoch 313: loss=2.78654
Epoch 314: loss=2.78530
Epoch 315: loss=2.78794
Epoch 316: loss=2.77752
Epoch 317: loss=2.78501
Epoch 318: loss=2.77527
Epoch 319: loss=2.79162
Epoch 320: loss=2.78410
Epoch 321: loss=2.76827
Epoch 322: loss=2.78839
Epoch 323: loss=2.78945
Epoch 324: loss=2.79755
Epoch 325: loss=2.77583
Epoch 326: loss=2.79796
Epoch 327: loss=2.79679
Epoch 328: loss=2.78751
Epoch 329: loss=2.78865
Epoch 330: loss=2.78630
Epoch 331: loss=2.78876
Epoch 332: loss=2.78723
Epoch 333: loss=2.78301
Epoch 334: loss=2.78732
Epoch 335: loss=2.78590
Epoch 336: loss=2.77903
Epoch 337: loss=2.78493
Epoch 338: loss=2.77905
Epoch 339: loss=2.78000
Epoch 340: loss=2.78554
Epoch 341: loss=2.79175
Epoch 342: loss=2.77945
Epoch 343: loss=2.75930
Epoch 344: loss=2.77764
Epoch 345: loss=2.78328
Epoch 346: loss=2.78665
Epoch 347: loss=2.77302
Epoch 348: loss=2.76798
Epoch 349: loss=2.77351
Epoch 350: loss=2.79111
Epoch 351: loss=2.77992
Epoch 352: loss=2.78187
Epoch 353: loss=2.77978
Epoch 354: loss=2.77784
Epoch 355: loss=2.77489
Epoch 356: loss=2.78476
Epoch 357: loss=2.78189
Epoch 358: loss=2.79120
Epoch 359: loss=2.78283
Epoch 360: loss=2.77901
Epoch 361: loss=2.78123
Epoch 362: loss=2.78937
Epoch 363: loss=2.78995
Epoch 364: loss=2.79329
Epoch 365: loss=2.78707
Epoch 366: loss=2.78137
Epoch 367: loss=2.79765
Epoch 368: loss=2.78253
Epoch 369: loss=2.77633
Epoch 370: loss=2.79322
Epoch 371: loss=2.78200
Epoch 372: loss=2.79840
Epoch 373: loss=2.77150
Epoch 374: loss=2.78521
Epoch 375: loss=2.78320
Epoch 376: loss=2.78717
Epoch 377: loss=2.78659
Epoch 378: loss=2.77845
Epoch 379: loss=2.77957
Epoch 380: loss=2.79153
Epoch 381: loss=2.79091
Epoch 382: loss=2.79889
Epoch 383: loss=2.76487
Epoch 384: loss=2.78560
Epoch 385: loss=2.77101
Epoch 386: loss=2.78887
Epoch 387: loss=2.77664
Epoch 388: loss=2.77547
Epoch 389: loss=2.77164
Epoch 390: loss=2.77927
Epoch 391: loss=2.78445
Epoch 392: loss=2.78829
Epoch 393: loss=2.79707
Epoch 394: loss=2.78983
Epoch 395: loss=2.79195
Epoch 396: loss=2.78232
Epoch 397: loss=2.79034
Epoch 398: loss=2.79483
Epoch 399: loss=2.77553
Epoch 400: loss=2.77214
Epoch 401: loss=2.79778
Epoch 402: loss=2.79218
Epoch 403: loss=2.78089
Epoch 404: loss=2.78938
Epoch 405: loss=2.79089
Epoch 406: loss=2.78553
Epoch 407: loss=2.79734
Epoch 408: loss=2.77568
Epoch 409: loss=2.76736
Epoch 410: loss=2.77399
Epoch 411: loss=2.78404
Epoch 412: loss=2.78970
Epoch 413: loss=2.76818
Epoch 414: loss=2.77399
Epoch 415: loss=2.78379
Epoch 416: loss=2.76692
Epoch 417: loss=2.79364
Epoch 418: loss=2.79068
Epoch 419: loss=2.77976
Epoch 420: loss=2.79495
Epoch 421: loss=2.77625
Epoch 422: loss=2.79414
Epoch 423: loss=2.76895
Epoch 424: loss=2.79772
Epoch 425: loss=2.79020
Epoch 426: loss=2.78611
Epoch 427: loss=2.79548
Epoch 428: loss=2.77323
Epoch 429: loss=2.79064
Epoch 430: loss=2.77761
Epoch 431: loss=2.78925
Epoch 432: loss=2.79698
Epoch 433: loss=2.78539
Epoch 434: loss=2.80272
Epoch 435: loss=2.80454
Epoch 436: loss=2.79120
Epoch 437: loss=2.78732
Epoch 438: loss=2.80799
Epoch 439: loss=2.78838
Epoch 440: loss=2.77749
Epoch 441: loss=2.78893
Epoch 442: loss=2.79057
Epoch 443: loss=2.80056
Epoch 444: loss=2.79002
Epoch 445: loss=2.80135
Epoch 446: loss=2.79384
Epoch 447: loss=2.77901
Epoch 448: loss=2.78256
Epoch 449: loss=2.79016
Epoch 450: loss=2.77471
Epoch 451: loss=2.78379
Epoch 452: loss=2.79472
Epoch 453: loss=2.80940
Epoch 454: loss=2.78325
Epoch 455: loss=2.79383
Epoch 456: loss=2.78930
Epoch 457: loss=2.78974
Epoch 458: loss=2.78034
Epoch 459: loss=2.79979
Epoch 460: loss=2.81104
Epoch 461: loss=2.79425
Epoch 462: loss=2.79811
Epoch 463: loss=2.79131
Epoch 464: loss=2.79570
Epoch 465: loss=2.79649
Epoch 466: loss=2.79222
Epoch 467: loss=2.79854
Epoch 468: loss=2.78632
Epoch 469: loss=2.78645
Epoch 470: loss=2.79954
Epoch 471: loss=2.77745
Epoch 472: loss=2.78800
Epoch 473: loss=2.78650
Epoch 474: loss=2.80364
Epoch 475: loss=2.79914
Epoch 476: loss=2.79271
Epoch 477: loss=2.79775
Epoch 478: loss=2.78740
Epoch 479: loss=2.79460
Epoch 480: loss=2.78731
Epoch 481: loss=2.79136
Epoch 482: loss=2.79063
Epoch 483: loss=2.79587
Epoch 484: loss=2.79572
Epoch 485: loss=2.80377
Epoch 486: loss=2.80242
Epoch 487: loss=2.78706
Epoch 488: loss=2.80033
Epoch 489: loss=2.78604
Epoch 490: loss=2.80051
Epoch 491: loss=2.78779
Epoch 492: loss=2.78999
Epoch 493: loss=2.78764
Epoch 494: loss=2.78876
Epoch 495: loss=2.78712
Epoch 496: loss=2.78898
Epoch 497: loss=2.80397
Epoch 498: loss=2.77218
Epoch 499: loss=2.79315
Epoch 500: loss=2.79744
Epoch 501: loss=2.79921
Epoch 502: loss=2.79318
Epoch 503: loss=2.78656
Epoch 504: loss=2.80235
Epoch 505: loss=2.79246
Epoch 506: loss=2.77983
Epoch 507: loss=2.78381
Epoch 508: loss=2.79466
Epoch 509: loss=2.79373
Epoch 510: loss=2.77596
Epoch 511: loss=2.78513
Epoch 512: loss=2.79885
Epoch 513: loss=2.78869
Epoch 514: loss=2.82021
Epoch 515: loss=2.79792
Epoch 516: loss=2.80433
Epoch 517: loss=2.79151
Epoch 518: loss=2.79747
Epoch 519: loss=2.77745
Epoch 520: loss=2.80741
Epoch 521: loss=2.80340
Epoch 522: loss=2.80537
Epoch 523: loss=2.78978
Epoch 524: loss=2.80391
Epoch 525: loss=2.80681
Epoch 526: loss=2.79205
Epoch 527: loss=2.77912
Epoch 528: loss=2.80282
Epoch 529: loss=2.79278
Epoch 530: loss=2.79158
Epoch 531: loss=2.78966
Epoch 532: loss=2.80119
Epoch 533: loss=2.79355
Epoch 534: loss=2.81001
Epoch 535: loss=2.79012
Epoch 536: loss=2.78743
Epoch 537: loss=2.79531
Epoch 538: loss=2.81233
Epoch 539: loss=2.78232
Epoch 540: loss=2.79243
Epoch 541: loss=2.79772
Epoch 542: loss=2.81013
Epoch 543: loss=2.80134
Epoch 544: loss=2.80745
Epoch 545: loss=2.80003
Epoch 546: loss=2.78858
Epoch 547: loss=2.80844
Epoch 548: loss=2.80859
Epoch 549: loss=2.78804
Epoch 550: loss=2.79046
Epoch 551: loss=2.78743
Epoch 552: loss=2.79443
Epoch 553: loss=2.78831
Epoch 554: loss=2.81096
Epoch 555: loss=2.80426
Epoch 556: loss=2.79862
Epoch 557: loss=2.79179
Epoch 558: loss=2.78732
Epoch 559: loss=2.79119
Epoch 560: loss=2.78940
Epoch 561: loss=2.79533
Epoch 562: loss=2.78866
Epoch 563: loss=2.79035
Epoch 564: loss=2.78661
Epoch 565: loss=2.79809
Epoch 566: loss=2.78923
Epoch 567: loss=2.79292
Epoch 568: loss=2.80336
Epoch 569: loss=2.78733
Epoch 570: loss=2.80461
Epoch 571: loss=2.78793
Epoch 572: loss=2.77500
Epoch 573: loss=2.78806
Epoch 574: loss=2.77733
Epoch 575: loss=2.81474
Epoch 576: loss=2.79333
Epoch 577: loss=2.79929
Epoch 578: loss=2.78453
Epoch 579: loss=2.81130
Epoch 580: loss=2.79412
Epoch 581: loss=2.78262
Epoch 582: loss=2.79663
Epoch 583: loss=2.79644
Epoch 584: loss=2.79581
Epoch 585: loss=2.79144
Epoch 586: loss=2.79627
Epoch 587: loss=2.79129
Epoch 588: loss=2.80542
Epoch 589: loss=2.79782
Epoch 590: loss=2.80658
Epoch 591: loss=2.79770
Epoch 592: loss=2.77771
Epoch 593: loss=2.79262
Epoch 594: loss=2.78934
Epoch 595: loss=2.82031
Epoch 596: loss=2.78125
Epoch 597: loss=2.79194
Epoch 598: loss=2.79011
Epoch 599: loss=2.78505
Epoch 600: loss=2.79044
Epoch 601: loss=2.78877
Epoch 602: loss=2.78278
Epoch 603: loss=2.77631
Epoch 604: loss=2.80380
Epoch 605: loss=2.78652
Epoch 606: loss=2.79288
Epoch 607: loss=2.78814
Epoch 608: loss=2.77836
Epoch 609: loss=2.79577
Epoch 610: loss=2.78035
Epoch 611: loss=2.77941
Epoch 612: loss=2.80606
Epoch 613: loss=2.78796
Epoch 614: loss=2.78226
Epoch 615: loss=2.80076
Epoch 616: loss=2.79036
Epoch 617: loss=2.78701
Epoch 618: loss=2.79438
Epoch 619: loss=2.77882
Epoch 620: loss=2.78705
Epoch 621: loss=2.77644
Epoch 622: loss=2.78047
Epoch 623: loss=2.78020
Epoch 624: loss=2.79673
Epoch 625: loss=2.78939
Epoch 626: loss=2.80168
Epoch 627: loss=2.78748
Epoch 628: loss=2.79928
Epoch 629: loss=2.78937
Epoch 630: loss=2.79162
Epoch 631: loss=2.79320
Epoch 632: loss=2.78904
Epoch 633: loss=2.79013
Epoch 634: loss=2.78800
Epoch 635: loss=2.79061
Epoch 636: loss=2.77596
Epoch 637: loss=2.77799
Epoch 638: loss=2.78252
Epoch 639: loss=2.79042
Epoch 640: loss=2.78048
Epoch 641: loss=2.77837
Epoch 642: loss=2.78935
Epoch 643: loss=2.77824
Epoch 644: loss=2.77549
Epoch 645: loss=2.79718
Epoch 646: loss=2.79218
Epoch 647: loss=2.76640
Epoch 648: loss=2.79357
Epoch 649: loss=2.78905
Epoch 650: loss=2.78238
Epoch 651: loss=2.79857
Epoch 652: loss=2.78769
Epoch 653: loss=2.76993
Epoch 654: loss=2.77420
Epoch 655: loss=2.79908
Epoch 656: loss=2.79342
Epoch 657: loss=2.78636
Epoch 658: loss=2.80026
Epoch 659: loss=2.78556
Epoch 660: loss=2.78221
Epoch 661: loss=2.78693
Epoch 662: loss=2.79869
Epoch 663: loss=2.77759
Epoch 664: loss=2.79765
Epoch 665: loss=2.77155
Epoch 666: loss=2.80067
Epoch 667: loss=2.77575
Epoch 668: loss=2.77588
Epoch 669: loss=2.79405
Epoch 670: loss=2.78283
Epoch 671: loss=2.78307
Epoch 672: loss=2.79391
Epoch 673: loss=2.80968
Epoch 674: loss=2.77227
Epoch 675: loss=2.78611
Epoch 676: loss=2.79766
Epoch 677: loss=2.80518
Epoch 678: loss=2.77476
Epoch 679: loss=2.78070
Epoch 680: loss=2.79757
Epoch 681: loss=2.78731
Epoch 682: loss=2.77839
Epoch 683: loss=2.78961
Epoch 684: loss=2.78597
Epoch 685: loss=2.76947
Epoch 686: loss=2.81058
Epoch 687: loss=2.78320
Epoch 688: loss=2.79430
Epoch 689: loss=2.78193
Epoch 690: loss=2.77524
Epoch 691: loss=2.76064
Epoch 692: loss=2.79194
Epoch 693: loss=2.77796
Epoch 694: loss=2.78261
Epoch 695: loss=2.78591
Epoch 696: loss=2.78339
Epoch 697: loss=2.76916
Epoch 698: loss=2.77866
Epoch 699: loss=2.76554
Epoch 700: loss=2.77514
Epoch 701: loss=2.78920
Epoch 702: loss=2.78869
Epoch 703: loss=2.79483
Epoch 704: loss=2.79136
Epoch 705: loss=2.78031
Epoch 706: loss=2.79457
Epoch 707: loss=2.78340
Epoch 708: loss=2.78154
Epoch 709: loss=2.79228
Epoch 710: loss=2.76127
Epoch 711: loss=2.78185
Epoch 712: loss=2.80143
Epoch 713: loss=2.77597
Epoch 714: loss=2.78174
Epoch 715: loss=2.79306
Epoch 716: loss=2.78808
Epoch 717: loss=2.78828
Epoch 718: loss=2.79044
Epoch 719: loss=2.79208
Epoch 720: loss=2.78399
Epoch 721: loss=2.76315
Epoch 722: loss=2.78765
Epoch 723: loss=2.77098
Epoch 724: loss=2.78786
Epoch 725: loss=2.76885
Epoch 726: loss=2.77953
Epoch 727: loss=2.78051
Epoch 728: loss=2.76622
Epoch 729: loss=2.78351
Epoch 730: loss=2.77314
Epoch 731: loss=2.77121
Epoch 732: loss=2.78483
Epoch 733: loss=2.77095
Epoch 734: loss=2.77662
Epoch 735: loss=2.77601
Epoch 736: loss=2.77384
Epoch 737: loss=2.77120
Epoch 738: loss=2.78089
Epoch 739: loss=2.77426
Epoch 740: loss=2.77746
Epoch 741: loss=2.78264
Epoch 742: loss=2.76840
Epoch 743: loss=2.79239
Epoch 744: loss=2.79632
Epoch 745: loss=2.77846
Epoch 746: loss=2.78746
Epoch 747: loss=2.77294
Epoch 748: loss=2.78742
Epoch 749: loss=2.76637
Epoch 750: loss=2.77407
Epoch 751: loss=2.78274
Epoch 752: loss=2.77171
Epoch 753: loss=2.76519
Epoch 754: loss=2.77340
Epoch 755: loss=2.78079
Epoch 756: loss=2.77054
Epoch 757: loss=2.76559
Epoch 758: loss=2.79866
Epoch 759: loss=2.77373
Epoch 760: loss=2.76889
Epoch 761: loss=2.76335
Epoch 762: loss=2.77504
Epoch 763: loss=2.77573
Epoch 764: loss=2.76803
Epoch 765: loss=2.79367
Epoch 766: loss=2.77281
Epoch 767: loss=2.77855
Epoch 768: loss=2.78262
Epoch 769: loss=2.79030
Epoch 770: loss=2.78084
Epoch 771: loss=2.77244
Epoch 772: loss=2.79129
Epoch 773: loss=2.78799
Epoch 774: loss=2.78088
Epoch 775: loss=2.78093
Epoch 776: loss=2.77522
Epoch 777: loss=2.75823
Epoch 778: loss=2.77194
Epoch 779: loss=2.77439
Epoch 780: loss=2.76979
Epoch 781: loss=2.76793
Epoch 782: loss=2.75884
Epoch 783: loss=2.76941
Epoch 784: loss=2.76008
Epoch 785: loss=2.79353
Epoch 786: loss=2.77023
Epoch 787: loss=2.75808
Epoch 788: loss=2.77927
Epoch 789: loss=2.77550
Epoch 790: loss=2.77279
Epoch 791: loss=2.77339
Epoch 792: loss=2.77254
Epoch 793: loss=2.75494
Epoch 794: loss=2.77178
Epoch 795: loss=2.77932
Epoch 796: loss=2.78605
Epoch 797: loss=2.77245
Epoch 798: loss=2.78552
Epoch 799: loss=2.75893
Epoch 800: loss=2.77740
Epoch 801: loss=2.76502
Epoch 802: loss=2.76768
Epoch 803: loss=2.78514
Epoch 804: loss=2.75848
Epoch 805: loss=2.78570
Epoch 806: loss=2.76562
Epoch 807: loss=2.78199
Epoch 808: loss=2.77542
Epoch 809: loss=2.79011
Epoch 810: loss=2.78774
Epoch 811: loss=2.77935
Epoch 812: loss=2.76619
Epoch 813: loss=2.75970
Epoch 814: loss=2.77381
Epoch 815: loss=2.77364
Epoch 816: loss=2.76693
Epoch 817: loss=2.76965
Epoch 818: loss=2.78688
Epoch 819: loss=2.77052
Epoch 820: loss=2.77894
Epoch 821: loss=2.78911
Epoch 822: loss=2.77476
Epoch 823: loss=2.77267
Epoch 824: loss=2.76186
Epoch 825: loss=2.77145
Epoch 826: loss=2.77641
Epoch 827: loss=2.75843
Epoch 828: loss=2.76412
Epoch 829: loss=2.76086
Epoch 830: loss=2.76826
Epoch 831: loss=2.77598
Epoch 832: loss=2.79983
Epoch 833: loss=2.76320
Epoch 834: loss=2.77149
Epoch 835: loss=2.75505
Epoch 836: loss=2.75082
Epoch 837: loss=2.75705
Epoch 838: loss=2.77383
Epoch 839: loss=2.78551
Epoch 840: loss=2.77180
Epoch 841: loss=2.78408
Epoch 842: loss=2.76838
Epoch 843: loss=2.79246
Epoch 844: loss=2.76095
Epoch 845: loss=2.75811
Epoch 846: loss=2.77189
Epoch 847: loss=2.77959
Epoch 848: loss=2.76670
Epoch 849: loss=2.76850
Epoch 850: loss=2.76499
Epoch 851: loss=2.77557
Epoch 852: loss=2.79236
Epoch 853: loss=2.77760
Epoch 854: loss=2.77421
Epoch 855: loss=2.75889
Epoch 856: loss=2.75502
Epoch 857: loss=2.77374
Epoch 858: loss=2.75391
Epoch 859: loss=2.78596
Epoch 860: loss=2.76413
Epoch 861: loss=2.76733
Epoch 862: loss=2.76628
Epoch 863: loss=2.77401
Epoch 864: loss=2.77557
Epoch 865: loss=2.76377
Epoch 866: loss=2.77952
Epoch 867: loss=2.76488
Epoch 868: loss=2.76416
Epoch 869: loss=2.77062
Epoch 870: loss=2.77526
Epoch 871: loss=2.77542
Epoch 872: loss=2.76762
Epoch 873: loss=2.76965
Epoch 874: loss=2.76026
Epoch 875: loss=2.78348
Epoch 876: loss=2.76877
Epoch 877: loss=2.77454
Epoch 878: loss=2.77496
Epoch 879: loss=2.77200
Epoch 880: loss=2.76354
Epoch 881: loss=2.77782
Epoch 882: loss=2.75709
Epoch 883: loss=2.76065
Epoch 884: loss=2.78474
Epoch 885: loss=2.75780
Epoch 886: loss=2.78159
Epoch 887: loss=2.77662
Epoch 888: loss=2.77969
Epoch 889: loss=2.77906
Epoch 890: loss=2.77007
Epoch 891: loss=2.77482
Epoch 892: loss=2.76884
Epoch 893: loss=2.77594
Epoch 894: loss=2.75459
Epoch 895: loss=2.77351
Epoch 896: loss=2.78719
Epoch 897: loss=2.77492
Epoch 898: loss=2.78508
Epoch 899: loss=2.78808
Epoch 900: loss=2.76069
Epoch 901: loss=2.76525
Epoch 902: loss=2.77929
Epoch 903: loss=2.77547
Epoch 904: loss=2.76501
Epoch 905: loss=2.78450
Epoch 906: loss=2.78379
Epoch 907: loss=2.76993
Epoch 908: loss=2.74240
Epoch 909: loss=2.77314
Epoch 910: loss=2.79281
Epoch 911: loss=2.78928
Epoch 912: loss=2.76275
Epoch 913: loss=2.79375
Epoch 914: loss=2.77059
Epoch 915: loss=2.74702
Epoch 916: loss=2.78017
Epoch 917: loss=2.79497
Epoch 918: loss=2.76303
Epoch 919: loss=2.77168
Epoch 920: loss=2.76550
Epoch 921: loss=2.75994
Epoch 922: loss=2.76490
Epoch 923: loss=2.78633
Epoch 924: loss=2.76724
Epoch 925: loss=2.77522
Epoch 926: loss=2.78928
Epoch 927: loss=2.75552
Epoch 928: loss=2.77772
Epoch 929: loss=2.76239
Epoch 930: loss=2.76920
Epoch 931: loss=2.78592
Epoch 932: loss=2.76816
Epoch 933: loss=2.76987
Epoch 934: loss=2.77044
Epoch 935: loss=2.77512
Epoch 936: loss=2.78498
Epoch 937: loss=2.79481
Epoch 938: loss=2.78107
Epoch 939: loss=2.77884
Epoch 940: loss=2.76520
Epoch 941: loss=2.77571
Epoch 942: loss=2.75447
Epoch 943: loss=2.76152
Epoch 944: loss=2.74813
Epoch 945: loss=2.76632
Epoch 946: loss=2.76388
Epoch 947: loss=2.76251
Epoch 948: loss=2.78448
Epoch 949: loss=2.76523
Epoch 950: loss=2.76215
Epoch 951: loss=2.75726
Epoch 952: loss=2.76896
Epoch 953: loss=2.74702
Epoch 954: loss=2.75875
Epoch 955: loss=2.76854
Epoch 956: loss=2.77792
Epoch 957: loss=2.78659
Epoch 958: loss=2.78252
Epoch 959: loss=2.77471
Epoch 960: loss=2.77716
Epoch 961: loss=2.77330
Epoch 962: loss=2.77134
Epoch 963: loss=2.78134
Epoch 964: loss=2.77214
Epoch 965: loss=2.77635
Epoch 966: loss=2.76614
Epoch 967: loss=2.77339
Epoch 968: loss=2.75022
Epoch 969: loss=2.76151
Epoch 970: loss=2.78097
Epoch 971: loss=2.79149
Epoch 972: loss=2.76642
Epoch 973: loss=2.75490
Epoch 974: loss=2.77844
Epoch 975: loss=2.76618
Epoch 976: loss=2.77970
Epoch 977: loss=2.74696
Epoch 978: loss=2.76682
Epoch 979: loss=2.77076
Epoch 980: loss=2.78182
Epoch 981: loss=2.76616
Epoch 982: loss=2.76569
Epoch 983: loss=2.77027
Epoch 984: loss=2.76923
Epoch 985: loss=2.75648
Epoch 986: loss=2.77401
Epoch 987: loss=2.76429
Epoch 988: loss=2.75963
Epoch 989: loss=2.76393
Epoch 990: loss=2.75794
Epoch 991: loss=2.75769
Epoch 992: loss=2.77729
Epoch 993: loss=2.75505
Epoch 994: loss=2.78683
Epoch 995: loss=2.76837
Epoch 996: loss=2.78921
Epoch 997: loss=2.78114
Epoch 998: loss=2.75783
Epoch 999: loss=2.75716
Epoch 1000: loss=2.76702
Epoch 1001: loss=2.76603
Epoch 1002: loss=2.76232
Epoch 1003: loss=2.77326
Epoch 1004: loss=2.76351
Epoch 1005: loss=2.75775
Epoch 1006: loss=2.76795
Epoch 1007: loss=2.75854
Epoch 1008: loss=2.74888
Epoch 1009: loss=2.75120
Epoch 1010: loss=2.75298
Epoch 1011: loss=2.75800
Epoch 1012: loss=2.75785
Epoch 1013: loss=2.75932
Epoch 1014: loss=2.76033
Epoch 1015: loss=2.77456
Epoch 1016: loss=2.75286
Epoch 1017: loss=2.77231
Epoch 1018: loss=2.77079
Epoch 1019: loss=2.76863
Epoch 1020: loss=2.74304
Epoch 1021: loss=2.76624
Epoch 1022: loss=2.74741
Epoch 1023: loss=2.77880
Epoch 1024: loss=2.75128
Epoch 1025: loss=2.76951
Epoch 1026: loss=2.75215
Epoch 1027: loss=2.76090
Epoch 1028: loss=2.76638
Epoch 1029: loss=2.74795
Epoch 1030: loss=2.77280
Epoch 1031: loss=2.76453
Epoch 1032: loss=2.77505
Epoch 1033: loss=2.75785
Epoch 1034: loss=2.76248
Epoch 1035: loss=2.77592
Epoch 1036: loss=2.76787
Epoch 1037: loss=2.76924
Epoch 1038: loss=2.76031
Epoch 1039: loss=2.75919
Epoch 1040: loss=2.77840
Epoch 1041: loss=2.75676
Epoch 1042: loss=2.77028
Epoch 1043: loss=2.76586
Epoch 1044: loss=2.75451
Epoch 1045: loss=2.75235
Epoch 1046: loss=2.76734
Epoch 1047: loss=2.74284
Epoch 1048: loss=2.76854
Epoch 1049: loss=2.77409
Epoch 1050: loss=2.75566
Epoch 1051: loss=2.75716
Epoch 1052: loss=2.77792
Epoch 1053: loss=2.77380
Epoch 1054: loss=2.78265
Epoch 1055: loss=2.76654
Epoch 1056: loss=2.76525
Epoch 1057: loss=2.76682
Epoch 1058: loss=2.75225
Epoch 1059: loss=2.75382
Epoch 1060: loss=2.76687
Epoch 1061: loss=2.75922
Epoch 1062: loss=2.75909
Epoch 1063: loss=2.76278
Epoch 1064: loss=2.77879
Epoch 1065: loss=2.77791
Epoch 1066: loss=2.77523
Epoch 1067: loss=2.76417
Epoch 1068: loss=2.78195
Epoch 1069: loss=2.77315
Epoch 1070: loss=2.78097
Epoch 1071: loss=2.73824
Epoch 1072: loss=2.77227
Epoch 1073: loss=2.75835
Epoch 1074: loss=2.76239
Epoch 1075: loss=2.75355
Epoch 1076: loss=2.75629
Epoch 1077: loss=2.76183
Epoch 1078: loss=2.76880
Epoch 1079: loss=2.75745
Epoch 1080: loss=2.78144
Epoch 1081: loss=2.76675
Epoch 1082: loss=2.75445
Epoch 1083: loss=2.75653
Epoch 1084: loss=2.75219
Epoch 1085: loss=2.75788
Epoch 1086: loss=2.77353
Epoch 1087: loss=2.74577
Epoch 1088: loss=2.77686
Epoch 1089: loss=2.77006
Epoch 1090: loss=2.74555
Epoch 1091: loss=2.77996
Epoch 1092: loss=2.78150
Epoch 1093: loss=2.75323
Epoch 1094: loss=2.77383
Epoch 1095: loss=2.76566
Epoch 1096: loss=2.77415
Epoch 1097: loss=2.78282
Epoch 1098: loss=2.76994
Epoch 1099: loss=2.76729
Epoch 1100: loss=2.75266
Epoch 1101: loss=2.76486
Epoch 1102: loss=2.77026
Epoch 1103: loss=2.76684
Epoch 1104: loss=2.76606
Epoch 1105: loss=2.76832
Epoch 1106: loss=2.76182
Epoch 1107: loss=2.77126
Epoch 1108: loss=2.76584
Epoch 1109: loss=2.78398
Epoch 1110: loss=2.76575
Epoch 1111: loss=2.77034
Epoch 1112: loss=2.76403
Epoch 1113: loss=2.75791
Epoch 1114: loss=2.77759
Epoch 1115: loss=2.77442
Epoch 1116: loss=2.76273
Epoch 1117: loss=2.76347
Epoch 1118: loss=2.78410
Epoch 1119: loss=2.78142
Epoch 1120: loss=2.76148
Epoch 1121: loss=2.77020
Epoch 1122: loss=2.76193
Epoch 1123: loss=2.76563
Epoch 1124: loss=2.77343
Epoch 1125: loss=2.77744
Epoch 1126: loss=2.76585
Epoch 1127: loss=2.76840
Epoch 1128: loss=2.75589
Epoch 1129: loss=2.75564
Epoch 1130: loss=2.76314
Epoch 1131: loss=2.77207
Epoch 1132: loss=2.79171
Epoch 1133: loss=2.77217
Epoch 1134: loss=2.76322
Epoch 1135: loss=2.77502
Epoch 1136: loss=2.76571
Epoch 1137: loss=2.77607
Epoch 1138: loss=2.75514
Epoch 1139: loss=2.77884
Epoch 1140: loss=2.76507
Epoch 1141: loss=2.78180
Epoch 1142: loss=2.76189
Epoch 1143: loss=2.76779
Epoch 1144: loss=2.76749
Epoch 1145: loss=2.76226
Epoch 1146: loss=2.77006
Epoch 1147: loss=2.77088
Epoch 1148: loss=2.76985
Epoch 1149: loss=2.76470
Epoch 1150: loss=2.76182
Epoch 1151: loss=2.77386
Epoch 1152: loss=2.76272
Epoch 1153: loss=2.78180
Epoch 1154: loss=2.78191
Epoch 1155: loss=2.77938
Epoch 1156: loss=2.75669
Epoch 1157: loss=2.77272
Epoch 1158: loss=2.77506
Epoch 1159: loss=2.76362
Epoch 1160: loss=2.79014
Epoch 1161: loss=2.76509
Epoch 1162: loss=2.76412
Epoch 1163: loss=2.75318
Epoch 1164: loss=2.76784
Epoch 1165: loss=2.75643
Epoch 1166: loss=2.78494
Epoch 1167: loss=2.78028
Epoch 1168: loss=2.75446
Epoch 1169: loss=2.77284
Epoch 1170: loss=2.77966
Epoch 1171: loss=2.75636
Epoch 1172: loss=2.78743
Epoch 1173: loss=2.76373
Epoch 1174: loss=2.77443
Epoch 1175: loss=2.77829
Epoch 1176: loss=2.75402
Epoch 1177: loss=2.77899
Epoch 1178: loss=2.75561
Epoch 1179: loss=2.77171
Epoch 1180: loss=2.76313
Epoch 1181: loss=2.76911
Epoch 1182: loss=2.76955
Epoch 1183: loss=2.76377
Epoch 1184: loss=2.76134
Epoch 1185: loss=2.77275
Epoch 1186: loss=2.77351
Epoch 1187: loss=2.77789
Epoch 1188: loss=2.80156
Epoch 1189: loss=2.76519
Epoch 1190: loss=2.77287
Epoch 1191: loss=2.75058
Epoch 1192: loss=2.78632
Epoch 1193: loss=2.79041
Epoch 1194: loss=2.77858
Epoch 1195: loss=2.76712
Epoch 1196: loss=2.78005
Epoch 1197: loss=2.76498
Epoch 1198: loss=2.75843
Epoch 1199: loss=2.74720
Epoch 1200: loss=2.77972
Epoch 1201: loss=2.77251
Epoch 1202: loss=2.75977
Epoch 1203: loss=2.76605
Epoch 1204: loss=2.78177
Epoch 1205: loss=2.76637
Epoch 1206: loss=2.76729
Epoch 1207: loss=2.76727
Epoch 1208: loss=2.74730
Epoch 1209: loss=2.75496
Epoch 1210: loss=2.76450
Epoch 1211: loss=2.76142
Epoch 1212: loss=2.76413
Epoch 1213: loss=2.74919
Epoch 1214: loss=2.75991
Epoch 1215: loss=2.76737
Epoch 1216: loss=2.76806
Epoch 1217: loss=2.77574
Epoch 1218: loss=2.77561
Epoch 1219: loss=2.77188
Epoch 1220: loss=2.76132
Epoch 1221: loss=2.78166
Epoch 1222: loss=2.76973
Epoch 1223: loss=2.75877
Epoch 1224: loss=2.77313
Epoch 1225: loss=2.75488
Epoch 1226: loss=2.74943
Epoch 1227: loss=2.77725
Epoch 1228: loss=2.75283
Epoch 1229: loss=2.78352
Epoch 1230: loss=2.77393
Epoch 1231: loss=2.76620
Epoch 1232: loss=2.76965
Epoch 1233: loss=2.76245
Epoch 1234: loss=2.75638
Epoch 1235: loss=2.74635
Epoch 1236: loss=2.74349
Epoch 1237: loss=2.76755
Epoch 1238: loss=2.76533
Epoch 1239: loss=2.76184
Epoch 1240: loss=2.76450
Epoch 1241: loss=2.75299
Epoch 1242: loss=2.74509
Epoch 1243: loss=2.77164
Epoch 1244: loss=2.75660
Epoch 1245: loss=2.78496
Epoch 1246: loss=2.75837
Epoch 1247: loss=2.78187
Epoch 1248: loss=2.76382
Epoch 1249: loss=2.77115
Epoch 1250: loss=2.77518
Epoch 1251: loss=2.79452
Epoch 1252: loss=2.76218
Epoch 1253: loss=2.76897
Epoch 1254: loss=2.76689
Epoch 1255: loss=2.75447
Epoch 1256: loss=2.77833
Epoch 1257: loss=2.76642
Epoch 1258: loss=2.76422
Epoch 1259: loss=2.76278
Epoch 1260: loss=2.75279
Epoch 1261: loss=2.74996
Epoch 1262: loss=2.79392
Epoch 1263: loss=2.76004
Epoch 1264: loss=2.76562
Epoch 1265: loss=2.74979
Epoch 1266: loss=2.75539
Epoch 1267: loss=2.76722
Epoch 1268: loss=2.74540
Epoch 1269: loss=2.76889
Epoch 1270: loss=2.75412
Epoch 1271: loss=2.77017
Epoch 1272: loss=2.75972
Epoch 1273: loss=2.75393
Epoch 1274: loss=2.75668
Epoch 1275: loss=2.74679
Epoch 1276: loss=2.78448
Epoch 1277: loss=2.76164
Epoch 1278: loss=2.77621
Epoch 1279: loss=2.76871
Epoch 1280: loss=2.75939
Epoch 1281: loss=2.75782
Epoch 1282: loss=2.77146
Epoch 1283: loss=2.76520
Epoch 1284: loss=2.75716
Epoch 1285: loss=2.74906
Epoch 1286: loss=2.76769
Epoch 1287: loss=2.76271
Epoch 1288: loss=2.75880
Epoch 1289: loss=2.75391
Epoch 1290: loss=2.77042
Epoch 1291: loss=2.75976
Epoch 1292: loss=2.75713
Epoch 1293: loss=2.76711
Epoch 1294: loss=2.77562
Epoch 1295: loss=2.76590
Epoch 1296: loss=2.75208
Epoch 1297: loss=2.75583
Epoch 1298: loss=2.76242
Epoch 1299: loss=2.75921
Epoch 1300: loss=2.78590
Epoch 1301: loss=2.76681
Epoch 1302: loss=2.75616
Epoch 1303: loss=2.75389
Epoch 1304: loss=2.76785
Epoch 1305: loss=2.75933
Epoch 1306: loss=2.75394
Epoch 1307: loss=2.75074
Epoch 1308: loss=2.75139
Epoch 1309: loss=2.78679
Epoch 1310: loss=2.75159
Epoch 1311: loss=2.75715
Epoch 1312: loss=2.73582
Epoch 1313: loss=2.75154
Epoch 1314: loss=2.74507
Epoch 1315: loss=2.75401
Epoch 1316: loss=2.76708
Epoch 1317: loss=2.75013
Epoch 1318: loss=2.75303
Epoch 1319: loss=2.75429
Epoch 1320: loss=2.75473
Epoch 1321: loss=2.74598
Epoch 1322: loss=2.76064
Epoch 1323: loss=2.75264
Epoch 1324: loss=2.75520
Epoch 1325: loss=2.76574
Epoch 1326: loss=2.74231
Epoch 1327: loss=2.74936
Epoch 1328: loss=2.75960
Epoch 1329: loss=2.74929
Epoch 1330: loss=2.73595
Epoch 1331: loss=2.77021
Epoch 1332: loss=2.74073
Epoch 1333: loss=2.77705
Epoch 1334: loss=2.75265
Epoch 1335: loss=2.76806
Epoch 1336: loss=2.75859
Epoch 1337: loss=2.77485
Epoch 1338: loss=2.77790
Epoch 1339: loss=2.74586
Epoch 1340: loss=2.76633
Epoch 1341: loss=2.74299
Epoch 1342: loss=2.76146
Epoch 1343: loss=2.75115
Epoch 1344: loss=2.75228
Epoch 1345: loss=2.76672
Epoch 1346: loss=2.77127
Epoch 1347: loss=2.74957
Epoch 1348: loss=2.73712
Epoch 1349: loss=2.75389
Epoch 1350: loss=2.73703
Epoch 1351: loss=2.76189
Epoch 1352: loss=2.76460
Epoch 1353: loss=2.76175
Epoch 1354: loss=2.76660
Epoch 1355: loss=2.75254
Epoch 1356: loss=2.77522
Epoch 1357: loss=2.75308
Epoch 1358: loss=2.78165
Epoch 1359: loss=2.75504
Epoch 1360: loss=2.75991
Epoch 1361: loss=2.75061
Epoch 1362: loss=2.74960
Epoch 1363: loss=2.74535
Epoch 1364: loss=2.75510
Epoch 1365: loss=2.74801
Epoch 1366: loss=2.76775
Epoch 1367: loss=2.77206
Epoch 1368: loss=2.76634
Epoch 1369: loss=2.73944
Epoch 1370: loss=2.73386
Epoch 1371: loss=2.74488
Epoch 1372: loss=2.75712
Epoch 1373: loss=2.76605
Epoch 1374: loss=2.75308
Epoch 1375: loss=2.74683
Epoch 1376: loss=2.76712
Epoch 1377: loss=2.75290
Epoch 1378: loss=2.77981
Epoch 1379: loss=2.74343
Epoch 1380: loss=2.76666
Epoch 1381: loss=2.75309
Epoch 1382: loss=2.74106
Epoch 1383: loss=2.75659
Epoch 1384: loss=2.76391
Epoch 1385: loss=2.75683
Epoch 1386: loss=2.74658
Epoch 1387: loss=2.75301
Epoch 1388: loss=2.77286
Epoch 1389: loss=2.75148
Epoch 1390: loss=2.75291
Epoch 1391: loss=2.76593
Epoch 1392: loss=2.76143
Epoch 1393: loss=2.74843
Epoch 1394: loss=2.75892
Epoch 1395: loss=2.75799
Epoch 1396: loss=2.75503
Epoch 1397: loss=2.76383
Epoch 1398: loss=2.73901
Epoch 1399: loss=2.76298
Epoch 1400: loss=2.75696
Epoch 1401: loss=2.74707
Epoch 1402: loss=2.75992
Epoch 1403: loss=2.76021
Epoch 1404: loss=2.73556
Epoch 1405: loss=2.74105
Epoch 1406: loss=2.74716
Epoch 1407: loss=2.72612
Epoch 1408: loss=2.74717
Epoch 1409: loss=2.75059
Epoch 1410: loss=2.75869
Epoch 1411: loss=2.75174
Epoch 1412: loss=2.75213
Epoch 1413: loss=2.75337
Epoch 1414: loss=2.76621
Epoch 1415: loss=2.76850
Epoch 1416: loss=2.74733
Epoch 1417: loss=2.74923
Epoch 1418: loss=2.75697
Epoch 1419: loss=2.75688
Epoch 1420: loss=2.75083
Epoch 1421: loss=2.75824
Epoch 1422: loss=2.74984
Epoch 1423: loss=2.76213
Epoch 1424: loss=2.76192
Epoch 1425: loss=2.74972
Epoch 1426: loss=2.74949
Epoch 1427: loss=2.75469
Epoch 1428: loss=2.74772
Epoch 1429: loss=2.77480
Epoch 1430: loss=2.75156
Epoch 1431: loss=2.76314
Epoch 1432: loss=2.76245
Epoch 1433: loss=2.75272
Epoch 1434: loss=2.76737
Epoch 1435: loss=2.78424
Epoch 1436: loss=2.76796
Epoch 1437: loss=2.76469
Epoch 1438: loss=2.77832
Epoch 1439: loss=2.75375
Epoch 1440: loss=2.74975
Epoch 1441: loss=2.77476
Epoch 1442: loss=2.75761
Epoch 1443: loss=2.76430
Epoch 1444: loss=2.74708
Epoch 1445: loss=2.74346
Epoch 1446: loss=2.77105
Epoch 1447: loss=2.76305
Epoch 1448: loss=2.74124
Epoch 1449: loss=2.76580
Epoch 1450: loss=2.76431
Epoch 1451: loss=2.76508
Epoch 1452: loss=2.77068
Epoch 1453: loss=2.74554
Epoch 1454: loss=2.75843
Epoch 1455: loss=2.77013
Epoch 1456: loss=2.77051
Epoch 1457: loss=2.76531
Epoch 1458: loss=2.77676
Epoch 1459: loss=2.75412
Epoch 1460: loss=2.76706
Epoch 1461: loss=2.77959
Epoch 1462: loss=2.76273
Epoch 1463: loss=2.75578
Epoch 1464: loss=2.74755
Epoch 1465: loss=2.75534
Epoch 1466: loss=2.76486
Epoch 1467: loss=2.77169
Epoch 1468: loss=2.75524
Epoch 1469: loss=2.75663
Epoch 1470: loss=2.75914
Epoch 1471: loss=2.75810
Epoch 1472: loss=2.77021
Epoch 1473: loss=2.76189
Epoch 1474: loss=2.75866
Epoch 1475: loss=2.77473
Epoch 1476: loss=2.76223
Epoch 1477: loss=2.75520
Epoch 1478: loss=2.79502
Epoch 1479: loss=2.74996
Epoch 1480: loss=2.76780
Epoch 1481: loss=2.77081
Epoch 1482: loss=2.76548
Epoch 1483: loss=2.74862
Epoch 1484: loss=2.77124
Epoch 1485: loss=2.76527
Epoch 1486: loss=2.79671
Epoch 1487: loss=2.78099
Epoch 1488: loss=2.77281
Epoch 1489: loss=2.75734
Epoch 1490: loss=2.78069
Epoch 1491: loss=2.74693
Epoch 1492: loss=2.78082
Epoch 1493: loss=2.76036
Epoch 1494: loss=2.74347
Epoch 1495: loss=2.75606
Epoch 1496: loss=2.77092
Epoch 1497: loss=2.76496
Epoch 1498: loss=2.75713
Epoch 1499: loss=2.77299
Epoch 1500: loss=2.76507
Epoch 1501: loss=2.75178
Epoch 1502: loss=2.77578
Epoch 1503: loss=2.76191
Epoch 1504: loss=2.74682
Epoch 1505: loss=2.76125
Epoch 1506: loss=2.76406
Epoch 1507: loss=2.79199
Epoch 1508: loss=2.76444
Epoch 1509: loss=2.75214
Epoch 1510: loss=2.76396
Epoch 1511: loss=2.76408
Epoch 1512: loss=2.75589
Epoch 1513: loss=2.77363
Epoch 1514: loss=2.76772
Epoch 1515: loss=2.76495
Epoch 1516: loss=2.76131
Epoch 1517: loss=2.75543
Epoch 1518: loss=2.78162
Epoch 1519: loss=2.76525
Epoch 1520: loss=2.76595
Epoch 1521: loss=2.78356
Epoch 1522: loss=2.79143
Epoch 1523: loss=2.75871
Epoch 1524: loss=2.76911
Epoch 1525: loss=2.77045
Epoch 1526: loss=2.77629
Epoch 1527: loss=2.76623
Epoch 1528: loss=2.77573
Epoch 1529: loss=2.75889
Epoch 1530: loss=2.74709
Epoch 1531: loss=2.77420
Epoch 1532: loss=2.77813
Epoch 1533: loss=2.76046
Epoch 1534: loss=2.74862
Epoch 1535: loss=2.76086
Epoch 1536: loss=2.76442
Epoch 1537: loss=2.75189
Epoch 1538: loss=2.74731
Epoch 1539: loss=2.74701
Epoch 1540: loss=2.75232
Epoch 1541: loss=2.74552
Epoch 1542: loss=2.76327
Epoch 1543: loss=2.76758
Epoch 1544: loss=2.77949
Epoch 1545: loss=2.77224
Epoch 1546: loss=2.75968
Epoch 1547: loss=2.77269
Epoch 1548: loss=2.77347
Epoch 1549: loss=2.75416
Epoch 1550: loss=2.79078
Epoch 1551: loss=2.76992
Epoch 1552: loss=2.74717
Epoch 1553: loss=2.76695
Epoch 1554: loss=2.77680
Epoch 1555: loss=2.75136
Epoch 1556: loss=2.77694
Epoch 1557: loss=2.76254
Epoch 1558: loss=2.76501
Epoch 1559: loss=2.79068
Epoch 1560: loss=2.76676
Epoch 1561: loss=2.77283
Epoch 1562: loss=2.76827
Epoch 1563: loss=2.75097
Epoch 1564: loss=2.78229
Epoch 1565: loss=2.75409
Epoch 1566: loss=2.77728
Epoch 1567: loss=2.77645
Epoch 1568: loss=2.75736
Epoch 1569: loss=2.76678
Epoch 1570: loss=2.76436
Epoch 1571: loss=2.78748
Epoch 1572: loss=2.76030
Epoch 1573: loss=2.76789
Epoch 1574: loss=2.78312
Epoch 1575: loss=2.76112
Epoch 1576: loss=2.76031
Epoch 1577: loss=2.77077
Epoch 1578: loss=2.77309
Epoch 1579: loss=2.77991
Epoch 1580: loss=2.75452
Epoch 1581: loss=2.76422
Epoch 1582: loss=2.76647
Epoch 1583: loss=2.77753
Epoch 1584: loss=2.75810
Epoch 1585: loss=2.77116
Epoch 1586: loss=2.77696
Epoch 1587: loss=2.74483
Epoch 1588: loss=2.75951
Epoch 1589: loss=2.77089
Epoch 1590: loss=2.76986
Epoch 1591: loss=2.77941
Epoch 1592: loss=2.77862
Epoch 1593: loss=2.76884
Epoch 1594: loss=2.77099
Epoch 1595: loss=2.77243
Epoch 1596: loss=2.77671
Epoch 1597: loss=2.77516
Epoch 1598: loss=2.76828
Epoch 1599: loss=2.77326
Epoch 1600: loss=2.76712
Epoch 1601: loss=2.77377
Epoch 1602: loss=2.77857
Epoch 1603: loss=2.74468
Epoch 1604: loss=2.76165
Epoch 1605: loss=2.78054
Epoch 1606: loss=2.77034
Epoch 1607: loss=2.78031
Epoch 1608: loss=2.77596
Epoch 1609: loss=2.76949
Epoch 1610: loss=2.79050
Epoch 1611: loss=2.76183
Epoch 1612: loss=2.76797
Epoch 1613: loss=2.76458
Epoch 1614: loss=2.76871
Epoch 1615: loss=2.76684
Epoch 1616: loss=2.76528
Epoch 1617: loss=2.76098
Epoch 1618: loss=2.75488
Epoch 1619: loss=2.76455
Epoch 1620: loss=2.77044
Epoch 1621: loss=2.76234
Epoch 1622: loss=2.75288
Epoch 1623: loss=2.75899
Epoch 1624: loss=2.77514
Epoch 1625: loss=2.74675
Epoch 1626: loss=2.76154
Epoch 1627: loss=2.74535
Epoch 1628: loss=2.78083
Epoch 1629: loss=2.75629
Epoch 1630: loss=2.76405
Epoch 1631: loss=2.76939
Epoch 1632: loss=2.76851
Epoch 1633: loss=2.76251
Epoch 1634: loss=2.76277
Epoch 1635: loss=2.77116
Epoch 1636: loss=2.75922
Epoch 1637: loss=2.76706
Epoch 1638: loss=2.77076
Epoch 1639: loss=2.77239
Epoch 1640: loss=2.79105
Epoch 1641: loss=2.78075
Epoch 1642: loss=2.76319
Epoch 1643: loss=2.77553
Epoch 1644: loss=2.78522
Epoch 1645: loss=2.77080
Epoch 1646: loss=2.77471
Epoch 1647: loss=2.78428
Epoch 1648: loss=2.76778
Epoch 1649: loss=2.76978
Epoch 1650: loss=2.78793
Epoch 1651: loss=2.80032
Epoch 1652: loss=2.76416
Epoch 1653: loss=2.75495
Epoch 1654: loss=2.75914
Epoch 1655: loss=2.74976
Epoch 1656: loss=2.78026
Epoch 1657: loss=2.77486
Epoch 1658: loss=2.78022
Epoch 1659: loss=2.75147
Epoch 1660: loss=2.78166
Epoch 1661: loss=2.75381
Epoch 1662: loss=2.77471
Epoch 1663: loss=2.76902
Epoch 1664: loss=2.76377
Epoch 1665: loss=2.77272
Epoch 1666: loss=2.77242
Epoch 1667: loss=2.75900
Epoch 1668: loss=2.76362
Epoch 1669: loss=2.76582
Epoch 1670: loss=2.75918
Epoch 1671: loss=2.79569
Epoch 1672: loss=2.74893
Epoch 1673: loss=2.75912
Epoch 1674: loss=2.75151
Epoch 1675: loss=2.74322
Epoch 1676: loss=2.76248
Epoch 1677: loss=2.74547
Epoch 1678: loss=2.75660
Epoch 1679: loss=2.77131
Epoch 1680: loss=2.75489
Epoch 1681: loss=2.77149
Epoch 1682: loss=2.75266
Epoch 1683: loss=2.77129
Epoch 1684: loss=2.78188
Epoch 1685: loss=2.75561
Epoch 1686: loss=2.76236
Epoch 1687: loss=2.76029
Epoch 1688: loss=2.76968
Epoch 1689: loss=2.77927
Epoch 1690: loss=2.75955
Epoch 1691: loss=2.75464
Epoch 1692: loss=2.75870
Epoch 1693: loss=2.75613
Epoch 1694: loss=2.76715
Epoch 1695: loss=2.77992
Epoch 1696: loss=2.75274
Epoch 1697: loss=2.74833
Epoch 1698: loss=2.76394
Epoch 1699: loss=2.75170
Epoch 1700: loss=2.77168
Epoch 1701: loss=2.76917
Epoch 1702: loss=2.74843
Epoch 1703: loss=2.75374
Epoch 1704: loss=2.73900
Epoch 1705: loss=2.75042
Epoch 1706: loss=2.75761
Epoch 1707: loss=2.75161
Epoch 1708: loss=2.75610
Epoch 1709: loss=2.76198
Epoch 1710: loss=2.76337
Epoch 1711: loss=2.76878
Epoch 1712: loss=2.74641
Epoch 1713: loss=2.77790
Epoch 1714: loss=2.75368
Epoch 1715: loss=2.75873
Epoch 1716: loss=2.78528
Epoch 1717: loss=2.76291
Epoch 1718: loss=2.76647
Epoch 1719: loss=2.78263
Epoch 1720: loss=2.76717
Epoch 1721: loss=2.76063
Epoch 1722: loss=2.76609
Epoch 1723: loss=2.75604
Epoch 1724: loss=2.77600
Epoch 1725: loss=2.77785
Epoch 1726: loss=2.75915
Epoch 1727: loss=2.75745
Epoch 1728: loss=2.76855
Epoch 1729: loss=2.76779
Epoch 1730: loss=2.77473
Epoch 1731: loss=2.76434
Epoch 1732: loss=2.76478
Epoch 1733: loss=2.74928
Epoch 1734: loss=2.75187
Epoch 1735: loss=2.76314
Epoch 1736: loss=2.77053
Epoch 1737: loss=2.76574
Epoch 1738: loss=2.74983
Epoch 1739: loss=2.75521
Epoch 1740: loss=2.77925
Epoch 1741: loss=2.74892
Epoch 1742: loss=2.75388
Epoch 1743: loss=2.75907
Epoch 1744: loss=2.74238
Epoch 1745: loss=2.75360
Epoch 1746: loss=2.74023
Epoch 1747: loss=2.75442
Epoch 1748: loss=2.76986
Epoch 1749: loss=2.77987
Epoch 1750: loss=2.75897
Epoch 1751: loss=2.77070
Epoch 1752: loss=2.74849
Epoch 1753: loss=2.76071
Epoch 1754: loss=2.77041
Epoch 1755: loss=2.74170
Epoch 1756: loss=2.75996
Epoch 1757: loss=2.76699
Epoch 1758: loss=2.77431
Epoch 1759: loss=2.76834
Epoch 1760: loss=2.74593
Epoch 1761: loss=2.76410
Epoch 1762: loss=2.74582
Epoch 1763: loss=2.77625
Epoch 1764: loss=2.74912
Epoch 1765: loss=2.76536
Epoch 1766: loss=2.77143
Epoch 1767: loss=2.75962
Epoch 1768: loss=2.76512
Epoch 1769: loss=2.75774
Epoch 1770: loss=2.75564
Epoch 1771: loss=2.74897
Epoch 1772: loss=2.78690
Epoch 1773: loss=2.75932
Epoch 1774: loss=2.77604
Epoch 1775: loss=2.75807
Epoch 1776: loss=2.74750
Epoch 1777: loss=2.76450
Epoch 1778: loss=2.74545
Epoch 1779: loss=2.77114
Epoch 1780: loss=2.74178
Epoch 1781: loss=2.75620
Epoch 1782: loss=2.74037
Epoch 1783: loss=2.76890
Epoch 1784: loss=2.75993
Epoch 1785: loss=2.76151
Epoch 1786: loss=2.76063
Epoch 1787: loss=2.76238
Epoch 1788: loss=2.75864
Epoch 1789: loss=2.75691
Epoch 1790: loss=2.77035
Epoch 1791: loss=2.74758
Epoch 1792: loss=2.76798
Epoch 1793: loss=2.74673
Epoch 1794: loss=2.74697
Epoch 1795: loss=2.76151
Epoch 1796: loss=2.77071
Epoch 1797: loss=2.76657
Epoch 1798: loss=2.75981
Epoch 1799: loss=2.75171
Epoch 1800: loss=2.76934
Epoch 1801: loss=2.75650
Epoch 1802: loss=2.75311
Epoch 1803: loss=2.74413
Epoch 1804: loss=2.75043
Epoch 1805: loss=2.75357
Epoch 1806: loss=2.75500
Epoch 1807: loss=2.75375
Epoch 1808: loss=2.74917
Epoch 1809: loss=2.75291
Epoch 1810: loss=2.75791
Epoch 1811: loss=2.75389
Epoch 1812: loss=2.75248
Epoch 1813: loss=2.74885
Epoch 1814: loss=2.75592
Epoch 1815: loss=2.75254
Epoch 1816: loss=2.75381
Epoch 1817: loss=2.76350
Epoch 1818: loss=2.77965
Epoch 1819: loss=2.75535
Epoch 1820: loss=2.75580
Epoch 1821: loss=2.77585
Epoch 1822: loss=2.75365
Epoch 1823: loss=2.75965
Epoch 1824: loss=2.77426
Epoch 1825: loss=2.75125
Epoch 1826: loss=2.74803
Epoch 1827: loss=2.73899
Epoch 1828: loss=2.75809
Epoch 1829: loss=2.76109
Epoch 1830: loss=2.75945
Epoch 1831: loss=2.74886
Epoch 1832: loss=2.76465
Epoch 1833: loss=2.75005
Epoch 1834: loss=2.76287
Epoch 1835: loss=2.76042
Epoch 1836: loss=2.75308
Epoch 1837: loss=2.75832
Epoch 1838: loss=2.76998
Epoch 1839: loss=2.75134
Epoch 1840: loss=2.75429
Epoch 1841: loss=2.75620
Epoch 1842: loss=2.75501
Epoch 1843: loss=2.73821
Epoch 1844: loss=2.74386
Epoch 1845: loss=2.75004
Epoch 1846: loss=2.76955
Epoch 1847: loss=2.75877
Epoch 1848: loss=2.76720
Epoch 1849: loss=2.77501
Epoch 1850: loss=2.75024
Epoch 1851: loss=2.73654
Epoch 1852: loss=2.74484
Epoch 1853: loss=2.75611
Epoch 1854: loss=2.77128
Epoch 1855: loss=2.74418
Epoch 1856: loss=2.75077
Epoch 1857: loss=2.72993
Epoch 1858: loss=2.75629
Epoch 1859: loss=2.75994
Epoch 1860: loss=2.75526
Epoch 1861: loss=2.75329
Epoch 1862: loss=2.74799
Epoch 1863: loss=2.75827
Epoch 1864: loss=2.76649
Epoch 1865: loss=2.74555
Epoch 1866: loss=2.78560
Epoch 1867: loss=2.75629
Epoch 1868: loss=2.74635
Epoch 1869: loss=2.75154
Epoch 1870: loss=2.74088
Epoch 1871: loss=2.76086
Epoch 1872: loss=2.77334
Epoch 1873: loss=2.74435
Epoch 1874: loss=2.75923
Epoch 1875: loss=2.75344
Epoch 1876: loss=2.73249
Epoch 1877: loss=2.75796
Epoch 1878: loss=2.74206
Epoch 1879: loss=2.76313
Epoch 1880: loss=2.76577
Epoch 1881: loss=2.76023
Epoch 1882: loss=2.75482
Epoch 1883: loss=2.75772
Epoch 1884: loss=2.75017
Epoch 1885: loss=2.75198
Epoch 1886: loss=2.75940
Epoch 1887: loss=2.75873
Epoch 1888: loss=2.78257
Epoch 1889: loss=2.76391
Epoch 1890: loss=2.74591
Epoch 1891: loss=2.76958
Epoch 1892: loss=2.76511
Epoch 1893: loss=2.75445
Epoch 1894: loss=2.76435
Epoch 1895: loss=2.76350
Epoch 1896: loss=2.74142
Epoch 1897: loss=2.75646
Epoch 1898: loss=2.76800
Epoch 1899: loss=2.76207
Epoch 1900: loss=2.76908
Epoch 1901: loss=2.75425
Epoch 1902: loss=2.74952
Epoch 1903: loss=2.76725
Epoch 1904: loss=2.77183
Epoch 1905: loss=2.76753
Epoch 1906: loss=2.76374
Epoch 1907: loss=2.74235
Epoch 1908: loss=2.75895
Epoch 1909: loss=2.76459
Epoch 1910: loss=2.75195
Epoch 1911: loss=2.74197
Epoch 1912: loss=2.74694
Epoch 1913: loss=2.75833
Epoch 1914: loss=2.78027
Epoch 1915: loss=2.75874
Epoch 1916: loss=2.73844
Epoch 1917: loss=2.75615
Epoch 1918: loss=2.74320
Epoch 1919: loss=2.75216
Epoch 1920: loss=2.77664
Epoch 1921: loss=2.76964
Epoch 1922: loss=2.76197
Epoch 1923: loss=2.75374
Epoch 1924: loss=2.74928
Epoch 1925: loss=2.75137
Epoch 1926: loss=2.75315
Epoch 1927: loss=2.76519
Epoch 1928: loss=2.76432
Epoch 1929: loss=2.74983
Epoch 1930: loss=2.76888
Epoch 1931: loss=2.77015
Epoch 1932: loss=2.76994
Epoch 1933: loss=2.74974
Epoch 1934: loss=2.76547
Epoch 1935: loss=2.77971
Epoch 1936: loss=2.76491
Epoch 1937: loss=2.75585
Epoch 1938: loss=2.76956
Epoch 1939: loss=2.74629
Epoch 1940: loss=2.74374
Epoch 1941: loss=2.75159
Epoch 1942: loss=2.75621
Epoch 1943: loss=2.75923
Epoch 1944: loss=2.75918
Epoch 1945: loss=2.78596
Epoch 1946: loss=2.76149
Epoch 1947: loss=2.74017
Epoch 1948: loss=2.77342
Epoch 1949: loss=2.75950
Epoch 1950: loss=2.76043
Epoch 1951: loss=2.75152
Epoch 1952: loss=2.75508
Epoch 1953: loss=2.75910
Epoch 1954: loss=2.75650
Epoch 1955: loss=2.77447
Epoch 1956: loss=2.74147
Epoch 1957: loss=2.75295
Epoch 1958: loss=2.76525
Epoch 1959: loss=2.77178
Epoch 1960: loss=2.76013
Epoch 1961: loss=2.76007
Epoch 1962: loss=2.75528
Epoch 1963: loss=2.74907
Epoch 1964: loss=2.76504
Epoch 1965: loss=2.77046
Epoch 1966: loss=2.75185
Epoch 1967: loss=2.75363
Epoch 1968: loss=2.75594
Epoch 1969: loss=2.75652
Epoch 1970: loss=2.73695
Epoch 1971: loss=2.75332
Epoch 1972: loss=2.76579
Epoch 1973: loss=2.77686
Epoch 1974: loss=2.76474
Epoch 1975: loss=2.75348
Epoch 1976: loss=2.74616
Epoch 1977: loss=2.76415
Epoch 1978: loss=2.74843
Epoch 1979: loss=2.78938
Epoch 1980: loss=2.77880
Epoch 1981: loss=2.74282
Epoch 1982: loss=2.76173
Epoch 1983: loss=2.75955
Epoch 1984: loss=2.76318
Epoch 1985: loss=2.77429
Epoch 1986: loss=2.75871
Epoch 1987: loss=2.77264
Epoch 1988: loss=2.76192
Epoch 1989: loss=2.76618
Epoch 1990: loss=2.75261
Epoch 1991: loss=2.74913
Epoch 1992: loss=2.76710
Epoch 1993: loss=2.77129
Epoch 1994: loss=2.78928
Epoch 1995: loss=2.75527
Epoch 1996: loss=2.77583
Epoch 1997: loss=2.77786
Epoch 1998: loss=2.76682
Epoch 1999: loss=2.75005
Epoch 2000: loss=2.76230
Training accuracy: 0.156
Test accuracy: 0.063

File list dumped

Saved in file
