/home/venkat/Unreliable_Synaptic_Transmission/Deepti/DOPcodes/dataset/shddataset/
made weight variables and loss histogram
The file is present.
Epoch 1: loss=0.63775
Epoch 2: loss=0.63109
Epoch 3: loss=0.63135
Epoch 4: loss=0.63322
Epoch 5: loss=0.63493
Epoch 6: loss=0.62822
Epoch 7: loss=0.62888
Epoch 8: loss=0.62783
Epoch 9: loss=0.62396
Epoch 10: loss=0.62379
Trained for 10 epochs
Training accuracy: 0.860
Epoch 1: loss=0.61994
Epoch 2: loss=0.62448
Epoch 3: loss=0.62415
Epoch 4: loss=0.61710
Epoch 5: loss=0.62197
Epoch 6: loss=0.61972
Epoch 7: loss=0.62209
Epoch 8: loss=0.62066
Epoch 9: loss=0.62092
Epoch 10: loss=0.61272
Epoch 11: loss=0.61810
Epoch 12: loss=0.61679
Epoch 13: loss=0.61713
Epoch 14: loss=0.61441
Epoch 15: loss=0.61608
Epoch 16: loss=0.61683
Epoch 17: loss=0.61432
Epoch 18: loss=0.61170
Epoch 19: loss=0.60886
Epoch 20: loss=0.60994
Epoch 21: loss=0.61030
Epoch 22: loss=0.60489
Epoch 23: loss=0.60922
Epoch 24: loss=0.60828
Epoch 25: loss=0.60790
Epoch 26: loss=0.60452
Epoch 27: loss=0.60016
Epoch 28: loss=0.60387
Epoch 29: loss=0.60696
Epoch 30: loss=0.59804
Epoch 31: loss=0.60609
Epoch 32: loss=0.60116
Epoch 33: loss=0.60108
Epoch 34: loss=0.59509
Epoch 35: loss=0.59610
Epoch 36: loss=0.59573
Epoch 37: loss=0.59211
Epoch 38: loss=0.59931
Epoch 39: loss=0.59839
Epoch 40: loss=0.59280
Epoch 41: loss=0.59147
Epoch 42: loss=0.59367
Epoch 43: loss=0.59087
Epoch 44: loss=0.59248
Epoch 45: loss=0.59373
Epoch 46: loss=0.59291
Epoch 47: loss=0.58965
Epoch 48: loss=0.58397
Epoch 49: loss=0.58521
Epoch 50: loss=0.58533
Epoch 51: loss=0.58610
Epoch 52: loss=0.59180
Epoch 53: loss=0.58539
Epoch 54: loss=0.57958
Epoch 55: loss=0.58471
Epoch 56: loss=0.57973
Epoch 57: loss=0.57934
Epoch 58: loss=0.58025
Epoch 59: loss=0.57745
Epoch 60: loss=0.57975
Epoch 61: loss=0.57883
Epoch 62: loss=0.57959
Epoch 63: loss=0.57781
Epoch 64: loss=0.57617
Epoch 65: loss=0.58060
Epoch 66: loss=0.57717
Epoch 67: loss=0.57295
Epoch 68: loss=0.57320
Epoch 69: loss=0.56892
Epoch 70: loss=0.57989
Epoch 71: loss=0.56717
Epoch 72: loss=0.56911
Epoch 73: loss=0.57246
Epoch 74: loss=0.56999
Epoch 75: loss=0.56631
Epoch 76: loss=0.56877
Epoch 77: loss=0.56808
Epoch 78: loss=0.56512
Epoch 79: loss=0.56276
Epoch 80: loss=0.56480
Epoch 81: loss=0.56107
Epoch 82: loss=0.56499
Epoch 83: loss=0.56366
Epoch 84: loss=0.56225
Epoch 85: loss=0.55458
Epoch 86: loss=0.56076
Epoch 87: loss=0.56093
Epoch 88: loss=0.55910
Epoch 89: loss=0.55955
Epoch 90: loss=0.55403
Epoch 91: loss=0.55339
Epoch 92: loss=0.55413
Epoch 93: loss=0.55409
Epoch 94: loss=0.55538
Epoch 95: loss=0.55296
Epoch 96: loss=0.55241
Epoch 97: loss=0.55167
Epoch 98: loss=0.55566
Epoch 99: loss=0.54930
Epoch 100: loss=0.55133
Epoch 101: loss=0.54457
Epoch 102: loss=0.54750
Epoch 103: loss=0.54986
Epoch 104: loss=0.54724
Epoch 105: loss=0.54419
Epoch 106: loss=0.54486
Epoch 107: loss=0.54303
Epoch 108: loss=0.54236
Epoch 109: loss=0.54180
Epoch 110: loss=0.54370
Epoch 111: loss=0.54152
Epoch 112: loss=0.54257
Epoch 113: loss=0.54509
Epoch 114: loss=0.54117
Epoch 115: loss=0.53747
Epoch 116: loss=0.53397
Epoch 117: loss=0.53513
Epoch 118: loss=0.53248
Epoch 119: loss=0.53895
Epoch 120: loss=0.52971
Epoch 121: loss=0.53657
Epoch 122: loss=0.53291
Epoch 123: loss=0.53291
Epoch 124: loss=0.53462
Epoch 125: loss=0.53237
Epoch 126: loss=0.53089
Epoch 127: loss=0.52622
Epoch 128: loss=0.52694
Epoch 129: loss=0.53467
Epoch 130: loss=0.53107
Epoch 131: loss=0.52758
Epoch 132: loss=0.52443
Epoch 133: loss=0.52906
Epoch 134: loss=0.52633
Epoch 135: loss=0.52489
Epoch 136: loss=0.52471
Epoch 137: loss=0.52707
Epoch 138: loss=0.52189
Epoch 139: loss=0.51882
Epoch 140: loss=0.52296
Epoch 141: loss=0.51491
Epoch 142: loss=0.51460
Epoch 143: loss=0.52330
Epoch 144: loss=0.51571
Epoch 145: loss=0.51796
Epoch 146: loss=0.52044
Epoch 147: loss=0.51717
Epoch 148: loss=0.51618
Epoch 149: loss=0.51386
Epoch 150: loss=0.51516
Epoch 151: loss=0.50760
Epoch 152: loss=0.51163
Epoch 153: loss=0.51363
Epoch 154: loss=0.51492
Epoch 155: loss=0.51686
Epoch 156: loss=0.51438
Epoch 157: loss=0.50482
Epoch 158: loss=0.50515
Epoch 159: loss=0.51008
Epoch 160: loss=0.50661
Epoch 161: loss=0.50772
Epoch 162: loss=0.50973
Epoch 163: loss=0.50412
Epoch 164: loss=0.50129
Epoch 165: loss=0.50391
Epoch 166: loss=0.50278
Epoch 167: loss=0.50465
Epoch 168: loss=0.50289
Epoch 169: loss=0.50097
Epoch 170: loss=0.50155
Epoch 171: loss=0.50353
Epoch 172: loss=0.49846
Epoch 173: loss=0.50277
Epoch 174: loss=0.50076
Epoch 175: loss=0.49628
Epoch 176: loss=0.49016
Epoch 177: loss=0.49865
Epoch 178: loss=0.49402
Epoch 179: loss=0.50341
Epoch 180: loss=0.49759
Epoch 181: loss=0.49785
Epoch 182: loss=0.49293
Epoch 183: loss=0.49390
Epoch 184: loss=0.48958
Epoch 185: loss=0.48960
Epoch 186: loss=0.48928
Epoch 187: loss=0.49440
Epoch 188: loss=0.49088
Epoch 189: loss=0.49356
Epoch 190: loss=0.49288
Epoch 191: loss=0.48855
Epoch 192: loss=0.48899
Epoch 193: loss=0.49090
Epoch 194: loss=0.48909
Epoch 195: loss=0.49034
Epoch 196: loss=0.48724
Epoch 197: loss=0.48111
Epoch 198: loss=0.48456
Epoch 199: loss=0.48784
Epoch 200: loss=0.48476
Epoch 201: loss=0.48441
Epoch 202: loss=0.48495
Epoch 203: loss=0.48229
Epoch 204: loss=0.48340
Epoch 205: loss=0.48244
Epoch 206: loss=0.47947
Epoch 207: loss=0.48550
Epoch 208: loss=0.48443
Epoch 209: loss=0.48057
Epoch 210: loss=0.48061
Epoch 211: loss=0.47364
Epoch 212: loss=0.47135
Epoch 213: loss=0.47320
Epoch 214: loss=0.47148
Epoch 215: loss=0.47714
Epoch 216: loss=0.47310
Epoch 217: loss=0.47168
Epoch 218: loss=0.47522
Epoch 219: loss=0.46804
Epoch 220: loss=0.47219
Epoch 221: loss=0.47837
Epoch 222: loss=0.47120
Epoch 223: loss=0.46901
Epoch 224: loss=0.47380
Epoch 225: loss=0.47082
Epoch 226: loss=0.46534
Epoch 227: loss=0.46954
Epoch 228: loss=0.46860
Epoch 229: loss=0.46727
Epoch 230: loss=0.46799
Epoch 231: loss=0.46745
Epoch 232: loss=0.46703
Epoch 233: loss=0.46525
Epoch 234: loss=0.46503
Epoch 235: loss=0.46702
Epoch 236: loss=0.45808
Epoch 237: loss=0.46113
Epoch 238: loss=0.46503
Epoch 239: loss=0.46005
Epoch 240: loss=0.46030
Epoch 241: loss=0.47180
Epoch 242: loss=0.46601
Epoch 243: loss=0.46231
Epoch 244: loss=0.46301
Epoch 245: loss=0.46042
Epoch 246: loss=0.45606
Epoch 247: loss=0.45752
Epoch 248: loss=0.45966
Epoch 249: loss=0.45969
Epoch 250: loss=0.45669
Epoch 251: loss=0.45895
Epoch 252: loss=0.45557
Epoch 253: loss=0.45091
Epoch 254: loss=0.45736
Epoch 255: loss=0.46058
Epoch 256: loss=0.45416
Epoch 257: loss=0.45647
Epoch 258: loss=0.45226
Epoch 259: loss=0.45329
Epoch 260: loss=0.45242
Epoch 261: loss=0.45504
Epoch 262: loss=0.45028
Epoch 263: loss=0.45313
Epoch 264: loss=0.44929
Epoch 265: loss=0.45081
Epoch 266: loss=0.44850
Epoch 267: loss=0.44500
Epoch 268: loss=0.44754
Epoch 269: loss=0.44723
Epoch 270: loss=0.44538
Epoch 271: loss=0.44861
Epoch 272: loss=0.45097
Epoch 273: loss=0.44321
Epoch 274: loss=0.44606
Epoch 275: loss=0.44720
Epoch 276: loss=0.43990
Epoch 277: loss=0.44687
Epoch 278: loss=0.44312
Epoch 279: loss=0.44846
Epoch 280: loss=0.44742
Epoch 281: loss=0.43992
Epoch 282: loss=0.44560
Epoch 283: loss=0.44149
Epoch 284: loss=0.44216
Epoch 285: loss=0.44001
Epoch 286: loss=0.44289
Epoch 287: loss=0.44172
Epoch 288: loss=0.43754
Epoch 289: loss=0.43693
Epoch 290: loss=0.43721
Epoch 291: loss=0.43163
Epoch 292: loss=0.43523
Epoch 293: loss=0.43432
Epoch 294: loss=0.43543
Epoch 295: loss=0.43560
Epoch 296: loss=0.43399
Epoch 297: loss=0.43603
Epoch 298: loss=0.43200
Epoch 299: loss=0.43556
Epoch 300: loss=0.43059
Epoch 301: loss=0.43425
Epoch 302: loss=0.42993
Epoch 303: loss=0.43166
Epoch 304: loss=0.43136
Epoch 305: loss=0.43010
Epoch 306: loss=0.42677
Epoch 307: loss=0.43078
Epoch 308: loss=0.42944
Epoch 309: loss=0.42753
Epoch 310: loss=0.42829
Epoch 311: loss=0.42693
Epoch 312: loss=0.42885
Epoch 313: loss=0.42856
Epoch 314: loss=0.42460
Epoch 315: loss=0.42446
Epoch 316: loss=0.42697
Epoch 317: loss=0.42405
Epoch 318: loss=0.42733
Epoch 319: loss=0.42694
Epoch 320: loss=0.42150
Epoch 321: loss=0.42400
Epoch 322: loss=0.42112
Epoch 323: loss=0.42223
Epoch 324: loss=0.41962
Epoch 325: loss=0.42258
Epoch 326: loss=0.42233
Epoch 327: loss=0.41895
Epoch 328: loss=0.41935
Epoch 329: loss=0.41904
Epoch 330: loss=0.41724
Epoch 331: loss=0.42288
Epoch 332: loss=0.42097
Epoch 333: loss=0.41963
Epoch 334: loss=0.41853
Epoch 335: loss=0.41746
Epoch 336: loss=0.41286
Epoch 337: loss=0.41770
Epoch 338: loss=0.42126
Epoch 339: loss=0.41625
Epoch 340: loss=0.41396
Epoch 341: loss=0.41272
Epoch 342: loss=0.41426
Epoch 343: loss=0.41051
Epoch 344: loss=0.41908
Epoch 345: loss=0.41143
Epoch 346: loss=0.42156
Epoch 347: loss=0.41604
Epoch 348: loss=0.41297
Epoch 349: loss=0.41351
Epoch 350: loss=0.41203
Epoch 351: loss=0.41257
Epoch 352: loss=0.41435
Epoch 353: loss=0.40916
Epoch 354: loss=0.40802
Epoch 355: loss=0.41006
Epoch 356: loss=0.40833
Epoch 357: loss=0.40281
Epoch 358: loss=0.41106
Epoch 359: loss=0.41150
Epoch 360: loss=0.40864
Epoch 361: loss=0.40769
Epoch 362: loss=0.40656
Epoch 363: loss=0.40940
Epoch 364: loss=0.40257
Epoch 365: loss=0.41011
Epoch 366: loss=0.40666
Epoch 367: loss=0.40477
Epoch 368: loss=0.40110
Epoch 369: loss=0.40511
Epoch 370: loss=0.39914
Epoch 371: loss=0.40301
Epoch 372: loss=0.40431
Epoch 373: loss=0.40358
Epoch 374: loss=0.40233
Epoch 375: loss=0.40404
Epoch 376: loss=0.40323
Epoch 377: loss=0.40251
Epoch 378: loss=0.40301
Epoch 379: loss=0.40374
Epoch 380: loss=0.40484
Epoch 381: loss=0.40058
Epoch 382: loss=0.39952
Epoch 383: loss=0.39740
Epoch 384: loss=0.39914
Epoch 385: loss=0.39975
Epoch 386: loss=0.39727
Epoch 387: loss=0.39465
Epoch 388: loss=0.39510
Epoch 389: loss=0.39514
Epoch 390: loss=0.39644
Epoch 391: loss=0.39487
Epoch 392: loss=0.39643
Epoch 393: loss=0.39518
Epoch 394: loss=0.39520
Epoch 395: loss=0.39333
Epoch 396: loss=0.39113
Epoch 397: loss=0.38974
Epoch 398: loss=0.39016
Epoch 399: loss=0.38928
Epoch 400: loss=0.39351
Epoch 401: loss=0.39463
Epoch 402: loss=0.39324
Epoch 403: loss=0.38956
Epoch 404: loss=0.39302
Epoch 405: loss=0.39306
Epoch 406: loss=0.39194
Epoch 407: loss=0.39169
Epoch 408: loss=0.38982
Epoch 409: loss=0.39060
Epoch 410: loss=0.38441
Epoch 411: loss=0.38732
Epoch 412: loss=0.38774
Epoch 413: loss=0.38569
Epoch 414: loss=0.38544
Epoch 415: loss=0.38814
Epoch 416: loss=0.38608
Epoch 417: loss=0.38398
Epoch 418: loss=0.38611
Epoch 419: loss=0.38706
Epoch 420: loss=0.38527
Epoch 421: loss=0.38383
Epoch 422: loss=0.38352
Epoch 423: loss=0.38213
Epoch 424: loss=0.38591
Epoch 425: loss=0.38384
Epoch 426: loss=0.38560
Epoch 427: loss=0.37796
Epoch 428: loss=0.38192
Epoch 429: loss=0.38410
Epoch 430: loss=0.38224
Epoch 431: loss=0.37712
Epoch 432: loss=0.37889
Epoch 433: loss=0.38085
Epoch 434: loss=0.38152
Epoch 435: loss=0.37875
Epoch 436: loss=0.37912
Epoch 437: loss=0.38178
Epoch 438: loss=0.37792
Epoch 439: loss=0.37942
Epoch 440: loss=0.38186
Epoch 441: loss=0.38091
Epoch 442: loss=0.37868
Epoch 443: loss=0.37780
Epoch 444: loss=0.37882
Epoch 445: loss=0.37539
Epoch 446: loss=0.37969
Epoch 447: loss=0.37612
Epoch 448: loss=0.37571
Epoch 449: loss=0.37221
Epoch 450: loss=0.37131
Epoch 451: loss=0.37904
Epoch 452: loss=0.37491
Epoch 453: loss=0.37585
Epoch 454: loss=0.37295
Epoch 455: loss=0.37511
Epoch 456: loss=0.37231
Epoch 457: loss=0.37005
Epoch 458: loss=0.37263
Epoch 459: loss=0.37302
Epoch 460: loss=0.37223
Epoch 461: loss=0.37066
Epoch 462: loss=0.37079
Epoch 463: loss=0.36992
Epoch 464: loss=0.36791
Epoch 465: loss=0.36989
Epoch 466: loss=0.36974
Epoch 467: loss=0.36833
Epoch 468: loss=0.36604
Epoch 469: loss=0.36709
Epoch 470: loss=0.37098
Epoch 471: loss=0.36591
Epoch 472: loss=0.36767
Epoch 473: loss=0.36850
Epoch 474: loss=0.36746
Epoch 475: loss=0.36610
Epoch 476: loss=0.36823
Epoch 477: loss=0.36395
Epoch 478: loss=0.36595
Epoch 479: loss=0.36360
Epoch 480: loss=0.36318
Epoch 481: loss=0.36586
Epoch 482: loss=0.36738
Epoch 483: loss=0.36494
Epoch 484: loss=0.36544
Epoch 485: loss=0.36631
Epoch 486: loss=0.36213
Epoch 487: loss=0.35658
Epoch 488: loss=0.36436
Epoch 489: loss=0.36108
Epoch 490: loss=0.36743
Epoch 491: loss=0.36148
Epoch 492: loss=0.36353
Epoch 493: loss=0.35912
Epoch 494: loss=0.36127
Epoch 495: loss=0.36793
Epoch 496: loss=0.35904
Epoch 497: loss=0.35605
Epoch 498: loss=0.35802
Epoch 499: loss=0.35881
Epoch 500: loss=0.35906
Training accuracy: 0.934
Test accuracy: 0.474

File list dumped

Saved in file
