/home/venkat/Unreliable_Synaptic_Transmission/Deepti/DOPcodes/dataset/shddataset/
made weight variables and loss histogram
The file is present.
Epoch 1: loss=0.42913
Epoch 2: loss=0.43719
Epoch 3: loss=0.41829
Epoch 4: loss=0.42003
Epoch 5: loss=0.41859
Epoch 6: loss=0.42779
Epoch 7: loss=0.41795
Epoch 8: loss=0.41729
Epoch 9: loss=0.41516
Epoch 10: loss=0.41802
Trained for 10 epochs
Training accuracy: 0.921
Epoch 1: loss=0.40968
Epoch 2: loss=0.41105
Epoch 3: loss=0.41313
Epoch 4: loss=0.41257
Epoch 5: loss=0.40720
Epoch 6: loss=0.40952
Epoch 7: loss=0.40833
Epoch 8: loss=0.41449
Epoch 9: loss=0.40420
Epoch 10: loss=0.40428
Epoch 11: loss=0.40614
Epoch 12: loss=0.40252
Epoch 13: loss=0.40718
Epoch 14: loss=0.40311
Epoch 15: loss=0.40358
Epoch 16: loss=0.40669
Epoch 17: loss=0.40339
Epoch 18: loss=0.40205
Epoch 19: loss=0.40025
Epoch 20: loss=0.40231
Epoch 21: loss=0.40146
Epoch 22: loss=0.40117
Epoch 23: loss=0.40200
Epoch 24: loss=0.39260
Epoch 25: loss=0.39270
Epoch 26: loss=0.39362
Epoch 27: loss=0.38597
Epoch 28: loss=0.39243
Epoch 29: loss=0.39079
Epoch 30: loss=0.38267
Epoch 31: loss=0.39343
Epoch 32: loss=0.38940
Epoch 33: loss=0.38551
Epoch 34: loss=0.38985
Epoch 35: loss=0.38530
Epoch 36: loss=0.38655
Epoch 37: loss=0.38199
Epoch 38: loss=0.38641
Epoch 39: loss=0.38086
Epoch 40: loss=0.37979
Epoch 41: loss=0.38144
Epoch 42: loss=0.38189
Epoch 43: loss=0.37467
Epoch 44: loss=0.37753
Epoch 45: loss=0.37544
Epoch 46: loss=0.37487
Epoch 47: loss=0.37175
Epoch 48: loss=0.37946
Epoch 49: loss=0.37212
Epoch 50: loss=0.37592
Epoch 51: loss=0.37237
Epoch 52: loss=0.37860
Epoch 53: loss=0.36787
Epoch 54: loss=0.37036
Epoch 55: loss=0.37089
Epoch 56: loss=0.37009
Epoch 57: loss=0.36808
Epoch 58: loss=0.37126
Epoch 59: loss=0.37075
Epoch 60: loss=0.36213
Epoch 61: loss=0.36392
Epoch 62: loss=0.36466
Epoch 63: loss=0.36170
Epoch 64: loss=0.36649
Epoch 65: loss=0.36719
Epoch 66: loss=0.36236
Epoch 67: loss=0.36235
Epoch 68: loss=0.36148
Epoch 69: loss=0.35924
Epoch 70: loss=0.36039
Epoch 71: loss=0.36196
Epoch 72: loss=0.35707
Epoch 73: loss=0.35774
Epoch 74: loss=0.35951
Epoch 75: loss=0.35961
Epoch 76: loss=0.35967
Epoch 77: loss=0.36189
Epoch 78: loss=0.35513
Epoch 79: loss=0.36616
Epoch 80: loss=0.36185
Training accuracy: 0.932
Test accuracy: 0.532

File list dumped

Saved in file
[2.315997362136841, 2.2735151706203336, 2.23117236937246, 2.203070617491199, 2.156364679336548, 2.115734488733353, 2.0950332533928657, 2.063440180593921, 2.0294586189331545, 2.0034416183348625, 1.9709945878674906, 1.9539089164426249, 1.917777015316871, 1.9010453185727518, 1.864841349663273, 1.8224930917063067, 1.7920099035386117, 1.790120082516824, 1.7447612785523938, 1.7218027999324184, 1.6887386191275813, 1.6754987162928427, 1.63824011048963, 1.612958538916803, 1.582953933746584, 1.5872169117773733, 1.55424464133478, 1.5369406131006056, 1.514212150727549, 1.5055429743182274, 1.48556149390436, 1.462578123615634, 1.4443300770175072, 1.438080737667699, 1.4083941482728528, 1.3902377543910858, 1.3832598040180821, 1.3727694249922229, 1.3462002546556535, 1.3225323230989519, 1.320110974773284, 1.3111799532367336, 1.2820471909738356, 1.277825690084888, 1.2565505543062765, 1.2539826362363753, 1.241489298882023, 1.2095615402344735, 1.2098284844429261, 1.1920227235363376, 1.1821740404252084, 1.177522632383531, 1.1579213988396428, 1.1406715146956905, 1.1372828329763105, 1.1113725593013148, 1.1239244284168366, 1.1113046176971928, 1.1020101270368021, 1.0756615208041282, 1.07936018513095, 1.0616242020360884, 1.0538323713887123, 1.05057313365321, 1.0324526275357893, 1.0312886757235373, 1.0274741841900734, 1.0112277307818014, 1.0021235135293776, 0.9901039081235086, 0.9908529058579476, 0.9853328024187396, 0.9724144781789472, 0.9587781198563115, 0.9570655765071991, 0.9447047018235729, 0.939626980212427, 0.9390667753834878, 0.9255616530295341, 0.916070693923581]
256 units code and uniform weight stores correctly? 
