/home/venkat/Unreliable_Synaptic_Transmission/Deepti/DOPcodes/dataset/shddataset/
made weight variables and loss histogram
File not present
Uniform distribution initialization for weights
Epoch 1: loss=11.49820
Epoch 2: loss=3.41537
Epoch 3: loss=2.95801
Epoch 4: loss=2.82660
Epoch 5: loss=2.72831
Epoch 6: loss=2.62502
Epoch 7: loss=2.53751
Epoch 8: loss=2.46930
Epoch 9: loss=2.42604
Epoch 10: loss=2.36957
Trained for 10 epochs
Training accuracy: 0.338
Epoch 1: loss=2.31600
Epoch 2: loss=2.27352
Epoch 3: loss=2.23117
Epoch 4: loss=2.20307
Epoch 5: loss=2.15636
Epoch 6: loss=2.11573
Epoch 7: loss=2.09503
Epoch 8: loss=2.06344
Epoch 9: loss=2.02946
Epoch 10: loss=2.00344
Epoch 11: loss=1.97099
Epoch 12: loss=1.95391
Epoch 13: loss=1.91778
Epoch 14: loss=1.90105
Epoch 15: loss=1.86484
Epoch 16: loss=1.82249
Epoch 17: loss=1.79201
Epoch 18: loss=1.79012
Epoch 19: loss=1.74476
Epoch 20: loss=1.72180
Epoch 21: loss=1.68874
Epoch 22: loss=1.67550
Epoch 23: loss=1.63824
Epoch 24: loss=1.61296
Epoch 25: loss=1.58295
Epoch 26: loss=1.58722
Epoch 27: loss=1.55424
Epoch 28: loss=1.53694
Epoch 29: loss=1.51421
Epoch 30: loss=1.50554
Epoch 31: loss=1.48556
Epoch 32: loss=1.46258
Epoch 33: loss=1.44433
Epoch 34: loss=1.43808
Epoch 35: loss=1.40839
Epoch 36: loss=1.39024
Epoch 37: loss=1.38326
Epoch 38: loss=1.37277
Epoch 39: loss=1.34620
Epoch 40: loss=1.32253
Epoch 41: loss=1.32011
Epoch 42: loss=1.31118
Epoch 43: loss=1.28205
Epoch 44: loss=1.27783
Epoch 45: loss=1.25655
Epoch 46: loss=1.25398
Epoch 47: loss=1.24149
Epoch 48: loss=1.20956
Epoch 49: loss=1.20983
Epoch 50: loss=1.19202
Epoch 51: loss=1.18217
Epoch 52: loss=1.17752
Epoch 53: loss=1.15792
Epoch 54: loss=1.14067
Epoch 55: loss=1.13728
Epoch 56: loss=1.11137
Epoch 57: loss=1.12392
Epoch 58: loss=1.11130
Epoch 59: loss=1.10201
Epoch 60: loss=1.07566
Epoch 61: loss=1.07936
Epoch 62: loss=1.06162
Epoch 63: loss=1.05383
Epoch 64: loss=1.05057
Epoch 65: loss=1.03245
Epoch 66: loss=1.03129
Epoch 67: loss=1.02747
Epoch 68: loss=1.01123
Epoch 69: loss=1.00212
Epoch 70: loss=0.99010
Epoch 71: loss=0.99085
Epoch 72: loss=0.98533
Epoch 73: loss=0.97241
Epoch 74: loss=0.95878
Epoch 75: loss=0.95707
Epoch 76: loss=0.94470
Epoch 77: loss=0.93963
Epoch 78: loss=0.93907
Epoch 79: loss=0.92556
Epoch 80: loss=0.91607
Training accuracy: 0.777
Test accuracy: 0.505

File list dumped

Saved in file
[2.315997362136841, 2.2735151706203336, 2.23117236937246, 2.203070617491199, 2.156364679336548, 2.115734488733353, 2.0950332533928657, 2.063440180593921, 2.0294586189331545, 2.0034416183348625, 1.9709945878674906, 1.9539089164426249, 1.917777015316871, 1.9010453185727518, 1.864841349663273, 1.8224930917063067, 1.7920099035386117, 1.790120082516824, 1.7447612785523938, 1.7218027999324184, 1.6887386191275813, 1.6754987162928427, 1.63824011048963, 1.612958538916803, 1.582953933746584, 1.5872169117773733, 1.55424464133478, 1.5369406131006056, 1.514212150727549, 1.5055429743182274, 1.48556149390436, 1.462578123615634, 1.4443300770175072, 1.438080737667699, 1.4083941482728528, 1.3902377543910858, 1.3832598040180821, 1.3727694249922229, 1.3462002546556535, 1.3225323230989519, 1.320110974773284, 1.3111799532367336, 1.2820471909738356, 1.277825690084888, 1.2565505543062765, 1.2539826362363753, 1.241489298882023, 1.2095615402344735, 1.2098284844429261, 1.1920227235363376, 1.1821740404252084, 1.177522632383531, 1.1579213988396428, 1.1406715146956905, 1.1372828329763105, 1.1113725593013148, 1.1239244284168366, 1.1113046176971928, 1.1020101270368021, 1.0756615208041282, 1.07936018513095, 1.0616242020360884, 1.0538323713887123, 1.05057313365321, 1.0324526275357893, 1.0312886757235373, 1.0274741841900734, 1.0112277307818014, 1.0021235135293776, 0.9901039081235086, 0.9908529058579476, 0.9853328024187396, 0.9724144781789472, 0.9587781198563115, 0.9570655765071991, 0.9447047018235729, 0.939626980212427, 0.9390667753834878, 0.9255616530295341, 0.916070693923581]
256 units code and uniform weight stores correctly? 
