/home/venkat/Unreliable_Synaptic_Transmission/Deepti/DOPcodes/dataset/shddataset/
made weight variables and loss histogram
The file is present.
Epoch 1: loss=0.35236
Epoch 2: loss=0.35778
Epoch 3: loss=0.35324
Epoch 4: loss=0.35421
Epoch 5: loss=0.35273
Epoch 6: loss=0.35110
Epoch 7: loss=0.35599
Epoch 8: loss=0.34886
Epoch 9: loss=0.34499
Epoch 10: loss=0.35453
Trained for 10 epochs
Training accuracy: 0.925
Epoch 1: loss=0.34821
Epoch 2: loss=0.35397
Epoch 3: loss=0.35014
Epoch 4: loss=0.35164
Epoch 5: loss=0.34215
Epoch 6: loss=0.34767
Epoch 7: loss=0.35031
Epoch 8: loss=0.34800
Epoch 9: loss=0.34584
Epoch 10: loss=0.34667
Epoch 11: loss=0.34563
Epoch 12: loss=0.34904
Epoch 13: loss=0.34420
Epoch 14: loss=0.34279
Epoch 15: loss=0.34321
Epoch 16: loss=0.34290
Epoch 17: loss=0.34230
Epoch 18: loss=0.33875
Epoch 19: loss=0.34287
Epoch 20: loss=0.34292
Epoch 21: loss=0.33946
Epoch 22: loss=0.34198
Epoch 23: loss=0.34083
Epoch 24: loss=0.34120
Epoch 25: loss=0.33901
Epoch 26: loss=0.33420
Epoch 27: loss=0.33674
Epoch 28: loss=0.33943
Epoch 29: loss=0.34097
Epoch 30: loss=0.33988
Epoch 31: loss=0.33320
Epoch 32: loss=0.33571
Epoch 33: loss=0.33249
Epoch 34: loss=0.33783
Epoch 35: loss=0.33860
Epoch 36: loss=0.33608
Epoch 37: loss=0.33689
Epoch 38: loss=0.33903
Epoch 39: loss=0.33826
Epoch 40: loss=0.33270
Epoch 41: loss=0.33497
Epoch 42: loss=0.33356
Epoch 43: loss=0.32882
Epoch 44: loss=0.33814
Epoch 45: loss=0.33370
Epoch 46: loss=0.33011
Epoch 47: loss=0.33200
Epoch 48: loss=0.33259
Epoch 49: loss=0.33416
Epoch 50: loss=0.33592
Epoch 51: loss=0.33310
Epoch 52: loss=0.33185
Epoch 53: loss=0.33090
Epoch 54: loss=0.33258
Epoch 55: loss=0.33125
Epoch 56: loss=0.32725
Epoch 57: loss=0.33004
Epoch 58: loss=0.33017
Epoch 59: loss=0.32448
Epoch 60: loss=0.32373
Epoch 61: loss=0.32839
Epoch 62: loss=0.32655
Epoch 63: loss=0.32544
Epoch 64: loss=0.32909
Epoch 65: loss=0.32538
Epoch 66: loss=0.32453
Epoch 67: loss=0.32449
Epoch 68: loss=0.32149
Epoch 69: loss=0.32419
Epoch 70: loss=0.32161
Epoch 71: loss=0.32009
Epoch 72: loss=0.32245
Epoch 73: loss=0.32294
Epoch 74: loss=0.32068
Epoch 75: loss=0.32779
Epoch 76: loss=0.31654
Epoch 77: loss=0.32665
Epoch 78: loss=0.32190
Epoch 79: loss=0.32401
Epoch 80: loss=0.32483
Training accuracy: 0.934
Test accuracy: 0.514

File list dumped

Saved in file
[2.315997362136841, 2.2735151706203336, 2.23117236937246, 2.203070617491199, 2.156364679336548, 2.115734488733353, 2.0950332533928657, 2.063440180593921, 2.0294586189331545, 2.0034416183348625, 1.9709945878674906, 1.9539089164426249, 1.917777015316871, 1.9010453185727518, 1.864841349663273, 1.8224930917063067, 1.7920099035386117, 1.790120082516824, 1.7447612785523938, 1.7218027999324184, 1.6887386191275813, 1.6754987162928427, 1.63824011048963, 1.612958538916803, 1.582953933746584, 1.5872169117773733, 1.55424464133478, 1.5369406131006056, 1.514212150727549, 1.5055429743182274, 1.48556149390436, 1.462578123615634, 1.4443300770175072, 1.438080737667699, 1.4083941482728528, 1.3902377543910858, 1.3832598040180821, 1.3727694249922229, 1.3462002546556535, 1.3225323230989519, 1.320110974773284, 1.3111799532367336, 1.2820471909738356, 1.277825690084888, 1.2565505543062765, 1.2539826362363753, 1.241489298882023, 1.2095615402344735, 1.2098284844429261, 1.1920227235363376, 1.1821740404252084, 1.177522632383531, 1.1579213988396428, 1.1406715146956905, 1.1372828329763105, 1.1113725593013148, 1.1239244284168366, 1.1113046176971928, 1.1020101270368021, 1.0756615208041282, 1.07936018513095, 1.0616242020360884, 1.0538323713887123, 1.05057313365321, 1.0324526275357893, 1.0312886757235373, 1.0274741841900734, 1.0112277307818014, 1.0021235135293776, 0.9901039081235086, 0.9908529058579476, 0.9853328024187396, 0.9724144781789472, 0.9587781198563115, 0.9570655765071991, 0.9447047018235729, 0.939626980212427, 0.9390667753834878, 0.9255616530295341, 0.916070693923581]
256 units code and uniform weight stores correctly? 
