/home/venkat/Unreliable_Synaptic_Transmission/Deepti/DOPcodes/SHD/dataset/shddataset/
File not present for network with uniform weight initialisation
Initialised with numbers from uniform distribution
Epoch 1: loss=18.76171
Epoch 2: loss=3.57330
Epoch 3: loss=3.12625
Epoch 4: loss=2.86697
Epoch 5: loss=2.73581
Epoch 6: loss=2.62990
Epoch 7: loss=2.53436
Epoch 8: loss=2.41096
Epoch 9: loss=2.36540
Epoch 10: loss=2.26694
Trained for 10 epochs
Training accuracy: 0.406
Epoch 1: loss=2.18809
Epoch 2: loss=2.11151
Epoch 3: loss=2.02986
Epoch 4: loss=1.93661
Epoch 5: loss=1.87721
Epoch 6: loss=1.82776
Epoch 7: loss=1.79463
Epoch 8: loss=1.69978
Epoch 9: loss=1.64406
Epoch 10: loss=1.63117
Epoch 11: loss=1.53781
Epoch 12: loss=1.46631
Epoch 13: loss=1.46197
Epoch 14: loss=1.39914
Epoch 15: loss=1.37315
Epoch 16: loss=1.33718
Epoch 17: loss=1.32231
Epoch 18: loss=1.27363
Epoch 19: loss=1.26754
Epoch 20: loss=1.23015
Epoch 21: loss=1.21135
Epoch 22: loss=1.18326
Epoch 23: loss=1.16832
Epoch 24: loss=1.16120
Epoch 25: loss=1.15648
Epoch 26: loss=1.11557
Epoch 27: loss=1.10707
Epoch 28: loss=1.07897
Epoch 29: loss=1.06447
Epoch 30: loss=1.07995
Epoch 31: loss=1.04443
Epoch 32: loss=1.00827
Epoch 33: loss=1.00796
Epoch 34: loss=0.98300
Epoch 35: loss=0.95769
Epoch 36: loss=0.95368
Epoch 37: loss=0.92557
Epoch 38: loss=0.93021
Epoch 39: loss=0.91687
Epoch 40: loss=0.89801
Epoch 41: loss=0.91845
Epoch 42: loss=0.88073
Epoch 43: loss=0.85267
Epoch 44: loss=0.85147
Epoch 45: loss=0.85384
Epoch 46: loss=0.81581
Epoch 47: loss=0.85110
Epoch 48: loss=0.85418
Epoch 49: loss=0.80220
Epoch 50: loss=0.79877
Epoch 51: loss=0.79268
Epoch 52: loss=0.76939
Epoch 53: loss=0.78257
Epoch 54: loss=0.77912
Epoch 55: loss=0.74289
Epoch 56: loss=0.74380
Epoch 57: loss=0.73797
Epoch 58: loss=0.72429
Epoch 59: loss=0.73915
Epoch 60: loss=0.71430
Epoch 61: loss=0.70363
Epoch 62: loss=0.69998
Epoch 63: loss=0.67423
Epoch 64: loss=0.67085
Epoch 65: loss=0.66537
Epoch 66: loss=0.66335
Epoch 67: loss=0.66422
Epoch 68: loss=0.68279
Epoch 69: loss=0.64031
Epoch 70: loss=0.66100
Epoch 71: loss=0.65448
Epoch 72: loss=0.65553
Epoch 73: loss=0.62211
Epoch 74: loss=0.62838
Epoch 75: loss=0.64052
Epoch 76: loss=0.64726
Epoch 77: loss=0.57297
Epoch 78: loss=0.60448
Epoch 79: loss=0.59059
Epoch 80: loss=0.57865
Epoch 81: loss=0.59430
Epoch 82: loss=0.59136
Epoch 83: loss=0.57975
Epoch 84: loss=0.55327
Epoch 85: loss=0.55907
Epoch 86: loss=0.56894
Epoch 87: loss=0.53306
Epoch 88: loss=0.55615
Epoch 89: loss=0.53416
Epoch 90: loss=0.53123
Epoch 91: loss=0.54879
Epoch 92: loss=0.50672
Epoch 93: loss=0.50377
Epoch 94: loss=0.52787
Epoch 95: loss=0.52520
Epoch 96: loss=0.51597
Epoch 97: loss=0.50128
Epoch 98: loss=0.48897
Epoch 99: loss=0.48045
Epoch 100: loss=0.48607
Epoch 101: loss=0.45334
Epoch 102: loss=0.47468
Epoch 103: loss=0.48490
Epoch 104: loss=0.47644
Epoch 105: loss=0.46360
Epoch 106: loss=0.46862
Epoch 107: loss=0.46102
Epoch 108: loss=0.46176
Epoch 109: loss=0.46795
Epoch 110: loss=0.45431
Epoch 111: loss=0.47600
Epoch 112: loss=0.47052
Epoch 113: loss=0.46292
Epoch 114: loss=0.45410
Epoch 115: loss=0.44865
Epoch 116: loss=0.45108
Epoch 117: loss=0.43848
Epoch 118: loss=0.42287
Epoch 119: loss=0.42770
Epoch 120: loss=0.44580
Epoch 121: loss=0.44277
Epoch 122: loss=0.42708
Epoch 123: loss=0.42277
Epoch 124: loss=0.42215
Epoch 125: loss=0.41316
Epoch 126: loss=0.40951
Epoch 127: loss=0.41161
Epoch 128: loss=0.40606
Epoch 129: loss=0.40545
Epoch 130: loss=0.40870
Epoch 131: loss=0.39778
Epoch 132: loss=0.40046
Epoch 133: loss=0.43844
Epoch 134: loss=0.39983
Epoch 135: loss=0.42621
Epoch 136: loss=0.42001
Epoch 137: loss=0.37676
Epoch 138: loss=0.40937
Epoch 139: loss=0.36522
Epoch 140: loss=0.39879
Epoch 141: loss=0.40939
Epoch 142: loss=0.41175
Epoch 143: loss=0.36542
Epoch 144: loss=0.37175
Epoch 145: loss=0.38009
Epoch 146: loss=0.37420
Epoch 147: loss=0.40090
Epoch 148: loss=0.37589
Epoch 149: loss=0.36183
Epoch 150: loss=0.37715
Epoch 151: loss=0.35373
Epoch 152: loss=0.36028
Epoch 153: loss=0.34071
Epoch 154: loss=0.34474
Epoch 155: loss=0.35285
Epoch 156: loss=0.35130
Epoch 157: loss=0.33354
Epoch 158: loss=0.34270
Epoch 159: loss=0.33261
Epoch 160: loss=0.35208
Epoch 161: loss=0.35908
Epoch 162: loss=0.36528
Epoch 163: loss=0.34299
Epoch 164: loss=0.34085
Epoch 165: loss=0.34378
Epoch 166: loss=0.31984
Epoch 167: loss=0.32948
Epoch 168: loss=0.32886
Epoch 169: loss=0.32427
Epoch 170: loss=0.35273
Epoch 171: loss=0.31184
Epoch 172: loss=0.31013
Epoch 173: loss=0.32011
Epoch 174: loss=0.32234
Epoch 175: loss=0.31990
Epoch 176: loss=0.33255
Epoch 177: loss=0.32715
Epoch 178: loss=0.31927
Epoch 179: loss=0.32255
Epoch 180: loss=0.31250
Epoch 181: loss=0.31730
Epoch 182: loss=0.30069
Epoch 183: loss=0.30437
Epoch 184: loss=0.31626
Epoch 185: loss=0.32458
Epoch 186: loss=0.30611
Epoch 187: loss=0.31116
Epoch 188: loss=0.30395
Epoch 189: loss=0.30150
Epoch 190: loss=0.30426
Epoch 191: loss=0.31605
Epoch 192: loss=0.30633
Epoch 193: loss=0.29794
Epoch 194: loss=0.29734
Epoch 195: loss=0.29365
Epoch 196: loss=0.30086
Epoch 197: loss=0.30736
Epoch 198: loss=0.30929
Epoch 199: loss=0.29255
Epoch 200: loss=0.29619
Epoch 201: loss=0.29962
Epoch 202: loss=0.29840
Epoch 203: loss=0.29025
Epoch 204: loss=0.30902
Epoch 205: loss=0.29230
Epoch 206: loss=0.28571
Epoch 207: loss=0.28234
Epoch 208: loss=0.29934
Epoch 209: loss=0.28929
Epoch 210: loss=0.30408
Epoch 211: loss=0.30691
Epoch 212: loss=0.27142
Epoch 213: loss=0.29559
Epoch 214: loss=0.28252
Epoch 215: loss=0.29579
Epoch 216: loss=0.28944
Epoch 217: loss=0.26512
Epoch 218: loss=0.28658
Epoch 219: loss=0.26414
Epoch 220: loss=0.28700
Epoch 221: loss=0.27837
Epoch 222: loss=0.27219
Epoch 223: loss=0.27613
Epoch 224: loss=0.28795
Epoch 225: loss=0.29172
Epoch 226: loss=0.28178
Epoch 227: loss=0.29053
Epoch 228: loss=0.27389
Epoch 229: loss=0.27882
Epoch 230: loss=0.26008
Epoch 231: loss=0.25774
Epoch 232: loss=0.26551
Epoch 233: loss=0.29176
Epoch 234: loss=0.27478
Epoch 235: loss=0.29843
Epoch 236: loss=0.26963
Epoch 237: loss=0.27888
Epoch 238: loss=0.26738
Epoch 239: loss=0.26625
Epoch 240: loss=0.26909
Epoch 241: loss=0.28188
Epoch 242: loss=0.25503
Epoch 243: loss=0.28593
Epoch 244: loss=0.27052
Epoch 245: loss=0.27180
Epoch 246: loss=0.27324
Epoch 247: loss=0.27092
Epoch 248: loss=0.25916
Epoch 249: loss=0.27552
Epoch 250: loss=0.26360
Epoch 251: loss=0.25875
Epoch 252: loss=0.25811
Epoch 253: loss=0.24030
Epoch 254: loss=0.24739
Epoch 255: loss=0.26914
Epoch 256: loss=0.24127
Epoch 257: loss=0.25336
Epoch 258: loss=0.25333
Epoch 259: loss=0.24422
Epoch 260: loss=0.26832
Epoch 261: loss=0.26272
Epoch 262: loss=0.25317
Epoch 263: loss=0.24510
Epoch 264: loss=0.24560
Epoch 265: loss=0.25930
Epoch 266: loss=0.24046
Epoch 267: loss=0.23852
Epoch 268: loss=0.28197
Epoch 269: loss=0.24947
Epoch 270: loss=0.25188
Epoch 271: loss=0.25818
Epoch 272: loss=0.26607
Epoch 273: loss=0.26328
Epoch 274: loss=0.24589
Epoch 275: loss=0.23964
Epoch 276: loss=0.24226
Epoch 277: loss=0.25179
Epoch 278: loss=0.25031
Epoch 279: loss=0.24239
Epoch 280: loss=0.24092
Epoch 281: loss=0.25654
Epoch 282: loss=0.24454
Epoch 283: loss=0.25108
Epoch 284: loss=0.25990
Epoch 285: loss=0.25605
Epoch 286: loss=0.23950
Epoch 287: loss=0.25258
Epoch 288: loss=0.24618
Epoch 289: loss=0.24400
Epoch 290: loss=0.24314
Epoch 291: loss=0.25692
Epoch 292: loss=0.24265
Epoch 293: loss=0.23518
Epoch 294: loss=0.24651
Epoch 295: loss=0.25651
Epoch 296: loss=0.26135
Epoch 297: loss=0.24297
Epoch 298: loss=0.24644
Epoch 299: loss=0.23993
Epoch 300: loss=0.23966
Epoch 301: loss=0.24368
Epoch 302: loss=0.24290
Epoch 303: loss=0.24218
Epoch 304: loss=0.23549
Epoch 305: loss=0.23887
Epoch 306: loss=0.24801
Epoch 307: loss=0.24792
Epoch 308: loss=0.24639
Epoch 309: loss=0.23942
Epoch 310: loss=0.24612
Epoch 311: loss=0.23495
Epoch 312: loss=0.23381
Epoch 313: loss=0.22552
Epoch 314: loss=0.25510
Epoch 315: loss=0.23837
Epoch 316: loss=0.23729
Epoch 317: loss=0.23299
Epoch 318: loss=0.23484
Epoch 319: loss=0.24497
Epoch 320: loss=0.25272
Epoch 321: loss=0.23526
Epoch 322: loss=0.23012
Epoch 323: loss=0.23323
Epoch 324: loss=0.23160
Epoch 325: loss=0.23461
Epoch 326: loss=0.22105
Epoch 327: loss=0.22492
Epoch 328: loss=0.23681
Epoch 329: loss=0.23443
Epoch 330: loss=0.23880
Epoch 331: loss=0.22451
Epoch 332: loss=0.23924
Epoch 333: loss=0.22424
Epoch 334: loss=0.22784
Epoch 335: loss=0.24104
Epoch 336: loss=0.25557
Epoch 337: loss=0.22431
Epoch 338: loss=0.23673
Epoch 339: loss=0.23479
Epoch 340: loss=0.20607
Epoch 341: loss=0.22861
Epoch 342: loss=0.23635
Epoch 343: loss=0.22829
Epoch 344: loss=0.22741
Epoch 345: loss=0.21704
Epoch 346: loss=0.21123
Epoch 347: loss=0.22711
Epoch 348: loss=0.22904
Epoch 349: loss=0.22087
Epoch 350: loss=0.22246
Epoch 351: loss=0.22548
Epoch 352: loss=0.24906
Epoch 353: loss=0.24034
Epoch 354: loss=0.23826
Epoch 355: loss=0.22160
Epoch 356: loss=0.23381
Epoch 357: loss=0.23286
Epoch 358: loss=0.22185
Epoch 359: loss=0.23630
Epoch 360: loss=0.23561
Epoch 361: loss=0.22531
Epoch 362: loss=0.21523
Epoch 363: loss=0.22666
Epoch 364: loss=0.22292
Epoch 365: loss=0.20731
Epoch 366: loss=0.21398
Epoch 367: loss=0.21406
Epoch 368: loss=0.22476
Epoch 369: loss=0.21510
Epoch 370: loss=0.20997
Epoch 371: loss=0.22534
Epoch 372: loss=0.21680
Epoch 373: loss=0.21212
Epoch 374: loss=0.21067
Epoch 375: loss=0.21395
Epoch 376: loss=0.20641
Epoch 377: loss=0.21111
Epoch 378: loss=0.22306
Epoch 379: loss=0.20343
Epoch 380: loss=0.20145
Epoch 381: loss=0.22106
Epoch 382: loss=0.20836
Epoch 383: loss=0.20158
Epoch 384: loss=0.22103
Epoch 385: loss=0.22745
Epoch 386: loss=0.21937
Epoch 387: loss=0.20363
Epoch 388: loss=0.20865
Epoch 389: loss=0.21177
Epoch 390: loss=0.19218
Epoch 391: loss=0.22214
Epoch 392: loss=0.22517
Epoch 393: loss=0.21505
Epoch 394: loss=0.19615
Epoch 395: loss=0.20880
Epoch 396: loss=0.20796
Epoch 397: loss=0.21032
Epoch 398: loss=0.19447
Epoch 399: loss=0.20275
Epoch 400: loss=0.21194
Epoch 401: loss=0.21049
Epoch 402: loss=0.20373
Epoch 403: loss=0.20838
Epoch 404: loss=0.19902
Epoch 405: loss=0.20865
Epoch 406: loss=0.20693
Epoch 407: loss=0.21680
Epoch 408: loss=0.19561
Epoch 409: loss=0.19951
Epoch 410: loss=0.19440
Epoch 411: loss=0.19840
Epoch 412: loss=0.20442
Epoch 413: loss=0.20635
Epoch 414: loss=0.21261
Epoch 415: loss=0.21230
Epoch 416: loss=0.18966
Epoch 417: loss=0.19844
Epoch 418: loss=0.20762
Epoch 419: loss=0.20473
Epoch 420: loss=0.20116
Epoch 421: loss=0.19880
Epoch 422: loss=0.19441
Epoch 423: loss=0.19747
Epoch 424: loss=0.20348
Epoch 425: loss=0.21874
Epoch 426: loss=0.19354
Epoch 427: loss=0.19071
Epoch 428: loss=0.20197
Epoch 429: loss=0.20204
Epoch 430: loss=0.19277
Epoch 431: loss=0.19937
Epoch 432: loss=0.19380
Epoch 433: loss=0.20005
Epoch 434: loss=0.19698
Epoch 435: loss=0.19132
Epoch 436: loss=0.19983
Epoch 437: loss=0.18352
Epoch 438: loss=0.19057
Epoch 439: loss=0.19197
Epoch 440: loss=0.18629
Epoch 441: loss=0.18781
Epoch 442: loss=0.19372
Epoch 443: loss=0.20004
Epoch 444: loss=0.19839
Epoch 445: loss=0.19447
Epoch 446: loss=0.18631
Epoch 447: loss=0.19647
Epoch 448: loss=0.20276
Epoch 449: loss=0.18809
Epoch 450: loss=0.18718
Epoch 451: loss=0.19536
Epoch 452: loss=0.18228
Epoch 453: loss=0.21083
Epoch 454: loss=0.19931
Epoch 455: loss=0.19267
Epoch 456: loss=0.18415
Epoch 457: loss=0.19156
Epoch 458: loss=0.20394
Epoch 459: loss=0.20980
Epoch 460: loss=0.19972
Epoch 461: loss=0.19902
Epoch 462: loss=0.18761
Epoch 463: loss=0.19520
Epoch 464: loss=0.18105
Epoch 465: loss=0.18101
Epoch 466: loss=0.19783
Epoch 467: loss=0.18343
Epoch 468: loss=0.19196
Epoch 469: loss=0.18600
Epoch 470: loss=0.19436
Epoch 471: loss=0.19210
Epoch 472: loss=0.18997
Epoch 473: loss=0.19494
Epoch 474: loss=0.19161
Epoch 475: loss=0.18682
Epoch 476: loss=0.19906
Epoch 477: loss=0.21109
Epoch 478: loss=0.18586
Epoch 479: loss=0.20538
Epoch 480: loss=0.19436
Epoch 481: loss=0.18417
Epoch 482: loss=0.18228
Epoch 483: loss=0.18464
Epoch 484: loss=0.19495
Epoch 485: loss=0.18195
Epoch 486: loss=0.19809
Epoch 487: loss=0.18526
Epoch 488: loss=0.19132
Epoch 489: loss=0.18885
Epoch 490: loss=0.17851
Epoch 491: loss=0.18241
Epoch 492: loss=0.19259
Epoch 493: loss=0.17993
Epoch 494: loss=0.18132
Epoch 495: loss=0.17898
Epoch 496: loss=0.18802
Epoch 497: loss=0.19145
Epoch 498: loss=0.19027
Epoch 499: loss=0.17896
Epoch 500: loss=0.17599
Training accuracy: 0.962
Test accuracy: 0.592

File list dumped

Saved in file
1000 epochs recur round 1
are new values in file?
