/home/venkat/Unreliable_Synaptic_Transmission/Deepti/DOPcodes/dataset/shddataset/
made weight variables and loss histogram
The file is present.
Epoch 1: loss=0.31575
Epoch 2: loss=0.32090
Epoch 3: loss=0.31513
Epoch 4: loss=0.31492
Epoch 5: loss=0.31720
Epoch 6: loss=0.31739
Epoch 7: loss=0.31818
Epoch 8: loss=0.31864
Epoch 9: loss=0.31700
Epoch 10: loss=0.31763
Trained for 10 epochs
Training accuracy: 0.944
Epoch 1: loss=0.31493
Epoch 2: loss=0.31797
Epoch 3: loss=0.31455
Epoch 4: loss=0.31563
Epoch 5: loss=0.31447
Epoch 6: loss=0.31311
Epoch 7: loss=0.31427
Epoch 8: loss=0.30886
Epoch 9: loss=0.31196
Epoch 10: loss=0.30932
Epoch 11: loss=0.31009
Epoch 12: loss=0.30727
Epoch 13: loss=0.31170
Epoch 14: loss=0.31308
Epoch 15: loss=0.30935
Epoch 16: loss=0.31162
Epoch 17: loss=0.30674
Epoch 18: loss=0.30935
Epoch 19: loss=0.31240
Epoch 20: loss=0.31381
Epoch 21: loss=0.30703
Epoch 22: loss=0.30757
Epoch 23: loss=0.31004
Epoch 24: loss=0.31286
Epoch 25: loss=0.30676
Epoch 26: loss=0.30773
Epoch 27: loss=0.30533
Epoch 28: loss=0.30518
Epoch 29: loss=0.31046
Epoch 30: loss=0.30833
Epoch 31: loss=0.30861
Epoch 32: loss=0.30546
Epoch 33: loss=0.31224
Epoch 34: loss=0.30805
Epoch 35: loss=0.30362
Epoch 36: loss=0.30421
Epoch 37: loss=0.30628
Epoch 38: loss=0.30423
Epoch 39: loss=0.30280
Epoch 40: loss=0.30416
Epoch 41: loss=0.30206
Epoch 42: loss=0.29961
Epoch 43: loss=0.30073
Epoch 44: loss=0.30548
Epoch 45: loss=0.30281
Epoch 46: loss=0.30384
Epoch 47: loss=0.30333
Epoch 48: loss=0.30305
Epoch 49: loss=0.30414
Epoch 50: loss=0.30457
Epoch 51: loss=0.30233
Epoch 52: loss=0.30180
Epoch 53: loss=0.30552
Epoch 54: loss=0.30153
Epoch 55: loss=0.30321
Epoch 56: loss=0.30341
Epoch 57: loss=0.30405
Epoch 58: loss=0.30328
Epoch 59: loss=0.30599
Epoch 60: loss=0.30141
Epoch 61: loss=0.30320
Epoch 62: loss=0.30427
Epoch 63: loss=0.30141
Epoch 64: loss=0.30027
Epoch 65: loss=0.30188
Epoch 66: loss=0.29967
Epoch 67: loss=0.30069
Epoch 68: loss=0.30415
Epoch 69: loss=0.29771
Epoch 70: loss=0.30248
Epoch 71: loss=0.30137
Epoch 72: loss=0.29758
Epoch 73: loss=0.29686
Epoch 74: loss=0.30072
Epoch 75: loss=0.29885
Epoch 76: loss=0.29833
Epoch 77: loss=0.30070
Epoch 78: loss=0.29845
Epoch 79: loss=0.29657
Epoch 80: loss=0.29672
Epoch 81: loss=0.30208
Epoch 82: loss=0.29362
Epoch 83: loss=0.29671
Epoch 84: loss=0.29682
Epoch 85: loss=0.29913
Epoch 86: loss=0.29683
Epoch 87: loss=0.29670
Epoch 88: loss=0.29968
Epoch 89: loss=0.29541
Epoch 90: loss=0.29312
Epoch 91: loss=0.29102
Epoch 92: loss=0.29697
Epoch 93: loss=0.29494
Epoch 94: loss=0.29491
Epoch 95: loss=0.29714
Epoch 96: loss=0.29863
Epoch 97: loss=0.29379
Epoch 98: loss=0.29756
Epoch 99: loss=0.29760
Epoch 100: loss=0.29359
Epoch 101: loss=0.29274
Epoch 102: loss=0.29661
Epoch 103: loss=0.29741
Epoch 104: loss=0.29026
Epoch 105: loss=0.29463
Epoch 106: loss=0.29382
Epoch 107: loss=0.29456
Epoch 108: loss=0.29528
Epoch 109: loss=0.29223
Epoch 110: loss=0.29101
Epoch 111: loss=0.29199
Epoch 112: loss=0.29266
Epoch 113: loss=0.29461
Epoch 114: loss=0.29154
Epoch 115: loss=0.29117
Epoch 116: loss=0.29496
Epoch 117: loss=0.28940
Epoch 118: loss=0.29514
Epoch 119: loss=0.29381
Epoch 120: loss=0.29221
Epoch 121: loss=0.29329
Epoch 122: loss=0.28959
Epoch 123: loss=0.29363
Epoch 124: loss=0.29337
Epoch 125: loss=0.29407
Epoch 126: loss=0.28590
Epoch 127: loss=0.29134
Epoch 128: loss=0.28716
Epoch 129: loss=0.29114
Epoch 130: loss=0.28910
Epoch 131: loss=0.28714
Epoch 132: loss=0.28878
Epoch 133: loss=0.29041
Epoch 134: loss=0.28844
Epoch 135: loss=0.29047
Epoch 136: loss=0.28931
Epoch 137: loss=0.28307
Epoch 138: loss=0.28456
Epoch 139: loss=0.28557
Epoch 140: loss=0.28465
Epoch 141: loss=0.28907
Epoch 142: loss=0.28615
Epoch 143: loss=0.28903
Epoch 144: loss=0.28062
Epoch 145: loss=0.28711
Epoch 146: loss=0.28921
Epoch 147: loss=0.28959
Epoch 148: loss=0.28414
Epoch 149: loss=0.28682
Epoch 150: loss=0.28641
Training accuracy: 0.951
Test accuracy: 0.474

File list dumped

Saved in file
