/home/venkat/Unreliable_Synaptic_Transmission/Deepti/DOPcodes/dataset/shddataset/
made weight variables and loss histogram
Epoch 1: loss=16.07620
Epoch 2: loss=7.84448
Epoch 3: loss=4.75117
Epoch 4: loss=3.58373
Epoch 5: loss=3.15300
Epoch 6: loss=2.98755
Epoch 7: loss=2.89675
Epoch 8: loss=2.84601
Epoch 9: loss=2.80154
Epoch 10: loss=2.77153
Trained for 10 epochs
Training accuracy: 0.198
Epoch 1: loss=2.74499
Epoch 2: loss=2.70593
Epoch 3: loss=2.67574
Epoch 4: loss=2.64949
Epoch 5: loss=2.61892
Epoch 6: loss=2.58916
Epoch 7: loss=2.56404
Epoch 8: loss=2.54659
Epoch 9: loss=2.52281
Epoch 10: loss=2.49804
Epoch 11: loss=2.48249
Epoch 12: loss=2.45166
Epoch 13: loss=2.42994
Epoch 14: loss=2.40904
Epoch 15: loss=2.38792
Epoch 16: loss=2.36873
Epoch 17: loss=2.34810
Epoch 18: loss=2.32242
Epoch 19: loss=2.29680
Epoch 20: loss=2.29028
Epoch 21: loss=2.26998
Epoch 22: loss=2.25078
Epoch 23: loss=2.23236
Epoch 24: loss=2.21547
Epoch 25: loss=2.20420
Epoch 26: loss=2.18855
Epoch 27: loss=2.16921
Epoch 28: loss=2.15060
Epoch 29: loss=2.14496
Epoch 30: loss=2.12452
Epoch 31: loss=2.10923
Epoch 32: loss=2.09371
Epoch 33: loss=2.07964
Epoch 34: loss=2.05846
Epoch 35: loss=2.06004
Epoch 36: loss=2.04315
Epoch 37: loss=2.02991
Epoch 38: loss=2.02000
Epoch 39: loss=2.00740
Epoch 40: loss=1.99408
Epoch 41: loss=1.98353
Epoch 42: loss=1.97514
Epoch 43: loss=1.96387
Epoch 44: loss=1.95557
Epoch 45: loss=1.94238
Epoch 46: loss=1.93491
Epoch 47: loss=1.92048
Epoch 48: loss=1.90989
Epoch 49: loss=1.88630
Epoch 50: loss=1.88199
Epoch 51: loss=1.87878
Epoch 52: loss=1.86124
Epoch 53: loss=1.85284
Epoch 54: loss=1.84450
Epoch 55: loss=1.83241
Epoch 56: loss=1.81170
Epoch 57: loss=1.81317
Epoch 58: loss=1.80564
Epoch 59: loss=1.79250
Epoch 60: loss=1.78664
Epoch 61: loss=1.77902
Epoch 62: loss=1.75567
Epoch 63: loss=1.75651
Epoch 64: loss=1.73760
Epoch 65: loss=1.73750
Epoch 66: loss=1.72188
Epoch 67: loss=1.71868
Epoch 68: loss=1.71809
Epoch 69: loss=1.70098
Epoch 70: loss=1.68748
Epoch 71: loss=1.67900
Epoch 72: loss=1.66629
Epoch 73: loss=1.67307
Epoch 74: loss=1.64982
Epoch 75: loss=1.65247
Epoch 76: loss=1.64364
Epoch 77: loss=1.63447
Epoch 78: loss=1.61857
Epoch 79: loss=1.61639
Epoch 80: loss=1.61614
Epoch 81: loss=1.60654
Epoch 82: loss=1.58915
Epoch 83: loss=1.58253
Epoch 84: loss=1.57815
Epoch 85: loss=1.57373
Epoch 86: loss=1.56052
Epoch 87: loss=1.55740
Epoch 88: loss=1.55096
Epoch 89: loss=1.54460
Epoch 90: loss=1.53458
Epoch 91: loss=1.53355
Epoch 92: loss=1.51848
Epoch 93: loss=1.51618
Epoch 94: loss=1.51651
Epoch 95: loss=1.50110
Epoch 96: loss=1.50150
Epoch 97: loss=1.50087
Epoch 98: loss=1.49300
Epoch 99: loss=1.48370
Epoch 100: loss=1.46889
Epoch 101: loss=1.46996
Epoch 102: loss=1.45949
Epoch 103: loss=1.46135
Epoch 104: loss=1.45056
Epoch 105: loss=1.44963
Epoch 106: loss=1.44189
Epoch 107: loss=1.43495
Epoch 108: loss=1.42958
Epoch 109: loss=1.42625
Epoch 110: loss=1.41342
Epoch 111: loss=1.41458
Epoch 112: loss=1.41291
Epoch 113: loss=1.40543
Epoch 114: loss=1.40223
Epoch 115: loss=1.39735
Epoch 116: loss=1.38788
Epoch 117: loss=1.38861
Epoch 118: loss=1.38166
Epoch 119: loss=1.37874
Epoch 120: loss=1.37294
Epoch 121: loss=1.36846
Epoch 122: loss=1.35894
Epoch 123: loss=1.35572
Epoch 124: loss=1.35419
Epoch 125: loss=1.35583
Epoch 126: loss=1.34908
Epoch 127: loss=1.33523
Epoch 128: loss=1.33848
Epoch 129: loss=1.33186
Epoch 130: loss=1.33013
Epoch 131: loss=1.32722
Epoch 132: loss=1.31798
Epoch 133: loss=1.32367
Epoch 134: loss=1.30564
Epoch 135: loss=1.31256
Epoch 136: loss=1.30317
Epoch 137: loss=1.30172
Epoch 138: loss=1.29240
Epoch 139: loss=1.28745
Epoch 140: loss=1.28079
Epoch 141: loss=1.27621
Epoch 142: loss=1.28126
Epoch 143: loss=1.27571
Epoch 144: loss=1.27528
Epoch 145: loss=1.27500
Epoch 146: loss=1.26357
Epoch 147: loss=1.26499
Epoch 148: loss=1.25738
Epoch 149: loss=1.25101
Epoch 150: loss=1.24864
Epoch 151: loss=1.24900
Epoch 152: loss=1.24593
Epoch 153: loss=1.23500
Epoch 154: loss=1.24006
Epoch 155: loss=1.23641
Epoch 156: loss=1.22949
Epoch 157: loss=1.22076
Epoch 158: loss=1.22172
Epoch 159: loss=1.22568
Epoch 160: loss=1.21942
Epoch 161: loss=1.21946
Epoch 162: loss=1.21057
Epoch 163: loss=1.21213
Epoch 164: loss=1.20695
Epoch 165: loss=1.20228
Epoch 166: loss=1.20012
Epoch 167: loss=1.19522
Epoch 168: loss=1.19221
Epoch 169: loss=1.19515
Epoch 170: loss=1.19303
Epoch 171: loss=1.19124
Epoch 172: loss=1.17915
Epoch 173: loss=1.17397
Epoch 174: loss=1.17411
Epoch 175: loss=1.17255
Epoch 176: loss=1.16530
Epoch 177: loss=1.16999
Epoch 178: loss=1.16730
Epoch 179: loss=1.16936
Epoch 180: loss=1.16052
Epoch 181: loss=1.15989
Epoch 182: loss=1.15835
Epoch 183: loss=1.15241
Epoch 184: loss=1.14843
Epoch 185: loss=1.14755
Epoch 186: loss=1.14518
Epoch 187: loss=1.14151
Epoch 188: loss=1.13523
Epoch 189: loss=1.14029
Epoch 190: loss=1.13688
Epoch 191: loss=1.12682
Epoch 192: loss=1.12279
Epoch 193: loss=1.12031
Epoch 194: loss=1.12179
Epoch 195: loss=1.11849
Epoch 196: loss=1.11652
Epoch 197: loss=1.11600
Epoch 198: loss=1.10844
Epoch 199: loss=1.11189
Epoch 200: loss=1.10602
Epoch 201: loss=1.10753
Epoch 202: loss=1.09938
Epoch 203: loss=1.09702
Epoch 204: loss=1.08578
Epoch 205: loss=1.09803
Epoch 206: loss=1.08294
Epoch 207: loss=1.08811
Epoch 208: loss=1.08940
Epoch 209: loss=1.08572
Epoch 210: loss=1.07879
Epoch 211: loss=1.07051
Epoch 212: loss=1.07466
Epoch 213: loss=1.07451
Epoch 214: loss=1.07082
Epoch 215: loss=1.06495
Epoch 216: loss=1.06519
Epoch 217: loss=1.05946
Epoch 218: loss=1.05773
Epoch 219: loss=1.05206
Epoch 220: loss=1.06022
Epoch 221: loss=1.05494
Epoch 222: loss=1.05947
Epoch 223: loss=1.05391
Epoch 224: loss=1.04825
Epoch 225: loss=1.05236
Epoch 226: loss=1.04344
Epoch 227: loss=1.04291
Epoch 228: loss=1.04373
Epoch 229: loss=1.03592
Epoch 230: loss=1.03369
Epoch 231: loss=1.02320
Epoch 232: loss=1.02374
Epoch 233: loss=1.02669
Epoch 234: loss=1.02223
Epoch 235: loss=1.01906
Epoch 236: loss=1.01869
Epoch 237: loss=1.02042
Epoch 238: loss=1.02098
Epoch 239: loss=1.01055
Epoch 240: loss=1.00833
Epoch 241: loss=0.99709
Epoch 242: loss=1.00456
Epoch 243: loss=1.00170
Epoch 244: loss=0.99970
Epoch 245: loss=1.00593
Epoch 246: loss=0.99889
Epoch 247: loss=0.99628
Epoch 248: loss=0.99110
Epoch 249: loss=0.98888
Epoch 250: loss=0.98893
Epoch 251: loss=0.98288
Epoch 252: loss=0.98619
Epoch 253: loss=0.98090
Epoch 254: loss=0.97644
Epoch 255: loss=0.97829
Epoch 256: loss=0.97518
Epoch 257: loss=0.97354
Epoch 258: loss=0.96347
Epoch 259: loss=0.96737
Epoch 260: loss=0.96723
Epoch 261: loss=0.96247
Epoch 262: loss=0.96097
Epoch 263: loss=0.96205
Epoch 264: loss=0.95910
Epoch 265: loss=0.95301
Epoch 266: loss=0.95333
Epoch 267: loss=0.95339
Epoch 268: loss=0.94668
Epoch 269: loss=0.94945
Epoch 270: loss=0.94755
Epoch 271: loss=0.94764
Epoch 272: loss=0.93065
Epoch 273: loss=0.94430
Epoch 274: loss=0.93796
Epoch 275: loss=0.93858
Epoch 276: loss=0.93614
Epoch 277: loss=0.93451
Epoch 278: loss=0.93305
Epoch 279: loss=0.93099
Epoch 280: loss=0.92267
Epoch 281: loss=0.91991
Epoch 282: loss=0.92179
Epoch 283: loss=0.92115
Epoch 284: loss=0.91905
Epoch 285: loss=0.91527
Epoch 286: loss=0.90786
Epoch 287: loss=0.91037
Epoch 288: loss=0.91417
Epoch 289: loss=0.91493
Epoch 290: loss=0.90780
Epoch 291: loss=0.90708
Epoch 292: loss=0.90433
Epoch 293: loss=0.90635
Epoch 294: loss=0.90087
Epoch 295: loss=0.90117
Epoch 296: loss=0.89459
Epoch 297: loss=0.90386
Epoch 298: loss=0.89588
Epoch 299: loss=0.89160
Epoch 300: loss=0.89540
Epoch 301: loss=0.89669
Epoch 302: loss=0.88768
Epoch 303: loss=0.88295
Epoch 304: loss=0.88481
Epoch 305: loss=0.87941
Epoch 306: loss=0.88001
Epoch 307: loss=0.88055
Epoch 308: loss=0.87214
Epoch 309: loss=0.87353
Epoch 310: loss=0.87321
Epoch 311: loss=0.86931
Epoch 312: loss=0.87975
Epoch 313: loss=0.86666
Epoch 314: loss=0.87084
Epoch 315: loss=0.86216
Epoch 316: loss=0.86536
Epoch 317: loss=0.86797
Epoch 318: loss=0.86208
Epoch 319: loss=0.86317
Epoch 320: loss=0.85622
Epoch 321: loss=0.85527
Epoch 322: loss=0.85518
Epoch 323: loss=0.84403
Epoch 324: loss=0.85195
Epoch 325: loss=0.84406
Epoch 326: loss=0.84698
Epoch 327: loss=0.85124
Epoch 328: loss=0.84637
Epoch 329: loss=0.84665
Epoch 330: loss=0.84793
Epoch 331: loss=0.84429
Epoch 332: loss=0.84035
Epoch 333: loss=0.83803
Epoch 334: loss=0.84017
Epoch 335: loss=0.83636
Epoch 336: loss=0.83338
Epoch 337: loss=0.82943
Epoch 338: loss=0.82882
Epoch 339: loss=0.82832
Epoch 340: loss=0.82770
Epoch 341: loss=0.82654
Epoch 342: loss=0.82145
Epoch 343: loss=0.82312
Epoch 344: loss=0.82027
Epoch 345: loss=0.81416
Epoch 346: loss=0.82171
Epoch 347: loss=0.81525
Epoch 348: loss=0.81224
Epoch 349: loss=0.80752
Epoch 350: loss=0.81337
Epoch 351: loss=0.81058
Epoch 352: loss=0.81155
Epoch 353: loss=0.80868
Epoch 354: loss=0.80217
Epoch 355: loss=0.80499
Epoch 356: loss=0.79778
Epoch 357: loss=0.79972
Epoch 358: loss=0.80334
Epoch 359: loss=0.80174
Epoch 360: loss=0.79624
Epoch 361: loss=0.79832
Epoch 362: loss=0.79418
Epoch 363: loss=0.79315
Epoch 364: loss=0.79421
Epoch 365: loss=0.78586
Epoch 366: loss=0.78906
Epoch 367: loss=0.79030
Epoch 368: loss=0.78401
Epoch 369: loss=0.78629
Epoch 370: loss=0.78831
Epoch 371: loss=0.78298
Epoch 372: loss=0.78155
Epoch 373: loss=0.77894
Epoch 374: loss=0.78080
Epoch 375: loss=0.77701
Epoch 376: loss=0.78174
Epoch 377: loss=0.77650
Epoch 378: loss=0.77161
Epoch 379: loss=0.77626
Epoch 380: loss=0.76944
Epoch 381: loss=0.76841
Epoch 382: loss=0.76297
Epoch 383: loss=0.76665
Epoch 384: loss=0.76244
Epoch 385: loss=0.76544
Epoch 386: loss=0.75920
Epoch 387: loss=0.76043
Epoch 388: loss=0.75904
Epoch 389: loss=0.76089
Epoch 390: loss=0.75327
Epoch 391: loss=0.75545
Epoch 392: loss=0.75688
Epoch 393: loss=0.76263
Epoch 394: loss=0.75020
Epoch 395: loss=0.75758
Epoch 396: loss=0.74866
Epoch 397: loss=0.75066
Epoch 398: loss=0.74491
Epoch 399: loss=0.75136
Epoch 400: loss=0.74256
Epoch 401: loss=0.73844
Epoch 402: loss=0.73797
Epoch 403: loss=0.74271
Epoch 404: loss=0.73541
Epoch 405: loss=0.73489
Epoch 406: loss=0.73884
Epoch 407: loss=0.73933
Epoch 408: loss=0.73096
Epoch 409: loss=0.72482
Epoch 410: loss=0.73346
Epoch 411: loss=0.73120
Epoch 412: loss=0.72312
Epoch 413: loss=0.72775
Epoch 414: loss=0.72572
Epoch 415: loss=0.72494
Epoch 416: loss=0.72200
Epoch 417: loss=0.72636
Epoch 418: loss=0.72244
Epoch 419: loss=0.72164
Epoch 420: loss=0.72046
Epoch 421: loss=0.72214
Epoch 422: loss=0.71660
Epoch 423: loss=0.71135
Epoch 424: loss=0.71270
Epoch 425: loss=0.70601
Epoch 426: loss=0.70576
Epoch 427: loss=0.70843
Epoch 428: loss=0.70869
Epoch 429: loss=0.71073
Epoch 430: loss=0.70931
Epoch 431: loss=0.70345
Epoch 432: loss=0.70374
Epoch 433: loss=0.70324
Epoch 434: loss=0.70619
Epoch 435: loss=0.70354
Epoch 436: loss=0.69992
Epoch 437: loss=0.69839
Epoch 438: loss=0.70133
Epoch 439: loss=0.70294
Epoch 440: loss=0.69574
Epoch 441: loss=0.69875
Epoch 442: loss=0.69556
Epoch 443: loss=0.69528
Epoch 444: loss=0.69274
Epoch 445: loss=0.68883
Epoch 446: loss=0.69906
Epoch 447: loss=0.69239
Epoch 448: loss=0.68674
Epoch 449: loss=0.68674
Epoch 450: loss=0.69267
Epoch 451: loss=0.68573
Epoch 452: loss=0.68464
Epoch 453: loss=0.68556
Epoch 454: loss=0.67511
Epoch 455: loss=0.67553
Epoch 456: loss=0.67713
Epoch 457: loss=0.67498
Epoch 458: loss=0.67620
Epoch 459: loss=0.67429
Epoch 460: loss=0.67524
Epoch 461: loss=0.67389
Epoch 462: loss=0.66864
Epoch 463: loss=0.67369
Epoch 464: loss=0.67047
Epoch 465: loss=0.66135
Epoch 466: loss=0.66778
Epoch 467: loss=0.66561
Epoch 468: loss=0.66142
Epoch 469: loss=0.66183
Epoch 470: loss=0.66517
Epoch 471: loss=0.66502
Epoch 472: loss=0.66459
Epoch 473: loss=0.66686
Epoch 474: loss=0.65980
Epoch 475: loss=0.65911
Epoch 476: loss=0.65866
Epoch 477: loss=0.65944
Epoch 478: loss=0.65585
Epoch 479: loss=0.65557
Epoch 480: loss=0.65571
Epoch 481: loss=0.65119
Epoch 482: loss=0.64923
Epoch 483: loss=0.64808
Epoch 484: loss=0.65472
Epoch 485: loss=0.65412
Epoch 486: loss=0.65098
Epoch 487: loss=0.64924
Epoch 488: loss=0.64467
Epoch 489: loss=0.65249
Epoch 490: loss=0.64400
Epoch 491: loss=0.64097
Epoch 492: loss=0.63948
Epoch 493: loss=0.63868
Epoch 494: loss=0.64456
Epoch 495: loss=0.64256
Epoch 496: loss=0.63738
Epoch 497: loss=0.63840
Epoch 498: loss=0.63729
Epoch 499: loss=0.64004
Epoch 500: loss=0.63619
Training accuracy: 0.855
Test accuracy: 0.477

File list dumped

Saved in file
