/home/venkat/Unreliable_Synaptic_Transmission/Deepti/DOPcodes/dataset/shddataset/
made weight variables and loss histogram
The file is present.
Epoch 1: loss=0.35694
Epoch 2: loss=0.35758
Epoch 3: loss=0.35506
Epoch 4: loss=0.35417
Epoch 5: loss=0.35977
Epoch 6: loss=0.35169
Epoch 7: loss=0.35297
Epoch 8: loss=0.35333
Epoch 9: loss=0.35398
Epoch 10: loss=0.35126
Trained for 10 epochs
Training accuracy: 0.935
Epoch 1: loss=0.35524
Epoch 2: loss=0.35117
Epoch 3: loss=0.35164
Epoch 4: loss=0.35461
Epoch 5: loss=0.35382
Epoch 6: loss=0.35119
Epoch 7: loss=0.35501
Epoch 8: loss=0.35119
Epoch 9: loss=0.35010
Epoch 10: loss=0.34724
Epoch 11: loss=0.34991
Epoch 12: loss=0.34854
Epoch 13: loss=0.35184
Epoch 14: loss=0.34751
Epoch 15: loss=0.34738
Epoch 16: loss=0.34896
Epoch 17: loss=0.34944
Epoch 18: loss=0.34909
Epoch 19: loss=0.34716
Epoch 20: loss=0.34652
Epoch 21: loss=0.34599
Epoch 22: loss=0.34461
Epoch 23: loss=0.34813
Epoch 24: loss=0.34535
Epoch 25: loss=0.34923
Epoch 26: loss=0.34470
Epoch 27: loss=0.34821
Epoch 28: loss=0.34323
Epoch 29: loss=0.34769
Epoch 30: loss=0.34738
Epoch 31: loss=0.34301
Epoch 32: loss=0.34804
Epoch 33: loss=0.34359
Epoch 34: loss=0.34646
Epoch 35: loss=0.34064
Epoch 36: loss=0.34385
Epoch 37: loss=0.34284
Epoch 38: loss=0.34726
Epoch 39: loss=0.34222
Epoch 40: loss=0.34522
Epoch 41: loss=0.34165
Epoch 42: loss=0.34116
Epoch 43: loss=0.34085
Epoch 44: loss=0.34102
Epoch 45: loss=0.34468
Epoch 46: loss=0.34404
Epoch 47: loss=0.34372
Epoch 48: loss=0.34304
Epoch 49: loss=0.34278
Epoch 50: loss=0.34079
Epoch 51: loss=0.33879
Epoch 52: loss=0.33748
Epoch 53: loss=0.34084
Epoch 54: loss=0.34142
Epoch 55: loss=0.33562
Epoch 56: loss=0.33604
Epoch 57: loss=0.33605
Epoch 58: loss=0.34000
Epoch 59: loss=0.33582
Epoch 60: loss=0.33557
Epoch 61: loss=0.33637
Epoch 62: loss=0.33287
Epoch 63: loss=0.33710
Epoch 64: loss=0.33571
Epoch 65: loss=0.33839
Epoch 66: loss=0.33593
Epoch 67: loss=0.33614
Epoch 68: loss=0.33149
Epoch 69: loss=0.33520
Epoch 70: loss=0.33467
Epoch 71: loss=0.33497
Epoch 72: loss=0.33401
Epoch 73: loss=0.33340
Epoch 74: loss=0.33808
Epoch 75: loss=0.33481
Epoch 76: loss=0.33241
Epoch 77: loss=0.33295
Epoch 78: loss=0.33262
Epoch 79: loss=0.33224
Epoch 80: loss=0.33293
Epoch 81: loss=0.33089
Epoch 82: loss=0.33103
Epoch 83: loss=0.33379
Epoch 84: loss=0.33322
Epoch 85: loss=0.33127
Epoch 86: loss=0.33348
Epoch 87: loss=0.32709
Epoch 88: loss=0.33212
Epoch 89: loss=0.32991
Epoch 90: loss=0.33082
Epoch 91: loss=0.33055
Epoch 92: loss=0.33075
Epoch 93: loss=0.33206
Epoch 94: loss=0.32965
Epoch 95: loss=0.33053
Epoch 96: loss=0.32839
Epoch 97: loss=0.32836
Epoch 98: loss=0.32879
Epoch 99: loss=0.32544
Epoch 100: loss=0.32643
Epoch 101: loss=0.32840
Epoch 102: loss=0.32977
Epoch 103: loss=0.32712
Epoch 104: loss=0.32656
Epoch 105: loss=0.32652
Epoch 106: loss=0.32892
Epoch 107: loss=0.32628
Epoch 108: loss=0.32428
Epoch 109: loss=0.32191
Epoch 110: loss=0.32780
Epoch 111: loss=0.32250
Epoch 112: loss=0.32558
Epoch 113: loss=0.32613
Epoch 114: loss=0.32853
Epoch 115: loss=0.32464
Epoch 116: loss=0.32289
Epoch 117: loss=0.32415
Epoch 118: loss=0.32501
Epoch 119: loss=0.32289
Epoch 120: loss=0.32777
Epoch 121: loss=0.32563
Epoch 122: loss=0.32160
Epoch 123: loss=0.32475
Epoch 124: loss=0.32458
Epoch 125: loss=0.32299
Epoch 126: loss=0.32197
Epoch 127: loss=0.32499
Epoch 128: loss=0.32186
Epoch 129: loss=0.32340
Epoch 130: loss=0.32351
Epoch 131: loss=0.32084
Epoch 132: loss=0.32330
Epoch 133: loss=0.31934
Epoch 134: loss=0.32496
Epoch 135: loss=0.32077
Epoch 136: loss=0.32275
Epoch 137: loss=0.31662
Epoch 138: loss=0.32008
Epoch 139: loss=0.32090
Epoch 140: loss=0.32046
Epoch 141: loss=0.31869
Epoch 142: loss=0.32017
Epoch 143: loss=0.32058
Epoch 144: loss=0.31994
Epoch 145: loss=0.31550
Epoch 146: loss=0.31798
Epoch 147: loss=0.31495
Epoch 148: loss=0.31635
Epoch 149: loss=0.31650
Epoch 150: loss=0.32183
Training accuracy: 0.946
Test accuracy: 0.479

File list dumped

Saved in file
