/home/venkat/Unreliable_Synaptic_Transmission/Deepti/DOPcodes/SHD/dataset/shddataset/
2 layered 256 unit SNN made weight variables and loss histogram
The file is present.
Epoch 1: loss=0.65165
Epoch 2: loss=0.67323
Epoch 3: loss=0.66343
Epoch 4: loss=0.65632
Epoch 5: loss=0.65434
Epoch 6: loss=0.65321
Epoch 7: loss=0.68310
Epoch 8: loss=0.65740
Epoch 9: loss=0.69625
Epoch 10: loss=0.66875
Trained for 10 epochs
Training accuracy: 0.867
Epoch 1: loss=0.65286
Epoch 2: loss=0.66624
Epoch 3: loss=0.65137
Epoch 4: loss=0.63031
Epoch 5: loss=0.64157
Epoch 6: loss=0.65199
Epoch 7: loss=0.67254
Epoch 8: loss=0.66310
Epoch 9: loss=0.66459
Epoch 10: loss=0.63619
Epoch 11: loss=0.64716
Epoch 12: loss=0.64370
Epoch 13: loss=0.64205
Epoch 14: loss=0.63618
Epoch 15: loss=0.63383
Epoch 16: loss=0.64427
Epoch 17: loss=0.65570
Epoch 18: loss=0.63933
Epoch 19: loss=0.61610
Epoch 20: loss=0.63606
Epoch 21: loss=0.63823
Epoch 22: loss=0.63484
Epoch 23: loss=0.64971
Epoch 24: loss=0.64356
Epoch 25: loss=0.65193
Epoch 26: loss=0.68337
Epoch 27: loss=0.67951
Epoch 28: loss=0.67615
Epoch 29: loss=0.66862
Epoch 30: loss=0.67684
Epoch 31: loss=0.67610
Epoch 32: loss=0.67103
Epoch 33: loss=0.67043
Epoch 34: loss=0.68981
Epoch 35: loss=0.67110
Epoch 36: loss=0.66550
Epoch 37: loss=0.66510
Epoch 38: loss=0.65998
Epoch 39: loss=0.66483
Epoch 40: loss=0.67193
Epoch 41: loss=0.65979
Epoch 42: loss=0.68741
Epoch 43: loss=0.72304
Epoch 44: loss=0.69321
Epoch 45: loss=0.67479
Epoch 46: loss=0.66730
Epoch 47: loss=0.68331
Epoch 48: loss=0.67545
Epoch 49: loss=0.69073
Epoch 50: loss=0.68074
Epoch 51: loss=0.70471
Epoch 52: loss=0.71431
Epoch 53: loss=0.69744
Epoch 54: loss=0.71927
Epoch 55: loss=0.73311
Epoch 56: loss=0.76102
Epoch 57: loss=0.74502
Epoch 58: loss=0.73512
Epoch 59: loss=0.73961
Epoch 60: loss=0.72240
Epoch 61: loss=0.72585
Epoch 62: loss=0.73298
Epoch 63: loss=0.74112
Epoch 64: loss=0.77181
Epoch 65: loss=0.74968
Epoch 66: loss=0.74588
Epoch 67: loss=0.74988
Epoch 68: loss=0.74296
Epoch 69: loss=0.72828
Epoch 70: loss=0.72331
Epoch 71: loss=0.73025
Epoch 72: loss=0.75161
Epoch 73: loss=0.74792
Epoch 74: loss=0.73382
Epoch 75: loss=0.78589
Epoch 76: loss=0.75826
Epoch 77: loss=0.75055
Epoch 78: loss=0.75807
Epoch 79: loss=0.74293
Epoch 80: loss=0.73821
Epoch 81: loss=0.73291
Epoch 82: loss=0.72997
Epoch 83: loss=0.73345
Epoch 84: loss=0.69833
Epoch 85: loss=0.71249
Epoch 86: loss=0.74398
Epoch 87: loss=0.71829
Epoch 88: loss=0.69591
Epoch 89: loss=0.69552
Epoch 90: loss=0.68363
Epoch 91: loss=0.65889
Epoch 92: loss=0.69182
Epoch 93: loss=0.68913
Epoch 94: loss=0.68546
Epoch 95: loss=0.67911
Epoch 96: loss=0.64615
Epoch 97: loss=0.65452
Epoch 98: loss=0.67224
Epoch 99: loss=0.67401
Epoch 100: loss=0.67805
Epoch 101: loss=0.67113
Epoch 102: loss=0.67241
Epoch 103: loss=0.67065
Epoch 104: loss=0.69121
Epoch 105: loss=0.67470
Epoch 106: loss=0.65424
Epoch 107: loss=0.65379
Epoch 108: loss=0.64877
Epoch 109: loss=0.68379
Epoch 110: loss=0.71102
Epoch 111: loss=0.70370
Epoch 112: loss=0.69634
Epoch 113: loss=0.66489
Epoch 114: loss=0.64253
Epoch 115: loss=0.64631
Epoch 116: loss=0.64093
Epoch 117: loss=0.67294
Epoch 118: loss=0.65151
Epoch 119: loss=0.65543
Epoch 120: loss=0.64718
Epoch 121: loss=0.61512
Epoch 122: loss=0.63822
Epoch 123: loss=0.62146
Epoch 124: loss=0.66200
Epoch 125: loss=0.66554
Epoch 126: loss=0.63321
Epoch 127: loss=0.64523
Epoch 128: loss=0.64214
Epoch 129: loss=0.66151
Epoch 130: loss=0.66545
Epoch 131: loss=0.67137
Epoch 132: loss=0.66422
Epoch 133: loss=0.66792
Epoch 134: loss=0.64694
Epoch 135: loss=0.64849
Epoch 136: loss=0.67538
Epoch 137: loss=0.66110
Epoch 138: loss=0.67094
Epoch 139: loss=0.68576
Epoch 140: loss=0.68727
Epoch 141: loss=0.68559
Epoch 142: loss=0.67152
Epoch 143: loss=0.65585
Epoch 144: loss=0.65841
Epoch 145: loss=0.67731
Epoch 146: loss=0.67290
Epoch 147: loss=0.64998
Epoch 148: loss=0.66025
Epoch 149: loss=0.64388
Epoch 150: loss=0.66883
Epoch 151: loss=0.67756
Epoch 152: loss=0.66338
Epoch 153: loss=0.67879
Epoch 154: loss=0.68967
Epoch 155: loss=0.68338
Epoch 156: loss=0.69406
Epoch 157: loss=0.68019
Epoch 158: loss=0.67944
Epoch 159: loss=0.67662
Epoch 160: loss=0.68170
Epoch 161: loss=0.67537
Epoch 162: loss=0.65782
Epoch 163: loss=0.67339
Epoch 164: loss=0.66178
Epoch 165: loss=0.66930
Epoch 166: loss=0.67039
Epoch 167: loss=0.66736
Epoch 168: loss=0.66748
Epoch 169: loss=0.68121
Epoch 170: loss=0.69688
Epoch 171: loss=0.70199
Epoch 172: loss=0.73950
Epoch 173: loss=0.71050
Epoch 174: loss=0.71501
Epoch 175: loss=0.71783
Epoch 176: loss=0.68559
Epoch 177: loss=0.70965
Epoch 178: loss=0.70906
Epoch 179: loss=0.73644
Epoch 180: loss=0.72573
Epoch 181: loss=0.70744
Epoch 182: loss=0.69437
Epoch 183: loss=0.69624
Epoch 184: loss=0.71111
Epoch 185: loss=0.71612
Epoch 186: loss=0.70366
Epoch 187: loss=0.70903
Epoch 188: loss=0.71405
Epoch 189: loss=0.68803
Epoch 190: loss=0.68920
Epoch 191: loss=0.70724
Epoch 192: loss=0.66292
Epoch 193: loss=0.65299
Epoch 194: loss=0.63942
Epoch 195: loss=0.64075
Epoch 196: loss=0.67097
Epoch 197: loss=0.68012
Epoch 198: loss=0.66533
Epoch 199: loss=0.65622
Epoch 200: loss=0.65911
Epoch 201: loss=0.66289
Epoch 202: loss=0.65243
Epoch 203: loss=0.66609
Epoch 204: loss=0.65115
Epoch 205: loss=0.62758
Epoch 206: loss=0.64739
Epoch 207: loss=0.65402
Epoch 208: loss=0.64329
Epoch 209: loss=0.63118
Epoch 210: loss=0.62716
Epoch 211: loss=0.63930
Epoch 212: loss=0.63709
Epoch 213: loss=0.61998
Epoch 214: loss=0.61112
Epoch 215: loss=0.63184
Epoch 216: loss=0.62131
Epoch 217: loss=0.64570
Epoch 218: loss=0.63505
Epoch 219: loss=0.66063
Epoch 220: loss=0.66231
Epoch 221: loss=0.64518
Epoch 222: loss=0.63909
Epoch 223: loss=0.63885
Epoch 224: loss=0.64729
Epoch 225: loss=0.66231
Epoch 226: loss=0.66656
Epoch 227: loss=0.69331
Epoch 228: loss=0.67034
Epoch 229: loss=0.67051
Epoch 230: loss=0.66920
Epoch 231: loss=0.67262
Epoch 232: loss=0.66328
Epoch 233: loss=0.68557
Epoch 234: loss=0.67366
Epoch 235: loss=0.67197
Epoch 236: loss=0.65942
Epoch 237: loss=0.68412
Epoch 238: loss=0.67894
Epoch 239: loss=0.69385
Epoch 240: loss=0.67158
Epoch 241: loss=0.67048
Epoch 242: loss=0.67670
Epoch 243: loss=0.67443
Epoch 244: loss=0.67215
Epoch 245: loss=0.65642
Epoch 246: loss=0.67346
Epoch 247: loss=0.67111
Epoch 248: loss=0.66768
Epoch 249: loss=0.67531
Epoch 250: loss=0.71126
Epoch 251: loss=0.71200
Epoch 252: loss=0.67261
Epoch 253: loss=0.67971
Epoch 254: loss=0.67780
Epoch 255: loss=0.67662
Epoch 256: loss=0.64221
Epoch 257: loss=0.65618
Epoch 258: loss=0.68144
Epoch 259: loss=0.65817
Epoch 260: loss=0.64473
Epoch 261: loss=0.63990
Epoch 262: loss=0.65954
Epoch 263: loss=0.64991
Epoch 264: loss=0.63940
Epoch 265: loss=0.65476
Epoch 266: loss=0.64685
Epoch 267: loss=0.65765
Epoch 268: loss=0.65926
Epoch 269: loss=0.68099
Epoch 270: loss=0.67811
Epoch 271: loss=0.70730
Epoch 272: loss=0.68515
Epoch 273: loss=0.66559
Epoch 274: loss=0.66326
Epoch 275: loss=0.66780
Epoch 276: loss=0.68940
Epoch 277: loss=0.68115
Epoch 278: loss=0.68376
Epoch 279: loss=0.68560
Epoch 280: loss=0.69499
Epoch 281: loss=0.69344
Epoch 282: loss=0.68854
Epoch 283: loss=0.69307
Epoch 284: loss=0.70799
Epoch 285: loss=0.73770
Epoch 286: loss=0.68955
Epoch 287: loss=0.65711
Epoch 288: loss=0.68439
Epoch 289: loss=0.66236
Epoch 290: loss=0.66177
Epoch 291: loss=0.65669
Epoch 292: loss=0.66299
Epoch 293: loss=0.66831
Epoch 294: loss=0.64734
Epoch 295: loss=0.67072
Epoch 296: loss=0.66759
Epoch 297: loss=0.64777
Epoch 298: loss=0.64549
Epoch 299: loss=0.62465
Epoch 300: loss=0.63524
Epoch 301: loss=0.64752
Epoch 302: loss=0.65074
Epoch 303: loss=0.66276
Epoch 304: loss=0.68283
Epoch 305: loss=0.67177
Epoch 306: loss=0.68665
Epoch 307: loss=0.68667
Epoch 308: loss=0.69334
Epoch 309: loss=0.70513
Epoch 310: loss=0.68262
Epoch 311: loss=0.67590
Epoch 312: loss=0.66408
Epoch 313: loss=0.65538
Epoch 314: loss=0.65611
Epoch 315: loss=0.65941
Epoch 316: loss=0.67161
Epoch 317: loss=0.63888
Epoch 318: loss=0.65404
Epoch 319: loss=0.65762
Epoch 320: loss=0.65858
Epoch 321: loss=0.63990
Epoch 322: loss=0.62460
Epoch 323: loss=0.62773
Epoch 324: loss=0.62098
Epoch 325: loss=0.63177
Epoch 326: loss=0.62879
Epoch 327: loss=0.63202
Epoch 328: loss=0.64917
Epoch 329: loss=0.66950
Epoch 330: loss=0.62725
Epoch 331: loss=0.62823
Epoch 332: loss=0.61334
Epoch 333: loss=0.63888
Epoch 334: loss=0.62258
Epoch 335: loss=0.62208
Epoch 336: loss=0.64943
Epoch 337: loss=0.64565
Epoch 338: loss=0.67687
Epoch 339: loss=0.65690
Epoch 340: loss=0.66849
Epoch 341: loss=0.65315
Epoch 342: loss=0.62965
Epoch 343: loss=0.64768
Epoch 344: loss=0.61969
Epoch 345: loss=0.63229
Epoch 346: loss=0.62476
Epoch 347: loss=0.64866
Epoch 348: loss=0.69567
Epoch 349: loss=0.68852
Epoch 350: loss=0.64144
Epoch 351: loss=0.62265
Epoch 352: loss=0.63483
Epoch 353: loss=0.64119
Epoch 354: loss=0.59657
Epoch 355: loss=0.61289
Epoch 356: loss=0.61208
Epoch 357: loss=0.63672
Epoch 358: loss=0.64326
Epoch 359: loss=0.65368
Epoch 360: loss=0.65212
Epoch 361: loss=0.64501
Epoch 362: loss=0.60597
Epoch 363: loss=0.61827
Epoch 364: loss=0.61958
Epoch 365: loss=0.62852
Epoch 366: loss=0.61608
Epoch 367: loss=0.61189
Epoch 368: loss=0.61693
Epoch 369: loss=0.64592
Epoch 370: loss=0.65909
Epoch 371: loss=0.66476
Epoch 372: loss=0.63504
Epoch 373: loss=0.62452
Epoch 374: loss=0.63264
Epoch 375: loss=0.66193
Epoch 376: loss=0.65031
Epoch 377: loss=0.63228
Epoch 378: loss=0.63636
Epoch 379: loss=0.62527
Epoch 380: loss=0.64940
Epoch 381: loss=0.65458
Epoch 382: loss=0.66466
Epoch 383: loss=0.65281
Epoch 384: loss=0.62687
Epoch 385: loss=0.61086
Epoch 386: loss=0.63236
Epoch 387: loss=0.63106
Epoch 388: loss=0.60804
Epoch 389: loss=0.61108
Epoch 390: loss=0.62596
Epoch 391: loss=0.62876
Epoch 392: loss=0.63463
Epoch 393: loss=0.64238
Epoch 394: loss=0.60837
Epoch 395: loss=0.61291
Epoch 396: loss=0.64673
Epoch 397: loss=0.61535
Epoch 398: loss=0.66174
Epoch 399: loss=0.62508
Epoch 400: loss=0.60831
Epoch 401: loss=0.63491
Epoch 402: loss=0.62801
Epoch 403: loss=0.61385
Epoch 404: loss=0.61010
Epoch 405: loss=0.59489
Epoch 406: loss=0.59632
Epoch 407: loss=0.61623
Epoch 408: loss=0.62762
Epoch 409: loss=0.60626
Epoch 410: loss=0.60649
Epoch 411: loss=0.61650
Epoch 412: loss=0.63302
Epoch 413: loss=0.63243
Epoch 414: loss=0.61552
Epoch 415: loss=0.59856
Epoch 416: loss=0.63260
Epoch 417: loss=0.64455
Epoch 418: loss=0.63387
Epoch 419: loss=0.65671
Epoch 420: loss=0.63005
Epoch 421: loss=0.62599
Epoch 422: loss=0.63267
Epoch 423: loss=0.62338
Epoch 424: loss=0.62181
Epoch 425: loss=0.60736
Epoch 426: loss=0.60572
Epoch 427: loss=0.61680
Epoch 428: loss=0.62587
Epoch 429: loss=0.63167
Epoch 430: loss=0.63909
Epoch 431: loss=0.61496
Epoch 432: loss=0.63385
Epoch 433: loss=0.63546
Epoch 434: loss=0.65110
Epoch 435: loss=0.61603
Epoch 436: loss=0.61479
Epoch 437: loss=0.62554
Epoch 438: loss=0.63872
Epoch 439: loss=0.63958
Epoch 440: loss=0.63104
Epoch 441: loss=0.62107
Epoch 442: loss=0.66195
Epoch 443: loss=0.63956
Epoch 444: loss=0.65513
Epoch 445: loss=0.66077
Epoch 446: loss=0.63954
Epoch 447: loss=0.63883
Epoch 448: loss=0.63881
Epoch 449: loss=0.63438
Epoch 450: loss=0.63370
Epoch 451: loss=0.65301
Epoch 452: loss=0.63215
Epoch 453: loss=0.62825
Epoch 454: loss=0.61655
Epoch 455: loss=0.63852
Epoch 456: loss=0.63262
Epoch 457: loss=0.60857
Epoch 458: loss=0.62154
Epoch 459: loss=0.60227
Epoch 460: loss=0.61553
Epoch 461: loss=0.63499
Epoch 462: loss=0.63420
Epoch 463: loss=0.65434
Epoch 464: loss=0.63460
Epoch 465: loss=0.67312
Epoch 466: loss=0.68252
Epoch 467: loss=0.67645
Epoch 468: loss=0.67101
Epoch 469: loss=0.64719
Epoch 470: loss=0.66396
Epoch 471: loss=0.64804
Epoch 472: loss=0.61374
Epoch 473: loss=0.63038
Epoch 474: loss=0.64726
Epoch 475: loss=0.63157
Epoch 476: loss=0.62423
Epoch 477: loss=0.60965
Epoch 478: loss=0.59392
Epoch 479: loss=0.65135
Epoch 480: loss=0.65991
Epoch 481: loss=0.64051
Epoch 482: loss=0.66342
Epoch 483: loss=0.62592
Epoch 484: loss=0.61967
Epoch 485: loss=0.58744
Epoch 486: loss=0.60012
Epoch 487: loss=0.59033
Epoch 488: loss=0.59344
Epoch 489: loss=0.61048
Epoch 490: loss=0.61910
Epoch 491: loss=0.62072
Epoch 492: loss=0.63103
Epoch 493: loss=0.62516
Epoch 494: loss=0.63226
Epoch 495: loss=0.63776
Epoch 496: loss=0.62976
Epoch 497: loss=0.66796
Epoch 498: loss=0.66942
Epoch 499: loss=0.65616
Epoch 500: loss=0.63026
Training accuracy: 0.877
Test accuracy: 0.541

File list dumped

Saved in file
