/home/venkat/Unreliable_Synaptic_Transmission/Deepti/DOPcodes/dataset/shddataset/
2 layered 256 unit SNN made weight variables and loss histogram
Epoch 1: loss=18.58372
Epoch 2: loss=7.26582
Epoch 3: loss=4.62357
Epoch 4: loss=3.66348
Epoch 5: loss=3.22186
Epoch 6: loss=3.07201
Epoch 7: loss=2.97549
Epoch 8: loss=2.92516
Epoch 9: loss=2.88308
Epoch 10: loss=2.83598
Trained for 10 epochs
Training accuracy: 0.170
Epoch 1: loss=2.79321
Epoch 2: loss=2.76393
Epoch 3: loss=2.75126
Epoch 4: loss=2.72614
Epoch 5: loss=2.70073
Epoch 6: loss=2.68852
Epoch 7: loss=2.66779
Epoch 8: loss=2.67057
Epoch 9: loss=2.66893
Epoch 10: loss=2.63357
Epoch 11: loss=2.61813
Epoch 12: loss=2.60424
Epoch 13: loss=2.59971
Epoch 14: loss=2.59618
Epoch 15: loss=2.61285
Epoch 16: loss=2.59571
Epoch 17: loss=2.58004
Epoch 18: loss=2.55268
Epoch 19: loss=2.53346
Epoch 20: loss=2.50915
Epoch 21: loss=2.49860
Epoch 22: loss=2.49878
Epoch 23: loss=2.50127
Epoch 24: loss=2.49598
Epoch 25: loss=2.48194
Epoch 26: loss=2.46290
Epoch 27: loss=2.45028
Epoch 28: loss=2.43827
Epoch 29: loss=2.42747
Epoch 30: loss=2.39027
Epoch 31: loss=2.38984
Epoch 32: loss=2.35994
Epoch 33: loss=2.35252
Epoch 34: loss=2.33521
Epoch 35: loss=2.29901
Epoch 36: loss=2.28655
Epoch 37: loss=2.25411
Epoch 38: loss=2.23068
Epoch 39: loss=2.22595
Epoch 40: loss=2.19749
Epoch 41: loss=2.17447
Epoch 42: loss=2.15846
Epoch 43: loss=2.15846
Epoch 44: loss=2.12879
Epoch 45: loss=2.10988
Epoch 46: loss=2.11465
Epoch 47: loss=2.09369
Epoch 48: loss=2.07544
Epoch 49: loss=2.06694
Epoch 50: loss=2.05517
Epoch 51: loss=2.03415
Epoch 52: loss=2.00630
Epoch 53: loss=2.00404
Epoch 54: loss=1.98170
Epoch 55: loss=1.96639
Epoch 56: loss=1.95986
Epoch 57: loss=1.94221
Epoch 58: loss=1.90878
Epoch 59: loss=1.89695
Epoch 60: loss=1.89228
Epoch 61: loss=1.87378
Epoch 62: loss=1.86139
Epoch 63: loss=1.85037
Epoch 64: loss=1.83407
Epoch 65: loss=1.82956
Epoch 66: loss=1.82190
Epoch 67: loss=1.81952
Epoch 68: loss=1.82349
Epoch 69: loss=1.80745
Epoch 70: loss=1.80822
Epoch 71: loss=1.79239
Epoch 72: loss=1.77338
Epoch 73: loss=1.77459
Epoch 74: loss=1.75160
Epoch 75: loss=1.75846
Epoch 76: loss=1.73449
Epoch 77: loss=1.71768
Epoch 78: loss=1.71048
Epoch 79: loss=1.69420
Epoch 80: loss=1.68062
Epoch 81: loss=1.68383
Epoch 82: loss=1.68321
Epoch 83: loss=1.67292
Epoch 84: loss=1.65752
Epoch 85: loss=1.66617
Epoch 86: loss=1.66865
Epoch 87: loss=1.65631
Epoch 88: loss=1.64284
Epoch 89: loss=1.64346
Epoch 90: loss=1.65107
Epoch 91: loss=1.64218
Epoch 92: loss=1.61047
Epoch 93: loss=1.61624
Epoch 94: loss=1.60531
Epoch 95: loss=1.57821
Epoch 96: loss=1.58821
Epoch 97: loss=1.58635
Epoch 98: loss=1.58802
Epoch 99: loss=1.57202
Epoch 100: loss=1.57682
Epoch 101: loss=1.56297
Epoch 102: loss=1.57717
Epoch 103: loss=1.57352
Epoch 104: loss=1.55702
Epoch 105: loss=1.53707
Epoch 106: loss=1.52652
Epoch 107: loss=1.54541
Epoch 108: loss=1.53064
Epoch 109: loss=1.51785
Epoch 110: loss=1.50870
Epoch 111: loss=1.50427
Epoch 112: loss=1.49976
Epoch 113: loss=1.48859
Epoch 114: loss=1.50097
Epoch 115: loss=1.50267
Epoch 116: loss=1.51135
Epoch 117: loss=1.47099
Epoch 118: loss=1.46071
Epoch 119: loss=1.44185
Epoch 120: loss=1.44969
Epoch 121: loss=1.45434
Epoch 122: loss=1.44786
Epoch 123: loss=1.43908
Epoch 124: loss=1.43173
Epoch 125: loss=1.43362
Epoch 126: loss=1.42540
Epoch 127: loss=1.41939
Epoch 128: loss=1.42175
Epoch 129: loss=1.40090
Epoch 130: loss=1.40531
Epoch 131: loss=1.40338
Epoch 132: loss=1.40987
Epoch 133: loss=1.39032
Epoch 134: loss=1.41168
Epoch 135: loss=1.39635
Epoch 136: loss=1.39002
Epoch 137: loss=1.37478
Epoch 138: loss=1.37249
Epoch 139: loss=1.37619
Epoch 140: loss=1.35877
Epoch 141: loss=1.37192
Epoch 142: loss=1.36359
Epoch 143: loss=1.35490
Epoch 144: loss=1.34370
Epoch 145: loss=1.32843
Epoch 146: loss=1.32577
Epoch 147: loss=1.32819
Epoch 148: loss=1.33215
Epoch 149: loss=1.31491
Epoch 150: loss=1.30143
Epoch 151: loss=1.30558
Epoch 152: loss=1.31298
Epoch 153: loss=1.31156
Epoch 154: loss=1.31966
Epoch 155: loss=1.29782
Epoch 156: loss=1.28631
Epoch 157: loss=1.27579
Epoch 158: loss=1.26686
Epoch 159: loss=1.27320
Epoch 160: loss=1.26077
Epoch 161: loss=1.25531
Epoch 162: loss=1.24568
Epoch 163: loss=1.25394
Epoch 164: loss=1.24756
Epoch 165: loss=1.24233
Epoch 166: loss=1.23368
Epoch 167: loss=1.24041
Epoch 168: loss=1.24591
Epoch 169: loss=1.22451
Epoch 170: loss=1.22507
Epoch 171: loss=1.21674
Epoch 172: loss=1.19889
Epoch 173: loss=1.20957
Epoch 174: loss=1.21254
Epoch 175: loss=1.24196
Epoch 176: loss=1.22754
Epoch 177: loss=1.21383
Epoch 178: loss=1.23235
Epoch 179: loss=1.24733
Epoch 180: loss=1.24091
Epoch 181: loss=1.24034
Epoch 182: loss=1.21851
Epoch 183: loss=1.22413
Epoch 184: loss=1.20932
Epoch 185: loss=1.20579
Epoch 186: loss=1.20153
Epoch 187: loss=1.20856
Epoch 188: loss=1.18915
Epoch 189: loss=1.19500
Epoch 190: loss=1.19085
Epoch 191: loss=1.20458
Epoch 192: loss=1.20773
Epoch 193: loss=1.19092
Epoch 194: loss=1.17374
Epoch 195: loss=1.18210
Epoch 196: loss=1.17632
Epoch 197: loss=1.16367
Epoch 198: loss=1.16367
Epoch 199: loss=1.15760
Epoch 200: loss=1.16639
Epoch 201: loss=1.15670
Epoch 202: loss=1.15299
Epoch 203: loss=1.16564
Epoch 204: loss=1.14672
Epoch 205: loss=1.13753
Epoch 206: loss=1.12018
Epoch 207: loss=1.14190
Epoch 208: loss=1.12506
Epoch 209: loss=1.11629
Epoch 210: loss=1.10841
Epoch 211: loss=1.11745
Epoch 212: loss=1.11798
Epoch 213: loss=1.11079
Epoch 214: loss=1.10306
Epoch 215: loss=1.09929
Epoch 216: loss=1.12307
Epoch 217: loss=1.12043
Epoch 218: loss=1.09697
Epoch 219: loss=1.08493
Epoch 220: loss=1.10343
Epoch 221: loss=1.10331
Epoch 222: loss=1.09395
Epoch 223: loss=1.09933
Epoch 224: loss=1.06714
Epoch 225: loss=1.10184
Epoch 226: loss=1.08129
Epoch 227: loss=1.07783
Epoch 228: loss=1.09327
Epoch 229: loss=1.09328
Epoch 230: loss=1.10740
Epoch 231: loss=1.11929
Epoch 232: loss=1.07957
Epoch 233: loss=1.06517
Epoch 234: loss=1.07832
Epoch 235: loss=1.06761
Epoch 236: loss=1.06098
Epoch 237: loss=1.06745
Epoch 238: loss=1.06255
Epoch 239: loss=1.06847
Epoch 240: loss=1.05522
Epoch 241: loss=1.04228
Epoch 242: loss=1.03734
Epoch 243: loss=1.04648
Epoch 244: loss=1.04731
Epoch 245: loss=1.05452
Epoch 246: loss=1.04003
Epoch 247: loss=1.05889
Epoch 248: loss=1.07647
Epoch 249: loss=1.08149
Epoch 250: loss=1.08514
Epoch 251: loss=1.07062
Epoch 252: loss=1.06059
Epoch 253: loss=1.06326
Epoch 254: loss=1.05819
Epoch 255: loss=1.05282
Epoch 256: loss=1.06040
Epoch 257: loss=1.06042
Epoch 258: loss=1.05471
Epoch 259: loss=1.06252
Epoch 260: loss=1.06357
Epoch 261: loss=1.04799
Epoch 262: loss=1.04479
Epoch 263: loss=1.01573
Epoch 264: loss=1.04246
Epoch 265: loss=1.03399
Epoch 266: loss=1.01749
Epoch 267: loss=1.02341
Epoch 268: loss=1.03510
Epoch 269: loss=1.02353
Epoch 270: loss=1.01694
Epoch 271: loss=1.02667
Epoch 272: loss=1.01103
Epoch 273: loss=1.01855
Epoch 274: loss=1.00839
Epoch 275: loss=1.01371
Epoch 276: loss=1.02318
Epoch 277: loss=1.01184
Epoch 278: loss=1.01237
Epoch 279: loss=1.00534
Epoch 280: loss=1.00403
Epoch 281: loss=1.00694
Epoch 282: loss=0.99614
Epoch 283: loss=0.99557
Epoch 284: loss=0.98240
Epoch 285: loss=0.99491
Epoch 286: loss=0.99925
Epoch 287: loss=0.98653
Epoch 288: loss=0.98015
Epoch 289: loss=0.98694
Epoch 290: loss=0.97729
Epoch 291: loss=0.99252
Epoch 292: loss=1.00180
Epoch 293: loss=0.99577
Epoch 294: loss=0.99890
Epoch 295: loss=1.01512
Epoch 296: loss=1.01799
Epoch 297: loss=1.01439
Epoch 298: loss=0.99865
Epoch 299: loss=0.97623
Epoch 300: loss=0.95446
Epoch 301: loss=0.95426
Epoch 302: loss=0.96733
Epoch 303: loss=0.96959
Epoch 304: loss=0.97121
Epoch 305: loss=0.95297
Epoch 306: loss=0.96800
Epoch 307: loss=0.97149
Epoch 308: loss=0.95192
Epoch 309: loss=0.95481
Epoch 310: loss=0.97196
Epoch 311: loss=0.97436
Epoch 312: loss=0.96605
Epoch 313: loss=0.95739
Epoch 314: loss=0.98023
Epoch 315: loss=0.97151
Epoch 316: loss=0.97855
Epoch 317: loss=0.97885
Epoch 318: loss=0.95827
Epoch 319: loss=0.94228
Epoch 320: loss=0.95320
Epoch 321: loss=0.93142
Epoch 322: loss=0.93023
Epoch 323: loss=0.94360
Epoch 324: loss=0.95175
Epoch 325: loss=0.94193
Epoch 326: loss=0.93050
Epoch 327: loss=0.92914
Epoch 328: loss=0.92935
Epoch 329: loss=0.91418
Epoch 330: loss=0.91830
Epoch 331: loss=0.90755
Epoch 332: loss=0.92373
Epoch 333: loss=0.90753
Epoch 334: loss=0.90948
Epoch 335: loss=0.90339
Epoch 336: loss=0.89704
Epoch 337: loss=0.90336
Epoch 338: loss=0.90954
Epoch 339: loss=0.90474
Epoch 340: loss=0.89544
Epoch 341: loss=0.89807
Epoch 342: loss=0.91280
Epoch 343: loss=0.89409
Epoch 344: loss=0.90310
Epoch 345: loss=0.90269
Epoch 346: loss=0.90154
Epoch 347: loss=0.90753
Epoch 348: loss=0.91380
Epoch 349: loss=0.90330
Epoch 350: loss=0.90997
Epoch 351: loss=0.91372
Epoch 352: loss=0.91001
Epoch 353: loss=0.91170
Epoch 354: loss=0.90542
Epoch 355: loss=0.90175
Epoch 356: loss=0.91638
Epoch 357: loss=0.90645
Epoch 358: loss=0.90625
Epoch 359: loss=0.90584
Epoch 360: loss=0.90657
Epoch 361: loss=0.91613
Epoch 362: loss=0.89494
Epoch 363: loss=0.88523
Epoch 364: loss=0.88993
Epoch 365: loss=0.88112
Epoch 366: loss=0.89790
Epoch 367: loss=0.90474
Epoch 368: loss=0.88682
Epoch 369: loss=0.90551
Epoch 370: loss=0.88014
Epoch 371: loss=0.89588
Epoch 372: loss=0.89336
Epoch 373: loss=0.90421
Epoch 374: loss=0.88003
Epoch 375: loss=0.90962
Epoch 376: loss=0.90016
Epoch 377: loss=0.90038
Epoch 378: loss=0.89434
Epoch 379: loss=0.90063
Epoch 380: loss=0.90082
Epoch 381: loss=0.91835
Epoch 382: loss=0.91059
Epoch 383: loss=0.88428
Epoch 384: loss=0.87966
Epoch 385: loss=0.88243
Epoch 386: loss=0.89457
Epoch 387: loss=0.88018
Epoch 388: loss=0.90832
Epoch 389: loss=0.89251
Epoch 390: loss=0.87493
Epoch 391: loss=0.86251
Epoch 392: loss=0.87532
Epoch 393: loss=0.87314
Epoch 394: loss=0.90201
Epoch 395: loss=0.90630
Epoch 396: loss=0.89467
Epoch 397: loss=0.88190
Epoch 398: loss=0.88790
Epoch 399: loss=0.88564
Epoch 400: loss=0.87860
Epoch 401: loss=0.90535
Epoch 402: loss=0.87641
Epoch 403: loss=0.87413
Epoch 404: loss=0.87059
Epoch 405: loss=0.90600
Epoch 406: loss=0.88356
Epoch 407: loss=0.88747
Epoch 408: loss=0.90629
Epoch 409: loss=0.88492
Epoch 410: loss=0.87746
Epoch 411: loss=0.87082
Epoch 412: loss=0.87015
Epoch 413: loss=0.87911
Epoch 414: loss=0.89042
Epoch 415: loss=0.87559
Epoch 416: loss=0.88945
Epoch 417: loss=0.88646
Epoch 418: loss=0.87986
Epoch 419: loss=0.90036
Epoch 420: loss=0.89996
Epoch 421: loss=0.88525
Epoch 422: loss=0.89196
Epoch 423: loss=0.89439
Epoch 424: loss=0.88623
Epoch 425: loss=0.90695
Epoch 426: loss=0.90154
Epoch 427: loss=0.91459
Epoch 428: loss=0.89712
Epoch 429: loss=0.89687
Epoch 430: loss=0.90174
Epoch 431: loss=0.87903
Epoch 432: loss=0.90433
Epoch 433: loss=0.92417
Epoch 434: loss=0.92656
Epoch 435: loss=0.94712
Epoch 436: loss=0.95463
Epoch 437: loss=0.97090
Epoch 438: loss=0.95903
Epoch 439: loss=0.94244
Epoch 440: loss=0.95288
Epoch 441: loss=0.95860
Epoch 442: loss=0.98357
Epoch 443: loss=1.03754
Epoch 444: loss=1.04568
Epoch 445: loss=1.05333
Epoch 446: loss=0.99356
Epoch 447: loss=0.96789
Epoch 448: loss=0.92065
Epoch 449: loss=0.88034
Epoch 450: loss=0.90056
Epoch 451: loss=0.88871
Epoch 452: loss=0.89244
Epoch 453: loss=0.90284
Epoch 454: loss=0.89589
Epoch 455: loss=0.89125
Epoch 456: loss=0.88267
Epoch 457: loss=0.90262
Epoch 458: loss=0.94268
Epoch 459: loss=0.93115
Epoch 460: loss=0.91667
Epoch 461: loss=0.91794
Epoch 462: loss=0.94825
Epoch 463: loss=0.94954
Epoch 464: loss=0.93466
Epoch 465: loss=0.92816
Epoch 466: loss=0.89674
Epoch 467: loss=0.89931
Epoch 468: loss=0.87979
Epoch 469: loss=0.88236
Epoch 470: loss=0.88374
Epoch 471: loss=0.87780
Epoch 472: loss=0.88927
Epoch 473: loss=0.89542
Epoch 474: loss=0.87371
Epoch 475: loss=0.86255
Epoch 476: loss=0.87709
Epoch 477: loss=0.87445
Epoch 478: loss=0.87391
Epoch 479: loss=0.87256
Epoch 480: loss=0.85847
Epoch 481: loss=0.88659
Epoch 482: loss=0.87509
Epoch 483: loss=0.87195
Epoch 484: loss=0.84520
Epoch 485: loss=0.86369
Epoch 486: loss=0.86766
Epoch 487: loss=0.85995
Epoch 488: loss=0.86819
Epoch 489: loss=0.87338
Epoch 490: loss=0.88420
Epoch 491: loss=0.86634
Epoch 492: loss=0.87003
Epoch 493: loss=0.85226
Epoch 494: loss=0.84025
Epoch 495: loss=0.83357
Epoch 496: loss=0.85184
Epoch 497: loss=0.85397
Epoch 498: loss=0.86852
Epoch 499: loss=0.86903
Epoch 500: loss=0.86778
Epoch 501: loss=0.85547
Epoch 502: loss=0.85685
Epoch 503: loss=0.86530
Epoch 504: loss=0.84965
Epoch 505: loss=0.84899
Epoch 506: loss=0.85643
Epoch 507: loss=0.83819
Epoch 508: loss=0.86243
Epoch 509: loss=0.84935
Epoch 510: loss=0.83252
Epoch 511: loss=0.84531
Epoch 512: loss=0.81648
Epoch 513: loss=0.80133
Epoch 514: loss=0.82396
Epoch 515: loss=0.80832
Epoch 516: loss=0.80090
Epoch 517: loss=0.80130
Epoch 518: loss=0.79255
Epoch 519: loss=0.80727
Epoch 520: loss=0.80582
Epoch 521: loss=0.84477
Epoch 522: loss=0.81731
Epoch 523: loss=0.81534
Epoch 524: loss=0.81790
Epoch 525: loss=0.82783
Epoch 526: loss=0.80692
Epoch 527: loss=0.80923
Epoch 528: loss=0.82234
Epoch 529: loss=0.81740
Epoch 530: loss=0.81805
Epoch 531: loss=0.82532
Epoch 532: loss=0.80825
Epoch 533: loss=0.82874
Epoch 534: loss=0.80076
Epoch 535: loss=0.82028
Epoch 536: loss=0.84239
Epoch 537: loss=0.83104
Epoch 538: loss=0.84672
Epoch 539: loss=0.83361
Epoch 540: loss=0.81497
Epoch 541: loss=0.81120
Epoch 542: loss=0.84265
Epoch 543: loss=0.85081
Epoch 544: loss=0.85039
Epoch 545: loss=0.84276
Epoch 546: loss=0.85584
Epoch 547: loss=0.82279
Epoch 548: loss=0.78835
Epoch 549: loss=0.81169
Epoch 550: loss=0.82702
Epoch 551: loss=0.82034
Epoch 552: loss=0.83936
Epoch 553: loss=0.83190
Epoch 554: loss=0.82018
Epoch 555: loss=0.82379
Epoch 556: loss=0.81886
Epoch 557: loss=0.80551
Epoch 558: loss=0.80908
Epoch 559: loss=0.82149
Epoch 560: loss=0.82242
Epoch 561: loss=0.81835
Epoch 562: loss=0.82418
Epoch 563: loss=0.82444
Epoch 564: loss=0.84273
Epoch 565: loss=0.82395
Epoch 566: loss=0.82632
Epoch 567: loss=0.82332
Epoch 568: loss=0.80562
Epoch 569: loss=0.79270
Epoch 570: loss=0.79855
Epoch 571: loss=0.80934
Epoch 572: loss=0.81843
Epoch 573: loss=0.81292
Epoch 574: loss=0.81458
Epoch 575: loss=0.83414
Epoch 576: loss=0.84607
Epoch 577: loss=0.85533
Epoch 578: loss=0.88694
Epoch 579: loss=0.89084
Epoch 580: loss=0.87934
Epoch 581: loss=0.86704
Epoch 582: loss=0.85604
Epoch 583: loss=0.87785
Epoch 584: loss=0.84545
Epoch 585: loss=0.82296
Epoch 586: loss=0.83779
Epoch 587: loss=0.82857
Epoch 588: loss=0.79733
Epoch 589: loss=0.80899
Epoch 590: loss=0.81370
Epoch 591: loss=0.82157
Epoch 592: loss=0.84834
Epoch 593: loss=0.83734
Epoch 594: loss=0.84627
Epoch 595: loss=0.84314
Epoch 596: loss=0.79262
Epoch 597: loss=0.78686
Epoch 598: loss=0.77620
Epoch 599: loss=0.78343
Epoch 600: loss=0.79320
Epoch 601: loss=0.79238
Epoch 602: loss=0.76474
Epoch 603: loss=0.78711
Epoch 604: loss=0.78417
Epoch 605: loss=0.79283
Epoch 606: loss=0.78606
Epoch 607: loss=0.79512
Epoch 608: loss=0.83425
Epoch 609: loss=0.79741
Epoch 610: loss=0.78732
Epoch 611: loss=0.75872
Epoch 612: loss=0.75760
Epoch 613: loss=0.76074
Epoch 614: loss=0.77724
Epoch 615: loss=0.77781
Epoch 616: loss=0.77547
Epoch 617: loss=0.77230
Epoch 618: loss=0.77544
Epoch 619: loss=0.78340
Epoch 620: loss=0.77948
Epoch 621: loss=0.81005
Epoch 622: loss=0.79011
Epoch 623: loss=0.79230
Epoch 624: loss=0.82371
Epoch 625: loss=0.83037
Epoch 626: loss=0.81683
Epoch 627: loss=0.81783
Epoch 628: loss=0.84584
Epoch 629: loss=0.83418
Epoch 630: loss=0.80939
Epoch 631: loss=0.79515
Epoch 632: loss=0.79224
Epoch 633: loss=0.81896
Epoch 634: loss=0.83187
Epoch 635: loss=0.81252
Epoch 636: loss=0.80033
Epoch 637: loss=0.83151
Epoch 638: loss=0.83390
Epoch 639: loss=0.83804
Epoch 640: loss=0.82187
Epoch 641: loss=0.81295
Epoch 642: loss=0.81128
Epoch 643: loss=0.83018
Epoch 644: loss=0.80142
Epoch 645: loss=0.79625
Epoch 646: loss=0.77310
Epoch 647: loss=0.80163
Epoch 648: loss=0.77446
Epoch 649: loss=0.78056
Epoch 650: loss=0.79162
Epoch 651: loss=0.78634
Epoch 652: loss=0.78686
Epoch 653: loss=0.76398
Epoch 654: loss=0.77031
Epoch 655: loss=0.77214
Epoch 656: loss=0.75502
Epoch 657: loss=0.77548
Epoch 658: loss=0.79390
Epoch 659: loss=0.77605
Epoch 660: loss=0.76569
Epoch 661: loss=0.76694
Epoch 662: loss=0.77962
Epoch 663: loss=0.75848
Epoch 664: loss=0.75939
Epoch 665: loss=0.76720
Epoch 666: loss=0.78393
Epoch 667: loss=0.77689
Epoch 668: loss=0.75786
Epoch 669: loss=0.75607
Epoch 670: loss=0.74230
Epoch 671: loss=0.73925
Epoch 672: loss=0.75516
Epoch 673: loss=0.75815
Epoch 674: loss=0.75849
Epoch 675: loss=0.75227
Epoch 676: loss=0.74838
Epoch 677: loss=0.77624
Epoch 678: loss=0.79024
Epoch 679: loss=0.80947
Epoch 680: loss=0.78452
Epoch 681: loss=0.75982
Epoch 682: loss=0.76038
Epoch 683: loss=0.78771
Epoch 684: loss=0.75968
Epoch 685: loss=0.76760
Epoch 686: loss=0.79966
Epoch 687: loss=0.80951
Epoch 688: loss=0.82019
Epoch 689: loss=0.78329
Epoch 690: loss=0.80575
Epoch 691: loss=0.78893
Epoch 692: loss=0.77988
Epoch 693: loss=0.78592
Epoch 694: loss=0.78203
Epoch 695: loss=0.78420
Epoch 696: loss=0.79628
Epoch 697: loss=0.81214
Epoch 698: loss=0.81935
Epoch 699: loss=0.82425
Epoch 700: loss=0.78640
Epoch 701: loss=0.80484
Epoch 702: loss=0.80077
Epoch 703: loss=0.79878
Epoch 704: loss=0.81186
Epoch 705: loss=0.81079
Epoch 706: loss=0.83206
Epoch 707: loss=0.81308
Epoch 708: loss=0.82819
Epoch 709: loss=0.83485
Epoch 710: loss=0.81527
Epoch 711: loss=0.81330
Epoch 712: loss=0.77903
Epoch 713: loss=0.77264
Epoch 714: loss=0.79025
Epoch 715: loss=0.80038
Epoch 716: loss=0.80015
Epoch 717: loss=0.78224
Epoch 718: loss=0.79200
Epoch 719: loss=0.77332
Epoch 720: loss=0.78280
Epoch 721: loss=0.79289
Epoch 722: loss=0.80206
Epoch 723: loss=0.82486
Epoch 724: loss=0.79021
Epoch 725: loss=0.80846
Epoch 726: loss=0.81694
Epoch 727: loss=0.80596
Epoch 728: loss=0.80257
Epoch 729: loss=0.81744
Epoch 730: loss=0.81687
Epoch 731: loss=0.79384
Epoch 732: loss=0.80495
Epoch 733: loss=0.81296
Epoch 734: loss=0.78513
Epoch 735: loss=0.78645
Epoch 736: loss=0.80491
Epoch 737: loss=0.81218
Epoch 738: loss=0.80437
Epoch 739: loss=0.79232
Epoch 740: loss=0.78031
Epoch 741: loss=0.78249
Epoch 742: loss=0.78236
Epoch 743: loss=0.78106
Epoch 744: loss=0.81679
Epoch 745: loss=0.82460
Epoch 746: loss=0.80826
Epoch 747: loss=0.81026
Epoch 748: loss=0.82186
Epoch 749: loss=0.79852
Epoch 750: loss=0.79476
Epoch 751: loss=0.79130
Epoch 752: loss=0.79117
Epoch 753: loss=0.77094
Epoch 754: loss=0.76825
Epoch 755: loss=0.77801
Epoch 756: loss=0.76653
Epoch 757: loss=0.78720
Epoch 758: loss=0.78434
Epoch 759: loss=0.76042
Epoch 760: loss=0.79255
Epoch 761: loss=0.80782
Epoch 762: loss=0.80607
Epoch 763: loss=0.80320
Epoch 764: loss=0.78377
Epoch 765: loss=0.76120
Epoch 766: loss=0.77620
Epoch 767: loss=0.75307
Epoch 768: loss=0.75280
Epoch 769: loss=0.75833
Epoch 770: loss=0.75118
Epoch 771: loss=0.76190
Epoch 772: loss=0.75615
Epoch 773: loss=0.75353
Epoch 774: loss=0.76199
Epoch 775: loss=0.74581
Epoch 776: loss=0.76759
Epoch 777: loss=0.75901
Epoch 778: loss=0.79843
Epoch 779: loss=0.75311
Epoch 780: loss=0.77135
Epoch 781: loss=0.76731
Epoch 782: loss=0.75967
Epoch 783: loss=0.79109
Epoch 784: loss=0.80655
Epoch 785: loss=0.81475
Epoch 786: loss=0.81979
Epoch 787: loss=0.83186
Epoch 788: loss=0.85830
Epoch 789: loss=0.86173
Epoch 790: loss=0.88020
Epoch 791: loss=0.86851
Epoch 792: loss=0.84461
Epoch 793: loss=0.83199
Epoch 794: loss=0.82753
Epoch 795: loss=0.84833
Epoch 796: loss=0.82062
Epoch 797: loss=0.80499
Epoch 798: loss=0.79340
Epoch 799: loss=0.84229
Epoch 800: loss=0.83492
Epoch 801: loss=0.83107
Epoch 802: loss=0.82691
Epoch 803: loss=0.80341
Epoch 804: loss=0.81233
Epoch 805: loss=0.83320
Epoch 806: loss=0.80723
Epoch 807: loss=0.82697
Epoch 808: loss=0.80065
Epoch 809: loss=0.83818
Epoch 810: loss=0.79652
Epoch 811: loss=0.79138
Epoch 812: loss=0.78387
Epoch 813: loss=0.79556
Epoch 814: loss=0.78483
Epoch 815: loss=0.78582
Epoch 816: loss=0.81431
Epoch 817: loss=0.82583
Epoch 818: loss=0.83404
Epoch 819: loss=0.82154
Epoch 820: loss=0.83031
Epoch 821: loss=0.81446
Epoch 822: loss=0.81212
Epoch 823: loss=0.81676
Epoch 824: loss=0.84427
Epoch 825: loss=0.81139
Epoch 826: loss=0.81242
Epoch 827: loss=0.83136
Epoch 828: loss=0.83016
Epoch 829: loss=0.79925
Epoch 830: loss=0.80698
Epoch 831: loss=0.80001
Epoch 832: loss=0.78032
Epoch 833: loss=0.76465
Epoch 834: loss=0.77429
Epoch 835: loss=0.75761
Epoch 836: loss=0.74470
Epoch 837: loss=0.75501
Epoch 838: loss=0.76083
Epoch 839: loss=0.79845
Epoch 840: loss=0.80486
Epoch 841: loss=0.81524
Epoch 842: loss=0.79122
Epoch 843: loss=0.78282
Epoch 844: loss=0.76028
Epoch 845: loss=0.77129
Epoch 846: loss=0.78724
Epoch 847: loss=0.75858
Epoch 848: loss=0.76200
Epoch 849: loss=0.78653
Epoch 850: loss=0.77714
Epoch 851: loss=0.76548
Epoch 852: loss=0.73732
Epoch 853: loss=0.74158
Epoch 854: loss=0.74966
Epoch 855: loss=0.73941
Epoch 856: loss=0.73083
Epoch 857: loss=0.74597
Epoch 858: loss=0.74871
Epoch 859: loss=0.72756
Epoch 860: loss=0.71006
Epoch 861: loss=0.70910
Epoch 862: loss=0.73611
Epoch 863: loss=0.71343
Epoch 864: loss=0.69965
Epoch 865: loss=0.70536
Epoch 866: loss=0.68391
Epoch 867: loss=0.70724
Epoch 868: loss=0.69122
Epoch 869: loss=0.69347
Epoch 870: loss=0.69561
Epoch 871: loss=0.70051
Epoch 872: loss=0.70778
Epoch 873: loss=0.70952
Epoch 874: loss=0.70615
Epoch 875: loss=0.70461
Epoch 876: loss=0.68653
Epoch 877: loss=0.69247
Epoch 878: loss=0.70257
Epoch 879: loss=0.70043
Epoch 880: loss=0.69817
Epoch 881: loss=0.73794
Epoch 882: loss=0.74006
Epoch 883: loss=0.73190
Epoch 884: loss=0.72487
Epoch 885: loss=0.76569
Epoch 886: loss=0.74718
Epoch 887: loss=0.74373
Epoch 888: loss=0.74759
Epoch 889: loss=0.74034
Epoch 890: loss=0.76424
Epoch 891: loss=0.76729
Epoch 892: loss=0.76857
Epoch 893: loss=0.75775
Epoch 894: loss=0.74565
Epoch 895: loss=0.77226
Epoch 896: loss=0.75683
Epoch 897: loss=0.77001
Epoch 898: loss=0.77254
Epoch 899: loss=0.75564
Epoch 900: loss=0.72699
Epoch 901: loss=0.76033
Epoch 902: loss=0.76425
Epoch 903: loss=0.73191
Epoch 904: loss=0.70435
Epoch 905: loss=0.69609
Epoch 906: loss=0.71176
Epoch 907: loss=0.69384
Epoch 908: loss=0.70797
Epoch 909: loss=0.67494
Epoch 910: loss=0.66761
Epoch 911: loss=0.67035
Epoch 912: loss=0.67403
Epoch 913: loss=0.68632
Epoch 914: loss=0.67027
Epoch 915: loss=0.67117
Epoch 916: loss=0.68498
Epoch 917: loss=0.68281
Epoch 918: loss=0.68085
Epoch 919: loss=0.67799
Epoch 920: loss=0.68189
Epoch 921: loss=0.69337
Epoch 922: loss=0.70669
Epoch 923: loss=0.73381
Epoch 924: loss=0.70809
Epoch 925: loss=0.71465
Epoch 926: loss=0.71692
Epoch 927: loss=0.71541
Epoch 928: loss=0.70499
Epoch 929: loss=0.73805
Epoch 930: loss=0.76345
Epoch 931: loss=0.74103
Epoch 932: loss=0.72592
Epoch 933: loss=0.72763
Epoch 934: loss=0.73185
Epoch 935: loss=0.74397
Epoch 936: loss=0.70556
Epoch 937: loss=0.69514
Epoch 938: loss=0.73990
Epoch 939: loss=0.69473
Epoch 940: loss=0.68558
Epoch 941: loss=0.70278
Epoch 942: loss=0.67966
Epoch 943: loss=0.69463
Epoch 944: loss=0.71285
Epoch 945: loss=0.71669
Epoch 946: loss=0.68707
Epoch 947: loss=0.68413
Epoch 948: loss=0.68569
Epoch 949: loss=0.70359
Epoch 950: loss=0.71898
Epoch 951: loss=0.70086
Epoch 952: loss=0.68703
Epoch 953: loss=0.68478
Epoch 954: loss=0.67255
Epoch 955: loss=0.70951
Epoch 956: loss=0.68708
Epoch 957: loss=0.71347
Epoch 958: loss=0.71439
Epoch 959: loss=0.69279
Epoch 960: loss=0.70527
Epoch 961: loss=0.68957
Epoch 962: loss=0.70556
Epoch 963: loss=0.72036
Epoch 964: loss=0.74088
Epoch 965: loss=0.73274
Epoch 966: loss=0.71687
Epoch 967: loss=0.70693
Epoch 968: loss=0.72052
Epoch 969: loss=0.73916
Epoch 970: loss=0.71391
Epoch 971: loss=0.70043
Epoch 972: loss=0.71263
Epoch 973: loss=0.68914
Epoch 974: loss=0.69444
Epoch 975: loss=0.69424
Epoch 976: loss=0.67612
Epoch 977: loss=0.67934
Epoch 978: loss=0.68189
Epoch 979: loss=0.67353
Epoch 980: loss=0.66850
Epoch 981: loss=0.68618
Epoch 982: loss=0.66761
Epoch 983: loss=0.67263
Epoch 984: loss=0.65870
Epoch 985: loss=0.69312
Epoch 986: loss=0.67651
Epoch 987: loss=0.64183
Epoch 988: loss=0.65408
Epoch 989: loss=0.64935
Epoch 990: loss=0.63224
Epoch 991: loss=0.64922
Epoch 992: loss=0.64270
Epoch 993: loss=0.66071
Epoch 994: loss=0.66962
Epoch 995: loss=0.66220
Epoch 996: loss=0.64218
Epoch 997: loss=0.65619
Epoch 998: loss=0.67045
Epoch 999: loss=0.64698
Epoch 1000: loss=0.66233
Training accuracy: 0.866
Test accuracy: 0.529

File list dumped

Saved in file
