/home/venkat/Unreliable_Synaptic_Transmission/Deepti/DOPcodes/SHD/dataset/shddataset/
File not present for network with uniform weight initialisation
Initialised with numbers from uniform distribution
Epoch 1: loss=53.08255
Epoch 2: loss=22.72069
Epoch 3: loss=17.32003
Epoch 4: loss=13.98755
Epoch 5: loss=11.32817
Epoch 6: loss=10.86751
Epoch 7: loss=10.70679
Epoch 8: loss=8.93246
Epoch 9: loss=8.32373
Epoch 10: loss=9.42168
Trained for 10 epochs
Training accuracy: 0.475
Epoch 1: loss=8.41308
Epoch 2: loss=7.65422
Epoch 3: loss=8.01112
Epoch 4: loss=7.29793
Epoch 5: loss=7.22126
Epoch 6: loss=7.58727
Epoch 7: loss=6.60367
Epoch 8: loss=6.62741
Epoch 9: loss=7.70034
Epoch 10: loss=7.36148
Epoch 11: loss=7.98188
Epoch 12: loss=6.84234
Epoch 13: loss=7.94013
Epoch 14: loss=7.12497
Epoch 15: loss=8.25846
Epoch 16: loss=6.86105
Epoch 17: loss=6.03826
Epoch 18: loss=7.14325
Epoch 19: loss=5.90593
Epoch 20: loss=7.30411
Epoch 21: loss=6.23815
Epoch 22: loss=5.67210
Epoch 23: loss=5.79883
Epoch 24: loss=6.25605
Epoch 25: loss=6.15098
Epoch 26: loss=5.29819
Epoch 27: loss=5.92368
Epoch 28: loss=5.40805
Epoch 29: loss=5.12630
Epoch 30: loss=5.68911
Epoch 31: loss=5.63757
Epoch 32: loss=4.69000
Epoch 33: loss=4.91410
Epoch 34: loss=4.45252
Epoch 35: loss=4.82936
Epoch 36: loss=5.15075
Epoch 37: loss=4.99693
Epoch 38: loss=4.76919
Epoch 39: loss=4.34279
Epoch 40: loss=4.48655
Epoch 41: loss=3.95261
Epoch 42: loss=4.38347
Epoch 43: loss=4.01664
Epoch 44: loss=3.74687
Epoch 45: loss=3.63300
Epoch 46: loss=3.66442
Epoch 47: loss=3.81655
Epoch 48: loss=3.79939
Epoch 49: loss=3.78204
Epoch 50: loss=3.50432
Epoch 51: loss=3.93151
Epoch 52: loss=3.46546
Epoch 53: loss=3.60050
Epoch 54: loss=3.74137
Epoch 55: loss=3.48798
Epoch 56: loss=4.07809
Epoch 57: loss=3.61625
Epoch 58: loss=3.26978
Epoch 59: loss=3.15746
Epoch 60: loss=3.56300
Epoch 61: loss=3.12384
Epoch 62: loss=3.31074
Epoch 63: loss=3.20204
Epoch 64: loss=2.96188
Epoch 65: loss=2.82487
Epoch 66: loss=3.07444
Epoch 67: loss=2.78794
Epoch 68: loss=3.07374
Epoch 69: loss=3.36434
Epoch 70: loss=2.71535
Epoch 71: loss=2.91951
Epoch 72: loss=2.88707
Epoch 73: loss=2.82349
Epoch 74: loss=2.68636
Epoch 75: loss=2.67432
Epoch 76: loss=2.73637
Epoch 77: loss=2.71115
Epoch 78: loss=2.74940
Epoch 79: loss=2.69018
Epoch 80: loss=2.39765
Epoch 81: loss=2.59992
Epoch 82: loss=2.29702
Epoch 83: loss=2.44134
Epoch 84: loss=2.44067
Epoch 85: loss=2.86850
Epoch 86: loss=2.67372
Epoch 87: loss=2.68286
Epoch 88: loss=2.66491
Epoch 89: loss=2.41669
Epoch 90: loss=2.35744
Epoch 91: loss=2.36722
Epoch 92: loss=2.23281
Epoch 93: loss=2.17831
Epoch 94: loss=2.40180
Epoch 95: loss=2.18879
Epoch 96: loss=2.25595
Epoch 97: loss=2.00802
Epoch 98: loss=2.27048
Epoch 99: loss=2.15533
Epoch 100: loss=2.18311
Epoch 101: loss=2.04541
Epoch 102: loss=2.20054
Epoch 103: loss=2.16227
Epoch 104: loss=1.97793
Epoch 105: loss=2.12189
Epoch 106: loss=2.05937
Epoch 107: loss=2.05354
Epoch 108: loss=2.04601
Epoch 109: loss=2.30770
Epoch 110: loss=2.07519
Epoch 111: loss=2.03069
Epoch 112: loss=1.94355
Epoch 113: loss=2.00413
Epoch 114: loss=2.09644
Epoch 115: loss=2.23435
Epoch 116: loss=1.76674
Epoch 117: loss=1.99198
Epoch 118: loss=1.97473
Epoch 119: loss=2.19331
Epoch 120: loss=1.98133
Epoch 121: loss=1.99600
Epoch 122: loss=2.02129
Epoch 123: loss=2.08029
Epoch 124: loss=1.78592
Epoch 125: loss=1.82154
Epoch 126: loss=1.77677
Epoch 127: loss=1.80508
Epoch 128: loss=2.01668
Epoch 129: loss=2.00517
Epoch 130: loss=1.89542
Epoch 131: loss=1.84194
Epoch 132: loss=1.86891
Epoch 133: loss=1.80518
Epoch 134: loss=1.85411
Epoch 135: loss=1.71228
Epoch 136: loss=1.98451
Epoch 137: loss=1.64161
Epoch 138: loss=1.71356
Epoch 139: loss=1.70329
Epoch 140: loss=1.68267
Epoch 141: loss=1.71171
Epoch 142: loss=1.65690
Epoch 143: loss=1.99624
Epoch 144: loss=1.85791
Epoch 145: loss=1.79595
Epoch 146: loss=1.65005
Epoch 147: loss=1.57270
Epoch 148: loss=1.60756
Epoch 149: loss=1.63939
Epoch 150: loss=1.64539
Epoch 151: loss=1.48760
Epoch 152: loss=1.59526
Epoch 153: loss=1.62057
Epoch 154: loss=1.61619
Epoch 155: loss=1.62675
Epoch 156: loss=1.73872
Epoch 157: loss=1.80114
Epoch 158: loss=1.66853
Epoch 159: loss=1.64481
Epoch 160: loss=1.56283
Epoch 161: loss=1.75000
Epoch 162: loss=1.49300
Epoch 163: loss=1.64101
Epoch 164: loss=1.67861
Epoch 165: loss=1.54736
Epoch 166: loss=1.60629
Epoch 167: loss=1.63121
Epoch 168: loss=1.64000
Epoch 169: loss=1.60598
Epoch 170: loss=1.49201
Epoch 171: loss=1.75946
Epoch 172: loss=1.52716
Epoch 173: loss=1.32055
Epoch 174: loss=1.49653
Epoch 175: loss=1.60741
Epoch 176: loss=1.29784
Epoch 177: loss=1.42927
Epoch 178: loss=1.51274
Epoch 179: loss=1.54276
Epoch 180: loss=1.43724
Epoch 181: loss=1.45291
Epoch 182: loss=1.42456
Epoch 183: loss=1.27883
Epoch 184: loss=1.33591
Epoch 185: loss=1.42845
Epoch 186: loss=1.46818
Epoch 187: loss=1.26028
Epoch 188: loss=1.36484
Epoch 189: loss=1.32173
Epoch 190: loss=1.31939
Epoch 191: loss=1.43897
Epoch 192: loss=1.31100
Epoch 193: loss=1.36243
Epoch 194: loss=1.32605
Epoch 195: loss=1.27014
Epoch 196: loss=1.33716
Epoch 197: loss=1.26102
Epoch 198: loss=1.24050
Epoch 199: loss=1.42049
Epoch 200: loss=1.42370
Epoch 201: loss=1.26746
Epoch 202: loss=1.43556
Epoch 203: loss=1.16938
Epoch 204: loss=1.21423
Epoch 205: loss=1.25783
Epoch 206: loss=1.40632
Epoch 207: loss=1.33115
Epoch 208: loss=1.28487
Epoch 209: loss=1.27714
Epoch 210: loss=1.27696
Epoch 211: loss=1.32357
Epoch 212: loss=1.38992
Epoch 213: loss=1.53240
Epoch 214: loss=1.43014
Epoch 215: loss=1.24677
Epoch 216: loss=1.30290
Epoch 217: loss=1.30366
Epoch 218: loss=1.04354
Epoch 219: loss=1.17654
Epoch 220: loss=1.19657
Epoch 221: loss=1.15844
Epoch 222: loss=1.14994
Epoch 223: loss=1.35218
Epoch 224: loss=1.24861
Epoch 225: loss=1.32798
Epoch 226: loss=1.34339
Epoch 227: loss=1.20200
Epoch 228: loss=1.32139
Epoch 229: loss=1.16415
Epoch 230: loss=1.23826
Epoch 231: loss=1.28458
Epoch 232: loss=1.23355
Epoch 233: loss=1.22531
Epoch 234: loss=1.22621
Epoch 235: loss=1.24573
Epoch 236: loss=1.21734
Epoch 237: loss=1.14810
Epoch 238: loss=1.22012
Epoch 239: loss=1.26778
Epoch 240: loss=1.18918
Epoch 241: loss=1.22270
Epoch 242: loss=1.12418
Epoch 243: loss=1.23310
Epoch 244: loss=1.19799
Epoch 245: loss=1.14823
Epoch 246: loss=1.28230
Epoch 247: loss=1.20597
Epoch 248: loss=1.33577
Epoch 249: loss=1.13245
Epoch 250: loss=1.08533
Epoch 251: loss=1.14301
Epoch 252: loss=1.12144
Epoch 253: loss=1.10599
Epoch 254: loss=1.08193
Epoch 255: loss=1.04466
Epoch 256: loss=1.04997
Epoch 257: loss=1.01975
Epoch 258: loss=1.14395
Epoch 259: loss=0.97242
Epoch 260: loss=1.01889
Epoch 261: loss=1.10157
Epoch 262: loss=1.14759
Epoch 263: loss=1.10892
Epoch 264: loss=1.08360
Epoch 265: loss=1.01823
Epoch 266: loss=1.12080
Epoch 267: loss=1.05680
Epoch 268: loss=1.11654
Epoch 269: loss=1.07599
Epoch 270: loss=1.02142
Epoch 271: loss=1.02637
Epoch 272: loss=1.13195
Epoch 273: loss=1.10329
Epoch 274: loss=1.06932
Epoch 275: loss=1.07840
Epoch 276: loss=0.99681
Epoch 277: loss=1.10554
Epoch 278: loss=1.01058
Epoch 279: loss=1.02378
Epoch 280: loss=1.13126
Epoch 281: loss=1.14190
Epoch 282: loss=1.10775
Epoch 283: loss=1.06861
Epoch 284: loss=1.03994
Epoch 285: loss=1.07932
Epoch 286: loss=0.99880
Epoch 287: loss=0.99176
Epoch 288: loss=1.10323
Epoch 289: loss=1.03084
Epoch 290: loss=0.93670
Epoch 291: loss=0.97861
Epoch 292: loss=1.15907
Epoch 293: loss=1.02529
Epoch 294: loss=0.98989
Epoch 295: loss=1.02724
Epoch 296: loss=0.88644
Epoch 297: loss=1.03708
Epoch 298: loss=0.95262
Epoch 299: loss=1.03865
Epoch 300: loss=1.01945
Epoch 301: loss=0.95681
Epoch 302: loss=0.91597
Epoch 303: loss=0.91508
Epoch 304: loss=0.96371
Epoch 305: loss=0.98326
Epoch 306: loss=0.93963
Epoch 307: loss=0.97606
Epoch 308: loss=0.84797
Epoch 309: loss=0.88025
Epoch 310: loss=0.94843
Epoch 311: loss=0.86243
Epoch 312: loss=0.95768
Epoch 313: loss=0.91641
Epoch 314: loss=0.89541
Epoch 315: loss=0.82609
Epoch 316: loss=0.87212
Epoch 317: loss=0.97253
Epoch 318: loss=0.92294
Epoch 319: loss=0.77073
Epoch 320: loss=0.82291
Epoch 321: loss=0.88918
Epoch 322: loss=0.84699
Epoch 323: loss=0.85436
Epoch 324: loss=0.84368
Epoch 325: loss=0.78918
Epoch 326: loss=0.82618
