/home/venkat/Unreliable_Synaptic_Transmission/Deepti/DOPcodes/dataset/shddataset/
cuda
time constants of neurons halved and time steps is 100
made weight variables and loss histogram
File not present for network with normal weight initialisation
Initialised with numbers from normal distribution
Epoch 1: loss=3.70896
Epoch 2: loss=2.92925
Epoch 3: loss=2.87760
Epoch 4: loss=2.82877
Epoch 5: loss=2.77935
Epoch 6: loss=2.73349
Epoch 7: loss=2.68552
Epoch 8: loss=2.64252
Epoch 9: loss=2.59982
Epoch 10: loss=2.55871
Trained for 10 epochs
Training accuracy: 0.283
Epoch 1: loss=2.52650
Epoch 2: loss=2.48810
Epoch 3: loss=2.44788
Epoch 4: loss=2.41669
Epoch 5: loss=2.37654
Epoch 6: loss=2.35128
Epoch 7: loss=2.31907
Epoch 8: loss=2.28786
Epoch 9: loss=2.25297
Epoch 10: loss=2.21962
Epoch 11: loss=2.18220
Epoch 12: loss=2.13982
Epoch 13: loss=2.12248
Epoch 14: loss=2.08466
Epoch 15: loss=2.05446
Epoch 16: loss=2.02138
Epoch 17: loss=1.99731
Epoch 18: loss=1.96620
Epoch 19: loss=1.93904
Epoch 20: loss=1.90627
Epoch 21: loss=1.88309
Epoch 22: loss=1.87141
Epoch 23: loss=1.83503
Epoch 24: loss=1.80777
Epoch 25: loss=1.78915
Epoch 26: loss=1.76389
Epoch 27: loss=1.73962
Epoch 28: loss=1.71933
Epoch 29: loss=1.69788
Epoch 30: loss=1.67742
Epoch 31: loss=1.64885
Epoch 32: loss=1.62622
Epoch 33: loss=1.60054
Epoch 34: loss=1.59291
Epoch 35: loss=1.56646
Epoch 36: loss=1.54928
Epoch 37: loss=1.54016
Epoch 38: loss=1.52274
Epoch 39: loss=1.50151
Epoch 40: loss=1.49091
Epoch 41: loss=1.46610
Epoch 42: loss=1.47258
Epoch 43: loss=1.43625
Epoch 44: loss=1.42265
Epoch 45: loss=1.41881
Epoch 46: loss=1.40290
Epoch 47: loss=1.38971
Epoch 48: loss=1.37715
Epoch 49: loss=1.35743
Epoch 50: loss=1.34666
Epoch 51: loss=1.34072
Epoch 52: loss=1.32690
Epoch 53: loss=1.31719
Epoch 54: loss=1.30847
Epoch 55: loss=1.29055
Epoch 56: loss=1.28312
Epoch 57: loss=1.27343
Epoch 58: loss=1.26022
Epoch 59: loss=1.24557
Epoch 60: loss=1.23645
Epoch 61: loss=1.23223
Epoch 62: loss=1.22070
Epoch 63: loss=1.21078
Epoch 64: loss=1.20296
Epoch 65: loss=1.19552
Epoch 66: loss=1.18171
Epoch 67: loss=1.16492
Epoch 68: loss=1.17350
Epoch 69: loss=1.15019
Epoch 70: loss=1.15065
Epoch 71: loss=1.15072
Epoch 72: loss=1.12847
Epoch 73: loss=1.13794
Epoch 74: loss=1.11294
Epoch 75: loss=1.10878
Epoch 76: loss=1.10926
Epoch 77: loss=1.09583
Epoch 78: loss=1.09022
Epoch 79: loss=1.08883
Epoch 80: loss=1.07913
Epoch 81: loss=1.06126
Epoch 82: loss=1.06421
Epoch 83: loss=1.05856
Epoch 84: loss=1.03941
Epoch 85: loss=1.03705
Epoch 86: loss=1.03739
Epoch 87: loss=1.02423
Epoch 88: loss=1.02446
Epoch 89: loss=1.02215
Epoch 90: loss=1.00944
Epoch 91: loss=0.99361
Epoch 92: loss=0.99261
Epoch 93: loss=0.99009
Epoch 94: loss=0.97831
Epoch 95: loss=0.96331
Epoch 96: loss=0.97629
Epoch 97: loss=0.96771
Epoch 98: loss=0.96509
Epoch 99: loss=0.96549
Epoch 100: loss=0.94822
Epoch 101: loss=0.94304
Epoch 102: loss=0.93528
Epoch 103: loss=0.93319
Epoch 104: loss=0.93463
Epoch 105: loss=0.92577
Epoch 106: loss=0.92826
Epoch 107: loss=0.92346
Epoch 108: loss=0.91055
Epoch 109: loss=0.91376
Epoch 110: loss=0.89260
Epoch 111: loss=0.90797
Epoch 112: loss=0.89397
Epoch 113: loss=0.88907
Epoch 114: loss=0.88754
Epoch 115: loss=0.87635
Epoch 116: loss=0.87405
Epoch 117: loss=0.86445
Epoch 118: loss=0.86319
Epoch 119: loss=0.86254
Epoch 120: loss=0.86351
Epoch 121: loss=0.85641
Epoch 122: loss=0.84805
Epoch 123: loss=0.84754
Epoch 124: loss=0.84465
Epoch 125: loss=0.84324
Epoch 126: loss=0.83277
Epoch 127: loss=0.83390
Epoch 128: loss=0.82761
Epoch 129: loss=0.82889
Epoch 130: loss=0.82759
Epoch 131: loss=0.82166
Epoch 132: loss=0.81767
Epoch 133: loss=0.80648
Epoch 134: loss=0.81237
Epoch 135: loss=0.79781
Epoch 136: loss=0.80146
Epoch 137: loss=0.79500
Epoch 138: loss=0.79448
Epoch 139: loss=0.79151
Epoch 140: loss=0.78981
Epoch 141: loss=0.77986
Epoch 142: loss=0.78242
Epoch 143: loss=0.77151
Epoch 144: loss=0.77695
Epoch 145: loss=0.77218
Epoch 146: loss=0.76690
Epoch 147: loss=0.76138
Epoch 148: loss=0.75258
Epoch 149: loss=0.75290
Epoch 150: loss=0.75877
Epoch 151: loss=0.75160
Epoch 152: loss=0.75330
Epoch 153: loss=0.75093
Epoch 154: loss=0.74234
Epoch 155: loss=0.73206
Epoch 156: loss=0.73462
Epoch 157: loss=0.72900
Epoch 158: loss=0.74035
Epoch 159: loss=0.72695
Epoch 160: loss=0.73023
Epoch 161: loss=0.72008
Epoch 162: loss=0.71806
Epoch 163: loss=0.72218
Epoch 164: loss=0.70903
Epoch 165: loss=0.70306
Epoch 166: loss=0.70368
Epoch 167: loss=0.70259
Epoch 168: loss=0.69127
Epoch 169: loss=0.70121
Epoch 170: loss=0.70043
Epoch 171: loss=0.68984
Epoch 172: loss=0.69249
Epoch 173: loss=0.68122
Epoch 174: loss=0.68329
Epoch 175: loss=0.67853
Epoch 176: loss=0.68379
Epoch 177: loss=0.67799
Epoch 178: loss=0.67322
Epoch 179: loss=0.67181
Epoch 180: loss=0.66962
Epoch 181: loss=0.66343
Epoch 182: loss=0.66211
Epoch 183: loss=0.66086
Epoch 184: loss=0.66114
Epoch 185: loss=0.65060
Epoch 186: loss=0.65408
Epoch 187: loss=0.65685
Epoch 188: loss=0.65507
Epoch 189: loss=0.64925
Epoch 190: loss=0.65215
Epoch 191: loss=0.64267
Epoch 192: loss=0.63605
Epoch 193: loss=0.64136
Epoch 194: loss=0.62974
Epoch 195: loss=0.63262
Epoch 196: loss=0.63647
Epoch 197: loss=0.63284
Epoch 198: loss=0.62737
Epoch 199: loss=0.63423
Epoch 200: loss=0.62493
Epoch 201: loss=0.61989
Epoch 202: loss=0.63304
Epoch 203: loss=0.61948
Epoch 204: loss=0.61584
Epoch 205: loss=0.61377
Epoch 206: loss=0.61691
Epoch 207: loss=0.60963
Epoch 208: loss=0.60735
Epoch 209: loss=0.61291
Epoch 210: loss=0.60245
Epoch 211: loss=0.59679
Epoch 212: loss=0.59873
Epoch 213: loss=0.59764
Epoch 214: loss=0.59327
Epoch 215: loss=0.59085
Epoch 216: loss=0.58372
Epoch 217: loss=0.58629
Epoch 218: loss=0.59026
Epoch 219: loss=0.59105
Epoch 220: loss=0.58322
Epoch 221: loss=0.58247
Epoch 222: loss=0.58502
Epoch 223: loss=0.58366
Epoch 224: loss=0.57702
Epoch 225: loss=0.57354
Epoch 226: loss=0.57013
Epoch 227: loss=0.56736
Epoch 228: loss=0.57546
Epoch 229: loss=0.56722
Epoch 230: loss=0.56390
Epoch 231: loss=0.55757
Epoch 232: loss=0.55813
Epoch 233: loss=0.56571
Epoch 234: loss=0.55533
Epoch 235: loss=0.55527
Epoch 236: loss=0.56053
Epoch 237: loss=0.55664
Epoch 238: loss=0.55084
Epoch 239: loss=0.55055
Epoch 240: loss=0.54386
Epoch 241: loss=0.54782
Epoch 242: loss=0.54921
Epoch 243: loss=0.54631
Epoch 244: loss=0.54434
Epoch 245: loss=0.53685
Epoch 246: loss=0.53283
Epoch 247: loss=0.53156
Epoch 248: loss=0.53559
Epoch 249: loss=0.53822
Epoch 250: loss=0.53072
Epoch 251: loss=0.52917
Epoch 252: loss=0.53260
Epoch 253: loss=0.53442
Epoch 254: loss=0.53298
Epoch 255: loss=0.52662
Epoch 256: loss=0.52641
Epoch 257: loss=0.52457
Epoch 258: loss=0.51964
Epoch 259: loss=0.51630
Epoch 260: loss=0.51353
Epoch 261: loss=0.51160
Epoch 262: loss=0.50789
Epoch 263: loss=0.50548
Epoch 264: loss=0.51865
Epoch 265: loss=0.51442
Epoch 266: loss=0.51204
Epoch 267: loss=0.50860
Epoch 268: loss=0.50568
Epoch 269: loss=0.50715
Epoch 270: loss=0.50769
Epoch 271: loss=0.49935
Epoch 272: loss=0.49989
Epoch 273: loss=0.49520
Epoch 274: loss=0.48999
Epoch 275: loss=0.50226
Epoch 276: loss=0.49678
Epoch 277: loss=0.49885
Epoch 278: loss=0.48932
Epoch 279: loss=0.49219
Epoch 280: loss=0.49176
Epoch 281: loss=0.48159
Epoch 282: loss=0.48356
Epoch 283: loss=0.48529
Epoch 284: loss=0.48350
Epoch 285: loss=0.48761
Epoch 286: loss=0.49123
Epoch 287: loss=0.48367
Epoch 288: loss=0.47289
Epoch 289: loss=0.48148
Epoch 290: loss=0.47313
Epoch 291: loss=0.47447
Epoch 292: loss=0.47245
Epoch 293: loss=0.47712
Epoch 294: loss=0.46638
Epoch 295: loss=0.46392
Epoch 296: loss=0.46695
Epoch 297: loss=0.46507
Epoch 298: loss=0.46578
Epoch 299: loss=0.46418
Epoch 300: loss=0.46652
Epoch 301: loss=0.46413
Epoch 302: loss=0.45907
Epoch 303: loss=0.45764
Epoch 304: loss=0.45914
Epoch 305: loss=0.45952
Epoch 306: loss=0.45459
Epoch 307: loss=0.44599
Epoch 308: loss=0.44874
Epoch 309: loss=0.45894
Epoch 310: loss=0.45122
Epoch 311: loss=0.44579
Epoch 312: loss=0.45089
Epoch 313: loss=0.43936
Epoch 314: loss=0.44752
Epoch 315: loss=0.44955
Epoch 316: loss=0.44851
Epoch 317: loss=0.44302
Epoch 318: loss=0.44129
Epoch 319: loss=0.44017
Epoch 320: loss=0.43880
Epoch 321: loss=0.43954
Epoch 322: loss=0.44013
Epoch 323: loss=0.43727
Epoch 324: loss=0.43639
Epoch 325: loss=0.43847
Epoch 326: loss=0.43304
Epoch 327: loss=0.42766
Epoch 328: loss=0.42420
Epoch 329: loss=0.42488
Epoch 330: loss=0.42817
Epoch 331: loss=0.42154
Epoch 332: loss=0.42632
Epoch 333: loss=0.43099
Epoch 334: loss=0.42002
Epoch 335: loss=0.43478
Epoch 336: loss=0.42299
Epoch 337: loss=0.41319
Epoch 338: loss=0.41707
Epoch 339: loss=0.41435
Epoch 340: loss=0.41256
Epoch 341: loss=0.41264
Epoch 342: loss=0.41196
Epoch 343: loss=0.40879
Epoch 344: loss=0.41137
Epoch 345: loss=0.41373
Epoch 346: loss=0.40976
Epoch 347: loss=0.40748
Epoch 348: loss=0.40920
Epoch 349: loss=0.40630
Epoch 350: loss=0.41068
Epoch 351: loss=0.39918
Epoch 352: loss=0.40394
Epoch 353: loss=0.39864
Epoch 354: loss=0.40441
Epoch 355: loss=0.39303
Epoch 356: loss=0.39791
Epoch 357: loss=0.39604
Epoch 358: loss=0.41020
Epoch 359: loss=0.40384
Epoch 360: loss=0.39216
Epoch 361: loss=0.39909
Epoch 362: loss=0.39727
Epoch 363: loss=0.40179
Epoch 364: loss=0.38328
Epoch 365: loss=0.38819
Epoch 366: loss=0.39016
Epoch 367: loss=0.39496
Epoch 368: loss=0.39402
Epoch 369: loss=0.38818
Epoch 370: loss=0.38450
Epoch 371: loss=0.38785
Epoch 372: loss=0.38149
Epoch 373: loss=0.38285
Epoch 374: loss=0.37700
Epoch 375: loss=0.37372
Epoch 376: loss=0.37441
Epoch 377: loss=0.37778
Epoch 378: loss=0.37340
Epoch 379: loss=0.37014
Epoch 380: loss=0.37111
Epoch 381: loss=0.37000
Epoch 382: loss=0.37583
Epoch 383: loss=0.37531
Epoch 384: loss=0.37287
Epoch 385: loss=0.37456
Epoch 386: loss=0.36869
Epoch 387: loss=0.37398
Epoch 388: loss=0.37278
Epoch 389: loss=0.36525
Epoch 390: loss=0.36813
Epoch 391: loss=0.37074
Epoch 392: loss=0.35759
Epoch 393: loss=0.35953
Epoch 394: loss=0.36730
Epoch 395: loss=0.36691
Epoch 396: loss=0.36197
Epoch 397: loss=0.36607
Epoch 398: loss=0.36098
Epoch 399: loss=0.35556
Epoch 400: loss=0.35572
Epoch 401: loss=0.35293
Epoch 402: loss=0.35370
Epoch 403: loss=0.35923
Epoch 404: loss=0.35782
Epoch 405: loss=0.35502
Epoch 406: loss=0.35278
Epoch 407: loss=0.34912
Epoch 408: loss=0.34901
Epoch 409: loss=0.34214
Epoch 410: loss=0.34768
Epoch 411: loss=0.34985
Epoch 412: loss=0.34397
Epoch 413: loss=0.34669
Epoch 414: loss=0.34094
Epoch 415: loss=0.34715
Epoch 416: loss=0.34098
Epoch 417: loss=0.34163
Epoch 418: loss=0.34375
Epoch 419: loss=0.34064
Epoch 420: loss=0.34630
Epoch 421: loss=0.33282
Epoch 422: loss=0.33576
Epoch 423: loss=0.33213
Epoch 424: loss=0.33783
Epoch 425: loss=0.33420
Epoch 426: loss=0.33334
Epoch 427: loss=0.33889
Epoch 428: loss=0.33165
Epoch 429: loss=0.33376
Epoch 430: loss=0.34531
Epoch 431: loss=0.33015
Epoch 432: loss=0.32494
Epoch 433: loss=0.33041
Epoch 434: loss=0.32154
Epoch 435: loss=0.32695
Epoch 436: loss=0.32692
Epoch 437: loss=0.32516
Epoch 438: loss=0.33215
Epoch 439: loss=0.32468
Epoch 440: loss=0.32417
Epoch 441: loss=0.32132
Epoch 442: loss=0.32697
Epoch 443: loss=0.32044
Epoch 444: loss=0.32558
Epoch 445: loss=0.31854
Epoch 446: loss=0.32489
Epoch 447: loss=0.31710
Epoch 448: loss=0.32038
Epoch 449: loss=0.31761
Epoch 450: loss=0.31856
Epoch 451: loss=0.32441
Epoch 452: loss=0.32263
Epoch 453: loss=0.31475
Epoch 454: loss=0.31447
Epoch 455: loss=0.31421
Epoch 456: loss=0.30918
Epoch 457: loss=0.30823
Epoch 458: loss=0.31100
Epoch 459: loss=0.31458
Epoch 460: loss=0.31095
Epoch 461: loss=0.31147
Epoch 462: loss=0.31109
Epoch 463: loss=0.30808
Epoch 464: loss=0.30021
Epoch 465: loss=0.31181
Epoch 466: loss=0.30166
Epoch 467: loss=0.30593
Epoch 468: loss=0.30680
Epoch 469: loss=0.30626
Epoch 470: loss=0.30725
Epoch 471: loss=0.30360
Epoch 472: loss=0.30544
Epoch 473: loss=0.30469
Epoch 474: loss=0.30091
Epoch 475: loss=0.30187
Epoch 476: loss=0.30092
Epoch 477: loss=0.29725
Epoch 478: loss=0.29951
Epoch 479: loss=0.29853
Epoch 480: loss=0.29638
Epoch 481: loss=0.29764
Epoch 482: loss=0.28655
Epoch 483: loss=0.28916
Epoch 484: loss=0.29045
Epoch 485: loss=0.28830
Epoch 486: loss=0.28976
Epoch 487: loss=0.29872
Epoch 488: loss=0.29243
Epoch 489: loss=0.29194
Epoch 490: loss=0.29000
Epoch 491: loss=0.29422
Epoch 492: loss=0.28750
Epoch 493: loss=0.28921
Epoch 494: loss=0.28715
Epoch 495: loss=0.28815
Epoch 496: loss=0.28440
Epoch 497: loss=0.28525
Epoch 498: loss=0.28678
Epoch 499: loss=0.28975
Epoch 500: loss=0.28915
Training accuracy: 0.957
Test accuracy: 0.570

File list dumped

Saved in file
[2.5265048703839703, 2.4881036743041007, 2.4478836674844064, 2.41668898828568, 2.376537976726409, 2.3512833656803256, 2.3190677550531205, 2.287857917047316, 2.25296522725013, 2.2196162439161733, 2.1821981476199244, 2.1398162072704685, 2.1224766469770864, 2.0846593649156633, 2.0544645478648524, 2.021383273986078, 1.9973051471094931, 1.966195821762085, 1.9390434180536578, 1.90626702385564, 1.8830854008274693, 1.8714093046803628, 1.8350276177929294, 1.8077712828113186, 1.7891462849032493, 1.763892235294465, 1.7396213431512155, 1.7193252848040672, 1.6978842481490104, 1.6774189702926143, 1.6488475799560547, 1.6262213260896745, 1.6005397381321076, 1.5929106050922024, 1.566458071431806, 1.5492756482093566, 1.5401560606495026, 1.522735103484123, 1.5015060670914189, 1.4909122990023704, 1.4660974048799085, 1.4725807636014876, 1.4362469219392346, 1.422647476196289, 1.4188111289854972, 1.4028977847868396, 1.3897140410638624, 1.3771463786402056, 1.3574295851492113, 1.3466609524142357, 1.3407190768949446, 1.3268988286295245, 1.317187528456411, 1.3084726295163553, 1.2905480438663113, 1.2831152254535305, 1.2734340621579079, 1.2602155362406084, 1.2455681139423, 1.2364534139633179, 1.2322305594721148, 1.2206953610143354, 1.2107778749158304, 1.2029561035094722, 1.1955230082235029, 1.1817106046984274, 1.1649189226088985, 1.1735002033172115, 1.1501883037628666, 1.1506489438395346, 1.150719081201861, 1.1284677136328913, 1.1379432293676561, 1.1129353450190635, 1.1087804725093227, 1.1092647544799312, 1.095829313801181, 1.0902220203030495, 1.0888257949582991, 1.079130401534419, 1.0612646033686977, 1.0642143622521432, 1.058560279107863, 1.0394061476953569, 1.03705261599633, 1.0373900994177787, 1.024229355396763, 1.0244598273308045, 1.0221450328826904, 1.0094447885790179, 0.9936085650997777, 0.9926089682886677, 0.9900918526034201, 0.9783147246606888, 0.9633091015200461, 0.9762899414185555, 0.9677053920684322, 0.9650863793588453, 0.9654879127779314, 0.9482150577729748, 0.9430443606069011, 0.9352772197415752, 0.93319425852068, 0.9346254448736867, 0.925765206736903, 0.928257082739184, 0.9234560593481986, 0.9105481832258163, 0.9137631712421295, 0.8925957641293926, 0.9079728722572327, 0.8939670247416343, 0.8890650772279308, 0.8875426419319645, 0.8763470245945838, 0.8740522746116884, 0.8644534733987623, 0.8631908412902586, 0.8625352171159559, 0.8635053673098164, 0.8564135816789442, 0.848051744122659, 0.8475366580870843, 0.8446545639345723, 0.8432438758111769, 0.832767903804779, 0.8338984847068787, 0.8276104792471854, 0.8288877664073822, 0.8275943802249047, 0.8216582286742425, 0.8176665517591661, 0.8064792213901397, 0.8123711924399099, 0.797807756931551, 0.8014561841564793, 0.7949984900413021, 0.7944803872416096, 0.7915136045025241, 0.7898120880126953, 0.7798622942739918, 0.7824216119704708, 0.7715064364094888, 0.7769549988931225, 0.7721806553102308, 0.7668964324458953, 0.7613803532815748, 0.7525835267959102, 0.7528950475877331, 0.758770679273913, 0.7515952894764562, 0.7533031951996588, 0.750931570606847, 0.7423400686633203, 0.7320645259272668, 0.7346213748378139, 0.7289983399452702, 0.7403486332585735, 0.7269460981892001, 0.7302285875043562, 0.7200821561198081, 0.7180598012862667, 0.7221789052409511, 0.7090343333059742, 0.7030643801535329, 0.7036752316259569, 0.7025901194541685, 0.6912699668638168, 0.7012137770652771, 0.7004280994015355, 0.6898444064201847, 0.6924872686786037, 0.6812169051939442, 0.6832941155279836, 0.6785321062610995, 0.6837851059052252, 0.6779946069563588, 0.6732180695379933, 0.6718136629750652, 0.6696186065673828, 0.6634305311787513, 0.6621115496081691, 0.66085902144832, 0.6611441316143158, 0.650602311857285, 0.6540808523854902, 0.6568531009458727, 0.6550717103865838, 0.6492525185308149, 0.6521535823422093, 0.6426683568185375, 0.6360488995429008, 0.6413591830961166, 0.6297437664001219, 0.6326215363317921, 0.6364664223886305, 0.6328408218199207, 0.6273737184463009, 0.6342278334402269, 0.624929714587427, 0.6198890324561827, 0.633037309492788, 0.6194823807285678, 0.6158427346137262, 0.6137729575557094, 0.6169112132441613, 0.6096311480768265, 0.6073541218234647, 0.6129071347175106, 0.6024522492962499, 0.5967945302686384, 0.5987341673143448, 0.597641356529728, 0.5932679214785176, 0.5908455194965485, 0.5837180133788816, 0.586288082984186, 0.5902557373046875, 0.5910485425303059, 0.5832224401735491, 0.5824669138077767, 0.5850177993697505, 0.5836594412403722, 0.5770220718076152, 0.5735386571576518, 0.5701337533612405, 0.5673610664183094, 0.5754596225676998, 0.5672178249205312, 0.5638995824321624, 0.557572603225708, 0.5581337223129887, 0.5657136920959719, 0.5553339008362063, 0.5552651766807802, 0.5605287225015702, 0.5566383273370804, 0.5508366400195707, 0.5505522018478762, 0.5438637416208943, 0.5478218149754309, 0.549207853694116, 0.546305270925645, 0.5443406989497523, 0.5368466886781877, 0.5328305671291966, 0.5315596115204596, 0.535587614582431, 0.5382150132809916, 0.5307160952398854, 0.5291749075535805, 0.5325982138033836, 0.5344162458373655, 0.5329807391089778, 0.5266209523524007, 0.5264131667152527, 0.5245684721777516, 0.5196429029587777, 0.5162994582806865, 0.5135257128746279, 0.5115985764611152, 0.5078868750602968, 0.5054769044922244, 0.5186545070140592, 0.5144160716764389, 0.5120440529238793, 0.5085979248246839, 0.5056787604285825, 0.5071524987297673, 0.507688497343371, 0.49935135629869276, 0.4998909398432701, 0.49519749802927815, 0.4899884904584577, 0.5022625173291853, 0.4967751262649413, 0.4988467952897472, 0.4893198532442893, 0.4921859291292006, 0.49175516059321744, 0.48158582756596224, 0.483556967589163, 0.48528845560166145, 0.48349776575642245, 0.4876087692476088, 0.4912293101510694, 0.4836724208247277, 0.4728855058070152, 0.4814758002758026, 0.47313450036510346, 0.474474553138979, 0.47245163109994703, 0.4771179335732614, 0.4663828649828511, 0.46391781587754527, 0.46694733635071783, 0.46507371914002205, 0.46578433629005184, 0.4641755069455793, 0.4665215419184777, 0.4641275348201875, 0.45906884535666437, 0.4576379214563677, 0.4591405766625558, 0.4595189796340081, 0.454593668060918, 0.4459901884678871, 0.44874213876262786, 0.4589400445261309, 0.45122415404165944, 0.4457880460446881, 0.45088977582993045, 0.4393631421750592, 0.4475195398253779, 0.44954675147610323, 0.4485106506655293, 0.44301615222807855, 0.44129121015148776, 0.44016713288522535, 0.43879735950500737, 0.4395371175581409, 0.4401296213749916, 0.43727185937666124, 0.4363943482598951, 0.4384664623968063, 0.43303625429830245, 0.4276560996809313, 0.4241977334022522, 0.42487686968618826, 0.42817196826780995, 0.42153690226616397, 0.42632087199918683, 0.43098700815631497, 0.4200165867805481, 0.4347757245263746, 0.4229905201542762, 0.41319378633652964, 0.41707236439951006, 0.4143467612804905, 0.4125554302046376, 0.41264043027354824, 0.4119557305689781, 0.40879330039024353, 0.41137007455671987, 0.4137270354455517, 0.4097564720338391, 0.40748380557183295, 0.4092043686297632, 0.4063045315204128, 0.41068283877065104, 0.3991771311529221, 0.40393921252219905, 0.3986390675267866, 0.40441295696843055, 0.3930274671123874, 0.39791217157917635, 0.39604460327856, 0.41019911150778493, 0.4038427683614915, 0.39216206439079776, 0.3990918926654323, 0.397270098809273, 0.40178936912167457, 0.3832766327165788, 0.38819212586649005, 0.39016421091172004, 0.394964539235638, 0.394020676612854, 0.38818433976942496, 0.3845010649773382, 0.3878508133272971, 0.3814880569134989, 0.3828522697571785, 0.37700157973074144, 0.3737190135063664, 0.37441273177823714, 0.37778023173732145, 0.37339565061753793, 0.370137482881546, 0.37111031336169087, 0.370002870598147, 0.37582500423154525, 0.37531001433249445, 0.37286829275469624, 0.37456343250889934, 0.36869364015517697, 0.37397613352344883, 0.3727779753746525, 0.3652492925044029, 0.36812558193360606, 0.37074446197479, 0.3575948601768863, 0.359533058058831, 0.36730376943465204, 0.3669116247084833, 0.36197249543282295, 0.36607235958499296, 0.3609836870624173, 0.35556355022615, 0.35572244947956455, 0.3529317580884503, 0.3536970259681825, 0.35922586629467623, 0.3578237641242243, 0.3550156912496013, 0.35278183990909207, 0.34912452966936175, 0.3490135438980595, 0.34213594178999623, 0.3476831528448289, 0.3498478647201292, 0.3439668753454762, 0.34669057111586293, 0.3409445641502257, 0.3471473407360815, 0.34098183051232367, 0.3416337553531893, 0.3437540569613057, 0.3406388028975456, 0.3463018252964943, 0.332821273995984, 0.3357626622722995, 0.3321265559042654, 0.3378253271502833, 0.33419716165911767, 0.33334096016422393, 0.3388947334981734, 0.33164502824506453, 0.333755515275463, 0.3453065752983093, 0.33014501102509036, 0.32494289932712433, 0.3304132559607106, 0.3215436743151757, 0.326952293995888, 0.3269154131412506, 0.3251579701900482, 0.3321522570425464, 0.3246790295647037, 0.32416717083223406, 0.32132342073225206, 0.3269677988944515, 0.32043566290409337, 0.3255846058168719, 0.3185364104086353, 0.3248877097522059, 0.3170985714081795, 0.3203776690267747, 0.31761075700483016, 0.31855840548392267, 0.3244099443958652, 0.3226295373132152, 0.3147524970193063, 0.31446977248114927, 0.3142094631348887, 0.3091838715537902, 0.30823474161086545, 0.31100198338108676, 0.31457621387897, 0.31095451501107985, 0.3114710618411341, 0.3110893243743527, 0.3080780174463026, 0.30020513313431896, 0.31181461580338016, 0.3016625738913013, 0.3059342542002278, 0.30679766881850457, 0.3062589235844151, 0.30724599476783504, 0.3036003247384102, 0.3054415112541568, 0.3046875206693526, 0.30091183320168524, 0.3018652864040867, 0.30091624923290744, 0.29724717909289944, 0.2995141912852564, 0.2985274315841736, 0.29637645713744626, 0.29764393020060753, 0.28655222106364464, 0.2891635789025214, 0.2904500456586961, 0.2882980627398337, 0.2897628137180882, 0.29871729016304016, 0.2924285343577785, 0.2919383010556621, 0.28999701286515883, 0.294219464544327, 0.28749833087767324, 0.2892138155237321, 0.28715110834567775, 0.2881504710643522, 0.2843988859845746, 0.2852521110926905, 0.2867816157879368, 0.28975431140392055, 0.2891503952203258]
are new values in file?
