/home/venkat/Unreliable_Synaptic_Transmission/Deepti/DOPcodes/dataset/shddataset/
cuda
time constants of neurons halved and time steps is 100
made weight variables and loss histogram
The file is present.
tensor([[-0.0697, -0.0163, -0.0264,  ..., -0.0743, -0.0216, -0.0039],
        [-0.0712, -0.0055, -0.0933,  ..., -0.0707, -0.1054, -0.0705],
        [-0.0431,  0.0223, -0.1029,  ..., -0.1277, -0.0502, -0.0391],
        ...,
        [-0.0043,  0.0050, -0.0012,  ..., -0.1535, -0.0107, -0.0119],
        [-0.0019, -0.0132, -0.0577,  ..., -0.1152, -0.0168,  0.0092],
        [ 0.0151,  0.0035, -0.0146,  ..., -0.1432, -0.0260, -0.0142]],
       device='cuda:0', requires_grad=True)
tensor([[ 0.2380,  0.0195,  0.2101,  ...,  0.2030, -0.7405,  0.0198],
        [ 0.2393, -0.1288, -0.4830,  ..., -0.3085, -0.1514, -0.2426],
        [ 0.0056, -0.1455, -0.1701,  ...,  0.1499, -0.5299, -0.0199],
        ...,
        [ 0.1358, -0.2019,  0.0861,  ...,  0.1112, -0.5035,  0.0187],
        [-0.0892,  0.1122,  0.1017,  ...,  0.1359, -0.6922, -0.1055],
        [-0.1638,  0.0113, -0.1649,  ..., -0.1118, -0.0043, -0.2674]],
       device='cuda:0', requires_grad=True)
Epoch 1: loss=0.28848
Epoch 2: loss=0.28212
Epoch 3: loss=0.28534
Epoch 4: loss=0.28736
Epoch 5: loss=0.28611
Epoch 6: loss=0.28471
Epoch 7: loss=0.27959
Epoch 8: loss=0.28296
Epoch 9: loss=0.29036
Epoch 10: loss=0.28193
Trained for 10 epochs
Training accuracy: 0.948
Epoch 1: loss=0.27567
Epoch 2: loss=0.27247
Epoch 3: loss=0.27477
Epoch 4: loss=0.27330
Epoch 5: loss=0.27974
Epoch 6: loss=0.27408
Epoch 7: loss=0.27661
Epoch 8: loss=0.27611
Epoch 9: loss=0.27444
Epoch 10: loss=0.27102
Epoch 11: loss=0.26874
Epoch 12: loss=0.28179
Epoch 13: loss=0.27404
Epoch 14: loss=0.27328
Epoch 15: loss=0.26803
Epoch 16: loss=0.26964
Epoch 17: loss=0.26813
Epoch 18: loss=0.27016
Epoch 19: loss=0.26945
Epoch 20: loss=0.26477
Epoch 21: loss=0.26599
Epoch 22: loss=0.27232
Epoch 23: loss=0.26647
Epoch 24: loss=0.26833
Epoch 25: loss=0.26628
Epoch 26: loss=0.26729
Epoch 27: loss=0.26447
Epoch 28: loss=0.26609
Epoch 29: loss=0.27037
Epoch 30: loss=0.26358
Epoch 31: loss=0.25861
Epoch 32: loss=0.26498
Epoch 33: loss=0.26663
Epoch 34: loss=0.26730
Epoch 35: loss=0.26181
Epoch 36: loss=0.25891
Epoch 37: loss=0.25741
Epoch 38: loss=0.26366
Epoch 39: loss=0.25506
Epoch 40: loss=0.25206
Epoch 41: loss=0.25581
Epoch 42: loss=0.25830
Epoch 43: loss=0.25623
Epoch 44: loss=0.25657
Epoch 45: loss=0.24860
Epoch 46: loss=0.25514
Epoch 47: loss=0.25775
Epoch 48: loss=0.26053
Epoch 49: loss=0.26046
Epoch 50: loss=0.25904
Epoch 51: loss=0.25213
Epoch 52: loss=0.25711
Epoch 53: loss=0.24898
Epoch 54: loss=0.25099
Epoch 55: loss=0.25590
Epoch 56: loss=0.25382
Epoch 57: loss=0.25576
Epoch 58: loss=0.25237
Epoch 59: loss=0.24818
Epoch 60: loss=0.25028
Epoch 61: loss=0.24792
Epoch 62: loss=0.24997
Epoch 63: loss=0.25294
Epoch 64: loss=0.25886
Epoch 65: loss=0.24868
Epoch 66: loss=0.24973
Epoch 67: loss=0.24460
Epoch 68: loss=0.24722
Epoch 69: loss=0.24341
Epoch 70: loss=0.24488
Epoch 71: loss=0.25040
Epoch 72: loss=0.24547
Epoch 73: loss=0.24728
Epoch 74: loss=0.24318
Epoch 75: loss=0.24647
Epoch 76: loss=0.24230
Epoch 77: loss=0.24293
Epoch 78: loss=0.24197
Epoch 79: loss=0.24412
Epoch 80: loss=0.24435
Epoch 81: loss=0.24148
Epoch 82: loss=0.24632
Epoch 83: loss=0.24117
Epoch 84: loss=0.23998
Epoch 85: loss=0.23966
Epoch 86: loss=0.23751
Epoch 87: loss=0.23922
Epoch 88: loss=0.24068
Epoch 89: loss=0.24102
Epoch 90: loss=0.23575
Epoch 91: loss=0.23614
Epoch 92: loss=0.23960
Epoch 93: loss=0.23431
Epoch 94: loss=0.24370
Epoch 95: loss=0.23553
Epoch 96: loss=0.24232
Epoch 97: loss=0.22836
Epoch 98: loss=0.23298
Epoch 99: loss=0.23374
Epoch 100: loss=0.23319
Epoch 101: loss=0.22914
Epoch 102: loss=0.23676
Epoch 103: loss=0.23054
Epoch 104: loss=0.23314
Epoch 105: loss=0.23383
Epoch 106: loss=0.23634
Epoch 107: loss=0.23313
Epoch 108: loss=0.23205
Epoch 109: loss=0.23405
Epoch 110: loss=0.23163
Epoch 111: loss=0.23208
Epoch 112: loss=0.23464
Epoch 113: loss=0.23029
Epoch 114: loss=0.22319
Epoch 115: loss=0.22833
Epoch 116: loss=0.22441
Epoch 117: loss=0.22545
Epoch 118: loss=0.22965
Epoch 119: loss=0.22944
Epoch 120: loss=0.23119
Epoch 121: loss=0.23124
Epoch 122: loss=0.22898
Epoch 123: loss=0.22349
Epoch 124: loss=0.22557
Epoch 125: loss=0.22516
Epoch 126: loss=0.22697
Epoch 127: loss=0.23099
Epoch 128: loss=0.22185
Epoch 129: loss=0.22226
Epoch 130: loss=0.22633
Epoch 131: loss=0.22428
Epoch 132: loss=0.22806
Epoch 133: loss=0.22592
Epoch 134: loss=0.22356
Epoch 135: loss=0.22228
Epoch 136: loss=0.22104
Epoch 137: loss=0.22489
Epoch 138: loss=0.22378
Epoch 139: loss=0.22055
Epoch 140: loss=0.22414
Epoch 141: loss=0.22625
Epoch 142: loss=0.22022
Epoch 143: loss=0.22024
Epoch 144: loss=0.21761
Epoch 145: loss=0.22027
Epoch 146: loss=0.21481
Epoch 147: loss=0.22103
Epoch 148: loss=0.22157
Epoch 149: loss=0.22000
Epoch 150: loss=0.21775
Epoch 151: loss=0.22071
Epoch 152: loss=0.21943
Epoch 153: loss=0.22159
Epoch 154: loss=0.22128
Epoch 155: loss=0.21878
Epoch 156: loss=0.21645
Epoch 157: loss=0.21564
Epoch 158: loss=0.22224
Epoch 159: loss=0.21481
Epoch 160: loss=0.21473
Epoch 161: loss=0.22247
Epoch 162: loss=0.21979
Epoch 163: loss=0.21690
Epoch 164: loss=0.21342
Epoch 165: loss=0.21274
Epoch 166: loss=0.21984
Epoch 167: loss=0.21597
Epoch 168: loss=0.21888
Epoch 169: loss=0.21421
Epoch 170: loss=0.21251
Epoch 171: loss=0.21391
Epoch 172: loss=0.21045
Epoch 173: loss=0.21975
Epoch 174: loss=0.21283
Epoch 175: loss=0.21208
Epoch 176: loss=0.20646
Epoch 177: loss=0.21025
Epoch 178: loss=0.20713
Epoch 179: loss=0.21061
Epoch 180: loss=0.21367
Epoch 181: loss=0.20858
Epoch 182: loss=0.20992
Epoch 183: loss=0.20893
Epoch 184: loss=0.20811
Epoch 185: loss=0.21336
Epoch 186: loss=0.20975
Epoch 187: loss=0.20226
Epoch 188: loss=0.20572
Epoch 189: loss=0.20993
Epoch 190: loss=0.20955
Epoch 191: loss=0.20595
Epoch 192: loss=0.20214
Epoch 193: loss=0.21002
Epoch 194: loss=0.20763
Epoch 195: loss=0.20386
Epoch 196: loss=0.20768
Epoch 197: loss=0.20692
Epoch 198: loss=0.20257
Epoch 199: loss=0.20926
Epoch 200: loss=0.20753
Epoch 201: loss=0.20841
Epoch 202: loss=0.21023
Epoch 203: loss=0.20972
Epoch 204: loss=0.20777
Epoch 205: loss=0.20511
Epoch 206: loss=0.20492
Epoch 207: loss=0.20206
Epoch 208: loss=0.20766
Epoch 209: loss=0.20579
Epoch 210: loss=0.20253
Epoch 211: loss=0.20656
Epoch 212: loss=0.21004
Epoch 213: loss=0.19686
Epoch 214: loss=0.19701
Epoch 215: loss=0.19577
Epoch 216: loss=0.19792
Epoch 217: loss=0.20173
Epoch 218: loss=0.19911
Epoch 219: loss=0.20294
Epoch 220: loss=0.20142
Epoch 221: loss=0.19843
Epoch 222: loss=0.20392
Epoch 223: loss=0.20179
Epoch 224: loss=0.19991
Epoch 225: loss=0.20293
Epoch 226: loss=0.20072
Epoch 227: loss=0.19929
Epoch 228: loss=0.19910
Epoch 229: loss=0.20144
Epoch 230: loss=0.20312
Epoch 231: loss=0.19928
Epoch 232: loss=0.19885
Epoch 233: loss=0.19551
Epoch 234: loss=0.19770
Epoch 235: loss=0.19403
Epoch 236: loss=0.19833
Epoch 237: loss=0.20099
Epoch 238: loss=0.20370
Epoch 239: loss=0.19514
Epoch 240: loss=0.19899
Epoch 241: loss=0.19224
Epoch 242: loss=0.19701
Epoch 243: loss=0.19852
Epoch 244: loss=0.19464
Epoch 245: loss=0.19555
Epoch 246: loss=0.19504
Epoch 247: loss=0.19174
Epoch 248: loss=0.19424
Epoch 249: loss=0.19465
Epoch 250: loss=0.19217
Epoch 251: loss=0.19112
Epoch 252: loss=0.19612
Epoch 253: loss=0.19370
Epoch 254: loss=0.19604
Epoch 255: loss=0.19182
Epoch 256: loss=0.20119
Epoch 257: loss=0.19195
Epoch 258: loss=0.19411
Epoch 259: loss=0.19459
Epoch 260: loss=0.19708
Epoch 261: loss=0.19188
Epoch 262: loss=0.19152
Epoch 263: loss=0.19158
Epoch 264: loss=0.18738
Epoch 265: loss=0.19298
Epoch 266: loss=0.19246
Epoch 267: loss=0.19295
Epoch 268: loss=0.19337
Epoch 269: loss=0.19120
Epoch 270: loss=0.19206
Epoch 271: loss=0.19331
Epoch 272: loss=0.18894
Epoch 273: loss=0.20083
Epoch 274: loss=0.18711
Epoch 275: loss=0.19546
Epoch 276: loss=0.18913
Epoch 277: loss=0.19876
Epoch 278: loss=0.18546
Epoch 279: loss=0.18942
Epoch 280: loss=0.18878
Epoch 281: loss=0.18900
Epoch 282: loss=0.18805
Epoch 283: loss=0.18964
Epoch 284: loss=0.18466
Epoch 285: loss=0.18572
Epoch 286: loss=0.18825
Epoch 287: loss=0.18774
Epoch 288: loss=0.18953
Epoch 289: loss=0.18874
Epoch 290: loss=0.18865
Epoch 291: loss=0.18918
Epoch 292: loss=0.18430
Epoch 293: loss=0.18979
Epoch 294: loss=0.18735
Epoch 295: loss=0.18228
Epoch 296: loss=0.18344
Epoch 297: loss=0.18315
Epoch 298: loss=0.18775
Epoch 299: loss=0.18744
Epoch 300: loss=0.18313
Epoch 301: loss=0.18598
Epoch 302: loss=0.18478
Epoch 303: loss=0.18518
Epoch 304: loss=0.18744
Epoch 305: loss=0.18708
Epoch 306: loss=0.18939
Epoch 307: loss=0.18253
Epoch 308: loss=0.18663
Epoch 309: loss=0.18819
Epoch 310: loss=0.18783
Epoch 311: loss=0.18778
Epoch 312: loss=0.18805
Epoch 313: loss=0.18833
Epoch 314: loss=0.18352
Epoch 315: loss=0.18993
Epoch 316: loss=0.18525
Epoch 317: loss=0.18903
Epoch 318: loss=0.18859
Epoch 319: loss=0.18509
Epoch 320: loss=0.18084
Epoch 321: loss=0.18521
Epoch 322: loss=0.18160
Epoch 323: loss=0.18463
Epoch 324: loss=0.18382
Epoch 325: loss=0.18323
Epoch 326: loss=0.18443
Epoch 327: loss=0.18775
Epoch 328: loss=0.18476
Epoch 329: loss=0.18108
Epoch 330: loss=0.18311
Epoch 331: loss=0.18038
Epoch 332: loss=0.18105
Epoch 333: loss=0.18154
Epoch 334: loss=0.17954
Epoch 335: loss=0.18833
Epoch 336: loss=0.18157
Epoch 337: loss=0.18174
Epoch 338: loss=0.18233
Epoch 339: loss=0.18702
Epoch 340: loss=0.17992
Epoch 341: loss=0.18271
Epoch 342: loss=0.19013
Epoch 343: loss=0.18327
Epoch 344: loss=0.17794
Epoch 345: loss=0.17651
Epoch 346: loss=0.17865
Epoch 347: loss=0.18545
Epoch 348: loss=0.18218
Epoch 349: loss=0.18466
Epoch 350: loss=0.18220
Epoch 351: loss=0.18903
Epoch 352: loss=0.18029
Epoch 353: loss=0.18343
Epoch 354: loss=0.17542
Epoch 355: loss=0.17882
Epoch 356: loss=0.18893
Epoch 357: loss=0.18129
Epoch 358: loss=0.18072
Epoch 359: loss=0.17838
Epoch 360: loss=0.17747
Epoch 361: loss=0.18039
Epoch 362: loss=0.18279
Epoch 363: loss=0.17933
Epoch 364: loss=0.17770
Epoch 365: loss=0.18560
Epoch 366: loss=0.18031
Epoch 367: loss=0.17821
Epoch 368: loss=0.17874
Epoch 369: loss=0.17524
Epoch 370: loss=0.17790
Epoch 371: loss=0.17473
Epoch 372: loss=0.17463
Epoch 373: loss=0.18019
Epoch 374: loss=0.18192
Epoch 375: loss=0.17666
Epoch 376: loss=0.18261
Epoch 377: loss=0.17904
Epoch 378: loss=0.17984
Epoch 379: loss=0.17721
Epoch 380: loss=0.17859
Epoch 381: loss=0.17587
Epoch 382: loss=0.17668
Epoch 383: loss=0.18077
Epoch 384: loss=0.17669
Epoch 385: loss=0.17773
Epoch 386: loss=0.17330
Epoch 387: loss=0.17959
Epoch 388: loss=0.17849
Epoch 389: loss=0.17767
Epoch 390: loss=0.17659
Epoch 391: loss=0.17598
Epoch 392: loss=0.17549
Epoch 393: loss=0.17742
Epoch 394: loss=0.17505
Epoch 395: loss=0.17939
Epoch 396: loss=0.17443
Epoch 397: loss=0.17799
Epoch 398: loss=0.17256
Epoch 399: loss=0.17547
Epoch 400: loss=0.17574
Epoch 401: loss=0.17700
Epoch 402: loss=0.17913
Epoch 403: loss=0.17484
Epoch 404: loss=0.17767
Epoch 405: loss=0.17313
Epoch 406: loss=0.17098
Epoch 407: loss=0.17548
Epoch 408: loss=0.17495
Epoch 409: loss=0.17856
Epoch 410: loss=0.17847
Epoch 411: loss=0.17699
Epoch 412: loss=0.17848
Epoch 413: loss=0.17495
Epoch 414: loss=0.17503
Epoch 415: loss=0.17232
Epoch 416: loss=0.17285
Epoch 417: loss=0.17938
Epoch 418: loss=0.17798
Epoch 419: loss=0.17500
Epoch 420: loss=0.17295
Epoch 421: loss=0.17413
Epoch 422: loss=0.17852
Epoch 423: loss=0.17616
Epoch 424: loss=0.17637
Epoch 425: loss=0.17210
Epoch 426: loss=0.17018
Epoch 427: loss=0.17355
Epoch 428: loss=0.17540
Epoch 429: loss=0.17437
Epoch 430: loss=0.17459
Epoch 431: loss=0.17290
Epoch 432: loss=0.17541
Epoch 433: loss=0.16878
Epoch 434: loss=0.16907
Epoch 435: loss=0.17448
Epoch 436: loss=0.17197
Epoch 437: loss=0.17038
Epoch 438: loss=0.16981
Epoch 439: loss=0.17555
Epoch 440: loss=0.16834
Epoch 441: loss=0.17294
Epoch 442: loss=0.17040
Epoch 443: loss=0.17715
Epoch 444: loss=0.17286
Epoch 445: loss=0.17440
Epoch 446: loss=0.17451
Epoch 447: loss=0.17481
Epoch 448: loss=0.16872
Epoch 449: loss=0.16911
Epoch 450: loss=0.17424
Epoch 451: loss=0.17817
Epoch 452: loss=0.17396
Epoch 453: loss=0.16794
Epoch 454: loss=0.16792
Epoch 455: loss=0.16585
Epoch 456: loss=0.17742
Epoch 457: loss=0.17159
Epoch 458: loss=0.17511
Epoch 459: loss=0.17062
Epoch 460: loss=0.16759
Epoch 461: loss=0.16985
Epoch 462: loss=0.16632
Epoch 463: loss=0.16900
Epoch 464: loss=0.16798
Epoch 465: loss=0.16835
Epoch 466: loss=0.16887
Epoch 467: loss=0.17429
Epoch 468: loss=0.16852
Epoch 469: loss=0.16733
Epoch 470: loss=0.17488
Epoch 471: loss=0.17260
Epoch 472: loss=0.17319
Epoch 473: loss=0.17243
Epoch 474: loss=0.17113
Epoch 475: loss=0.16472
Epoch 476: loss=0.17609
Epoch 477: loss=0.17196
Epoch 478: loss=0.16889
Epoch 479: loss=0.16864
Epoch 480: loss=0.17467
Epoch 481: loss=0.17300
Epoch 482: loss=0.17332
Epoch 483: loss=0.16847
Epoch 484: loss=0.16953
Epoch 485: loss=0.17103
Epoch 486: loss=0.17267
Epoch 487: loss=0.17335
Epoch 488: loss=0.17490
Epoch 489: loss=0.17400
Epoch 490: loss=0.17397
Epoch 491: loss=0.17242
Epoch 492: loss=0.16277
Epoch 493: loss=0.16725
Epoch 494: loss=0.16973
Epoch 495: loss=0.16867
Epoch 496: loss=0.17198
Epoch 497: loss=0.16722
Epoch 498: loss=0.16386
Epoch 499: loss=0.17114
Epoch 500: loss=0.16461
Training accuracy: 0.983
Test accuracy: 0.551

File list dumped

Saved in file
[2.5265048703839703, 2.4881036743041007, 2.4478836674844064, 2.41668898828568, 2.376537976726409, 2.3512833656803256, 2.3190677550531205, 2.287857917047316, 2.25296522725013, 2.2196162439161733, 2.1821981476199244, 2.1398162072704685, 2.1224766469770864, 2.0846593649156633, 2.0544645478648524, 2.021383273986078, 1.9973051471094931, 1.966195821762085, 1.9390434180536578, 1.90626702385564, 1.8830854008274693, 1.8714093046803628, 1.8350276177929294, 1.8077712828113186, 1.7891462849032493, 1.763892235294465, 1.7396213431512155, 1.7193252848040672, 1.6978842481490104, 1.6774189702926143, 1.6488475799560547, 1.6262213260896745, 1.6005397381321076, 1.5929106050922024, 1.566458071431806, 1.5492756482093566, 1.5401560606495026, 1.522735103484123, 1.5015060670914189, 1.4909122990023704, 1.4660974048799085, 1.4725807636014876, 1.4362469219392346, 1.422647476196289, 1.4188111289854972, 1.4028977847868396, 1.3897140410638624, 1.3771463786402056, 1.3574295851492113, 1.3466609524142357, 1.3407190768949446, 1.3268988286295245, 1.317187528456411, 1.3084726295163553, 1.2905480438663113, 1.2831152254535305, 1.2734340621579079, 1.2602155362406084, 1.2455681139423, 1.2364534139633179, 1.2322305594721148, 1.2206953610143354, 1.2107778749158304, 1.2029561035094722, 1.1955230082235029, 1.1817106046984274, 1.1649189226088985, 1.1735002033172115, 1.1501883037628666, 1.1506489438395346, 1.150719081201861, 1.1284677136328913, 1.1379432293676561, 1.1129353450190635, 1.1087804725093227, 1.1092647544799312, 1.095829313801181, 1.0902220203030495, 1.0888257949582991, 1.079130401534419, 1.0612646033686977, 1.0642143622521432, 1.058560279107863, 1.0394061476953569, 1.03705261599633, 1.0373900994177787, 1.024229355396763, 1.0244598273308045, 1.0221450328826904, 1.0094447885790179, 0.9936085650997777, 0.9926089682886677, 0.9900918526034201, 0.9783147246606888, 0.9633091015200461, 0.9762899414185555, 0.9677053920684322, 0.9650863793588453, 0.9654879127779314, 0.9482150577729748, 0.9430443606069011, 0.9352772197415752, 0.93319425852068, 0.9346254448736867, 0.925765206736903, 0.928257082739184, 0.9234560593481986, 0.9105481832258163, 0.9137631712421295, 0.8925957641293926, 0.9079728722572327, 0.8939670247416343, 0.8890650772279308, 0.8875426419319645, 0.8763470245945838, 0.8740522746116884, 0.8644534733987623, 0.8631908412902586, 0.8625352171159559, 0.8635053673098164, 0.8564135816789442, 0.848051744122659, 0.8475366580870843, 0.8446545639345723, 0.8432438758111769, 0.832767903804779, 0.8338984847068787, 0.8276104792471854, 0.8288877664073822, 0.8275943802249047, 0.8216582286742425, 0.8176665517591661, 0.8064792213901397, 0.8123711924399099, 0.797807756931551, 0.8014561841564793, 0.7949984900413021, 0.7944803872416096, 0.7915136045025241, 0.7898120880126953, 0.7798622942739918, 0.7824216119704708, 0.7715064364094888, 0.7769549988931225, 0.7721806553102308, 0.7668964324458953, 0.7613803532815748, 0.7525835267959102, 0.7528950475877331, 0.758770679273913, 0.7515952894764562, 0.7533031951996588, 0.750931570606847, 0.7423400686633203, 0.7320645259272668, 0.7346213748378139, 0.7289983399452702, 0.7403486332585735, 0.7269460981892001, 0.7302285875043562, 0.7200821561198081, 0.7180598012862667, 0.7221789052409511, 0.7090343333059742, 0.7030643801535329, 0.7036752316259569, 0.7025901194541685, 0.6912699668638168, 0.7012137770652771, 0.7004280994015355, 0.6898444064201847, 0.6924872686786037, 0.6812169051939442, 0.6832941155279836, 0.6785321062610995, 0.6837851059052252, 0.6779946069563588, 0.6732180695379933, 0.6718136629750652, 0.6696186065673828, 0.6634305311787513, 0.6621115496081691, 0.66085902144832, 0.6611441316143158, 0.650602311857285, 0.6540808523854902, 0.6568531009458727, 0.6550717103865838, 0.6492525185308149, 0.6521535823422093, 0.6426683568185375, 0.6360488995429008, 0.6413591830961166, 0.6297437664001219, 0.6326215363317921, 0.6364664223886305, 0.6328408218199207, 0.6273737184463009, 0.6342278334402269, 0.624929714587427, 0.6198890324561827, 0.633037309492788, 0.6194823807285678, 0.6158427346137262, 0.6137729575557094, 0.6169112132441613, 0.6096311480768265, 0.6073541218234647, 0.6129071347175106, 0.6024522492962499, 0.5967945302686384, 0.5987341673143448, 0.597641356529728, 0.5932679214785176, 0.5908455194965485, 0.5837180133788816, 0.586288082984186, 0.5902557373046875, 0.5910485425303059, 0.5832224401735491, 0.5824669138077767, 0.5850177993697505, 0.5836594412403722, 0.5770220718076152, 0.5735386571576518, 0.5701337533612405, 0.5673610664183094, 0.5754596225676998, 0.5672178249205312, 0.5638995824321624, 0.557572603225708, 0.5581337223129887, 0.5657136920959719, 0.5553339008362063, 0.5552651766807802, 0.5605287225015702, 0.5566383273370804, 0.5508366400195707, 0.5505522018478762, 0.5438637416208943, 0.5478218149754309, 0.549207853694116, 0.546305270925645, 0.5443406989497523, 0.5368466886781877, 0.5328305671291966, 0.5315596115204596, 0.535587614582431, 0.5382150132809916, 0.5307160952398854, 0.5291749075535805, 0.5325982138033836, 0.5344162458373655, 0.5329807391089778, 0.5266209523524007, 0.5264131667152527, 0.5245684721777516, 0.5196429029587777, 0.5162994582806865, 0.5135257128746279, 0.5115985764611152, 0.5078868750602968, 0.5054769044922244, 0.5186545070140592, 0.5144160716764389, 0.5120440529238793, 0.5085979248246839, 0.5056787604285825, 0.5071524987297673, 0.507688497343371, 0.49935135629869276, 0.4998909398432701, 0.49519749802927815, 0.4899884904584577, 0.5022625173291853, 0.4967751262649413, 0.4988467952897472, 0.4893198532442893, 0.4921859291292006, 0.49175516059321744, 0.48158582756596224, 0.483556967589163, 0.48528845560166145, 0.48349776575642245, 0.4876087692476088, 0.4912293101510694, 0.4836724208247277, 0.4728855058070152, 0.4814758002758026, 0.47313450036510346, 0.474474553138979, 0.47245163109994703, 0.4771179335732614, 0.4663828649828511, 0.46391781587754527, 0.46694733635071783, 0.46507371914002205, 0.46578433629005184, 0.4641755069455793, 0.4665215419184777, 0.4641275348201875, 0.45906884535666437, 0.4576379214563677, 0.4591405766625558, 0.4595189796340081, 0.454593668060918, 0.4459901884678871, 0.44874213876262786, 0.4589400445261309, 0.45122415404165944, 0.4457880460446881, 0.45088977582993045, 0.4393631421750592, 0.4475195398253779, 0.44954675147610323, 0.4485106506655293, 0.44301615222807855, 0.44129121015148776, 0.44016713288522535, 0.43879735950500737, 0.4395371175581409, 0.4401296213749916, 0.43727185937666124, 0.4363943482598951, 0.4384664623968063, 0.43303625429830245, 0.4276560996809313, 0.4241977334022522, 0.42487686968618826, 0.42817196826780995, 0.42153690226616397, 0.42632087199918683, 0.43098700815631497, 0.4200165867805481, 0.4347757245263746, 0.4229905201542762, 0.41319378633652964, 0.41707236439951006, 0.4143467612804905, 0.4125554302046376, 0.41264043027354824, 0.4119557305689781, 0.40879330039024353, 0.41137007455671987, 0.4137270354455517, 0.4097564720338391, 0.40748380557183295, 0.4092043686297632, 0.4063045315204128, 0.41068283877065104, 0.3991771311529221, 0.40393921252219905, 0.3986390675267866, 0.40441295696843055, 0.3930274671123874, 0.39791217157917635, 0.39604460327856, 0.41019911150778493, 0.4038427683614915, 0.39216206439079776, 0.3990918926654323, 0.397270098809273, 0.40178936912167457, 0.3832766327165788, 0.38819212586649005, 0.39016421091172004, 0.394964539235638, 0.394020676612854, 0.38818433976942496, 0.3845010649773382, 0.3878508133272971, 0.3814880569134989, 0.3828522697571785, 0.37700157973074144, 0.3737190135063664, 0.37441273177823714, 0.37778023173732145, 0.37339565061753793, 0.370137482881546, 0.37111031336169087, 0.370002870598147, 0.37582500423154525, 0.37531001433249445, 0.37286829275469624, 0.37456343250889934, 0.36869364015517697, 0.37397613352344883, 0.3727779753746525, 0.3652492925044029, 0.36812558193360606, 0.37074446197479, 0.3575948601768863, 0.359533058058831, 0.36730376943465204, 0.3669116247084833, 0.36197249543282295, 0.36607235958499296, 0.3609836870624173, 0.35556355022615, 0.35572244947956455, 0.3529317580884503, 0.3536970259681825, 0.35922586629467623, 0.3578237641242243, 0.3550156912496013, 0.35278183990909207, 0.34912452966936175, 0.3490135438980595, 0.34213594178999623, 0.3476831528448289, 0.3498478647201292, 0.3439668753454762, 0.34669057111586293, 0.3409445641502257, 0.3471473407360815, 0.34098183051232367, 0.3416337553531893, 0.3437540569613057, 0.3406388028975456, 0.3463018252964943, 0.332821273995984, 0.3357626622722995, 0.3321265559042654, 0.3378253271502833, 0.33419716165911767, 0.33334096016422393, 0.3388947334981734, 0.33164502824506453, 0.333755515275463, 0.3453065752983093, 0.33014501102509036, 0.32494289932712433, 0.3304132559607106, 0.3215436743151757, 0.326952293995888, 0.3269154131412506, 0.3251579701900482, 0.3321522570425464, 0.3246790295647037, 0.32416717083223406, 0.32132342073225206, 0.3269677988944515, 0.32043566290409337, 0.3255846058168719, 0.3185364104086353, 0.3248877097522059, 0.3170985714081795, 0.3203776690267747, 0.31761075700483016, 0.31855840548392267, 0.3244099443958652, 0.3226295373132152, 0.3147524970193063, 0.31446977248114927, 0.3142094631348887, 0.3091838715537902, 0.30823474161086545, 0.31100198338108676, 0.31457621387897, 0.31095451501107985, 0.3114710618411341, 0.3110893243743527, 0.3080780174463026, 0.30020513313431896, 0.31181461580338016, 0.3016625738913013, 0.3059342542002278, 0.30679766881850457, 0.3062589235844151, 0.30724599476783504, 0.3036003247384102, 0.3054415112541568, 0.3046875206693526, 0.30091183320168524, 0.3018652864040867, 0.30091624923290744, 0.29724717909289944, 0.2995141912852564, 0.2985274315841736, 0.29637645713744626, 0.29764393020060753, 0.28655222106364464, 0.2891635789025214, 0.2904500456586961, 0.2882980627398337, 0.2897628137180882, 0.29871729016304016, 0.2924285343577785, 0.2919383010556621, 0.28999701286515883, 0.294219464544327, 0.28749833087767324, 0.2892138155237321, 0.28715110834567775, 0.2881504710643522, 0.2843988859845746, 0.2852521110926905, 0.2867816157879368, 0.28975431140392055, 0.2891503952203258]
are new values in file?
