/home/venkat/Unreliable_Synaptic_Transmission/Deepti/DOPcodes/SHD/dataset/shddataset/
2 layered 256 unit SNN made weight variables and loss histogram
The file is present.
Epoch 1: loss=0.41709
Epoch 2: loss=0.41267
Epoch 3: loss=0.41563
Epoch 4: loss=0.41510
Epoch 5: loss=0.42499
Epoch 6: loss=0.42414
Epoch 7: loss=0.41750
Epoch 8: loss=0.41566
Epoch 9: loss=0.41615
Epoch 10: loss=0.42025
Trained for 10 epochs
Training accuracy: 0.913
Epoch 1: loss=0.41779
Epoch 2: loss=0.41802
Epoch 3: loss=0.41561
Epoch 4: loss=0.41621
Epoch 5: loss=0.41531
Epoch 6: loss=0.41715
Epoch 7: loss=0.42003
Epoch 8: loss=0.42108
Epoch 9: loss=0.41522
Epoch 10: loss=0.41808
Epoch 11: loss=0.41195
Epoch 12: loss=0.41522
Epoch 13: loss=0.41334
Epoch 14: loss=0.41428
Epoch 15: loss=0.41267
Epoch 16: loss=0.41548
Epoch 17: loss=0.41210
Epoch 18: loss=0.41210
Epoch 19: loss=0.41512
Epoch 20: loss=0.41813
Epoch 21: loss=0.41091
Epoch 22: loss=0.41834
Epoch 23: loss=0.41420
Epoch 24: loss=0.41577
Epoch 25: loss=0.41314
Epoch 26: loss=0.41600
Epoch 27: loss=0.41717
Epoch 28: loss=0.41251
Epoch 29: loss=0.40652
Epoch 30: loss=0.41430
Epoch 31: loss=0.40718
Epoch 32: loss=0.40866
Epoch 33: loss=0.41043
Epoch 34: loss=0.40584
Epoch 35: loss=0.41152
Epoch 36: loss=0.40904
Epoch 37: loss=0.40862
Epoch 38: loss=0.41565
Epoch 39: loss=0.41061
Epoch 40: loss=0.41086
Epoch 41: loss=0.41116
Epoch 42: loss=0.40446
Epoch 43: loss=0.41143
Epoch 44: loss=0.40501
Epoch 45: loss=0.41012
Epoch 46: loss=0.41577
Epoch 47: loss=0.41684
Epoch 48: loss=0.41366
Epoch 49: loss=0.41669
Epoch 50: loss=0.40634
Epoch 51: loss=0.41114
Epoch 52: loss=0.41045
Epoch 53: loss=0.41288
Epoch 54: loss=0.41221
Epoch 55: loss=0.41889
Epoch 56: loss=0.41285
Epoch 57: loss=0.41434
Epoch 58: loss=0.41466
Epoch 59: loss=0.41335
Epoch 60: loss=0.41581
Epoch 61: loss=0.41662
Epoch 62: loss=0.41695
Epoch 63: loss=0.41627
Epoch 64: loss=0.42255
Epoch 65: loss=0.41091
Epoch 66: loss=0.41282
Epoch 67: loss=0.40711
Epoch 68: loss=0.41023
Epoch 69: loss=0.41027
Epoch 70: loss=0.40601
Epoch 71: loss=0.40396
Epoch 72: loss=0.41313
Epoch 73: loss=0.40438
Epoch 74: loss=0.41334
Epoch 75: loss=0.41129
Epoch 76: loss=0.41522
Epoch 77: loss=0.41452
Epoch 78: loss=0.41084
Epoch 79: loss=0.41397
Epoch 80: loss=0.40689
Epoch 81: loss=0.41773
Epoch 82: loss=0.41274
Epoch 83: loss=0.41073
Epoch 84: loss=0.41180
Epoch 85: loss=0.41347
Epoch 86: loss=0.41564
Epoch 87: loss=0.40710
Epoch 88: loss=0.41003
Epoch 89: loss=0.41261
Epoch 90: loss=0.40924
Epoch 91: loss=0.40926
Epoch 92: loss=0.40777
Epoch 93: loss=0.41093
Epoch 94: loss=0.41345
Epoch 95: loss=0.41723
Epoch 96: loss=0.41694
Epoch 97: loss=0.41115
Epoch 98: loss=0.40951
Epoch 99: loss=0.40755
Epoch 100: loss=0.40684
Epoch 101: loss=0.41007
Epoch 102: loss=0.41348
Epoch 103: loss=0.40166
Epoch 104: loss=0.40980
Epoch 105: loss=0.41065
Epoch 106: loss=0.40713
Epoch 107: loss=0.41736
Epoch 108: loss=0.40952
Epoch 109: loss=0.41741
Epoch 110: loss=0.41156
Epoch 111: loss=0.41096
Epoch 112: loss=0.41740
Epoch 113: loss=0.40374
Epoch 114: loss=0.40617
Epoch 115: loss=0.40636
Epoch 116: loss=0.41318
Epoch 117: loss=0.41197
Epoch 118: loss=0.40478
Epoch 119: loss=0.41092
Epoch 120: loss=0.40791
Epoch 121: loss=0.40031
Epoch 122: loss=0.40629
Epoch 123: loss=0.40821
Epoch 124: loss=0.40503
Epoch 125: loss=0.41100
Epoch 126: loss=0.40502
Epoch 127: loss=0.40643
Epoch 128: loss=0.40353
Epoch 129: loss=0.40999
Epoch 130: loss=0.41099
Epoch 131: loss=0.41417
Epoch 132: loss=0.41317
Epoch 133: loss=0.40868
Epoch 134: loss=0.40756
Epoch 135: loss=0.41192
Epoch 136: loss=0.41602
Epoch 137: loss=0.41044
Epoch 138: loss=0.41859
Epoch 139: loss=0.41473
Epoch 140: loss=0.41408
Epoch 141: loss=0.41511
Epoch 142: loss=0.41623
Epoch 143: loss=0.42439
Epoch 144: loss=0.42518
Epoch 145: loss=0.42060
Epoch 146: loss=0.41743
Epoch 147: loss=0.41369
Epoch 148: loss=0.40914
Epoch 149: loss=0.40969
Epoch 150: loss=0.41031
Epoch 151: loss=0.40719
Epoch 152: loss=0.40822
Epoch 153: loss=0.40742
Epoch 154: loss=0.41158
Epoch 155: loss=0.41054
Epoch 156: loss=0.41368
Epoch 157: loss=0.41119
Epoch 158: loss=0.41298
Epoch 159: loss=0.41571
Epoch 160: loss=0.41614
Epoch 161: loss=0.41631
Epoch 162: loss=0.41942
Epoch 163: loss=0.42428
Epoch 164: loss=0.42007
Epoch 165: loss=0.42034
Epoch 166: loss=0.41502
Epoch 167: loss=0.41513
Epoch 168: loss=0.41719
Epoch 169: loss=0.42114
Epoch 170: loss=0.40871
Epoch 171: loss=0.41129
Epoch 172: loss=0.41777
Epoch 173: loss=0.42677
Epoch 174: loss=0.43030
Epoch 175: loss=0.42298
Epoch 176: loss=0.43377
Epoch 177: loss=0.44220
Epoch 178: loss=0.44800
Epoch 179: loss=0.44426
Epoch 180: loss=0.44961
Epoch 181: loss=0.45085
Epoch 182: loss=0.45356
Epoch 183: loss=0.45415
Epoch 184: loss=0.45955
Epoch 185: loss=0.46640
Epoch 186: loss=0.46126
Epoch 187: loss=0.46576
Epoch 188: loss=0.46902
Epoch 189: loss=0.47523
Epoch 190: loss=0.46870
Epoch 191: loss=0.46199
Epoch 192: loss=0.45124
Epoch 193: loss=0.45492
Epoch 194: loss=0.44247
Epoch 195: loss=0.44231
Epoch 196: loss=0.44133
Epoch 197: loss=0.43513
Epoch 198: loss=0.42595
Epoch 199: loss=0.43322
Epoch 200: loss=0.43323
Epoch 201: loss=0.43212
Epoch 202: loss=0.43342
Epoch 203: loss=0.42254
Epoch 204: loss=0.42283
Epoch 205: loss=0.41670
Epoch 206: loss=0.42065
Epoch 207: loss=0.42064
Epoch 208: loss=0.43051
Epoch 209: loss=0.42911
Epoch 210: loss=0.43154
Epoch 211: loss=0.42275
Epoch 212: loss=0.42384
Epoch 213: loss=0.42978
Epoch 214: loss=0.42371
Epoch 215: loss=0.41343
Epoch 216: loss=0.41483
Epoch 217: loss=0.41654
Epoch 218: loss=0.42074
Epoch 219: loss=0.41705
Epoch 220: loss=0.41795
Epoch 221: loss=0.41537
Epoch 222: loss=0.41986
Epoch 223: loss=0.41416
Epoch 224: loss=0.41918
Epoch 225: loss=0.42481
Epoch 226: loss=0.42511
Epoch 227: loss=0.41594
Epoch 228: loss=0.41836
Epoch 229: loss=0.41757
Epoch 230: loss=0.40963
Epoch 231: loss=0.41923
Epoch 232: loss=0.41204
Epoch 233: loss=0.41946
Epoch 234: loss=0.42408
Epoch 235: loss=0.41342
Epoch 236: loss=0.41503
Epoch 237: loss=0.42153
Epoch 238: loss=0.41481
Epoch 239: loss=0.40619
Epoch 240: loss=0.41131
Epoch 241: loss=0.41929
Epoch 242: loss=0.42294
Epoch 243: loss=0.41731
Epoch 244: loss=0.41856
Epoch 245: loss=0.41643
Epoch 246: loss=0.41729
Epoch 247: loss=0.41210
Epoch 248: loss=0.40783
Epoch 249: loss=0.41064
Epoch 250: loss=0.41124
Epoch 251: loss=0.41238
Epoch 252: loss=0.40714
Epoch 253: loss=0.40665
Epoch 254: loss=0.40481
Epoch 255: loss=0.40904
Epoch 256: loss=0.40394
Epoch 257: loss=0.40424
Epoch 258: loss=0.41327
Epoch 259: loss=0.40993
Epoch 260: loss=0.39914
Epoch 261: loss=0.40653
Epoch 262: loss=0.40272
Epoch 263: loss=0.40091
Epoch 264: loss=0.40255
Epoch 265: loss=0.40127
Epoch 266: loss=0.39889
Epoch 267: loss=0.40027
Epoch 268: loss=0.40561
Epoch 269: loss=0.39960
Epoch 270: loss=0.40168
Epoch 271: loss=0.39143
Epoch 272: loss=0.39788
Epoch 273: loss=0.40000
Epoch 274: loss=0.40220
Epoch 275: loss=0.40061
Epoch 276: loss=0.39837
Epoch 277: loss=0.40074
Epoch 278: loss=0.40098
Epoch 279: loss=0.39824
Epoch 280: loss=0.40336
Epoch 281: loss=0.40101
Epoch 282: loss=0.40358
Epoch 283: loss=0.40475
Epoch 284: loss=0.40239
Epoch 285: loss=0.40006
Epoch 286: loss=0.40455
Epoch 287: loss=0.40690
Epoch 288: loss=0.39923
Epoch 289: loss=0.40252
Epoch 290: loss=0.40948
Epoch 291: loss=0.40568
Epoch 292: loss=0.40175
Epoch 293: loss=0.39938
Epoch 294: loss=0.39868
Epoch 295: loss=0.39619
Epoch 296: loss=0.40200
Epoch 297: loss=0.40708
Epoch 298: loss=0.40428
Epoch 299: loss=0.40616
Epoch 300: loss=0.39944
Epoch 301: loss=0.40012
Epoch 302: loss=0.40387
Epoch 303: loss=0.40215
Epoch 304: loss=0.40636
Epoch 305: loss=0.40278
Epoch 306: loss=0.40138
Epoch 307: loss=0.39534
Epoch 308: loss=0.39625
Epoch 309: loss=0.40258
Epoch 310: loss=0.40106
Epoch 311: loss=0.40184
Epoch 312: loss=0.39689
Epoch 313: loss=0.39236
Epoch 314: loss=0.39856
Epoch 315: loss=0.39967
Epoch 316: loss=0.39886
Epoch 317: loss=0.39574
Epoch 318: loss=0.39754
Epoch 319: loss=0.39807
Epoch 320: loss=0.40004
Epoch 321: loss=0.39711
Epoch 322: loss=0.39407
Epoch 323: loss=0.40359
Epoch 324: loss=0.39915
Epoch 325: loss=0.39412
Epoch 326: loss=0.39150
Epoch 327: loss=0.39775
Epoch 328: loss=0.39094
Epoch 329: loss=0.39181
Epoch 330: loss=0.39624
Epoch 331: loss=0.38955
Epoch 332: loss=0.38815
Epoch 333: loss=0.38919
Epoch 334: loss=0.39594
Epoch 335: loss=0.39571
Epoch 336: loss=0.38892
Epoch 337: loss=0.39630
Epoch 338: loss=0.39792
Epoch 339: loss=0.39457
Epoch 340: loss=0.39290
Epoch 341: loss=0.39523
Epoch 342: loss=0.38921
Epoch 343: loss=0.39049
Epoch 344: loss=0.39496
Epoch 345: loss=0.39540
Epoch 346: loss=0.39046
Epoch 347: loss=0.39249
Epoch 348: loss=0.39433
Epoch 349: loss=0.39364
Epoch 350: loss=0.38958
Epoch 351: loss=0.39180
Epoch 352: loss=0.38583
Epoch 353: loss=0.38424
Epoch 354: loss=0.39089
Epoch 355: loss=0.38924
Epoch 356: loss=0.39431
Epoch 357: loss=0.39598
Epoch 358: loss=0.38529
Epoch 359: loss=0.38986
Epoch 360: loss=0.39604
Epoch 361: loss=0.39530
Epoch 362: loss=0.38984
Epoch 363: loss=0.38928
Epoch 364: loss=0.39299
Epoch 365: loss=0.38860
Epoch 366: loss=0.38615
Epoch 367: loss=0.38791
Epoch 368: loss=0.39100
Epoch 369: loss=0.39154
Epoch 370: loss=0.39116
Epoch 371: loss=0.38642
Epoch 372: loss=0.38039
Epoch 373: loss=0.39143
Epoch 374: loss=0.38692
Epoch 375: loss=0.38699
Epoch 376: loss=0.39418
Epoch 377: loss=0.38569
Epoch 378: loss=0.38503
Epoch 379: loss=0.38960
Epoch 380: loss=0.38460
Epoch 381: loss=0.38581
Epoch 382: loss=0.38269
Epoch 383: loss=0.37827
Epoch 384: loss=0.37900
Epoch 385: loss=0.38461
Epoch 386: loss=0.38084
Epoch 387: loss=0.38650
Epoch 388: loss=0.38054
Epoch 389: loss=0.38284
Epoch 390: loss=0.38471
Epoch 391: loss=0.38328
Epoch 392: loss=0.37841
Epoch 393: loss=0.37748
Epoch 394: loss=0.38380
Epoch 395: loss=0.39235
Epoch 396: loss=0.38448
Epoch 397: loss=0.39221
Epoch 398: loss=0.38708
Epoch 399: loss=0.38116
Epoch 400: loss=0.38168
Epoch 401: loss=0.38011
Epoch 402: loss=0.38300
Epoch 403: loss=0.38264
Epoch 404: loss=0.37701
Epoch 405: loss=0.38122
Epoch 406: loss=0.38827
Epoch 407: loss=0.38797
Epoch 408: loss=0.38250
Epoch 409: loss=0.38456
Epoch 410: loss=0.38692
Epoch 411: loss=0.38248
Epoch 412: loss=0.38025
Epoch 413: loss=0.38542
Epoch 414: loss=0.38220
Epoch 415: loss=0.38015
Epoch 416: loss=0.37647
Epoch 417: loss=0.37040
Epoch 418: loss=0.37846
Epoch 419: loss=0.38094
Epoch 420: loss=0.37790
Epoch 421: loss=0.37216
Epoch 422: loss=0.38319
Epoch 423: loss=0.37753
Epoch 424: loss=0.37703
Epoch 425: loss=0.37575
Epoch 426: loss=0.38601
Epoch 427: loss=0.37598
Epoch 428: loss=0.37969
Epoch 429: loss=0.38198
Epoch 430: loss=0.37227
Epoch 431: loss=0.37776
Epoch 432: loss=0.37687
Epoch 433: loss=0.38252
Epoch 434: loss=0.38057
Epoch 435: loss=0.38242
Epoch 436: loss=0.37335
Epoch 437: loss=0.37314
Epoch 438: loss=0.38085
Epoch 439: loss=0.37772
Epoch 440: loss=0.37734
Epoch 441: loss=0.37665
Epoch 442: loss=0.37394
Epoch 443: loss=0.37700
Epoch 444: loss=0.37754
Epoch 445: loss=0.37717
Epoch 446: loss=0.37590
Epoch 447: loss=0.37036
Epoch 448: loss=0.37362
Epoch 449: loss=0.36620
Epoch 450: loss=0.37192
Epoch 451: loss=0.36582
Epoch 452: loss=0.37255
Epoch 453: loss=0.36854
Epoch 454: loss=0.36593
Epoch 455: loss=0.37161
Epoch 456: loss=0.37611
Epoch 457: loss=0.37338
Epoch 458: loss=0.37105
Epoch 459: loss=0.36499
Epoch 460: loss=0.36946
Epoch 461: loss=0.37103
Epoch 462: loss=0.37398
Epoch 463: loss=0.37133
Epoch 464: loss=0.36962
Epoch 465: loss=0.36493
Epoch 466: loss=0.36681
Epoch 467: loss=0.37066
Epoch 468: loss=0.36399
Epoch 469: loss=0.36949
Epoch 470: loss=0.36797
Epoch 471: loss=0.37098
Epoch 472: loss=0.37130
Epoch 473: loss=0.36977
Epoch 474: loss=0.36984
Epoch 475: loss=0.37169
Epoch 476: loss=0.37426
Epoch 477: loss=0.37042
Epoch 478: loss=0.37591
Epoch 479: loss=0.37591
Epoch 480: loss=0.37724
Epoch 481: loss=0.37421
Epoch 482: loss=0.37469
Epoch 483: loss=0.37790
Epoch 484: loss=0.37293
Epoch 485: loss=0.37289
Epoch 486: loss=0.37230
Epoch 487: loss=0.37252
Epoch 488: loss=0.37165
Epoch 489: loss=0.36802
Epoch 490: loss=0.36809
Epoch 491: loss=0.36587
Epoch 492: loss=0.37299
Epoch 493: loss=0.36732
Epoch 494: loss=0.37109
Epoch 495: loss=0.37051
Epoch 496: loss=0.36489
Epoch 497: loss=0.36693
Epoch 498: loss=0.36960
Epoch 499: loss=0.37073
Epoch 500: loss=0.36803
Epoch 501: loss=0.37048
Epoch 502: loss=0.37110
Epoch 503: loss=0.37473
Epoch 504: loss=0.36545
Epoch 505: loss=0.36279
Epoch 506: loss=0.36881
Epoch 507: loss=0.36445
Epoch 508: loss=0.37083
Epoch 509: loss=0.37088
Epoch 510: loss=0.37198
Epoch 511: loss=0.37304
Epoch 512: loss=0.37319
Epoch 513: loss=0.36766
Epoch 514: loss=0.36576
Epoch 515: loss=0.37258
Epoch 516: loss=0.36877
Epoch 517: loss=0.37516
Epoch 518: loss=0.36353
Epoch 519: loss=0.37082
Epoch 520: loss=0.36963
Epoch 521: loss=0.36965
Epoch 522: loss=0.37174
Epoch 523: loss=0.36402
Epoch 524: loss=0.37033
Epoch 525: loss=0.37370
Epoch 526: loss=0.36729
Epoch 527: loss=0.37362
Epoch 528: loss=0.37612
Epoch 529: loss=0.36699
Epoch 530: loss=0.36513
Epoch 531: loss=0.36528
Epoch 532: loss=0.37053
Epoch 533: loss=0.36790
Epoch 534: loss=0.36674
Epoch 535: loss=0.37140
Epoch 536: loss=0.37212
Epoch 537: loss=0.36939
Epoch 538: loss=0.36731
Epoch 539: loss=0.37019
Epoch 540: loss=0.36751
Epoch 541: loss=0.36992
Epoch 542: loss=0.36243
Epoch 543: loss=0.36596
Epoch 544: loss=0.36396
Epoch 545: loss=0.37070
Epoch 546: loss=0.36600
Epoch 547: loss=0.36828
Epoch 548: loss=0.36463
Epoch 549: loss=0.35576
Epoch 550: loss=0.36092
Epoch 551: loss=0.36143
Epoch 552: loss=0.35895
Epoch 553: loss=0.36621
Epoch 554: loss=0.36194
Epoch 555: loss=0.36054
Epoch 556: loss=0.36127
Epoch 557: loss=0.36610
Epoch 558: loss=0.36206
Epoch 559: loss=0.36847
Epoch 560: loss=0.36797
Epoch 561: loss=0.36171
Epoch 562: loss=0.36723
Epoch 563: loss=0.36248
Epoch 564: loss=0.36032
Epoch 565: loss=0.36093
Epoch 566: loss=0.36131
Epoch 567: loss=0.36108
Epoch 568: loss=0.36407
Epoch 569: loss=0.36438
Epoch 570: loss=0.35877
Epoch 571: loss=0.36788
Epoch 572: loss=0.36503
Epoch 573: loss=0.35943
Epoch 574: loss=0.36419
Epoch 575: loss=0.35954
Epoch 576: loss=0.35932
Epoch 577: loss=0.35809
Epoch 578: loss=0.36180
Epoch 579: loss=0.36047
Epoch 580: loss=0.36305
Epoch 581: loss=0.36469
Epoch 582: loss=0.36608
Epoch 583: loss=0.36876
Epoch 584: loss=0.36150
Epoch 585: loss=0.36194
Epoch 586: loss=0.37000
Epoch 587: loss=0.36390
Epoch 588: loss=0.36171
Epoch 589: loss=0.36413
Epoch 590: loss=0.36380
Epoch 591: loss=0.36964
Epoch 592: loss=0.36853
Epoch 593: loss=0.36039
Epoch 594: loss=0.36050
Epoch 595: loss=0.36218
Epoch 596: loss=0.35634
Epoch 597: loss=0.36371
Epoch 598: loss=0.36270
Epoch 599: loss=0.36291
Epoch 600: loss=0.36620
Epoch 601: loss=0.36246
Epoch 602: loss=0.36818
Epoch 603: loss=0.36810
Epoch 604: loss=0.35955
Epoch 605: loss=0.36557
Epoch 606: loss=0.36178
Epoch 607: loss=0.35014
Epoch 608: loss=0.35823
Epoch 609: loss=0.36450
Epoch 610: loss=0.35920
Epoch 611: loss=0.36527
Epoch 612: loss=0.35967
Epoch 613: loss=0.35932
Epoch 614: loss=0.35729
Epoch 615: loss=0.35648
Epoch 616: loss=0.36464
Epoch 617: loss=0.36356
Epoch 618: loss=0.35379
Epoch 619: loss=0.35749
Epoch 620: loss=0.36084
Epoch 621: loss=0.36304
Epoch 622: loss=0.36025
Epoch 623: loss=0.36217
Epoch 624: loss=0.35574
Epoch 625: loss=0.35652
Epoch 626: loss=0.35929
Epoch 627: loss=0.36331
Epoch 628: loss=0.36282
Epoch 629: loss=0.36240
Epoch 630: loss=0.36777
Epoch 631: loss=0.36295
Epoch 632: loss=0.36169
Epoch 633: loss=0.36126
Epoch 634: loss=0.36320
Epoch 635: loss=0.36125
Epoch 636: loss=0.35935
Epoch 637: loss=0.36123
Epoch 638: loss=0.36411
Epoch 639: loss=0.36251
Epoch 640: loss=0.36342
Epoch 641: loss=0.36070
Epoch 642: loss=0.35952
Epoch 643: loss=0.36413
Epoch 644: loss=0.35691
Epoch 645: loss=0.35717
Epoch 646: loss=0.35888
Epoch 647: loss=0.35925
Epoch 648: loss=0.35980
Epoch 649: loss=0.35601
Epoch 650: loss=0.36274
Epoch 651: loss=0.35867
Epoch 652: loss=0.35861
Epoch 653: loss=0.36380
Epoch 654: loss=0.36428
Epoch 655: loss=0.36019
Epoch 656: loss=0.36273
Epoch 657: loss=0.36750
Epoch 658: loss=0.36398
Epoch 659: loss=0.36307
Epoch 660: loss=0.36197
Epoch 661: loss=0.36011
Epoch 662: loss=0.36102
Epoch 663: loss=0.36179
Epoch 664: loss=0.36125
Epoch 665: loss=0.34994
Epoch 666: loss=0.35941
Epoch 667: loss=0.35480
Epoch 668: loss=0.36265
Epoch 669: loss=0.35612
Epoch 670: loss=0.35599
Epoch 671: loss=0.35695
Epoch 672: loss=0.35748
Epoch 673: loss=0.35474
Epoch 674: loss=0.35015
Epoch 675: loss=0.35718
Epoch 676: loss=0.35007
Epoch 677: loss=0.36106
Epoch 678: loss=0.35374
Epoch 679: loss=0.35036
Epoch 680: loss=0.35590
Epoch 681: loss=0.35461
Epoch 682: loss=0.35110
Epoch 683: loss=0.35533
Epoch 684: loss=0.35283
Epoch 685: loss=0.35948
Epoch 686: loss=0.35144
Epoch 687: loss=0.35201
Epoch 688: loss=0.35189
Epoch 689: loss=0.35830
Epoch 690: loss=0.36490
Epoch 691: loss=0.35597
Epoch 692: loss=0.35513
Epoch 693: loss=0.35858
Epoch 694: loss=0.35529
Epoch 695: loss=0.36140
Epoch 696: loss=0.35830
Epoch 697: loss=0.35567
Epoch 698: loss=0.35645
Epoch 699: loss=0.35304
Epoch 700: loss=0.35872
Epoch 701: loss=0.35462
Epoch 702: loss=0.34968
Epoch 703: loss=0.35800
Epoch 704: loss=0.35369
Epoch 705: loss=0.35434
Epoch 706: loss=0.34813
Epoch 707: loss=0.34969
Epoch 708: loss=0.35001
Epoch 709: loss=0.35062
Epoch 710: loss=0.35528
Epoch 711: loss=0.35431
Epoch 712: loss=0.35790
Epoch 713: loss=0.35398
Epoch 714: loss=0.35021
Epoch 715: loss=0.34822
Epoch 716: loss=0.34997
Epoch 717: loss=0.35498
Epoch 718: loss=0.34751
Epoch 719: loss=0.35569
Epoch 720: loss=0.34898
Epoch 721: loss=0.35214
Epoch 722: loss=0.35304
Epoch 723: loss=0.34552
Epoch 724: loss=0.35034
Epoch 725: loss=0.35469
Epoch 726: loss=0.35546
Epoch 727: loss=0.35263
Epoch 728: loss=0.35310
Epoch 729: loss=0.34837
Epoch 730: loss=0.35913
Epoch 731: loss=0.35190
Epoch 732: loss=0.34898
Epoch 733: loss=0.35265
Epoch 734: loss=0.35481
Epoch 735: loss=0.35403
Epoch 736: loss=0.35478
Epoch 737: loss=0.34987
Epoch 738: loss=0.35108
Epoch 739: loss=0.34865
Epoch 740: loss=0.35309
Epoch 741: loss=0.34507
Epoch 742: loss=0.35447
Epoch 743: loss=0.34627
Epoch 744: loss=0.34448
Epoch 745: loss=0.35091
Epoch 746: loss=0.35218
Epoch 747: loss=0.34893
Epoch 748: loss=0.34880
Epoch 749: loss=0.35071
Epoch 750: loss=0.34868
Epoch 751: loss=0.34470
Epoch 752: loss=0.34323
Epoch 753: loss=0.34479
Epoch 754: loss=0.34384
Epoch 755: loss=0.34758
Epoch 756: loss=0.33773
Epoch 757: loss=0.35084
Epoch 758: loss=0.34689
Epoch 759: loss=0.34770
Epoch 760: loss=0.34738
Epoch 761: loss=0.34642
Epoch 762: loss=0.34534
Epoch 763: loss=0.34889
Epoch 764: loss=0.34864
Epoch 765: loss=0.34918
Epoch 766: loss=0.35098
Epoch 767: loss=0.34616
Epoch 768: loss=0.34640
Epoch 769: loss=0.34294
Epoch 770: loss=0.34115
Epoch 771: loss=0.34351
Epoch 772: loss=0.34274
Epoch 773: loss=0.35067
Epoch 774: loss=0.34181
Epoch 775: loss=0.34561
Epoch 776: loss=0.34595
Epoch 777: loss=0.34136
Epoch 778: loss=0.34372
Epoch 779: loss=0.34519
Epoch 780: loss=0.34353
Epoch 781: loss=0.33866
Epoch 782: loss=0.34022
Epoch 783: loss=0.34785
Epoch 784: loss=0.33953
Epoch 785: loss=0.34321
Epoch 786: loss=0.33823
Epoch 787: loss=0.33733
Epoch 788: loss=0.34418
Epoch 789: loss=0.34316
Epoch 790: loss=0.34049
Epoch 791: loss=0.34168
Epoch 792: loss=0.34304
Epoch 793: loss=0.33757
Epoch 794: loss=0.33751
Epoch 795: loss=0.34227
Epoch 796: loss=0.33497
Epoch 797: loss=0.33589
Epoch 798: loss=0.34093
Epoch 799: loss=0.33563
Epoch 800: loss=0.33764
Epoch 801: loss=0.33471
Epoch 802: loss=0.33841
Epoch 803: loss=0.32796
Epoch 804: loss=0.33771
Epoch 805: loss=0.33683
Epoch 806: loss=0.32979
Epoch 807: loss=0.33487
Epoch 808: loss=0.33715
Epoch 809: loss=0.34009
Epoch 810: loss=0.33870
Epoch 811: loss=0.33959
Epoch 812: loss=0.33519
Epoch 813: loss=0.34138
Epoch 814: loss=0.33559
Epoch 815: loss=0.33734
Epoch 816: loss=0.34033
Epoch 817: loss=0.33530
Epoch 818: loss=0.33626
Epoch 819: loss=0.33091
Epoch 820: loss=0.33360
Epoch 821: loss=0.34313
Epoch 822: loss=0.33301
Epoch 823: loss=0.33244
Epoch 824: loss=0.33336
Epoch 825: loss=0.34139
Epoch 826: loss=0.33601
Epoch 827: loss=0.33344
Epoch 828: loss=0.32445
Epoch 829: loss=0.33624
Epoch 830: loss=0.33690
Epoch 831: loss=0.33899
Epoch 832: loss=0.34000
Epoch 833: loss=0.34037
Epoch 834: loss=0.33492
Epoch 835: loss=0.33161
Epoch 836: loss=0.33945
Epoch 837: loss=0.34423
Epoch 838: loss=0.33494
Epoch 839: loss=0.32990
Epoch 840: loss=0.33428
Epoch 841: loss=0.32609
Epoch 842: loss=0.33102
Epoch 843: loss=0.33844
Epoch 844: loss=0.33912
Epoch 845: loss=0.33494
Epoch 846: loss=0.34153
Epoch 847: loss=0.33401
Epoch 848: loss=0.33641
Epoch 849: loss=0.33517
Epoch 850: loss=0.33542
Epoch 851: loss=0.33932
Epoch 852: loss=0.33879
Epoch 853: loss=0.33385
Epoch 854: loss=0.33619
Epoch 855: loss=0.33268
Epoch 856: loss=0.33756
Epoch 857: loss=0.33489
Epoch 858: loss=0.33228
Epoch 859: loss=0.33120
Epoch 860: loss=0.32600
Epoch 861: loss=0.33332
Epoch 862: loss=0.33548
Epoch 863: loss=0.33285
Epoch 864: loss=0.33303
Epoch 865: loss=0.33366
Epoch 866: loss=0.33834
Epoch 867: loss=0.34079
Epoch 868: loss=0.33907
Epoch 869: loss=0.33277
Epoch 870: loss=0.32645
Epoch 871: loss=0.33014
Epoch 872: loss=0.32829
Epoch 873: loss=0.32858
Epoch 874: loss=0.32782
Epoch 875: loss=0.33084
Epoch 876: loss=0.32845
Epoch 877: loss=0.33529
Epoch 878: loss=0.33128
Epoch 879: loss=0.32849
Epoch 880: loss=0.32886
Epoch 881: loss=0.32932
Epoch 882: loss=0.32993
Epoch 883: loss=0.33407
Epoch 884: loss=0.33488
Epoch 885: loss=0.33082
Epoch 886: loss=0.33191
Epoch 887: loss=0.33249
Epoch 888: loss=0.33223
Epoch 889: loss=0.32880
Epoch 890: loss=0.32598
Epoch 891: loss=0.32519
Epoch 892: loss=0.32943
Epoch 893: loss=0.33109
Epoch 894: loss=0.32891
Epoch 895: loss=0.33003
Epoch 896: loss=0.33197
Epoch 897: loss=0.33274
Epoch 898: loss=0.32916
Epoch 899: loss=0.33099
Epoch 900: loss=0.33790
Epoch 901: loss=0.33309
Epoch 902: loss=0.33138
Epoch 903: loss=0.33484
Epoch 904: loss=0.33343
Epoch 905: loss=0.32707
Epoch 906: loss=0.33565
Epoch 907: loss=0.33230
Epoch 908: loss=0.33028
Epoch 909: loss=0.32625
Epoch 910: loss=0.32954
Epoch 911: loss=0.33130
Epoch 912: loss=0.33373
Epoch 913: loss=0.32937
Epoch 914: loss=0.32727
Epoch 915: loss=0.33785
Epoch 916: loss=0.33282
Epoch 917: loss=0.33556
Epoch 918: loss=0.33384
Epoch 919: loss=0.33001
Epoch 920: loss=0.33142
Epoch 921: loss=0.33111
Epoch 922: loss=0.32958
Epoch 923: loss=0.32971
Epoch 924: loss=0.32724
Epoch 925: loss=0.32873
Epoch 926: loss=0.32962
Epoch 927: loss=0.32917
Epoch 928: loss=0.32839
Epoch 929: loss=0.33564
Epoch 930: loss=0.32562
Epoch 931: loss=0.32143
Epoch 932: loss=0.32764
Epoch 933: loss=0.32924
Epoch 934: loss=0.33750
Epoch 935: loss=0.33515
Epoch 936: loss=0.33017
Epoch 937: loss=0.33031
Epoch 938: loss=0.32962
Epoch 939: loss=0.32891
Epoch 940: loss=0.32787
Epoch 941: loss=0.33253
Epoch 942: loss=0.33117
Epoch 943: loss=0.32557
Epoch 944: loss=0.32619
Epoch 945: loss=0.33147
Epoch 946: loss=0.33484
Epoch 947: loss=0.32717
Epoch 948: loss=0.32305
Epoch 949: loss=0.33221
Epoch 950: loss=0.33266
Epoch 951: loss=0.33140
Epoch 952: loss=0.32713
Epoch 953: loss=0.32561
Epoch 954: loss=0.32930
Epoch 955: loss=0.31854
Epoch 956: loss=0.32920
Epoch 957: loss=0.32662
Epoch 958: loss=0.32283
Epoch 959: loss=0.33226
Epoch 960: loss=0.32391
Epoch 961: loss=0.33095
Epoch 962: loss=0.33019
Epoch 963: loss=0.33143
Epoch 964: loss=0.32787
Epoch 965: loss=0.33196
Epoch 966: loss=0.32913
Epoch 967: loss=0.32815
Epoch 968: loss=0.32934
Epoch 969: loss=0.32944
Epoch 970: loss=0.33160
Epoch 971: loss=0.32838
Epoch 972: loss=0.33137
Epoch 973: loss=0.32555
Epoch 974: loss=0.33406
Epoch 975: loss=0.33043
Epoch 976: loss=0.33147
Epoch 977: loss=0.33212
Epoch 978: loss=0.32695
Epoch 979: loss=0.32911
Epoch 980: loss=0.33298
Epoch 981: loss=0.33315
Epoch 982: loss=0.32980
Epoch 983: loss=0.32441
Epoch 984: loss=0.32810
Epoch 985: loss=0.33057
Epoch 986: loss=0.33160
Epoch 987: loss=0.32906
Epoch 988: loss=0.32882
Epoch 989: loss=0.32860
Epoch 990: loss=0.32979
Epoch 991: loss=0.33227
Epoch 992: loss=0.33885
Epoch 993: loss=0.33176
Epoch 994: loss=0.32798
Epoch 995: loss=0.32599
Epoch 996: loss=0.33272
Epoch 997: loss=0.33256
Epoch 998: loss=0.33093
Epoch 999: loss=0.32986
Epoch 1000: loss=0.32590
Training accuracy: 0.939
Test accuracy: 0.593

File list dumped

Saved in file
