/home/venkat/Unreliable_Synaptic_Transmission/Deepti/DOPcodes/SHD/dataset/shddataset/
2 layered 256 unit SNN made weight variables and loss histogram
The file is present.
Epoch 1: loss=0.67901
Epoch 2: loss=0.67892
Epoch 3: loss=0.68255
Epoch 4: loss=0.67557
Epoch 5: loss=0.68283
Epoch 6: loss=0.68068
Epoch 7: loss=0.67974
Epoch 8: loss=0.67647
Epoch 9: loss=0.68335
Epoch 10: loss=0.67732
Trained for 10 epochs
Training accuracy: 0.831
Epoch 1: loss=0.68018
Epoch 2: loss=0.67614
Epoch 3: loss=0.67403
Epoch 4: loss=0.66995
Epoch 5: loss=0.67144
Epoch 6: loss=0.67288
Epoch 7: loss=0.67514
Epoch 8: loss=0.66668
Epoch 9: loss=0.67832
Epoch 10: loss=0.67565
Epoch 11: loss=0.67797
Epoch 12: loss=0.67416
Epoch 13: loss=0.66821
Epoch 14: loss=0.67204
Epoch 15: loss=0.66812
Epoch 16: loss=0.66919
Epoch 17: loss=0.66782
Epoch 18: loss=0.67367
Epoch 19: loss=0.66458
Epoch 20: loss=0.66752
Epoch 21: loss=0.66827
Epoch 22: loss=0.66646
Epoch 23: loss=0.66792
Epoch 24: loss=0.66674
Epoch 25: loss=0.67098
Epoch 26: loss=0.66860
Epoch 27: loss=0.66554
Epoch 28: loss=0.66538
Epoch 29: loss=0.66685
Epoch 30: loss=0.66203
Epoch 31: loss=0.66710
Epoch 32: loss=0.66617
Epoch 33: loss=0.66633
Epoch 34: loss=0.66578
Epoch 35: loss=0.66460
Epoch 36: loss=0.65978
Epoch 37: loss=0.65907
Epoch 38: loss=0.65599
Epoch 39: loss=0.66435
Epoch 40: loss=0.66313
Epoch 41: loss=0.65992
Epoch 42: loss=0.66058
Epoch 43: loss=0.66194
Epoch 44: loss=0.66142
Epoch 45: loss=0.66176
Epoch 46: loss=0.67166
Epoch 47: loss=0.66269
Epoch 48: loss=0.66024
Epoch 49: loss=0.66435
Epoch 50: loss=0.65612
Epoch 51: loss=0.65762
Epoch 52: loss=0.65567
Epoch 53: loss=0.65824
Epoch 54: loss=0.66469
Epoch 55: loss=0.66436
Epoch 56: loss=0.66020
Epoch 57: loss=0.66161
Epoch 58: loss=0.65795
Epoch 59: loss=0.66224
Epoch 60: loss=0.66111
Epoch 61: loss=0.65616
Epoch 62: loss=0.65546
Epoch 63: loss=0.65989
Epoch 64: loss=0.65647
Epoch 65: loss=0.65837
Epoch 66: loss=0.65885
Epoch 67: loss=0.65399
Epoch 68: loss=0.65644
Epoch 69: loss=0.65082
Epoch 70: loss=0.65251
Epoch 71: loss=0.65180
Epoch 72: loss=0.65251
Epoch 73: loss=0.65031
Epoch 74: loss=0.64836
Epoch 75: loss=0.65008
Epoch 76: loss=0.64470
Epoch 77: loss=0.64933
Epoch 78: loss=0.64768
Epoch 79: loss=0.65025
Epoch 80: loss=0.65168
Epoch 81: loss=0.65089
Epoch 82: loss=0.64966
Epoch 83: loss=0.65166
Epoch 84: loss=0.65414
Epoch 85: loss=0.65120
Epoch 86: loss=0.65300
Epoch 87: loss=0.64987
Epoch 88: loss=0.64073
Epoch 89: loss=0.64374
Epoch 90: loss=0.65016
Epoch 91: loss=0.64401
Epoch 92: loss=0.64763
Epoch 93: loss=0.64416
Epoch 94: loss=0.64494
Epoch 95: loss=0.64386
Epoch 96: loss=0.64499
Epoch 97: loss=0.64359
Epoch 98: loss=0.64448
Epoch 99: loss=0.65047
Epoch 100: loss=0.64690
Epoch 101: loss=0.64301
Epoch 102: loss=0.64623
Epoch 103: loss=0.64509
Epoch 104: loss=0.64184
Epoch 105: loss=0.63738
Epoch 106: loss=0.64261
Epoch 107: loss=0.64413
Epoch 108: loss=0.64647
Epoch 109: loss=0.64225
Epoch 110: loss=0.64235
Epoch 111: loss=0.64231
Epoch 112: loss=0.63888
Epoch 113: loss=0.64059
Epoch 114: loss=0.63785
Epoch 115: loss=0.64630
Epoch 116: loss=0.63940
Epoch 117: loss=0.63844
Epoch 118: loss=0.64032
Epoch 119: loss=0.63877
Epoch 120: loss=0.63723
Epoch 121: loss=0.63953
Epoch 122: loss=0.63852
Epoch 123: loss=0.63954
Epoch 124: loss=0.63972
Epoch 125: loss=0.64362
Epoch 126: loss=0.63164
Epoch 127: loss=0.63626
Epoch 128: loss=0.63490
Epoch 129: loss=0.63601
Epoch 130: loss=0.63434
Epoch 131: loss=0.63579
Epoch 132: loss=0.63014
Epoch 133: loss=0.63083
Epoch 134: loss=0.63070
Epoch 135: loss=0.63002
Epoch 136: loss=0.63365
Epoch 137: loss=0.63253
Epoch 138: loss=0.63503
Epoch 139: loss=0.62803
Epoch 140: loss=0.63247
Epoch 141: loss=0.63086
Epoch 142: loss=0.63429
Epoch 143: loss=0.63490
Epoch 144: loss=0.63138
Epoch 145: loss=0.63355
Epoch 146: loss=0.62948
Epoch 147: loss=0.63096
Epoch 148: loss=0.62739
Epoch 149: loss=0.63073
Epoch 150: loss=0.62590
Epoch 151: loss=0.62908
Epoch 152: loss=0.62660
Epoch 153: loss=0.62960
Epoch 154: loss=0.63196
Epoch 155: loss=0.63133
Epoch 156: loss=0.63152
Epoch 157: loss=0.62478
Epoch 158: loss=0.63107
Epoch 159: loss=0.62732
Epoch 160: loss=0.62702
Epoch 161: loss=0.62820
Epoch 162: loss=0.62901
Epoch 163: loss=0.62982
Epoch 164: loss=0.62226
Epoch 165: loss=0.62752
Epoch 166: loss=0.62688
Epoch 167: loss=0.62665
Epoch 168: loss=0.62492
Epoch 169: loss=0.62479
Epoch 170: loss=0.63136
Epoch 171: loss=0.62667
Epoch 172: loss=0.62822
Epoch 173: loss=0.61995
Epoch 174: loss=0.62083
Epoch 175: loss=0.62050
Epoch 176: loss=0.62452
Epoch 177: loss=0.61676
Epoch 178: loss=0.62203
Epoch 179: loss=0.61902
Epoch 180: loss=0.62501
Epoch 181: loss=0.62193
Epoch 182: loss=0.61889
Epoch 183: loss=0.62248
Epoch 184: loss=0.61822
Epoch 185: loss=0.62145
Epoch 186: loss=0.61906
Epoch 187: loss=0.61644
Epoch 188: loss=0.62233
Epoch 189: loss=0.61825
Epoch 190: loss=0.61516
Epoch 191: loss=0.61353
Epoch 192: loss=0.61689
Epoch 193: loss=0.62282
Epoch 194: loss=0.62939
Epoch 195: loss=0.62284
Epoch 196: loss=0.62291
Epoch 197: loss=0.62080
Epoch 198: loss=0.62175
Epoch 199: loss=0.61983
Epoch 200: loss=0.61707
Epoch 201: loss=0.62130
Epoch 202: loss=0.61348
Epoch 203: loss=0.60943
Epoch 204: loss=0.61175
Epoch 205: loss=0.61254
Epoch 206: loss=0.60829
Epoch 207: loss=0.61001
Epoch 208: loss=0.61622
Epoch 209: loss=0.61227
Epoch 210: loss=0.60897
Epoch 211: loss=0.60821
Epoch 212: loss=0.61299
Epoch 213: loss=0.61652
Epoch 214: loss=0.61929
Epoch 215: loss=0.61023
Epoch 216: loss=0.60510
Epoch 217: loss=0.60714
Epoch 218: loss=0.61230
Epoch 219: loss=0.61551
Epoch 220: loss=0.61638
Epoch 221: loss=0.60552
Epoch 222: loss=0.61626
Epoch 223: loss=0.60642
Epoch 224: loss=0.60991
Epoch 225: loss=0.61328
Epoch 226: loss=0.60924
Epoch 227: loss=0.60805
Epoch 228: loss=0.60621
Epoch 229: loss=0.60235
Epoch 230: loss=0.60283
Epoch 231: loss=0.60170
Epoch 232: loss=0.60577
Epoch 233: loss=0.60416
Epoch 234: loss=0.60605
Epoch 235: loss=0.60465
Epoch 236: loss=0.60227
Epoch 237: loss=0.59442
Epoch 238: loss=0.59985
Epoch 239: loss=0.60475
Epoch 240: loss=0.59339
Epoch 241: loss=0.60366
Epoch 242: loss=0.59251
Epoch 243: loss=0.60323
Epoch 244: loss=0.60370
Epoch 245: loss=0.60404
Epoch 246: loss=0.60322
Epoch 247: loss=0.60463
Epoch 248: loss=0.60474
Epoch 249: loss=0.60135
Epoch 250: loss=0.59891
Epoch 251: loss=0.59958
Epoch 252: loss=0.60063
Epoch 253: loss=0.60205
Epoch 254: loss=0.60129
Epoch 255: loss=0.59855
Epoch 256: loss=0.59981
Epoch 257: loss=0.59937
Epoch 258: loss=0.59714
Epoch 259: loss=0.60142
Epoch 260: loss=0.59935
Epoch 261: loss=0.59983
Epoch 262: loss=0.59617
Epoch 263: loss=0.59545
Epoch 264: loss=0.59961
Epoch 265: loss=0.59503
Epoch 266: loss=0.59660
Epoch 267: loss=0.59645
Epoch 268: loss=0.59709
Epoch 269: loss=0.59416
Epoch 270: loss=0.60044
Epoch 271: loss=0.59623
Epoch 272: loss=0.59572
Epoch 273: loss=0.59407
Epoch 274: loss=0.59898
Epoch 275: loss=0.58942
Epoch 276: loss=0.59213
Epoch 277: loss=0.59367
Epoch 278: loss=0.59529
Epoch 279: loss=0.59331
Epoch 280: loss=0.59498
Epoch 281: loss=0.58978
Epoch 282: loss=0.59543
Epoch 283: loss=0.60489
Epoch 284: loss=0.59348
Epoch 285: loss=0.59505
Epoch 286: loss=0.59572
Epoch 287: loss=0.59247
Epoch 288: loss=0.59438
Epoch 289: loss=0.58852
Epoch 290: loss=0.58543
Epoch 291: loss=0.59305
Epoch 292: loss=0.59202
Epoch 293: loss=0.59262
Epoch 294: loss=0.59256
Epoch 295: loss=0.58717
Epoch 296: loss=0.58199
Epoch 297: loss=0.59184
Epoch 298: loss=0.59342
Epoch 299: loss=0.59177
Epoch 300: loss=0.59482
Epoch 301: loss=0.58871
Epoch 302: loss=0.59236
Epoch 303: loss=0.59159
Epoch 304: loss=0.59017
Epoch 305: loss=0.58882
Epoch 306: loss=0.59172
Epoch 307: loss=0.59087
Epoch 308: loss=0.58304
Epoch 309: loss=0.58453
Epoch 310: loss=0.58679
Epoch 311: loss=0.58696
Epoch 312: loss=0.58606
Epoch 313: loss=0.58882
Epoch 314: loss=0.58897
Epoch 315: loss=0.58720
Epoch 316: loss=0.59591
Epoch 317: loss=0.59217
Epoch 318: loss=0.58842
Epoch 319: loss=0.58617
Epoch 320: loss=0.58830
Epoch 321: loss=0.58568
Epoch 322: loss=0.58257
Epoch 323: loss=0.58311
Epoch 324: loss=0.58715
Epoch 325: loss=0.57985
Epoch 326: loss=0.58659
Epoch 327: loss=0.58219
