/home/venkat/Unreliable_Synaptic_Transmission/Deepti/DOPcodes/SHD/dataset/shddataset/
2 layered 256 unit SNN made weight variables and loss histogram
Epoch 1: loss=32.45556
Epoch 2: loss=23.79892
Epoch 3: loss=18.29648
Epoch 4: loss=14.34651
Epoch 5: loss=11.59329
Epoch 6: loss=9.60072
Epoch 7: loss=8.12242
Epoch 8: loss=7.06260
Epoch 9: loss=6.23718
Epoch 10: loss=5.59878
Trained for 10 epochs
Training accuracy: 0.071
Epoch 1: loss=5.08527
Epoch 2: loss=4.67947
Epoch 3: loss=4.36837
Epoch 4: loss=4.13743
Epoch 5: loss=3.94439
Epoch 6: loss=3.80375
Epoch 7: loss=3.68323
Epoch 8: loss=3.57309
Epoch 9: loss=3.49008
Epoch 10: loss=3.41947
Epoch 11: loss=3.34964
Epoch 12: loss=3.28801
Epoch 13: loss=3.23178
Epoch 14: loss=3.19201
Epoch 15: loss=3.15576
Epoch 16: loss=3.12647
Epoch 17: loss=3.09751
Epoch 18: loss=3.07093
Epoch 19: loss=3.04588
Epoch 20: loss=3.02860
Epoch 21: loss=3.01247
Epoch 22: loss=2.99037
Epoch 23: loss=2.97909
Epoch 24: loss=2.96554
Epoch 25: loss=2.95551
Epoch 26: loss=2.94369
Epoch 27: loss=2.93424
Epoch 28: loss=2.91572
Epoch 29: loss=2.90832
Epoch 30: loss=2.89929
Epoch 31: loss=2.89319
Epoch 32: loss=2.88220
Epoch 33: loss=2.87504
Epoch 34: loss=2.86295
Epoch 35: loss=2.85554
Epoch 36: loss=2.85021
Epoch 37: loss=2.84499
Epoch 38: loss=2.84244
Epoch 39: loss=2.83117
Epoch 40: loss=2.82413
Epoch 41: loss=2.82007
Epoch 42: loss=2.81785
Epoch 43: loss=2.80555
Epoch 44: loss=2.80255
Epoch 45: loss=2.79779
Epoch 46: loss=2.80028
Epoch 47: loss=2.79469
Epoch 48: loss=2.79264
Epoch 49: loss=2.78626
Epoch 50: loss=2.77965
Epoch 51: loss=2.78116
Epoch 52: loss=2.77525
Epoch 53: loss=2.77423
Epoch 54: loss=2.77265
Epoch 55: loss=2.76952
Epoch 56: loss=2.76436
Epoch 57: loss=2.75945
Epoch 58: loss=2.74828
Epoch 59: loss=2.75287
Epoch 60: loss=2.74562
Epoch 61: loss=2.74239
Epoch 62: loss=2.74098
Epoch 63: loss=2.73690
Epoch 64: loss=2.73869
Epoch 65: loss=2.73373
Epoch 66: loss=2.72434
Epoch 67: loss=2.71847
Epoch 68: loss=2.71259
Epoch 69: loss=2.70777
Epoch 70: loss=2.70811
Epoch 71: loss=2.70393
Epoch 72: loss=2.69966
Epoch 73: loss=2.69522
Epoch 74: loss=2.69347
Epoch 75: loss=2.69342
Epoch 76: loss=2.68637
Epoch 77: loss=2.68243
Epoch 78: loss=2.68497
Epoch 79: loss=2.67709
Epoch 80: loss=2.67595
Epoch 81: loss=2.67060
Epoch 82: loss=2.66544
Epoch 83: loss=2.66445
Epoch 84: loss=2.66236
Epoch 85: loss=2.65410
Epoch 86: loss=2.65077
Epoch 87: loss=2.65135
Epoch 88: loss=2.64802
Epoch 89: loss=2.64216
Epoch 90: loss=2.63869
Epoch 91: loss=2.63687
Epoch 92: loss=2.62972
Epoch 93: loss=2.62444
Epoch 94: loss=2.62443
Epoch 95: loss=2.62009
Epoch 96: loss=2.61079
Epoch 97: loss=2.60617
Epoch 98: loss=2.60462
Epoch 99: loss=2.60236
Epoch 100: loss=2.60437
Epoch 101: loss=2.60160
Epoch 102: loss=2.60131
Epoch 103: loss=2.59763
Epoch 104: loss=2.59658
Epoch 105: loss=2.59217
Epoch 106: loss=2.58998
Epoch 107: loss=2.58902
Epoch 108: loss=2.58462
Epoch 109: loss=2.58006
Epoch 110: loss=2.57474
Epoch 111: loss=2.56716
Epoch 112: loss=2.56239
Epoch 113: loss=2.55829
Epoch 114: loss=2.55128
Epoch 115: loss=2.55031
Epoch 116: loss=2.54631
Epoch 117: loss=2.54191
Epoch 118: loss=2.53053
Epoch 119: loss=2.51453
Epoch 120: loss=2.51347
Epoch 121: loss=2.50034
Epoch 122: loss=2.50471
Epoch 123: loss=2.49175
Epoch 124: loss=2.48739
Epoch 125: loss=2.48195
Epoch 126: loss=2.48022
Epoch 127: loss=2.46877
Epoch 128: loss=2.46851
Epoch 129: loss=2.46390
Epoch 130: loss=2.45676
Epoch 131: loss=2.45697
Epoch 132: loss=2.45663
Epoch 133: loss=2.44799
Epoch 134: loss=2.44498
Epoch 135: loss=2.44011
Epoch 136: loss=2.43679
Epoch 137: loss=2.43829
Epoch 138: loss=2.43244
Epoch 139: loss=2.43386
Epoch 140: loss=2.43340
Epoch 141: loss=2.43033
Epoch 142: loss=2.42293
Epoch 143: loss=2.42283
Epoch 144: loss=2.42253
Epoch 145: loss=2.41747
Epoch 146: loss=2.41670
Epoch 147: loss=2.41208
Epoch 148: loss=2.40923
Epoch 149: loss=2.40783
Epoch 150: loss=2.40181
Epoch 151: loss=2.40093
Epoch 152: loss=2.40084
Epoch 153: loss=2.39364
Epoch 154: loss=2.39448
Epoch 155: loss=2.39644
Epoch 156: loss=2.39785
Epoch 157: loss=2.39305
Epoch 158: loss=2.39673
Epoch 159: loss=2.38626
Epoch 160: loss=2.38446
Epoch 161: loss=2.38679
Epoch 162: loss=2.38701
Epoch 163: loss=2.38350
Epoch 164: loss=2.38240
Epoch 165: loss=2.38242
Epoch 166: loss=2.38192
Epoch 167: loss=2.37805
Epoch 168: loss=2.38023
Epoch 169: loss=2.37699
Epoch 170: loss=2.37135
Epoch 171: loss=2.37349
Epoch 172: loss=2.36817
Epoch 173: loss=2.36227
Epoch 174: loss=2.35310
Epoch 175: loss=2.34694
Epoch 176: loss=2.34152
Epoch 177: loss=2.33857
Epoch 178: loss=2.34015
Epoch 179: loss=2.34204
Epoch 180: loss=2.33345
Epoch 181: loss=2.33030
Epoch 182: loss=2.32992
Epoch 183: loss=2.31804
Epoch 184: loss=2.31237
Epoch 185: loss=2.31329
Epoch 186: loss=2.30758
Epoch 187: loss=2.30697
Epoch 188: loss=2.29694
Epoch 189: loss=2.29334
Epoch 190: loss=2.29706
Epoch 191: loss=2.28967
Epoch 192: loss=2.28624
Epoch 193: loss=2.28029
Epoch 194: loss=2.28121
Epoch 195: loss=2.27438
Epoch 196: loss=2.26756
Epoch 197: loss=2.26733
Epoch 198: loss=2.26758
Epoch 199: loss=2.26803
Epoch 200: loss=2.26220
Epoch 201: loss=2.25831
Epoch 202: loss=2.24826
Epoch 203: loss=2.24084
Epoch 204: loss=2.24415
Epoch 205: loss=2.23991
Epoch 206: loss=2.22964
Epoch 207: loss=2.22879
Epoch 208: loss=2.23509
Epoch 209: loss=2.22425
Epoch 210: loss=2.23114
Epoch 211: loss=2.22493
Epoch 212: loss=2.23144
Epoch 213: loss=2.23471
Epoch 214: loss=2.21582
Epoch 215: loss=2.21570
Epoch 216: loss=2.21518
Epoch 217: loss=2.21158
Epoch 218: loss=2.20251
Epoch 219: loss=2.20596
Epoch 220: loss=2.19380
Epoch 221: loss=2.19309
Epoch 222: loss=2.19807
Epoch 223: loss=2.18996
Epoch 224: loss=2.18776
Epoch 225: loss=2.19395
Epoch 226: loss=2.18737
Epoch 227: loss=2.18595
Epoch 228: loss=2.17923
Epoch 229: loss=2.17856
Epoch 230: loss=2.17407
Epoch 231: loss=2.17282
Epoch 232: loss=2.16482
Epoch 233: loss=2.16378
Epoch 234: loss=2.16725
Epoch 235: loss=2.16777
Epoch 236: loss=2.16504
Epoch 237: loss=2.16739
Epoch 238: loss=2.16243
Epoch 239: loss=2.16712
Epoch 240: loss=2.16359
Epoch 241: loss=2.15851
Epoch 242: loss=2.16111
Epoch 243: loss=2.15698
Epoch 244: loss=2.14880
Epoch 245: loss=2.15065
Epoch 246: loss=2.14860
Epoch 247: loss=2.14539
Epoch 248: loss=2.14437
Epoch 249: loss=2.13761
Epoch 250: loss=2.13915
Epoch 251: loss=2.13070
Epoch 252: loss=2.12886
Epoch 253: loss=2.12315
Epoch 254: loss=2.11992
Epoch 255: loss=2.12383
Epoch 256: loss=2.11993
Epoch 257: loss=2.11424
Epoch 258: loss=2.11403
Epoch 259: loss=2.10813
Epoch 260: loss=2.10489
Epoch 261: loss=2.09601
Epoch 262: loss=2.08976
Epoch 263: loss=2.08357
Epoch 264: loss=2.08799
Epoch 265: loss=2.08553
Epoch 266: loss=2.08531
Epoch 267: loss=2.08265
Epoch 268: loss=2.07645
Epoch 269: loss=2.07455
Epoch 270: loss=2.06888
Epoch 271: loss=2.06521
Epoch 272: loss=2.06744
Epoch 273: loss=2.07064
Epoch 274: loss=2.06998
Epoch 275: loss=2.07207
Epoch 276: loss=2.07295
Epoch 277: loss=2.06425
Epoch 278: loss=2.05826
Epoch 279: loss=2.05253
Epoch 280: loss=2.04239
Epoch 281: loss=2.04609
Epoch 282: loss=2.04535
Epoch 283: loss=2.04675
Epoch 284: loss=2.04353
Epoch 285: loss=2.04179
Epoch 286: loss=2.04113
Epoch 287: loss=2.03286
Epoch 288: loss=2.03276
Epoch 289: loss=2.02719
Epoch 290: loss=2.02115
Epoch 291: loss=2.02057
Epoch 292: loss=2.01879
Epoch 293: loss=2.01664
Epoch 294: loss=2.01146
Epoch 295: loss=2.01503
Epoch 296: loss=2.00898
Epoch 297: loss=2.00822
Epoch 298: loss=2.00287
Epoch 299: loss=1.99927
Epoch 300: loss=1.99120
Epoch 301: loss=1.98910
Epoch 302: loss=1.98872
Epoch 303: loss=1.98741
Epoch 304: loss=1.97875
Epoch 305: loss=1.97893
Epoch 306: loss=1.97677
Epoch 307: loss=1.97532
Epoch 308: loss=1.96857
Epoch 309: loss=1.96669
Epoch 310: loss=1.96435
Epoch 311: loss=1.96320
Epoch 312: loss=1.96344
Epoch 313: loss=1.95855
Epoch 314: loss=1.94906
Epoch 315: loss=1.95070
Epoch 316: loss=1.94362
Epoch 317: loss=1.94053
Epoch 318: loss=1.93927
Epoch 319: loss=1.93003
Epoch 320: loss=1.92935
Epoch 321: loss=1.92685
Epoch 322: loss=1.91691
Epoch 323: loss=1.91625
Epoch 324: loss=1.90961
Epoch 325: loss=1.90956
Epoch 326: loss=1.90638
Epoch 327: loss=1.90670
Epoch 328: loss=1.90350
Epoch 329: loss=1.90074
Epoch 330: loss=1.89641
Epoch 331: loss=1.89815
Epoch 332: loss=1.89955
Epoch 333: loss=1.89318
Epoch 334: loss=1.89522
Epoch 335: loss=1.88258
Epoch 336: loss=1.88214
Epoch 337: loss=1.88466
Epoch 338: loss=1.88521
Epoch 339: loss=1.87876
Epoch 340: loss=1.87135
Epoch 341: loss=1.86857
Epoch 342: loss=1.86672
Epoch 343: loss=1.86529
Epoch 344: loss=1.86063
Epoch 345: loss=1.86188
Epoch 346: loss=1.86111
Epoch 347: loss=1.85739
Epoch 348: loss=1.85455
Epoch 349: loss=1.85277
Epoch 350: loss=1.85348
Epoch 351: loss=1.84787
Epoch 352: loss=1.84534
Epoch 353: loss=1.84737
Epoch 354: loss=1.84902
Epoch 355: loss=1.84873
Epoch 356: loss=1.84893
Epoch 357: loss=1.83699
Epoch 358: loss=1.83665
Epoch 359: loss=1.83499
Epoch 360: loss=1.82363
Epoch 361: loss=1.82719
Epoch 362: loss=1.82417
Epoch 363: loss=1.82169
Epoch 364: loss=1.81528
Epoch 365: loss=1.80930
Epoch 366: loss=1.80131
Epoch 367: loss=1.79920
Epoch 368: loss=1.79825
Epoch 369: loss=1.78623
Epoch 370: loss=1.78967
Epoch 371: loss=1.78895
Epoch 372: loss=1.79279
Epoch 373: loss=1.78804
Epoch 374: loss=1.78896
Epoch 375: loss=1.78824
Epoch 376: loss=1.78995
Epoch 377: loss=1.78608
Epoch 378: loss=1.78633
Epoch 379: loss=1.78312
Epoch 380: loss=1.77969
Epoch 381: loss=1.77581
Epoch 382: loss=1.78155
Epoch 383: loss=1.77082
Epoch 384: loss=1.77543
Epoch 385: loss=1.77760
Epoch 386: loss=1.77349
Epoch 387: loss=1.78315
Epoch 388: loss=1.76940
Epoch 389: loss=1.76669
Epoch 390: loss=1.76135
Epoch 391: loss=1.76325
Epoch 392: loss=1.75886
Epoch 393: loss=1.75687
Epoch 394: loss=1.75079
Epoch 395: loss=1.74711
Epoch 396: loss=1.73981
Epoch 397: loss=1.73725
Epoch 398: loss=1.73705
Epoch 399: loss=1.73737
Epoch 400: loss=1.73388
Epoch 401: loss=1.72848
Epoch 402: loss=1.72925
Epoch 403: loss=1.72322
Epoch 404: loss=1.72097
Epoch 405: loss=1.71812
Epoch 406: loss=1.72364
Epoch 407: loss=1.71609
Epoch 408: loss=1.71609
Epoch 409: loss=1.71294
Epoch 410: loss=1.71352
Epoch 411: loss=1.71408
Epoch 412: loss=1.70861
Epoch 413: loss=1.70795
Epoch 414: loss=1.70319
Epoch 415: loss=1.69291
Epoch 416: loss=1.69954
Epoch 417: loss=1.69234
Epoch 418: loss=1.68421
Epoch 419: loss=1.68770
Epoch 420: loss=1.68034
Epoch 421: loss=1.67311
Epoch 422: loss=1.67319
Epoch 423: loss=1.65732
Epoch 424: loss=1.65952
Epoch 425: loss=1.66426
Epoch 426: loss=1.65406
Epoch 427: loss=1.66125
Epoch 428: loss=1.66394
Epoch 429: loss=1.65490
Epoch 430: loss=1.65701
Epoch 431: loss=1.64774
Epoch 432: loss=1.65031
Epoch 433: loss=1.65392
Epoch 434: loss=1.64098
Epoch 435: loss=1.64441
Epoch 436: loss=1.64254
Epoch 437: loss=1.63271
Epoch 438: loss=1.63393
Epoch 439: loss=1.62908
Epoch 440: loss=1.62770
Epoch 441: loss=1.61984
Epoch 442: loss=1.61335
Epoch 443: loss=1.61114
Epoch 444: loss=1.60527
Epoch 445: loss=1.61118
Epoch 446: loss=1.61355
Epoch 447: loss=1.60802
Epoch 448: loss=1.60528
Epoch 449: loss=1.59745
Epoch 450: loss=1.59442
Epoch 451: loss=1.59455
Epoch 452: loss=1.59825
Epoch 453: loss=1.59260
Epoch 454: loss=1.58337
Epoch 455: loss=1.58259
Epoch 456: loss=1.58002
Epoch 457: loss=1.58156
Epoch 458: loss=1.57516
Epoch 459: loss=1.57875
Epoch 460: loss=1.57306
Epoch 461: loss=1.56922
Epoch 462: loss=1.57179
Epoch 463: loss=1.56805
Epoch 464: loss=1.57483
Epoch 465: loss=1.56797
Epoch 466: loss=1.56331
Epoch 467: loss=1.56417
Epoch 468: loss=1.55713
Epoch 469: loss=1.55186
Epoch 470: loss=1.54873
Epoch 471: loss=1.55440
Epoch 472: loss=1.55746
Epoch 473: loss=1.55399
Epoch 474: loss=1.55258
Epoch 475: loss=1.55324
Epoch 476: loss=1.53959
Epoch 477: loss=1.54268
Epoch 478: loss=1.54671
Epoch 479: loss=1.54159
Epoch 480: loss=1.54037
Epoch 481: loss=1.53415
Epoch 482: loss=1.54310
Epoch 483: loss=1.53591
Epoch 484: loss=1.53440
Epoch 485: loss=1.53116
Epoch 486: loss=1.52938
Epoch 487: loss=1.52372
Epoch 488: loss=1.52196
Epoch 489: loss=1.51257
Epoch 490: loss=1.51391
Epoch 491: loss=1.50704
Epoch 492: loss=1.51093
Epoch 493: loss=1.51196
Epoch 494: loss=1.51071
Epoch 495: loss=1.50897
Epoch 496: loss=1.51123
Epoch 497: loss=1.51010
Epoch 498: loss=1.50355
Epoch 499: loss=1.50013
Epoch 500: loss=1.49493
Epoch 501: loss=1.50247
Epoch 502: loss=1.49111
Epoch 503: loss=1.49933
Epoch 504: loss=1.48732
Epoch 505: loss=1.48976
Epoch 506: loss=1.47372
Epoch 507: loss=1.47593
Epoch 508: loss=1.47760
Epoch 509: loss=1.47886
Epoch 510: loss=1.47904
Epoch 511: loss=1.47908
Epoch 512: loss=1.48060
Epoch 513: loss=1.47519
Epoch 514: loss=1.46904
Epoch 515: loss=1.46361
Epoch 516: loss=1.46251
Epoch 517: loss=1.46070
Epoch 518: loss=1.45959
Epoch 519: loss=1.46096
Epoch 520: loss=1.44963
Epoch 521: loss=1.46358
Epoch 522: loss=1.45943
Epoch 523: loss=1.45734
Epoch 524: loss=1.45568
Epoch 525: loss=1.45539
Epoch 526: loss=1.45094
Epoch 527: loss=1.44792
Epoch 528: loss=1.45160
Epoch 529: loss=1.44892
Epoch 530: loss=1.44077
Epoch 531: loss=1.43885
Epoch 532: loss=1.44170
Epoch 533: loss=1.44550
Epoch 534: loss=1.43607
Epoch 535: loss=1.43773
Epoch 536: loss=1.44330
Epoch 537: loss=1.43648
Epoch 538: loss=1.43969
Epoch 539: loss=1.43518
Epoch 540: loss=1.43835
Epoch 541: loss=1.43852
Epoch 542: loss=1.43076
Epoch 543: loss=1.42518
Epoch 544: loss=1.42795
Epoch 545: loss=1.42657
Epoch 546: loss=1.42087
Epoch 547: loss=1.41895
Epoch 548: loss=1.42262
Epoch 549: loss=1.41757
Epoch 550: loss=1.41488
Epoch 551: loss=1.41359
Epoch 552: loss=1.41719
Epoch 553: loss=1.40852
Epoch 554: loss=1.41998
Epoch 555: loss=1.41547
Epoch 556: loss=1.41530
Epoch 557: loss=1.41152
Epoch 558: loss=1.41341
Epoch 559: loss=1.41004
Epoch 560: loss=1.41224
Epoch 561: loss=1.40608
Epoch 562: loss=1.40185
Epoch 563: loss=1.40082
Epoch 564: loss=1.40228
Epoch 565: loss=1.40598
Epoch 566: loss=1.39856
Epoch 567: loss=1.39806
Epoch 568: loss=1.39577
Epoch 569: loss=1.39770
Epoch 570: loss=1.38799
Epoch 571: loss=1.39840
Epoch 572: loss=1.39830
Epoch 573: loss=1.39680
Epoch 574: loss=1.38972
Epoch 575: loss=1.38665
Epoch 576: loss=1.38414
Epoch 577: loss=1.38359
Epoch 578: loss=1.38117
Epoch 579: loss=1.37582
Epoch 580: loss=1.36932
Epoch 581: loss=1.37082
Epoch 582: loss=1.37308
Epoch 583: loss=1.37836
Epoch 584: loss=1.36752
Epoch 585: loss=1.37094
Epoch 586: loss=1.37219
Epoch 587: loss=1.36982
Epoch 588: loss=1.36642
Epoch 589: loss=1.36657
Epoch 590: loss=1.36291
Epoch 591: loss=1.35730
Epoch 592: loss=1.36440
Epoch 593: loss=1.36339
Epoch 594: loss=1.35902
Epoch 595: loss=1.35502
Epoch 596: loss=1.35129
Epoch 597: loss=1.34850
Epoch 598: loss=1.34436
Epoch 599: loss=1.35167
Epoch 600: loss=1.34619
Epoch 601: loss=1.34407
Epoch 602: loss=1.34515
Epoch 603: loss=1.34282
Epoch 604: loss=1.34835
Epoch 605: loss=1.33408
Epoch 606: loss=1.33681
Epoch 607: loss=1.33455
Epoch 608: loss=1.32702
Epoch 609: loss=1.32058
Epoch 610: loss=1.32024
Epoch 611: loss=1.32026
Epoch 612: loss=1.31964
Epoch 613: loss=1.32015
Epoch 614: loss=1.31581
Epoch 615: loss=1.32419
Epoch 616: loss=1.31593
Epoch 617: loss=1.31629
Epoch 618: loss=1.31293
Epoch 619: loss=1.30449
Epoch 620: loss=1.30402
Epoch 621: loss=1.30010
Epoch 622: loss=1.30298
Epoch 623: loss=1.29624
Epoch 624: loss=1.30377
Epoch 625: loss=1.29141
Epoch 626: loss=1.30300
Epoch 627: loss=1.30604
Epoch 628: loss=1.29815
Epoch 629: loss=1.30397
Epoch 630: loss=1.30043
Epoch 631: loss=1.30261
Epoch 632: loss=1.29350
Epoch 633: loss=1.29716
Epoch 634: loss=1.29375
Epoch 635: loss=1.28580
Epoch 636: loss=1.29274
Epoch 637: loss=1.28372
Epoch 638: loss=1.27887
Epoch 639: loss=1.28236
Epoch 640: loss=1.27703
Epoch 641: loss=1.28088
Epoch 642: loss=1.28521
Epoch 643: loss=1.27171
Epoch 644: loss=1.26517
Epoch 645: loss=1.27790
Epoch 646: loss=1.27500
Epoch 647: loss=1.26477
Epoch 648: loss=1.26601
Epoch 649: loss=1.27135
Epoch 650: loss=1.27063
Epoch 651: loss=1.25705
Epoch 652: loss=1.26386
Epoch 653: loss=1.27078
Epoch 654: loss=1.27043
Epoch 655: loss=1.26666
Epoch 656: loss=1.26566
Epoch 657: loss=1.25251
Epoch 658: loss=1.24957
Epoch 659: loss=1.25442
Epoch 660: loss=1.25814
Epoch 661: loss=1.25464
Epoch 662: loss=1.26299
Epoch 663: loss=1.26092
Epoch 664: loss=1.26020
Epoch 665: loss=1.25158
Epoch 666: loss=1.25182
Epoch 667: loss=1.25753
Epoch 668: loss=1.25975
Epoch 669: loss=1.25823
Epoch 670: loss=1.26112
Epoch 671: loss=1.25865
Epoch 672: loss=1.25032
Epoch 673: loss=1.26001
Epoch 674: loss=1.27152
Epoch 675: loss=1.26622
Epoch 676: loss=1.26913
Epoch 677: loss=1.26838
Epoch 678: loss=1.26439
Epoch 679: loss=1.26427
Epoch 680: loss=1.25824
Epoch 681: loss=1.25102
Epoch 682: loss=1.24918
Epoch 683: loss=1.24431
Epoch 684: loss=1.23788
Epoch 685: loss=1.23353
Epoch 686: loss=1.22101
Epoch 687: loss=1.22134
Epoch 688: loss=1.21991
Epoch 689: loss=1.21659
Epoch 690: loss=1.21780
Epoch 691: loss=1.21050
Epoch 692: loss=1.20506
Epoch 693: loss=1.20814
Epoch 694: loss=1.21184
Epoch 695: loss=1.20407
Epoch 696: loss=1.19943
Epoch 697: loss=1.19643
Epoch 698: loss=1.19652
Epoch 699: loss=1.19295
Epoch 700: loss=1.19097
Epoch 701: loss=1.19051
Epoch 702: loss=1.18855
Epoch 703: loss=1.19003
Epoch 704: loss=1.18446
Epoch 705: loss=1.18656
Epoch 706: loss=1.18323
Epoch 707: loss=1.17712
Epoch 708: loss=1.17601
Epoch 709: loss=1.17697
Epoch 710: loss=1.17759
Epoch 711: loss=1.17541
Epoch 712: loss=1.16895
Epoch 713: loss=1.17723
Epoch 714: loss=1.17769
Epoch 715: loss=1.17297
Epoch 716: loss=1.17096
Epoch 717: loss=1.17415
Epoch 718: loss=1.17144
Epoch 719: loss=1.16915
Epoch 720: loss=1.16643
Epoch 721: loss=1.15972
Epoch 722: loss=1.15890
Epoch 723: loss=1.15794
Epoch 724: loss=1.16486
Epoch 725: loss=1.16035
Epoch 726: loss=1.15529
Epoch 727: loss=1.16038
Epoch 728: loss=1.15787
Epoch 729: loss=1.15073
Epoch 730: loss=1.15083
Epoch 731: loss=1.14866
Epoch 732: loss=1.14972
Epoch 733: loss=1.14593
Epoch 734: loss=1.14249
Epoch 735: loss=1.14941
Epoch 736: loss=1.14363
Epoch 737: loss=1.14638
Epoch 738: loss=1.14209
Epoch 739: loss=1.13913
Epoch 740: loss=1.13740
Epoch 741: loss=1.13718
Epoch 742: loss=1.13648
Epoch 743: loss=1.14244
Epoch 744: loss=1.13670
Epoch 745: loss=1.13589
Epoch 746: loss=1.13006
Epoch 747: loss=1.12731
Epoch 748: loss=1.13575
Epoch 749: loss=1.12546
Epoch 750: loss=1.12866
Epoch 751: loss=1.12142
Epoch 752: loss=1.12121
Epoch 753: loss=1.11999
Epoch 754: loss=1.12151
Epoch 755: loss=1.11704
Epoch 756: loss=1.11572
Epoch 757: loss=1.12128
Epoch 758: loss=1.12463
Epoch 759: loss=1.12476
Epoch 760: loss=1.12456
Epoch 761: loss=1.11613
Epoch 762: loss=1.11602
Epoch 763: loss=1.11297
Epoch 764: loss=1.11374
Epoch 765: loss=1.11202
Epoch 766: loss=1.11027
Epoch 767: loss=1.11360
Epoch 768: loss=1.10619
Epoch 769: loss=1.10495
Epoch 770: loss=1.10616
Epoch 771: loss=1.10268
Epoch 772: loss=1.10314
Epoch 773: loss=1.09507
Epoch 774: loss=1.10210
Epoch 775: loss=1.10343
Epoch 776: loss=1.09826
Epoch 777: loss=1.09854
Epoch 778: loss=1.09682
Epoch 779: loss=1.09928
Epoch 780: loss=1.09018
Epoch 781: loss=1.08609
Epoch 782: loss=1.08656
Epoch 783: loss=1.08940
Epoch 784: loss=1.08807
Epoch 785: loss=1.08525
Epoch 786: loss=1.08824
Epoch 787: loss=1.08180
Epoch 788: loss=1.08927
Epoch 789: loss=1.08827
Epoch 790: loss=1.08836
Epoch 791: loss=1.08080
Epoch 792: loss=1.07808
Epoch 793: loss=1.08276
Epoch 794: loss=1.08026
Epoch 795: loss=1.07659
Epoch 796: loss=1.07604
Epoch 797: loss=1.07736
Epoch 798: loss=1.08544
Epoch 799: loss=1.08815
Epoch 800: loss=1.08236
Epoch 801: loss=1.07730
Epoch 802: loss=1.07757
Epoch 803: loss=1.07037
Epoch 804: loss=1.07188
Epoch 805: loss=1.06803
Epoch 806: loss=1.07423
Epoch 807: loss=1.07587
Epoch 808: loss=1.06631
Epoch 809: loss=1.07163
Epoch 810: loss=1.06692
Epoch 811: loss=1.06574
Epoch 812: loss=1.06716
Epoch 813: loss=1.07023
Epoch 814: loss=1.06970
Epoch 815: loss=1.06887
Epoch 816: loss=1.06577
Epoch 817: loss=1.06412
Epoch 818: loss=1.06034
Epoch 819: loss=1.05697
Epoch 820: loss=1.06571
Epoch 821: loss=1.04973
Epoch 822: loss=1.05605
Epoch 823: loss=1.06331
Epoch 824: loss=1.05836
Epoch 825: loss=1.06595
Epoch 826: loss=1.06132
Epoch 827: loss=1.05975
Epoch 828: loss=1.06216
Epoch 829: loss=1.05707
Epoch 830: loss=1.05403
Epoch 831: loss=1.05355
Epoch 832: loss=1.05041
Epoch 833: loss=1.04970
Epoch 834: loss=1.04997
Epoch 835: loss=1.04666
Epoch 836: loss=1.05678
Epoch 837: loss=1.05854
Epoch 838: loss=1.04452
Epoch 839: loss=1.04517
Epoch 840: loss=1.04651
Epoch 841: loss=1.04531
Epoch 842: loss=1.03948
Epoch 843: loss=1.04600
Epoch 844: loss=1.05065
Epoch 845: loss=1.04356
Epoch 846: loss=1.04218
Epoch 847: loss=1.03380
Epoch 848: loss=1.03709
Epoch 849: loss=1.03351
Epoch 850: loss=1.03540
Epoch 851: loss=1.04238
Epoch 852: loss=1.04251
Epoch 853: loss=1.03382
Epoch 854: loss=1.03408
Epoch 855: loss=1.04058
Epoch 856: loss=1.03906
Epoch 857: loss=1.04097
Epoch 858: loss=1.03819
Epoch 859: loss=1.03142
Epoch 860: loss=1.02883
Epoch 861: loss=1.03751
Epoch 862: loss=1.03168
Epoch 863: loss=1.03185
Epoch 864: loss=1.03058
Epoch 865: loss=1.02797
Epoch 866: loss=1.01990
Epoch 867: loss=1.02521
Epoch 868: loss=1.02366
Epoch 869: loss=1.01918
Epoch 870: loss=1.02140
Epoch 871: loss=1.01193
Epoch 872: loss=1.01827
Epoch 873: loss=1.01636
Epoch 874: loss=1.01623
Epoch 875: loss=1.01194
Epoch 876: loss=1.00364
Epoch 877: loss=1.00950
Epoch 878: loss=1.00082
Epoch 879: loss=1.00511
Epoch 880: loss=1.01240
Epoch 881: loss=1.00496
Epoch 882: loss=1.00672
Epoch 883: loss=1.00095
Epoch 884: loss=1.00912
Epoch 885: loss=1.00629
Epoch 886: loss=1.01179
Epoch 887: loss=1.00290
Epoch 888: loss=1.00362
Epoch 889: loss=1.00017
Epoch 890: loss=1.00174
Epoch 891: loss=1.00033
Epoch 892: loss=0.99870
Epoch 893: loss=0.99462
Epoch 894: loss=0.99894
Epoch 895: loss=1.00063
Epoch 896: loss=1.00162
Epoch 897: loss=0.99575
Epoch 898: loss=0.99313
Epoch 899: loss=0.99396
Epoch 900: loss=0.99112
Epoch 901: loss=0.98443
Epoch 902: loss=0.98989
Epoch 903: loss=0.99001
Epoch 904: loss=0.98560
Epoch 905: loss=0.98378
Epoch 906: loss=0.98338
Epoch 907: loss=0.98872
Epoch 908: loss=0.98721
Epoch 909: loss=0.98039
Epoch 910: loss=0.98077
Epoch 911: loss=0.97900
Epoch 912: loss=0.97550
Epoch 913: loss=0.98221
Epoch 914: loss=0.97689
Epoch 915: loss=0.97885
Epoch 916: loss=0.97856
Epoch 917: loss=0.97457
Epoch 918: loss=0.97164
Epoch 919: loss=0.97232
Epoch 920: loss=0.97728
Epoch 921: loss=0.96891
Epoch 922: loss=0.96935
Epoch 923: loss=0.96638
Epoch 924: loss=0.96406
Epoch 925: loss=0.96808
Epoch 926: loss=0.96976
Epoch 927: loss=0.96998
Epoch 928: loss=0.97061
Epoch 929: loss=0.96304
Epoch 930: loss=0.97451
Epoch 931: loss=0.96536
Epoch 932: loss=0.96528
Epoch 933: loss=0.96685
Epoch 934: loss=0.96320
Epoch 935: loss=0.95824
Epoch 936: loss=0.95273
Epoch 937: loss=0.95434
Epoch 938: loss=0.94576
Epoch 939: loss=0.95377
Epoch 940: loss=0.95599
Epoch 941: loss=0.95313
Epoch 942: loss=0.95110
Epoch 943: loss=0.95201
Epoch 944: loss=0.96010
Epoch 945: loss=0.95170
Epoch 946: loss=0.95473
Epoch 947: loss=0.94968
Epoch 948: loss=0.95959
Epoch 949: loss=0.95098
Epoch 950: loss=0.95172
Epoch 951: loss=0.94596
Epoch 952: loss=0.94319
Epoch 953: loss=0.94580
Epoch 954: loss=0.94755
Epoch 955: loss=0.95118
Epoch 956: loss=0.94793
Epoch 957: loss=0.94469
Epoch 958: loss=0.93985
Epoch 959: loss=0.93823
Epoch 960: loss=0.94196
Epoch 961: loss=0.93643
Epoch 962: loss=0.92768
Epoch 963: loss=0.93073
Epoch 964: loss=0.93937
Epoch 965: loss=0.93353
Epoch 966: loss=0.93832
Epoch 967: loss=0.93264
Epoch 968: loss=0.93535
Epoch 969: loss=0.93754
Epoch 970: loss=0.93598
Epoch 971: loss=0.93285
Epoch 972: loss=0.92562
Epoch 973: loss=0.92611
Epoch 974: loss=0.92837
Epoch 975: loss=0.92727
Epoch 976: loss=0.93107
Epoch 977: loss=0.92895
Epoch 978: loss=0.92965
Epoch 979: loss=0.92908
Epoch 980: loss=0.92548
Epoch 981: loss=0.92490
Epoch 982: loss=0.91978
Epoch 983: loss=0.91737
Epoch 984: loss=0.91474
Epoch 985: loss=0.92057
Epoch 986: loss=0.92077
Epoch 987: loss=0.91618
Epoch 988: loss=0.91357
Epoch 989: loss=0.91568
Epoch 990: loss=0.92311
Epoch 991: loss=0.91586
Epoch 992: loss=0.91402
Epoch 993: loss=0.91832
Epoch 994: loss=0.91268
Epoch 995: loss=0.91703
Epoch 996: loss=0.91576
Epoch 997: loss=0.91809
Epoch 998: loss=0.91235
Epoch 999: loss=0.91716
Epoch 1000: loss=0.91328
Epoch 1001: loss=0.90909
Epoch 1002: loss=0.91045
Epoch 1003: loss=0.90584
Epoch 1004: loss=0.90494
Epoch 1005: loss=0.90217
Epoch 1006: loss=0.90554
Epoch 1007: loss=0.90967
Epoch 1008: loss=0.91323
Epoch 1009: loss=0.90723
Epoch 1010: loss=0.90356
Epoch 1011: loss=0.90587
Epoch 1012: loss=0.90344
Epoch 1013: loss=0.89743
Epoch 1014: loss=0.90400
Epoch 1015: loss=0.89947
Epoch 1016: loss=0.90147
Epoch 1017: loss=0.90115
Epoch 1018: loss=0.90320
Epoch 1019: loss=0.89728
Epoch 1020: loss=0.89133
Epoch 1021: loss=0.89494
Epoch 1022: loss=0.89498
Epoch 1023: loss=0.89720
Epoch 1024: loss=0.90310
Epoch 1025: loss=0.90356
Epoch 1026: loss=0.89314
Epoch 1027: loss=0.89259
Epoch 1028: loss=0.89333
Epoch 1029: loss=0.89387
Epoch 1030: loss=0.89316
Epoch 1031: loss=0.89071
Epoch 1032: loss=0.89092
Epoch 1033: loss=0.88996
Epoch 1034: loss=0.89099
Epoch 1035: loss=0.89161
Epoch 1036: loss=0.88938
Epoch 1037: loss=0.88601
Epoch 1038: loss=0.88693
Epoch 1039: loss=0.89159
Epoch 1040: loss=0.88610
Epoch 1041: loss=0.88220
Epoch 1042: loss=0.88436
Epoch 1043: loss=0.88345
Epoch 1044: loss=0.88215
Epoch 1045: loss=0.87863
Epoch 1046: loss=0.88338
Epoch 1047: loss=0.88610
Epoch 1048: loss=0.88740
Epoch 1049: loss=0.88325
Epoch 1050: loss=0.88558
Epoch 1051: loss=0.87787
Epoch 1052: loss=0.87404
Epoch 1053: loss=0.87465
Epoch 1054: loss=0.87726
Epoch 1055: loss=0.87303
Epoch 1056: loss=0.87743
Epoch 1057: loss=0.87406
Epoch 1058: loss=0.87470
Epoch 1059: loss=0.86953
Epoch 1060: loss=0.86453
Epoch 1061: loss=0.87226
Epoch 1062: loss=0.87451
Epoch 1063: loss=0.87012
Epoch 1064: loss=0.86728
Epoch 1065: loss=0.87308
Epoch 1066: loss=0.87400
Epoch 1067: loss=0.87097
Epoch 1068: loss=0.87138
Epoch 1069: loss=0.86970
Epoch 1070: loss=0.86592
Epoch 1071: loss=0.86539
Epoch 1072: loss=0.87125
Epoch 1073: loss=0.87143
Epoch 1074: loss=0.86944
Epoch 1075: loss=0.86085
Epoch 1076: loss=0.85963
Epoch 1077: loss=0.86638
Epoch 1078: loss=0.86090
Epoch 1079: loss=0.86375
Epoch 1080: loss=0.86567
Epoch 1081: loss=0.86282
Epoch 1082: loss=0.86267
Epoch 1083: loss=0.86459
Epoch 1084: loss=0.86160
Epoch 1085: loss=0.85990
Epoch 1086: loss=0.86107
Epoch 1087: loss=0.86625
Epoch 1088: loss=0.86661
Epoch 1089: loss=0.85703
Epoch 1090: loss=0.86301
Epoch 1091: loss=0.85840
Epoch 1092: loss=0.85523
Epoch 1093: loss=0.85256
Epoch 1094: loss=0.85124
Epoch 1095: loss=0.84949
Epoch 1096: loss=0.84952
Epoch 1097: loss=0.85177
Epoch 1098: loss=0.85524
Epoch 1099: loss=0.85504
Epoch 1100: loss=0.84773
Epoch 1101: loss=0.85213
Epoch 1102: loss=0.84125
Epoch 1103: loss=0.84408
Epoch 1104: loss=0.84569
Epoch 1105: loss=0.84916
Epoch 1106: loss=0.84843
Epoch 1107: loss=0.84972
Epoch 1108: loss=0.84648
Epoch 1109: loss=0.84770
Epoch 1110: loss=0.84964
Epoch 1111: loss=0.84838
Epoch 1112: loss=0.84616
Epoch 1113: loss=0.84837
Epoch 1114: loss=0.84503
Epoch 1115: loss=0.84551
Epoch 1116: loss=0.84116
Epoch 1117: loss=0.84957
Epoch 1118: loss=0.84891
Epoch 1119: loss=0.83787
Epoch 1120: loss=0.84883
Epoch 1121: loss=0.83975
Epoch 1122: loss=0.83983
Epoch 1123: loss=0.84310
Epoch 1124: loss=0.83428
Epoch 1125: loss=0.83506
Epoch 1126: loss=0.83707
Epoch 1127: loss=0.83679
Epoch 1128: loss=0.83108
Epoch 1129: loss=0.83837
Epoch 1130: loss=0.82886
Epoch 1131: loss=0.83221
Epoch 1132: loss=0.82622
Epoch 1133: loss=0.82998
Epoch 1134: loss=0.83252
Epoch 1135: loss=0.83346
Epoch 1136: loss=0.83135
Epoch 1137: loss=0.83218
Epoch 1138: loss=0.83424
Epoch 1139: loss=0.82993
Epoch 1140: loss=0.83056
Epoch 1141: loss=0.83165
Epoch 1142: loss=0.82308
Epoch 1143: loss=0.82850
Epoch 1144: loss=0.82456
Epoch 1145: loss=0.82716
Epoch 1146: loss=0.82428
Epoch 1147: loss=0.82420
Epoch 1148: loss=0.82138
Epoch 1149: loss=0.81919
Epoch 1150: loss=0.82487
Epoch 1151: loss=0.82487
Epoch 1152: loss=0.82179
Epoch 1153: loss=0.82667
Epoch 1154: loss=0.81793
Epoch 1155: loss=0.81650
Epoch 1156: loss=0.81713
Epoch 1157: loss=0.81379
Epoch 1158: loss=0.80993
Epoch 1159: loss=0.81497
Epoch 1160: loss=0.81616
Epoch 1161: loss=0.81640
Epoch 1162: loss=0.81737
Epoch 1163: loss=0.81537
Epoch 1164: loss=0.80855
Epoch 1165: loss=0.81249
Epoch 1166: loss=0.81252
Epoch 1167: loss=0.81622
Epoch 1168: loss=0.81266
Epoch 1169: loss=0.81590
Epoch 1170: loss=0.81596
Epoch 1171: loss=0.81565
Epoch 1172: loss=0.81218
Epoch 1173: loss=0.81377
Epoch 1174: loss=0.81659
Epoch 1175: loss=0.81524
Epoch 1176: loss=0.80964
Epoch 1177: loss=0.80562
Epoch 1178: loss=0.80789
Epoch 1179: loss=0.80045
Epoch 1180: loss=0.80194
Epoch 1181: loss=0.81089
Epoch 1182: loss=0.80207
Epoch 1183: loss=0.80607
Epoch 1184: loss=0.80980
Epoch 1185: loss=0.80964
Epoch 1186: loss=0.80818
Epoch 1187: loss=0.79975
Epoch 1188: loss=0.80363
Epoch 1189: loss=0.80146
Epoch 1190: loss=0.80273
Epoch 1191: loss=0.79385
Epoch 1192: loss=0.79789
Epoch 1193: loss=0.80513
Epoch 1194: loss=0.80157
Epoch 1195: loss=0.80392
Epoch 1196: loss=0.80300
Epoch 1197: loss=0.79946
Epoch 1198: loss=0.79834
Epoch 1199: loss=0.80302
Epoch 1200: loss=0.80110
Epoch 1201: loss=0.79667
Epoch 1202: loss=0.79540
Epoch 1203: loss=0.79790
Epoch 1204: loss=0.79534
Epoch 1205: loss=0.79042
Epoch 1206: loss=0.79034
Epoch 1207: loss=0.79474
Epoch 1208: loss=0.78863
Epoch 1209: loss=0.79869
Epoch 1210: loss=0.79782
Epoch 1211: loss=0.78648
Epoch 1212: loss=0.79147
Epoch 1213: loss=0.78459
Epoch 1214: loss=0.79072
Epoch 1215: loss=0.79116
Epoch 1216: loss=0.78677
Epoch 1217: loss=0.78786
Epoch 1218: loss=0.79215
Epoch 1219: loss=0.79181
Epoch 1220: loss=0.78605
Epoch 1221: loss=0.79159
Epoch 1222: loss=0.78670
Epoch 1223: loss=0.78404
Epoch 1224: loss=0.78831
Epoch 1225: loss=0.78421
Epoch 1226: loss=0.78737
Epoch 1227: loss=0.78330
Epoch 1228: loss=0.78266
Epoch 1229: loss=0.78559
Epoch 1230: loss=0.78606
Epoch 1231: loss=0.78610
Epoch 1232: loss=0.78560
Epoch 1233: loss=0.78444
Epoch 1234: loss=0.78565
Epoch 1235: loss=0.78666
Epoch 1236: loss=0.78014
Epoch 1237: loss=0.77555
Epoch 1238: loss=0.77838
Epoch 1239: loss=0.78236
Epoch 1240: loss=0.78442
Epoch 1241: loss=0.77994
Epoch 1242: loss=0.77559
Epoch 1243: loss=0.77892
Epoch 1244: loss=0.77743
Epoch 1245: loss=0.77270
Epoch 1246: loss=0.77786
Epoch 1247: loss=0.77580
Epoch 1248: loss=0.78028
Epoch 1249: loss=0.78343
Epoch 1250: loss=0.77712
Epoch 1251: loss=0.77318
Epoch 1252: loss=0.76802
Epoch 1253: loss=0.76813
Epoch 1254: loss=0.76934
Epoch 1255: loss=0.76619
Epoch 1256: loss=0.76874
Epoch 1257: loss=0.76909
Epoch 1258: loss=0.76776
Epoch 1259: loss=0.77474
Epoch 1260: loss=0.77155
Epoch 1261: loss=0.76504
Epoch 1262: loss=0.77007
Epoch 1263: loss=0.77310
Epoch 1264: loss=0.77374
Epoch 1265: loss=0.76788
Epoch 1266: loss=0.76498
Epoch 1267: loss=0.77165
Epoch 1268: loss=0.77336
Epoch 1269: loss=0.76395
Epoch 1270: loss=0.76684
Epoch 1271: loss=0.77901
Epoch 1272: loss=0.77063
Epoch 1273: loss=0.76331
Epoch 1274: loss=0.76452
Epoch 1275: loss=0.76251
Epoch 1276: loss=0.76369
Epoch 1277: loss=0.76169
Epoch 1278: loss=0.75563
Epoch 1279: loss=0.76324
Epoch 1280: loss=0.75933
Epoch 1281: loss=0.75778
Epoch 1282: loss=0.75391
Epoch 1283: loss=0.76252
Epoch 1284: loss=0.76136
Epoch 1285: loss=0.75863
Epoch 1286: loss=0.76195
Epoch 1287: loss=0.76151
Epoch 1288: loss=0.76617
Epoch 1289: loss=0.76286
Epoch 1290: loss=0.76048
Epoch 1291: loss=0.76072
Epoch 1292: loss=0.75872
Epoch 1293: loss=0.75055
Epoch 1294: loss=0.75425
Epoch 1295: loss=0.76130
Epoch 1296: loss=0.75556
Epoch 1297: loss=0.75349
Epoch 1298: loss=0.75407
Epoch 1299: loss=0.75538
Epoch 1300: loss=0.75340
Epoch 1301: loss=0.74505
Epoch 1302: loss=0.74886
Epoch 1303: loss=0.74964
Epoch 1304: loss=0.75393
Epoch 1305: loss=0.74738
Epoch 1306: loss=0.75599
Epoch 1307: loss=0.75207
Epoch 1308: loss=0.74791
Epoch 1309: loss=0.74726
Epoch 1310: loss=0.74320
Epoch 1311: loss=0.74377
Epoch 1312: loss=0.74395
Epoch 1313: loss=0.73883
Epoch 1314: loss=0.74776
Epoch 1315: loss=0.74554
Epoch 1316: loss=0.74814
Epoch 1317: loss=0.74653
Epoch 1318: loss=0.74078
Epoch 1319: loss=0.75327
Epoch 1320: loss=0.74466
Epoch 1321: loss=0.74169
Epoch 1322: loss=0.73581
Epoch 1323: loss=0.74464
Epoch 1324: loss=0.74606
Epoch 1325: loss=0.74234
Epoch 1326: loss=0.74013
Epoch 1327: loss=0.74495
Epoch 1328: loss=0.74892
Epoch 1329: loss=0.74254
Epoch 1330: loss=0.74277
Epoch 1331: loss=0.74753
Epoch 1332: loss=0.73765
Epoch 1333: loss=0.74054
Epoch 1334: loss=0.73881
Epoch 1335: loss=0.74090
Epoch 1336: loss=0.74642
Epoch 1337: loss=0.74776
Epoch 1338: loss=0.74007
Epoch 1339: loss=0.73677
Epoch 1340: loss=0.73833
Epoch 1341: loss=0.73755
Epoch 1342: loss=0.73844
Epoch 1343: loss=0.73888
Epoch 1344: loss=0.73416
Epoch 1345: loss=0.73669
Epoch 1346: loss=0.73293
Epoch 1347: loss=0.73125
Epoch 1348: loss=0.72807
Epoch 1349: loss=0.73618
Epoch 1350: loss=0.73017
Epoch 1351: loss=0.73084
Epoch 1352: loss=0.73586
Epoch 1353: loss=0.72348
Epoch 1354: loss=0.72833
Epoch 1355: loss=0.73355
Epoch 1356: loss=0.73227
Epoch 1357: loss=0.73011
Epoch 1358: loss=0.72763
Epoch 1359: loss=0.73043
Epoch 1360: loss=0.73063
Epoch 1361: loss=0.73464
Epoch 1362: loss=0.73039
Epoch 1363: loss=0.72960
Epoch 1364: loss=0.72795
Epoch 1365: loss=0.73333
Epoch 1366: loss=0.72997
Epoch 1367: loss=0.72518
Epoch 1368: loss=0.73120
Epoch 1369: loss=0.73076
Epoch 1370: loss=0.73089
Epoch 1371: loss=0.72894
Epoch 1372: loss=0.72477
Epoch 1373: loss=0.72490
Epoch 1374: loss=0.72524
Epoch 1375: loss=0.73049
Epoch 1376: loss=0.73009
Epoch 1377: loss=0.71737
Epoch 1378: loss=0.72215
Epoch 1379: loss=0.72048
Epoch 1380: loss=0.72162
Epoch 1381: loss=0.71492
Epoch 1382: loss=0.71773
Epoch 1383: loss=0.72108
Epoch 1384: loss=0.72228
Epoch 1385: loss=0.72150
Epoch 1386: loss=0.71956
Epoch 1387: loss=0.72028
Epoch 1388: loss=0.72137
Epoch 1389: loss=0.72211
Epoch 1390: loss=0.72006
Epoch 1391: loss=0.71878
Epoch 1392: loss=0.72118
Epoch 1393: loss=0.71949
Epoch 1394: loss=0.71758
Epoch 1395: loss=0.71871
Epoch 1396: loss=0.72475
Epoch 1397: loss=0.72075
Epoch 1398: loss=0.71838
Epoch 1399: loss=0.71740
Epoch 1400: loss=0.72000
Epoch 1401: loss=0.71895
Epoch 1402: loss=0.71239
Epoch 1403: loss=0.70835
Epoch 1404: loss=0.71253
Epoch 1405: loss=0.71628
Epoch 1406: loss=0.70903
Epoch 1407: loss=0.71186
Epoch 1408: loss=0.71735
Epoch 1409: loss=0.71550
Epoch 1410: loss=0.71701
Epoch 1411: loss=0.70696
Epoch 1412: loss=0.71420
Epoch 1413: loss=0.70991
Epoch 1414: loss=0.71105
Epoch 1415: loss=0.70815
Epoch 1416: loss=0.70736
Epoch 1417: loss=0.71217
Epoch 1418: loss=0.71033
Epoch 1419: loss=0.71271
Epoch 1420: loss=0.71060
Epoch 1421: loss=0.71082
Epoch 1422: loss=0.70401
Epoch 1423: loss=0.70614
Epoch 1424: loss=0.70666
Epoch 1425: loss=0.70839
Epoch 1426: loss=0.70800
Epoch 1427: loss=0.70992
Epoch 1428: loss=0.70052
Epoch 1429: loss=0.70510
Epoch 1430: loss=0.70482
Epoch 1431: loss=0.70423
Epoch 1432: loss=0.70177
Epoch 1433: loss=0.69847
Epoch 1434: loss=0.70152
Epoch 1435: loss=0.70523
Epoch 1436: loss=0.70514
Epoch 1437: loss=0.70749
Epoch 1438: loss=0.70080
Epoch 1439: loss=0.70326
Epoch 1440: loss=0.70743
Epoch 1441: loss=0.70294
Epoch 1442: loss=0.71403
Epoch 1443: loss=0.70413
Epoch 1444: loss=0.70266
Epoch 1445: loss=0.70246
Epoch 1446: loss=0.70150
Epoch 1447: loss=0.69962
Epoch 1448: loss=0.70325
Epoch 1449: loss=0.70557
Epoch 1450: loss=0.70358
Epoch 1451: loss=0.69808
Epoch 1452: loss=0.69872
Epoch 1453: loss=0.70561
Epoch 1454: loss=0.70422
Epoch 1455: loss=0.69618
Epoch 1456: loss=0.70410
Epoch 1457: loss=0.70497
Epoch 1458: loss=0.70167
Epoch 1459: loss=0.70305
Epoch 1460: loss=0.69200
Epoch 1461: loss=0.69639
Epoch 1462: loss=0.69458
Epoch 1463: loss=0.69782
Epoch 1464: loss=0.69557
Epoch 1465: loss=0.69067
Epoch 1466: loss=0.69201
Epoch 1467: loss=0.69872
Epoch 1468: loss=0.69505
Epoch 1469: loss=0.69225
Epoch 1470: loss=0.69027
Epoch 1471: loss=0.68747
Epoch 1472: loss=0.68481
Epoch 1473: loss=0.68980
Epoch 1474: loss=0.68609
Epoch 1475: loss=0.68891
Epoch 1476: loss=0.68836
Epoch 1477: loss=0.68666
Epoch 1478: loss=0.69232
Epoch 1479: loss=0.69239
Epoch 1480: loss=0.69120
Epoch 1481: loss=0.68809
Epoch 1482: loss=0.68776
Epoch 1483: loss=0.68382
Epoch 1484: loss=0.68619
Epoch 1485: loss=0.69156
Epoch 1486: loss=0.68591
Epoch 1487: loss=0.68464
Epoch 1488: loss=0.68772
Epoch 1489: loss=0.68442
Epoch 1490: loss=0.69024
Epoch 1491: loss=0.68311
Epoch 1492: loss=0.67800
Epoch 1493: loss=0.68174
Epoch 1494: loss=0.68301
Epoch 1495: loss=0.68156
Epoch 1496: loss=0.68411
Epoch 1497: loss=0.67762
Epoch 1498: loss=0.67990
Epoch 1499: loss=0.67759
Epoch 1500: loss=0.68244
Training accuracy: 0.828
Test accuracy: 0.600

File list dumped

Saved in file
