/home/venkat/Unreliable_Synaptic_Transmission/Deepti/DOPcodes/SHD/dataset/shddataset/
File not present for network with uniform weight initialisation
Initialised with numbers from uniform distribution
Epoch 1: loss=13.12410
Epoch 2: loss=6.13898
Epoch 3: loss=4.18442
Epoch 4: loss=3.36371
Epoch 5: loss=2.87996
Epoch 6: loss=2.50202
Epoch 7: loss=2.31194
Epoch 8: loss=2.17527
Epoch 9: loss=2.02665
Epoch 10: loss=1.98269
Trained for 10 epochs
Training accuracy: 0.515
Epoch 1: loss=1.89452
Epoch 2: loss=1.79081
Epoch 3: loss=1.80978
Epoch 4: loss=1.77018
Epoch 5: loss=1.80336
Epoch 6: loss=1.68264
Epoch 7: loss=1.67246
Epoch 8: loss=1.62994
Epoch 9: loss=1.55655
Epoch 10: loss=1.49956
Epoch 11: loss=1.48545
Epoch 12: loss=1.48082
Epoch 13: loss=1.40949
Epoch 14: loss=1.37230
Epoch 15: loss=1.38288
Epoch 16: loss=1.35318
Epoch 17: loss=1.42280
Epoch 18: loss=1.40103
Epoch 19: loss=1.38954
Epoch 20: loss=1.33431
Epoch 21: loss=1.37500
Epoch 22: loss=1.29073
Epoch 23: loss=1.28375
Epoch 24: loss=1.28190
Epoch 25: loss=1.22930
Epoch 26: loss=1.21864
Epoch 27: loss=1.22843
Epoch 28: loss=1.26503
Epoch 29: loss=1.24308
Epoch 30: loss=1.21202
Epoch 31: loss=1.15248
Epoch 32: loss=1.15967
Epoch 33: loss=1.17028
Epoch 34: loss=1.09190
Epoch 35: loss=1.07897
Epoch 36: loss=1.06398
Epoch 37: loss=1.06976
Epoch 38: loss=1.15097
Epoch 39: loss=1.06517
Epoch 40: loss=1.13378
Epoch 41: loss=1.11136
Epoch 42: loss=1.09008
Epoch 43: loss=1.09650
Epoch 44: loss=1.09496
Epoch 45: loss=1.04753
Epoch 46: loss=1.06195
Epoch 47: loss=1.00509
Epoch 48: loss=1.02348
Epoch 49: loss=1.03379
Epoch 50: loss=1.01402
Epoch 51: loss=0.97944
Epoch 52: loss=1.02933
Epoch 53: loss=1.02510
Epoch 54: loss=0.99618
Epoch 55: loss=0.97523
Epoch 56: loss=1.02742
Epoch 57: loss=0.96231
Epoch 58: loss=0.95208
Epoch 59: loss=0.99762
Epoch 60: loss=0.95581
Epoch 61: loss=0.92302
Epoch 62: loss=0.96120
Epoch 63: loss=0.95525
Epoch 64: loss=0.93401
Epoch 65: loss=0.92512
Epoch 66: loss=0.96745
Epoch 67: loss=0.99406
Epoch 68: loss=0.93164
Epoch 69: loss=0.93029
Epoch 70: loss=0.88259
Epoch 71: loss=0.93747
Epoch 72: loss=0.95560
Epoch 73: loss=0.88814
Epoch 74: loss=0.89007
Epoch 75: loss=0.89908
Epoch 76: loss=0.92394
Epoch 77: loss=0.90335
Epoch 78: loss=0.88653
Epoch 79: loss=0.88532
Epoch 80: loss=0.90063
Epoch 81: loss=0.91510
Epoch 82: loss=0.91875
Epoch 83: loss=0.88497
Epoch 84: loss=0.85638
Epoch 85: loss=0.86939
Epoch 86: loss=0.85179
Epoch 87: loss=0.86653
Epoch 88: loss=0.88840
Epoch 89: loss=0.84447
Epoch 90: loss=0.84184
Epoch 91: loss=0.81418
Epoch 92: loss=0.86057
Epoch 93: loss=0.90057
Epoch 94: loss=0.89188
Epoch 95: loss=0.86055
Epoch 96: loss=0.88558
Epoch 97: loss=0.87022
Epoch 98: loss=0.85928
Epoch 99: loss=0.84184
Epoch 100: loss=0.83915
Epoch 101: loss=0.86134
Epoch 102: loss=0.84512
Epoch 103: loss=0.83850
Epoch 104: loss=0.84125
Epoch 105: loss=0.85795
Epoch 106: loss=0.83568
Epoch 107: loss=0.81337
Epoch 108: loss=0.80899
Epoch 109: loss=0.82483
Epoch 110: loss=0.85900
Epoch 111: loss=0.85325
Epoch 112: loss=0.83486
Epoch 113: loss=0.83666
Epoch 114: loss=0.85790
Epoch 115: loss=0.79609
Epoch 116: loss=0.84674
Epoch 117: loss=0.81474
Epoch 118: loss=0.78578
Epoch 119: loss=0.78570
Epoch 120: loss=0.76595
Epoch 121: loss=0.76025
Epoch 122: loss=0.77004
Epoch 123: loss=0.81020
Epoch 124: loss=0.79747
Epoch 125: loss=0.79793
Epoch 126: loss=0.81439
Epoch 127: loss=0.78994
Epoch 128: loss=0.80071
Epoch 129: loss=0.77722
Epoch 130: loss=0.79149
Epoch 131: loss=0.73360
Epoch 132: loss=0.77000
Epoch 133: loss=0.81745
Epoch 134: loss=0.73499
Epoch 135: loss=0.78538
Epoch 136: loss=0.79143
Epoch 137: loss=0.74130
Epoch 138: loss=0.77641
Epoch 139: loss=0.75568
Epoch 140: loss=0.80022
Epoch 141: loss=0.78066
Epoch 142: loss=0.74166
Epoch 143: loss=0.74764
Epoch 144: loss=0.73821
Epoch 145: loss=0.75624
Epoch 146: loss=0.81707
Epoch 147: loss=0.79742
Epoch 148: loss=0.73110
Epoch 149: loss=0.70520
Epoch 150: loss=0.72768
Epoch 151: loss=0.73354
Epoch 152: loss=0.71714
Epoch 153: loss=0.78246
Epoch 154: loss=0.73357
Epoch 155: loss=0.70575
Epoch 156: loss=0.79079
Epoch 157: loss=0.77230
Epoch 158: loss=0.72531
Epoch 159: loss=0.73745
Epoch 160: loss=0.70102
Epoch 161: loss=0.70420
Epoch 162: loss=0.75409
Epoch 163: loss=0.79511
Epoch 164: loss=0.82616
Epoch 165: loss=0.77361
Epoch 166: loss=0.78123
Epoch 167: loss=0.77170
Epoch 168: loss=0.74570
Epoch 169: loss=0.72356
Epoch 170: loss=0.75444
Epoch 171: loss=0.71368
Epoch 172: loss=0.69050
Epoch 173: loss=0.72426
Epoch 174: loss=0.70738
Epoch 175: loss=0.72820
Epoch 176: loss=0.71096
Epoch 177: loss=0.71923
Epoch 178: loss=0.70911
Epoch 179: loss=0.73007
Epoch 180: loss=0.70476
Epoch 181: loss=0.65876
Epoch 182: loss=0.67788
Epoch 183: loss=0.65184
Epoch 184: loss=0.65263
Epoch 185: loss=0.67588
Epoch 186: loss=0.65328
Epoch 187: loss=0.68497
Epoch 188: loss=0.64600
Epoch 189: loss=0.67510
Epoch 190: loss=0.63292
Epoch 191: loss=0.67008
Epoch 192: loss=0.68043
Epoch 193: loss=0.69523
Epoch 194: loss=0.62935
Epoch 195: loss=0.64726
Epoch 196: loss=0.66568
Epoch 197: loss=0.69470
Epoch 198: loss=0.65558
Epoch 199: loss=0.64230
Epoch 200: loss=0.61978
Epoch 201: loss=0.65296
Epoch 202: loss=0.65183
Epoch 203: loss=0.64870
Epoch 204: loss=0.62956
Epoch 205: loss=0.62477
Epoch 206: loss=0.62693
Epoch 207: loss=0.60377
Epoch 208: loss=0.61002
Epoch 209: loss=0.61377
Epoch 210: loss=0.63265
Epoch 211: loss=0.62692
Epoch 212: loss=0.63110
Epoch 213: loss=0.64515
Epoch 214: loss=0.59989
Epoch 215: loss=0.59971
Epoch 216: loss=0.62643
Epoch 217: loss=0.62310
Epoch 218: loss=0.60485
Epoch 219: loss=0.64424
Epoch 220: loss=0.61724
Epoch 221: loss=0.67628
Epoch 222: loss=0.60307
Epoch 223: loss=0.61982
Epoch 224: loss=0.61955
Epoch 225: loss=0.57514
Epoch 226: loss=0.59065
Epoch 227: loss=0.60750
Epoch 228: loss=0.58111
Epoch 229: loss=0.56205
Epoch 230: loss=0.61802
Epoch 231: loss=0.61119
Epoch 232: loss=0.60198
Epoch 233: loss=0.61588
Epoch 234: loss=0.60708
Epoch 235: loss=0.59833
Epoch 236: loss=0.57089
Epoch 237: loss=0.61700
Epoch 238: loss=0.60349
Epoch 239: loss=0.57633
Epoch 240: loss=0.57357
Epoch 241: loss=0.57492
Epoch 242: loss=0.60088
Epoch 243: loss=0.60728
Epoch 244: loss=0.56906
Epoch 245: loss=0.56493
Epoch 246: loss=0.52453
Epoch 247: loss=0.58887
Epoch 248: loss=0.58808
Epoch 249: loss=0.57356
Epoch 250: loss=0.55986
Epoch 251: loss=0.55420
Epoch 252: loss=0.56242
Epoch 253: loss=0.55577
Epoch 254: loss=0.57157
Epoch 255: loss=0.56479
Epoch 256: loss=0.56246
Epoch 257: loss=0.51920
Epoch 258: loss=0.55265
Epoch 259: loss=0.51970
Epoch 260: loss=0.53212
Epoch 261: loss=0.54662
Epoch 262: loss=0.52354
Epoch 263: loss=0.52353
Epoch 264: loss=0.52908
Epoch 265: loss=0.52493
Epoch 266: loss=0.51910
Epoch 267: loss=0.52068
Epoch 268: loss=0.53748
Epoch 269: loss=0.54611
Epoch 270: loss=0.54517
Epoch 271: loss=0.53200
Epoch 272: loss=0.52868
Epoch 273: loss=0.50962
Epoch 274: loss=0.52021
Epoch 275: loss=0.53273
Epoch 276: loss=0.52031
Epoch 277: loss=0.50849
Epoch 278: loss=0.51033
Epoch 279: loss=0.49786
Epoch 280: loss=0.50786
Epoch 281: loss=0.49304
Epoch 282: loss=0.51202
Epoch 283: loss=0.52945
Epoch 284: loss=0.51275
Epoch 285: loss=0.50598
Epoch 286: loss=0.52376
Epoch 287: loss=0.50755
Epoch 288: loss=0.49752
Epoch 289: loss=0.52067
Epoch 290: loss=0.52278
Epoch 291: loss=0.52235
Epoch 292: loss=0.48199
Epoch 293: loss=0.52982
Epoch 294: loss=0.52509
Epoch 295: loss=0.51431
Epoch 296: loss=0.50603
Epoch 297: loss=0.49529
Epoch 298: loss=0.50824
Epoch 299: loss=0.48452
Epoch 300: loss=0.47416
Epoch 301: loss=0.51047
Epoch 302: loss=0.50754
Epoch 303: loss=0.47970
Epoch 304: loss=0.50055
Epoch 305: loss=0.50066
Epoch 306: loss=0.50721
Epoch 307: loss=0.47986
Epoch 308: loss=0.47552
Epoch 309: loss=0.48507
Epoch 310: loss=0.46247
Epoch 311: loss=0.49431
Epoch 312: loss=0.49796
Epoch 313: loss=0.46368
Epoch 314: loss=0.48087
Epoch 315: loss=0.49324
Epoch 316: loss=0.47569
Epoch 317: loss=0.45796
Epoch 318: loss=0.47163
Epoch 319: loss=0.49968
Epoch 320: loss=0.47153
Epoch 321: loss=0.47599
Epoch 322: loss=0.50393
Epoch 323: loss=0.48366
Epoch 324: loss=0.45819
Epoch 325: loss=0.46098
Epoch 326: loss=0.49063
Epoch 327: loss=0.47267
Epoch 328: loss=0.45570
Epoch 329: loss=0.44451
Epoch 330: loss=0.48472
Epoch 331: loss=0.47175
Epoch 332: loss=0.45983
Epoch 333: loss=0.45938
Epoch 334: loss=0.45602
Epoch 335: loss=0.45332
Epoch 336: loss=0.50066
Epoch 337: loss=0.45125
Epoch 338: loss=0.46363
Epoch 339: loss=0.45651
Epoch 340: loss=0.46840
Epoch 341: loss=0.47317
Epoch 342: loss=0.47953
Epoch 343: loss=0.46765
Epoch 344: loss=0.44186
Epoch 345: loss=0.46671
Epoch 346: loss=0.44802
Epoch 347: loss=0.46684
Epoch 348: loss=0.44678
Epoch 349: loss=0.44788
Epoch 350: loss=0.44599
Epoch 351: loss=0.42964
Epoch 352: loss=0.42960
Epoch 353: loss=0.44424
Epoch 354: loss=0.43987
Epoch 355: loss=0.43878
Epoch 356: loss=0.42615
Epoch 357: loss=0.44179
Epoch 358: loss=0.44276
Epoch 359: loss=0.43495
Epoch 360: loss=0.45040
Epoch 361: loss=0.44046
Epoch 362: loss=0.44433
Epoch 363: loss=0.43679
Epoch 364: loss=0.46093
Epoch 365: loss=0.45870
Epoch 366: loss=0.42134
Epoch 367: loss=0.43200
Epoch 368: loss=0.46019
Epoch 369: loss=0.45848
Epoch 370: loss=0.44775
Epoch 371: loss=0.45909
Epoch 372: loss=0.45385
Epoch 373: loss=0.46663
Epoch 374: loss=0.44524
Epoch 375: loss=0.44401
Epoch 376: loss=0.43308
Epoch 377: loss=0.43069
Epoch 378: loss=0.43473
Epoch 379: loss=0.41846
Epoch 380: loss=0.45598
Epoch 381: loss=0.44150
Epoch 382: loss=0.41284
Epoch 383: loss=0.42072
Epoch 384: loss=0.45631
Epoch 385: loss=0.41566
Epoch 386: loss=0.39398
Epoch 387: loss=0.42426
Epoch 388: loss=0.42905
Epoch 389: loss=0.43947
Epoch 390: loss=0.40378
Epoch 391: loss=0.42283
Epoch 392: loss=0.42152
Epoch 393: loss=0.42450
Epoch 394: loss=0.41341
Epoch 395: loss=0.40335
Epoch 396: loss=0.42115
Epoch 397: loss=0.40193
Epoch 398: loss=0.42524
Epoch 399: loss=0.41462
Epoch 400: loss=0.44175
Epoch 401: loss=0.41898
Epoch 402: loss=0.44640
Epoch 403: loss=0.42426
Epoch 404: loss=0.39487
Epoch 405: loss=0.39516
Epoch 406: loss=0.40292
Epoch 407: loss=0.41129
Epoch 408: loss=0.40652
Epoch 409: loss=0.41410
Epoch 410: loss=0.41271
Epoch 411: loss=0.40105
Epoch 412: loss=0.40718
Epoch 413: loss=0.41203
Epoch 414: loss=0.42023
Epoch 415: loss=0.40631
Epoch 416: loss=0.42363
Epoch 417: loss=0.40231
Epoch 418: loss=0.39965
Epoch 419: loss=0.39834
Epoch 420: loss=0.40877
Epoch 421: loss=0.39115
Epoch 422: loss=0.40974
Epoch 423: loss=0.40150
Epoch 424: loss=0.40714
Epoch 425: loss=0.38084
Epoch 426: loss=0.39834
Epoch 427: loss=0.40317
Epoch 428: loss=0.40092
Epoch 429: loss=0.38365
Epoch 430: loss=0.39226
Epoch 431: loss=0.43055
Epoch 432: loss=0.39035
Epoch 433: loss=0.39027
Epoch 434: loss=0.40534
Epoch 435: loss=0.41842
Epoch 436: loss=0.41281
Epoch 437: loss=0.39308
Epoch 438: loss=0.40257
Epoch 439: loss=0.41324
Epoch 440: loss=0.41183
Epoch 441: loss=0.41853
Epoch 442: loss=0.38245
Epoch 443: loss=0.39776
Epoch 444: loss=0.39053
Epoch 445: loss=0.39329
Epoch 446: loss=0.40461
Epoch 447: loss=0.39188
Epoch 448: loss=0.40509
Epoch 449: loss=0.38563
Epoch 450: loss=0.38527
Epoch 451: loss=0.42208
Epoch 452: loss=0.40031
Epoch 453: loss=0.37551
Epoch 454: loss=0.39057
Epoch 455: loss=0.40403
Epoch 456: loss=0.39707
Epoch 457: loss=0.37689
Epoch 458: loss=0.38891
Epoch 459: loss=0.37074
Epoch 460: loss=0.37235
Epoch 461: loss=0.38900
Epoch 462: loss=0.39144
Epoch 463: loss=0.40687
Epoch 464: loss=0.36791
Epoch 465: loss=0.38359
Epoch 466: loss=0.37957
Epoch 467: loss=0.39347
Epoch 468: loss=0.38125
Epoch 469: loss=0.40164
Epoch 470: loss=0.36897
Epoch 471: loss=0.40278
Epoch 472: loss=0.38504
Epoch 473: loss=0.39569
Epoch 474: loss=0.39343
Epoch 475: loss=0.36071
Epoch 476: loss=0.38587
Epoch 477: loss=0.37878
Epoch 478: loss=0.41023
Epoch 479: loss=0.38836
Epoch 480: loss=0.39950
Epoch 481: loss=0.37956
Epoch 482: loss=0.38579
Epoch 483: loss=0.39066
Epoch 484: loss=0.40121
Epoch 485: loss=0.38330
Epoch 486: loss=0.38612
Epoch 487: loss=0.37665
Epoch 488: loss=0.38570
Epoch 489: loss=0.39517
Epoch 490: loss=0.38300
Epoch 491: loss=0.37356
Epoch 492: loss=0.37999
Epoch 493: loss=0.38220
Epoch 494: loss=0.40987
Epoch 495: loss=0.38391
Epoch 496: loss=0.37856
Epoch 497: loss=0.36760
Epoch 498: loss=0.37549
Epoch 499: loss=0.37894
Epoch 500: loss=0.37753
Epoch 501: loss=0.39604
Epoch 502: loss=0.37428
Epoch 503: loss=0.36980
Epoch 504: loss=0.36670
Epoch 505: loss=0.37452
Epoch 506: loss=0.36998
Epoch 507: loss=0.35423
Epoch 508: loss=0.37517
Epoch 509: loss=0.34865
Epoch 510: loss=0.36897
Epoch 511: loss=0.37758
Epoch 512: loss=0.35846
Epoch 513: loss=0.36363
Epoch 514: loss=0.36726
Epoch 515: loss=0.36504
Epoch 516: loss=0.37163
Epoch 517: loss=0.37430
Epoch 518: loss=0.36429
Epoch 519: loss=0.36568
Epoch 520: loss=0.39172
Epoch 521: loss=0.35749
Epoch 522: loss=0.35607
Epoch 523: loss=0.36314
Epoch 524: loss=0.34303
Epoch 525: loss=0.34112
Epoch 526: loss=0.36294
Epoch 527: loss=0.39763
Epoch 528: loss=0.35660
Epoch 529: loss=0.36405
Epoch 530: loss=0.36610
Epoch 531: loss=0.35709
Epoch 532: loss=0.36196
Epoch 533: loss=0.34285
Epoch 534: loss=0.34821
Epoch 535: loss=0.37088
Epoch 536: loss=0.36474
Epoch 537: loss=0.38035
Epoch 538: loss=0.35767
Epoch 539: loss=0.37408
Epoch 540: loss=0.37445
Epoch 541: loss=0.37656
Epoch 542: loss=0.34980
Epoch 543: loss=0.35346
Epoch 544: loss=0.36379
Epoch 545: loss=0.36772
Epoch 546: loss=0.35625
Epoch 547: loss=0.35557
Epoch 548: loss=0.33700
Epoch 549: loss=0.37207
Epoch 550: loss=0.35913
Epoch 551: loss=0.35169
Epoch 552: loss=0.37141
Epoch 553: loss=0.35276
Epoch 554: loss=0.34681
Epoch 555: loss=0.36871
Epoch 556: loss=0.38056
Epoch 557: loss=0.37027
Epoch 558: loss=0.37547
Epoch 559: loss=0.37064
Epoch 560: loss=0.35706
Epoch 561: loss=0.36628
Epoch 562: loss=0.35382
Epoch 563: loss=0.35720
Epoch 564: loss=0.35678
Epoch 565: loss=0.36277
Epoch 566: loss=0.35776
Epoch 567: loss=0.37090
Epoch 568: loss=0.36214
Epoch 569: loss=0.37347
Epoch 570: loss=0.36276
Epoch 571: loss=0.35604
Epoch 572: loss=0.37433
Epoch 573: loss=0.34535
Epoch 574: loss=0.34931
Epoch 575: loss=0.36703
Epoch 576: loss=0.34115
Epoch 577: loss=0.36322
Epoch 578: loss=0.36471
Epoch 579: loss=0.35902
Epoch 580: loss=0.37144
Epoch 581: loss=0.35702
Epoch 582: loss=0.34579
Epoch 583: loss=0.35746
Epoch 584: loss=0.36070
Epoch 585: loss=0.34589
Epoch 586: loss=0.33949
Epoch 587: loss=0.35765
Epoch 588: loss=0.34120
Epoch 589: loss=0.35098
Epoch 590: loss=0.34421
Epoch 591: loss=0.34578
Epoch 592: loss=0.34473
Epoch 593: loss=0.35487
Epoch 594: loss=0.35595
Epoch 595: loss=0.37050
Epoch 596: loss=0.35591
Epoch 597: loss=0.33631
Epoch 598: loss=0.35255
Epoch 599: loss=0.34996
Epoch 600: loss=0.34062
Epoch 601: loss=0.33970
Epoch 602: loss=0.32836
Epoch 603: loss=0.34374
Epoch 604: loss=0.34742
Epoch 605: loss=0.36526
Epoch 606: loss=0.34069
Epoch 607: loss=0.36459
Epoch 608: loss=0.35204
Epoch 609: loss=0.34472
Epoch 610: loss=0.34743
Epoch 611: loss=0.34738
Epoch 612: loss=0.34476
Epoch 613: loss=0.35308
Epoch 614: loss=0.33034
Epoch 615: loss=0.34509
Epoch 616: loss=0.32707
Epoch 617: loss=0.34858
Epoch 618: loss=0.34534
Epoch 619: loss=0.34831
Epoch 620: loss=0.33781
Epoch 621: loss=0.34333
Epoch 622: loss=0.33143
Epoch 623: loss=0.33780
Epoch 624: loss=0.33333
Epoch 625: loss=0.32192
Epoch 626: loss=0.33166
Epoch 627: loss=0.33829
Epoch 628: loss=0.34870
Epoch 629: loss=0.34816
Epoch 630: loss=0.33033
Epoch 631: loss=0.33613
Epoch 632: loss=0.33520
Epoch 633: loss=0.33364
Epoch 634: loss=0.35308
Epoch 635: loss=0.33281
Epoch 636: loss=0.35948
Epoch 637: loss=0.34037
Epoch 638: loss=0.34715
Epoch 639: loss=0.37259
Epoch 640: loss=0.34749
Epoch 641: loss=0.33419
Epoch 642: loss=0.34100
Epoch 643: loss=0.31270
Epoch 644: loss=0.33082
Epoch 645: loss=0.33944
Epoch 646: loss=0.33878
Epoch 647: loss=0.32273
Epoch 648: loss=0.34971
Epoch 649: loss=0.31432
Epoch 650: loss=0.32868
Epoch 651: loss=0.34828
Epoch 652: loss=0.34311
Epoch 653: loss=0.33405
Epoch 654: loss=0.32258
Epoch 655: loss=0.34832
Epoch 656: loss=0.34910
Epoch 657: loss=0.31586
Epoch 658: loss=0.31981
Epoch 659: loss=0.32979
Epoch 660: loss=0.31911
Epoch 661: loss=0.33229
Epoch 662: loss=0.34490
Epoch 663: loss=0.33153
Epoch 664: loss=0.35637
Epoch 665: loss=0.33172
Epoch 666: loss=0.33133
Epoch 667: loss=0.33915
Epoch 668: loss=0.32014
