/home/venkat/Unreliable_Synaptic_Transmission/Deepti/DOPcodes/dataset/shddataset/
made weight variables and loss histogram
File not present
Uniform distribution initialization for weights
Epoch 1: loss=15.56590
Epoch 2: loss=6.76699
Epoch 3: loss=4.02935
Epoch 4: loss=3.24984
Epoch 5: loss=2.97109
Epoch 6: loss=2.85438
Epoch 7: loss=2.76462
Epoch 8: loss=2.69280
Epoch 9: loss=2.63173
Epoch 10: loss=2.56730
Trained for 10 epochs
Training accuracy: 0.264
Epoch 1: loss=2.51880
Epoch 2: loss=2.46791
Epoch 3: loss=2.41942
Epoch 4: loss=2.37745
Epoch 5: loss=2.34307
Epoch 6: loss=2.30334
Epoch 7: loss=2.26803
Epoch 8: loss=2.23268
Epoch 9: loss=2.21468
Epoch 10: loss=2.18107
Epoch 11: loss=2.15036
Epoch 12: loss=2.11688
Epoch 13: loss=2.09069
Epoch 14: loss=2.07149
Epoch 15: loss=2.05302
Epoch 16: loss=2.02089
Epoch 17: loss=2.00273
Epoch 18: loss=1.97598
Epoch 19: loss=1.95913
Epoch 20: loss=1.94173
Epoch 21: loss=1.91728
Epoch 22: loss=1.89390
Epoch 23: loss=1.87904
Epoch 24: loss=1.85312
Epoch 25: loss=1.84785
Epoch 26: loss=1.82871
Epoch 27: loss=1.81462
Epoch 28: loss=1.79258
Epoch 29: loss=1.77490
Epoch 30: loss=1.75630
Epoch 31: loss=1.74190
Epoch 32: loss=1.73837
Epoch 33: loss=1.71465
Epoch 34: loss=1.69839
Epoch 35: loss=1.67353
Epoch 36: loss=1.66887
Epoch 37: loss=1.65770
Epoch 38: loss=1.63988
Epoch 39: loss=1.62364
Epoch 40: loss=1.61283
Epoch 41: loss=1.59994
Epoch 42: loss=1.58960
Epoch 43: loss=1.57828
Epoch 44: loss=1.56972
Epoch 45: loss=1.55745
Epoch 46: loss=1.54119
Epoch 47: loss=1.53576
Epoch 48: loss=1.51407
Epoch 49: loss=1.50970
Epoch 50: loss=1.49516
Epoch 51: loss=1.48905
Epoch 52: loss=1.47846
Epoch 53: loss=1.46238
Epoch 54: loss=1.45723
Epoch 55: loss=1.44592
Epoch 56: loss=1.43256
Epoch 57: loss=1.42310
Epoch 58: loss=1.41899
Epoch 59: loss=1.41168
Epoch 60: loss=1.40688
Epoch 61: loss=1.38729
Epoch 62: loss=1.37019
Epoch 63: loss=1.36288
Epoch 64: loss=1.35739
Epoch 65: loss=1.33733
Epoch 66: loss=1.33334
Epoch 67: loss=1.32392
Epoch 68: loss=1.32348
Epoch 69: loss=1.31122
Epoch 70: loss=1.30667
Epoch 71: loss=1.30396
Epoch 72: loss=1.29174
Epoch 73: loss=1.27610
Epoch 74: loss=1.26942
Epoch 75: loss=1.26457
Epoch 76: loss=1.24795
Epoch 77: loss=1.24614
Epoch 78: loss=1.24084
Epoch 79: loss=1.23354
Epoch 80: loss=1.22519
Epoch 81: loss=1.21736
Epoch 82: loss=1.21203
Epoch 83: loss=1.20170
Epoch 84: loss=1.19879
Epoch 85: loss=1.18654
Epoch 86: loss=1.17614
Epoch 87: loss=1.17078
Epoch 88: loss=1.17166
Epoch 89: loss=1.15348
Epoch 90: loss=1.14417
Epoch 91: loss=1.13715
Epoch 92: loss=1.13817
Epoch 93: loss=1.12419
Epoch 94: loss=1.12064
Epoch 95: loss=1.12066
Epoch 96: loss=1.11256
Epoch 97: loss=1.09770
Epoch 98: loss=1.09309
Epoch 99: loss=1.09215
Epoch 100: loss=1.08787
Epoch 101: loss=1.07135
Epoch 102: loss=1.06402
Epoch 103: loss=1.05754
Epoch 104: loss=1.05865
Epoch 105: loss=1.05710
Epoch 106: loss=1.04727
Epoch 107: loss=1.03689
Epoch 108: loss=1.02822
Epoch 109: loss=1.02690
Epoch 110: loss=1.02231
Epoch 111: loss=1.01345
Epoch 112: loss=1.00770
Epoch 113: loss=0.99968
Epoch 114: loss=0.99983
Epoch 115: loss=0.99057
Epoch 116: loss=0.98898
Epoch 117: loss=0.98454
Epoch 118: loss=0.97375
Epoch 119: loss=0.96952
Epoch 120: loss=0.96073
Epoch 121: loss=0.95956
Epoch 122: loss=0.94660
Epoch 123: loss=0.94860
Epoch 124: loss=0.93942
Epoch 125: loss=0.93933
Epoch 126: loss=0.93190
Epoch 127: loss=0.92278
Epoch 128: loss=0.91756
Epoch 129: loss=0.91748
Epoch 130: loss=0.90946
Epoch 131: loss=0.90078
Epoch 132: loss=0.90106
Epoch 133: loss=0.89621
Epoch 134: loss=0.88946
Epoch 135: loss=0.88335
Epoch 136: loss=0.88406
Epoch 137: loss=0.87326
Epoch 138: loss=0.87486
Epoch 139: loss=0.87061
Epoch 140: loss=0.86391
Epoch 141: loss=0.85773
Epoch 142: loss=0.85429
Epoch 143: loss=0.84753
Epoch 144: loss=0.84973
Epoch 145: loss=0.84016
Epoch 146: loss=0.83239
Epoch 147: loss=0.82740
Epoch 148: loss=0.82247
Epoch 149: loss=0.81657
Epoch 150: loss=0.81525
Epoch 151: loss=0.81222
Epoch 152: loss=0.80338
Epoch 153: loss=0.81224
Epoch 154: loss=0.80833
Epoch 155: loss=0.79823
Epoch 156: loss=0.79144
Epoch 157: loss=0.79283
Epoch 158: loss=0.78454
Epoch 159: loss=0.78455
Epoch 160: loss=0.77645
Epoch 161: loss=0.77469
Epoch 162: loss=0.78027
Epoch 163: loss=0.76819
Epoch 164: loss=0.77123
Epoch 165: loss=0.76464
Epoch 166: loss=0.75796
Epoch 167: loss=0.75660
Epoch 168: loss=0.75078
Epoch 169: loss=0.75213
Epoch 170: loss=0.74258
Epoch 171: loss=0.74631
Epoch 172: loss=0.73536
Epoch 173: loss=0.72908
Epoch 174: loss=0.73081
Epoch 175: loss=0.73342
Epoch 176: loss=0.72742
Epoch 177: loss=0.72685
Epoch 178: loss=0.71653
Epoch 179: loss=0.71382
Epoch 180: loss=0.70602
Epoch 181: loss=0.71180
Epoch 182: loss=0.71201
Epoch 183: loss=0.70486
Epoch 184: loss=0.70015
Epoch 185: loss=0.70077
Epoch 186: loss=0.69672
Epoch 187: loss=0.69732
Epoch 188: loss=0.69090
Epoch 189: loss=0.68794
Epoch 190: loss=0.68230
Epoch 191: loss=0.67889
Epoch 192: loss=0.67728
Epoch 193: loss=0.67021
Epoch 194: loss=0.67919
Epoch 195: loss=0.67307
Epoch 196: loss=0.66757
Epoch 197: loss=0.65923
Epoch 198: loss=0.65738
Epoch 199: loss=0.65460
Epoch 200: loss=0.65701
Epoch 201: loss=0.65528
Epoch 202: loss=0.65480
Epoch 203: loss=0.65359
Epoch 204: loss=0.64358
Epoch 205: loss=0.64151
Epoch 206: loss=0.63635
Epoch 207: loss=0.63546
Epoch 208: loss=0.63011
Epoch 209: loss=0.62919
Epoch 210: loss=0.63195
Epoch 211: loss=0.62935
Epoch 212: loss=0.62351
Epoch 213: loss=0.63395
Epoch 214: loss=0.62145
Epoch 215: loss=0.62127
Epoch 216: loss=0.61361
Epoch 217: loss=0.61294
Epoch 218: loss=0.61021
Epoch 219: loss=0.61110
Epoch 220: loss=0.60937
Epoch 221: loss=0.60747
Epoch 222: loss=0.60389
Epoch 223: loss=0.59956
Epoch 224: loss=0.59543
Epoch 225: loss=0.59820
Epoch 226: loss=0.59360
Epoch 227: loss=0.59333
Epoch 228: loss=0.58926
Epoch 229: loss=0.59355
Epoch 230: loss=0.58881
Epoch 231: loss=0.58128
Epoch 232: loss=0.58455
Epoch 233: loss=0.57985
Epoch 234: loss=0.58249
Epoch 235: loss=0.57973
Epoch 236: loss=0.57530
Epoch 237: loss=0.57292
Epoch 238: loss=0.56743
Epoch 239: loss=0.56979
Epoch 240: loss=0.56891
Epoch 241: loss=0.56616
Epoch 242: loss=0.56399
Epoch 243: loss=0.56173
Epoch 244: loss=0.55684
Epoch 245: loss=0.55600
Epoch 246: loss=0.55371
Epoch 247: loss=0.54946
Epoch 248: loss=0.55015
Epoch 249: loss=0.54556
Epoch 250: loss=0.54970
Epoch 251: loss=0.54924
Epoch 252: loss=0.54713
Epoch 253: loss=0.53725
Epoch 254: loss=0.54239
Epoch 255: loss=0.54116
Epoch 256: loss=0.53479
Epoch 257: loss=0.53972
Epoch 258: loss=0.53028
Epoch 259: loss=0.53342
Epoch 260: loss=0.53066
Epoch 261: loss=0.53229
Epoch 262: loss=0.52561
Epoch 263: loss=0.52320
Epoch 264: loss=0.52380
Epoch 265: loss=0.52102
Epoch 266: loss=0.51676
Epoch 267: loss=0.51751
Epoch 268: loss=0.51939
Epoch 269: loss=0.51104
Epoch 270: loss=0.50833
Epoch 271: loss=0.50762
Epoch 272: loss=0.50309
Epoch 273: loss=0.50372
Epoch 274: loss=0.50671
Epoch 275: loss=0.50702
Epoch 276: loss=0.50393
Epoch 277: loss=0.50432
Epoch 278: loss=0.49929
Epoch 279: loss=0.49741
Epoch 280: loss=0.49840
Epoch 281: loss=0.49894
Epoch 282: loss=0.49646
Epoch 283: loss=0.49152
Epoch 284: loss=0.48757
Epoch 285: loss=0.49027
Epoch 286: loss=0.48966
Epoch 287: loss=0.48099
Epoch 288: loss=0.48783
Epoch 289: loss=0.48569
Epoch 290: loss=0.48348
Epoch 291: loss=0.47421
Epoch 292: loss=0.47636
Epoch 293: loss=0.47522
Epoch 294: loss=0.47237
Epoch 295: loss=0.47515
Epoch 296: loss=0.47187
Epoch 297: loss=0.47217
Epoch 298: loss=0.46980
Epoch 299: loss=0.46365
Epoch 300: loss=0.46790
Epoch 301: loss=0.46671
Epoch 302: loss=0.46362
Epoch 303: loss=0.46293
Epoch 304: loss=0.45720
Epoch 305: loss=0.45702
Epoch 306: loss=0.46101
Epoch 307: loss=0.45878
Epoch 308: loss=0.45459
Epoch 309: loss=0.45912
Epoch 310: loss=0.45387
Epoch 311: loss=0.44965
Epoch 312: loss=0.45431
Epoch 313: loss=0.45307
Epoch 314: loss=0.44543
Epoch 315: loss=0.44772
Epoch 316: loss=0.44259
Epoch 317: loss=0.44078
Epoch 318: loss=0.44075
Epoch 319: loss=0.43589
Epoch 320: loss=0.44187
Epoch 321: loss=0.43744
Epoch 322: loss=0.43603
Epoch 323: loss=0.43626
Epoch 324: loss=0.43227
Epoch 325: loss=0.43326
Epoch 326: loss=0.43433
Epoch 327: loss=0.42743
Epoch 328: loss=0.42616
Epoch 329: loss=0.42771
Epoch 330: loss=0.42747
Epoch 331: loss=0.42594
Epoch 332: loss=0.42175
Epoch 333: loss=0.41943
Epoch 334: loss=0.42187
Epoch 335: loss=0.41700
Epoch 336: loss=0.41836
Epoch 337: loss=0.41627
Epoch 338: loss=0.41197
Epoch 339: loss=0.41332
Epoch 340: loss=0.41469
Epoch 341: loss=0.41293
Epoch 342: loss=0.41365
Epoch 343: loss=0.40747
Epoch 344: loss=0.40981
Epoch 345: loss=0.40913
Epoch 346: loss=0.40414
Epoch 347: loss=0.40551
Epoch 348: loss=0.39896
Epoch 349: loss=0.40318
Epoch 350: loss=0.40274
Epoch 351: loss=0.40037
Epoch 352: loss=0.40274
Epoch 353: loss=0.39576
Epoch 354: loss=0.39622
Epoch 355: loss=0.39437
Epoch 356: loss=0.39777
Epoch 357: loss=0.39564
Epoch 358: loss=0.39511
Epoch 359: loss=0.39262
Epoch 360: loss=0.39052
Epoch 361: loss=0.39219
Epoch 362: loss=0.39224
Epoch 363: loss=0.38702
Epoch 364: loss=0.38417
Epoch 365: loss=0.38551
Epoch 366: loss=0.38592
Epoch 367: loss=0.38631
Epoch 368: loss=0.38221
Epoch 369: loss=0.38394
Epoch 370: loss=0.37972
Epoch 371: loss=0.38156
Epoch 372: loss=0.38265
Epoch 373: loss=0.37779
Epoch 374: loss=0.37270
Epoch 375: loss=0.37588
Epoch 376: loss=0.36977
Epoch 377: loss=0.37520
Epoch 378: loss=0.37257
Epoch 379: loss=0.37231
Epoch 380: loss=0.37335
Epoch 381: loss=0.37152
Epoch 382: loss=0.36616
Epoch 383: loss=0.36884
Epoch 384: loss=0.36771
Epoch 385: loss=0.36636
Epoch 386: loss=0.36675
Epoch 387: loss=0.35942
Epoch 388: loss=0.36249
Epoch 389: loss=0.36657
Epoch 390: loss=0.35995
Epoch 391: loss=0.36100
Epoch 392: loss=0.35968
Epoch 393: loss=0.35678
Epoch 394: loss=0.35843
Epoch 395: loss=0.35513
Epoch 396: loss=0.35495
Epoch 397: loss=0.35514
Epoch 398: loss=0.35622
Epoch 399: loss=0.35227
Epoch 400: loss=0.35073
Epoch 401: loss=0.34755
Epoch 402: loss=0.34400
Epoch 403: loss=0.34780
Epoch 404: loss=0.34604
Epoch 405: loss=0.34386
Epoch 406: loss=0.34485
Epoch 407: loss=0.34748
Epoch 408: loss=0.34510
Epoch 409: loss=0.34122
Epoch 410: loss=0.33906
Epoch 411: loss=0.33904
Epoch 412: loss=0.33891
Epoch 413: loss=0.34052
Epoch 414: loss=0.33485
Epoch 415: loss=0.33669
Epoch 416: loss=0.33885
Epoch 417: loss=0.33503
Epoch 418: loss=0.33189
Epoch 419: loss=0.33316
Epoch 420: loss=0.33110
Epoch 421: loss=0.32950
Epoch 422: loss=0.33126
Epoch 423: loss=0.32682
Epoch 424: loss=0.32811
Epoch 425: loss=0.32233
Epoch 426: loss=0.32155
Epoch 427: loss=0.32182
Epoch 428: loss=0.32589
Epoch 429: loss=0.31843
Epoch 430: loss=0.32327
Epoch 431: loss=0.31830
Epoch 432: loss=0.31868
Epoch 433: loss=0.31907
Epoch 434: loss=0.31969
Epoch 435: loss=0.31660
Epoch 436: loss=0.31737
Epoch 437: loss=0.31507
Epoch 438: loss=0.31227
Epoch 439: loss=0.31344
Epoch 440: loss=0.31545
Epoch 441: loss=0.30988
Epoch 442: loss=0.31183
Epoch 443: loss=0.31242
Epoch 444: loss=0.30978
Epoch 445: loss=0.30610
Epoch 446: loss=0.31025
Epoch 447: loss=0.30599
Epoch 448: loss=0.30252
Epoch 449: loss=0.30512
Epoch 450: loss=0.30645
Training accuracy: 0.960
Test accuracy: 0.534

File list dumped

Saved in file
[2.518796282429849, 2.467908766961867, 2.4194174120503087, 2.3774493432814077, 2.343073668018464, 2.3033430191778366, 2.268029543661302, 2.23268049763095, 2.2146752495919504, 2.1810728503811743, 2.150362818471847, 2.116881766626912, 2.0906911857666506, 2.0714921682111678, 2.0530179738998413, 2.020894927363242, 2.0027304810862385, 1.9759832774439166, 1.959134344131716, 1.9417261346693961, 1.9172846732601043, 1.8938953799586142, 1.8790401028048607, 1.853115520169658, 1.8478478885466052, 1.828709437001136, 1.8146211985618836, 1.7925809698720132, 1.7748955295931907, 1.7562953002991215, 1.7419001556211902, 1.738367038388406, 1.7146504156051143, 1.6983943946899906, 1.6735289250650713, 1.6688708220758746, 1.6577049186152797, 1.639878334537629, 1.6236441173861105, 1.612826954933905, 1.5999393232407109, 1.5895984326639483, 1.578276103542697, 1.5697233907638057, 1.557446010651127, 1.5411907895918815, 1.5357609987258911, 1.514068192051303, 1.5096957299017137, 1.4951597682891353, 1.489048554051307, 1.4784596197066768, 1.4623820397161669, 1.4572336635281962, 1.4459249165750319, 1.4325558408614127, 1.4231039093386741, 1.4189879048255183, 1.4116848899472145, 1.406877875328064, 1.387288458885685, 1.3701859174236175, 1.3628832371004167, 1.3573901999381282, 1.3373265535600725, 1.3333395719528198, 1.3239186540726693, 1.3234761914899271, 1.311217761808826, 1.3066671663714993, 1.3039580622026998, 1.2917376218303558, 1.2761029351142146, 1.269417662774363, 1.2645670560098463, 1.2479501655024867, 1.246141141460788, 1.2408385545976701, 1.233541638620438, 1.2251900665221676, 1.2173613655951716, 1.2120289071913688, 1.201701783364819, 1.1987865240343156, 1.1865408997381888, 1.1761433039942095, 1.1707789590281825, 1.171662922828428, 1.1534829601164787, 1.1441749699654118, 1.1371475381235923, 1.1381707191467285, 1.1241912611069218, 1.1206410161910518, 1.120660166586599, 1.1125576496124268, 1.0976962774030623, 1.093089101776, 1.0921481309398529, 1.0878737895719466, 1.0713547237457768, 1.0640171400962337, 1.0575439199324577, 1.058650178294028, 1.0570996845922163, 1.0472678542137146, 1.036888812818835, 1.0282223724549817, 1.0268997050100757, 1.022314517728744, 1.013451708901313, 1.007703431190983, 0.9996841646009876, 0.9998265312563989, 0.9905665651444466, 0.9889770976958736, 0.9845427101658236, 0.9737531023640786, 0.9695232972022025, 0.9607345557981922, 0.9595617113574859, 0.9465982490970243, 0.9485975350103071, 0.9394236726145591, 0.9393296587851739, 0.9319005570104045, 0.9227770490031089, 0.9175611792072174, 0.9174794304755426, 0.9094636574868233, 0.9007754345094005, 0.90106435168174, 0.8962081363124232, 0.8894551377142629, 0.8833485207250041, 0.8840578236887532, 0.8732556969888748, 0.8748577064083468, 0.870610817786186, 0.8639082600993495, 0.8577317480118044, 0.8542876724273928, 0.8475308418273926, 0.8497345870540988, 0.8401632059004999, 0.832392575279359, 0.8273962120856008, 0.8224698574312271, 0.8165704877145828, 0.8152518137808769, 0.8122208752939778, 0.8033817775787846, 0.8122395392387144, 0.8083278575251179, 0.7982331668176958, 0.7914435998086007, 0.7928251739471189, 0.7845366385675245, 0.7845510763506736, 0.7764501302473007, 0.7746898724186805, 0.7802742835014097, 0.7681895398324535, 0.7712338432188957, 0.7646392853029312, 0.7579564182989059, 0.7565950289849313, 0.7507849720216566, 0.7521327580175092, 0.7425795562805668, 0.7463097956872755, 0.7353625316773692, 0.7290762393705307, 0.7308139262660858, 0.7334204546866878, 0.7274214529222057, 0.726845589376265, 0.7165279503791563, 0.7138151276496149, 0.7060231393383395, 0.7118035631795083, 0.7120130369740147, 0.7048606161148318, 0.7001502206248622, 0.7007734256405984, 0.6967212480883445, 0.6973184923971852, 0.690901433267901, 0.6879394554322765, 0.6823003945812103, 0.678887298030238, 0.6772805067800707, 0.6702081195769771, 0.6791892205515215, 0.6730652086196407, 0.6675674665358758, 0.6592291805051989, 0.6573848397501053, 0.6545967786542831, 0.6570119184832419, 0.655281662940979, 0.6548019589916352, 0.6535852147686866, 0.6435755183619838, 0.6415064161823641, 0.6363547828889662, 0.6354568658336517, 0.6301142842538895, 0.6291875166277732, 0.6319507110503412, 0.6293500681077281, 0.6235088013833568, 0.6339546422804555, 0.6214477227580163, 0.6212684877457157, 0.6136071239748309, 0.6129382406511614, 0.6102115704167274, 0.61110266177885, 0.6093690203082177, 0.6074669322659892, 0.6038893038226713, 0.5995623171329498, 0.5954334620506533, 0.5982046011955507, 0.5935997251541384, 0.593326558028498, 0.5892611357473558, 0.5935477460584333, 0.5888106986399619, 0.5812801737939158, 0.5845479273026989, 0.5798544787591503, 0.5824903336263472, 0.5797254770032821, 0.575297144151503, 0.5729219307822566, 0.5674273842765439, 0.5697943029865142, 0.5689054862145455, 0.5661564411655549, 0.5639879492021376, 0.5617316442151223, 0.5568390950079887, 0.5560041108439046, 0.5537139119640473, 0.549457501019201, 0.5501518018784062, 0.5455638766288757, 0.5497034788131714, 0.5492413332385402, 0.547125501978782, 0.5372455129700322, 0.542385906942429, 0.5411551037142354, 0.534789054624496, 0.5397206862126628, 0.5302813947200775, 0.5334221307308443, 0.5306635556682464, 0.5322937071323395, 0.5256051382710857, 0.5232047659735526, 0.5237975274362872, 0.5210231763701285, 0.5167583207930287, 0.5175132924510587, 0.5193939468552989, 0.5110427323848971, 0.5083339618098351, 0.5076184455425509, 0.5030897961508843, 0.5037211247028843, 0.5067113041877747, 0.5070231105050733, 0.5039330749742447, 0.504317739317494, 0.49928995966911316, 0.4974136564039415, 0.4984036837854693, 0.4989448247417327, 0.49645834392116917, 0.4915212460102574, 0.487570031035331, 0.49026804008791525, 0.4896565810326607, 0.4809866826380453, 0.4878283940976666, 0.4856869174588111, 0.48347886243174154, 0.474211908155872, 0.47635712835096544, 0.4752154206075976, 0.47236736262998275, 0.4751543681467733, 0.4718717682746149, 0.47217219491158763, 0.4697996925923132, 0.4636471559924464, 0.4679012317811289, 0.4667081506021561, 0.4636249215372147, 0.4629305726097476, 0.45719520411183756, 0.4570214181177078, 0.4610105426080765, 0.4587768739269626, 0.45458870645492305, 0.4591223039934712, 0.45387415251424235, 0.44965088079052584, 0.4543127513700916, 0.45306600870624664, 0.4454331724874435, 0.447716313023721, 0.4425907913715609, 0.44078142123837627, 0.44075472316434305, 0.4358899958672062, 0.441866067148024, 0.4374360115297379, 0.43603417661882216, 0.43625545982391606, 0.43226748416500704, 0.43325856520283607, 0.43432668716676776, 0.4274282878445041, 0.42616134401290645, 0.42770530139246293, 0.42747202419465585, 0.42594467728368696, 0.42175212790889127, 0.4194297175253591, 0.4218739521118902, 0.41700463910256663, 0.41835936711680505, 0.41627033679716047, 0.41196871476788677, 0.4133189945451675, 0.4146876710076486, 0.412926072074521, 0.4136479679615267, 0.40747182888369404, 0.40981161305981295, 0.4091281640914179, 0.4041383554858546, 0.40551398838720015, 0.39895874454129127, 0.4031797435975844, 0.40274282520817173, 0.4003678464120434, 0.40273514005445665, 0.3957552582986893, 0.39622443049184736, 0.3943692724550924, 0.39777288994481486, 0.3956401896092199, 0.39510579839829474, 0.39261954157583173, 0.39051767318479474, 0.39218799721810127, 0.3922425047043831, 0.3870154523080395, 0.38417160703289893, 0.38551425837701364, 0.3859189902582476, 0.3863126837438153, 0.38220606407811564, 0.3839355553350141, 0.379720393688448, 0.3815600525948309, 0.38265447078212617, 0.37779158834488163, 0.3726975590951981, 0.37588273517547116, 0.3697720093111838, 0.3751958983559762, 0.37256744503974915, 0.3723050807752917, 0.37335498871341827, 0.3715151058089349, 0.3661630201724268, 0.36883773149982574, 0.3677132014305361, 0.3663555441364165, 0.36675236302037395, 0.3594233201396081, 0.3624850155845765, 0.366565530338595, 0.3599475997109567, 0.36099906313803887, 0.3596778896547133, 0.35678351117718604, 0.35843246694534053, 0.3551303157883306, 0.35495257185351464, 0.3551400371136204, 0.35622453208892574, 0.35227031957718635, 0.3507330975224895, 0.3475526619342066, 0.343997017029793, 0.34780380322087195, 0.3460416591936542, 0.3438611194010704, 0.34484628804268375, 0.3474849001053841, 0.34509524414616244, 0.34122225642204285, 0.3390644106172746, 0.33903593594028103, 0.33891199961785345, 0.34052184512538297, 0.33485220805291205, 0.33669369355324774, 0.33885097599798636, 0.3350315411244669, 0.33188661836808725, 0.3331644727337745, 0.33109548014979207, 0.3294954328767715, 0.33125901029955956, 0.32682184826943184, 0.32810974024957223, 0.3223264649991066, 0.32155395900049516, 0.3218173682689667, 0.3258876896673633, 0.31842930951426107, 0.3232732520949456, 0.31830254389393714, 0.318682151456033, 0.3190689557983029, 0.3196912561693499, 0.31659611098227963, 0.3173681959029167, 0.31507194330615385, 0.31227042886518663, 0.3134373859051735, 0.3154485321814014, 0.3098821072809158, 0.311834535291118, 0.31241893960583594, 0.30977618405895846, 0.30609550447233264, 0.3102493036177851, 0.3059903017936214, 0.3025233610983818, 0.30512056908299845, 0.30644731560061056]
256 units code and uniform weight stores correctly? 
