/home/venkat/Unreliable_Synaptic_Transmission/Deepti/DOPcodes/SHD_dropout/dataset/shddataset/
made weight variables and loss histogram
Epoch 1: loss=9.96260
Epoch 2: loss=5.19315
Epoch 3: loss=6.10979
Epoch 4: loss=5.27866
Epoch 5: loss=6.97435
Epoch 6: loss=6.33580
Epoch 7: loss=6.70423
Epoch 8: loss=6.15105
Epoch 9: loss=6.91364
Epoch 10: loss=7.53839
Trained for 10 epochs
Training accuracy: 0.050
Epoch 1: loss=7.04729
Epoch 2: loss=11.47148
Epoch 3: loss=13.06634
Epoch 4: loss=14.91552
Epoch 5: loss=17.24489
Epoch 6: loss=19.90675
Epoch 7: loss=17.09401
Epoch 8: loss=18.85644
Epoch 9: loss=17.54599
Epoch 10: loss=20.26880
Epoch 11: loss=22.80168
Epoch 12: loss=26.13804
Epoch 13: loss=25.06339
Epoch 14: loss=28.85039
Epoch 15: loss=26.90065
Epoch 16: loss=28.61332
Epoch 17: loss=25.18959
Epoch 18: loss=30.53553
Epoch 19: loss=33.51730
Epoch 20: loss=39.20372
Epoch 21: loss=39.35460
Epoch 22: loss=38.21444
Epoch 23: loss=32.73888
Epoch 24: loss=37.63401
Epoch 25: loss=48.06518
Epoch 26: loss=39.59264
Epoch 27: loss=48.92605
Epoch 28: loss=31.03551
Epoch 29: loss=32.85992
Epoch 30: loss=45.29896
Epoch 31: loss=40.95611
Epoch 32: loss=44.94212
Epoch 33: loss=41.01206
Epoch 34: loss=50.49767
Epoch 35: loss=33.18796
Epoch 36: loss=49.61833
Epoch 37: loss=50.81096
Epoch 38: loss=35.35461
Epoch 39: loss=44.11969
Epoch 40: loss=69.24545
Epoch 41: loss=66.19193
Epoch 42: loss=63.53648
Epoch 43: loss=59.99587
Epoch 44: loss=47.88080
Epoch 45: loss=51.43542
Epoch 46: loss=49.52826
Epoch 47: loss=45.98336
Epoch 48: loss=50.80510
Epoch 49: loss=44.40759
Epoch 50: loss=44.57841
Epoch 51: loss=38.63273
Epoch 52: loss=61.86402
Epoch 53: loss=53.41226
Epoch 54: loss=48.06842
Epoch 55: loss=57.16063
Epoch 56: loss=59.90540
Epoch 57: loss=47.72596
Epoch 58: loss=45.66232
Epoch 59: loss=40.91286
Epoch 60: loss=50.33617
Epoch 61: loss=49.83360
Epoch 62: loss=48.02625
Epoch 63: loss=45.81826
Epoch 64: loss=56.79788
Epoch 65: loss=74.12954
Epoch 66: loss=64.07800
Epoch 67: loss=78.15932
Epoch 68: loss=69.50332
Epoch 69: loss=54.29887
Epoch 70: loss=59.41425
Epoch 71: loss=64.50293
Epoch 72: loss=53.65367
Epoch 73: loss=76.79104
Epoch 74: loss=53.87021
Epoch 75: loss=51.63917
Epoch 76: loss=56.01645
Epoch 77: loss=68.65233
Epoch 78: loss=64.28756
Epoch 79: loss=52.77349
Epoch 80: loss=59.87525
Epoch 81: loss=81.89627
Epoch 82: loss=74.88083
Epoch 83: loss=76.06997
Epoch 84: loss=84.70902
Epoch 85: loss=87.92295
Epoch 86: loss=80.47298
Epoch 87: loss=68.42177
Epoch 88: loss=60.50683
Epoch 89: loss=83.28096
Epoch 90: loss=78.47435
Epoch 91: loss=51.51629
Epoch 92: loss=64.56350
Epoch 93: loss=84.01859
Epoch 94: loss=66.03030
Epoch 95: loss=56.36603
Epoch 96: loss=94.87628
Epoch 97: loss=73.50900
Epoch 98: loss=72.33852
Epoch 99: loss=101.12743
Epoch 100: loss=61.63714
Epoch 101: loss=70.79187
Epoch 102: loss=87.70077
Epoch 103: loss=54.74314
Epoch 104: loss=71.26848
Epoch 105: loss=80.76664
Epoch 106: loss=90.64335
Epoch 107: loss=98.60714
Epoch 108: loss=86.67306
Epoch 109: loss=77.55369
Epoch 110: loss=81.42588
Epoch 111: loss=81.17548
Epoch 112: loss=70.99329
Epoch 113: loss=102.90912
Epoch 114: loss=88.49862
Epoch 115: loss=78.59541
Epoch 116: loss=82.00615
Epoch 117: loss=67.27166
Epoch 118: loss=91.71905
Epoch 119: loss=111.33870
Epoch 120: loss=79.95477
Epoch 121: loss=81.66825
Epoch 122: loss=77.45811
Epoch 123: loss=92.07509
Epoch 124: loss=84.40842
Epoch 125: loss=61.23364
Epoch 126: loss=90.09784
Epoch 127: loss=104.13631
Epoch 128: loss=97.54007
Epoch 129: loss=84.65315
Epoch 130: loss=67.30103
Epoch 131: loss=122.61455
Epoch 132: loss=67.99554
Epoch 133: loss=101.87307
Epoch 134: loss=92.33449
Epoch 135: loss=82.91565
Epoch 136: loss=100.68596
Epoch 137: loss=88.33281
Epoch 138: loss=73.38231
Epoch 139: loss=67.90181
Epoch 140: loss=90.77619
Epoch 141: loss=78.30792
Epoch 142: loss=96.23316
Epoch 143: loss=74.48637
Epoch 144: loss=130.15032
Epoch 145: loss=81.70948
Epoch 146: loss=99.74306
Epoch 147: loss=94.08819
Epoch 148: loss=78.23783
Epoch 149: loss=73.83632
Epoch 150: loss=80.90963
Epoch 151: loss=99.95094
Epoch 152: loss=79.60741
Epoch 153: loss=103.44657
Epoch 154: loss=85.33248
Epoch 155: loss=97.26046
Epoch 156: loss=113.51985
Epoch 157: loss=92.12465
Epoch 158: loss=110.34816
Epoch 159: loss=109.05059
Epoch 160: loss=88.51593
Epoch 161: loss=77.44512
Epoch 162: loss=93.48294
Epoch 163: loss=63.52953
Epoch 164: loss=123.29166
Epoch 165: loss=97.42753
Epoch 166: loss=92.58548
Epoch 167: loss=83.92749
Epoch 168: loss=152.38276
Epoch 169: loss=86.34149
Epoch 170: loss=91.11195
Epoch 171: loss=95.45276
Epoch 172: loss=82.24720
Epoch 173: loss=107.10981
Epoch 174: loss=109.75459
Epoch 175: loss=102.31669
Epoch 176: loss=87.25426
Epoch 177: loss=131.51733
Epoch 178: loss=116.68142
Epoch 179: loss=108.11974
Epoch 180: loss=104.00289
Epoch 181: loss=104.67298
Epoch 182: loss=100.72100
Epoch 183: loss=102.29581
Epoch 184: loss=83.47606
Epoch 185: loss=139.29125
Epoch 186: loss=90.17316
Epoch 187: loss=81.89223
Epoch 188: loss=100.38710
Epoch 189: loss=83.10051
Epoch 190: loss=84.17225
Epoch 191: loss=98.30176
Epoch 192: loss=93.78292
Epoch 193: loss=116.97670
Epoch 194: loss=94.23004
Epoch 195: loss=103.25455
Epoch 196: loss=87.15381
Epoch 197: loss=89.35937
Epoch 198: loss=91.31345
Epoch 199: loss=93.66474
Epoch 200: loss=115.52715
Epoch 201: loss=126.68799
Epoch 202: loss=118.85148
Epoch 203: loss=111.35990
Epoch 204: loss=92.67617
Epoch 205: loss=78.83641
Epoch 206: loss=112.03773
Epoch 207: loss=165.47667
Epoch 208: loss=130.34062
Epoch 209: loss=124.82304
Epoch 210: loss=126.39050
Epoch 211: loss=115.42186
Epoch 212: loss=110.37319
Epoch 213: loss=110.11654
Epoch 214: loss=115.91447
Epoch 215: loss=98.38761
Epoch 216: loss=132.22503
Epoch 217: loss=96.98997
Epoch 218: loss=109.56801
Epoch 219: loss=85.22330
Epoch 220: loss=97.62477
Epoch 221: loss=103.30373
Epoch 222: loss=90.37036
Epoch 223: loss=84.86531
Epoch 224: loss=112.16735
Epoch 225: loss=103.01104
Epoch 226: loss=103.75576
Epoch 227: loss=118.84307
Epoch 228: loss=76.15646
Epoch 229: loss=189.75519
Epoch 230: loss=102.94041
Epoch 231: loss=94.70322
Epoch 232: loss=129.85972
Epoch 233: loss=120.77683
Epoch 234: loss=107.41811
Epoch 235: loss=76.78986
Epoch 236: loss=94.06792
Epoch 237: loss=128.86737
Epoch 238: loss=100.43927
Epoch 239: loss=150.83687
Epoch 240: loss=106.72533
Epoch 241: loss=100.78927
Epoch 242: loss=139.88015
Epoch 243: loss=94.25196
Epoch 244: loss=132.82126
Epoch 245: loss=175.15883
Epoch 246: loss=105.89112
Epoch 247: loss=119.98742
Epoch 248: loss=125.24055
Epoch 249: loss=141.29030
Epoch 250: loss=129.51175
Epoch 251: loss=108.59604
Epoch 252: loss=87.52802
Epoch 253: loss=125.05436
Epoch 254: loss=81.72039
Epoch 255: loss=132.18034
Epoch 256: loss=78.50361
Epoch 257: loss=88.84467
Epoch 258: loss=127.16681
Epoch 259: loss=108.76758
Epoch 260: loss=283.10800
Epoch 261: loss=190.06951
Epoch 262: loss=113.02042
Epoch 263: loss=93.36815
Epoch 264: loss=120.87969
Epoch 265: loss=121.16796
Epoch 266: loss=103.75309
Epoch 267: loss=156.56898
Epoch 268: loss=122.27803
Epoch 269: loss=143.91898
Epoch 270: loss=106.63802
Epoch 271: loss=140.18720
Epoch 272: loss=151.98245
Epoch 273: loss=142.61479
Epoch 274: loss=92.63190
Epoch 275: loss=102.51857
Epoch 276: loss=106.63187
Epoch 277: loss=138.05454
Epoch 278: loss=101.40328
Epoch 279: loss=141.07177
Epoch 280: loss=118.41249
Epoch 281: loss=93.68036
Epoch 282: loss=106.52714
Epoch 283: loss=111.46492
Epoch 284: loss=129.70054
Epoch 285: loss=123.54066
Epoch 286: loss=141.55556
Epoch 287: loss=90.91198
Epoch 288: loss=136.53436
Epoch 289: loss=120.12602
Epoch 290: loss=108.82733
Epoch 291: loss=113.98419
Epoch 292: loss=145.56116
Epoch 293: loss=115.00726
Epoch 294: loss=109.29888
Epoch 295: loss=106.35013
Epoch 296: loss=126.93562
Epoch 297: loss=134.88840
Epoch 298: loss=119.15296
Epoch 299: loss=99.39610
Epoch 300: loss=117.85659
Epoch 301: loss=104.53966
Epoch 302: loss=126.71739
Epoch 303: loss=181.70042
Epoch 304: loss=144.23001
Epoch 305: loss=116.46540
Epoch 306: loss=109.48429
Epoch 307: loss=119.84223
Epoch 308: loss=176.64346
Epoch 309: loss=127.07633
Epoch 310: loss=149.61749
Epoch 311: loss=110.43141
testff128_dropweights.py:266: UserWarning: To copy construct from a tensor, it is recommended to use sourceTensor.clone().detach() or sourceTensor.clone().detach().requires_grad_(True), rather than torch.tensor(sourceTensor).
  d1 = torch.tensor(ber1.sample(w1size)).to(device)
testff128_dropweights.py:267: UserWarning: To copy construct from a tensor, it is recommended to use sourceTensor.clone().detach() or sourceTensor.clone().detach().requires_grad_(True), rather than torch.tensor(sourceTensor).
  d2 = torch.tensor(ber2.sample(w2size)).to(device)
testff128_dropweights.py:269: UserWarning: To copy construct from a tensor, it is recommended to use sourceTensor.clone().detach() or sourceTensor.clone().detach().requires_grad_(True), rather than torch.tensor(sourceTensor).
  dropw1 = torch.tensor(dropw1 ,requires_grad = True,dtype = datatype ).to(device)
testff128_dropweights.py:271: UserWarning: To copy construct from a tensor, it is recommended to use sourceTensor.clone().detach() or sourceTensor.clone().detach().requires_grad_(True), rather than torch.tensor(sourceTensor).
  dropw2 = torch.tensor(dropw2 ,requires_grad = True,dtype = datatype ).to(device)
Epoch 312: loss=89.89851
Epoch 313: loss=105.25657
Epoch 314: loss=145.33343
Epoch 315: loss=114.01199
Epoch 316: loss=94.76224
Epoch 317: loss=112.65577
Epoch 318: loss=133.36793
Epoch 319: loss=206.67608
Epoch 320: loss=118.32284
Epoch 321: loss=105.69252
Epoch 322: loss=89.53887
Epoch 323: loss=123.42299
Epoch 324: loss=162.05362
Epoch 325: loss=111.69940
Epoch 326: loss=103.54320
Epoch 327: loss=190.68830
Epoch 328: loss=169.31155
Epoch 329: loss=157.75806
Epoch 330: loss=106.16545
Epoch 331: loss=219.76223
Epoch 332: loss=106.06934
Epoch 333: loss=191.62700
Epoch 334: loss=153.59939
Epoch 335: loss=115.72386
Epoch 336: loss=136.33689
Epoch 337: loss=150.91937
Epoch 338: loss=121.12115
Epoch 339: loss=96.48244
Epoch 340: loss=98.45246
Epoch 341: loss=147.50639
Epoch 342: loss=125.69794
Epoch 343: loss=106.52320
Epoch 344: loss=106.48533
Epoch 345: loss=142.28412
Epoch 346: loss=113.71128
Epoch 347: loss=137.86786
Epoch 348: loss=143.00550
Epoch 349: loss=165.23051
Epoch 350: loss=163.63398
Epoch 351: loss=121.38921
Epoch 352: loss=123.87034
Epoch 353: loss=107.29798
Epoch 354: loss=166.14331
Epoch 355: loss=83.53951
Epoch 356: loss=139.21279
Epoch 357: loss=115.72823
Epoch 358: loss=215.72560
Epoch 359: loss=270.42318
Epoch 360: loss=111.92379
Epoch 361: loss=116.38536
Epoch 362: loss=142.63496
Epoch 363: loss=117.32491
Epoch 364: loss=149.49055
Epoch 365: loss=97.46536
Epoch 366: loss=115.22441
Epoch 367: loss=149.27457
Epoch 368: loss=140.96256
Epoch 369: loss=144.78816
Epoch 370: loss=117.42095
Epoch 371: loss=162.70229
Epoch 372: loss=391.63201
Epoch 373: loss=185.43691
Epoch 374: loss=144.07793
Epoch 375: loss=197.24626
Epoch 376: loss=118.81249
Epoch 377: loss=136.21965
Epoch 378: loss=171.62313
Epoch 379: loss=114.57909
Epoch 380: loss=171.19757
Epoch 381: loss=141.72541
Epoch 382: loss=180.81831
Epoch 383: loss=131.12607
Epoch 384: loss=154.97039
Epoch 385: loss=120.69340
Epoch 386: loss=124.92105
Epoch 387: loss=168.36040
Epoch 388: loss=122.17052
Epoch 389: loss=162.17405
Epoch 390: loss=187.36953
Epoch 391: loss=128.73946
Epoch 392: loss=169.05247
Epoch 393: loss=168.00470
Epoch 394: loss=223.80981
Epoch 395: loss=169.59997
Epoch 396: loss=174.77943
Epoch 397: loss=151.84564
Epoch 398: loss=154.56005
Epoch 399: loss=140.28532
Epoch 400: loss=95.81634
Epoch 401: loss=130.90144
Epoch 402: loss=199.90402
Epoch 403: loss=114.82213
Epoch 404: loss=126.61910
Epoch 405: loss=164.47603
Epoch 406: loss=202.08932
Epoch 407: loss=134.53876
Epoch 408: loss=180.79808
Epoch 409: loss=185.25921
Epoch 410: loss=163.25063
Epoch 411: loss=134.99713
Epoch 412: loss=223.93425
Epoch 413: loss=159.17184
Epoch 414: loss=217.21399
Epoch 415: loss=228.83662
Epoch 416: loss=153.14527
Epoch 417: loss=144.35958
Epoch 418: loss=121.86515
Epoch 419: loss=189.81862
Epoch 420: loss=147.41142
Epoch 421: loss=117.29833
Epoch 422: loss=138.21605
Epoch 423: loss=156.35770
Epoch 424: loss=239.91716
Epoch 425: loss=127.18131
Epoch 426: loss=122.64992
Epoch 427: loss=137.54447
Epoch 428: loss=136.87558
Epoch 429: loss=127.07005
Epoch 430: loss=164.75476
Epoch 431: loss=111.95549
Epoch 432: loss=118.14941
Epoch 433: loss=128.19188
Epoch 434: loss=163.78200
Epoch 435: loss=186.22663
Epoch 436: loss=202.99766
Epoch 437: loss=172.36904
Epoch 438: loss=167.69013
Epoch 439: loss=144.79600
Epoch 440: loss=136.50520
Epoch 441: loss=178.46181
Epoch 442: loss=151.02677
Epoch 443: loss=139.83189
Epoch 444: loss=128.75056
Epoch 445: loss=145.65283
Epoch 446: loss=124.09690
Epoch 447: loss=170.43503
Epoch 448: loss=136.16459
Epoch 449: loss=123.75482
Epoch 450: loss=260.21105
Epoch 451: loss=126.91498
Epoch 452: loss=141.50465
Epoch 453: loss=169.24595
Epoch 454: loss=206.64194
Epoch 455: loss=145.21072
Epoch 456: loss=175.40685
Epoch 457: loss=146.58621
Epoch 458: loss=152.91952
Epoch 459: loss=124.34316
Epoch 460: loss=112.13036
Epoch 461: loss=118.26530
Epoch 462: loss=122.62184
Epoch 463: loss=118.72629
Epoch 464: loss=112.91006
Epoch 465: loss=163.31391
Epoch 466: loss=164.92309
Epoch 467: loss=145.99338
Epoch 468: loss=181.05151
Epoch 469: loss=145.50501
Epoch 470: loss=146.86824
Epoch 471: loss=243.86573
Epoch 472: loss=150.80800
Epoch 473: loss=158.86464
Epoch 474: loss=150.88980
Epoch 475: loss=215.44590
Epoch 476: loss=344.77264
Epoch 477: loss=186.80425
Epoch 478: loss=179.10697
Epoch 479: loss=192.09556
Epoch 480: loss=236.66197
Epoch 481: loss=185.47846
Epoch 482: loss=131.53781
Epoch 483: loss=178.17117
Epoch 484: loss=147.15724
Epoch 485: loss=179.06476
Epoch 486: loss=177.06177
Epoch 487: loss=176.77245
Epoch 488: loss=119.12022
Epoch 489: loss=260.80078
Epoch 490: loss=192.36285
Epoch 491: loss=161.13411
Epoch 492: loss=153.55487
Epoch 493: loss=148.58239
Epoch 494: loss=121.07395
Epoch 495: loss=206.23765
Epoch 496: loss=155.89746
Epoch 497: loss=199.87478
Epoch 498: loss=185.88891
Epoch 499: loss=151.80590
Epoch 500: loss=148.53994
Training accuracy: 0.050
Test accuracy: 0.051

File list dumped

Saved in file
