/home/venkat/Unreliable_Synaptic_Transmission/Deepti/DOPcodes/SHD_dropout/dataset/shddataset/
made weight variables and loss histogram
The file is present.
Epoch 1: loss=10.30039
Epoch 2: loss=10.35236
Epoch 3: loss=10.66635
Epoch 4: loss=10.48843
Epoch 5: loss=10.26166
Epoch 6: loss=10.52726
Epoch 7: loss=10.54576
Epoch 8: loss=10.42147
Epoch 9: loss=10.23818
Epoch 10: loss=10.36150
Trained for 10 epochs
Training accuracy: 0.054
Epoch 1: loss=2.75743
Epoch 2: loss=2.77304
Epoch 3: loss=2.75081
Epoch 4: loss=2.74085
Epoch 5: loss=2.74461
Epoch 6: loss=2.73845
Epoch 7: loss=2.79153
Epoch 8: loss=2.74878
Epoch 9: loss=2.78907
Epoch 10: loss=2.73935
Epoch 11: loss=2.77990
Epoch 12: loss=2.73282
Epoch 13: loss=2.75041
Epoch 14: loss=2.73225
Epoch 15: loss=2.75199
Epoch 16: loss=2.75900
Epoch 17: loss=2.76249
Epoch 18: loss=2.75036
Epoch 19: loss=2.72858
Epoch 20: loss=2.73980
Epoch 21: loss=2.77260
Epoch 22: loss=2.72997
Epoch 23: loss=2.70396
Epoch 24: loss=2.70897
Epoch 25: loss=2.74577
Epoch 26: loss=2.74338
Epoch 27: loss=2.72833
Epoch 28: loss=2.73634
Epoch 29: loss=2.72346
Epoch 30: loss=2.73192
Epoch 31: loss=2.73523
Epoch 32: loss=2.74921
Epoch 33: loss=2.75926
Epoch 34: loss=2.73696
Epoch 35: loss=2.75591
Epoch 36: loss=2.73284
Epoch 37: loss=2.75277
Epoch 38: loss=2.74247
Epoch 39: loss=2.76498
Epoch 40: loss=2.74104
Epoch 41: loss=2.76129
Epoch 42: loss=2.72158
Epoch 43: loss=2.73861
Epoch 44: loss=2.72786
Epoch 45: loss=2.73454
Epoch 46: loss=2.74839
Epoch 47: loss=2.75794
Epoch 48: loss=2.74401
Epoch 49: loss=2.73234
Epoch 50: loss=2.74816
Epoch 51: loss=2.75855
Epoch 52: loss=2.76289
Epoch 53: loss=2.73029
Epoch 54: loss=2.73231
Epoch 55: loss=2.74147
Epoch 56: loss=2.72727
Epoch 57: loss=2.76472
Epoch 58: loss=2.76983
Epoch 59: loss=2.74223
Epoch 60: loss=2.72799
Epoch 61: loss=2.75614
Epoch 62: loss=2.73556
Epoch 63: loss=2.75839
Epoch 64: loss=2.77408
Epoch 65: loss=2.73833
Epoch 66: loss=2.73091
Epoch 67: loss=2.72541
Epoch 68: loss=2.70582
Epoch 69: loss=2.70991
Epoch 70: loss=2.71080
Epoch 71: loss=2.74120
Epoch 72: loss=2.75780
Epoch 73: loss=2.71581
Epoch 74: loss=2.71821
Epoch 75: loss=2.73242
Epoch 76: loss=2.75351
Epoch 77: loss=2.73804
Epoch 78: loss=2.77430
Epoch 79: loss=2.75796
Epoch 80: loss=2.71229
Epoch 81: loss=2.79026
Epoch 82: loss=2.72271
Epoch 83: loss=2.72560
Epoch 84: loss=2.74302
Epoch 85: loss=2.74636
Epoch 86: loss=2.77717
Epoch 87: loss=2.74773
Epoch 88: loss=2.74551
Epoch 89: loss=2.75427
Epoch 90: loss=2.78706
Epoch 91: loss=2.75903
Epoch 92: loss=2.73673
Epoch 93: loss=2.72173
Epoch 94: loss=2.75193
Epoch 95: loss=2.71724
Epoch 96: loss=2.73520
Epoch 97: loss=2.69818
Epoch 98: loss=2.71500
Epoch 99: loss=2.72715
Epoch 100: loss=2.72862
Epoch 101: loss=2.73743
Epoch 102: loss=2.76885
Epoch 103: loss=2.71993
Epoch 104: loss=2.75939
Epoch 105: loss=2.73948
Epoch 106: loss=2.73378
Epoch 107: loss=2.74460
Epoch 108: loss=2.73615
Epoch 109: loss=2.74432
Epoch 110: loss=2.74646
Epoch 111: loss=2.75657
Epoch 112: loss=2.73568
Epoch 113: loss=2.75441
Epoch 114: loss=2.73030
Epoch 115: loss=2.78044
Epoch 116: loss=2.71632
Epoch 117: loss=2.74063
Epoch 118: loss=2.75155
Epoch 119: loss=2.74274
Epoch 120: loss=2.74718
Epoch 121: loss=2.74929
Epoch 122: loss=2.74795
Epoch 123: loss=2.74130
Epoch 124: loss=2.75982
Epoch 125: loss=2.77981
Epoch 126: loss=2.72915
Epoch 127: loss=2.76299
Epoch 128: loss=2.78200
Epoch 129: loss=2.73474
Epoch 130: loss=2.74946
Epoch 131: loss=2.74465
Epoch 132: loss=2.72838
Epoch 133: loss=2.73317
Epoch 134: loss=2.72770
Epoch 135: loss=2.71824
Epoch 136: loss=2.72805
Epoch 137: loss=2.74139
Epoch 138: loss=2.73398
Epoch 139: loss=2.71907
Epoch 140: loss=2.71238
Epoch 141: loss=2.71562
Epoch 142: loss=2.75685
Epoch 143: loss=2.72482
Epoch 144: loss=2.70732
Epoch 145: loss=2.73528
Epoch 146: loss=2.71526
Epoch 147: loss=2.78180
Epoch 148: loss=2.71097
Epoch 149: loss=2.73957
Epoch 150: loss=2.72332
Epoch 151: loss=2.72637
Epoch 152: loss=2.73475
Epoch 153: loss=2.74226
Epoch 154: loss=2.73544
Epoch 155: loss=2.75088
Epoch 156: loss=2.72035
Epoch 157: loss=2.74171
Epoch 158: loss=2.72802
Epoch 159: loss=2.75232
Epoch 160: loss=2.75494
Epoch 161: loss=2.72505
Epoch 162: loss=2.73402
Epoch 163: loss=2.73089
Epoch 164: loss=2.75312
Epoch 165: loss=2.77595
Epoch 166: loss=2.72285
Epoch 167: loss=2.73276
Epoch 168: loss=2.71008
Epoch 169: loss=2.72732
Epoch 170: loss=2.76369
Epoch 171: loss=2.77139
Epoch 172: loss=2.74686
Epoch 173: loss=2.74153
Epoch 174: loss=2.76682
Epoch 175: loss=2.72985
Epoch 176: loss=2.80576
Epoch 177: loss=2.77575
Epoch 178: loss=2.73158
Epoch 179: loss=2.72256
Epoch 180: loss=2.72224
Epoch 181: loss=2.75001
Epoch 182: loss=2.76869
Epoch 183: loss=2.72487
Epoch 184: loss=2.74555
Epoch 185: loss=2.72370
Epoch 186: loss=2.73101
Epoch 187: loss=2.75771
Epoch 188: loss=2.74203
Epoch 189: loss=2.74063
Epoch 190: loss=2.75019
Epoch 191: loss=2.76991
Epoch 192: loss=2.75726
Epoch 193: loss=2.77820
Epoch 194: loss=2.73273
Epoch 195: loss=2.73118
Epoch 196: loss=2.73723
Epoch 197: loss=2.75904
Epoch 198: loss=2.74861
Epoch 199: loss=2.76111
Epoch 200: loss=2.75351
Epoch 201: loss=2.71570
Epoch 202: loss=2.75674
Epoch 203: loss=2.71840
Epoch 204: loss=2.76156
Epoch 205: loss=2.73818
Epoch 206: loss=2.71077
Epoch 207: loss=2.74876
Epoch 208: loss=2.73089
Epoch 209: loss=2.75394
Epoch 210: loss=2.74715
Epoch 211: loss=2.72573
Epoch 212: loss=2.75903
Epoch 213: loss=2.72672
Epoch 214: loss=2.74583
Epoch 215: loss=2.75508
Epoch 216: loss=2.76433
Epoch 217: loss=2.73715
Epoch 218: loss=2.74957
Epoch 219: loss=2.76695
Epoch 220: loss=2.75595
Epoch 221: loss=2.74659
Epoch 222: loss=2.77016
Epoch 223: loss=2.72763
Epoch 224: loss=2.73219
Epoch 225: loss=2.73265
Epoch 226: loss=2.75568
Epoch 227: loss=2.73459
Epoch 228: loss=2.73431
Epoch 229: loss=2.73939
Epoch 230: loss=2.75975
Epoch 231: loss=2.74397
Epoch 232: loss=2.72486
Epoch 233: loss=2.72254
Epoch 234: loss=2.72643
Epoch 235: loss=2.72856
Epoch 236: loss=2.73861
Epoch 237: loss=2.72566
Epoch 238: loss=2.73061
Epoch 239: loss=2.75224
Epoch 240: loss=2.68958
Epoch 241: loss=2.74167
Epoch 242: loss=2.73949
Epoch 243: loss=2.73377
Epoch 244: loss=2.72243
Epoch 245: loss=2.70809
Epoch 246: loss=2.74089
Epoch 247: loss=2.79086
Epoch 248: loss=2.73713
Epoch 249: loss=2.75771
Epoch 250: loss=2.73240
Epoch 251: loss=2.72221
Epoch 252: loss=2.72741
Epoch 253: loss=2.74920
Epoch 254: loss=2.72194
Epoch 255: loss=2.75636
Epoch 256: loss=2.73601
Epoch 257: loss=2.71669
Epoch 258: loss=2.76155
Epoch 259: loss=2.73207
Epoch 260: loss=2.74639
Epoch 261: loss=2.74328
Epoch 262: loss=2.74744
Epoch 263: loss=2.74780
Epoch 264: loss=2.73351
Epoch 265: loss=2.72767
Epoch 266: loss=2.73219
Epoch 267: loss=2.71700
Epoch 268: loss=2.73688
Epoch 269: loss=2.72689
Epoch 270: loss=2.79443
Epoch 271: loss=2.73791
Epoch 272: loss=2.74158
Epoch 273: loss=2.73788
Epoch 274: loss=2.73880
Epoch 275: loss=2.74698
Epoch 276: loss=2.74114
Epoch 277: loss=2.71829
Epoch 278: loss=2.73711
Epoch 279: loss=2.76860
Epoch 280: loss=2.78026
Epoch 281: loss=2.73063
Epoch 282: loss=2.73690
Epoch 283: loss=2.74633
Epoch 284: loss=2.73409
Epoch 285: loss=2.73641
Epoch 286: loss=2.71782
Epoch 287: loss=2.79369
Epoch 288: loss=2.74056
Epoch 289: loss=2.75734
Epoch 290: loss=2.72925
Epoch 291: loss=2.72418
Epoch 292: loss=2.75051
Epoch 293: loss=2.73866
Epoch 294: loss=2.76437
Epoch 295: loss=2.77600
Epoch 296: loss=2.75974
Epoch 297: loss=2.74156
Epoch 298: loss=2.74143
Epoch 299: loss=2.76015
Epoch 300: loss=2.74674
Epoch 301: loss=2.76697
Epoch 302: loss=2.74126
Epoch 303: loss=2.72025
Epoch 304: loss=2.73625
Epoch 305: loss=2.74977
Epoch 306: loss=2.72805
Epoch 307: loss=2.75390
Epoch 308: loss=2.72639
Epoch 309: loss=2.72981
Epoch 310: loss=2.74551
Epoch 311: loss=2.75171
Epoch 312: loss=2.71049
Epoch 313: loss=2.74248
Epoch 314: loss=2.74485
Epoch 315: loss=2.73245
Epoch 316: loss=2.75095
Epoch 317: loss=2.73391
Epoch 318: loss=2.72088
Epoch 319: loss=2.72109
Epoch 320: loss=2.74926
Epoch 321: loss=2.75750
Epoch 322: loss=2.71236
Epoch 323: loss=2.73602
Epoch 324: loss=2.75651
Epoch 325: loss=2.74336
Epoch 326: loss=2.73494
Epoch 327: loss=2.76944
Epoch 328: loss=2.71389
Epoch 329: loss=2.72815
Epoch 330: loss=2.74963
Epoch 331: loss=2.74617
Epoch 332: loss=2.73299
Epoch 333: loss=2.76355
Epoch 334: loss=2.76067
Epoch 335: loss=2.70963
Epoch 336: loss=2.73663
Epoch 337: loss=2.72790
Epoch 338: loss=2.74836
Epoch 339: loss=2.73852
Epoch 340: loss=2.75974
Epoch 341: loss=2.73763
Epoch 342: loss=2.76216
Epoch 343: loss=2.72598
Epoch 344: loss=2.75389
Epoch 345: loss=2.73278
Epoch 346: loss=2.70436
Epoch 347: loss=2.74156
Epoch 348: loss=2.72299
Epoch 349: loss=2.74673
Epoch 350: loss=2.74693
Epoch 351: loss=2.72228
Epoch 352: loss=2.71406
Epoch 353: loss=2.75563
Epoch 354: loss=2.75825
Epoch 355: loss=2.74254
Epoch 356: loss=2.74469
Epoch 357: loss=2.72769
Epoch 358: loss=2.76662
Epoch 359: loss=2.70959
Epoch 360: loss=2.76869
Epoch 361: loss=2.75269
Epoch 362: loss=2.71614
Epoch 363: loss=2.73551
Epoch 364: loss=2.73578
Epoch 365: loss=2.74831
Epoch 366: loss=2.75499
Epoch 367: loss=2.74994
Epoch 368: loss=2.74857
Epoch 369: loss=2.73607
Epoch 370: loss=2.72291
Epoch 371: loss=2.75963
Epoch 372: loss=2.72124
Epoch 373: loss=2.77215
Epoch 374: loss=2.73412
Epoch 375: loss=2.73982
Epoch 376: loss=2.73515
Epoch 377: loss=2.73765
Epoch 378: loss=2.74474
Epoch 379: loss=2.74475
Epoch 380: loss=2.72847
Epoch 381: loss=2.74071
Epoch 382: loss=2.75065
Epoch 383: loss=2.74703
Epoch 384: loss=2.75446
Epoch 385: loss=2.73814
Epoch 386: loss=2.74720
Epoch 387: loss=2.72737
Epoch 388: loss=2.73371
Epoch 389: loss=2.72178
Epoch 390: loss=2.72909
Epoch 391: loss=2.73387
Epoch 392: loss=2.74274
Epoch 393: loss=2.72423
Epoch 394: loss=2.74414
Epoch 395: loss=2.74247
Epoch 396: loss=2.70102
Epoch 397: loss=2.76516
Epoch 398: loss=2.73973
Epoch 399: loss=2.75087
Epoch 400: loss=2.73987
Epoch 401: loss=2.77046
Epoch 402: loss=2.76597
Epoch 403: loss=2.73703
Epoch 404: loss=2.70595
Epoch 405: loss=2.77191
Epoch 406: loss=2.73955
Epoch 407: loss=2.75287
Epoch 408: loss=2.73145
Epoch 409: loss=2.75102
Epoch 410: loss=2.73412
Epoch 411: loss=2.75276
Epoch 412: loss=2.76123
Epoch 413: loss=2.72863
Epoch 414: loss=2.74839
Epoch 415: loss=2.75920
Epoch 416: loss=2.73283
Epoch 417: loss=2.75668
Epoch 418: loss=2.76046
Epoch 419: loss=2.73290
Epoch 420: loss=2.73269
Epoch 421: loss=2.73239
Epoch 422: loss=2.74304
Epoch 423: loss=2.74625
Epoch 424: loss=2.73310
Epoch 425: loss=2.74163
Epoch 426: loss=2.73166
Epoch 427: loss=2.73393
Epoch 428: loss=2.73856
Epoch 429: loss=2.71232
Epoch 430: loss=2.72501
Epoch 431: loss=2.75391
Epoch 432: loss=2.72102
Epoch 433: loss=2.72315
Epoch 434: loss=2.74896
Epoch 435: loss=2.73382
Epoch 436: loss=2.73769
Epoch 437: loss=2.73436
Epoch 438: loss=2.74518
Epoch 439: loss=2.72555
Epoch 440: loss=2.73051
Epoch 441: loss=2.75113
Epoch 442: loss=2.73881
Epoch 443: loss=2.74495
Epoch 444: loss=2.77026
Epoch 445: loss=2.71759
Epoch 446: loss=2.73826
Epoch 447: loss=2.72595
Epoch 448: loss=2.73764
Epoch 449: loss=2.73286
Epoch 450: loss=2.71241
Epoch 451: loss=2.75688
Epoch 452: loss=2.74932
Epoch 453: loss=2.73676
Epoch 454: loss=2.72772
Epoch 455: loss=2.72384
Epoch 456: loss=2.70430
Epoch 457: loss=2.72940
Epoch 458: loss=2.73553
Epoch 459: loss=2.70406
Epoch 460: loss=2.75523
Epoch 461: loss=2.73637
Epoch 462: loss=2.75991
Epoch 463: loss=2.73529
Epoch 464: loss=2.72764
Epoch 465: loss=2.72272
Epoch 466: loss=2.71470
Epoch 467: loss=2.78809
Epoch 468: loss=2.74794
Epoch 469: loss=2.77711
Epoch 470: loss=2.74201
Epoch 471: loss=2.74613
Epoch 472: loss=2.75191
Epoch 473: loss=2.74445
Epoch 474: loss=2.74624
Epoch 475: loss=2.76578
Epoch 476: loss=2.77526
Epoch 477: loss=2.77524
Epoch 478: loss=2.76015
Epoch 479: loss=2.72187
Epoch 480: loss=2.72835
Epoch 481: loss=2.74827
Epoch 482: loss=2.73600
Epoch 483: loss=2.70761
Epoch 484: loss=2.73052
Epoch 485: loss=2.73190
Epoch 486: loss=2.72485
Epoch 487: loss=2.75693
Epoch 488: loss=2.75040
Epoch 489: loss=2.75816
Epoch 490: loss=2.72587
Epoch 491: loss=2.76965
Epoch 492: loss=2.74566
Epoch 493: loss=2.72594
Epoch 494: loss=2.72046
Epoch 495: loss=2.77266
Epoch 496: loss=2.74469
Epoch 497: loss=2.73533
Epoch 498: loss=2.73912
Epoch 499: loss=2.73478
Epoch 500: loss=2.74468
Epoch 501: loss=2.72290
Epoch 502: loss=2.70636
Epoch 503: loss=2.73380
Epoch 504: loss=2.72141
Epoch 505: loss=2.74140
Epoch 506: loss=2.71500
Epoch 507: loss=2.76298
Epoch 508: loss=2.73549
Epoch 509: loss=2.72566
Epoch 510: loss=2.75362
Epoch 511: loss=2.75769
Epoch 512: loss=2.74795
Epoch 513: loss=2.75189
Epoch 514: loss=2.71937
Epoch 515: loss=2.74248
Epoch 516: loss=2.74016
Epoch 517: loss=2.73825
Epoch 518: loss=2.72485
Epoch 519: loss=2.75525
Epoch 520: loss=2.71294
Epoch 521: loss=2.76020
Epoch 522: loss=2.74225
Epoch 523: loss=2.72404
Epoch 524: loss=2.71802
Epoch 525: loss=2.70634
Epoch 526: loss=2.75340
Epoch 527: loss=2.71982
Epoch 528: loss=2.74478
Epoch 529: loss=2.72691
Epoch 530: loss=2.71608
Epoch 531: loss=2.74622
Epoch 532: loss=2.72918
Epoch 533: loss=2.72559
Epoch 534: loss=2.76890
Epoch 535: loss=2.72317
Epoch 536: loss=2.73493
Epoch 537: loss=2.74865
Epoch 538: loss=2.73709
Epoch 539: loss=2.74543
Epoch 540: loss=2.75839
Epoch 541: loss=2.72851
Epoch 542: loss=2.75473
Epoch 543: loss=2.75127
Epoch 544: loss=2.72610
Epoch 545: loss=2.75905
Epoch 546: loss=2.75278
Epoch 547: loss=2.75747
Epoch 548: loss=2.74306
Epoch 549: loss=2.75340
Epoch 550: loss=2.72020
Epoch 551: loss=2.76554
Epoch 552: loss=2.74050
Epoch 553: loss=2.72602
Epoch 554: loss=2.72669
Epoch 555: loss=2.73844
Epoch 556: loss=2.73087
Epoch 557: loss=2.71879
Epoch 558: loss=2.74748
Epoch 559: loss=2.72150
Epoch 560: loss=2.72631
Epoch 561: loss=2.71493
Epoch 562: loss=2.75027
Epoch 563: loss=2.74022
Epoch 564: loss=2.72392
Epoch 565: loss=2.74581
Epoch 566: loss=2.75230
Epoch 567: loss=2.74078
Epoch 568: loss=2.74443
Epoch 569: loss=2.76478
Epoch 570: loss=2.74417
Epoch 571: loss=2.73384
Epoch 572: loss=2.74453
Epoch 573: loss=2.73419
Epoch 574: loss=2.75442
Epoch 575: loss=2.75681
Epoch 576: loss=2.75831
Epoch 577: loss=2.73930
Epoch 578: loss=2.76713
Epoch 579: loss=2.74120
Epoch 580: loss=2.72675
Epoch 581: loss=2.76454
Epoch 582: loss=2.74401
Epoch 583: loss=2.73741
Epoch 584: loss=2.75217
Epoch 585: loss=2.73225
Epoch 586: loss=2.74798
Epoch 587: loss=2.73339
Epoch 588: loss=2.74991
Epoch 589: loss=2.72158
Epoch 590: loss=2.74514
Epoch 591: loss=2.72858
Epoch 592: loss=2.73736
Epoch 593: loss=2.72926
Epoch 594: loss=2.74973
Epoch 595: loss=2.75644
Epoch 596: loss=2.73669
Epoch 597: loss=2.75596
Epoch 598: loss=2.73233
Epoch 599: loss=2.75904
Epoch 600: loss=2.71558
Epoch 601: loss=2.76344
Epoch 602: loss=2.77345
Epoch 603: loss=2.76508
Epoch 604: loss=2.73899
Epoch 605: loss=2.74051
Epoch 606: loss=2.76120
Epoch 607: loss=2.75119
Epoch 608: loss=2.77705
Epoch 609: loss=2.77146
Epoch 610: loss=2.73588
Epoch 611: loss=2.74411
Epoch 612: loss=2.76550
Epoch 613: loss=2.76443
Epoch 614: loss=2.72028
Epoch 615: loss=2.72332
Epoch 616: loss=2.73629
Epoch 617: loss=2.73152
Epoch 618: loss=2.71111
Epoch 619: loss=2.77033
Epoch 620: loss=2.77212
Epoch 621: loss=2.74804
Epoch 622: loss=2.73883
Epoch 623: loss=2.72401
Epoch 624: loss=2.74146
Epoch 625: loss=2.76582
Epoch 626: loss=2.73219
Epoch 627: loss=2.74035
Epoch 628: loss=2.77881
Epoch 629: loss=2.73060
Epoch 630: loss=2.75255
Epoch 631: loss=2.72977
Epoch 632: loss=2.74028
Epoch 633: loss=2.73312
Epoch 634: loss=2.73769
Epoch 635: loss=2.76310
Epoch 636: loss=2.73653
Epoch 637: loss=2.71781
Epoch 638: loss=2.74405
Epoch 639: loss=2.77184
Epoch 640: loss=2.72922
Epoch 641: loss=2.74114
Epoch 642: loss=2.75117
Epoch 643: loss=2.73069
Epoch 644: loss=2.74788
Epoch 645: loss=2.75220
Epoch 646: loss=2.73568
Epoch 647: loss=2.74325
Epoch 648: loss=2.72502
Epoch 649: loss=2.73678
Epoch 650: loss=2.76136
Epoch 651: loss=2.72017
Epoch 652: loss=2.73177
Epoch 653: loss=2.75425
Epoch 654: loss=2.72864
Epoch 655: loss=2.75344
Epoch 656: loss=2.72862
Epoch 657: loss=2.76461
Epoch 658: loss=2.73829
Epoch 659: loss=2.74550
Epoch 660: loss=2.74346
Epoch 661: loss=2.75733
Epoch 662: loss=2.75026
Epoch 663: loss=2.76124
Epoch 664: loss=2.73016
Epoch 665: loss=2.71176
Epoch 666: loss=2.71392
Epoch 667: loss=2.75433
Epoch 668: loss=2.75050
Epoch 669: loss=2.71998
Epoch 670: loss=2.80106
Epoch 671: loss=2.74311
Epoch 672: loss=2.74864
Epoch 673: loss=2.75591
Epoch 674: loss=2.75635
Epoch 675: loss=2.75068
Epoch 676: loss=2.73355
Epoch 677: loss=2.73855
Epoch 678: loss=2.73572
Epoch 679: loss=2.74097
Epoch 680: loss=2.76070
Epoch 681: loss=2.73730
Epoch 682: loss=2.75124
Epoch 683: loss=2.75788
Epoch 684: loss=2.75704
Epoch 685: loss=2.72956
Epoch 686: loss=2.73488
Epoch 687: loss=2.73478
Epoch 688: loss=2.73861
Epoch 689: loss=2.73672
Epoch 690: loss=2.72173
Epoch 691: loss=2.75958
Epoch 692: loss=2.73432
Epoch 693: loss=2.77922
Epoch 694: loss=2.75971
Epoch 695: loss=2.76098
Epoch 696: loss=2.74028
Epoch 697: loss=2.75524
Epoch 698: loss=2.73666
Epoch 699: loss=2.72015
Epoch 700: loss=2.74394
Epoch 701: loss=2.74642
Epoch 702: loss=2.73534
Epoch 703: loss=2.76529
Epoch 704: loss=2.75177
Epoch 705: loss=2.73945
Epoch 706: loss=2.76171
Epoch 707: loss=2.71762
Epoch 708: loss=2.72273
Epoch 709: loss=2.71811
Epoch 710: loss=2.72984
Epoch 711: loss=2.82247
Epoch 712: loss=2.75810
Epoch 713: loss=2.75379
Epoch 714: loss=2.75489
Epoch 715: loss=2.73827
Epoch 716: loss=2.76527
Epoch 717: loss=2.77739
Epoch 718: loss=2.73821
Epoch 719: loss=2.74598
Epoch 720: loss=2.73662
Epoch 721: loss=2.72815
Epoch 722: loss=2.74048
Epoch 723: loss=2.77499
Epoch 724: loss=2.74206
Epoch 725: loss=2.73125
Epoch 726: loss=2.73613
Epoch 727: loss=2.74474
Epoch 728: loss=2.73689
Epoch 729: loss=2.76648
Epoch 730: loss=2.73663
Epoch 731: loss=2.72957
Epoch 732: loss=2.73896
Epoch 733: loss=2.73284
Epoch 734: loss=2.76550
Epoch 735: loss=2.71480
Epoch 736: loss=2.74240
Epoch 737: loss=2.74842
Epoch 738: loss=2.73400
Epoch 739: loss=2.74554
Epoch 740: loss=2.71489
Epoch 741: loss=2.73771
Epoch 742: loss=2.72909
Epoch 743: loss=2.74363
Epoch 744: loss=2.73737
Epoch 745: loss=2.74864
Epoch 746: loss=2.75500
Epoch 747: loss=2.71807
Epoch 748: loss=2.74950
Epoch 749: loss=2.73132
Epoch 750: loss=2.76040
Epoch 751: loss=2.72802
Epoch 752: loss=2.71319
Epoch 753: loss=2.73954
Epoch 754: loss=2.76149
Epoch 755: loss=2.74837
Epoch 756: loss=2.72170
Epoch 757: loss=2.72583
Epoch 758: loss=2.77054
Epoch 759: loss=2.76104
Epoch 760: loss=2.72609
Epoch 761: loss=2.72258
Epoch 762: loss=2.73724
Epoch 763: loss=2.75086
Epoch 764: loss=2.72144
Epoch 765: loss=2.74872
Epoch 766: loss=2.75526
Epoch 767: loss=2.75076
Epoch 768: loss=2.73401
Epoch 769: loss=2.73921
Epoch 770: loss=2.72114
Epoch 771: loss=2.74589
Epoch 772: loss=2.74273
Epoch 773: loss=2.73118
Epoch 774: loss=2.75729
Epoch 775: loss=2.76838
Epoch 776: loss=2.73019
Epoch 777: loss=2.76337
Epoch 778: loss=2.73209
Epoch 779: loss=2.73341
Epoch 780: loss=2.73602
Epoch 781: loss=2.74611
Epoch 782: loss=2.76093
Epoch 783: loss=2.77397
Epoch 784: loss=2.73630
Epoch 785: loss=2.72583
Epoch 786: loss=2.74497
Epoch 787: loss=2.80423
Epoch 788: loss=2.72258
Epoch 789: loss=2.73898
Epoch 790: loss=2.72223
Epoch 791: loss=2.76007
Epoch 792: loss=2.75966
Epoch 793: loss=2.74092
Epoch 794: loss=2.75427
Epoch 795: loss=2.74851
Epoch 796: loss=2.72545
Epoch 797: loss=2.71967
Epoch 798: loss=2.74018
Epoch 799: loss=2.70535
Epoch 800: loss=2.75552
Epoch 801: loss=2.75724
Epoch 802: loss=2.75227
Epoch 803: loss=2.71954
Epoch 804: loss=2.72289
Epoch 805: loss=2.75092
Epoch 806: loss=2.75159
Epoch 807: loss=2.71011
Epoch 808: loss=2.74151
Epoch 809: loss=2.72858
Epoch 810: loss=2.75128
Epoch 811: loss=2.76786
Epoch 812: loss=2.73952
Epoch 813: loss=2.76276
Epoch 814: loss=2.75157
Epoch 815: loss=2.76124
Epoch 816: loss=2.73643
Epoch 817: loss=2.73261
Epoch 818: loss=2.74294
Epoch 819: loss=2.77886
Epoch 820: loss=2.74221
Epoch 821: loss=2.74386
Epoch 822: loss=2.73378
Epoch 823: loss=2.75580
Epoch 824: loss=2.76716
Epoch 825: loss=2.71986
Epoch 826: loss=2.72947
Epoch 827: loss=2.75207
Epoch 828: loss=2.73598
Epoch 829: loss=2.75569
Epoch 830: loss=2.74143
Epoch 831: loss=2.73054
Epoch 832: loss=2.74470
Epoch 833: loss=2.75664
Epoch 834: loss=2.73285
Epoch 835: loss=2.75360
Epoch 836: loss=2.77113
Epoch 837: loss=2.76220
Epoch 838: loss=2.73422
Epoch 839: loss=2.73053
Epoch 840: loss=2.72882
Epoch 841: loss=2.74061
Epoch 842: loss=2.71861
Epoch 843: loss=2.77214
Epoch 844: loss=2.75959
Epoch 845: loss=2.70661
Epoch 846: loss=2.72928
Epoch 847: loss=2.75730
Epoch 848: loss=2.71711
Epoch 849: loss=2.74611
Epoch 850: loss=2.72930
Epoch 851: loss=2.73153
Epoch 852: loss=2.75824
Epoch 853: loss=2.73030
Epoch 854: loss=2.71977
Epoch 855: loss=2.73035
Epoch 856: loss=2.72978
Epoch 857: loss=2.74106
Epoch 858: loss=2.75679
Epoch 859: loss=2.74638
Epoch 860: loss=2.73660
Epoch 861: loss=2.73865
Epoch 862: loss=2.76097
Epoch 863: loss=2.72458
Epoch 864: loss=2.74355
Epoch 865: loss=2.73011
Epoch 866: loss=2.75750
Epoch 867: loss=2.75585
Epoch 868: loss=2.72704
Epoch 869: loss=2.72040
Epoch 870: loss=2.71950
Epoch 871: loss=2.78198
Epoch 872: loss=2.74691
Epoch 873: loss=2.74123
Epoch 874: loss=2.74380
Epoch 875: loss=2.75186
Epoch 876: loss=2.70467
Epoch 877: loss=2.77571
Epoch 878: loss=2.72287
Epoch 879: loss=2.71381
Epoch 880: loss=2.75697
Epoch 881: loss=2.75094
Epoch 882: loss=2.73686
Epoch 883: loss=2.76915
Epoch 884: loss=2.74191
Epoch 885: loss=2.72267
Epoch 886: loss=2.73388
Epoch 887: loss=2.74509
Epoch 888: loss=2.74724
Epoch 889: loss=2.72795
Epoch 890: loss=2.74484
Epoch 891: loss=2.70745
Epoch 892: loss=2.73496
Epoch 893: loss=2.74223
Epoch 894: loss=2.73914
Epoch 895: loss=2.75683
Epoch 896: loss=2.74050
Epoch 897: loss=2.74682
Epoch 898: loss=2.74425
Epoch 899: loss=2.72472
Epoch 900: loss=2.75779
Epoch 901: loss=2.75840
Epoch 902: loss=2.70705
Epoch 903: loss=2.72617
Epoch 904: loss=2.75056
Epoch 905: loss=2.71540
Epoch 906: loss=2.73929
Epoch 907: loss=2.74518
Epoch 908: loss=2.77958
Epoch 909: loss=2.75870
Epoch 910: loss=2.74598
Epoch 911: loss=2.72433
Epoch 912: loss=2.75844
Epoch 913: loss=2.72500
Epoch 914: loss=2.71908
Epoch 915: loss=2.70516
Epoch 916: loss=2.73611
Epoch 917: loss=2.76954
Epoch 918: loss=2.74021
Epoch 919: loss=2.74710
Epoch 920: loss=2.74797
Epoch 921: loss=2.74077
Epoch 922: loss=2.76171
Epoch 923: loss=2.74849
Epoch 924: loss=2.75772
Epoch 925: loss=2.72373
Epoch 926: loss=2.72012
Epoch 927: loss=2.73882
Epoch 928: loss=2.72573
Epoch 929: loss=2.74118
Epoch 930: loss=2.73859
Epoch 931: loss=2.72596
Epoch 932: loss=2.76270
Epoch 933: loss=2.71517
Epoch 934: loss=2.72216
Epoch 935: loss=2.71904
Epoch 936: loss=2.74526
Epoch 937: loss=2.73044
Epoch 938: loss=2.72405
Epoch 939: loss=2.72666
Epoch 940: loss=2.76909
Epoch 941: loss=2.72029
Epoch 942: loss=2.73648
Epoch 943: loss=2.74756
Epoch 944: loss=2.73382
Epoch 945: loss=2.74068
Epoch 946: loss=2.73934
Epoch 947: loss=2.71613
Epoch 948: loss=2.72519
Epoch 949: loss=2.72160
Epoch 950: loss=2.71413
Epoch 951: loss=2.75118
Epoch 952: loss=2.73587
Epoch 953: loss=2.75960
Epoch 954: loss=2.72891
Epoch 955: loss=2.75254
Epoch 956: loss=2.73658
Epoch 957: loss=2.73721
Epoch 958: loss=2.76645
Epoch 959: loss=2.73587
Epoch 960: loss=2.71040
Epoch 961: loss=2.73959
Epoch 962: loss=2.73338
Epoch 963: loss=2.74041
Epoch 964: loss=2.74725
Epoch 965: loss=2.74950
Epoch 966: loss=2.74915
Epoch 967: loss=2.73721
Epoch 968: loss=2.74943
Epoch 969: loss=2.73574
Epoch 970: loss=2.74765
Epoch 971: loss=2.75629
Epoch 972: loss=2.71837
Epoch 973: loss=2.75807
Epoch 974: loss=2.74555
Epoch 975: loss=2.73921
Epoch 976: loss=2.73548
Epoch 977: loss=2.72088
Epoch 978: loss=2.73182
Epoch 979: loss=2.75335
Epoch 980: loss=2.75983
Epoch 981: loss=2.73274
Epoch 982: loss=2.70880
Epoch 983: loss=2.73250
Epoch 984: loss=2.77817
Epoch 985: loss=2.73630
Epoch 986: loss=2.75829
Epoch 987: loss=2.75240
Epoch 988: loss=2.75174
Epoch 989: loss=2.73641
Epoch 990: loss=2.73513
Epoch 991: loss=2.72558
Epoch 992: loss=2.73742
Epoch 993: loss=2.75366
Epoch 994: loss=2.71985
Epoch 995: loss=2.72200
Epoch 996: loss=2.73561
Epoch 997: loss=2.73410
Epoch 998: loss=2.73129
Epoch 999: loss=2.75995
Epoch 1000: loss=2.77131
Epoch 1001: loss=2.75095
Epoch 1002: loss=2.75343
Epoch 1003: loss=2.74567
Epoch 1004: loss=2.75687
Epoch 1005: loss=2.75622
Epoch 1006: loss=2.73409
Epoch 1007: loss=2.73345
Epoch 1008: loss=2.71766
Epoch 1009: loss=2.71320
Epoch 1010: loss=2.75150
Epoch 1011: loss=2.75212
Epoch 1012: loss=2.71123
Epoch 1013: loss=2.73308
Epoch 1014: loss=2.75685
Epoch 1015: loss=2.72620
Epoch 1016: loss=2.75816
Epoch 1017: loss=2.72010
Epoch 1018: loss=2.74358
Epoch 1019: loss=2.75742
Epoch 1020: loss=2.73371
Epoch 1021: loss=2.75378
Epoch 1022: loss=2.73336
Epoch 1023: loss=2.76477
Epoch 1024: loss=2.74741
Epoch 1025: loss=2.75711
Epoch 1026: loss=2.72288
Epoch 1027: loss=2.74803
Epoch 1028: loss=2.75442
Epoch 1029: loss=2.73682
Epoch 1030: loss=2.75827
Epoch 1031: loss=2.72113
Epoch 1032: loss=2.74868
Epoch 1033: loss=2.70058
Epoch 1034: loss=2.75916
Epoch 1035: loss=2.73866
Epoch 1036: loss=2.74706
Epoch 1037: loss=2.74302
Epoch 1038: loss=2.70537
Epoch 1039: loss=2.72778
Epoch 1040: loss=2.74904
Epoch 1041: loss=2.72436
Epoch 1042: loss=2.77087
Epoch 1043: loss=2.71727
Epoch 1044: loss=2.74369
Epoch 1045: loss=2.71802
Epoch 1046: loss=2.76347
Epoch 1047: loss=2.74671
Epoch 1048: loss=2.73589
Epoch 1049: loss=2.74842
Epoch 1050: loss=2.75256
Epoch 1051: loss=2.72992
Epoch 1052: loss=2.73194
Epoch 1053: loss=2.73032
Epoch 1054: loss=2.74943
Epoch 1055: loss=2.74826
Epoch 1056: loss=2.75531
Epoch 1057: loss=2.74829
Epoch 1058: loss=2.72108
Epoch 1059: loss=2.74932
Epoch 1060: loss=2.70187
Epoch 1061: loss=2.77026
Epoch 1062: loss=2.75802
Epoch 1063: loss=2.73955
Epoch 1064: loss=2.74620
Epoch 1065: loss=2.75069
Epoch 1066: loss=2.76186
Epoch 1067: loss=2.74420
Epoch 1068: loss=2.71555
Epoch 1069: loss=2.75286
Epoch 1070: loss=2.73782
Epoch 1071: loss=2.76265
Epoch 1072: loss=2.74323
Epoch 1073: loss=2.73409
Epoch 1074: loss=2.73168
Epoch 1075: loss=2.73564
Epoch 1076: loss=2.74591
Epoch 1077: loss=2.76101
Epoch 1078: loss=2.73259
Epoch 1079: loss=2.75253
Epoch 1080: loss=2.75074
Epoch 1081: loss=2.73619
Epoch 1082: loss=2.74456
Epoch 1083: loss=2.69089
Epoch 1084: loss=2.74398
Epoch 1085: loss=2.74469
Epoch 1086: loss=2.72345
Epoch 1087: loss=2.73433
Epoch 1088: loss=2.73036
Epoch 1089: loss=2.75703
Epoch 1090: loss=2.76993
Epoch 1091: loss=2.72847
Epoch 1092: loss=2.75752
Epoch 1093: loss=2.76082
Epoch 1094: loss=2.72010
Epoch 1095: loss=2.72866
Epoch 1096: loss=2.74193
Epoch 1097: loss=2.72523
Epoch 1098: loss=2.73092
Epoch 1099: loss=2.73562
Epoch 1100: loss=2.75115
Epoch 1101: loss=2.72168
Epoch 1102: loss=2.75032
Epoch 1103: loss=2.75138
Epoch 1104: loss=2.75227
Epoch 1105: loss=2.75212
Epoch 1106: loss=2.75357
Epoch 1107: loss=2.75137
Epoch 1108: loss=2.74839
Epoch 1109: loss=2.74893
Epoch 1110: loss=2.73679
Epoch 1111: loss=2.75980
Epoch 1112: loss=2.75117
Epoch 1113: loss=2.73946
Epoch 1114: loss=2.74175
Epoch 1115: loss=2.70418
Epoch 1116: loss=2.73906
Epoch 1117: loss=2.74615
Epoch 1118: loss=2.75043
Epoch 1119: loss=2.72958
Epoch 1120: loss=2.77017
Epoch 1121: loss=2.76744
Epoch 1122: loss=2.71715
Epoch 1123: loss=2.73913
Epoch 1124: loss=2.71581
Epoch 1125: loss=2.72276
Epoch 1126: loss=2.75053
Epoch 1127: loss=2.72939
Epoch 1128: loss=2.73261
Epoch 1129: loss=2.70529
Epoch 1130: loss=2.73108
Epoch 1131: loss=2.75313
Epoch 1132: loss=2.73365
Epoch 1133: loss=2.74645
Epoch 1134: loss=2.71587
Epoch 1135: loss=2.73892
Epoch 1136: loss=2.72056
Epoch 1137: loss=2.71580
Epoch 1138: loss=2.73445
Epoch 1139: loss=2.73693
Epoch 1140: loss=2.76574
Epoch 1141: loss=2.76123
Epoch 1142: loss=2.74299
Epoch 1143: loss=2.71940
Epoch 1144: loss=2.75031
Epoch 1145: loss=2.72700
Epoch 1146: loss=2.72187
Epoch 1147: loss=2.72455
Epoch 1148: loss=2.76677
Epoch 1149: loss=2.73810
Epoch 1150: loss=2.73826
Epoch 1151: loss=2.74867
Epoch 1152: loss=2.75119
Epoch 1153: loss=2.74360
Epoch 1154: loss=2.75960
Epoch 1155: loss=2.74642
Epoch 1156: loss=2.73862
Epoch 1157: loss=2.72577
Epoch 1158: loss=2.74891
Epoch 1159: loss=2.74614
Epoch 1160: loss=2.72668
Epoch 1161: loss=2.77888
Epoch 1162: loss=2.72116
Epoch 1163: loss=2.75040
Epoch 1164: loss=2.76193
Epoch 1165: loss=2.72486
Epoch 1166: loss=2.73656
Epoch 1167: loss=2.75078
Epoch 1168: loss=2.72665
Epoch 1169: loss=2.72693
Epoch 1170: loss=2.73557
Epoch 1171: loss=2.74895
Epoch 1172: loss=2.72296
Epoch 1173: loss=2.72969
Epoch 1174: loss=2.72877
Epoch 1175: loss=2.77574
Epoch 1176: loss=2.74597
Epoch 1177: loss=2.74784
Epoch 1178: loss=2.76780
Epoch 1179: loss=2.73967
Epoch 1180: loss=2.78414
Epoch 1181: loss=2.74192
Epoch 1182: loss=2.75785
Epoch 1183: loss=2.76115
Epoch 1184: loss=2.76102
Epoch 1185: loss=2.72019
Epoch 1186: loss=2.72753
Epoch 1187: loss=2.75677
Epoch 1188: loss=2.73964
Epoch 1189: loss=2.73340
Epoch 1190: loss=2.74198
Epoch 1191: loss=2.76959
Epoch 1192: loss=2.75773
Epoch 1193: loss=2.74929
Epoch 1194: loss=2.73200
Epoch 1195: loss=2.74342
Epoch 1196: loss=2.76418
Epoch 1197: loss=2.70582
Epoch 1198: loss=2.73503
Epoch 1199: loss=2.73375
Epoch 1200: loss=2.72182
Epoch 1201: loss=2.75692
Epoch 1202: loss=2.73982
Epoch 1203: loss=2.74353
Epoch 1204: loss=2.73785
Epoch 1205: loss=2.75029
Epoch 1206: loss=2.76424
Epoch 1207: loss=2.76453
Epoch 1208: loss=2.72616
Epoch 1209: loss=2.74984
Epoch 1210: loss=2.73697
Epoch 1211: loss=2.75427
Epoch 1212: loss=2.71955
Epoch 1213: loss=2.74271
Epoch 1214: loss=2.74222
Epoch 1215: loss=2.71937
Epoch 1216: loss=2.73885
Epoch 1217: loss=2.74841
Epoch 1218: loss=2.74113
Epoch 1219: loss=2.73600
Epoch 1220: loss=2.73828
Epoch 1221: loss=2.72568
Epoch 1222: loss=2.73004
Epoch 1223: loss=2.73210
Epoch 1224: loss=2.75944
Epoch 1225: loss=2.73260
Epoch 1226: loss=2.76287
Epoch 1227: loss=2.70802
Epoch 1228: loss=2.72010
Epoch 1229: loss=2.74318
Epoch 1230: loss=2.73235
Epoch 1231: loss=2.71602
Epoch 1232: loss=2.75049
Epoch 1233: loss=2.75930
Epoch 1234: loss=2.72962
Epoch 1235: loss=2.74830
Epoch 1236: loss=2.74732
Epoch 1237: loss=2.74319
Epoch 1238: loss=2.73112
Epoch 1239: loss=2.74729
Epoch 1240: loss=2.77214
Epoch 1241: loss=2.74943
Epoch 1242: loss=2.72805
Epoch 1243: loss=2.76102
Epoch 1244: loss=2.74094
Epoch 1245: loss=2.75116
Epoch 1246: loss=2.71348
Epoch 1247: loss=2.74374
Epoch 1248: loss=2.74565
Epoch 1249: loss=2.73785
Epoch 1250: loss=2.73942
Epoch 1251: loss=2.73083
Epoch 1252: loss=2.75750
Epoch 1253: loss=2.77697
Epoch 1254: loss=2.71986
Epoch 1255: loss=2.72339
Epoch 1256: loss=2.74108
Epoch 1257: loss=2.74316
Epoch 1258: loss=2.74533
Epoch 1259: loss=2.73082
Epoch 1260: loss=2.72740
Epoch 1261: loss=2.73746
Epoch 1262: loss=2.73829
Epoch 1263: loss=2.73880
Epoch 1264: loss=2.74755
Epoch 1265: loss=2.76923
Epoch 1266: loss=2.75500
Epoch 1267: loss=2.71510
Epoch 1268: loss=2.74404
Epoch 1269: loss=2.76444
Epoch 1270: loss=2.71782
Epoch 1271: loss=2.73503
Epoch 1272: loss=2.74249
Epoch 1273: loss=2.75085
Epoch 1274: loss=2.75344
Epoch 1275: loss=2.75274
Epoch 1276: loss=2.76938
Epoch 1277: loss=2.74199
Epoch 1278: loss=2.75467
Epoch 1279: loss=2.77599
Epoch 1280: loss=2.73345
Epoch 1281: loss=2.73138
Epoch 1282: loss=2.73154
Epoch 1283: loss=2.72628
Epoch 1284: loss=2.76082
Epoch 1285: loss=2.75734
Epoch 1286: loss=2.72769
Epoch 1287: loss=2.73546
Epoch 1288: loss=2.73592
Epoch 1289: loss=2.77240
Epoch 1290: loss=2.73362
Epoch 1291: loss=2.70698
Epoch 1292: loss=2.72000
Epoch 1293: loss=2.73010
Epoch 1294: loss=2.73922
Epoch 1295: loss=2.74768
Epoch 1296: loss=2.73070
Epoch 1297: loss=2.70602
Epoch 1298: loss=2.77513
Epoch 1299: loss=2.76493
Epoch 1300: loss=2.74438
Epoch 1301: loss=2.72439
Epoch 1302: loss=2.74228
Epoch 1303: loss=2.74710
Epoch 1304: loss=2.78835
Epoch 1305: loss=2.76891
Epoch 1306: loss=2.75698
Epoch 1307: loss=2.72943
Epoch 1308: loss=2.77291
Epoch 1309: loss=2.76356
Epoch 1310: loss=2.73197
Epoch 1311: loss=2.75453
Epoch 1312: loss=2.77582
Epoch 1313: loss=2.74912
Epoch 1314: loss=2.74773
Epoch 1315: loss=2.75158
Epoch 1316: loss=2.76900
Epoch 1317: loss=2.75335
Epoch 1318: loss=2.72128
Epoch 1319: loss=2.75863
Epoch 1320: loss=2.73845
Epoch 1321: loss=2.73415
Epoch 1322: loss=2.75168
Epoch 1323: loss=2.76645
Epoch 1324: loss=2.77899
Epoch 1325: loss=2.75802
Epoch 1326: loss=2.75567
Epoch 1327: loss=2.74932
Epoch 1328: loss=2.73775
Epoch 1329: loss=2.75295
Epoch 1330: loss=2.76504
Epoch 1331: loss=2.69865
Epoch 1332: loss=2.76306
Epoch 1333: loss=2.72854
Epoch 1334: loss=2.75318
Epoch 1335: loss=2.72326
Epoch 1336: loss=2.74841
Epoch 1337: loss=2.75092
Epoch 1338: loss=2.74361
Epoch 1339: loss=2.72159
Epoch 1340: loss=2.72792
Epoch 1341: loss=2.74879
Epoch 1342: loss=2.73816
Epoch 1343: loss=2.71289
Epoch 1344: loss=2.74812
Epoch 1345: loss=2.74578
Epoch 1346: loss=2.71728
Epoch 1347: loss=2.74428
Epoch 1348: loss=2.76412
Epoch 1349: loss=2.71406
Epoch 1350: loss=2.73103
Epoch 1351: loss=2.74582
Epoch 1352: loss=2.71234
Epoch 1353: loss=2.71875
Epoch 1354: loss=2.74227
Epoch 1355: loss=2.74306
Epoch 1356: loss=2.75173
Epoch 1357: loss=2.73427
Epoch 1358: loss=2.74713
Epoch 1359: loss=2.72264
Epoch 1360: loss=2.75396
Epoch 1361: loss=2.78759
Epoch 1362: loss=2.73509
Epoch 1363: loss=2.73377
Epoch 1364: loss=2.70294
Epoch 1365: loss=2.75041
Epoch 1366: loss=2.77019
Epoch 1367: loss=2.74597
Epoch 1368: loss=2.74216
Epoch 1369: loss=2.76034
Epoch 1370: loss=2.76522
Epoch 1371: loss=2.75633
Epoch 1372: loss=2.72224
Epoch 1373: loss=2.76018
Epoch 1374: loss=2.75397
Epoch 1375: loss=2.72289
Epoch 1376: loss=2.72386
Epoch 1377: loss=2.74370
Epoch 1378: loss=2.76631
Epoch 1379: loss=2.72179
Epoch 1380: loss=2.76179
Epoch 1381: loss=2.73552
Epoch 1382: loss=2.74737
Epoch 1383: loss=2.78399
Epoch 1384: loss=2.74044
Epoch 1385: loss=2.73164
Epoch 1386: loss=2.74210
Epoch 1387: loss=2.72833
Epoch 1388: loss=2.73298
Epoch 1389: loss=2.72915
Epoch 1390: loss=2.75241
Epoch 1391: loss=2.71092
Epoch 1392: loss=2.73206
Epoch 1393: loss=2.74675
Epoch 1394: loss=2.73760
Epoch 1395: loss=2.74223
Epoch 1396: loss=2.75385
Epoch 1397: loss=2.74660
Epoch 1398: loss=2.73923
Epoch 1399: loss=2.74192
Epoch 1400: loss=2.76714
Epoch 1401: loss=2.74551
Epoch 1402: loss=2.75529
Epoch 1403: loss=2.74408
Epoch 1404: loss=2.77032
Epoch 1405: loss=2.75163
Epoch 1406: loss=2.73061
Epoch 1407: loss=2.74379
Epoch 1408: loss=2.73592
Epoch 1409: loss=2.72941
Epoch 1410: loss=2.75396
Epoch 1411: loss=2.75365
Epoch 1412: loss=2.73414
Epoch 1413: loss=2.74746
Epoch 1414: loss=2.72443
Epoch 1415: loss=2.72732
Epoch 1416: loss=2.78210
Epoch 1417: loss=2.72454
Epoch 1418: loss=2.71113
Epoch 1419: loss=2.74184
Epoch 1420: loss=2.71701
Epoch 1421: loss=2.74337
Epoch 1422: loss=2.78697
Epoch 1423: loss=2.73751
Epoch 1424: loss=2.74442
Epoch 1425: loss=2.74616
Epoch 1426: loss=2.77042
Epoch 1427: loss=2.76101
Epoch 1428: loss=2.74041
Epoch 1429: loss=2.74398
Epoch 1430: loss=2.74028
Epoch 1431: loss=2.70760
Epoch 1432: loss=2.73519
Epoch 1433: loss=2.76754
Epoch 1434: loss=2.74862
Epoch 1435: loss=2.74572
Epoch 1436: loss=2.74184
Epoch 1437: loss=2.73845
Epoch 1438: loss=2.77069
Epoch 1439: loss=2.73250
Epoch 1440: loss=2.73956
Epoch 1441: loss=2.73478
Epoch 1442: loss=2.73389
Epoch 1443: loss=2.73537
Epoch 1444: loss=2.68795
Epoch 1445: loss=2.75035
Epoch 1446: loss=2.72656
Epoch 1447: loss=2.74982
Epoch 1448: loss=2.74508
Epoch 1449: loss=2.74583
Epoch 1450: loss=2.76039
Epoch 1451: loss=2.73002
Epoch 1452: loss=2.75681
Epoch 1453: loss=2.76760
Epoch 1454: loss=2.72393
Epoch 1455: loss=2.72867
Epoch 1456: loss=2.74778
Epoch 1457: loss=2.76541
Epoch 1458: loss=2.73265
Epoch 1459: loss=2.74951
Epoch 1460: loss=2.75930
Epoch 1461: loss=2.73793
Epoch 1462: loss=2.76246
Epoch 1463: loss=2.75121
Epoch 1464: loss=2.72810
Epoch 1465: loss=2.73564
Epoch 1466: loss=2.72618
Epoch 1467: loss=2.75879
Epoch 1468: loss=2.73084
Epoch 1469: loss=2.72326
Epoch 1470: loss=2.74636
Epoch 1471: loss=2.78098
Epoch 1472: loss=2.76248
Epoch 1473: loss=2.74834
Epoch 1474: loss=2.75326
Epoch 1475: loss=2.71669
Epoch 1476: loss=2.73354
Epoch 1477: loss=2.73459
Epoch 1478: loss=2.76680
Epoch 1479: loss=2.74387
Epoch 1480: loss=2.75154
Epoch 1481: loss=2.72421
Epoch 1482: loss=2.73878
Epoch 1483: loss=2.71732
Epoch 1484: loss=2.75609
Epoch 1485: loss=2.73105
Epoch 1486: loss=2.74390
Epoch 1487: loss=2.72949
Epoch 1488: loss=2.72767
Epoch 1489: loss=2.72491
Epoch 1490: loss=2.74127
Epoch 1491: loss=2.76741
Epoch 1492: loss=2.73042
Epoch 1493: loss=2.74428
Epoch 1494: loss=2.76083
Epoch 1495: loss=2.73931
Epoch 1496: loss=2.72945
Epoch 1497: loss=2.75541
Epoch 1498: loss=2.71021
Epoch 1499: loss=2.74718
Epoch 1500: loss=2.73496
Training accuracy: 0.054
Test accuracy: 0.051
testff128_dropweights.py:267: UserWarning: To copy construct from a tensor, it is recommended to use sourceTensor.clone().detach() or sourceTensor.clone().detach().requires_grad_(True), rather than torch.tensor(sourceTensor).
  d1 = torch.tensor(ber1.sample(w1size)).to(device)
testff128_dropweights.py:268: UserWarning: To copy construct from a tensor, it is recommended to use sourceTensor.clone().detach() or sourceTensor.clone().detach().requires_grad_(True), rather than torch.tensor(sourceTensor).
  d2 = torch.tensor(ber2.sample(w2size)).to(device)
testff128_dropweights.py:270: UserWarning: To copy construct from a tensor, it is recommended to use sourceTensor.clone().detach() or sourceTensor.clone().detach().requires_grad_(True), rather than torch.tensor(sourceTensor).
  dropw1 = torch.tensor(dropw1 ,requires_grad = True,dtype = datatype ).to(device)
testff128_dropweights.py:272: UserWarning: To copy construct from a tensor, it is recommended to use sourceTensor.clone().detach() or sourceTensor.clone().detach().requires_grad_(True), rather than torch.tensor(sourceTensor).
  dropw2 = torch.tensor(dropw2 ,requires_grad = True,dtype = datatype ).to(device)

File list dumped

Saved in file
