Lmod has detected the following error: The following module(s) are unknown:
"cuda-11.0.2-gcc-10.2.0-3wlbq6u"

Please check the spelling or version number. Also try "module spider ..."
It is also possible your cache file is out-of-date; it may help to try:
  $ module --ignore-cache load "cuda-11.0.2-gcc-10.2.0-3wlbq6u"

Also make sure that all modulefiles written in TCL start with the string
#%Module



/home/venkat/Unreliable_Synaptic_Transmission/Deepti/DOPcodes/SHD/dataset/shddataset/
The file is present.
Epoch 1: loss=0.17764
Epoch 2: loss=0.17707
Epoch 3: loss=0.18777
Epoch 4: loss=0.18922
Epoch 5: loss=0.18167
Epoch 6: loss=0.18852
Epoch 7: loss=0.17958
Epoch 8: loss=0.18981
Epoch 9: loss=0.18173
Epoch 10: loss=0.18098
Trained for 10 epochs
Training accuracy: 0.963
Epoch 1: loss=0.17819
Epoch 2: loss=0.18043
Epoch 3: loss=0.17784
Epoch 4: loss=0.17684
Epoch 5: loss=0.18204
Epoch 6: loss=0.19154
Epoch 7: loss=0.18573
Epoch 8: loss=0.18587
Epoch 9: loss=0.19116
Epoch 10: loss=0.18524
Epoch 11: loss=0.18666
Epoch 12: loss=0.18416
Epoch 13: loss=0.19171
Epoch 14: loss=0.19308
Epoch 15: loss=0.18069
Epoch 16: loss=0.18248
Epoch 17: loss=0.17710
Epoch 18: loss=0.18245
Epoch 19: loss=0.17913
Epoch 20: loss=0.18767
Epoch 21: loss=0.18722
Epoch 22: loss=0.19820
Epoch 23: loss=0.19298
Epoch 24: loss=0.17702
Epoch 25: loss=0.17680
Epoch 26: loss=0.17801
Epoch 27: loss=0.17588
Epoch 28: loss=0.18921
Epoch 29: loss=0.18448
Epoch 30: loss=0.18637
Epoch 31: loss=0.17340
Epoch 32: loss=0.17814
Epoch 33: loss=0.18027
Epoch 34: loss=0.17871
Epoch 35: loss=0.18591
Epoch 36: loss=0.19259
Epoch 37: loss=0.17981
Epoch 38: loss=0.17474
Epoch 39: loss=0.17554
Epoch 40: loss=0.18220
Epoch 41: loss=0.18299
Epoch 42: loss=0.18638
Epoch 43: loss=0.17756
Epoch 44: loss=0.18064
Epoch 45: loss=0.17165
Epoch 46: loss=0.17875
Epoch 47: loss=0.17395
Epoch 48: loss=0.18009
Epoch 49: loss=0.17526
Epoch 50: loss=0.18637
Epoch 51: loss=0.18330
Epoch 52: loss=0.17807
Epoch 53: loss=0.17223
Epoch 54: loss=0.17758
Epoch 55: loss=0.17869
Epoch 56: loss=0.17908
Epoch 57: loss=0.17620
Epoch 58: loss=0.18664
Epoch 59: loss=0.18406
Epoch 60: loss=0.18739
Epoch 61: loss=0.18462
Epoch 62: loss=0.17937
Epoch 63: loss=0.18174
Epoch 64: loss=0.18048
Epoch 65: loss=0.18475
Epoch 66: loss=0.18402
Epoch 67: loss=0.17911
Epoch 68: loss=0.19746
Epoch 69: loss=0.18568
Epoch 70: loss=0.19158
Epoch 71: loss=0.18759
Epoch 72: loss=0.16393
Epoch 73: loss=0.17495
Epoch 74: loss=0.18668
Epoch 75: loss=0.17574
Epoch 76: loss=0.16243
Epoch 77: loss=0.17135
Epoch 78: loss=0.16565
Epoch 79: loss=0.17219
Epoch 80: loss=0.18393
Epoch 81: loss=0.18254
Epoch 82: loss=0.17734
Epoch 83: loss=0.18228
Epoch 84: loss=0.17572
Epoch 85: loss=0.17927
Epoch 86: loss=0.16339
Epoch 87: loss=0.18139
Epoch 88: loss=0.17700
Epoch 89: loss=0.17697
Epoch 90: loss=0.17263
Epoch 91: loss=0.17995
Epoch 92: loss=0.17819
Epoch 93: loss=0.18325
Epoch 94: loss=0.17305
Epoch 95: loss=0.16913
Epoch 96: loss=0.17648
Epoch 97: loss=0.17625
Epoch 98: loss=0.18059
Epoch 99: loss=0.18063
Epoch 100: loss=0.17449
Epoch 101: loss=0.17628
Epoch 102: loss=0.17505
Epoch 103: loss=0.17396
Epoch 104: loss=0.16706
Epoch 105: loss=0.18788
Epoch 106: loss=0.18488
Epoch 107: loss=0.18008
Epoch 108: loss=0.18359
Epoch 109: loss=0.17418
Epoch 110: loss=0.17199
Epoch 111: loss=0.17148
Epoch 112: loss=0.17388
Epoch 113: loss=0.17068
Epoch 114: loss=0.16837
Epoch 115: loss=0.18233
Epoch 116: loss=0.18364
Epoch 117: loss=0.18309
Epoch 118: loss=0.17288
Epoch 119: loss=0.16317
Epoch 120: loss=0.17436
Epoch 121: loss=0.17461
Epoch 122: loss=0.17899
Epoch 123: loss=0.17643
Epoch 124: loss=0.16620
Epoch 125: loss=0.17440
Epoch 126: loss=0.17024
Epoch 127: loss=0.17170
Epoch 128: loss=0.17475
Epoch 129: loss=0.17225
Epoch 130: loss=0.16994
Epoch 131: loss=0.17189
Epoch 132: loss=0.18095
Epoch 133: loss=0.17412
Epoch 134: loss=0.17495
Epoch 135: loss=0.17321
Epoch 136: loss=0.16920
Epoch 137: loss=0.17202
Epoch 138: loss=0.17571
Epoch 139: loss=0.18128
Epoch 140: loss=0.17491
Epoch 141: loss=0.16081
Epoch 142: loss=0.17854
Epoch 143: loss=0.16566
Epoch 144: loss=0.17199
Epoch 145: loss=0.17676
Epoch 146: loss=0.17444
Epoch 147: loss=0.16989
Epoch 148: loss=0.16519
Epoch 149: loss=0.17395
Epoch 150: loss=0.17854
Epoch 151: loss=0.17243
Epoch 152: loss=0.15947
Epoch 153: loss=0.17124
Epoch 154: loss=0.17467
Epoch 155: loss=0.17623
Epoch 156: loss=0.17126
Epoch 157: loss=0.16896
Epoch 158: loss=0.18300
Epoch 159: loss=0.17692
Epoch 160: loss=0.16766
Epoch 161: loss=0.16937
Epoch 162: loss=0.17455
Epoch 163: loss=0.16997
Epoch 164: loss=0.17319
Epoch 165: loss=0.17921
Epoch 166: loss=0.16845
Epoch 167: loss=0.17461
Epoch 168: loss=0.17117
Epoch 169: loss=0.16762
Epoch 170: loss=0.16797
Epoch 171: loss=0.17398
Epoch 172: loss=0.16740
Epoch 173: loss=0.18155
Epoch 174: loss=0.17077
Epoch 175: loss=0.16699
Epoch 176: loss=0.17474
Epoch 177: loss=0.16477
Epoch 178: loss=0.17204
Epoch 179: loss=0.18226
Epoch 180: loss=0.16835
Epoch 181: loss=0.16312
Epoch 182: loss=0.16678
Epoch 183: loss=0.16245
Epoch 184: loss=0.16926
Epoch 185: loss=0.16988
Epoch 186: loss=0.17364
Epoch 187: loss=0.16576
Epoch 188: loss=0.17286
Epoch 189: loss=0.15974
Epoch 190: loss=0.16740
Epoch 191: loss=0.17138
Epoch 192: loss=0.16590
Epoch 193: loss=0.18712
Epoch 194: loss=0.17717
Epoch 195: loss=0.16877
Epoch 196: loss=0.17421
Epoch 197: loss=0.16691
Epoch 198: loss=0.16717
Epoch 199: loss=0.17173
Epoch 200: loss=0.16733
Epoch 201: loss=0.17663
Epoch 202: loss=0.16447
Epoch 203: loss=0.15731
Epoch 204: loss=0.17992
Epoch 205: loss=0.17353
Epoch 206: loss=0.16010
Epoch 207: loss=0.16728
Epoch 208: loss=0.17002
Epoch 209: loss=0.16967
Epoch 210: loss=0.16241
Epoch 211: loss=0.16762
Epoch 212: loss=0.16884
Epoch 213: loss=0.17562
Epoch 214: loss=0.17267
Epoch 215: loss=0.16729
Epoch 216: loss=0.16733
Epoch 217: loss=0.16573
Epoch 218: loss=0.16197
Epoch 219: loss=0.16059
Epoch 220: loss=0.17204
Epoch 221: loss=0.16513
Epoch 222: loss=0.16621
Epoch 223: loss=0.17024
Epoch 224: loss=0.16703
Epoch 225: loss=0.16404
Epoch 226: loss=0.16607
Epoch 227: loss=0.16620
Epoch 228: loss=0.17604
Epoch 229: loss=0.17252
Epoch 230: loss=0.17473
Epoch 231: loss=0.16003
Epoch 232: loss=0.17229
Epoch 233: loss=0.17005
Epoch 234: loss=0.17781
Epoch 235: loss=0.17606
Epoch 236: loss=0.17156
Epoch 237: loss=0.16530
Epoch 238: loss=0.16885
Epoch 239: loss=0.17107
Epoch 240: loss=0.17365
Epoch 241: loss=0.16596
Epoch 242: loss=0.18049
Epoch 243: loss=0.15852
Epoch 244: loss=0.17163
Epoch 245: loss=0.17593
Epoch 246: loss=0.17294
Epoch 247: loss=0.15785
Epoch 248: loss=0.16189
Epoch 249: loss=0.16613
Epoch 250: loss=0.16794
Epoch 251: loss=0.17112
Epoch 252: loss=0.16273
Epoch 253: loss=0.17130
Epoch 254: loss=0.16697
Epoch 255: loss=0.16594
Epoch 256: loss=0.16858
Epoch 257: loss=0.16823
Epoch 258: loss=0.17671
Epoch 259: loss=0.16859
Epoch 260: loss=0.16369
Epoch 261: loss=0.15958
Epoch 262: loss=0.17164
Epoch 263: loss=0.17379
Epoch 264: loss=0.16942
Epoch 265: loss=0.16720
Epoch 266: loss=0.16238
Epoch 267: loss=0.16092
Epoch 268: loss=0.17931
Epoch 269: loss=0.16896
Epoch 270: loss=0.17367
Epoch 271: loss=0.18552
Epoch 272: loss=0.16948
Epoch 273: loss=0.18839
Epoch 274: loss=0.17822
Epoch 275: loss=0.17577
Epoch 276: loss=0.17146
Epoch 277: loss=0.18004
Epoch 278: loss=0.17727
Epoch 279: loss=0.17255
Epoch 280: loss=0.18515
Epoch 281: loss=0.17190
Epoch 282: loss=0.16642
Epoch 283: loss=0.16820
Epoch 284: loss=0.16889
Epoch 285: loss=0.16413
Epoch 286: loss=0.17557
Epoch 287: loss=0.18437
Epoch 288: loss=0.17155
Epoch 289: loss=0.17315
Epoch 290: loss=0.18708
Epoch 291: loss=0.17229
Epoch 292: loss=0.16477
Epoch 293: loss=0.17987
Epoch 294: loss=0.17191
Epoch 295: loss=0.17237
Epoch 296: loss=0.17114
Epoch 297: loss=0.16938
Epoch 298: loss=0.16866
Epoch 299: loss=0.16761
Epoch 300: loss=0.17189
Epoch 301: loss=0.17266
Epoch 302: loss=0.16354
Epoch 303: loss=0.16798
Epoch 304: loss=0.17076
Epoch 305: loss=0.16749
Epoch 306: loss=0.16772
Epoch 307: loss=0.17076
Epoch 308: loss=0.17274
Epoch 309: loss=0.16730
Epoch 310: loss=0.17515
Epoch 311: loss=0.17201
Epoch 312: loss=0.16637
Epoch 313: loss=0.17966
Epoch 314: loss=0.17710
Epoch 315: loss=0.16711
Epoch 316: loss=0.18132
Epoch 317: loss=0.17909
Epoch 318: loss=0.17337
Epoch 319: loss=0.17112
Epoch 320: loss=0.16101
Epoch 321: loss=0.17552
Epoch 322: loss=0.16945
Epoch 323: loss=0.16194
Epoch 324: loss=0.18240
Epoch 325: loss=0.17312
Epoch 326: loss=0.16889
Epoch 327: loss=0.16976
Epoch 328: loss=0.16230
Epoch 329: loss=0.17022
Epoch 330: loss=0.17428
Epoch 331: loss=0.16708
Epoch 332: loss=0.16660
Epoch 333: loss=0.17270
Epoch 334: loss=0.17206
Epoch 335: loss=0.17468
Epoch 336: loss=0.17190
Epoch 337: loss=0.17161
Epoch 338: loss=0.17571
Epoch 339: loss=0.17545
Epoch 340: loss=0.16878
Epoch 341: loss=0.17979
Epoch 342: loss=0.17633
Epoch 343: loss=0.16649
Epoch 344: loss=0.16946
Epoch 345: loss=0.17591
Epoch 346: loss=0.17704
Epoch 347: loss=0.16600
Epoch 348: loss=0.17107
Epoch 349: loss=0.16730
Epoch 350: loss=0.17102
Epoch 351: loss=0.16964
Epoch 352: loss=0.17630
Epoch 353: loss=0.17138
Epoch 354: loss=0.16802
Epoch 355: loss=0.16583
Epoch 356: loss=0.16548
Epoch 357: loss=0.16317
Epoch 358: loss=0.16277
Epoch 359: loss=0.16627
Epoch 360: loss=0.16670
Epoch 361: loss=0.16829
Epoch 362: loss=0.16195
Epoch 363: loss=0.16657
Epoch 364: loss=0.16087
Epoch 365: loss=0.17339
Epoch 366: loss=0.17509
Epoch 367: loss=0.17487
Epoch 368: loss=0.17125
Epoch 369: loss=0.17026
Epoch 370: loss=0.16482
Epoch 371: loss=0.16874
Epoch 372: loss=0.17036
Epoch 373: loss=0.17285
Epoch 374: loss=0.17180
Epoch 375: loss=0.15791
Epoch 376: loss=0.16583
Epoch 377: loss=0.18584
Epoch 378: loss=0.17120
Epoch 379: loss=0.16507
Epoch 380: loss=0.16408
Epoch 381: loss=0.16603
Epoch 382: loss=0.17111
Epoch 383: loss=0.16824
Epoch 384: loss=0.16753
Epoch 385: loss=0.17493
Epoch 386: loss=0.17149
Epoch 387: loss=0.16400
Epoch 388: loss=0.16480
Epoch 389: loss=0.17223
Epoch 390: loss=0.15811
Epoch 391: loss=0.17361
Epoch 392: loss=0.17123
Epoch 393: loss=0.16008
Epoch 394: loss=0.15877
Epoch 395: loss=0.15753
Epoch 396: loss=0.17085
Epoch 397: loss=0.17276
Epoch 398: loss=0.16732
Epoch 399: loss=0.16706
Epoch 400: loss=0.16704
Training accuracy: 0.962
Test accuracy: 0.498

File list dumped

Saved in file
500 epochs recur round 2
are new values in file?
