/home/venkat/Unreliable_Synaptic_Transmission/Deepti/DOPcodes/SHD/dataset/shddataset/
The file is present.
Epoch 1: loss=0.25163
Epoch 2: loss=0.26050
Epoch 3: loss=0.27672
Epoch 4: loss=0.26348
Epoch 5: loss=0.28005
Epoch 6: loss=0.26966
Epoch 7: loss=0.26163
Epoch 8: loss=0.25755
Epoch 9: loss=0.24952
Epoch 10: loss=0.25610
Trained for 10 epochs
Training accuracy: 0.936
Epoch 1: loss=0.26330
Epoch 2: loss=0.25188
Epoch 3: loss=0.25110
Epoch 4: loss=0.25524
Epoch 5: loss=0.24940
Epoch 6: loss=0.25101
Epoch 7: loss=0.24359
Epoch 8: loss=0.23981
Epoch 9: loss=0.26860
Epoch 10: loss=0.25302
Epoch 11: loss=0.27590
Epoch 12: loss=0.25560
Epoch 13: loss=0.26141
Epoch 14: loss=0.24782
Epoch 15: loss=0.25103
Epoch 16: loss=0.24683
Epoch 17: loss=0.24877
Epoch 18: loss=0.24928
Epoch 19: loss=0.26060
Epoch 20: loss=0.24843
Epoch 21: loss=0.24994
Epoch 22: loss=0.26662
Epoch 23: loss=0.27214
Epoch 24: loss=0.25565
Epoch 25: loss=0.24771
Epoch 26: loss=0.25011
Epoch 27: loss=0.25148
Epoch 28: loss=0.25404
Epoch 29: loss=0.24879
Epoch 30: loss=0.23692
Epoch 31: loss=0.25509
Epoch 32: loss=0.23001
Epoch 33: loss=0.24420
Epoch 34: loss=0.23438
Epoch 35: loss=0.25121
Epoch 36: loss=0.23814
Epoch 37: loss=0.23301
Epoch 38: loss=0.23897
Epoch 39: loss=0.24535
Epoch 40: loss=0.22812
Epoch 41: loss=0.23694
Epoch 42: loss=0.24859
Epoch 43: loss=0.25095
Epoch 44: loss=0.23695
Epoch 45: loss=0.24238
Epoch 46: loss=0.23332
Epoch 47: loss=0.23925
Epoch 48: loss=0.23273
Epoch 49: loss=0.22409
Epoch 50: loss=0.23254
Epoch 51: loss=0.24321
Epoch 52: loss=0.24157
Epoch 53: loss=0.26508
Epoch 54: loss=0.25184
Epoch 55: loss=0.23257
Epoch 56: loss=0.23367
Epoch 57: loss=0.24626
Epoch 58: loss=0.24430
Epoch 59: loss=0.24628
Epoch 60: loss=0.23036
Epoch 61: loss=0.23450
Epoch 62: loss=0.24860
Epoch 63: loss=0.25663
Epoch 64: loss=0.23285
Epoch 65: loss=0.22545
Epoch 66: loss=0.23803
Epoch 67: loss=0.23467
Epoch 68: loss=0.23822
Epoch 69: loss=0.24184
Epoch 70: loss=0.23410
Epoch 71: loss=0.25087
Epoch 72: loss=0.22299
Epoch 73: loss=0.23847
Epoch 74: loss=0.22426
Epoch 75: loss=0.21967
Epoch 76: loss=0.25358
Epoch 77: loss=0.23753
Epoch 78: loss=0.23691
Epoch 79: loss=0.23072
Epoch 80: loss=0.25695
Epoch 81: loss=0.25487
Epoch 82: loss=0.23088
Epoch 83: loss=0.25380
Epoch 84: loss=0.24029
Epoch 85: loss=0.24392
Epoch 86: loss=0.23896
Epoch 87: loss=0.23773
Epoch 88: loss=0.22484
Epoch 89: loss=0.23520
Epoch 90: loss=0.23613
Epoch 91: loss=0.23777
Epoch 92: loss=0.23230
Epoch 93: loss=0.23497
Epoch 94: loss=0.24091
Epoch 95: loss=0.23994
Epoch 96: loss=0.22169
Epoch 97: loss=0.23564
Epoch 98: loss=0.24091
Epoch 99: loss=0.22913
Epoch 100: loss=0.23921
Epoch 101: loss=0.25210
Epoch 102: loss=0.23825
Epoch 103: loss=0.22769
Epoch 104: loss=0.23968
Epoch 105: loss=0.23259
Epoch 106: loss=0.23350
Epoch 107: loss=0.25401
Epoch 108: loss=0.24066
Epoch 109: loss=0.21937
Epoch 110: loss=0.22919
Epoch 111: loss=0.24458
Epoch 112: loss=0.22483
Epoch 113: loss=0.22418
Epoch 114: loss=0.23976
Epoch 115: loss=0.22555
Epoch 116: loss=0.24435
Epoch 117: loss=0.23716
Epoch 118: loss=0.23616
Epoch 119: loss=0.22098
Epoch 120: loss=0.22089
Epoch 121: loss=0.22403
Epoch 122: loss=0.23145
Epoch 123: loss=0.24302
Epoch 124: loss=0.22288
Epoch 125: loss=0.23139
Epoch 126: loss=0.22653
Epoch 127: loss=0.23062
Epoch 128: loss=0.22798
Epoch 129: loss=0.23355
Epoch 130: loss=0.21665
Epoch 131: loss=0.21906
Epoch 132: loss=0.21784
Epoch 133: loss=0.21794
Epoch 134: loss=0.21702
Epoch 135: loss=0.22334
Epoch 136: loss=0.23095
Epoch 137: loss=0.22481
Epoch 138: loss=0.21280
Epoch 139: loss=0.22307
Epoch 140: loss=0.22290
Epoch 141: loss=0.23270
Epoch 142: loss=0.22117
Epoch 143: loss=0.22643
Epoch 144: loss=0.23091
Epoch 145: loss=0.22117
Epoch 146: loss=0.21947
Epoch 147: loss=0.23401
Epoch 148: loss=0.22883
Epoch 149: loss=0.22299
Epoch 150: loss=0.24039
Epoch 151: loss=0.23369
Epoch 152: loss=0.22589
Epoch 153: loss=0.22303
Epoch 154: loss=0.21472
Epoch 155: loss=0.22932
Epoch 156: loss=0.22847
Epoch 157: loss=0.22183
Epoch 158: loss=0.23723
Epoch 159: loss=0.21039
Epoch 160: loss=0.21837
Epoch 161: loss=0.22440
Epoch 162: loss=0.23353
Epoch 163: loss=0.21251
Epoch 164: loss=0.22926
Epoch 165: loss=0.23032
Epoch 166: loss=0.22584
Epoch 167: loss=0.23250
Epoch 168: loss=0.22352
Epoch 169: loss=0.22807
Epoch 170: loss=0.21574
Epoch 171: loss=0.23245
Epoch 172: loss=0.22674
Epoch 173: loss=0.23619
Epoch 174: loss=0.22685
Epoch 175: loss=0.21555
Epoch 176: loss=0.23024
Epoch 177: loss=0.24324
Epoch 178: loss=0.22995
Epoch 179: loss=0.23665
Epoch 180: loss=0.22377
Epoch 181: loss=0.22705
Epoch 182: loss=0.21918
Epoch 183: loss=0.22006
Epoch 184: loss=0.22277
Epoch 185: loss=0.22309
Epoch 186: loss=0.21209
Epoch 187: loss=0.21882
Epoch 188: loss=0.21618
Epoch 189: loss=0.21507
Epoch 190: loss=0.22057
Epoch 191: loss=0.23176
Epoch 192: loss=0.21202
Epoch 193: loss=0.21823
Epoch 194: loss=0.21636
Epoch 195: loss=0.21652
Epoch 196: loss=0.21601
Epoch 197: loss=0.20221
Epoch 198: loss=0.20973
Epoch 199: loss=0.22165
Epoch 200: loss=0.21388
Training accuracy: 0.959
Test accuracy: 0.553

File list dumped

Saved in file
500 epochs recur round 2
are new values in file?
