/home/venkat/Unreliable_Synaptic_Transmission/Deepti/DOPcodes/SHD/dataset/shddataset/
The file is present.
Epoch 1: loss=0.21701
Epoch 2: loss=0.23412
Epoch 3: loss=0.21420
Epoch 4: loss=0.21768
Epoch 5: loss=0.21665
Epoch 6: loss=0.22322
Epoch 7: loss=0.22818
Epoch 8: loss=0.21756
Epoch 9: loss=0.20992
Epoch 10: loss=0.21133
Trained for 10 epochs
Training accuracy: 0.964
Epoch 1: loss=0.20620
Epoch 2: loss=0.22113
Epoch 3: loss=0.22191
Epoch 4: loss=0.23154
Epoch 5: loss=0.22073
Epoch 6: loss=0.21054
Epoch 7: loss=0.21343
Epoch 8: loss=0.21623
Epoch 9: loss=0.21237
Epoch 10: loss=0.19570
Epoch 11: loss=0.21215
Epoch 12: loss=0.21963
Epoch 13: loss=0.21295
Epoch 14: loss=0.21939
Epoch 15: loss=0.20661
Epoch 16: loss=0.21441
Epoch 17: loss=0.21875
Epoch 18: loss=0.21291
Epoch 19: loss=0.21583
Epoch 20: loss=0.22010
Epoch 21: loss=0.20261
Epoch 22: loss=0.21091
Epoch 23: loss=0.19798
Epoch 24: loss=0.21770
Epoch 25: loss=0.21372
Epoch 26: loss=0.20964
Epoch 27: loss=0.21643
Epoch 28: loss=0.21005
Epoch 29: loss=0.20575
Epoch 30: loss=0.21000
Epoch 31: loss=0.20248
Epoch 32: loss=0.19972
Epoch 33: loss=0.20866
Epoch 34: loss=0.19655
Epoch 35: loss=0.20621
Epoch 36: loss=0.20458
Epoch 37: loss=0.22167
Epoch 38: loss=0.21448
Epoch 39: loss=0.21303
Epoch 40: loss=0.20324
Epoch 41: loss=0.21501
Epoch 42: loss=0.20081
Epoch 43: loss=0.20209
Epoch 44: loss=0.20636
Epoch 45: loss=0.21663
Epoch 46: loss=0.21450
Epoch 47: loss=0.24013
Epoch 48: loss=0.22897
Epoch 49: loss=0.23280
Epoch 50: loss=0.23351
Epoch 51: loss=0.20505
Epoch 52: loss=0.21055
Epoch 53: loss=0.21051
Epoch 54: loss=0.21566
Epoch 55: loss=0.22184
Epoch 56: loss=0.20880
Epoch 57: loss=0.21025
Epoch 58: loss=0.20957
Epoch 59: loss=0.21600
Epoch 60: loss=0.20543
Epoch 61: loss=0.20893
Epoch 62: loss=0.21676
Epoch 63: loss=0.21852
Epoch 64: loss=0.21605
Epoch 65: loss=0.22032
Epoch 66: loss=0.21315
Epoch 67: loss=0.22186
Epoch 68: loss=0.21605
Epoch 69: loss=0.22031
Epoch 70: loss=0.20673
Epoch 71: loss=0.21721
Epoch 72: loss=0.21434
Epoch 73: loss=0.19605
Epoch 74: loss=0.19612
Epoch 75: loss=0.21320
Epoch 76: loss=0.20936
Epoch 77: loss=0.21052
Epoch 78: loss=0.21252
Epoch 79: loss=0.19759
Epoch 80: loss=0.21894
Epoch 81: loss=0.21602
Epoch 82: loss=0.22525
Epoch 83: loss=0.20417
Epoch 84: loss=0.20802
Epoch 85: loss=0.21855
Epoch 86: loss=0.20506
Epoch 87: loss=0.20233
Epoch 88: loss=0.20629
Epoch 89: loss=0.21469
Epoch 90: loss=0.21495
Epoch 91: loss=0.20254
Epoch 92: loss=0.20291
Epoch 93: loss=0.22498
Epoch 94: loss=0.21353
Epoch 95: loss=0.19678
Epoch 96: loss=0.21077
Epoch 97: loss=0.21000
Epoch 98: loss=0.20625
Epoch 99: loss=0.19830
Epoch 100: loss=0.21644
Epoch 101: loss=0.21145
Epoch 102: loss=0.20872
Epoch 103: loss=0.21398
Epoch 104: loss=0.21008
Epoch 105: loss=0.20784
Epoch 106: loss=0.21500
Epoch 107: loss=0.21479
Epoch 108: loss=0.21782
Epoch 109: loss=0.19770
Epoch 110: loss=0.21527
Epoch 111: loss=0.20483
Epoch 112: loss=0.20589
Epoch 113: loss=0.20657
Epoch 114: loss=0.20768
Epoch 115: loss=0.20120
Epoch 116: loss=0.21320
Epoch 117: loss=0.20018
Epoch 118: loss=0.20769
Epoch 119: loss=0.21582
Epoch 120: loss=0.21745
Epoch 121: loss=0.19995
Epoch 122: loss=0.20053
Epoch 123: loss=0.20453
Epoch 124: loss=0.21539
Epoch 125: loss=0.20491
Epoch 126: loss=0.20467
Epoch 127: loss=0.20604
Epoch 128: loss=0.19096
Epoch 129: loss=0.20983
Epoch 130: loss=0.20849
Epoch 131: loss=0.20409
Epoch 132: loss=0.20259
Epoch 133: loss=0.21974
Epoch 134: loss=0.20634
Epoch 135: loss=0.21481
Epoch 136: loss=0.21323
Epoch 137: loss=0.20959
Epoch 138: loss=0.20834
Epoch 139: loss=0.20848
Epoch 140: loss=0.20505
Epoch 141: loss=0.20376
Epoch 142: loss=0.20540
Epoch 143: loss=0.20097
Epoch 144: loss=0.20044
Epoch 145: loss=0.21208
Epoch 146: loss=0.21008
Epoch 147: loss=0.20613
Epoch 148: loss=0.19994
Epoch 149: loss=0.20306
Epoch 150: loss=0.20318
Epoch 151: loss=0.20256
Epoch 152: loss=0.21210
Epoch 153: loss=0.20977
Epoch 154: loss=0.20652
Epoch 155: loss=0.19937
Epoch 156: loss=0.21042
Epoch 157: loss=0.19846
Epoch 158: loss=0.19978
Epoch 159: loss=0.20376
Epoch 160: loss=0.19184
Epoch 161: loss=0.18665
Epoch 162: loss=0.21028
Epoch 163: loss=0.20495
Epoch 164: loss=0.19994
Epoch 165: loss=0.19729
Epoch 166: loss=0.20631
Epoch 167: loss=0.19983
Epoch 168: loss=0.19846
Epoch 169: loss=0.19872
Epoch 170: loss=0.20951
Epoch 171: loss=0.19840
Epoch 172: loss=0.20626
Epoch 173: loss=0.20147
Epoch 174: loss=0.20311
Epoch 175: loss=0.19759
Epoch 176: loss=0.20548
Epoch 177: loss=0.20148
Epoch 178: loss=0.21087
Epoch 179: loss=0.19812
Epoch 180: loss=0.20076
Epoch 181: loss=0.19574
Epoch 182: loss=0.20013
Epoch 183: loss=0.19081
Epoch 184: loss=0.18130
Epoch 185: loss=0.20215
Epoch 186: loss=0.19170
Epoch 187: loss=0.20306
Epoch 188: loss=0.19678
Epoch 189: loss=0.20866
Epoch 190: loss=0.19924
Epoch 191: loss=0.19812
Epoch 192: loss=0.20084
Epoch 193: loss=0.19808
Epoch 194: loss=0.19463
Epoch 195: loss=0.18974
Epoch 196: loss=0.20254
Epoch 197: loss=0.20485
Epoch 198: loss=0.20541
Epoch 199: loss=0.19377
Epoch 200: loss=0.18762
Training accuracy: 0.966
Test accuracy: 0.539

File list dumped

Saved in file
500 epochs recur round 2
are new values in file?
