Lmod has detected the following error: The following module(s) are unknown:
"cuda-11.0.2-gcc-10.2.0-3wlbq6u"

Please check the spelling or version number. Also try "module spider ..."
It is also possible your cache file is out-of-date; it may help to try:
  $ module --ignore-cache load "cuda-11.0.2-gcc-10.2.0-3wlbq6u"

Also make sure that all modulefiles written in TCL start with the string
#%Module



slurmstepd: error: *** JOB 8026 ON gpunode2 CANCELLED AT 2022-02-03T13:41:25 ***
slurmstepd: error: *** STEP 8026.0 ON gpunode2 CANCELLED AT 2022-02-03T13:41:25 ***
/home/venkat/Unreliable_Synaptic_Transmission/Deepti/DOPcodes/SHD/dataset/shddataset/
File not present for network with uniform weight initialisation
Initialised with numbers from uniform distribution
Epoch 1: loss=15.02505
Epoch 2: loss=3.38025
Epoch 3: loss=2.96437
Epoch 4: loss=2.77346
Epoch 5: loss=2.58586
Epoch 6: loss=2.44435
Epoch 7: loss=2.36945
Epoch 8: loss=2.26876
Epoch 9: loss=2.23819
Epoch 10: loss=2.15178
Trained for 10 epochs
Training accuracy: 0.427
Epoch 1: loss=2.02038
Epoch 2: loss=1.96383
Epoch 3: loss=1.91192
Epoch 4: loss=1.85433
Epoch 5: loss=1.78245
Epoch 6: loss=1.74465
Epoch 7: loss=1.70531
Epoch 8: loss=1.66653
Epoch 9: loss=1.58829
Epoch 10: loss=1.55069
Epoch 11: loss=1.51750
Epoch 12: loss=1.48560
Epoch 13: loss=1.44457
Epoch 14: loss=1.41710
Epoch 15: loss=1.37254
Epoch 16: loss=1.30897
Epoch 17: loss=1.30827
Epoch 18: loss=1.30176
Epoch 19: loss=1.29893
Epoch 20: loss=1.24165
Epoch 21: loss=1.23147
Epoch 22: loss=1.21013
Epoch 23: loss=1.17211
Epoch 24: loss=1.14016
Epoch 25: loss=1.10978
Epoch 26: loss=1.09725
Epoch 27: loss=1.09215
Epoch 28: loss=1.06443
Epoch 29: loss=1.04504
Epoch 30: loss=1.04588
Epoch 31: loss=0.99505
Epoch 32: loss=0.99429
Epoch 33: loss=0.96787
Epoch 34: loss=0.96864
Epoch 35: loss=0.95531
Epoch 36: loss=0.91212
Epoch 37: loss=0.91779
Epoch 38: loss=0.90266
Epoch 39: loss=0.91511
Epoch 40: loss=0.90597
Epoch 41: loss=0.86340
Epoch 42: loss=0.87706
Epoch 43: loss=0.88662
Epoch 44: loss=0.86500
Epoch 45: loss=0.84761
Epoch 46: loss=0.84899
Epoch 47: loss=0.81997
Epoch 48: loss=0.80880
Epoch 49: loss=0.82187
Epoch 50: loss=0.82723
Epoch 51: loss=0.78795
Epoch 52: loss=0.75090
Epoch 53: loss=0.79233
Epoch 54: loss=0.75072
Epoch 55: loss=0.75957
Epoch 56: loss=0.74244
Epoch 57: loss=0.73624
Epoch 58: loss=0.70215
Epoch 59: loss=0.70092
Epoch 60: loss=0.70642
Epoch 61: loss=0.72311
Epoch 62: loss=0.70541
Epoch 63: loss=0.71723
Epoch 64: loss=0.69693
Epoch 65: loss=0.71172
Epoch 66: loss=0.67768
Epoch 67: loss=0.67039
Epoch 68: loss=0.63296
Epoch 69: loss=0.66014
Epoch 70: loss=0.66450
Epoch 71: loss=0.65950
Epoch 72: loss=0.62637
Epoch 73: loss=0.64207
Epoch 74: loss=0.62433
Epoch 75: loss=0.62974
Epoch 76: loss=0.61969
Epoch 77: loss=0.64738
Epoch 78: loss=0.60327
Epoch 79: loss=0.60186
Epoch 80: loss=0.56399
Epoch 81: loss=0.56173
Epoch 82: loss=0.60212
Epoch 83: loss=0.56465
Epoch 84: loss=0.57352
Epoch 85: loss=0.57086
Epoch 86: loss=0.57859
Epoch 87: loss=0.55523
Epoch 88: loss=0.56272
Epoch 89: loss=0.53694
Epoch 90: loss=0.53536
Epoch 91: loss=0.53094
Epoch 92: loss=0.53599
Epoch 93: loss=0.52525
Epoch 94: loss=0.52102
Epoch 95: loss=0.50120
Epoch 96: loss=0.50969
Epoch 97: loss=0.51313
Epoch 98: loss=0.49789
Epoch 99: loss=0.51973
Epoch 100: loss=0.50906
Epoch 101: loss=0.49258
Epoch 102: loss=0.48518
Epoch 103: loss=0.49778
Epoch 104: loss=0.48238
Epoch 105: loss=0.49028
Epoch 106: loss=0.48724
Epoch 107: loss=0.46642
Epoch 108: loss=0.46050
Epoch 109: loss=0.49295
Epoch 110: loss=0.50318
Epoch 111: loss=0.46174
Epoch 112: loss=0.46248
Epoch 113: loss=0.46991
Epoch 114: loss=0.46881
Epoch 115: loss=0.45687
Epoch 116: loss=0.46007
Epoch 117: loss=0.43868
Epoch 118: loss=0.46893
Epoch 119: loss=0.45788
Epoch 120: loss=0.43917
Epoch 121: loss=0.45847
Epoch 122: loss=0.43231
Epoch 123: loss=0.42817
Epoch 124: loss=0.44815
Epoch 125: loss=0.42300
Epoch 126: loss=0.41587
Epoch 127: loss=0.44046
Epoch 128: loss=0.41003
Epoch 129: loss=0.46254
Epoch 130: loss=0.43095
Epoch 131: loss=0.42852
Epoch 132: loss=0.42544
Epoch 133: loss=0.39542
Epoch 134: loss=0.38824
Epoch 135: loss=0.38911
Epoch 136: loss=0.40407
Epoch 137: loss=0.38905
Epoch 138: loss=0.41453
Epoch 139: loss=0.39377
Epoch 140: loss=0.40631
Epoch 141: loss=0.39427
Epoch 142: loss=0.39303
Epoch 143: loss=0.38332
Epoch 144: loss=0.39387
Epoch 145: loss=0.39023
Epoch 146: loss=0.36308
Epoch 147: loss=0.36955
Epoch 148: loss=0.37324
Epoch 149: loss=0.36573
Epoch 150: loss=0.37675
Epoch 151: loss=0.38736
Epoch 152: loss=0.36457
Epoch 153: loss=0.38259
Epoch 154: loss=0.36641
Epoch 155: loss=0.35961
Epoch 156: loss=0.37998
Epoch 157: loss=0.37519
Epoch 158: loss=0.35884
Epoch 159: loss=0.35205
Epoch 160: loss=0.34417
Epoch 161: loss=0.34693
Epoch 162: loss=0.33992
Epoch 163: loss=0.33691
Epoch 164: loss=0.33937
Epoch 165: loss=0.31611
Epoch 166: loss=0.33725
Epoch 167: loss=0.33896
Epoch 168: loss=0.33056
Epoch 169: loss=0.33034
Epoch 170: loss=0.32503
Epoch 171: loss=0.34330
Epoch 172: loss=0.33523
Epoch 173: loss=0.32345
Epoch 174: loss=0.33149
Epoch 175: loss=0.32348
Epoch 176: loss=0.32152
Epoch 177: loss=0.32073
Epoch 178: loss=0.32880
Epoch 179: loss=0.31542
Epoch 180: loss=0.32193
Epoch 181: loss=0.32734
Epoch 182: loss=0.30520
Epoch 183: loss=0.31936
Epoch 184: loss=0.31908
Epoch 185: loss=0.30079
Epoch 186: loss=0.30937
Epoch 187: loss=0.30273
Epoch 188: loss=0.30029
Epoch 189: loss=0.30559
Epoch 190: loss=0.32556
Epoch 191: loss=0.30716
Epoch 192: loss=0.31496
Epoch 193: loss=0.29584
Epoch 194: loss=0.31675
Epoch 195: loss=0.30629
Epoch 196: loss=0.29366
Epoch 197: loss=0.29914
Epoch 198: loss=0.29379
Epoch 199: loss=0.29354
Epoch 200: loss=0.29756
Epoch 201: loss=0.30322
Epoch 202: loss=0.32091
Epoch 203: loss=0.29837
Epoch 204: loss=0.29635
Epoch 205: loss=0.31081
Epoch 206: loss=0.30563
Epoch 207: loss=0.30569
Epoch 208: loss=0.31666
Epoch 209: loss=0.29377
Epoch 210: loss=0.30515
Epoch 211: loss=0.29027
Epoch 212: loss=0.29626
Epoch 213: loss=0.29269
Epoch 214: loss=0.29313
Epoch 215: loss=0.29550
Epoch 216: loss=0.27524
Epoch 217: loss=0.30566
Epoch 218: loss=0.29201
Epoch 219: loss=0.28046
Epoch 220: loss=0.26935
Epoch 221: loss=0.29708
Epoch 222: loss=0.27735
Epoch 223: loss=0.27076
Epoch 224: loss=0.28517
Epoch 225: loss=0.28055
Epoch 226: loss=0.29126
Epoch 227: loss=0.29386
Epoch 228: loss=0.29386
Epoch 229: loss=0.27676
Epoch 230: loss=0.27252
Epoch 231: loss=0.26938
Epoch 232: loss=0.30560
Epoch 233: loss=0.32228
Epoch 234: loss=0.27611
Epoch 235: loss=0.26248
Epoch 236: loss=0.28782
Epoch 237: loss=0.26990
Epoch 238: loss=0.29106
Epoch 239: loss=0.27958
Epoch 240: loss=0.26780
Epoch 241: loss=0.27018
Epoch 242: loss=0.27720
Epoch 243: loss=0.26196
Epoch 244: loss=0.26992
Epoch 245: loss=0.27962
Epoch 246: loss=0.27713
Epoch 247: loss=0.26324
Epoch 248: loss=0.26174
Epoch 249: loss=0.27320
Epoch 250: loss=0.27359
Epoch 251: loss=0.24692
Epoch 252: loss=0.26758
Epoch 253: loss=0.25503
Epoch 254: loss=0.25965
Epoch 255: loss=0.28172
Epoch 256: loss=0.26006
Epoch 257: loss=0.25779
Epoch 258: loss=0.26316
Epoch 259: loss=0.25817
Epoch 260: loss=0.26070
Epoch 261: loss=0.27326
Epoch 262: loss=0.24961
Epoch 263: loss=0.24337
Epoch 264: loss=0.24105
Epoch 265: loss=0.24606
Epoch 266: loss=0.26576
Epoch 267: loss=0.26270
Epoch 268: loss=0.26135
Epoch 269: loss=0.26302
Epoch 270: loss=0.27313
Epoch 271: loss=0.26538
Epoch 272: loss=0.25118
Epoch 273: loss=0.28043
Epoch 274: loss=0.25536
Epoch 275: loss=0.26600
Epoch 276: loss=0.25088
Epoch 277: loss=0.27862
Epoch 278: loss=0.27567
Epoch 279: loss=0.26587
Epoch 280: loss=0.25434
Epoch 281: loss=0.26265
Epoch 282: loss=0.25584
Epoch 283: loss=0.24133
Epoch 284: loss=0.25540
Epoch 285: loss=0.24209
Epoch 286: loss=0.26088
Epoch 287: loss=0.26917
Epoch 288: loss=0.25683
Epoch 289: loss=0.24220
Epoch 290: loss=0.26029
Epoch 291: loss=0.25853
Epoch 292: loss=0.25230
Epoch 293: loss=0.24433
Epoch 294: loss=0.24814
Epoch 295: loss=0.24642
Epoch 296: loss=0.24867
Epoch 297: loss=0.24318
Epoch 298: loss=0.24374
Epoch 299: loss=0.23800
Epoch 300: loss=0.24751
Epoch 301: loss=0.24657
Epoch 302: loss=0.26443
Epoch 303: loss=0.24206
Epoch 304: loss=0.24680
Epoch 305: loss=0.22870
Epoch 306: loss=0.25288
Epoch 307: loss=0.24326
Epoch 308: loss=0.22134
Epoch 309: loss=0.25628
Epoch 310: loss=0.23631
Epoch 311: loss=0.25600
Epoch 312: loss=0.24801
Epoch 313: loss=0.24124
Epoch 314: loss=0.23071
Epoch 315: loss=0.23960
Epoch 316: loss=0.23011
Epoch 317: loss=0.24467
Epoch 318: loss=0.23775
Epoch 319: loss=0.22981
Epoch 320: loss=0.23348
Epoch 321: loss=0.24683
Epoch 322: loss=0.23720
Epoch 323: loss=0.23575
Epoch 324: loss=0.24101
Epoch 325: loss=0.24846
Epoch 326: loss=0.26209
Epoch 327: loss=0.24303
Epoch 328: loss=0.26009
Epoch 329: loss=0.24938
Epoch 330: loss=0.23927
Epoch 331: loss=0.25091
Epoch 332: loss=0.24208
Epoch 333: loss=0.23358
Epoch 334: loss=0.23244
Epoch 335: loss=0.27090
Epoch 336: loss=0.25681
Epoch 337: loss=0.23928
Epoch 338: loss=0.22605
Epoch 339: loss=0.23724
Epoch 340: loss=0.21699
Epoch 341: loss=0.22421
Epoch 342: loss=0.23032
Epoch 343: loss=0.22595
Epoch 344: loss=0.24734
Epoch 345: loss=0.23694
Epoch 346: loss=0.23187
Epoch 347: loss=0.22895
Epoch 348: loss=0.24841
Epoch 349: loss=0.22165
Epoch 350: loss=0.21812
Epoch 351: loss=0.21784
Epoch 352: loss=0.22608
Epoch 353: loss=0.21264
Epoch 354: loss=0.24488
Epoch 355: loss=0.23960
Epoch 356: loss=0.23353
Epoch 357: loss=0.22832
Epoch 358: loss=0.22259
Epoch 359: loss=0.21924
Epoch 360: loss=0.21553
Epoch 361: loss=0.20757
Epoch 362: loss=0.21714
Epoch 363: loss=0.22299
Epoch 364: loss=0.21878
Epoch 365: loss=0.22585
Epoch 366: loss=0.20174
Epoch 367: loss=0.21671
Epoch 368: loss=0.23238
Epoch 369: loss=0.21344
Epoch 370: loss=0.21723
Epoch 371: loss=0.21750
Epoch 372: loss=0.20958
Epoch 373: loss=0.22859
Epoch 374: loss=0.23130
Epoch 375: loss=0.24070
Epoch 376: loss=0.20304
Epoch 377: loss=0.21647
Epoch 378: loss=0.21459
Epoch 379: loss=0.22177
Epoch 380: loss=0.21704
Epoch 381: loss=0.20294
Epoch 382: loss=0.22043
Epoch 383: loss=0.22045
Epoch 384: loss=0.24220
Epoch 385: loss=0.22949
Epoch 386: loss=0.21246
Epoch 387: loss=0.22824
Epoch 388: loss=0.22162
Epoch 389: loss=0.21761
Epoch 390: loss=0.22184
Epoch 391: loss=0.20563
Epoch 392: loss=0.21584
Epoch 393: loss=0.21754
Epoch 394: loss=0.21954
Epoch 395: loss=0.21840
Epoch 396: loss=0.21403
Epoch 397: loss=0.20779
Epoch 398: loss=0.21731
Epoch 399: loss=0.21808
Epoch 400: loss=0.21797
Training accuracy: 0.963
Test accuracy: 0.581

File list dumped

Saved in file
1000 epochs recur round 1
are new values in file?
