/home/venkat/Unreliable_Synaptic_Transmission/Deepti/DOPcodes/SHD/dataset/shddataset/
The file is present.
Epoch 1: loss=0.18639
Epoch 2: loss=0.20091
Epoch 3: loss=0.18270
Epoch 4: loss=0.19784
Epoch 5: loss=0.20356
Epoch 6: loss=0.19461
Epoch 7: loss=0.19826
Epoch 8: loss=0.19465
Epoch 9: loss=0.20252
Epoch 10: loss=0.19333
Trained for 10 epochs
Training accuracy: 0.961
Epoch 1: loss=0.19830
Epoch 2: loss=0.19308
Epoch 3: loss=0.19737
Epoch 4: loss=0.18486
Epoch 5: loss=0.18823
Epoch 6: loss=0.18463
Epoch 7: loss=0.18954
Epoch 8: loss=0.19260
Epoch 9: loss=0.19106
Epoch 10: loss=0.19276
Epoch 11: loss=0.19597
Epoch 12: loss=0.19625
Epoch 13: loss=0.18862
Epoch 14: loss=0.19069
Epoch 15: loss=0.18770
Epoch 16: loss=0.20571
Epoch 17: loss=0.18379
Epoch 18: loss=0.20292
Epoch 19: loss=0.18997
Epoch 20: loss=0.19907
Epoch 21: loss=0.20027
Epoch 22: loss=0.19622
Epoch 23: loss=0.18235
Epoch 24: loss=0.20093
Epoch 25: loss=0.19934
Epoch 26: loss=0.18860
Epoch 27: loss=0.19657
Epoch 28: loss=0.19665
Epoch 29: loss=0.19427
Epoch 30: loss=0.19355
Epoch 31: loss=0.18752
Epoch 32: loss=0.20188
Epoch 33: loss=0.19232
Epoch 34: loss=0.18497
Epoch 35: loss=0.18567
Epoch 36: loss=0.18561
Epoch 37: loss=0.19725
Epoch 38: loss=0.19222
Epoch 39: loss=0.19503
Epoch 40: loss=0.18026
Epoch 41: loss=0.18268
Epoch 42: loss=0.20248
Epoch 43: loss=0.19253
Epoch 44: loss=0.19111
Epoch 45: loss=0.19288
Epoch 46: loss=0.19161
Epoch 47: loss=0.19526
Epoch 48: loss=0.19687
Epoch 49: loss=0.19759
Epoch 50: loss=0.19033
Epoch 51: loss=0.18926
Epoch 52: loss=0.19567
Epoch 53: loss=0.20568
Epoch 54: loss=0.18680
Epoch 55: loss=0.18230
Epoch 56: loss=0.18677
Epoch 57: loss=0.18228
Epoch 58: loss=0.19286
Epoch 59: loss=0.19114
Epoch 60: loss=0.18056
Epoch 61: loss=0.18493
Epoch 62: loss=0.19324
Epoch 63: loss=0.18721
Epoch 64: loss=0.20112
Epoch 65: loss=0.19611
Epoch 66: loss=0.18767
Epoch 67: loss=0.20410
Epoch 68: loss=0.19755
Epoch 69: loss=0.19691
Epoch 70: loss=0.18937
Epoch 71: loss=0.18899
Epoch 72: loss=0.19248
Epoch 73: loss=0.19095
Epoch 74: loss=0.18396
Epoch 75: loss=0.19456
Epoch 76: loss=0.20008
Epoch 77: loss=0.19888
Epoch 78: loss=0.19216
Epoch 79: loss=0.19181
Epoch 80: loss=0.19085
Epoch 81: loss=0.18481
Epoch 82: loss=0.19332
Epoch 83: loss=0.19115
Epoch 84: loss=0.19718
Epoch 85: loss=0.19358
Epoch 86: loss=0.19519
Epoch 87: loss=0.20417
Epoch 88: loss=0.20074
Epoch 89: loss=0.17938
Epoch 90: loss=0.18442
Epoch 91: loss=0.19990
Epoch 92: loss=0.18694
Epoch 93: loss=0.18584
Epoch 94: loss=0.18568
Epoch 95: loss=0.19808
Epoch 96: loss=0.17945
Epoch 97: loss=0.19923
Epoch 98: loss=0.18315
Epoch 99: loss=0.17524
Epoch 100: loss=0.19160
Epoch 101: loss=0.18964
Epoch 102: loss=0.18094
Epoch 103: loss=0.19318
Epoch 104: loss=0.19411
Epoch 105: loss=0.19683
Epoch 106: loss=0.18529
Epoch 107: loss=0.18717
Epoch 108: loss=0.19890
Epoch 109: loss=0.19385
Epoch 110: loss=0.18170
Epoch 111: loss=0.19049
Epoch 112: loss=0.18768
Epoch 113: loss=0.18902
Epoch 114: loss=0.20138
Epoch 115: loss=0.19080
Epoch 116: loss=0.18631
Epoch 117: loss=0.18997
Epoch 118: loss=0.20075
Epoch 119: loss=0.18765
Epoch 120: loss=0.20006
Epoch 121: loss=0.18702
Epoch 122: loss=0.19059
Epoch 123: loss=0.18682
Epoch 124: loss=0.19117
Epoch 125: loss=0.19189
Epoch 126: loss=0.18021
Epoch 127: loss=0.19153
Epoch 128: loss=0.18511
Epoch 129: loss=0.18570
Epoch 130: loss=0.19555
Epoch 131: loss=0.19497
Epoch 132: loss=0.19221
Epoch 133: loss=0.18558
Epoch 134: loss=0.17279
Epoch 135: loss=0.18081
Epoch 136: loss=0.18893
Epoch 137: loss=0.17974
Epoch 138: loss=0.18495
Epoch 139: loss=0.19715
Epoch 140: loss=0.18863
Epoch 141: loss=0.19129
Epoch 142: loss=0.18829
Epoch 143: loss=0.18159
Epoch 144: loss=0.17752
Epoch 145: loss=0.19245
Epoch 146: loss=0.18909
Epoch 147: loss=0.19013
Epoch 148: loss=0.19215
Epoch 149: loss=0.18500
Epoch 150: loss=0.19188
Epoch 151: loss=0.20381
Epoch 152: loss=0.18780
Epoch 153: loss=0.18559
Epoch 154: loss=0.18386
Epoch 155: loss=0.18223
Epoch 156: loss=0.18829
Epoch 157: loss=0.18529
Epoch 158: loss=0.18208
Epoch 159: loss=0.18834
Epoch 160: loss=0.19052
Epoch 161: loss=0.19666
Epoch 162: loss=0.19512
Epoch 163: loss=0.18474
Epoch 164: loss=0.18310
Epoch 165: loss=0.19065
Epoch 166: loss=0.18934
Epoch 167: loss=0.18386
Epoch 168: loss=0.18131
Epoch 169: loss=0.18814
Epoch 170: loss=0.18401
Epoch 171: loss=0.18534
Epoch 172: loss=0.17323
Epoch 173: loss=0.18847
Epoch 174: loss=0.18420
Epoch 175: loss=0.18490
Epoch 176: loss=0.18343
Epoch 177: loss=0.18726
Epoch 178: loss=0.19459
Epoch 179: loss=0.18170
Epoch 180: loss=0.18665
Epoch 181: loss=0.18840
Epoch 182: loss=0.18907
Epoch 183: loss=0.19038
Epoch 184: loss=0.18332
Epoch 185: loss=0.17610
Epoch 186: loss=0.18962
Epoch 187: loss=0.18748
Epoch 188: loss=0.18526
Epoch 189: loss=0.18026
Epoch 190: loss=0.19300
Epoch 191: loss=0.19641
Epoch 192: loss=0.19213
Epoch 193: loss=0.18192
Epoch 194: loss=0.18512
Epoch 195: loss=0.18230
Epoch 196: loss=0.18559
Epoch 197: loss=0.18562
Epoch 198: loss=0.20460
Epoch 199: loss=0.17789
Epoch 200: loss=0.19038
Training accuracy: 0.965
Test accuracy: 0.517

File list dumped

Saved in file
500 epochs recur round 2
are new values in file?
