/home/venkat/Unreliable_Synaptic_Transmission/Deepti/DOPcodes/SHD/dataset/shddataset/
The file is present.
Epoch 1: loss=0.40290
Epoch 2: loss=0.38795
Epoch 3: loss=0.36326
Epoch 4: loss=0.38401
Epoch 5: loss=0.36646
Epoch 6: loss=0.38138
Epoch 7: loss=0.36491
Epoch 8: loss=0.36866
Epoch 9: loss=0.38511
Epoch 10: loss=0.38631
Trained for 10 epochs
Training accuracy: 0.922
Epoch 1: loss=0.38424
Epoch 2: loss=0.36255
Epoch 3: loss=0.37753
Epoch 4: loss=0.38573
Epoch 5: loss=0.37245
Epoch 6: loss=0.38268
Epoch 7: loss=0.36005
Epoch 8: loss=0.36482
Epoch 9: loss=0.35362
Epoch 10: loss=0.35064
Epoch 11: loss=0.35420
Epoch 12: loss=0.35716
Epoch 13: loss=0.33790
Epoch 14: loss=0.33360
Epoch 15: loss=0.35531
Epoch 16: loss=0.33033
Epoch 17: loss=0.36169
Epoch 18: loss=0.33774
Epoch 19: loss=0.35647
Epoch 20: loss=0.33380
Epoch 21: loss=0.35786
Epoch 22: loss=0.35414
Epoch 23: loss=0.33090
Epoch 24: loss=0.33838
Epoch 25: loss=0.34114
Epoch 26: loss=0.32494
Epoch 27: loss=0.32575
Epoch 28: loss=0.33353
Epoch 29: loss=0.32661
Epoch 30: loss=0.32130
Epoch 31: loss=0.33984
Epoch 32: loss=0.32085
Epoch 33: loss=0.33412
Epoch 34: loss=0.34262
Epoch 35: loss=0.32741
Epoch 36: loss=0.31866
Epoch 37: loss=0.33633
Epoch 38: loss=0.30857
Epoch 39: loss=0.35118
Epoch 40: loss=0.32339
Epoch 41: loss=0.32908
Epoch 42: loss=0.32315
Epoch 43: loss=0.32856
Epoch 44: loss=0.31614
Epoch 45: loss=0.34557
Epoch 46: loss=0.32326
Epoch 47: loss=0.30546
Epoch 48: loss=0.32011
Epoch 49: loss=0.31202
Epoch 50: loss=0.31705
Epoch 51: loss=0.30088
Epoch 52: loss=0.30822
Epoch 53: loss=0.30185
Epoch 54: loss=0.32721
Epoch 55: loss=0.30435
Epoch 56: loss=0.32921
Epoch 57: loss=0.30111
Epoch 58: loss=0.28954
Epoch 59: loss=0.29458
Epoch 60: loss=0.31165
Epoch 61: loss=0.31138
Epoch 62: loss=0.32141
Epoch 63: loss=0.32421
Epoch 64: loss=0.30428
Epoch 65: loss=0.30613
Epoch 66: loss=0.30612
Epoch 67: loss=0.29913
Epoch 68: loss=0.29572
Epoch 69: loss=0.30342
Epoch 70: loss=0.29320
Epoch 71: loss=0.30581
Epoch 72: loss=0.29991
Epoch 73: loss=0.28886
Epoch 74: loss=0.30293
Epoch 75: loss=0.29756
Epoch 76: loss=0.31086
Epoch 77: loss=0.31005
Epoch 78: loss=0.28735
Epoch 79: loss=0.30177
Epoch 80: loss=0.29637
Epoch 81: loss=0.29236
Epoch 82: loss=0.28293
Epoch 83: loss=0.28217
Epoch 84: loss=0.29320
Epoch 85: loss=0.27455
Epoch 86: loss=0.28204
Epoch 87: loss=0.30687
Epoch 88: loss=0.27818
Epoch 89: loss=0.29882
Epoch 90: loss=0.30451
Epoch 91: loss=0.27192
Epoch 92: loss=0.29132
Epoch 93: loss=0.28488
Epoch 94: loss=0.29256
Epoch 95: loss=0.29344
Epoch 96: loss=0.28039
Epoch 97: loss=0.28327
Epoch 98: loss=0.27643
Epoch 99: loss=0.27165
Epoch 100: loss=0.28361
Epoch 101: loss=0.28270
Epoch 102: loss=0.27873
Epoch 103: loss=0.30925
Epoch 104: loss=0.27484
Epoch 105: loss=0.26522
Epoch 106: loss=0.27695
Epoch 107: loss=0.28436
Epoch 108: loss=0.28658
Epoch 109: loss=0.27960
Epoch 110: loss=0.30736
Epoch 111: loss=0.27560
Epoch 112: loss=0.30088
Epoch 113: loss=0.28538
Epoch 114: loss=0.28966
Epoch 115: loss=0.28768
Epoch 116: loss=0.28225
Epoch 117: loss=0.28306
Epoch 118: loss=0.28434
Epoch 119: loss=0.28119
Epoch 120: loss=0.29567
Epoch 121: loss=0.27551
Epoch 122: loss=0.27267
Epoch 123: loss=0.29302
Epoch 124: loss=0.28215
Epoch 125: loss=0.28508
Epoch 126: loss=0.27526
Epoch 127: loss=0.27904
Epoch 128: loss=0.27147
Epoch 129: loss=0.27950
Epoch 130: loss=0.29425
Epoch 131: loss=0.26658
Epoch 132: loss=0.27571
Epoch 133: loss=0.27801
Epoch 134: loss=0.28560
Epoch 135: loss=0.26009
Epoch 136: loss=0.27283
Epoch 137: loss=0.26490
Epoch 138: loss=0.27293
Epoch 139: loss=0.26955
Epoch 140: loss=0.27031
Epoch 141: loss=0.27340
Epoch 142: loss=0.27358
Epoch 143: loss=0.28043
Epoch 144: loss=0.28282
Epoch 145: loss=0.28240
Epoch 146: loss=0.26789
Epoch 147: loss=0.26662
Epoch 148: loss=0.27512
Epoch 149: loss=0.29330
Epoch 150: loss=0.26978
Epoch 151: loss=0.26487
Epoch 152: loss=0.26825
Epoch 153: loss=0.26745
Epoch 154: loss=0.25760
Epoch 155: loss=0.25981
Epoch 156: loss=0.29169
Epoch 157: loss=0.28354
Epoch 158: loss=0.26732
Epoch 159: loss=0.26075
Epoch 160: loss=0.27817
Epoch 161: loss=0.26991
Epoch 162: loss=0.27346
Epoch 163: loss=0.26304
Epoch 164: loss=0.25718
Epoch 165: loss=0.26533
Epoch 166: loss=0.26894
Epoch 167: loss=0.26589
Epoch 168: loss=0.25703
Epoch 169: loss=0.25507
Epoch 170: loss=0.26773
Epoch 171: loss=0.28368
Epoch 172: loss=0.26570
Epoch 173: loss=0.26465
Epoch 174: loss=0.26520
Epoch 175: loss=0.26527
Epoch 176: loss=0.25656
Epoch 177: loss=0.26178
Epoch 178: loss=0.26587
Epoch 179: loss=0.27609
Epoch 180: loss=0.26595
Epoch 181: loss=0.25676
Epoch 182: loss=0.25644
Epoch 183: loss=0.25929
Epoch 184: loss=0.25212
Epoch 185: loss=0.25442
Epoch 186: loss=0.27268
Epoch 187: loss=0.26733
Epoch 188: loss=0.26363
Epoch 189: loss=0.24196
Epoch 190: loss=0.25207
Epoch 191: loss=0.26084
Epoch 192: loss=0.24553
Epoch 193: loss=0.25826
Epoch 194: loss=0.25873
Epoch 195: loss=0.24457
Epoch 196: loss=0.26258
Epoch 197: loss=0.27476
Epoch 198: loss=0.25739
Epoch 199: loss=0.26911
Epoch 200: loss=0.25195
Training accuracy: 0.943
Test accuracy: 0.569

File list dumped

Saved in file
500 epochs recur round 2
are new values in file?
