/home/venkat/Unreliable_Synaptic_Transmission/Deepti/DOPcodes/dataset/shddataset/
File not present for network with uniform weight initialisation
Initialised with numbers from uniform distribution
Epoch 1: loss=105.24534
Epoch 2: loss=59.88999
Epoch 3: loss=35.38908
Epoch 4: loss=22.64426
Epoch 5: loss=15.00919
Epoch 6: loss=10.43975
Epoch 7: loss=8.22419
Epoch 8: loss=7.15562
Epoch 9: loss=6.22424
Epoch 10: loss=5.50453
Trained for 10 epochs
Training accuracy: 0.108
Epoch 1: loss=5.14748
Epoch 2: loss=4.81846
Epoch 3: loss=4.52084
Epoch 4: loss=4.30530
Epoch 5: loss=4.08989
Epoch 6: loss=3.92428
Epoch 7: loss=3.81397
Epoch 8: loss=3.74025
Epoch 9: loss=3.65745
Epoch 10: loss=3.55095
Epoch 11: loss=3.44601
Epoch 12: loss=3.40783
Epoch 13: loss=3.35780
Epoch 14: loss=3.33507
Epoch 15: loss=3.23925
Epoch 16: loss=3.19220
Epoch 17: loss=3.14303
Epoch 18: loss=3.07554
Epoch 19: loss=3.06519
Epoch 20: loss=3.03678
Epoch 21: loss=2.99666
Epoch 22: loss=2.96607
Epoch 23: loss=2.93437
Epoch 24: loss=2.89794
Epoch 25: loss=2.87395
Epoch 26: loss=2.85957
Epoch 27: loss=2.83952
Epoch 28: loss=2.82435
Epoch 29: loss=2.78834
Epoch 30: loss=2.77723
Epoch 31: loss=2.75768
Epoch 32: loss=2.73211
Epoch 33: loss=2.70713
Epoch 34: loss=2.69132
Epoch 35: loss=2.66872
Epoch 36: loss=2.65020
Epoch 37: loss=2.64323
Epoch 38: loss=2.62696
Epoch 39: loss=2.59936
Epoch 40: loss=2.58677
Epoch 41: loss=2.58309
Epoch 42: loss=2.55928
Epoch 43: loss=2.54688
Epoch 44: loss=2.52258
Epoch 45: loss=2.52313
Epoch 46: loss=2.51510
Epoch 47: loss=2.49813
Epoch 48: loss=2.48640
Epoch 49: loss=2.47169
Epoch 50: loss=2.45755
Epoch 51: loss=2.44919
Epoch 52: loss=2.43976
Epoch 53: loss=2.43373
Epoch 54: loss=2.41727
Epoch 55: loss=2.40299
Epoch 56: loss=2.40663
Epoch 57: loss=2.39623
Epoch 58: loss=2.38398
Epoch 59: loss=2.37114
Epoch 60: loss=2.35774
Epoch 61: loss=2.34398
Epoch 62: loss=2.34204
Epoch 63: loss=2.34102
Epoch 64: loss=2.33428
Epoch 65: loss=2.33123
Epoch 66: loss=2.31229
Epoch 67: loss=2.31801
Epoch 68: loss=2.29846
Epoch 69: loss=2.30104
Epoch 70: loss=2.28692
Epoch 71: loss=2.27214
Epoch 72: loss=2.27098
Epoch 73: loss=2.27162
Epoch 74: loss=2.26201
Epoch 75: loss=2.24326
Epoch 76: loss=2.23550
Epoch 77: loss=2.23442
Epoch 78: loss=2.22439
Epoch 79: loss=2.21625
Epoch 80: loss=2.21915
Epoch 81: loss=2.21158
Epoch 82: loss=2.20472
Epoch 83: loss=2.19252
Epoch 84: loss=2.18992
Epoch 85: loss=2.17265
Epoch 86: loss=2.17371
Epoch 87: loss=2.17472
Epoch 88: loss=2.16742
Epoch 89: loss=2.14926
Epoch 90: loss=2.15709
Epoch 91: loss=2.15302
Epoch 92: loss=2.12672
Epoch 93: loss=2.12331
Epoch 94: loss=2.12475
Epoch 95: loss=2.12065
Epoch 96: loss=2.10426
Epoch 97: loss=2.10038
Epoch 98: loss=2.09182
Epoch 99: loss=2.08940
Epoch 100: loss=2.08790
Epoch 101: loss=2.08109
Epoch 102: loss=2.06503
Epoch 103: loss=2.06926
Epoch 104: loss=2.05679
Epoch 105: loss=2.04941
Epoch 106: loss=2.04671
Epoch 107: loss=2.04042
Epoch 108: loss=2.04034
Epoch 109: loss=2.03282
Epoch 110: loss=2.02882
Epoch 111: loss=2.02687
Epoch 112: loss=2.02070
Epoch 113: loss=2.01807
Epoch 114: loss=2.00802
Epoch 115: loss=2.00767
Epoch 116: loss=2.00488
Epoch 117: loss=1.98781
Epoch 118: loss=1.99254
Epoch 119: loss=1.98098
Epoch 120: loss=1.98586
Epoch 121: loss=1.98280
Epoch 122: loss=1.96574
Epoch 123: loss=1.97465
Epoch 124: loss=1.96980
Epoch 125: loss=1.96945
Epoch 126: loss=1.95176
Epoch 127: loss=1.94795
Epoch 128: loss=1.94362
Epoch 129: loss=1.94180
Epoch 130: loss=1.93031
Epoch 131: loss=1.94174
Epoch 132: loss=1.94466
Epoch 133: loss=1.92268
Epoch 134: loss=1.91679
Epoch 135: loss=1.93056
Epoch 136: loss=1.91340
Epoch 137: loss=1.91126
Epoch 138: loss=1.92400
Epoch 139: loss=1.89992
Epoch 140: loss=1.90493
Epoch 141: loss=1.89225
Epoch 142: loss=1.89454
Epoch 143: loss=1.88807
Epoch 144: loss=1.88438
Epoch 145: loss=1.87442
Epoch 146: loss=1.87422
Epoch 147: loss=1.87519
Epoch 148: loss=1.86784
Epoch 149: loss=1.87026
Epoch 150: loss=1.85835
Epoch 151: loss=1.86052
Epoch 152: loss=1.85344
Epoch 153: loss=1.85359
Epoch 154: loss=1.84800
Epoch 155: loss=1.84348
Epoch 156: loss=1.84109
Epoch 157: loss=1.83682
Epoch 158: loss=1.83155
Epoch 159: loss=1.83239
Epoch 160: loss=1.82777
Epoch 161: loss=1.82986
Epoch 162: loss=1.83031
Epoch 163: loss=1.82116
Epoch 164: loss=1.81810
Epoch 165: loss=1.80700
Epoch 166: loss=1.80801
Epoch 167: loss=1.80550
Epoch 168: loss=1.80803
Epoch 169: loss=1.79834
Epoch 170: loss=1.79921
Epoch 171: loss=1.78951
Epoch 172: loss=1.78441
Epoch 173: loss=1.78786
Epoch 174: loss=1.78260
Epoch 175: loss=1.77261
Epoch 176: loss=1.77840
Epoch 177: loss=1.78119
Epoch 178: loss=1.77982
Epoch 179: loss=1.76210
Epoch 180: loss=1.76369
Epoch 181: loss=1.76735
Epoch 182: loss=1.76310
Epoch 183: loss=1.75115
Epoch 184: loss=1.75498
Epoch 185: loss=1.75514
Epoch 186: loss=1.74835
Epoch 187: loss=1.73903
Epoch 188: loss=1.74128
Epoch 189: loss=1.74356
Epoch 190: loss=1.74262
Epoch 191: loss=1.74147
Epoch 192: loss=1.73196
Epoch 193: loss=1.72445
Epoch 194: loss=1.74010
Epoch 195: loss=1.72441
Epoch 196: loss=1.72110
Epoch 197: loss=1.71330
Epoch 198: loss=1.72621
Epoch 199: loss=1.72423
Epoch 200: loss=1.71831
Epoch 201: loss=1.71556
Epoch 202: loss=1.70629
Epoch 203: loss=1.71009
Epoch 204: loss=1.71233
Epoch 205: loss=1.70676
Epoch 206: loss=1.70340
Epoch 207: loss=1.70243
Epoch 208: loss=1.69861
Epoch 209: loss=1.68925
Epoch 210: loss=1.69828
Epoch 211: loss=1.68591
Epoch 212: loss=1.69413
Epoch 213: loss=1.68396
Epoch 214: loss=1.68227
Epoch 215: loss=1.67695
Epoch 216: loss=1.68461
Epoch 217: loss=1.67322
Epoch 218: loss=1.67518
Epoch 219: loss=1.66750
Epoch 220: loss=1.67632
Epoch 221: loss=1.66491
Epoch 222: loss=1.66177
Epoch 223: loss=1.65121
Epoch 224: loss=1.65691
Epoch 225: loss=1.65215
Epoch 226: loss=1.65568
Epoch 227: loss=1.64958
Epoch 228: loss=1.64323
Epoch 229: loss=1.64433
Epoch 230: loss=1.64313
Epoch 231: loss=1.64879
Epoch 232: loss=1.65137
Epoch 233: loss=1.63799
Epoch 234: loss=1.64242
Epoch 235: loss=1.64484
Epoch 236: loss=1.63620
Epoch 237: loss=1.63914
Epoch 238: loss=1.63261
Epoch 239: loss=1.62377
Epoch 240: loss=1.62384
Epoch 241: loss=1.62434
Epoch 242: loss=1.62912
Epoch 243: loss=1.61903
Epoch 244: loss=1.61920
Epoch 245: loss=1.61018
Epoch 246: loss=1.61853
Epoch 247: loss=1.60983
Epoch 248: loss=1.61318
Epoch 249: loss=1.60654
Epoch 250: loss=1.60666
Epoch 251: loss=1.60996
Epoch 252: loss=1.60187
Epoch 253: loss=1.59629
Epoch 254: loss=1.59005
Epoch 255: loss=1.58938
Epoch 256: loss=1.60128
Epoch 257: loss=1.59110
Epoch 258: loss=1.59891
Epoch 259: loss=1.58851
Epoch 260: loss=1.58595
Epoch 261: loss=1.58023
Epoch 262: loss=1.58892
Epoch 263: loss=1.57562
Epoch 264: loss=1.57510
Epoch 265: loss=1.57943
Epoch 266: loss=1.57290
Epoch 267: loss=1.56975
Epoch 268: loss=1.57991
Epoch 269: loss=1.56783
Epoch 270: loss=1.56734
Epoch 271: loss=1.57701
Epoch 272: loss=1.55892
Epoch 273: loss=1.55786
Epoch 274: loss=1.56004
Epoch 275: loss=1.56019
Epoch 276: loss=1.55772
Epoch 277: loss=1.56263
Epoch 278: loss=1.55853
Epoch 279: loss=1.55942
Epoch 280: loss=1.55935
Epoch 281: loss=1.56382
Epoch 282: loss=1.55258
Epoch 283: loss=1.55062
Epoch 284: loss=1.55753
Epoch 285: loss=1.54919
Epoch 286: loss=1.54142
Epoch 287: loss=1.53982
Epoch 288: loss=1.53103
Epoch 289: loss=1.54324
Epoch 290: loss=1.54215
Epoch 291: loss=1.55106
Epoch 292: loss=1.55154
Epoch 293: loss=1.53653
Epoch 294: loss=1.52699
Epoch 295: loss=1.53485
Epoch 296: loss=1.53399
Epoch 297: loss=1.52324
Epoch 298: loss=1.53007
Epoch 299: loss=1.52630
Epoch 300: loss=1.52423
Epoch 301: loss=1.52855
Epoch 302: loss=1.52540
Epoch 303: loss=1.51571
Epoch 304: loss=1.51692
Epoch 305: loss=1.52527
Epoch 306: loss=1.51331
Epoch 307: loss=1.52006
Epoch 308: loss=1.51506
Epoch 309: loss=1.51213
Epoch 310: loss=1.50911
Epoch 311: loss=1.50872
Epoch 312: loss=1.50782
Epoch 313: loss=1.50923
Epoch 314: loss=1.50840
Epoch 315: loss=1.50569
Epoch 316: loss=1.50376
Epoch 317: loss=1.50853
Epoch 318: loss=1.50377
Epoch 319: loss=1.49880
Epoch 320: loss=1.50067
Epoch 321: loss=1.50092
Epoch 322: loss=1.49554
Epoch 323: loss=1.49589
Epoch 324: loss=1.49357
Epoch 325: loss=1.49124
Epoch 326: loss=1.48850
Epoch 327: loss=1.49171
Epoch 328: loss=1.48227
Epoch 329: loss=1.48244
Epoch 330: loss=1.48029
Epoch 331: loss=1.48254
Epoch 332: loss=1.48220
Epoch 333: loss=1.48142
Epoch 334: loss=1.47861
Epoch 335: loss=1.47158
Epoch 336: loss=1.47576
Epoch 337: loss=1.48322
Epoch 338: loss=1.48093
Epoch 339: loss=1.47817
Epoch 340: loss=1.47351
Epoch 341: loss=1.47835
Epoch 342: loss=1.47410
Epoch 343: loss=1.46587
Epoch 344: loss=1.47516
Epoch 345: loss=1.47050
Epoch 346: loss=1.46807
Epoch 347: loss=1.47329
Epoch 348: loss=1.46227
Epoch 349: loss=1.45953
Epoch 350: loss=1.46349
Epoch 351: loss=1.46553
Epoch 352: loss=1.45847
Epoch 353: loss=1.45698
Epoch 354: loss=1.45863
Epoch 355: loss=1.45642
Epoch 356: loss=1.45377
Epoch 357: loss=1.45565
Epoch 358: loss=1.45953
Epoch 359: loss=1.45959
Epoch 360: loss=1.45220
Epoch 361: loss=1.45707
Epoch 362: loss=1.44875
Epoch 363: loss=1.45288
Epoch 364: loss=1.44617
Epoch 365: loss=1.44674
Epoch 366: loss=1.44738
Epoch 367: loss=1.44853
Epoch 368: loss=1.45554
Epoch 369: loss=1.45676
Epoch 370: loss=1.45262
Epoch 371: loss=1.45336
Epoch 372: loss=1.44651
Epoch 373: loss=1.44800
Epoch 374: loss=1.43526
Epoch 375: loss=1.43575
Epoch 376: loss=1.43829
Epoch 377: loss=1.43435
Epoch 378: loss=1.43908
Epoch 379: loss=1.43257
Epoch 380: loss=1.44169
Epoch 381: loss=1.43333
Epoch 382: loss=1.43868
Epoch 383: loss=1.43112
Epoch 384: loss=1.43092
Epoch 385: loss=1.43628
Epoch 386: loss=1.43262
Epoch 387: loss=1.43901
Epoch 388: loss=1.42586
Epoch 389: loss=1.43069
Epoch 390: loss=1.42586
Epoch 391: loss=1.42937
Epoch 392: loss=1.41559
Epoch 393: loss=1.41833
Epoch 394: loss=1.43142
Epoch 395: loss=1.42472
Epoch 396: loss=1.42240
Epoch 397: loss=1.41916
Epoch 398: loss=1.41823
Epoch 399: loss=1.42713
Epoch 400: loss=1.41884
Epoch 401: loss=1.40785
Epoch 402: loss=1.42238
Epoch 403: loss=1.41823
Epoch 404: loss=1.40787
Epoch 405: loss=1.41924
Epoch 406: loss=1.41516
Epoch 407: loss=1.41743
Epoch 408: loss=1.40948
Epoch 409: loss=1.41112
Epoch 410: loss=1.40395
Epoch 411: loss=1.40555
Epoch 412: loss=1.40475
Epoch 413: loss=1.40837
Epoch 414: loss=1.41881
Epoch 415: loss=1.40986
Epoch 416: loss=1.40151
Epoch 417: loss=1.40819
Epoch 418: loss=1.40432
Epoch 419: loss=1.40398
Epoch 420: loss=1.40062
Epoch 421: loss=1.40926
Epoch 422: loss=1.40227
Epoch 423: loss=1.40815
Epoch 424: loss=1.39528
Epoch 425: loss=1.39326
Epoch 426: loss=1.39877
Epoch 427: loss=1.40802
Epoch 428: loss=1.39858
Epoch 429: loss=1.39994
Epoch 430: loss=1.40006
Epoch 431: loss=1.39366
Epoch 432: loss=1.39081
Epoch 433: loss=1.39417
Epoch 434: loss=1.40069
Epoch 435: loss=1.39948
Epoch 436: loss=1.39476
Epoch 437: loss=1.38793
Epoch 438: loss=1.39280
Epoch 439: loss=1.39381
Epoch 440: loss=1.38479
Epoch 441: loss=1.38914
Epoch 442: loss=1.38564
Epoch 443: loss=1.38477
Epoch 444: loss=1.39024
Epoch 445: loss=1.37821
Epoch 446: loss=1.38800
Epoch 447: loss=1.38441
Epoch 448: loss=1.38413
Epoch 449: loss=1.37434
Epoch 450: loss=1.38385
Epoch 451: loss=1.38620
Epoch 452: loss=1.37870
Epoch 453: loss=1.38289
Epoch 454: loss=1.37618
Epoch 455: loss=1.37656
Epoch 456: loss=1.37758
Epoch 457: loss=1.38452
Epoch 458: loss=1.38099
Epoch 459: loss=1.37601
Epoch 460: loss=1.37224
Epoch 461: loss=1.37498
Epoch 462: loss=1.37894
Epoch 463: loss=1.37285
Epoch 464: loss=1.37357
Epoch 465: loss=1.37886
Epoch 466: loss=1.36552
Epoch 467: loss=1.36391
Epoch 468: loss=1.36217
Epoch 469: loss=1.36993
Epoch 470: loss=1.36294
Epoch 471: loss=1.37071
Epoch 472: loss=1.37078
Epoch 473: loss=1.35730
Epoch 474: loss=1.36670
Epoch 475: loss=1.36356
Epoch 476: loss=1.36293
Epoch 477: loss=1.36164
Epoch 478: loss=1.36441
Epoch 479: loss=1.35694
Epoch 480: loss=1.35636
Epoch 481: loss=1.35139
Epoch 482: loss=1.36149
Epoch 483: loss=1.36464
Epoch 484: loss=1.36252
Epoch 485: loss=1.37105
Epoch 486: loss=1.35584
Epoch 487: loss=1.35030
Epoch 488: loss=1.35980
Epoch 489: loss=1.35864
Epoch 490: loss=1.35358
Epoch 491: loss=1.35117
Epoch 492: loss=1.35163
Epoch 493: loss=1.35504
Epoch 494: loss=1.35725
Epoch 495: loss=1.36094
Epoch 496: loss=1.34389
Epoch 497: loss=1.34764
Epoch 498: loss=1.34971
Epoch 499: loss=1.34684
Epoch 500: loss=1.35283
Epoch 501: loss=1.35004
Epoch 502: loss=1.34480
Epoch 503: loss=1.35024
Epoch 504: loss=1.34930
Epoch 505: loss=1.35352
Epoch 506: loss=1.34322
Epoch 507: loss=1.35308
Epoch 508: loss=1.34299
Epoch 509: loss=1.34473
Epoch 510: loss=1.35151
Epoch 511: loss=1.34076
Epoch 512: loss=1.34546
Epoch 513: loss=1.34046
Epoch 514: loss=1.34931
Epoch 515: loss=1.33248
Epoch 516: loss=1.34739
Epoch 517: loss=1.34279
Epoch 518: loss=1.33055
Epoch 519: loss=1.33959
Epoch 520: loss=1.33924
Epoch 521: loss=1.33700
Epoch 522: loss=1.33709
Epoch 523: loss=1.34294
Epoch 524: loss=1.33354
Epoch 525: loss=1.33901
Epoch 526: loss=1.34715
Epoch 527: loss=1.33782
Epoch 528: loss=1.33247
Epoch 529: loss=1.33052
Epoch 530: loss=1.32927
Epoch 531: loss=1.33709
Epoch 532: loss=1.33583
Epoch 533: loss=1.33244
Epoch 534: loss=1.33422
Epoch 535: loss=1.33539
Epoch 536: loss=1.32674
Epoch 537: loss=1.32396
Epoch 538: loss=1.33540
Epoch 539: loss=1.33001
Epoch 540: loss=1.32684
Epoch 541: loss=1.32884
Epoch 542: loss=1.33429
Epoch 543: loss=1.33327
Epoch 544: loss=1.32589
Epoch 545: loss=1.34020
Epoch 546: loss=1.32606
Epoch 547: loss=1.32035
Epoch 548: loss=1.32898
Epoch 549: loss=1.32043
Epoch 550: loss=1.31578
Epoch 551: loss=1.32258
Epoch 552: loss=1.32418
Epoch 553: loss=1.32382
Epoch 554: loss=1.31501
Epoch 555: loss=1.31789
Epoch 556: loss=1.31504
Epoch 557: loss=1.31277
Epoch 558: loss=1.31560
Epoch 559: loss=1.31220
Epoch 560: loss=1.31359
Epoch 561: loss=1.32127
Epoch 562: loss=1.31035
Epoch 563: loss=1.31588
Epoch 564: loss=1.31785
Epoch 565: loss=1.31120
Epoch 566: loss=1.31600
Epoch 567: loss=1.30907
Epoch 568: loss=1.30626
Epoch 569: loss=1.30941
Epoch 570: loss=1.31463
Epoch 571: loss=1.30475
Epoch 572: loss=1.31486
Epoch 573: loss=1.30413
Epoch 574: loss=1.30114
Epoch 575: loss=1.30219
Epoch 576: loss=1.31000
Epoch 577: loss=1.31830
Epoch 578: loss=1.31094
Epoch 579: loss=1.30387
Epoch 580: loss=1.30645
Epoch 581: loss=1.31030
Epoch 582: loss=1.31107
Epoch 583: loss=1.30983
Epoch 584: loss=1.30411
Epoch 585: loss=1.30709
Epoch 586: loss=1.30427
Epoch 587: loss=1.30764
Epoch 588: loss=1.30434
Epoch 589: loss=1.30043
Epoch 590: loss=1.30343
Epoch 591: loss=1.30313
Epoch 592: loss=1.30375
Epoch 593: loss=1.29802
Epoch 594: loss=1.30954
Epoch 595: loss=1.30478
Epoch 596: loss=1.29275
Epoch 597: loss=1.29795
Epoch 598: loss=1.30339
Epoch 599: loss=1.30579
Epoch 600: loss=1.29253
Epoch 601: loss=1.28909
Epoch 602: loss=1.30221
Epoch 603: loss=1.29882
Epoch 604: loss=1.30156
Epoch 605: loss=1.29188
Epoch 606: loss=1.28993
Epoch 607: loss=1.29300
Epoch 608: loss=1.29878
Epoch 609: loss=1.29290
Epoch 610: loss=1.29775
Epoch 611: loss=1.29326
Epoch 612: loss=1.30012
Epoch 613: loss=1.29459
Epoch 614: loss=1.28927
Epoch 615: loss=1.29281
Epoch 616: loss=1.29165
Epoch 617: loss=1.29144
Epoch 618: loss=1.28415
Epoch 619: loss=1.29829
Epoch 620: loss=1.29325
Epoch 621: loss=1.28976
Epoch 622: loss=1.29032
Epoch 623: loss=1.29240
Epoch 624: loss=1.28999
Epoch 625: loss=1.28573
Epoch 626: loss=1.28735
Epoch 627: loss=1.28917
Epoch 628: loss=1.29267
Epoch 629: loss=1.28921
Epoch 630: loss=1.28637
Epoch 631: loss=1.29555
Epoch 632: loss=1.28043
Epoch 633: loss=1.27874
Epoch 634: loss=1.28888
Epoch 635: loss=1.28645
Epoch 636: loss=1.29206
Epoch 637: loss=1.28804
Epoch 638: loss=1.29021
Epoch 639: loss=1.28624
Epoch 640: loss=1.28319
Epoch 641: loss=1.28329
Epoch 642: loss=1.29708
Epoch 643: loss=1.28933
Epoch 644: loss=1.29093
Epoch 645: loss=1.28350
Epoch 646: loss=1.28762
Epoch 647: loss=1.28396
Epoch 648: loss=1.27863
Epoch 649: loss=1.27715
Epoch 650: loss=1.28508
Epoch 651: loss=1.28429
Epoch 652: loss=1.28274
Epoch 653: loss=1.28790
Epoch 654: loss=1.29075
Epoch 655: loss=1.28064
Epoch 656: loss=1.28749
Epoch 657: loss=1.28672
Epoch 658: loss=1.28517
Epoch 659: loss=1.28434
Epoch 660: loss=1.28221
Epoch 661: loss=1.28064
Epoch 662: loss=1.28615
Epoch 663: loss=1.28059
Epoch 664: loss=1.28495
Epoch 665: loss=1.28568
Epoch 666: loss=1.28107
Epoch 667: loss=1.27907
Epoch 668: loss=1.27803
Epoch 669: loss=1.27193
Epoch 670: loss=1.26966
Epoch 671: loss=1.27697
Epoch 672: loss=1.27444
Epoch 673: loss=1.27988
Epoch 674: loss=1.27986
Epoch 675: loss=1.27880
Epoch 676: loss=1.27926
Epoch 677: loss=1.27473
Epoch 678: loss=1.27698
Epoch 679: loss=1.26301
Epoch 680: loss=1.27265
Epoch 681: loss=1.27956
Epoch 682: loss=1.27983
Epoch 683: loss=1.27624
Epoch 684: loss=1.27946
Epoch 685: loss=1.27813
Epoch 686: loss=1.27400
Epoch 687: loss=1.26117
Epoch 688: loss=1.27108
Epoch 689: loss=1.27047
Epoch 690: loss=1.26984
Epoch 691: loss=1.26834
Epoch 692: loss=1.27200
Epoch 693: loss=1.27670
Epoch 694: loss=1.27158
Epoch 695: loss=1.26918
Epoch 696: loss=1.27349
Epoch 697: loss=1.27038
Epoch 698: loss=1.26593
Epoch 699: loss=1.27770
Epoch 700: loss=1.26764
Epoch 701: loss=1.27375
Epoch 702: loss=1.26813
Epoch 703: loss=1.26916
Epoch 704: loss=1.26533
Epoch 705: loss=1.26852
Epoch 706: loss=1.26468
Epoch 707: loss=1.26366
Epoch 708: loss=1.26555
Epoch 709: loss=1.25877
Epoch 710: loss=1.27181
Epoch 711: loss=1.26209
Epoch 712: loss=1.26304
Epoch 713: loss=1.26879
Epoch 714: loss=1.25822
Epoch 715: loss=1.26232
Epoch 716: loss=1.25983
Epoch 717: loss=1.26310
Epoch 718: loss=1.25801
Epoch 719: loss=1.25307
Epoch 720: loss=1.25834
Epoch 721: loss=1.26530
Epoch 722: loss=1.26154
Epoch 723: loss=1.26350
Epoch 724: loss=1.26309
Epoch 725: loss=1.25851
Epoch 726: loss=1.25731
Epoch 727: loss=1.25780
Epoch 728: loss=1.26116
Epoch 729: loss=1.26268
Epoch 730: loss=1.26513
Epoch 731: loss=1.25229
Epoch 732: loss=1.25495
Epoch 733: loss=1.25539
Epoch 734: loss=1.26424
Epoch 735: loss=1.26870
Epoch 736: loss=1.26817
Epoch 737: loss=1.26631
Epoch 738: loss=1.26166
Epoch 739: loss=1.25514
Epoch 740: loss=1.25108
Epoch 741: loss=1.25970
Epoch 742: loss=1.26637
Epoch 743: loss=1.25835
Epoch 744: loss=1.26121
Epoch 745: loss=1.25214
Epoch 746: loss=1.25908
Epoch 747: loss=1.25189
Epoch 748: loss=1.25436
Epoch 749: loss=1.25256
Epoch 750: loss=1.24949
Epoch 751: loss=1.25226
Epoch 752: loss=1.25197
Epoch 753: loss=1.25178
Epoch 754: loss=1.25733
Epoch 755: loss=1.24934
Epoch 756: loss=1.24917
Epoch 757: loss=1.24833
Epoch 758: loss=1.25057
Epoch 759: loss=1.25639
Epoch 760: loss=1.24958
Epoch 761: loss=1.24763
Epoch 762: loss=1.25644
Epoch 763: loss=1.25338
Epoch 764: loss=1.25934
Epoch 765: loss=1.24463
Epoch 766: loss=1.25087
Epoch 767: loss=1.24784
Epoch 768: loss=1.25480
Epoch 769: loss=1.24448
Epoch 770: loss=1.25126
Epoch 771: loss=1.25868
Epoch 772: loss=1.25346
Epoch 773: loss=1.24397
Epoch 774: loss=1.24076
Epoch 775: loss=1.25036
Epoch 776: loss=1.24541
Epoch 777: loss=1.25570
Epoch 778: loss=1.23763
Epoch 779: loss=1.24475
Epoch 780: loss=1.24675
Epoch 781: loss=1.24938
Epoch 782: loss=1.25079
Epoch 783: loss=1.24400
Epoch 784: loss=1.24008
Epoch 785: loss=1.25102
Epoch 786: loss=1.24265
Epoch 787: loss=1.24685
Epoch 788: loss=1.25387
Epoch 789: loss=1.25561
Epoch 790: loss=1.23861
Epoch 791: loss=1.24290
Epoch 792: loss=1.24092
Epoch 793: loss=1.24141
Epoch 794: loss=1.24060
Epoch 795: loss=1.24387
Epoch 796: loss=1.24483
Epoch 797: loss=1.24850
Epoch 798: loss=1.24810
Epoch 799: loss=1.24486
Epoch 800: loss=1.23991
Training accuracy: 0.644
Test accuracy: 0.419

File list dumped

Saved in file
[5.1474784266564155, 4.818459972258537, 4.520844721025036, 4.305302189242456, 4.089887788218837, 3.9242794129156295, 3.813966812626008, 3.740249933735017, 3.6574546367891374, 3.5509549494712584, 3.446011604801301, 3.407826723590974, 3.357797215061803, 3.3350747246896066, 3.2392544823308147, 3.192201698980024, 3.143026098128288, 3.075537166287822, 3.0651934839064077, 3.0367812571987027, 2.9966578099035446, 2.966073989868164, 2.934371563696092, 2.897938774478051, 2.873947189700219, 2.859573256584906, 2.8395224848101215, 2.8243516875851538, 2.788341922144736, 2.7772301627743627, 2.7576816774183706, 2.732113907414098, 2.707125517629808, 2.6913201039837253, 2.6687214374542236, 2.6502042970349713, 2.6432259390431065, 2.626955862968199, 2.5993592508377565, 2.5867685810212167, 2.58309498909981, 2.5592801340164675, 2.5468801452267553, 2.522579300788141, 2.523132231927687, 2.515104716823947, 2.4981348745284544, 2.4863996351918867, 2.4716876168404855, 2.457549002862746, 2.4491880093851397, 2.4397591006371284, 2.4337281411693943, 2.417273106113557, 2.402988987584268, 2.4066348768049672, 2.396231512869558, 2.383979812745125, 2.3711415336978052, 2.3577350647218767, 2.3439813583127913, 2.3420446688129055, 2.341018607539515, 2.3342834364983345, 2.331233932125953, 2.3122901224320933, 2.3180115453658567, 2.2984600682412424, 2.30104184919788, 2.2869183248089207, 2.272137249669721, 2.27097814313827, 2.2716151129814888, 2.2620109896506033, 2.2432590223127797, 2.2354968055602042, 2.234415561922135, 2.224391498873311, 2.2162520270193777, 2.219154957802065, 2.2115766694468837, 2.2047218276608374, 2.192516069258413, 2.1899188564669703, 2.1726517831125567, 2.1737106923134095, 2.174715180550852, 2.1674171955354753, 2.149257525320976, 2.1570939402426443, 2.153022950695407, 2.126717540525621, 2.123312903988746, 2.1247453804939025, 2.120651122062437, 2.1042587834019817, 2.100378644081854, 2.0918180481080086, 2.089398991677069, 2.087896693137384, 2.0810855742423766, 2.065034635605351, 2.069259297463202, 2.0567906325863254, 2.049408551185362, 2.046710556553256, 2.0404183787684285, 2.040339646800872, 2.032819959425157, 2.028824952340895, 2.026870939039415, 2.0207001047749675, 2.0180657948217084, 2.008016413257968, 2.007671440801313, 2.004880262959388, 1.9878106155703146, 1.9925432166745585, 1.9809826650927145, 1.9858597786195817, 1.9828040753641436, 1.9657383118906329, 1.974648375664988, 1.9697995416579708, 1.969451981206094, 1.9517561389553932, 1.9479506092686807, 1.9436196627155427, 1.9418042744359663, 1.9303064577041134, 1.9417354137666765, 1.9446622017891175, 1.9226777861195226, 1.9167943692976428, 1.9305600466266755, 1.9134020805358887, 1.9112613508778233, 1.9239960716616722, 1.8999222824650426, 1.9049260039483347, 1.892246373238102, 1.8945350877700313, 1.8880741365494267, 1.884377033479752, 1.874422965511199, 1.8742203789372598, 1.8751937304773638, 1.8678410553163098, 1.8702612576946136, 1.858346377649615, 1.860515825210079, 1.8534401309105657, 1.8535948722593245, 1.8480002649368779, 1.8434844209301857, 1.841089214048078, 1.8368203986075617, 1.8315545397420083, 1.8323897507882887, 1.8277683796421174, 1.8298587645253828, 1.8303107984604374, 1.8211635658817906, 1.8180978990370227, 1.8070034288590955, 1.8080111626655824, 1.8054993614073722, 1.8080265791185441, 1.798341005079208, 1.7992075258685696, 1.7895055740110335, 1.7844139952813425, 1.7878619240176292, 1.782601667988685, 1.772607603380757, 1.7783970986643145, 1.7811936293878863, 1.7798232570771249, 1.7621043574425481, 1.763687183780055, 1.7673469435784124, 1.7631016431316253, 1.7511501812165784, 1.7549794450882943, 1.7551412928488948, 1.7483486552392282, 1.7390347757647115, 1.7412794713051087, 1.7435602680329354, 1.7426197413475282, 1.741466349171054, 1.731964192082805, 1.724446342837426, 1.7400964306246849, 1.7244104339230446, 1.7211028568206295, 1.7132979285332464, 1.7262121938890027, 1.7242295395943426, 1.7183071144165531, 1.7155612284137356, 1.7062900604740265, 1.710086949409977, 1.712333740726594, 1.706763655908646, 1.7034043150563394, 1.7024257990621752, 1.698606252670288, 1.689254868415094, 1.698281095873925, 1.6859097211591658, 1.694131624314093, 1.683955850139741, 1.6822747876567226, 1.676946836133157, 1.6846090093735726, 1.6732166159537532, 1.67517682813829, 1.6675048681997484, 1.6763191607690626, 1.6649131890266173, 1.661765290844825, 1.6512051243935861, 1.656913407387272, 1.6521478468371975, 1.655680779487856, 1.6495817515157885, 1.643225585260699, 1.6443336125343078, 1.6431331557612265, 1.6487858026258406, 1.6513676643371582, 1.63798749831415, 1.642417807732859, 1.6448423131819694, 1.636197893850265, 1.639138364022778, 1.6326058910739036, 1.623766295371517, 1.6238405127679147, 1.624342268513095, 1.6291185809719948, 1.6190339865223053, 1.6191983069142988, 1.610183265901381, 1.6185260049758419, 1.6098266109343498, 1.6131844520568848, 1.6065368883071407, 1.606660500649483, 1.6099577757620043, 1.6018746399110364, 1.5962852508791032, 1.5900459558733049, 1.589376126566241, 1.6012776743981145, 1.5910985585181945, 1.5989052903267644, 1.5885057987705353, 1.5859484711000997, 1.5802281172044816, 1.5889198933878252, 1.5756244236423123, 1.5750995912859518, 1.5794252772485056, 1.572903271644346, 1.569752243257338, 1.5799126086696502, 1.5678261633842223, 1.5673351249387186, 1.5770144231857792, 1.5589182876771497, 1.5578570904270295, 1.560040654674653, 1.5601859400349278, 1.5577166811112435, 1.5626330375671387, 1.5585287847826559, 1.5594197319399925, 1.55934517229757, 1.5638185662607993, 1.5525809064988167, 1.5506157798151816, 1.5575299339909707, 1.549193251517511, 1.5414166219772831, 1.5398227591668405, 1.5310263672182638, 1.5432362825639787, 1.5421462366657872, 1.5510600920646422, 1.5515393134086364, 1.5365302216622136, 1.5269890216089064, 1.5348508473365539, 1.5339946400734685, 1.5232363593193792, 1.530073458148587, 1.526296450245765, 1.5242250119486163, 1.528548071461339, 1.5253966931373841, 1.5157076197285806, 1.5169243120378064, 1.5252697006348641, 1.5133066215822775, 1.5200615890564457, 1.515055529532894, 1.512125918942113, 1.509111831265111, 1.508717163916557, 1.5078249862117152, 1.5092299138346026, 1.5083985559401973, 1.5056886211518319, 1.50375622318637, 1.5085334470195155, 1.5037685901887956, 1.4988028657051824, 1.500671129072866, 1.5009207494797245, 1.4955438221654584, 1.4958863681362522, 1.4935736040915213, 1.491241708878548, 1.4884992453359789, 1.4917070904085714, 1.4822678681342834, 1.4824429904260943, 1.480291812650619, 1.482539492268716, 1.4821978153720978, 1.481424920020565, 1.47860627020559, 1.471575871590645, 1.475757202794475, 1.483215589677134, 1.4809327279367754, 1.4781684452487576, 1.473510980606079, 1.4783541925491825, 1.4740963635906097, 1.4658709110752228, 1.475156964794282, 1.4705036840131205, 1.468065869423651, 1.4732893282367336, 1.4622675680345105, 1.4595347950535436, 1.463489867025806, 1.4655313068820583, 1.4584656030901018, 1.4569806283520115, 1.4586324730227072, 1.4564186526883034, 1.4537716488684378, 1.4556525945663452, 1.4595268426402923, 1.4595917232574955, 1.452196974908152, 1.457067278123671, 1.4487538645344396, 1.4528844702628352, 1.4461715798224173, 1.4467433460297123, 1.4473783585333055, 1.4485306701352518, 1.4555377344931326, 1.4567605680035007, 1.4526162262885802, 1.4533552085199664, 1.446511899271319, 1.4479962010537424, 1.435257065680719, 1.4357455199764622, 1.4382937185225948, 1.4343464489906066, 1.439075889125947, 1.4325686923919185, 1.4416903218915385, 1.433334242913031, 1.4386781146449428, 1.4311176423103578, 1.4309166208390267, 1.4362831538723362, 1.4326154147425005, 1.4390093857242214, 1.4258600896404636, 1.430694491632523, 1.425859393612031, 1.4293710954727665, 1.4155901209000619, 1.4183292273552186, 1.4314160923804007, 1.4247235367375035, 1.4224024511152698, 1.4191589932287894, 1.4182348905071136, 1.4271316374501875, 1.4188399161061933, 1.4078469468701271, 1.4223812741618003, 1.4182343521425802, 1.4078682430328862, 1.4192425474043815, 1.4151643668451617, 1.4174273129432433, 1.4094848440539451, 1.4111189765314902, 1.4039468919077227, 1.4055490147682927, 1.4047464324582009, 1.408371433135002, 1.4188084794629006, 1.4098603340887255, 1.4015140571901876, 1.4081916539899764, 1.4043176674073743, 1.4039771172308153, 1.4006233984424221, 1.4092597884516562, 1.402272093680597, 1.408145623822366, 1.3952810687403525, 1.3932586139248264, 1.3987702938818163, 1.4080161202338435, 1.3985755405118387, 1.3999402446131552, 1.4000625994897657, 1.393660468439902, 1.3908114548652404, 1.394168250022396, 1.40068559492788, 1.399482334813764, 1.3947613008560673, 1.387930166336798, 1.3927974739382345, 1.3938080187766784, 1.3847862366707093, 1.3891401444711993, 1.3856369987610848, 1.3847691974332255, 1.390242745799403, 1.3782115290241856, 1.3880034646680277, 1.384410846617914, 1.3841279091373566, 1.374341626321116, 1.383851578158717, 1.3861969209486438, 1.3786975452976842, 1.3828915088407454, 1.376183525208504, 1.3765643142884778, 1.3775772510036346, 1.3845234378691642, 1.3809910820376488, 1.3760115292764479, 1.3722355135025517, 1.3749829223079066, 1.3789420166323263, 1.372849702835083, 1.3735709151914042, 1.3788573549639793, 1.365516266515178, 1.3639088138457267, 1.362168800446295, 1.3699266333733835, 1.362938661729136, 1.3707083079122728, 1.3707795873765023, 1.3572972666832708, 1.3667023066551454, 1.3635553544567478, 1.3629328743104012, 1.361640876339328, 1.3644067010571879, 1.3569425190648725, 1.356361077677819, 1.3513891581566102, 1.361490426524993, 1.364640216673574, 1.3625154995149182, 1.3710533188235374, 1.3558362145577707, 1.350295978207742, 1.3597962010291316, 1.3586408592039538, 1.3535816323372625, 1.3511676942148516, 1.351631345287446, 1.3550382775645102, 1.3572468488447127, 1.360938460596146, 1.3438873637107112, 1.347643729179136, 1.3497083687013196, 1.3468369091710737, 1.3528250917311637, 1.35004335834134, 1.3447954654693604, 1.350242764719071, 1.349303695463365, 1.3535242580598401, 1.3432215952104138, 1.353076123422192, 1.3429888063861477, 1.3447334958660988, 1.3515105401315997, 1.3407613308198991, 1.3454569731989214, 1.3404562165660243, 1.3493073678785754, 1.3324773696161085, 1.347385710285556, 1.342789649963379, 1.3305527087180846, 1.3395937604288901, 1.339243192826548, 1.3370031695212088, 1.3370866660148866, 1.3429378540285173, 1.3335362518987348, 1.3390105885844077, 1.347153575189652, 1.337824652271886, 1.3324701247676727, 1.3305216412390433, 1.3292728470217796, 1.3370886041272072, 1.3358283196726153, 1.3324434103504303, 1.334222170614427, 1.33539451706794, 1.3267378384067166, 1.3239572663461008, 1.3354039961291897, 1.3300080068649784, 1.3268357246152815, 1.3288382868612967, 1.3342864744124874, 1.3332743106349823, 1.3258854689136628, 1.3402020969698507, 1.32606428669345, 1.3203515621923632, 1.3289832453573904, 1.320428729057312, 1.3157819509506226, 1.3225771996282762, 1.3241825296032814, 1.3238194757892239, 1.3150131548604658, 1.3178947125711749, 1.3150424688093123, 1.312767347981853, 1.3156005720938406, 1.312198192842545, 1.313586954147585, 1.3212718444485818, 1.3103498181989115, 1.315879306485576, 1.317854631331659, 1.311195069743741, 1.3160037302201795, 1.3090654457769086, 1.30625993205655, 1.3094068842549478, 1.3146341846835228, 1.3047488235658216, 1.3148613629802581, 1.304127416303081, 1.3011370551201604, 1.302191807377723, 1.3099965933830506, 1.318302527550728, 1.3109436535066175, 1.3038730775156329, 1.3064530395692395, 1.310297469938955, 1.3110735108775478, 1.3098336842752272, 1.3041068238596762, 1.307089001901688, 1.3042653991330055, 1.30763808373482, 1.3043350904218611, 1.3004284212666173, 1.3034276077824254, 1.303128050219628, 1.3037454966575868, 1.2980246428520448, 1.3095433827369445, 1.3047812177288918, 1.2927543232517857, 1.2979474106142599, 1.3033875919157458, 1.3057942044350408, 1.292527525655685, 1.2890908064380768, 1.3022054049276537, 1.2988220953172254, 1.301564512714263, 1.2918786156562068, 1.2899281209514988, 1.2930000328248548, 1.2987840290992492, 1.2928998278033348, 1.2977493270750968, 1.2932610434870566, 1.3001179079855643, 1.2945858047854515, 1.2892686051707114, 1.2928089518700876, 1.291651721923582, 1.2914363568828953, 1.284151807908089, 1.2982903411311488, 1.2932482457930041, 1.2897644465969456, 1.2903237265925254, 1.29239688381072, 1.2899872910591863, 1.285732303896258, 1.287348758789801, 1.2891725570924821, 1.292666192977659, 1.2892061279666038, 1.2863736998650335, 1.2955542341355355, 1.2804348737962785, 1.2787430824772004, 1.2888835783927672, 1.2864474827243435, 1.2920558144969325, 1.2880364848721413, 1.290214265546491, 1.2862359054626957, 1.2831925576733005, 1.283294589288773, 1.2970833163107596, 1.2893343279438634, 1.2909256758228425, 1.2834951031592585, 1.2876182448479436, 1.2839595771604968, 1.2786345135781072, 1.277149531149095, 1.2850839207249303, 1.2842914558226062, 1.2827442807535971, 1.2879049393438524, 1.2907474540895032, 1.2806398330196258, 1.287493771122348, 1.28672416363993, 1.2851739660386117, 1.2843398932487733, 1.2822067852943175, 1.2806436438714304, 1.2861471483784337, 1.2805912956114738, 1.2849485220447663, 1.2856806708920387, 1.2810700631910754, 1.2790702196859545, 1.2780273191390499, 1.2719343054679133, 1.2696645567494054, 1.2769706749146985, 1.274435447108361, 1.2798834885320356, 1.279857135588123, 1.2787984532694663, 1.2792585203724522, 1.2747319436842395, 1.2769813268415389, 1.2630063564546647, 1.2726518915545555, 1.2795580240987963, 1.2798264180460284, 1.276244786477858, 1.2794587919788976, 1.2781322771503079, 1.2739987411806661, 1.2611713409423828, 1.2710820244204613, 1.2704746069446686, 1.2698419055631083, 1.268339260931938, 1.2719967865174817, 1.2766954322015085, 1.271583495601531, 1.2691816399174352, 1.2734874640741656, 1.2703816621534285, 1.2659319677660543, 1.2777042619643673, 1.2676401099851053, 1.2737454791222849, 1.2681342555630593, 1.2691626702585528, 1.2653349291893743, 1.268522024154663, 1.2646841118412633, 1.2636645840060325, 1.2655544127187421, 1.258768500820283, 1.2718138983172755, 1.2620898639002154, 1.2630414962768555, 1.268787226369304, 1.2582211994355725, 1.26232054925734, 1.2598266217016405, 1.2630962171862203, 1.2580097221559094, 1.2530657129902993, 1.2583360018268708, 1.265301316015182, 1.2615379556532829, 1.2635044244027906, 1.263091787215202, 1.2585109049274075, 1.257313524523089, 1.2577951646620227, 1.2611558783438899, 1.2626776426069197, 1.2651318080963627, 1.2522897604973084, 1.2549462702966505, 1.2553850412368774, 1.2642391766271284, 1.2687037029573995, 1.2681711527609056, 1.2663147834039503, 1.261663486880641, 1.255136993623549, 1.2510780595964002, 1.2596968104762416, 1.2663700657506143, 1.2583535448197396, 1.2612127527113883, 1.2521383070176648, 1.2590826865165465, 1.251893324236716, 1.2543624947147984, 1.252555824095203, 1.2494925683544529, 1.2522639189997027, 1.2519671724688621, 1.251777252843303, 1.2573312674799273, 1.2493378962239912, 1.249166723220579, 1.2483299201534641, 1.2505671285813855, 1.256388114344689, 1.2495802448641868, 1.2476329957285235, 1.256436817107662, 1.2533812369069746, 1.2593436894878265, 1.2446341822224278, 1.2508701585954236, 1.2478354554022513, 1.254799246788025, 1.2444810021308161, 1.2512632531504477, 1.2586839814339914, 1.2534558215448934, 1.243973974258669, 1.2407620030064737, 1.250360035127209, 1.2454108634302694, 1.2556976387577672, 1.237626302626825, 1.2447530069658834, 1.2467467592608543, 1.249377235289543, 1.250794445314715, 1.2440033074348205, 1.2400814371724282, 1.251022881077182, 1.242647974721847, 1.2468539476394653, 1.2538711486324188, 1.2556131155260148, 1.2386075258255005, 1.2429020597088722, 1.240922774038007, 1.2414136509741507, 1.2406032700692453, 1.243865651469077, 1.2448282818640433, 1.2484983244249899, 1.2480952662806357, 1.244864490724379, 1.2399067340358612]
500 epochs recur round 1
are new values in file?
